[ 2015-04-03T12:37:17+08:00 ] 0.0.0.0 /thinkphp3.1/index.php?m=JobsInfo&a=index&jid=26
NOTIC: 建议使用I方法替代_get

[ 2015-04-03T12:37:20+08:00 ] 0.0.0.0 /thinkphp3.1/index.php?m=ApplyJob&a=apply
INFO: [ app_begin ] --START--
INFO: ReadHtmlCache Behavior ::run [ RunTime:0.000517s ]
INFO: [ app_begin ] --END-- [ RunTime:0.000626s ]

[ 2015-04-03T12:40:28+08:00 ] 0.0.0.0 /thinkphp3.1/index.php?m=ChangeCity&a=ChangeCity&aid=5
INFO: [ app_begin ] --START--
INFO: ReadHtmlCache Behavior ::run [ RunTime:0.000444s ]
INFO: [ app_begin ] --END-- [ RunTime:0.000536s ]
NOTIC: 建议使用I方法替代_get
SQL: SHOW COLUMNS FROM `xm_address` [ RunTime:0.004943s ]
NOTIC: 建议使用I方法替代_get
SQL: SELECT `city`,`area` FROM `xm_address` WHERE ( aid=5 ) LIMIT 1   [ RunTime:0.000528s ]

[ 2015-04-03T12:40:47+08:00 ] 0.0.0.0 /thinkphp3.1/index.php?m=JobsInfo&a=index&jid=22
NOTIC: 建议使用I方法替代_get

[ 2015-04-03T12:40:51+08:00 ] 0.0.0.0 /thinkphp3.1/index.php?m=ApplyJob&a=apply
INFO: [ app_begin ] --START--
INFO: ReadHtmlCache Behavior ::run [ RunTime:0.000524s ]
INFO: [ app_begin ] --END-- [ RunTime:0.000633s ]

[ 2015-04-03T12:41:07+08:00 ] 0.0.0.0 /thinkphp3.1/index.php?m=Login&a=login
INFO: [ app_begin ] --START--
INFO: ReadHtmlCache Behavior ::run [ RunTime:0.000759s ]
INFO: [ app_begin ] --END-- [ RunTime:0.000888s ]
NOTIC: 建议使用I方法替代_post
NOTIC: 建议使用I方法替代_post
NOTIC: 建议使用I方法替代_post
NOTIC: [8] Undefined variable: passwd D:\wamp\www\ThinkPHP3.1\Lib\Action\LoginAction.class.php 第 35 行.
SQL: SHOW COLUMNS FROM `xm_users` [ RunTime:0.034711s ]
SQL: SHOW COLUMNS FROM `xm_orgs` [ RunTime:0.032537s ]
SQL: SELECT `uid` FROM `xm_users` WHERE ( email='1451583383@qq.com' ) LIMIT 1   [ RunTime:0.000268s ]
SQL: SELECT `uid`,`username` FROM `xm_users` WHERE ( email='1451583383@qq.com' AND passwd='21232f297a57a5a743894a0e4a801fc3' ) LIMIT 1   [ RunTime:0.000234s ]

[ 2015-04-03T12:41:16+08:00 ] 0.0.0.0 /thinkphp3.1/index.php?m=JobsInfo&a=index&jid=26
NOTIC: 建议使用I方法替代_get

[ 2015-04-03T12:41:58+08:00 ] 0.0.0.0 /thinkphp3.1/index.php?m=JobsInfo&a=index&jid=19
NOTIC: 建议使用I方法替代_get

[ 2015-04-03T12:42:02+08:00 ] 0.0.0.0 /thinkphp3.1/index.php?m=ApplyJob&a=apply
INFO: [ app_begin ] --START--
INFO: ReadHtmlCache Behavior ::run [ RunTime:0.000474s ]
INFO: [ app_begin ] --END-- [ RunTime:0.000569s ]
SQL: SHOW COLUMNS FROM `xm_apply` [ RunTime:0.033907s ]
SQL: SELECT * FROM `xm_apply` WHERE ( app_uid=1 AND app_jid=19 ) LIMIT 1   [ RunTime:0.000286s ]
SQL: INSERT INTO `xm_apply` (`app_uid`,`app_jid`,`ctime`) VALUES (1,19,1428036122) [ RunTime:0.125566s ]

[ 2015-04-03T13:02:35+08:00 ] 0.0.0.0 /thinkphp3.1/index.php?m=Login&a=login
INFO: [ app_begin ] --START--
INFO: ReadHtmlCache Behavior ::run [ RunTime:0.000756s ]
INFO: [ app_begin ] --END-- [ RunTime:0.000895s ]
NOTIC: 建议使用I方法替代_post

[ 2015-04-03T13:02:43+08:00 ] 0.0.0.0 /thinkphp3.1/index.php?m=Login&a=login
INFO: [ app_begin ] --START--
INFO: ReadHtmlCache Behavior ::run [ RunTime:0.000475s ]
INFO: [ app_begin ] --END-- [ RunTime:0.000576s ]
NOTIC: 建议使用I方法替代_post
NOTIC: 建议使用I方法替代_post
NOTIC: 建议使用I方法替代_post
NOTIC: [8] Undefined variable: passwd D:\wamp\www\ThinkPHP3.1\Lib\Action\LoginAction.class.php 第 35 行.
SQL: SHOW COLUMNS FROM `xm_users` [ RunTime:0.005969s ]
SQL: SHOW COLUMNS FROM `xm_orgs` [ RunTime:0.004653s ]
SQL: SELECT `uid` FROM `xm_users` WHERE ( email='123@qq.com' ) LIMIT 1   [ RunTime:0.000306s ]
SQL: SELECT `oid` FROM `xm_orgs` WHERE ( email='123@qq.com' ) LIMIT 1   [ RunTime:0.000221s ]
SQL: SELECT `orgname` FROM `xm_orgs` WHERE ( email='123@qq.com'AND passwd='21232f297a57a5a743894a0e4a801fc3' ) LIMIT 1   [ RunTime:0.000220s ]

[ 2015-04-03T13:03:04+08:00 ] 0.0.0.0 /thinkphp3.1/index.php?m=JobsInfo&a=index&jid=26
NOTIC: 建议使用I方法替代_get

[ 2015-04-03T16:26:29+08:00 ] 0.0.0.0 /thinkphp3.1/index.php?m=Login&a=login
INFO: [ app_begin ] --START--
INFO: ReadHtmlCache Behavior ::run [ RunTime:0.000776s ]
INFO: [ app_begin ] --END-- [ RunTime:0.000899s ]
NOTIC: 建议使用I方法替代_post
NOTIC: 建议使用I方法替代_post
NOTIC: 建议使用I方法替代_post
NOTIC: [8] Undefined variable: passwd D:\wamp\www\ThinkPHP3.1\Lib\Action\LoginAction.class.php 第 35 行.
SQL: SHOW COLUMNS FROM `xm_users` [ RunTime:0.007921s ]
SQL: SHOW COLUMNS FROM `xm_orgs` [ RunTime:0.007311s ]
SQL: SELECT `uid` FROM `xm_users` WHERE ( email='123@qq.com' ) LIMIT 1   [ RunTime:0.000303s ]
SQL: SELECT `oid` FROM `xm_orgs` WHERE ( email='123@qq.com' ) LIMIT 1   [ RunTime:0.000185s ]
SQL: SELECT `orgname` FROM `xm_orgs` WHERE ( email='123@qq.com'AND passwd='062af77ea3850e6078c64c71ff142b2e' ) LIMIT 1   [ RunTime:0.000253s ]

[ 2015-04-03T16:26:54+08:00 ] 0.0.0.0 /thinkphp3.1/index.php?m=Login&a=login
INFO: [ app_begin ] --START--
INFO: ReadHtmlCache Behavior ::run [ RunTime:0.000600s ]
INFO: [ app_begin ] --END-- [ RunTime:0.000723s ]
NOTIC: 建议使用I方法替代_post
NOTIC: 建议使用I方法替代_post
NOTIC: 建议使用I方法替代_post
NOTIC: [8] Undefined variable: passwd D:\wamp\www\ThinkPHP3.1\Lib\Action\LoginAction.class.php 第 35 行.
SQL: SHOW COLUMNS FROM `xm_users` [ RunTime:0.072860s ]
SQL: SHOW COLUMNS FROM `xm_orgs` [ RunTime:0.004483s ]
SQL: SELECT `uid` FROM `xm_users` WHERE ( email='123@qq.com' ) LIMIT 1   [ RunTime:0.000282s ]
SQL: SELECT `oid` FROM `xm_orgs` WHERE ( email='123@qq.com' ) LIMIT 1   [ RunTime:0.000212s ]
SQL: SELECT `orgname` FROM `xm_orgs` WHERE ( email='123@qq.com'AND passwd='21232f297a57a5a743894a0e4a801fc3' ) LIMIT 1   [ RunTime:0.000218s ]

[ 2015-04-03T16:27:07+08:00 ] 0.0.0.0 /thinkphp3.1/index.php?m=JobsInfo&a=index&jid=26
NOTIC: 建议使用I方法替代_get

[ 2015-04-03T16:27:09+08:00 ] 0.0.0.0 /thinkphp3.1/index.php?m=ApplyJob&a=apply
INFO: [ app_begin ] --START--
INFO: ReadHtmlCache Behavior ::run [ RunTime:0.000608s ]
INFO: [ app_begin ] --END-- [ RunTime:0.000708s ]

[ 2015-04-03T16:27:29+08:00 ] 0.0.0.0 /thinkphp3.1/index.php?m=Login&a=login
INFO: [ app_begin ] --START--
INFO: ReadHtmlCache Behavior ::run [ RunTime:0.000665s ]
INFO: [ app_begin ] --END-- [ RunTime:0.000776s ]
NOTIC: 建议使用I方法替代_post
NOTIC: 建议使用I方法替代_post
NOTIC: 建议使用I方法替代_post
NOTIC: [8] Undefined variable: passwd D:\wamp\www\ThinkPHP3.1\Lib\Action\LoginAction.class.php 第 35 行.
SQL: SHOW COLUMNS FROM `xm_users` [ RunTime:0.005286s ]
SQL: SHOW COLUMNS FROM `xm_orgs` [ RunTime:0.004522s ]
SQL: SELECT `uid` FROM `xm_users` WHERE ( email='1451583383@qq.com' ) LIMIT 1   [ RunTime:0.000282s ]
SQL: SELECT `uid`,`username` FROM `xm_users` WHERE ( email='1451583383@qq.com' AND passwd='21232f297a57a5a743894a0e4a801fc3' ) LIMIT 1   [ RunTime:0.000266s ]

[ 2015-04-03T16:27:58+08:00 ] 0.0.0.0 /thinkphp3.1/index.php?m=Login&a=login
INFO: [ app_begin ] --START--
INFO: ReadHtmlCache Behavior ::run [ RunTime:0.000874s ]
INFO: [ app_begin ] --END-- [ RunTime:0.001042s ]
NOTIC: 建议使用I方法替代_post

[ 2015-04-03T16:28:05+08:00 ] 0.0.0.0 /thinkphp3.1/index.php?m=Login&a=login
INFO: [ app_begin ] --START--
INFO: ReadHtmlCache Behavior ::run [ RunTime:0.000513s ]
INFO: [ app_begin ] --END-- [ RunTime:0.000628s ]
NOTIC: 建议使用I方法替代_post
NOTIC: 建议使用I方法替代_post
NOTIC: 建议使用I方法替代_post
NOTIC: [8] Undefined variable: passwd D:\wamp\www\ThinkPHP3.1\Lib\Action\LoginAction.class.php 第 35 行.
SQL: SHOW COLUMNS FROM `xm_users` [ RunTime:0.005498s ]
SQL: SHOW COLUMNS FROM `xm_orgs` [ RunTime:0.010551s ]
SQL: SELECT `uid` FROM `xm_users` WHERE ( email='123@qq.com' ) LIMIT 1   [ RunTime:0.000293s ]
SQL: SELECT `oid` FROM `xm_orgs` WHERE ( email='123@qq.com' ) LIMIT 1   [ RunTime:0.000212s ]
SQL: SELECT `orgname` FROM `xm_orgs` WHERE ( email='123@qq.com'AND passwd='062af77ea3850e6078c64c71ff142b2e' ) LIMIT 1   [ RunTime:0.000230s ]

[ 2015-04-03T16:28:14+08:00 ] 0.0.0.0 /thinkphp3.1/index.php?m=Login&a=login
INFO: [ app_begin ] --START--
INFO: ReadHtmlCache Behavior ::run [ RunTime:0.000446s ]
INFO: [ app_begin ] --END-- [ RunTime:0.000545s ]
NOTIC: 建议使用I方法替代_post
NOTIC: 建议使用I方法替代_post
NOTIC: 建议使用I方法替代_post
NOTIC: [8] Undefined variable: passwd D:\wamp\www\ThinkPHP3.1\Lib\Action\LoginAction.class.php 第 35 行.
SQL: SHOW COLUMNS FROM `xm_users` [ RunTime:0.004994s ]
SQL: SHOW COLUMNS FROM `xm_orgs` [ RunTime:0.004325s ]
SQL: SELECT `uid` FROM `xm_users` WHERE ( email='123@qq.com' ) LIMIT 1   [ RunTime:0.000279s ]
SQL: SELECT `oid` FROM `xm_orgs` WHERE ( email='123@qq.com' ) LIMIT 1   [ RunTime:0.000212s ]
SQL: SELECT `orgname` FROM `xm_orgs` WHERE ( email='123@qq.com'AND passwd='062af77ea3850e6078c64c71ff142b2e' ) LIMIT 1   [ RunTime:0.000227s ]

[ 2015-04-03T16:28:28+08:00 ] 0.0.0.0 /thinkphp3.1/index.php?m=Login&a=login
INFO: [ app_begin ] --START--
INFO: ReadHtmlCache Behavior ::run [ RunTime:0.000607s ]
INFO: [ app_begin ] --END-- [ RunTime:0.000719s ]
NOTIC: 建议使用I方法替代_post
NOTIC: 建议使用I方法替代_post
NOTIC: 建议使用I方法替代_post
NOTIC: [8] Undefined variable: passwd D:\wamp\www\ThinkPHP3.1\Lib\Action\LoginAction.class.php 第 35 行.
SQL: SHOW COLUMNS FROM `xm_users` [ RunTime:0.006450s ]
SQL: SHOW COLUMNS FROM `xm_orgs` [ RunTime:0.004690s ]
SQL: SELECT `uid` FROM `xm_users` WHERE ( email='123@qq.com' ) LIMIT 1   [ RunTime:0.000293s ]
SQL: SELECT `oid` FROM `xm_orgs` WHERE ( email='123@qq.com' ) LIMIT 1   [ RunTime:0.000214s ]
SQL: SELECT `orgname` FROM `xm_orgs` WHERE ( email='123@qq.com'AND passwd='21232f297a57a5a743894a0e4a801fc3' ) LIMIT 1   [ RunTime:0.000219s ]

[ 2015-04-03T16:39:30+08:00 ] 0.0.0.0 /thinkphp3.1/index.php?m=OrgCenter&a=JobInfo&jid=1
ERR: 非法操作:JobInfo

[ 2015-04-03T16:40:03+08:00 ] 0.0.0.0 /thinkphp3.1/index.php?m=OrgCenter&a=JobsInfo&jid=1
ERR: 非法操作:JobsInfo

[ 2015-04-03T16:40:06+08:00 ] 0.0.0.0 /thinkphp3.1/index.php?m=OrgCenter&a=JobsInfo&jid=1
ERR: 非法操作:JobsInfo

[ 2015-04-03T16:40:32+08:00 ] 0.0.0.0 /thinkphp3.1/index.php?m=JobsInfo&a=index&jid=1
NOTIC: 建议使用I方法替代_get

[ 2015-04-03T17:39:25+08:00 ] 0.0.0.0 /thinkphp3.1/index.php?m=OrgCenter&a=editInfo
ERR: 模板不存在[D:/wamp/www/ThinkPHP3.1/Tpl/bootstrap/OrgCenter/editInfo.html]

[ 2015-04-03T18:37:13+08:00 ] 0.0.0.0 /thinkphp3.1/index.php?m=JobsInfo&a=index&jid=1
NOTIC: 建议使用I方法替代_get

[ 2015-04-03T18:37:56+08:00 ] 0.0.0.0 /thinkphp3.1/index.php?m=JobsInfo&a=index&jid=1
NOTIC: 建议使用I方法替代_get

[ 2015-04-03T18:38:14+08:00 ] 0.0.0.0 /thinkphp3.1/index.php?m=JobsInfo&a=index&jid=1
NOTIC: 建议使用I方法替代_get

[ 2015-04-03T18:38:41+08:00 ] 0.0.0.0 /thinkphp3.1/index.php?m=ChangeCity&a=ChangeCity&aid=2
INFO: [ app_begin ] --START--
INFO: ReadHtmlCache Behavior ::run [ RunTime:0.000649s ]
INFO: [ app_begin ] --END-- [ RunTime:0.000746s ]
NOTIC: 建议使用I方法替代_get
SQL: SHOW COLUMNS FROM `xm_address` [ RunTime:0.004649s ]
NOTIC: 建议使用I方法替代_get
SQL: SELECT `city`,`area` FROM `xm_address` WHERE ( aid=2 ) LIMIT 1   [ RunTime:0.000336s ]

[ 2015-04-03T18:39:08+08:00 ] 0.0.0.0 /thinkphp3.1/index.php?m=PublishJobs&a=insert
INFO: [ app_begin ] --START--
INFO: ReadHtmlCache Behavior ::run [ RunTime:0.000677s ]
INFO: [ app_begin ] --END-- [ RunTime:0.000792s ]
SQL: SHOW COLUMNS FROM `xm_jobs` [ RunTime:0.004843s ]

