[ 2015-03-14T15:40:48+08:00 ] 0.0.0.0 /thinkphp3.1/
INFO: [ app_begin ] --START--
INFO: ReadHtmlCache Behavior ::run [ RunTime:0.023791s ]
INFO: [ app_begin ] --END-- [ RunTime:0.029089s ]
INFO: [ view_parse ] --START--
INFO: ParseTemplate Behavior ::run [ RunTime:0.015999s ]
INFO: [ view_parse ] --END-- [ RunTime:0.016138s ]
INFO: [ view_filter ] --START--
INFO: ContentReplace Behavior ::run [ RunTime:0.000620s ]
INFO: TokenBuild Behavior ::run [ RunTime:0.000638s ]
INFO: WriteHtmlCache Behavior ::run [ RunTime:0.000514s ]
INFO: ShowRuntime Behavior ::run [ RunTime:0.000722s ]
INFO: [ view_filter ] --END-- [ RunTime:0.002779s ]
INFO: [ view_end ] --START--
INFO: ShowPageTrace Behavior ::run [ RunTime:0.000946s ]
INFO: [ view_end ] --END-- [ RunTime:0.001054s ]

[ 2015-03-14T18:40:53+08:00 ] 0.0.0.0 /thinkphp3.1/
INFO: [ app_begin ] --START--
INFO: ReadHtmlCache Behavior ::run [ RunTime:0.015570s ]
INFO: [ app_begin ] --END-- [ RunTime:0.015715s ]
INFO: [ view_parse ] --START--
INFO: ParseTemplate Behavior ::run [ RunTime:0.036732s ]
INFO: [ view_parse ] --END-- [ RunTime:0.036870s ]
INFO: [ view_filter ] --START--
INFO: ContentReplace Behavior ::run [ RunTime:0.000590s ]
INFO: TokenBuild Behavior ::run [ RunTime:0.000668s ]
INFO: WriteHtmlCache Behavior ::run [ RunTime:0.000482s ]
INFO: ShowRuntime Behavior ::run [ RunTime:0.000689s ]
INFO: [ view_filter ] --END-- [ RunTime:0.002734s ]
INFO: [ view_end ] --START--
INFO: ShowPageTrace Behavior ::run [ RunTime:0.000801s ]
INFO: [ view_end ] --END-- [ RunTime:0.000899s ]

