[ 2015-04-02T08:16:58+08:00 ] 0.0.0.0 /thinkphp3.1/index.php?m=Login&a=login
INFO: [ app_begin ] --START--
INFO: ReadHtmlCache Behavior ::run [ RunTime:0.000470s ]
INFO: [ app_begin ] --END-- [ RunTime:0.000567s ]
NOTIC: 建议使用I方法替代_post

[ 2015-04-02T08:17:05+08:00 ] 0.0.0.0 /thinkphp3.1/index.php?m=Login&a=login
INFO: [ app_begin ] --START--
INFO: ReadHtmlCache Behavior ::run [ RunTime:0.000843s ]
INFO: [ app_begin ] --END-- [ RunTime:0.001043s ]
NOTIC: 建议使用I方法替代_post
NOTIC: 建议使用I方法替代_post
NOTIC: 建议使用I方法替代_post
NOTIC: [8] Undefined variable: passwd D:\wamp\www\ThinkPHP3.1\Lib\Action\LoginAction.class.php 第 35 行.
SQL: SHOW COLUMNS FROM `xm_users` [ RunTime:0.011210s ]
SQL: SHOW COLUMNS FROM `xm_orgs` [ RunTime:0.017776s ]
SQL: SELECT `uid` FROM `xm_users` WHERE ( email='123@qq.com' ) LIMIT 1   [ RunTime:0.000353s ]
SQL: SELECT `oid` FROM `xm_orgs` WHERE ( email='123@qq.com' ) LIMIT 1   [ RunTime:0.000220s ]
SQL: SELECT `orgname` FROM `xm_orgs` WHERE ( email='123@qq.com'AND passwd='21232f297a57a5a743894a0e4a801fc3' ) LIMIT 1   [ RunTime:0.000224s ]

[ 2015-04-02T08:17:17+08:00 ] 0.0.0.0 /thinkphp3.1/index.php?m=PublishJobs&a=insert
INFO: [ app_begin ] --START--
INFO: ReadHtmlCache Behavior ::run [ RunTime:0.000633s ]
INFO: [ app_begin ] --END-- [ RunTime:0.000730s ]
SQL: SHOW COLUMNS FROM `xm_jobs` [ RunTime:0.004764s ]

[ 2015-04-02T08:17:49+08:00 ] 0.0.0.0 /thinkphp3.1/index.php?m=Login&a=login
INFO: [ app_begin ] --START--
INFO: ReadHtmlCache Behavior ::run [ RunTime:0.000467s ]
INFO: [ app_begin ] --END-- [ RunTime:0.000558s ]
NOTIC: 建议使用I方法替代_post
NOTIC: 建议使用I方法替代_post
NOTIC: 建议使用I方法替代_post
NOTIC: [8] Undefined variable: passwd D:\wamp\www\ThinkPHP3.1\Lib\Action\LoginAction.class.php 第 35 行.
SQL: SHOW COLUMNS FROM `xm_users` [ RunTime:0.004649s ]
SQL: SHOW COLUMNS FROM `xm_orgs` [ RunTime:0.005927s ]
SQL: SELECT `uid` FROM `xm_users` WHERE ( email='1451583383@qq.com' ) LIMIT 1   [ RunTime:0.000313s ]
SQL: SELECT `uid`,`username` FROM `xm_users` WHERE ( email='1451583383@qq.com' AND passwd='21232f297a57a5a743894a0e4a801fc3' ) LIMIT 1   [ RunTime:0.000230s ]

[ 2015-04-02T08:18:30+08:00 ] 0.0.0.0 /thinkphp3.1/index.php?m=UserCenter&a=updateInfo
INFO: [ app_begin ] --START--
INFO: ReadHtmlCache Behavior ::run [ RunTime:0.000933s ]
INFO: [ app_begin ] --END-- [ RunTime:0.001107s ]
NOTIC: [2] Invalid argument supplied for foreach() D:\wamp\www\ThinkPHP3.1\Lib\Action\UserCenterAction.class.php 第 28 行.
SQL: SHOW COLUMNS FROM `xm_users` [ RunTime:0.005675s ]
NOTIC: 建议使用I方法替代_post
NOTIC: 建议使用I方法替代_post
NOTIC: 建议使用I方法替代_post
SQL: SHOW COLUMNS FROM `xm_address` [ RunTime:0.073491s ]
SQL: SELECT `aid` FROM `xm_address` WHERE ( province='山东' AND city='烟台' AND area='芝罘区' ) LIMIT 1   [ RunTime:0.000284s ]
NOTIC: [8] Undefined offset: 2 D:\wamp\www\ThinkPHP3.1\ThinkPHP\Lib\Core\Model.class.php 第 962 行.
NOTIC: [8] Undefined offset: 2 D:\wamp\www\ThinkPHP3.1\ThinkPHP\Lib\Core\Model.class.php 第 962 行.
NOTIC: [8] Undefined offset: 1 D:\wamp\www\ThinkPHP3.1\ThinkPHP\Lib\Core\Model.class.php 第 1057 行.
NOTIC: [2] preg_match() [<a href='function.preg-match'>function.preg-match</a>]: Empty regular expression D:\wamp\www\ThinkPHP3.1\ThinkPHP\Lib\Core\Model.class.php 第 883 行.
NOTIC: [8] Undefined offset: 2 D:\wamp\www\ThinkPHP3.1\ThinkPHP\Lib\Core\Model.class.php 第 1004 行.

[ 2015-04-02T08:20:52+08:00 ] 0.0.0.0 /thinkphp3.1/index.php?m=UserCenter&a=updateInfo
INFO: [ app_begin ] --START--
INFO: ReadHtmlCache Behavior ::run [ RunTime:0.000592s ]
INFO: [ app_begin ] --END-- [ RunTime:0.000695s ]
NOTIC: [2] Invalid argument supplied for foreach() D:\wamp\www\ThinkPHP3.1\Lib\Action\UserCenterAction.class.php 第 28 行.
SQL: SHOW COLUMNS FROM `xm_users` [ RunTime:0.004787s ]
NOTIC: 建议使用I方法替代_post
NOTIC: 建议使用I方法替代_post
NOTIC: 建议使用I方法替代_post
SQL: SHOW COLUMNS FROM `xm_address` [ RunTime:0.004253s ]
SQL: SELECT `aid` FROM `xm_address` WHERE ( province='山东' AND city='烟台' AND area='芝罘区' ) LIMIT 1   [ RunTime:0.000289s ]
NOTIC: [8] Undefined variable: data D:\wamp\www\ThinkPHP3.1\Lib\Action\UserCenterAction.class.php 第 52 行.
NOTIC: [8] Undefined offset: 2 D:\wamp\www\ThinkPHP3.1\ThinkPHP\Lib\Core\Model.class.php 第 962 行.
NOTIC: [8] Undefined offset: 2 D:\wamp\www\ThinkPHP3.1\ThinkPHP\Lib\Core\Model.class.php 第 962 行.
NOTIC: [8] Undefined offset: 1 D:\wamp\www\ThinkPHP3.1\ThinkPHP\Lib\Core\Model.class.php 第 1057 行.
NOTIC: [2] preg_match() [<a href='function.preg-match'>function.preg-match</a>]: Empty regular expression D:\wamp\www\ThinkPHP3.1\ThinkPHP\Lib\Core\Model.class.php 第 883 行.
NOTIC: [8] Undefined offset: 2 D:\wamp\www\ThinkPHP3.1\ThinkPHP\Lib\Core\Model.class.php 第 1004 行.

[ 2015-04-02T08:20:58+08:00 ] 0.0.0.0 /thinkphp3.1/index.php?m=UserCenter&a=updateInfo
INFO: [ app_begin ] --START--
INFO: ReadHtmlCache Behavior ::run [ RunTime:0.000603s ]
INFO: [ app_begin ] --END-- [ RunTime:0.000694s ]
NOTIC: [2] Invalid argument supplied for foreach() D:\wamp\www\ThinkPHP3.1\Lib\Action\UserCenterAction.class.php 第 28 行.
SQL: SHOW COLUMNS FROM `xm_users` [ RunTime:0.005016s ]
NOTIC: 建议使用I方法替代_post
NOTIC: 建议使用I方法替代_post
NOTIC: 建议使用I方法替代_post
SQL: SHOW COLUMNS FROM `xm_address` [ RunTime:0.004522s ]
SQL: SELECT `aid` FROM `xm_address` WHERE ( province='山东' AND city='烟台' AND area='芝罘区' ) LIMIT 1   [ RunTime:0.000283s ]
NOTIC: [8] Undefined variable: data D:\wamp\www\ThinkPHP3.1\Lib\Action\UserCenterAction.class.php 第 52 行.
NOTIC: [8] Undefined offset: 2 D:\wamp\www\ThinkPHP3.1\ThinkPHP\Lib\Core\Model.class.php 第 962 行.
NOTIC: [8] Undefined offset: 2 D:\wamp\www\ThinkPHP3.1\ThinkPHP\Lib\Core\Model.class.php 第 962 行.
NOTIC: [8] Undefined offset: 1 D:\wamp\www\ThinkPHP3.1\ThinkPHP\Lib\Core\Model.class.php 第 1057 行.
NOTIC: [2] preg_match() [<a href='function.preg-match'>function.preg-match</a>]: Empty regular expression D:\wamp\www\ThinkPHP3.1\ThinkPHP\Lib\Core\Model.class.php 第 883 行.
NOTIC: [8] Undefined offset: 2 D:\wamp\www\ThinkPHP3.1\ThinkPHP\Lib\Core\Model.class.php 第 1004 行.

[ 2015-04-02T08:21:13+08:00 ] 0.0.0.0 /thinkphp3.1/index.php?m=UserCenter&a=updateInfo
INFO: [ app_begin ] --START--
INFO: ReadHtmlCache Behavior ::run [ RunTime:0.000569s ]
INFO: [ app_begin ] --END-- [ RunTime:0.000680s ]
NOTIC: [2] Invalid argument supplied for foreach() D:\wamp\www\ThinkPHP3.1\Lib\Action\UserCenterAction.class.php 第 28 行.
SQL: SHOW COLUMNS FROM `xm_users` [ RunTime:0.005087s ]
NOTIC: 建议使用I方法替代_post
NOTIC: 建议使用I方法替代_post
NOTIC: 建议使用I方法替代_post
SQL: SHOW COLUMNS FROM `xm_address` [ RunTime:0.004366s ]
SQL: SELECT `aid` FROM `xm_address` WHERE ( province='山东' AND city='烟台' AND area='芝罘区' ) LIMIT 1   [ RunTime:0.000288s ]
NOTIC: [8] Undefined offset: 2 D:\wamp\www\ThinkPHP3.1\ThinkPHP\Lib\Core\Model.class.php 第 962 行.
NOTIC: [8] Undefined offset: 2 D:\wamp\www\ThinkPHP3.1\ThinkPHP\Lib\Core\Model.class.php 第 962 行.
NOTIC: [8] Undefined offset: 1 D:\wamp\www\ThinkPHP3.1\ThinkPHP\Lib\Core\Model.class.php 第 1057 行.
NOTIC: [2] preg_match() [<a href='function.preg-match'>function.preg-match</a>]: Empty regular expression D:\wamp\www\ThinkPHP3.1\ThinkPHP\Lib\Core\Model.class.php 第 883 行.
NOTIC: [8] Undefined offset: 2 D:\wamp\www\ThinkPHP3.1\ThinkPHP\Lib\Core\Model.class.php 第 1004 行.

[ 2015-04-02T08:22:38+08:00 ] 0.0.0.0 /thinkphp3.1/index.php?m=UserCenter&a=updateInfo
INFO: [ app_begin ] --START--
INFO: ReadHtmlCache Behavior ::run [ RunTime:0.000482s ]
INFO: [ app_begin ] --END-- [ RunTime:0.000580s ]
NOTIC: [2] Invalid argument supplied for foreach() D:\wamp\www\ThinkPHP3.1\Lib\Action\UserCenterAction.class.php 第 29 行.
SQL: SHOW COLUMNS FROM `xm_users` [ RunTime:0.005133s ]
NOTIC: 建议使用I方法替代_post
NOTIC: 建议使用I方法替代_post
NOTIC: 建议使用I方法替代_post
SQL: SHOW COLUMNS FROM `xm_address` [ RunTime:0.004717s ]
SQL: SELECT `aid` FROM `xm_address` WHERE ( province='山东' AND city='烟台' AND area='芝罘区' ) LIMIT 1   [ RunTime:0.000295s ]
NOTIC: [8] Undefined offset: 2 D:\wamp\www\ThinkPHP3.1\ThinkPHP\Lib\Core\Model.class.php 第 962 行.
NOTIC: [8] Undefined offset: 2 D:\wamp\www\ThinkPHP3.1\ThinkPHP\Lib\Core\Model.class.php 第 962 行.
NOTIC: [8] Undefined offset: 1 D:\wamp\www\ThinkPHP3.1\ThinkPHP\Lib\Core\Model.class.php 第 1057 行.
NOTIC: [2] preg_match() [<a href='function.preg-match'>function.preg-match</a>]: Empty regular expression D:\wamp\www\ThinkPHP3.1\ThinkPHP\Lib\Core\Model.class.php 第 883 行.
NOTIC: [8] Undefined offset: 2 D:\wamp\www\ThinkPHP3.1\ThinkPHP\Lib\Core\Model.class.php 第 1004 行.

[ 2015-04-02T08:22:58+08:00 ] 0.0.0.0 /thinkphp3.1/index.php?m=UserCenter&a=updateInfo
INFO: [ app_begin ] --START--
INFO: ReadHtmlCache Behavior ::run [ RunTime:0.000443s ]
INFO: [ app_begin ] --END-- [ RunTime:0.000534s ]
NOTIC: [2] Invalid argument supplied for foreach() D:\wamp\www\ThinkPHP3.1\Lib\Action\UserCenterAction.class.php 第 29 行.
SQL: SHOW COLUMNS FROM `xm_users` [ RunTime:0.004833s ]
NOTIC: 建议使用I方法替代_post
NOTIC: 建议使用I方法替代_post
NOTIC: 建议使用I方法替代_post
SQL: SHOW COLUMNS FROM `xm_address` [ RunTime:0.004833s ]
SQL: SELECT `aid` FROM `xm_address` WHERE ( province='山东' AND city='烟台' AND area='芝罘区' ) LIMIT 1   [ RunTime:0.000298s ]

[ 2015-04-02T08:23:24+08:00 ] 0.0.0.0 /thinkphp3.1/index.php?m=UserCenter&a=updateInfo
INFO: [ app_begin ] --START--
INFO: ReadHtmlCache Behavior ::run [ RunTime:0.000636s ]
INFO: [ app_begin ] --END-- [ RunTime:0.000727s ]
SQL: SHOW COLUMNS FROM `xm_users` [ RunTime:0.005388s ]
NOTIC: 建议使用I方法替代_post
NOTIC: 建议使用I方法替代_post
NOTIC: 建议使用I方法替代_post
SQL: SHOW COLUMNS FROM `xm_address` [ RunTime:0.004292s ]
SQL: SELECT `aid` FROM `xm_address` WHERE ( province='山东' AND city='烟台' AND area='芝罘区' ) LIMIT 1   [ RunTime:0.000294s ]

[ 2015-04-02T08:23:55+08:00 ] 0.0.0.0 /thinkphp3.1/index.php?m=UserCenter&a=updateInfo
INFO: [ app_begin ] --START--
INFO: ReadHtmlCache Behavior ::run [ RunTime:0.000439s ]
INFO: [ app_begin ] --END-- [ RunTime:0.000528s ]
SQL: SHOW COLUMNS FROM `xm_users` [ RunTime:0.004999s ]
NOTIC: 建议使用I方法替代_post
NOTIC: 建议使用I方法替代_post
NOTIC: 建议使用I方法替代_post
SQL: SHOW COLUMNS FROM `xm_address` [ RunTime:0.004450s ]
SQL: SELECT `aid` FROM `xm_address` WHERE ( province='山东' AND city='烟台' AND area='芝罘区' ) LIMIT 1   [ RunTime:0.000276s ]

[ 2015-04-02T08:24:03+08:00 ] 0.0.0.0 /thinkphp3.1/index.php?m=UserCenter&a=updateInfo
INFO: [ app_begin ] --START--
INFO: ReadHtmlCache Behavior ::run [ RunTime:0.000448s ]
INFO: [ app_begin ] --END-- [ RunTime:0.000549s ]
SQL: SHOW COLUMNS FROM `xm_users` [ RunTime:0.005133s ]
NOTIC: 建议使用I方法替代_post
NOTIC: 建议使用I方法替代_post
NOTIC: 建议使用I方法替代_post
SQL: SHOW COLUMNS FROM `xm_address` [ RunTime:0.004884s ]
SQL: SELECT `aid` FROM `xm_address` WHERE ( province='山东' AND city='烟台' AND area='芝罘区' ) LIMIT 1   [ RunTime:0.000297s ]

[ 2015-04-02T08:26:03+08:00 ] 0.0.0.0 /thinkphp3.1/index.php?m=UserCenter&a=updateInfo
INFO: [ app_begin ] --START--
INFO: ReadHtmlCache Behavior ::run [ RunTime:0.000612s ]
INFO: [ app_begin ] --END-- [ RunTime:0.000705s ]
SQL: SHOW COLUMNS FROM `xm_users` [ RunTime:0.005093s ]
NOTIC: 建议使用I方法替代_post
NOTIC: 建议使用I方法替代_post
NOTIC: 建议使用I方法替代_post
SQL: SHOW COLUMNS FROM `xm_address` [ RunTime:0.004425s ]
SQL: SELECT `aid` FROM `xm_address` WHERE ( province='山东' AND city='烟台' AND area='芝罘区' ) LIMIT 1   [ RunTime:0.000348s ]

[ 2015-04-02T08:26:19+08:00 ] 0.0.0.0 /thinkphp3.1/index.php?m=UserCenter&a=updateInfo
INFO: [ app_begin ] --START--
INFO: ReadHtmlCache Behavior ::run [ RunTime:0.000565s ]
INFO: [ app_begin ] --END-- [ RunTime:0.000654s ]
SQL: SHOW COLUMNS FROM `xm_users` [ RunTime:0.005111s ]
NOTIC: 建议使用I方法替代_post
NOTIC: 建议使用I方法替代_post
NOTIC: 建议使用I方法替代_post
SQL: SHOW COLUMNS FROM `xm_address` [ RunTime:0.004623s ]
SQL: SELECT `aid` FROM `xm_address` WHERE ( province='山东' AND city='烟台' AND area='芝罘区' ) LIMIT 1   [ RunTime:0.000278s ]

[ 2015-04-02T08:35:05+08:00 ] 0.0.0.0 /thinkphp3.1/index.php?m=UserCenter&a=updateInfo
INFO: [ app_begin ] --START--
INFO: ReadHtmlCache Behavior ::run [ RunTime:0.000584s ]
INFO: [ app_begin ] --END-- [ RunTime:0.000676s ]
SQL: SHOW COLUMNS FROM `xm_users` [ RunTime:0.005502s ]
NOTIC: 建议使用I方法替代_post
NOTIC: 建议使用I方法替代_post
NOTIC: 建议使用I方法替代_post
SQL: SHOW COLUMNS FROM `xm_address` [ RunTime:0.004354s ]
SQL: SELECT `aid` FROM `xm_address` WHERE ( province='山东' AND city='烟台' AND area='芝罘区' ) LIMIT 1   [ RunTime:0.000289s ]

[ 2015-04-02T08:35:21+08:00 ] 0.0.0.0 /thinkphp3.1/index.php?m=UserCenter&a=updateInfo
INFO: [ app_begin ] --START--
INFO: ReadHtmlCache Behavior ::run [ RunTime:0.000632s ]
INFO: [ app_begin ] --END-- [ RunTime:0.000724s ]
SQL: SHOW COLUMNS FROM `xm_users` [ RunTime:0.005132s ]
NOTIC: 建议使用I方法替代_post
NOTIC: 建议使用I方法替代_post
NOTIC: 建议使用I方法替代_post
SQL: SHOW COLUMNS FROM `xm_address` [ RunTime:0.004555s ]
SQL: SELECT `aid` FROM `xm_address` WHERE ( province='山东' AND city='烟台' AND area='芝罘区' ) LIMIT 1   [ RunTime:0.000296s ]

[ 2015-04-02T08:37:26+08:00 ] 0.0.0.0 /thinkphp3.1/index.php?m=UserCenter&a=updateInfo
INFO: [ app_begin ] --START--
INFO: ReadHtmlCache Behavior ::run [ RunTime:0.000605s ]
INFO: [ app_begin ] --END-- [ RunTime:0.000733s ]
SQL: SHOW COLUMNS FROM `xm_users` [ RunTime:0.005121s ]
NOTIC: 建议使用I方法替代_post
NOTIC: 建议使用I方法替代_post
NOTIC: 建议使用I方法替代_post
SQL: SHOW COLUMNS FROM `xm_address` [ RunTime:0.004745s ]
SQL: SELECT `aid` FROM `xm_address` WHERE ( province='山东' AND city='烟台' AND area='芝罘区' ) LIMIT 1   [ RunTime:0.000315s ]

[ 2015-04-02T08:37:57+08:00 ] 0.0.0.0 /thinkphp3.1/index.php?m=UserCenter&a=updateInfo
INFO: [ app_begin ] --START--
INFO: ReadHtmlCache Behavior ::run [ RunTime:0.000515s ]
INFO: [ app_begin ] --END-- [ RunTime:0.000620s ]
SQL: SHOW COLUMNS FROM `xm_users` [ RunTime:0.005201s ]
NOTIC: 建议使用I方法替代_post
NOTIC: 建议使用I方法替代_post
NOTIC: 建议使用I方法替代_post
SQL: SHOW COLUMNS FROM `xm_address` [ RunTime:0.005035s ]
SQL: SELECT `aid` FROM `xm_address` WHERE ( province='山东' AND city='烟台' AND area='芝罘区' ) LIMIT 1   [ RunTime:0.000285s ]

[ 2015-04-02T08:38:01+08:00 ] 0.0.0.0 /thinkphp3.1/index.php?m=UserCenter&a=updateInfo
INFO: [ app_begin ] --START--
INFO: ReadHtmlCache Behavior ::run [ RunTime:0.000527s ]
INFO: [ app_begin ] --END-- [ RunTime:0.000626s ]
SQL: SHOW COLUMNS FROM `xm_users` [ RunTime:0.004731s ]
NOTIC: 建议使用I方法替代_post
NOTIC: 建议使用I方法替代_post
NOTIC: 建议使用I方法替代_post
SQL: SHOW COLUMNS FROM `xm_address` [ RunTime:0.004790s ]
SQL: SELECT `aid` FROM `xm_address` WHERE ( province='山东' AND city='烟台' AND area='芝罘区' ) LIMIT 1   [ RunTime:0.000286s ]

[ 2015-04-02T08:40:09+08:00 ] 0.0.0.0 /thinkphp3.1/index.php?m=UserCenter&a=updateInfo
INFO: [ app_begin ] --START--
INFO: ReadHtmlCache Behavior ::run [ RunTime:0.000630s ]
INFO: [ app_begin ] --END-- [ RunTime:0.000725s ]
SQL: SHOW COLUMNS FROM `xm_users` [ RunTime:0.005297s ]
NOTIC: 建议使用I方法替代_post
NOTIC: 建议使用I方法替代_post
NOTIC: 建议使用I方法替代_post
SQL: SHOW COLUMNS FROM `xm_address` [ RunTime:0.004306s ]
SQL: SELECT `aid` FROM `xm_address` WHERE ( province='山东' AND city='烟台' AND area='芝罘区' ) LIMIT 1   [ RunTime:0.000314s ]
SQL: UPDATE `xm_users` SET `headlogo`='./Public/person.jpg',`username`='1451583383',`email`='1451583383@qq.com',`phone`='13256929238',`qq`='1451583383',`school`='鲁东大学',`age`=21,`sex`=1,`address`=0,`exp`='干过兼职',`intent`='保姆',`ctime`='2015-03-30 19:05:09' WHERE ( uid = "Array['uid']" ) [ RunTime:0.000335s ]

[ 2015-04-02T08:40:26+08:00 ] 0.0.0.0 /thinkphp3.1/index.php?m=UserCenter&a=updateInfo
INFO: [ app_begin ] --START--
INFO: ReadHtmlCache Behavior ::run [ RunTime:0.000691s ]
INFO: [ app_begin ] --END-- [ RunTime:0.000804s ]
SQL: SHOW COLUMNS FROM `xm_users` [ RunTime:0.005514s ]
NOTIC: 建议使用I方法替代_post
NOTIC: 建议使用I方法替代_post
NOTIC: 建议使用I方法替代_post
SQL: SHOW COLUMNS FROM `xm_address` [ RunTime:0.005417s ]
SQL: SELECT `aid` FROM `xm_address` WHERE ( province='山东' AND city='烟台' AND area='芝罘区' ) LIMIT 1   [ RunTime:0.000288s ]
SQL: UPDATE `xm_users` SET `uid`=1,`headlogo`='./Public/person.jpg',`username`='1451583383',`email`='1451583383@qq.com',`phone`='13256929238',`qq`='1451583383',`school`='鲁东大学',`age`=21,`sex`=1,`address`=0,`exp`='干过兼职',`intent`='保姆',`ctime`='2015-03-30 19:05:09' WHERE ( uid = "Array['uid']" ) [ RunTime:0.000247s ]

[ 2015-04-02T08:40:58+08:00 ] 0.0.0.0 /thinkphp3.1/index.php?m=UserCenter&a=updateInfo
INFO: [ app_begin ] --START--
INFO: ReadHtmlCache Behavior ::run [ RunTime:0.000610s ]
INFO: [ app_begin ] --END-- [ RunTime:0.000710s ]
SQL: SHOW COLUMNS FROM `xm_users` [ RunTime:0.004621s ]
NOTIC: 建议使用I方法替代_post
NOTIC: 建议使用I方法替代_post
NOTIC: 建议使用I方法替代_post
SQL: SHOW COLUMNS FROM `xm_address` [ RunTime:0.004240s ]
SQL: SELECT `aid` FROM `xm_address` WHERE ( province='山东' AND city='烟台' AND area='芝罘区' ) LIMIT 1   [ RunTime:0.000398s ]
SQL: UPDATE `xm_users` SET `uid`=1,`headlogo`='./Public/person.jpg',`username`='1451583383',`email`='1451583383@qq.com',`phone`='13256929238',`qq`='1451583383',`school`='鲁东大学',`age`=21,`sex`=1,`address`=0,`exp`='干过兼职',`intent`='保姆',`ctime`='2015-03-30 19:05:09' WHERE ( uid = "Array['uid']" ) [ RunTime:0.000258s ]

[ 2015-04-02T08:41:10+08:00 ] 0.0.0.0 /thinkphp3.1/index.php?m=UserCenter&a=updateInfo
INFO: [ app_begin ] --START--
INFO: ReadHtmlCache Behavior ::run [ RunTime:0.000441s ]
INFO: [ app_begin ] --END-- [ RunTime:0.000530s ]
SQL: SHOW COLUMNS FROM `xm_users` [ RunTime:0.004847s ]
NOTIC: 建议使用I方法替代_post
NOTIC: 建议使用I方法替代_post
NOTIC: 建议使用I方法替代_post
SQL: SHOW COLUMNS FROM `xm_address` [ RunTime:0.004848s ]
SQL: SELECT `aid` FROM `xm_address` WHERE ( province='山东' AND city='烟台' AND area='芝罘区' ) LIMIT 1   [ RunTime:0.000329s ]
SQL: UPDATE `xm_users` SET `uid`=1,`headlogo`='./Public/person.jpg',`username`='1451583383',`email`='1451583383@qq.com',`phone`='13256929238',`qq`='1451583383',`school`='鲁东大学',`age`=21,`sex`=1,`address`=0,`exp`='干过兼职',`intent`='保姆',`ctime`='2015-03-30 19:05:09' WHERE ( uid = "Array['uid']" ) [ RunTime:0.000226s ]

[ 2015-04-02T08:42:23+08:00 ] 0.0.0.0 /thinkphp3.1/index.php?m=UserCenter&a=updateInfo
INFO: [ app_begin ] --START--
INFO: ReadHtmlCache Behavior ::run [ RunTime:0.000484s ]
INFO: [ app_begin ] --END-- [ RunTime:0.000588s ]
SQL: SHOW COLUMNS FROM `xm_users` [ RunTime:0.004844s ]
NOTIC: 建议使用I方法替代_post
NOTIC: 建议使用I方法替代_post
NOTIC: 建议使用I方法替代_post
SQL: SHOW COLUMNS FROM `xm_address` [ RunTime:0.004443s ]
SQL: SELECT `aid` FROM `xm_address` WHERE ( province='山东' AND city='烟台' AND area='芝罘区' ) LIMIT 1   [ RunTime:0.000287s ]
SQL: UPDATE `xm_users` SET `uid`=1,`headlogo`='./Public/person.jpg',`username`='1451583383',`email`='1451583383@qq.com',`phone`='13256929238',`qq`='1451583383',`school`='鲁东大学',`age`=21,`sex`=1,`address`=0,`exp`='干过兼职',`intent`='保姆',`ctime`='2015-03-30 19:05:09' WHERE ( uid = "Array['uid']" ) [ RunTime:0.000262s ]

[ 2015-04-02T08:47:32+08:00 ] 0.0.0.0 /thinkphp3.1/index.php?m=UserCenter&a=updateInfo
INFO: [ app_begin ] --START--
INFO: ReadHtmlCache Behavior ::run [ RunTime:0.000672s ]
INFO: [ app_begin ] --END-- [ RunTime:0.000768s ]
NOTIC: 建议使用I方法替代_post
NOTIC: 建议使用I方法替代_post
NOTIC: 建议使用I方法替代_post
SQL: SHOW COLUMNS FROM `xm_address` [ RunTime:0.004962s ]
SQL: SELECT `aid` FROM `xm_address` WHERE ( province='山东' AND city='烟台' AND area='芝罘区' ) LIMIT 1   [ RunTime:0.000278s ]
SQL: SHOW COLUMNS FROM `xm_users` [ RunTime:0.004769s ]
NOTIC: [8] Undefined offset: 0 D:\wamp\www\ThinkPHP3.1\ThinkPHP\Lib\Core\Db.class.php 第 282 行.
SQL: UPDATE `xm_users` SET `uid`=1,`headlogo`='./Public/person.jpg',`username`='1451583383',`email`='1451583383@qq.com',`phone`='13256929238',`qq`='1451583383',`school`='鲁东大学',`age`=21,`sex`=1,`exp`='干过兼职',`intent`='保姆',`ctime`='2015-03-30 19:05:09' WHERE ( uid = "Array['uid']" ) [ RunTime:0.000283s ]

[ 2015-04-02T08:49:19+08:00 ] 0.0.0.0 /thinkphp3.1/index.php?m=UserCenter&a=updateInfo
INFO: [ app_begin ] --START--
INFO: ReadHtmlCache Behavior ::run [ RunTime:0.000633s ]
INFO: [ app_begin ] --END-- [ RunTime:0.000730s ]
NOTIC: 建议使用I方法替代_post
NOTIC: 建议使用I方法替代_post
NOTIC: 建议使用I方法替代_post
SQL: SHOW COLUMNS FROM `xm_address` [ RunTime:0.004907s ]
SQL: SELECT `aid` FROM `xm_address` WHERE ( province='山东' AND city='烟台' AND area='芝罘区' ) LIMIT 1   [ RunTime:0.000324s ]
SQL: SHOW COLUMNS FROM `xm_users` [ RunTime:0.004672s ]
NOTIC: [8] Undefined offset: 0 D:\wamp\www\ThinkPHP3.1\ThinkPHP\Lib\Core\Db.class.php 第 282 行.
SQL: UPDATE `xm_users` SET `uid`=1,`headlogo`='./Public/person.jpg',`username`='1451583383',`email`='1451583383@qq.com',`phone`='13256929238',`qq`='1451583383',`school`='鲁东大学',`age`=21,`sex`=1,`exp`='干过兼职',`intent`='保姆',`ctime`='2015-03-30 19:05:09' WHERE ( uid = 'Array['uid']' ) [ RunTime:0.000197s ]
ERR: 1064:You have an error in your SQL syntax; check the manual that corresponds to your MySQL server version for the right syntax to use near 'uid']' )' at line 1
 [ SQL语句 ] : UPDATE `xm_users` SET `uid`=1,`headlogo`='./Public/person.jpg',`username`='1451583383',`email`='1451583383@qq.com',`phone`='13256929238',`qq`='1451583383',`school`='鲁东大学',`age`=21,`sex`=1,`exp`='干过兼职',`intent`='保姆',`ctime`='2015-03-30 19:05:09' WHERE ( uid = 'Array['uid']' )

[ 2015-04-02T08:50:06+08:00 ] 0.0.0.0 /thinkphp3.1/index.php?m=UserCenter&a=updateInfo
INFO: [ app_begin ] --START--
INFO: ReadHtmlCache Behavior ::run [ RunTime:0.000668s ]
INFO: [ app_begin ] --END-- [ RunTime:0.000767s ]
NOTIC: 建议使用I方法替代_post
NOTIC: 建议使用I方法替代_post
NOTIC: 建议使用I方法替代_post
SQL: SHOW COLUMNS FROM `xm_address` [ RunTime:0.004738s ]
SQL: SELECT `aid` FROM `xm_address` WHERE ( province='山东' AND city='烟台' AND area='芝罘区' ) LIMIT 1   [ RunTime:0.000313s ]
SQL: SHOW COLUMNS FROM `xm_users` [ RunTime:0.005248s ]
NOTIC: [8] Undefined offset: 0 D:\wamp\www\ThinkPHP3.1\ThinkPHP\Lib\Core\Db.class.php 第 282 行.
SQL: UPDATE `xm_users` SET `uid`=1,`headlogo`='./Public/person.jpg',`username`='1451583383',`email`='1451583383@qq.com',`phone`='13256929238',`qq`='1451583383',`school`='鲁东大学',`age`=21,`sex`=1,`exp`='干过兼职',`intent`='保姆',`ctime`='2015-03-30 19:05:09' WHERE ( uid = '1' ) [ RunTime:0.129717s ]

[ 2015-04-02T08:51:16+08:00 ] 0.0.0.0 /thinkphp3.1/index.php?m=UserCenter&a=updateInfo
INFO: [ app_begin ] --START--
INFO: ReadHtmlCache Behavior ::run [ RunTime:0.000702s ]
INFO: [ app_begin ] --END-- [ RunTime:0.000808s ]
NOTIC: 建议使用I方法替代_post
NOTIC: 建议使用I方法替代_post
NOTIC: 建议使用I方法替代_post
SQL: SHOW COLUMNS FROM `xm_address` [ RunTime:0.004647s ]
SQL: SELECT `aid` FROM `xm_address` WHERE ( province='山东' AND city='烟台' AND area='芝罘区' ) LIMIT 1   [ RunTime:0.000293s ]
SQL: SHOW COLUMNS FROM `xm_users` [ RunTime:0.004884s ]
NOTIC: [8] Undefined offset: 0 D:\wamp\www\ThinkPHP3.1\ThinkPHP\Lib\Core\Db.class.php 第 282 行.
SQL: UPDATE `xm_users` SET `uid`=1,`headlogo`='./Public/person.jpg',`username`='1451583383',`email`='1451583383@qq.com',`phone`='13256929238',`qq`='1451583383',`school`='鲁东大学',`age`=21,`sex`=1,`exp`='干过兼职',`intent`='保姆' WHERE ( uid = '1' ) [ RunTime:0.000340s ]

[ 2015-04-02T08:52:40+08:00 ] 0.0.0.0 /thinkphp3.1/index.php?m=UserCenter&a=updateInfo
INFO: [ app_begin ] --START--
INFO: ReadHtmlCache Behavior ::run [ RunTime:0.000690s ]
INFO: [ app_begin ] --END-- [ RunTime:0.000796s ]
NOTIC: 建议使用I方法替代_post
NOTIC: 建议使用I方法替代_post
NOTIC: 建议使用I方法替代_post
SQL: SHOW COLUMNS FROM `xm_address` [ RunTime:0.004995s ]
SQL: SELECT `aid` FROM `xm_address` WHERE ( province='山东' AND city='烟台' AND area='芝罘区' ) LIMIT 1   [ RunTime:0.000360s ]
SQL: SHOW COLUMNS FROM `xm_users` [ RunTime:0.005319s ]
NOTIC: [8] Undefined offset: 0 D:\wamp\www\ThinkPHP3.1\ThinkPHP\Lib\Core\Db.class.php 第 282 行.
SQL: UPDATE `xm_users` SET `headlogo`='./Public/person.jpg',`username`='1451583383',`email`='1451583383@qq.com',`phone`='13256929238',`qq`='1451583383',`school`='鲁东大学',`age`=21,`sex`=1,`exp`='干过兼职',`intent`='保姆' WHERE ( uid = '1' ) [ RunTime:0.000309s ]

[ 2015-04-02T08:52:53+08:00 ] 0.0.0.0 /thinkphp3.1/index.php?m=UserCenter&a=updateInfo
INFO: [ app_begin ] --START--
INFO: ReadHtmlCache Behavior ::run [ RunTime:0.000700s ]
INFO: [ app_begin ] --END-- [ RunTime:0.000858s ]
NOTIC: 建议使用I方法替代_post
NOTIC: 建议使用I方法替代_post
NOTIC: 建议使用I方法替代_post
SQL: SHOW COLUMNS FROM `xm_address` [ RunTime:0.005153s ]
SQL: SELECT `aid` FROM `xm_address` WHERE ( province='山东' AND city='烟台' AND area='芝罘区' ) LIMIT 1   [ RunTime:0.000288s ]
SQL: SHOW COLUMNS FROM `xm_users` [ RunTime:0.004848s ]
NOTIC: [8] Undefined offset: 0 D:\wamp\www\ThinkPHP3.1\ThinkPHP\Lib\Core\Db.class.php 第 282 行.
SQL: UPDATE `xm_users` SET `headlogo`='./Public/person.jpg',`username`='1451583383',`email`='1451583383@qq.com',`phone`='13256929238',`qq`='1451583383',`school`='鲁东大学',`age`=21,`sex`=1,`exp`='干过兼职',`intent`='保姆' WHERE ( uid = '1' ) [ RunTime:0.000356s ]

[ 2015-04-02T08:53:18+08:00 ] 0.0.0.0 /thinkphp3.1/index.php?m=UserCenter&a=updateInfo
INFO: [ app_begin ] --START--
INFO: ReadHtmlCache Behavior ::run [ RunTime:0.000823s ]
INFO: [ app_begin ] --END-- [ RunTime:0.000968s ]
NOTIC: 建议使用I方法替代_post
NOTIC: 建议使用I方法替代_post
NOTIC: 建议使用I方法替代_post
SQL: SHOW COLUMNS FROM `xm_address` [ RunTime:0.005232s ]
SQL: SELECT `aid` FROM `xm_address` WHERE ( province='山东' AND city='烟台' AND area='芝罘区' ) LIMIT 1   [ RunTime:0.000272s ]
SQL: SHOW COLUMNS FROM `xm_users` [ RunTime:0.004861s ]
NOTIC: [8] Undefined offset: 0 D:\wamp\www\ThinkPHP3.1\ThinkPHP\Lib\Core\Db.class.php 第 282 行.
SQL: UPDATE `xm_users` SET `headlogo`='./Public/person.jpg',`username`='1451583383',`email`='1451583383@qq.com',`phone`='13256929238',`qq`='1451583383',`school`='鲁东大学',`age`=21,`sex`=1,`exp`='干过兼职',`intent`='保姆' WHERE ( uid = '1' ) [ RunTime:0.000299s ]

[ 2015-04-02T08:56:21+08:00 ] 0.0.0.0 /thinkphp3.1/index.php?m=UserCenter&a=updateInfo
INFO: [ app_begin ] --START--
INFO: ReadHtmlCache Behavior ::run [ RunTime:0.000715s ]
INFO: [ app_begin ] --END-- [ RunTime:0.000815s ]
NOTIC: 建议使用I方法替代_post
NOTIC: 建议使用I方法替代_post
NOTIC: 建议使用I方法替代_post
SQL: SHOW COLUMNS FROM `xm_address` [ RunTime:0.004659s ]
SQL: SELECT `aid` FROM `xm_address` WHERE ( province='山东' AND city='烟台' AND area='芝罘区' ) LIMIT 1   [ RunTime:0.000313s ]
SQL: SHOW COLUMNS FROM `xm_users` [ RunTime:0.004887s ]
NOTIC: [8] Undefined offset: 0 D:\wamp\www\ThinkPHP3.1\ThinkPHP\Lib\Core\Db.class.php 第 282 行.
SQL: UPDATE `xm_users` SET `headlogo`='./Public/person.jpg',`username`='1451583383',`email`='1451583383@qq.com',`phone`='13256929238',`qq`='1451583383',`school`='鲁东大学',`age`=21,`sex`=1,`exp`='干过兼职',`intent`='保姆' WHERE ( uid = '1' ) [ RunTime:0.000302s ]

[ 2015-04-02T08:58:28+08:00 ] 0.0.0.0 /thinkphp3.1/index.php?m=UserCenter&a=updateInfo
INFO: [ app_begin ] --START--
INFO: ReadHtmlCache Behavior ::run [ RunTime:0.000724s ]
INFO: [ app_begin ] --END-- [ RunTime:0.000853s ]
NOTIC: 建议使用I方法替代_get
NOTIC: 建议使用I方法替代_post
NOTIC: 建议使用I方法替代_post
NOTIC: 建议使用I方法替代_post
SQL: SHOW COLUMNS FROM `xm_address` [ RunTime:0.004690s ]
SQL: SELECT `aid` FROM `xm_address` WHERE ( province='山东' AND city='烟台' AND area='芝罘区' ) LIMIT 1   [ RunTime:0.000312s ]
SQL: SHOW COLUMNS FROM `xm_users` [ RunTime:0.004622s ]
NOTIC: [8] Undefined index: uid D:\wamp\www\ThinkPHP3.1\Lib\Action\UserCenterAction.class.php 第 53 行.
NOTIC: [8] Undefined offset: 0 D:\wamp\www\ThinkPHP3.1\ThinkPHP\Lib\Core\Db.class.php 第 282 行.
NOTIC: [8] Undefined variable: set D:\wamp\www\ThinkPHP3.1\ThinkPHP\Lib\Core\Db.class.php 第 294 行.
NOTIC: [2] implode() [<a href='function.implode'>function.implode</a>]: Invalid arguments passed D:\wamp\www\ThinkPHP3.1\ThinkPHP\Lib\Core\Db.class.php 第 294 行.
SQL: UPDATE `xm_users` SET  WHERE ( uid = '' ) [ RunTime:0.000186s ]
ERR: 1064:You have an error in your SQL syntax; check the manual that corresponds to your MySQL server version for the right syntax to use near 'WHERE ( uid = '' )' at line 1
 [ SQL语句 ] : UPDATE `xm_users` SET  WHERE ( uid = '' )

[ 2015-04-02T09:00:06+08:00 ] 0.0.0.0 /thinkphp3.1/index.php?m=UserCenter&a=updateInfo
INFO: [ app_begin ] --START--
INFO: ReadHtmlCache Behavior ::run [ RunTime:0.000734s ]
INFO: [ app_begin ] --END-- [ RunTime:0.000871s ]
NOTIC: 建议使用I方法替代_post
NOTIC: 建议使用I方法替代_post
NOTIC: 建议使用I方法替代_post
NOTIC: 建议使用I方法替代_post
SQL: SHOW COLUMNS FROM `xm_address` [ RunTime:0.004448s ]
SQL: SELECT `aid` FROM `xm_address` WHERE ( province='山东' AND city='烟台' AND area='芝罘区' ) LIMIT 1   [ RunTime:0.000290s ]
SQL: SHOW COLUMNS FROM `xm_users` [ RunTime:0.004755s ]
NOTIC: [8] Undefined offset: 0 D:\wamp\www\ThinkPHP3.1\ThinkPHP\Lib\Core\Db.class.php 第 282 行.
SQL: UPDATE `xm_users` SET `headlogo`='./Public/person.jpg',`username`='1451583383',`email`='1451583383@qq.com',`phone`='13256929238',`qq`='1451583383',`school`='鲁东大学',`age`=21,`sex`=1,`exp`='干过兼职',`intent`='保姆' WHERE ( uid = '1' ) [ RunTime:0.000301s ]

[ 2015-04-02T09:02:39+08:00 ] 0.0.0.0 /thinkphp3.1/index.php?m=UserCenter&a=updateInfo
INFO: [ app_begin ] --START--
INFO: ReadHtmlCache Behavior ::run [ RunTime:0.001045s ]
INFO: [ app_begin ] --END-- [ RunTime:0.001170s ]
NOTIC: 建议使用I方法替代_post
ERR: Action:_form您所请求的方法不存在！

[ 2015-04-02T09:03:25+08:00 ] 0.0.0.0 /thinkphp3.1/index.php?m=UserCenter&a=updateInfo
INFO: [ app_begin ] --START--
INFO: ReadHtmlCache Behavior ::run [ RunTime:0.000674s ]
INFO: [ app_begin ] --END-- [ RunTime:0.000774s ]
NOTIC: 建议使用I方法替代_post
SQL: SHOW COLUMNS FROM `xm_address` [ RunTime:0.004854s ]
SQL: SELECT `aid` FROM `xm_address` WHERE ( province='' AND city='烟台' AND area='芝罘区' ) LIMIT 1   [ RunTime:0.000337s ]

[ 2015-04-02T09:04:02+08:00 ] 0.0.0.0 /thinkphp3.1/index.php?m=UserCenter&a=updateInfo
INFO: [ app_begin ] --START--
INFO: ReadHtmlCache Behavior ::run [ RunTime:0.000680s ]
INFO: [ app_begin ] --END-- [ RunTime:0.000782s ]
NOTIC: 建议使用I方法替代_post
SQL: SHOW COLUMNS FROM `xm_address` [ RunTime:0.004675s ]
SQL: SELECT `aid` FROM `xm_address` WHERE ( province='山东' AND city='烟台' AND area='芝罘区' ) LIMIT 1   [ RunTime:0.000334s ]
SQL: SHOW COLUMNS FROM `xm_users` [ RunTime:0.004774s ]
NOTIC: [8] Undefined offset: 0 D:\wamp\www\ThinkPHP3.1\ThinkPHP\Lib\Core\Db.class.php 第 282 行.
SQL: UPDATE `xm_users` SET `username`='1451583383',`sex`=1,`age`=21,`school`='鲁东大学',`phone`='13256929238',`qq`='1451583383',`exp`='干过兼职youmieyou ' WHERE ( uid = '1' ) [ RunTime:0.132917s ]

[ 2015-04-02T09:05:22+08:00 ] 0.0.0.0 /thinkphp3.1/index.php?m=UserCenter&a=updateInfo
INFO: [ app_begin ] --START--
INFO: ReadHtmlCache Behavior ::run [ RunTime:0.000693s ]
INFO: [ app_begin ] --END-- [ RunTime:0.000811s ]
NOTIC: 建议使用I方法替代_post
SQL: SHOW COLUMNS FROM `xm_address` [ RunTime:0.005045s ]
SQL: SELECT `aid` FROM `xm_address` WHERE ( province='山东' AND city='烟台' AND area='芝罘区' ) LIMIT 1   [ RunTime:0.000333s ]
SQL: SHOW COLUMNS FROM `xm_users` [ RunTime:0.005959s ]
NOTIC: [8] Undefined offset: 0 D:\wamp\www\ThinkPHP3.1\ThinkPHP\Lib\Core\Db.class.php 第 282 行.
SQL: UPDATE `xm_users` SET `username`='1451583383',`sex`=1,`age`=21,`school`='鲁东大学',`phone`='13256929238',`qq`='1451583383',`exp`='干过兼职，干过保姆，干过小蜜' WHERE ( uid = '1' ) [ RunTime:0.106976s ]

[ 2015-04-02T09:05:56+08:00 ] 0.0.0.0 /thinkphp3.1/index.php?m=UserCenter&a=updateInfo
INFO: [ app_begin ] --START--
INFO: ReadHtmlCache Behavior ::run [ RunTime:0.000718s ]
INFO: [ app_begin ] --END-- [ RunTime:0.000819s ]
NOTIC: 建议使用I方法替代_post
SQL: SHOW COLUMNS FROM `xm_address` [ RunTime:0.005038s ]
SQL: SELECT `aid` FROM `xm_address` WHERE ( province='山东' AND city='烟台' AND area='芝罘区' ) LIMIT 1   [ RunTime:0.000342s ]
SQL: SHOW COLUMNS FROM `xm_users` [ RunTime:0.004906s ]
NOTIC: [8] Undefined offset: 0 D:\wamp\www\ThinkPHP3.1\ThinkPHP\Lib\Core\Db.class.php 第 282 行.
SQL: UPDATE `xm_users` SET `username`='1451583383',`sex`=2,`age`=21,`school`='鲁东大学',`phone`='13256929238',`qq`='1451583383',`exp`='干过兼职，干过保姆，干过小蜜' WHERE ( uid = '1' ) [ RunTime:0.106393s ]

[ 2015-04-02T09:06:07+08:00 ] 0.0.0.0 /thinkphp3.1/index.php?m=UserCenter&a=updateInfo
INFO: [ app_begin ] --START--
INFO: ReadHtmlCache Behavior ::run [ RunTime:0.000666s ]
INFO: [ app_begin ] --END-- [ RunTime:0.000843s ]
NOTIC: 建议使用I方法替代_post
SQL: SHOW COLUMNS FROM `xm_address` [ RunTime:0.005230s ]
SQL: SELECT `aid` FROM `xm_address` WHERE ( province='山东' AND city='烟台' AND area='芝罘区' ) LIMIT 1   [ RunTime:0.000310s ]
SQL: SHOW COLUMNS FROM `xm_users` [ RunTime:0.004636s ]
NOTIC: [8] Undefined offset: 0 D:\wamp\www\ThinkPHP3.1\ThinkPHP\Lib\Core\Db.class.php 第 282 行.
SQL: UPDATE `xm_users` SET `username`='1451583383',`sex`=3,`age`=21,`school`='鲁东大学',`phone`='13256929238',`qq`='1451583383',`exp`='干过兼职，干过保姆，干过小蜜' WHERE ( uid = '1' ) [ RunTime:0.089001s ]

[ 2015-04-02T09:06:20+08:00 ] 0.0.0.0 /thinkphp3.1/index.php?m=UserCenter&a=updateInfo
INFO: [ app_begin ] --START--
INFO: ReadHtmlCache Behavior ::run [ RunTime:0.000853s ]
INFO: [ app_begin ] --END-- [ RunTime:0.000980s ]
NOTIC: 建议使用I方法替代_post
SQL: SHOW COLUMNS FROM `xm_address` [ RunTime:0.004609s ]
SQL: SELECT `aid` FROM `xm_address` WHERE ( province='山东' AND city='烟台' AND area='芝罘区' ) LIMIT 1   [ RunTime:0.000300s ]
SQL: SHOW COLUMNS FROM `xm_users` [ RunTime:0.005701s ]
NOTIC: [8] Undefined offset: 0 D:\wamp\www\ThinkPHP3.1\ThinkPHP\Lib\Core\Db.class.php 第 282 行.
SQL: UPDATE `xm_users` SET `username`='1451583383',`sex`=3,`age`=100,`school`='鲁东大学',`phone`='13256929238',`qq`='1451583383',`exp`='干过兼职，干过保姆，干过小蜜' WHERE ( uid = '1' ) [ RunTime:0.119211s ]

[ 2015-04-02T09:06:53+08:00 ] 0.0.0.0 /thinkphp3.1/index.php?m=UserCenter&a=updateInfo
INFO: [ app_begin ] --START--
INFO: ReadHtmlCache Behavior ::run [ RunTime:0.000697s ]
INFO: [ app_begin ] --END-- [ RunTime:0.000797s ]
NOTIC: 建议使用I方法替代_post
SQL: SHOW COLUMNS FROM `xm_address` [ RunTime:0.006006s ]
SQL: SELECT `aid` FROM `xm_address` WHERE ( province='山东' AND city='烟台' AND area='芝罘区' ) LIMIT 1   [ RunTime:0.000308s ]
SQL: SHOW COLUMNS FROM `xm_users` [ RunTime:0.004621s ]
NOTIC: [8] Undefined offset: 0 D:\wamp\www\ThinkPHP3.1\ThinkPHP\Lib\Core\Db.class.php 第 282 行.
SQL: UPDATE `xm_users` SET `username`='1451583383',`sex`=3,`age`=100,`school`='鲁东大学',`phone`='13345678910',`qq`='962783114',`exp`='干过兼职，干过保姆，干过小蜜' WHERE ( uid = '1' ) [ RunTime:0.107638s ]

[ 2015-04-02T09:07:12+08:00 ] 0.0.0.0 /thinkphp3.1/index.php?m=UserCenter&a=updateInfo
INFO: [ app_begin ] --START--
INFO: ReadHtmlCache Behavior ::run [ RunTime:0.000449s ]
INFO: [ app_begin ] --END-- [ RunTime:0.000547s ]
NOTIC: 建议使用I方法替代_post
SQL: SHOW COLUMNS FROM `xm_address` [ RunTime:0.004594s ]
SQL: SELECT `aid` FROM `xm_address` WHERE ( province='山东' AND city='烟台' AND area='芝罘区' ) LIMIT 1   [ RunTime:0.000304s ]
SQL: SHOW COLUMNS FROM `xm_users` [ RunTime:0.005163s ]
NOTIC: [8] Undefined offset: 0 D:\wamp\www\ThinkPHP3.1\ThinkPHP\Lib\Core\Db.class.php 第 282 行.
SQL: UPDATE `xm_users` SET `username`='1451583383',`sex`=3,`age`=100,`school`='鲁东大学',`phone`='13345678910',`qq`='962783114',`exp`='干过兼职，干过保姆，干过小蜜' WHERE ( uid = '1' ) [ RunTime:0.000303s ]

[ 2015-04-02T09:07:14+08:00 ] 0.0.0.0 /thinkphp3.1/index.php?m=UserCenter&a=updateInfo
INFO: [ app_begin ] --START--
INFO: ReadHtmlCache Behavior ::run [ RunTime:0.000452s ]
INFO: [ app_begin ] --END-- [ RunTime:0.000548s ]
NOTIC: 建议使用I方法替代_post
SQL: SHOW COLUMNS FROM `xm_address` [ RunTime:0.004670s ]
SQL: SELECT `aid` FROM `xm_address` WHERE ( province='山东' AND city='烟台' AND area='芝罘区' ) LIMIT 1   [ RunTime:0.000284s ]
SQL: SHOW COLUMNS FROM `xm_users` [ RunTime:0.004722s ]
NOTIC: [8] Undefined offset: 0 D:\wamp\www\ThinkPHP3.1\ThinkPHP\Lib\Core\Db.class.php 第 282 行.
SQL: UPDATE `xm_users` SET `username`='1451583383',`sex`=3,`age`=100,`school`='鲁东大学',`phone`='13345678910',`qq`='962783114',`exp`='干过兼职，干过保姆，干过小蜜' WHERE ( uid = '1' ) [ RunTime:0.000284s ]

[ 2015-04-02T09:07:29+08:00 ] 0.0.0.0 /thinkphp3.1/index.php?m=UserCenter&a=updateInfo
INFO: [ app_begin ] --START--
INFO: ReadHtmlCache Behavior ::run [ RunTime:0.000454s ]
INFO: [ app_begin ] --END-- [ RunTime:0.000576s ]
NOTIC: 建议使用I方法替代_post
SQL: SHOW COLUMNS FROM `xm_address` [ RunTime:0.099807s ]
SQL: SELECT `aid` FROM `xm_address` WHERE ( province='山东' AND city='烟台' AND area='芝罘区' ) LIMIT 1   [ RunTime:0.000281s ]
SQL: SHOW COLUMNS FROM `xm_users` [ RunTime:0.004530s ]
NOTIC: [8] Undefined offset: 0 D:\wamp\www\ThinkPHP3.1\ThinkPHP\Lib\Core\Db.class.php 第 282 行.
SQL: UPDATE `xm_users` SET `username`='1451583383',`sex`=3,`age`=100,`school`='鲁东大学',`phone`='13345678910',`qq`='962783114',`exp`='干过兼职，干过保姆，干过小蜜' WHERE ( uid = '1' ) [ RunTime:0.000285s ]

[ 2015-04-02T09:07:31+08:00 ] 0.0.0.0 /thinkphp3.1/index.php?m=UserCenter&a=updateInfo
INFO: [ app_begin ] --START--
INFO: ReadHtmlCache Behavior ::run [ RunTime:0.000464s ]
INFO: [ app_begin ] --END-- [ RunTime:0.000559s ]
NOTIC: 建议使用I方法替代_post
SQL: SHOW COLUMNS FROM `xm_address` [ RunTime:0.004745s ]
SQL: SELECT `aid` FROM `xm_address` WHERE ( province='山东' AND city='烟台' AND area='芝罘区' ) LIMIT 1   [ RunTime:0.000346s ]
SQL: SHOW COLUMNS FROM `xm_users` [ RunTime:0.004708s ]
NOTIC: [8] Undefined offset: 0 D:\wamp\www\ThinkPHP3.1\ThinkPHP\Lib\Core\Db.class.php 第 282 行.
SQL: UPDATE `xm_users` SET `username`='1451583383',`sex`=3,`age`=100,`school`='鲁东大学',`phone`='13345678910',`qq`='962783114',`exp`='干过兼职，干过保姆，干过小蜜' WHERE ( uid = '1' ) [ RunTime:0.000282s ]

[ 2015-04-02T09:07:50+08:00 ] 0.0.0.0 /thinkphp3.1/index.php?m=UserCenter&a=updateInfo
INFO: [ app_begin ] --START--
INFO: ReadHtmlCache Behavior ::run [ RunTime:0.000580s ]
INFO: [ app_begin ] --END-- [ RunTime:0.000675s ]
NOTIC: 建议使用I方法替代_post
SQL: SHOW COLUMNS FROM `xm_address` [ RunTime:0.004547s ]
SQL: SELECT `aid` FROM `xm_address` WHERE ( province='山东' AND city='烟台' AND area='芝罘区' ) LIMIT 1   [ RunTime:0.000272s ]
SQL: SHOW COLUMNS FROM `xm_users` [ RunTime:0.004819s ]
NOTIC: [8] Undefined offset: 0 D:\wamp\www\ThinkPHP3.1\ThinkPHP\Lib\Core\Db.class.php 第 282 行.
SQL: UPDATE `xm_users` SET `username`='1451583383',`sex`=3,`age`=100,`school`='鲁东大学',`phone`='13345678910',`qq`='962783114',`exp`='干过兼职，干过保姆，干过小蜜' WHERE ( uid = '1' ) [ RunTime:0.000276s ]

[ 2015-04-02T09:09:02+08:00 ] 0.0.0.0 /thinkphp3.1/index.php?m=UserCenter&a=updateInfo
INFO: [ app_begin ] --START--
INFO: ReadHtmlCache Behavior ::run [ RunTime:0.000699s ]
INFO: [ app_begin ] --END-- [ RunTime:0.000797s ]
NOTIC: 建议使用I方法替代_post
SQL: SHOW COLUMNS FROM `xm_address` [ RunTime:0.004576s ]
SQL: SELECT `aid` FROM `xm_address` WHERE ( province='山东' AND city='烟台' AND area='芝罘区' ) LIMIT 1   [ RunTime:0.000306s ]
SQL: SHOW COLUMNS FROM `xm_users` [ RunTime:0.004854s ]
NOTIC: [8] Undefined offset: 0 D:\wamp\www\ThinkPHP3.1\ThinkPHP\Lib\Core\Db.class.php 第 282 行.
SQL: UPDATE `xm_users` SET `username`='1451583383',`sex`=3,`age`=100,`school`='鲁东大学',`phone`='13345678910',`qq`='962783114',`exp`='干过兼职，干过保姆，干过小蜜' WHERE ( uid = '1' ) [ RunTime:0.000308s ]

[ 2015-04-02T09:09:39+08:00 ] 0.0.0.0 /thinkphp3.1/index.php?m=UserCenter&a=updateInfo
INFO: [ app_begin ] --START--
INFO: ReadHtmlCache Behavior ::run [ RunTime:0.000610s ]
INFO: [ app_begin ] --END-- [ RunTime:0.000707s ]
NOTIC: 建议使用I方法替代_post
SQL: SHOW COLUMNS FROM `xm_address` [ RunTime:0.005123s ]
SQL: SELECT `aid` FROM `xm_address` WHERE ( province='山东' AND city='烟台' AND area='芝罘区' ) LIMIT 1   [ RunTime:0.000293s ]
SQL: SHOW COLUMNS FROM `xm_users` [ RunTime:0.004484s ]
NOTIC: [8] Undefined index: intent D:\wamp\www\ThinkPHP3.1\Lib\Action\UserCenterAction.class.php 第 57 行.
NOTIC: [8] Undefined offset: 0 D:\wamp\www\ThinkPHP3.1\ThinkPHP\Lib\Core\Db.class.php 第 282 行.
SQL: UPDATE `xm_users` SET `username`='1451583383',`sex`=3,`age`=100,`school`='鲁东大学',`phone`='13345678910',`qq`='962783114',`exp`='干过兼职，干过保姆，干过小蜜' WHERE ( uid = '1' ) [ RunTime:0.000283s ]

[ 2015-04-02T09:10:57+08:00 ] 0.0.0.0 /thinkphp3.1/index.php?m=UserCenter&a=updateInfo
INFO: [ app_begin ] --START--
INFO: ReadHtmlCache Behavior ::run [ RunTime:0.000598s ]
INFO: [ app_begin ] --END-- [ RunTime:0.000694s ]
NOTIC: 建议使用I方法替代_post
SQL: SHOW COLUMNS FROM `xm_address` [ RunTime:0.004490s ]
SQL: SELECT `aid` FROM `xm_address` WHERE ( province='山东' AND city='烟台' AND area='芝罘区' ) LIMIT 1   [ RunTime:0.000308s ]
SQL: SHOW COLUMNS FROM `xm_users` [ RunTime:0.004638s ]
NOTIC: 建议使用I方法替代_post
NOTIC: [8] Undefined offset: 0 D:\wamp\www\ThinkPHP3.1\ThinkPHP\Lib\Core\Db.class.php 第 282 行.
SQL: UPDATE `xm_users` SET `username`='1451583383',`sex`=3,`age`=100,`school`='鲁东大学',`phone`='13345678910',`qq`='962783114',`exp`='干过兼职，干过保姆，干过小蜜',`intent`='[\"1\"]' WHERE ( uid = '1' ) [ RunTime:0.106779s ]

[ 2015-04-02T09:11:33+08:00 ] 0.0.0.0 /thinkphp3.1/index.php?m=UserCenter&a=updateInfo
INFO: [ app_begin ] --START--
INFO: ReadHtmlCache Behavior ::run [ RunTime:0.000715s ]
INFO: [ app_begin ] --END-- [ RunTime:0.000814s ]
NOTIC: 建议使用I方法替代_post
SQL: SHOW COLUMNS FROM `xm_address` [ RunTime:0.004530s ]
SQL: SELECT `aid` FROM `xm_address` WHERE ( province='山东' AND city='烟台' AND area='芝罘区' ) LIMIT 1   [ RunTime:0.000273s ]
SQL: SHOW COLUMNS FROM `xm_users` [ RunTime:0.005003s ]
NOTIC: 建议使用I方法替代_post
NOTIC: [8] Undefined offset: 0 D:\wamp\www\ThinkPHP3.1\ThinkPHP\Lib\Core\Db.class.php 第 282 行.
SQL: UPDATE `xm_users` SET `username`='1451583383',`sex`=3,`age`=100,`school`='鲁东大学',`phone`='13345678910',`qq`='962783114',`exp`='干过兼职，干过保姆，干过小蜜',`intent`='[\"1\",\"2\"]' WHERE ( uid = '1' ) [ RunTime:0.112097s ]

[ 2015-04-02T09:12:44+08:00 ] 0.0.0.0 /thinkphp3.1/index.php?m=UserCenter&a=updateInfo
INFO: [ app_begin ] --START--
INFO: ReadHtmlCache Behavior ::run [ RunTime:0.000745s ]
INFO: [ app_begin ] --END-- [ RunTime:0.000847s ]
NOTIC: 建议使用I方法替代_post
SQL: SHOW COLUMNS FROM `xm_address` [ RunTime:0.004503s ]
SQL: SELECT `aid` FROM `xm_address` WHERE ( province='山东' AND city='烟台' AND area='芝罘区' ) LIMIT 1   [ RunTime:0.000284s ]
SQL: SHOW COLUMNS FROM `xm_users` [ RunTime:0.004722s ]
NOTIC: 建议使用I方法替代_post
NOTIC: [8] Undefined offset: 0 D:\wamp\www\ThinkPHP3.1\ThinkPHP\Lib\Core\Db.class.php 第 282 行.
SQL: UPDATE `xm_users` SET `username`='1451583383',`sex`=3,`age`=100,`school`='鲁东大学',`phone`='13345678910',`qq`='962783114',`exp`='干过兼职，干过保姆，干过小蜜',`intent`='[\"1\",\"2\"]' WHERE ( uid = '1' ) [ RunTime:0.000298s ]

[ 2015-04-02T09:12:56+08:00 ] 0.0.0.0 /thinkphp3.1/index.php?m=UserCenter&a=updateInfo
INFO: [ app_begin ] --START--
INFO: ReadHtmlCache Behavior ::run [ RunTime:0.000676s ]
INFO: [ app_begin ] --END-- [ RunTime:0.000779s ]
NOTIC: 建议使用I方法替代_post
SQL: SHOW COLUMNS FROM `xm_address` [ RunTime:0.004471s ]
SQL: SELECT `aid` FROM `xm_address` WHERE ( province='山东' AND city='烟台' AND area='芝罘区' ) LIMIT 1   [ RunTime:0.000288s ]
SQL: SHOW COLUMNS FROM `xm_users` [ RunTime:0.004543s ]
NOTIC: 建议使用I方法替代_post
NOTIC: [8] Undefined offset: 0 D:\wamp\www\ThinkPHP3.1\ThinkPHP\Lib\Core\Db.class.php 第 282 行.
SQL: UPDATE `xm_users` SET `username`='1451583383',`sex`=3,`age`=100,`school`='鲁东大学',`phone`='13345678910',`qq`='962783114',`exp`='干过兼职，干过保姆，干过小蜜',`intent`='[\"1\",\"2\",\"3\"]' WHERE ( uid = '1' ) [ RunTime:0.174997s ]

[ 2015-04-02T09:13:37+08:00 ] 0.0.0.0 /thinkphp3.1/index.php?m=UserCenter&a=updateInfo
INFO: [ app_begin ] --START--
INFO: ReadHtmlCache Behavior ::run [ RunTime:0.000732s ]
INFO: [ app_begin ] --END-- [ RunTime:0.000834s ]
NOTIC: 建议使用I方法替代_post
SQL: SHOW COLUMNS FROM `xm_address` [ RunTime:0.004661s ]
SQL: SELECT `aid` FROM `xm_address` WHERE ( province='山东' AND city='烟台' AND area='芝罘区' ) LIMIT 1   [ RunTime:0.000299s ]
SQL: SHOW COLUMNS FROM `xm_users` [ RunTime:0.004443s ]
NOTIC: 建议使用I方法替代_post
NOTIC: [8] Undefined offset: 0 D:\wamp\www\ThinkPHP3.1\ThinkPHP\Lib\Core\Db.class.php 第 282 行.
SQL: UPDATE `xm_users` SET `username`='1451583383',`sex`=3,`age`=100,`school`='鲁东大学',`phone`='13345678910',`qq`='962783114',`exp`='干过兼职，干过保姆，干过小蜜',`intent`='[\"1\",\"2\",\"3\"]' WHERE ( uid = '1' ) [ RunTime:0.000300s ]

[ 2015-04-02T09:16:59+08:00 ] 0.0.0.0 /thinkphp3.1/index.php?m=UserCenter&a=updateInfo
INFO: [ app_begin ] --START--
INFO: ReadHtmlCache Behavior ::run [ RunTime:0.000723s ]
INFO: [ app_begin ] --END-- [ RunTime:0.000827s ]
NOTIC: 建议使用I方法替代_post
SQL: SHOW COLUMNS FROM `xm_address` [ RunTime:0.004853s ]
SQL: SELECT `aid` FROM `xm_address` WHERE ( province='山东' AND city='烟台' AND area='芝罘区' ) LIMIT 1   [ RunTime:0.000326s ]
SQL: SHOW COLUMNS FROM `xm_users` [ RunTime:0.004997s ]
NOTIC: 建议使用I方法替代_post
NOTIC: [8] Undefined offset: 0 D:\wamp\www\ThinkPHP3.1\ThinkPHP\Lib\Core\Db.class.php 第 282 行.
SQL: UPDATE `xm_users` SET `username`='1451583383',`sex`=3,`age`=100,`school`='鲁东大学',`phone`='13345678910',`qq`='962783114',`exp`='干过兼职，干过保姆，干过小蜜',`intent`='[\"1\",\"2\",\"3\"]' WHERE ( uid = '1' ) [ RunTime:0.000315s ]

[ 2015-04-02T09:34:37+08:00 ] 0.0.0.0 /thinkphp3.1/index.php?m=UserCenter&a=updateInfo
INFO: [ app_begin ] --START--
INFO: ReadHtmlCache Behavior ::run [ RunTime:0.000676s ]
INFO: [ app_begin ] --END-- [ RunTime:0.000779s ]
NOTIC: 建议使用I方法替代_post
SQL: SHOW COLUMNS FROM `xm_address` [ RunTime:0.004565s ]
SQL: SELECT `aid` FROM `xm_address` WHERE ( province='山东' AND city='烟台' AND area='芝罘区' ) LIMIT 1   [ RunTime:0.000297s ]
SQL: SHOW COLUMNS FROM `xm_users` [ RunTime:0.004672s ]
NOTIC: 建议使用I方法替代_post
NOTIC: [8] Undefined offset: 0 D:\wamp\www\ThinkPHP3.1\ThinkPHP\Lib\Core\Db.class.php 第 282 行.
SQL: UPDATE `xm_users` SET `username`='1451583383',`sex`=3,`age`=100,`school`='鲁东大学',`phone`='13345678910',`qq`='962783114',`exp`='干过兼职，干过保姆，干过小蜜',`intent`='[\"1\",\"2\",\"3\",\"4\",\"5\",\"6\",\"7\",\"8\",\"9\",\"10\",\"11\"]' WHERE ( uid = '1' ) [ RunTime:0.096229s ]

[ 2015-04-02T09:35:16+08:00 ] 0.0.0.0 /thinkphp3.1/index.php?m=UserCenter&a=updateInfo
INFO: [ app_begin ] --START--
INFO: ReadHtmlCache Behavior ::run [ RunTime:0.000763s ]
INFO: [ app_begin ] --END-- [ RunTime:0.000894s ]
NOTIC: 建议使用I方法替代_post
SQL: SHOW COLUMNS FROM `xm_address` [ RunTime:0.004799s ]
SQL: SELECT `aid` FROM `xm_address` WHERE ( province='山东' AND city='烟台' AND area='芝罘区' ) LIMIT 1   [ RunTime:0.000285s ]
SQL: SHOW COLUMNS FROM `xm_users` [ RunTime:0.004642s ]
NOTIC: 建议使用I方法替代_post
NOTIC: [8] Undefined offset: 0 D:\wamp\www\ThinkPHP3.1\ThinkPHP\Lib\Core\Db.class.php 第 282 行.
SQL: UPDATE `xm_users` SET `username`='1451583383',`sex`=3,`age`=100,`school`='鲁东大学',`phone`='13345678910',`qq`='962783114',`exp`='干过兼职，干过保姆，干过小蜜',`intent`='[\"1\",\"2\",\"\",\"4\",\"\",\"\",\"\",\"8\",\"\",\"10\",\"11\"]' WHERE ( uid = '1' ) [ RunTime:0.115869s ]

[ 2015-04-02T15:09:00+08:00 ] 0.0.0.0 /thinkphp3.1/index.php?m=Register&a=sendEmail
INFO: [ app_begin ] --START--
INFO: ReadHtmlCache Behavior ::run [ RunTime:0.000826s ]
INFO: [ app_begin ] --END-- [ RunTime:0.000947s ]
NOTIC: 建议使用I方法替代_post

[ 2015-04-02T15:09:15+08:00 ] 0.0.0.0 /thinkphp3.1/index.php?m=Register&a=confirm
INFO: [ app_begin ] --START--
INFO: ReadHtmlCache Behavior ::run [ RunTime:0.000731s ]
INFO: [ app_begin ] --END-- [ RunTime:0.000843s ]
NOTIC: 建议使用I方法替代_post

[ 2015-04-02T15:16:59+08:00 ] 0.0.0.0 /thinkphp3.1/index.php?m=Login&a=login
INFO: [ app_begin ] --START--
INFO: ReadHtmlCache Behavior ::run [ RunTime:0.000634s ]
INFO: [ app_begin ] --END-- [ RunTime:0.000758s ]
NOTIC: 建议使用I方法替代_post
NOTIC: 建议使用I方法替代_post
NOTIC: 建议使用I方法替代_post
NOTIC: [8] Undefined variable: passwd D:\wamp\www\ThinkPHP3.1\Lib\Action\LoginAction.class.php 第 35 行.
SQL: SHOW COLUMNS FROM `xm_users` [ RunTime:0.060847s ]
SQL: SHOW COLUMNS FROM `xm_orgs` [ RunTime:0.005230s ]
SQL: SELECT `uid` FROM `xm_users` WHERE ( email='1451583383@qq.com' ) LIMIT 1   [ RunTime:0.012300s ]
SQL: SELECT `uid`,`username` FROM `xm_users` WHERE ( email='1451583383@qq.com' AND passwd='21232f297a57a5a743894a0e4a801fc3' ) LIMIT 1   [ RunTime:0.000278s ]

[ 2015-04-02T15:51:57+08:00 ] 0.0.0.0 /thinkphp3.1/index.php?m=UserCenter&a=updateInfo
INFO: [ app_begin ] --START--
INFO: ReadHtmlCache Behavior ::run [ RunTime:0.000673s ]
INFO: [ app_begin ] --END-- [ RunTime:0.000770s ]
NOTIC: 建议使用I方法替代_post
SQL: SHOW COLUMNS FROM `xm_address` [ RunTime:0.004662s ]
SQL: SELECT `aid` FROM `xm_address` WHERE ( province='山东' AND city='烟台' AND area='芝罘区' ) LIMIT 1   [ RunTime:0.000287s ]
SQL: SHOW COLUMNS FROM `xm_users` [ RunTime:0.004819s ]
ERR: Action:form您所请求的方法不存在！

[ 2015-04-02T15:52:36+08:00 ] 0.0.0.0 /thinkphp3.1/index.php?m=UserCenter&a=updateInfo
INFO: [ app_begin ] --START--
INFO: ReadHtmlCache Behavior ::run [ RunTime:0.000672s ]
INFO: [ app_begin ] --END-- [ RunTime:0.000797s ]
NOTIC: 建议使用I方法替代_post
SQL: SHOW COLUMNS FROM `xm_address` [ RunTime:0.005056s ]
SQL: SELECT `aid` FROM `xm_address` WHERE ( province='山东' AND city='烟台' AND area='芝罘区' ) LIMIT 1   [ RunTime:0.000311s ]
SQL: SHOW COLUMNS FROM `xm_users` [ RunTime:0.005026s ]
NOTIC: [8] Undefined offset: 0 D:\wamp\www\ThinkPHP3.1\ThinkPHP\Lib\Core\Db.class.php 第 282 行.
SQL: UPDATE `xm_users` SET `username`='1451583383',`sex`=3,`age`=100,`school`='鲁东大学',`phone`='13345678910',`qq`='962783114',`exp`='干过兼职，干过保姆，干过小蜜',`intent`='a:1:{i:0;s:1:\"1\";}' WHERE ( uid = '1' ) [ RunTime:0.135895s ]

[ 2015-04-02T15:52:41+08:00 ] 0.0.0.0 /thinkphp3.1/index.php?m=UserCenter&a=updateInfo
INFO: [ app_begin ] --START--
INFO: ReadHtmlCache Behavior ::run [ RunTime:0.001102s ]
INFO: [ app_begin ] --END-- [ RunTime:0.001244s ]
NOTIC: 建议使用I方法替代_post
SQL: SHOW COLUMNS FROM `xm_address` [ RunTime:0.004764s ]
SQL: SELECT `aid` FROM `xm_address` WHERE ( province='山东' AND city='烟台' AND area='芝罘区' ) LIMIT 1   [ RunTime:0.000361s ]
SQL: SHOW COLUMNS FROM `xm_users` [ RunTime:0.005421s ]
NOTIC: [8] Undefined offset: 0 D:\wamp\www\ThinkPHP3.1\ThinkPHP\Lib\Core\Db.class.php 第 282 行.
SQL: UPDATE `xm_users` SET `username`='1451583383',`sex`=3,`age`=100,`school`='鲁东大学',`phone`='13345678910',`qq`='962783114',`exp`='干过兼职，干过保姆，干过小蜜',`intent`='a:1:{i:0;s:1:\"1\";}' WHERE ( uid = '1' ) [ RunTime:0.027213s ]

[ 2015-04-02T15:56:49+08:00 ] 0.0.0.0 /thinkphp3.1/index.php?m=UserCenter&a=updateInfo
INFO: [ app_begin ] --START--
INFO: ReadHtmlCache Behavior ::run [ RunTime:0.000706s ]
INFO: [ app_begin ] --END-- [ RunTime:0.000807s ]
NOTIC: 建议使用I方法替代_post
SQL: SHOW COLUMNS FROM `xm_address` [ RunTime:0.004853s ]
SQL: SELECT `aid` FROM `xm_address` WHERE ( province='山东' AND city='烟台' AND area='芝罘区' ) LIMIT 1   [ RunTime:0.000306s ]
SQL: SHOW COLUMNS FROM `xm_users` [ RunTime:0.005057s ]
NOTIC: [8] Undefined offset: 0 D:\wamp\www\ThinkPHP3.1\ThinkPHP\Lib\Core\Db.class.php 第 282 行.
SQL: UPDATE `xm_users` SET `username`='1451583383',`sex`=3,`age`=100,`school`='鲁东大学',`phone`='13345678910',`qq`='962783114',`exp`='干过兼职，干过保姆，干过小蜜',`intent`='a:2:{i:0;s:1:\"1\";i:1;s:1:\"2\";}' WHERE ( uid = '1' ) [ RunTime:0.205547s ]

[ 2015-04-02T15:57:05+08:00 ] 0.0.0.0 /thinkphp3.1/index.php?m=UserCenter&a=updateInfo
INFO: [ app_begin ] --START--
INFO: ReadHtmlCache Behavior ::run [ RunTime:0.000719s ]
INFO: [ app_begin ] --END-- [ RunTime:0.000822s ]
NOTIC: 建议使用I方法替代_post
SQL: SHOW COLUMNS FROM `xm_address` [ RunTime:0.004876s ]
SQL: SELECT `aid` FROM `xm_address` WHERE ( province='山东' AND city='烟台' AND area='芝罘区' ) LIMIT 1   [ RunTime:0.000285s ]
SQL: SHOW COLUMNS FROM `xm_users` [ RunTime:0.005275s ]
NOTIC: [8] Undefined offset: 0 D:\wamp\www\ThinkPHP3.1\ThinkPHP\Lib\Core\Db.class.php 第 282 行.
SQL: UPDATE `xm_users` SET `username`='1451583383',`sex`=3,`age`=100,`school`='鲁东大学',`phone`='13345678910',`qq`='962783114',`exp`='干过兼职，干过保姆，干过小蜜',`intent`='a:3:{i:0;s:1:\"1\";i:1;s:1:\"2\";i:2;s:1:\"3\";}' WHERE ( uid = '1' ) [ RunTime:0.154764s ]

[ 2015-04-02T15:57:34+08:00 ] 0.0.0.0 /thinkphp3.1/index.php?m=UserCenter&a=updateInfo
INFO: [ app_begin ] --START--
INFO: ReadHtmlCache Behavior ::run [ RunTime:0.000727s ]
INFO: [ app_begin ] --END-- [ RunTime:0.000831s ]
NOTIC: 建议使用I方法替代_post
SQL: SHOW COLUMNS FROM `xm_address` [ RunTime:0.005369s ]
SQL: SELECT `aid` FROM `xm_address` WHERE ( province='山东' AND city='烟台' AND area='芝罘区' ) LIMIT 1   [ RunTime:0.033394s ]
SQL: SHOW COLUMNS FROM `xm_users` [ RunTime:0.005214s ]
NOTIC: [8] Undefined offset: 0 D:\wamp\www\ThinkPHP3.1\ThinkPHP\Lib\Core\Db.class.php 第 282 行.
SQL: UPDATE `xm_users` SET `username`='1451583383',`sex`=3,`age`=100,`school`='鲁东大学',`phone`='13345678910',`qq`='962783114',`exp`='干过兼职，干过保姆，干过小蜜',`intent`='a:3:{i:0;s:1:\"1\";i:1;s:1:\"2\";i:2;s:1:\"3\";}' WHERE ( uid = '1' ) [ RunTime:0.000305s ]

[ 2015-04-02T15:57:39+08:00 ] 0.0.0.0 /thinkphp3.1/index.php?m=UserCenter&a=updateInfo
INFO: [ app_begin ] --START--
INFO: ReadHtmlCache Behavior ::run [ RunTime:0.000664s ]
INFO: [ app_begin ] --END-- [ RunTime:0.000764s ]
NOTIC: 建议使用I方法替代_post
SQL: SHOW COLUMNS FROM `xm_address` [ RunTime:0.005587s ]
SQL: SELECT `aid` FROM `xm_address` WHERE ( province='山东' AND city='烟台' AND area='芝罘区' ) LIMIT 1   [ RunTime:0.000298s ]
SQL: SHOW COLUMNS FROM `xm_users` [ RunTime:0.005224s ]
NOTIC: [8] Undefined offset: 0 D:\wamp\www\ThinkPHP3.1\ThinkPHP\Lib\Core\Db.class.php 第 282 行.
SQL: UPDATE `xm_users` SET `username`='1451583383',`sex`=3,`age`=100,`school`='鲁东大学',`phone`='13345678910',`qq`='962783114',`exp`='干过兼职，干过保姆，干过小蜜',`intent`='a:4:{i:0;s:1:\"1\";i:1;s:1:\"2\";i:2;s:1:\"3\";i:3;s:1:\"4\";}' WHERE ( uid = '1' ) [ RunTime:0.104892s ]

[ 2015-04-02T17:00:55+08:00 ] 0.0.0.0 /thinkphp3.1/index.php?m=UserCenter&a=updateInfo
INFO: [ app_begin ] --START--
INFO: ReadHtmlCache Behavior ::run [ RunTime:0.000723s ]
INFO: [ app_begin ] --END-- [ RunTime:0.000824s ]
NOTIC: 建议使用I方法替代_post
SQL: SHOW COLUMNS FROM `xm_address` [ RunTime:0.005223s ]
SQL: SELECT `aid` FROM `xm_address` WHERE ( province='山东' AND city='烟台' AND area='芝罘区' ) LIMIT 1   [ RunTime:0.000397s ]
SQL: SHOW COLUMNS FROM `xm_users` [ RunTime:0.007312s ]
NOTIC: [8] Undefined offset: 0 D:\wamp\www\ThinkPHP3.1\ThinkPHP\Lib\Core\Db.class.php 第 282 行.
SQL: UPDATE `xm_users` SET `username`='1451583383',`sex`=3,`age`=100,`school`='鲁东大学',`phone`='13345678910',`qq`='962783114',`exp`='干过兼职，干过保姆，干过小蜜',`intent`='a:5:{i:0;s:1:\"1\";i:1;s:1:\"2\";i:2;s:1:\"3\";i:3;s:1:\"4\";i:4;s:1:\"5\";}' WHERE ( uid = '1' ) [ RunTime:0.107575s ]

[ 2015-04-02T21:16:56+08:00 ] 0.0.0.0 /thinkphp3.1/index.php?m=ChangeCity&a=ChangeCity&aid=2
INFO: [ app_begin ] --START--
INFO: ReadHtmlCache Behavior ::run [ RunTime:0.000742s ]
INFO: [ app_begin ] --END-- [ RunTime:0.017789s ]
NOTIC: 建议使用I方法替代_get
SQL: SHOW COLUMNS FROM `xm_address` [ RunTime:0.004703s ]
NOTIC: 建议使用I方法替代_get
SQL: SELECT `city`,`area` FROM `xm_address` WHERE ( aid=2 ) LIMIT 1   [ RunTime:0.021257s ]

[ 2015-04-02T21:32:44+08:00 ] 0.0.0.0 /thinkphp3.1/index.php?m=JobsInfo&a=index&jid=26
NOTIC: 建议使用I方法替代_get

[ 2015-04-02T21:32:51+08:00 ] 0.0.0.0 /thinkphp3.1/index.php?m=JobsInfo&a=index&jid=26
NOTIC: 建议使用I方法替代_get

[ 2015-04-02T21:33:56+08:00 ] 0.0.0.0 /thinkphp3.1/index.php?m=JobsInfo&a=index&jid=26
NOTIC: 建议使用I方法替代_post

[ 2015-04-02T21:34:18+08:00 ] 0.0.0.0 /thinkphp3.1/index.php?m=JobsInfo&a=index&jid=26
NOTIC: 建议使用I方法替代_get

[ 2015-04-02T21:37:48+08:00 ] 0.0.0.0 /thinkphp3.1/index.php?m=JobsInfo&a=index&jid=26
NOTIC: 建议使用I方法替代_get

[ 2015-04-02T21:45:58+08:00 ] 0.0.0.0 /thinkphp3.1/index.php?m=JobsInfo&a=index&jid=26
NOTIC: 建议使用I方法替代_get

[ 2015-04-02T21:46:54+08:00 ] 0.0.0.0 /thinkphp3.1/index.php?m=JobsInfo&a=index&jid=26
NOTIC: 建议使用I方法替代_get

[ 2015-04-02T21:47:11+08:00 ] 0.0.0.0 /thinkphp3.1/index.php?m=JobsInfo&a=index&jid=26
NOTIC: 建议使用I方法替代_get

[ 2015-04-02T21:47:23+08:00 ] 0.0.0.0 /thinkphp3.1/index.php?m=JobsInfo&a=index&jid=26
NOTIC: 建议使用I方法替代_get

[ 2015-04-02T21:47:59+08:00 ] 0.0.0.0 /thinkphp3.1/index.php?m=JobsInfo&a=index&jid=26
NOTIC: 建议使用I方法替代_get

[ 2015-04-02T21:48:08+08:00 ] 0.0.0.0 /thinkphp3.1/index.php?m=JobsInfo&a=index&jid=26
NOTIC: 建议使用I方法替代_get

[ 2015-04-02T21:48:28+08:00 ] 0.0.0.0 /thinkphp3.1/index.php?m=JobsInfo&a=index&jid=26
NOTIC: 建议使用I方法替代_get

[ 2015-04-02T21:48:29+08:00 ] 0.0.0.0 /thinkphp3.1/index.php?m=ApplyJob&a=apply
INFO: [ app_begin ] --START--
INFO: ReadHtmlCache Behavior ::run [ RunTime:0.000524s ]
INFO: [ app_begin ] --END-- [ RunTime:0.000624s ]

[ 2015-04-02T21:48:51+08:00 ] 0.0.0.0 /thinkphp3.1/index.php?m=Login&a=login
INFO: [ app_begin ] --START--
INFO: ReadHtmlCache Behavior ::run [ RunTime:0.000798s ]
INFO: [ app_begin ] --END-- [ RunTime:0.000936s ]
NOTIC: 建议使用I方法替代_post
NOTIC: 建议使用I方法替代_post
NOTIC: 建议使用I方法替代_post
NOTIC: [8] Undefined variable: passwd D:\wamp\www\ThinkPHP3.1\Lib\Action\LoginAction.class.php 第 35 行.
SQL: SHOW COLUMNS FROM `xm_users` [ RunTime:0.004840s ]
SQL: SHOW COLUMNS FROM `xm_orgs` [ RunTime:0.004726s ]
SQL: SELECT `uid` FROM `xm_users` WHERE ( email='1451583383@qq.com' ) LIMIT 1   [ RunTime:0.000289s ]
SQL: SELECT `uid`,`username` FROM `xm_users` WHERE ( email='1451583383@qq.com' AND passwd='21232f297a57a5a743894a0e4a801fc3' ) LIMIT 1   [ RunTime:0.000236s ]

[ 2015-04-02T21:49:01+08:00 ] 0.0.0.0 /thinkphp3.1/index.php?m=JobsInfo&a=index&jid=25
NOTIC: 建议使用I方法替代_get

[ 2015-04-02T21:49:04+08:00 ] 0.0.0.0 /thinkphp3.1/index.php?m=ApplyJob&a=apply
INFO: [ app_begin ] --START--
INFO: ReadHtmlCache Behavior ::run [ RunTime:0.000461s ]
INFO: [ app_begin ] --END-- [ RunTime:0.000560s ]
SQL: SHOW COLUMNS FROM `xm_apply` [ RunTime:0.004692s ]
SQL: INSERT INTO `xm_apply` (`app_uid`,`ctime`) VALUES (25,1427982544) [ RunTime:0.109615s ]

[ 2015-04-02T21:49:40+08:00 ] 0.0.0.0 /thinkphp3.1/index.php?m=ApplyJob&a=apply
INFO: [ app_begin ] --START--
INFO: ReadHtmlCache Behavior ::run [ RunTime:0.000713s ]
INFO: [ app_begin ] --END-- [ RunTime:0.000821s ]
SQL: SHOW COLUMNS FROM `xm_apply` [ RunTime:0.004562s ]
SQL: INSERT INTO `xm_apply` (`app_uid`,`app_jid`,`ctime`) VALUES (1,25,1427982580) [ RunTime:0.084444s ]

[ 2015-04-02T21:53:07+08:00 ] 0.0.0.0 /thinkphp3.1/index.php?m=ApplyJob&a=apply
INFO: [ app_begin ] --START--
INFO: ReadHtmlCache Behavior ::run [ RunTime:0.000671s ]
INFO: [ app_begin ] --END-- [ RunTime:0.000864s ]
SQL: SHOW COLUMNS FROM `xm_apply` [ RunTime:0.004871s ]
SQL: SELECT * FROM `xm_apply` WHERE ( app_uid=1 AND app_jid=25 ) LIMIT 1   [ RunTime:0.000333s ]

[ 2015-04-02T21:53:10+08:00 ] 0.0.0.0 /thinkphp3.1/index.php?m=ApplyJob&a=apply
INFO: [ app_begin ] --START--
INFO: ReadHtmlCache Behavior ::run [ RunTime:0.000655s ]
INFO: [ app_begin ] --END-- [ RunTime:0.000769s ]
SQL: SHOW COLUMNS FROM `xm_apply` [ RunTime:0.005170s ]
SQL: SELECT * FROM `xm_apply` WHERE ( app_uid=1 AND app_jid=25 ) LIMIT 1   [ RunTime:0.000290s ]

[ 2015-04-02T21:53:18+08:00 ] 0.0.0.0 /thinkphp3.1/index.php?m=JobsInfo&a=index&jid=22
NOTIC: 建议使用I方法替代_get

[ 2015-04-02T21:53:21+08:00 ] 0.0.0.0 /thinkphp3.1/index.php?m=ApplyJob&a=apply
INFO: [ app_begin ] --START--
INFO: ReadHtmlCache Behavior ::run [ RunTime:0.000586s ]
INFO: [ app_begin ] --END-- [ RunTime:0.000702s ]
SQL: SHOW COLUMNS FROM `xm_apply` [ RunTime:0.004863s ]
SQL: SELECT * FROM `xm_apply` WHERE ( app_uid=1 AND app_jid=22 ) LIMIT 1   [ RunTime:0.000300s ]
SQL: INSERT INTO `xm_apply` (`app_uid`,`app_jid`,`ctime`) VALUES (1,22,1427982801) [ RunTime:0.110906s ]

[ 2015-04-02T21:53:23+08:00 ] 0.0.0.0 /thinkphp3.1/index.php?m=ApplyJob&a=apply
INFO: [ app_begin ] --START--
INFO: ReadHtmlCache Behavior ::run [ RunTime:0.000764s ]
INFO: [ app_begin ] --END-- [ RunTime:0.000987s ]
SQL: SHOW COLUMNS FROM `xm_apply` [ RunTime:0.004586s ]
SQL: SELECT * FROM `xm_apply` WHERE ( app_uid=1 AND app_jid=22 ) LIMIT 1   [ RunTime:0.000297s ]

[ 2015-04-02T22:14:49+08:00 ] 0.0.0.0 /thinkphp3.1/index.php?m=JobsInfo&a=index&jid=22
NOTIC: 建议使用I方法替代_get

[ 2015-04-02T22:16:45+08:00 ] 0.0.0.0 /thinkphp3.1/index.php?m=UserCenter&a=updateInfo
INFO: [ app_begin ] --START--
INFO: ReadHtmlCache Behavior ::run [ RunTime:0.000678s ]
INFO: [ app_begin ] --END-- [ RunTime:0.000787s ]
NOTIC: 建议使用I方法替代_post
SQL: SHOW COLUMNS FROM `xm_address` [ RunTime:0.005540s ]
SQL: SELECT `aid` FROM `xm_address` WHERE ( province='山东' AND city='烟台' AND area='芝罘区' ) LIMIT 1   [ RunTime:0.000344s ]
SQL: SHOW COLUMNS FROM `xm_users` [ RunTime:0.004974s ]
NOTIC: [8] Undefined offset: 0 D:\wamp\www\ThinkPHP3.1\ThinkPHP\Lib\Core\Db.class.php 第 282 行.
SQL: UPDATE `xm_users` SET `username`='1451583383',`sex`=3,`age`=100,`school`='鲁东大学',`phone`='13345678910',`qq`='962783114',`exp`='干过兼职，干过保姆，干过小蜜',`intent`='a:5:{i:0;s:1:\"1\";i:1;s:1:\"2\";i:2;s:1:\"3\";i:3;s:1:\"4\";i:4;s:1:\"5\";}' WHERE ( uid = '1' ) [ RunTime:0.117364s ]

[ 2015-04-02T22:21:58+08:00 ] 0.0.0.0 /thinkphp3.1/index.php?m=JobsInfo&a=index&jid=22
NOTIC: 建议使用I方法替代_get

[ 2015-04-02T22:24:15+08:00 ] 0.0.0.0 /thinkphp3.1/index.php?m=JobsInfo&a=index&jid=22
NOTIC: 建议使用I方法替代_get

[ 2015-04-02T22:24:16+08:00 ] 0.0.0.0 /thinkphp3.1/index.php?m=JobsInfo&a=index&jid=22
NOTIC: 建议使用I方法替代_get

