[ 2015-03-20T22:01:39+08:00 ] 0.0.0.0 /thinkphp3.1/index.php?m=Register&a=sendEmail
INFO: [ app_begin ] --START--
INFO: ReadHtmlCache Behavior ::run [ RunTime:0.000577s ]
INFO: [ app_begin ] --END-- [ RunTime:0.000676s ]
NOTIC: 建议使用I方法替代_post

[ 2015-03-20T22:02:09+08:00 ] 0.0.0.0 /thinkphp3.1/index.php?m=Register&a=reg
INFO: [ app_begin ] --START--
INFO: ReadHtmlCache Behavior ::run [ RunTime:0.000765s ]
INFO: [ app_begin ] --END-- [ RunTime:0.000897s ]

[ 2015-03-20T22:03:35+08:00 ] 0.0.0.0 /thinkphp3.1/index.php?m=Register&a=reg
INFO: [ app_begin ] --START--
INFO: ReadHtmlCache Behavior ::run [ RunTime:0.001898s ]
INFO: [ app_begin ] --END-- [ RunTime:0.002091s ]

[ 2015-03-20T22:04:45+08:00 ] 0.0.0.0 /thinkphp3.1/index.php?m=Register&a=reg
INFO: [ app_begin ] --START--
INFO: ReadHtmlCache Behavior ::run [ RunTime:0.001093s ]
INFO: [ app_begin ] --END-- [ RunTime:0.001196s ]
NOTIC: [8] Undefined index: verify D:\wamp\www\ThinkPHP3.1\Lib\Action\RegisterAction.class.php 第 76 行.

[ 2015-03-20T22:07:43+08:00 ] 0.0.0.0 /thinkphp3.1/index.php?m=Register&a=sendEmail
INFO: [ app_begin ] --START--
INFO: ReadHtmlCache Behavior ::run [ RunTime:0.000707s ]
INFO: [ app_begin ] --END-- [ RunTime:0.000823s ]
ERR: 参数错误或者未定义:to

[ 2015-03-20T22:09:21+08:00 ] 0.0.0.0 /thinkphp3.1/index.php?m=Register&a=sendEmail
INFO: [ app_begin ] --START--
INFO: ReadHtmlCache Behavior ::run [ RunTime:0.000473s ]
INFO: [ app_begin ] --END-- [ RunTime:0.000576s ]
NOTIC: 建议使用I方法替代_post

[ 2015-03-20T22:09:43+08:00 ] 0.0.0.0 /thinkphp3.1/index.php?m=Register&a=reg
INFO: [ app_begin ] --START--
INFO: ReadHtmlCache Behavior ::run [ RunTime:0.000573s ]
INFO: [ app_begin ] --END-- [ RunTime:0.000689s ]
NOTIC: [8] Undefined index: email_ver D:\wamp\www\ThinkPHP3.1\Lib\Action\RegisterAction.class.php 第 77 行.

[ 2015-03-20T22:10:43+08:00 ] 0.0.0.0 /thinkphp3.1/index.php?m=Register&a=sendEmail
INFO: [ app_begin ] --START--
INFO: ReadHtmlCache Behavior ::run [ RunTime:0.000612s ]
INFO: [ app_begin ] --END-- [ RunTime:0.000707s ]
NOTIC: 建议使用I方法替代_post

[ 2015-03-20T22:10:58+08:00 ] 0.0.0.0 /thinkphp3.1/index.php?m=Register&a=reg
INFO: [ app_begin ] --START--
INFO: ReadHtmlCache Behavior ::run [ RunTime:0.000445s ]
INFO: [ app_begin ] --END-- [ RunTime:0.000537s ]
NOTIC: [8] Undefined index: email_ver D:\wamp\www\ThinkPHP3.1\Lib\Action\RegisterAction.class.php 第 78 行.

[ 2015-03-20T22:12:42+08:00 ] 0.0.0.0 /thinkphp3.1/index.php?m=Register&a=reg
INFO: [ app_begin ] --START--
INFO: ReadHtmlCache Behavior ::run [ RunTime:0.000463s ]
INFO: [ app_begin ] --END-- [ RunTime:0.000559s ]
NOTIC: [8] Undefined index: email_ver D:\wamp\www\ThinkPHP3.1\Lib\Action\RegisterAction.class.php 第 75 行.

[ 2015-03-20T22:13:39+08:00 ] 0.0.0.0 /thinkphp3.1/index.php?m=Register&a=sendEmail
INFO: [ app_begin ] --START--
INFO: ReadHtmlCache Behavior ::run [ RunTime:0.000695s ]
INFO: [ app_begin ] --END-- [ RunTime:0.000803s ]
NOTIC: 建议使用I方法替代_post

[ 2015-03-20T22:18:51+08:00 ] 0.0.0.0 /thinkphp3.1/index.php?m=Register&a=sendEmail
INFO: [ app_begin ] --START--
INFO: ReadHtmlCache Behavior ::run [ RunTime:0.000580s ]
INFO: [ app_begin ] --END-- [ RunTime:0.000701s ]
NOTIC: 建议使用I方法替代_post

[ 2015-03-20T22:19:03+08:00 ] 0.0.0.0 /thinkphp3.1/index.php?m=Register&a=reg
INFO: [ app_begin ] --START--
INFO: ReadHtmlCache Behavior ::run [ RunTime:0.000645s ]
INFO: [ app_begin ] --END-- [ RunTime:0.000794s ]

[ 2015-03-20T22:20:30+08:00 ] 0.0.0.0 /thinkphp3.1/index.php?m=Register&a=reg
INFO: [ app_begin ] --START--
INFO: ReadHtmlCache Behavior ::run [ RunTime:0.000911s ]
INFO: [ app_begin ] --END-- [ RunTime:0.001023s ]
NOTIC: 建议使用I方法替代_post

[ 2015-03-20T22:22:49+08:00 ] 0.0.0.0 /thinkphp3.1/index.php?m=Register&a=sendEmail
INFO: [ app_begin ] --START--
INFO: ReadHtmlCache Behavior ::run [ RunTime:0.000574s ]
INFO: [ app_begin ] --END-- [ RunTime:0.000668s ]
NOTIC: 建议使用I方法替代_post

[ 2015-03-20T22:23:15+08:00 ] 0.0.0.0 /thinkphp3.1/index.php?m=Register&a=reg
INFO: [ app_begin ] --START--
INFO: ReadHtmlCache Behavior ::run [ RunTime:0.000494s ]
INFO: [ app_begin ] --END-- [ RunTime:0.000598s ]
NOTIC: 建议使用I方法替代_post
NOTIC: 建议使用I方法替代_post

[ 2015-03-20T22:24:19+08:00 ] 0.0.0.0 /thinkphp3.1/index.php?m=Register&a=reg
INFO: [ app_begin ] --START--
INFO: ReadHtmlCache Behavior ::run [ RunTime:0.000490s ]
INFO: [ app_begin ] --END-- [ RunTime:0.000586s ]
NOTIC: 建议使用I方法替代_post
NOTIC: 建议使用I方法替代_post

[ 2015-03-20T22:25:06+08:00 ] 0.0.0.0 /thinkphp3.1/index.php?m=Register&a=reg
INFO: [ app_begin ] --START--
INFO: ReadHtmlCache Behavior ::run [ RunTime:0.000913s ]
INFO: [ app_begin ] --END-- [ RunTime:0.001089s ]
NOTIC: 建议使用I方法替代_post
NOTIC: 建议使用I方法替代_post

[ 2015-03-20T22:25:31+08:00 ] 0.0.0.0 /thinkphp3.1/index.php?m=Register&a=reg
INFO: [ app_begin ] --START--
INFO: ReadHtmlCache Behavior ::run [ RunTime:0.000768s ]
INFO: [ app_begin ] --END-- [ RunTime:0.000874s ]
NOTIC: 建议使用I方法替代_post

[ 2015-03-20T22:26:31+08:00 ] 0.0.0.0 /thinkphp3.1/index.php?m=Register&a=reg
INFO: [ app_begin ] --START--
INFO: ReadHtmlCache Behavior ::run [ RunTime:0.000456s ]
INFO: [ app_begin ] --END-- [ RunTime:0.000559s ]
NOTIC: 建议使用I方法替代_post
NOTIC: 建议使用I方法替代_post

[ 2015-03-20T22:26:50+08:00 ] 0.0.0.0 /thinkphp3.1/index.php?m=Register&a=reg
INFO: [ app_begin ] --START--
INFO: ReadHtmlCache Behavior ::run [ RunTime:0.000539s ]
INFO: [ app_begin ] --END-- [ RunTime:0.000653s ]
NOTIC: 建议使用I方法替代_post
NOTIC: 建议使用I方法替代_post

[ 2015-03-20T22:27:21+08:00 ] 0.0.0.0 /thinkphp3.1/index.php?m=Register&a=reg
INFO: [ app_begin ] --START--
INFO: ReadHtmlCache Behavior ::run [ RunTime:0.000640s ]
INFO: [ app_begin ] --END-- [ RunTime:0.000739s ]
NOTIC: 建议使用I方法替代_post
NOTIC: 建议使用I方法替代_post

[ 2015-03-20T22:27:49+08:00 ] 0.0.0.0 /thinkphp3.1/index.php?m=Register&a=reg
INFO: [ app_begin ] --START--
INFO: ReadHtmlCache Behavior ::run [ RunTime:0.000634s ]
INFO: [ app_begin ] --END-- [ RunTime:0.000748s ]
NOTIC: 建议使用I方法替代_post
NOTIC: 建议使用I方法替代_post

[ 2015-03-20T22:28:07+08:00 ] 0.0.0.0 /thinkphp3.1/index.php?m=Register&a=reg
INFO: [ app_begin ] --START--
INFO: ReadHtmlCache Behavior ::run [ RunTime:0.000505s ]
INFO: [ app_begin ] --END-- [ RunTime:0.000596s ]
NOTIC: 建议使用I方法替代_post
NOTIC: 建议使用I方法替代_post

[ 2015-03-20T22:28:38+08:00 ] 0.0.0.0 /thinkphp3.1/index.php?m=Register&a=reg
INFO: [ app_begin ] --START--
INFO: ReadHtmlCache Behavior ::run [ RunTime:0.000502s ]
INFO: [ app_begin ] --END-- [ RunTime:0.000597s ]
NOTIC: 建议使用I方法替代_post
NOTIC: 建议使用I方法替代_post

[ 2015-03-20T22:30:13+08:00 ] 0.0.0.0 /thinkphp3.1/index.php?m=Register&a=reg
INFO: [ app_begin ] --START--
INFO: ReadHtmlCache Behavior ::run [ RunTime:0.000615s ]
INFO: [ app_begin ] --END-- [ RunTime:0.000719s ]
NOTIC: 建议使用I方法替代_post
NOTIC: 建议使用I方法替代_post

[ 2015-03-20T22:30:48+08:00 ] 0.0.0.0 /thinkphp3.1/index.php?m=Register&a=reg
INFO: [ app_begin ] --START--
INFO: ReadHtmlCache Behavior ::run [ RunTime:0.000467s ]
INFO: [ app_begin ] --END-- [ RunTime:0.000559s ]

[ 2015-03-20T22:31:03+08:00 ] 0.0.0.0 /thinkphp3.1/index.php?m=Register&a=reg
INFO: [ app_begin ] --START--
INFO: ReadHtmlCache Behavior ::run [ RunTime:0.000500s ]
INFO: [ app_begin ] --END-- [ RunTime:0.000605s ]

[ 2015-03-20T22:31:27+08:00 ] 0.0.0.0 /thinkphp3.1/index.php?m=Register&a=reg
INFO: [ app_begin ] --START--
INFO: ReadHtmlCache Behavior ::run [ RunTime:0.000562s ]
INFO: [ app_begin ] --END-- [ RunTime:0.000665s ]
NOTIC: 建议使用I方法替代_post
NOTIC: 建议使用I方法替代_post

[ 2015-03-20T22:32:36+08:00 ] 0.0.0.0 /thinkphp3.1/index.php?m=Register&a=reg
INFO: [ app_begin ] --START--
INFO: ReadHtmlCache Behavior ::run [ RunTime:0.000592s ]
INFO: [ app_begin ] --END-- [ RunTime:0.000711s ]
NOTIC: 建议使用I方法替代_post
NOTIC: 建议使用I方法替代_post
NOTIC: 建议使用I方法替代_post

[ 2015-03-20T22:33:25+08:00 ] 0.0.0.0 /thinkphp3.1/index.php?m=Register&a=reg
INFO: [ app_begin ] --START--
INFO: ReadHtmlCache Behavior ::run [ RunTime:0.000500s ]
INFO: [ app_begin ] --END-- [ RunTime:0.000611s ]
NOTIC: 建议使用I方法替代_post
NOTIC: 建议使用I方法替代_post
NOTIC: 建议使用I方法替代_post

[ 2015-03-20T22:33:55+08:00 ] 0.0.0.0 /thinkphp3.1/index.php?m=Register&a=reg
INFO: [ app_begin ] --START--
INFO: ReadHtmlCache Behavior ::run [ RunTime:0.000506s ]
INFO: [ app_begin ] --END-- [ RunTime:0.000607s ]
NOTIC: 建议使用I方法替代_post
NOTIC: 建议使用I方法替代_post
NOTIC: 建议使用I方法替代_post

[ 2015-03-20T22:34:19+08:00 ] 0.0.0.0 /thinkphp3.1/index.php?m=Register&a=reg
INFO: [ app_begin ] --START--
INFO: ReadHtmlCache Behavior ::run [ RunTime:0.000442s ]
INFO: [ app_begin ] --END-- [ RunTime:0.000536s ]
NOTIC: 建议使用I方法替代_post
NOTIC: 建议使用I方法替代_post
NOTIC: 建议使用I方法替代_post

[ 2015-03-20T22:34:35+08:00 ] 0.0.0.0 /thinkphp3.1/index.php?m=Register&a=reg
INFO: [ app_begin ] --START--
INFO: ReadHtmlCache Behavior ::run [ RunTime:0.000506s ]
INFO: [ app_begin ] --END-- [ RunTime:0.000605s ]
NOTIC: 建议使用I方法替代_post
NOTIC: 建议使用I方法替代_post

[ 2015-03-20T22:34:49+08:00 ] 0.0.0.0 /thinkphp3.1/index.php?m=Register&a=reg
INFO: [ app_begin ] --START--
INFO: ReadHtmlCache Behavior ::run [ RunTime:0.000594s ]
INFO: [ app_begin ] --END-- [ RunTime:0.000704s ]
NOTIC: 建议使用I方法替代_post
NOTIC: 建议使用I方法替代_post

[ 2015-03-20T22:35:43+08:00 ] 0.0.0.0 /thinkphp3.1/index.php?m=Register&a=reg
INFO: [ app_begin ] --START--
INFO: ReadHtmlCache Behavior ::run [ RunTime:0.000475s ]
INFO: [ app_begin ] --END-- [ RunTime:0.000601s ]
NOTIC: 建议使用I方法替代_post
NOTIC: 建议使用I方法替代_post

[ 2015-03-20T22:36:08+08:00 ] 0.0.0.0 /thinkphp3.1/index.php?m=Register&a=reg
INFO: [ app_begin ] --START--
INFO: ReadHtmlCache Behavior ::run [ RunTime:0.000498s ]
INFO: [ app_begin ] --END-- [ RunTime:0.000592s ]
NOTIC: 建议使用I方法替代_post
NOTIC: 建议使用I方法替代_post
NOTIC: 建议使用I方法替代_post

[ 2015-03-20T22:36:35+08:00 ] 0.0.0.0 /thinkphp3.1/index.php?m=Register&a=reg
INFO: [ app_begin ] --START--
INFO: ReadHtmlCache Behavior ::run [ RunTime:0.000551s ]
INFO: [ app_begin ] --END-- [ RunTime:0.000665s ]
NOTIC: 建议使用I方法替代_post
NOTIC: 建议使用I方法替代_post

[ 2015-03-20T22:38:08+08:00 ] 0.0.0.0 /thinkphp3.1/index.php?m=Register&a=reg
INFO: [ app_begin ] --START--
INFO: ReadHtmlCache Behavior ::run [ RunTime:0.000619s ]
INFO: [ app_begin ] --END-- [ RunTime:0.000715s ]
NOTIC: 建议使用I方法替代_post
NOTIC: 建议使用I方法替代_post
NOTIC: 建议使用I方法替代_post

[ 2015-03-20T22:38:49+08:00 ] 0.0.0.0 /thinkphp3.1/index.php?m=Register&a=sendEmail
INFO: [ app_begin ] --START--
INFO: ReadHtmlCache Behavior ::run [ RunTime:0.000523s ]
INFO: [ app_begin ] --END-- [ RunTime:0.000653s ]
NOTIC: 建议使用I方法替代_post

[ 2015-03-20T22:38:56+08:00 ] 0.0.0.0 /thinkphp3.1/index.php?m=Register&a=reg
INFO: [ app_begin ] --START--
INFO: ReadHtmlCache Behavior ::run [ RunTime:0.000811s ]
INFO: [ app_begin ] --END-- [ RunTime:0.000910s ]
NOTIC: 建议使用I方法替代_post
NOTIC: 建议使用I方法替代_post

[ 2015-03-20T22:47:22+08:00 ] 0.0.0.0 /thinkphp3.1/index.php?m=Register&a=reg
INFO: [ app_begin ] --START--
INFO: ReadHtmlCache Behavior ::run [ RunTime:0.000749s ]
INFO: [ app_begin ] --END-- [ RunTime:0.000852s ]
NOTIC: 建议使用I方法替代_post

[ 2015-03-20T22:47:56+08:00 ] 0.0.0.0 /thinkphp3.1/index.php?m=Register&a=reg
INFO: [ app_begin ] --START--
INFO: ReadHtmlCache Behavior ::run [ RunTime:0.000600s ]
INFO: [ app_begin ] --END-- [ RunTime:0.000699s ]
NOTIC: 建议使用I方法替代_post

[ 2015-03-20T22:48:26+08:00 ] 0.0.0.0 /thinkphp3.1/index.php?m=Register&a=reg
INFO: [ app_begin ] --START--
INFO: ReadHtmlCache Behavior ::run [ RunTime:0.000637s ]
INFO: [ app_begin ] --END-- [ RunTime:0.000736s ]
NOTIC: 建议使用I方法替代_post

[ 2015-03-20T22:48:47+08:00 ] 0.0.0.0 /thinkphp3.1/index.php?m=Register&a=reg
INFO: [ app_begin ] --START--
INFO: ReadHtmlCache Behavior ::run [ RunTime:0.000730s ]
INFO: [ app_begin ] --END-- [ RunTime:0.000852s ]
NOTIC: 建议使用I方法替代_post

[ 2015-03-20T22:49:14+08:00 ] 0.0.0.0 /thinkphp3.1/index.php?m=Register&a=reg
INFO: [ app_begin ] --START--
INFO: ReadHtmlCache Behavior ::run [ RunTime:0.000643s ]
INFO: [ app_begin ] --END-- [ RunTime:0.000776s ]
NOTIC: 建议使用I方法替代_post

[ 2015-03-20T22:50:18+08:00 ] 0.0.0.0 /thinkphp3.1/index.php?m=Register&a=reg
INFO: [ app_begin ] --START--
INFO: ReadHtmlCache Behavior ::run [ RunTime:0.001336s ]
INFO: [ app_begin ] --END-- [ RunTime:0.001443s ]
NOTIC: 建议使用I方法替代_post

[ 2015-03-20T22:51:18+08:00 ] 0.0.0.0 /thinkphp3.1/index.php?m=Register&a=reg
INFO: [ app_begin ] --START--
INFO: ReadHtmlCache Behavior ::run [ RunTime:0.000658s ]
INFO: [ app_begin ] --END-- [ RunTime:0.000769s ]
NOTIC: 建议使用I方法替代_post

[ 2015-03-20T22:51:50+08:00 ] 0.0.0.0 /thinkphp3.1/index.php?m=Register&a=reg
INFO: [ app_begin ] --START--
INFO: ReadHtmlCache Behavior ::run [ RunTime:0.000652s ]
INFO: [ app_begin ] --END-- [ RunTime:0.000753s ]
NOTIC: 建议使用I方法替代_post

[ 2015-03-20T22:52:04+08:00 ] 0.0.0.0 /thinkphp3.1/index.php?m=Register&a=reg
INFO: [ app_begin ] --START--
INFO: ReadHtmlCache Behavior ::run [ RunTime:0.000626s ]
INFO: [ app_begin ] --END-- [ RunTime:0.000725s ]
SQL: SHOW COLUMNS FROM `xm_orgs` [ RunTime:0.134400s ]

[ 2015-03-20T22:52:57+08:00 ] 0.0.0.0 /thinkphp3.1/index.php?m=Register&a=reg
INFO: [ app_begin ] --START--
INFO: ReadHtmlCache Behavior ::run [ RunTime:0.000729s ]
INFO: [ app_begin ] --END-- [ RunTime:0.000854s ]
NOTIC: 建议使用I方法替代_post

[ 2015-03-20T22:53:25+08:00 ] 0.0.0.0 /thinkphp3.1/index.php?m=Register&a=reg
INFO: [ app_begin ] --START--
INFO: ReadHtmlCache Behavior ::run [ RunTime:0.000804s ]
INFO: [ app_begin ] --END-- [ RunTime:0.000924s ]
NOTIC: 建议使用I方法替代_post

[ 2015-03-20T22:54:17+08:00 ] 0.0.0.0 /thinkphp3.1/index.php?m=Register&a=reg
INFO: [ app_begin ] --START--
INFO: ReadHtmlCache Behavior ::run [ RunTime:0.000669s ]
INFO: [ app_begin ] --END-- [ RunTime:0.000801s ]
NOTIC: 建议使用I方法替代_post
NOTIC: 建议使用I方法替代_post
SQL: SHOW COLUMNS FROM `xm_orgs` [ RunTime:0.006253s ]

[ 2015-03-20T22:54:40+08:00 ] 0.0.0.0 /thinkphp3.1/index.php?m=Register&a=reg
INFO: [ app_begin ] --START--
INFO: ReadHtmlCache Behavior ::run [ RunTime:0.000626s ]
INFO: [ app_begin ] --END-- [ RunTime:0.000726s ]
NOTIC: 建议使用I方法替代_post
SQL: SHOW COLUMNS FROM `xm_orgs` [ RunTime:0.004752s ]

[ 2015-03-20T22:55:32+08:00 ] 0.0.0.0 /thinkphp3.1/index.php?m=Register&a=reg
INFO: [ app_begin ] --START--
INFO: ReadHtmlCache Behavior ::run [ RunTime:0.000943s ]
INFO: [ app_begin ] --END-- [ RunTime:0.001059s ]
NOTIC: 建议使用I方法替代_post
SQL: SHOW COLUMNS FROM `xm_orgs` [ RunTime:0.005821s ]

[ 2015-03-20T22:56:33+08:00 ] 0.0.0.0 /thinkphp3.1/index.php?m=Register&a=reg
INFO: [ app_begin ] --START--
INFO: ReadHtmlCache Behavior ::run [ RunTime:0.000648s ]
INFO: [ app_begin ] --END-- [ RunTime:0.000748s ]
NOTIC: 建议使用I方法替代_post
SQL: SHOW COLUMNS FROM `xm_orgs` [ RunTime:0.004552s ]

[ 2015-03-20T23:10:48+08:00 ] 0.0.0.0 /thinkphp3.1/index.php?m=Register&a=reg
INFO: [ app_begin ] --START--
INFO: ReadHtmlCache Behavior ::run [ RunTime:0.000823s ]
INFO: [ app_begin ] --END-- [ RunTime:0.000942s ]
NOTIC: 建议使用I方法替代_post
SQL: SHOW COLUMNS FROM `xm_orgs` [ RunTime:0.005260s ]

[ 2015-03-20T23:11:15+08:00 ] 0.0.0.0 /thinkphp3.1/index.php?m=Register&a=reg
INFO: [ app_begin ] --START--
INFO: ReadHtmlCache Behavior ::run [ RunTime:0.000723s ]
INFO: [ app_begin ] --END-- [ RunTime:0.000828s ]
NOTIC: 建议使用I方法替代_post
SQL: SHOW COLUMNS FROM `xm_orgs` [ RunTime:0.035076s ]

[ 2015-03-20T23:11:49+08:00 ] 0.0.0.0 /thinkphp3.1/index.php?m=Register&a=reg
INFO: [ app_begin ] --START--
INFO: ReadHtmlCache Behavior ::run [ RunTime:0.000728s ]
INFO: [ app_begin ] --END-- [ RunTime:0.000829s ]
NOTIC: 建议使用I方法替代_post
SQL: SHOW COLUMNS FROM `xm_orgs` [ RunTime:0.005111s ]
SQL: INSERT INTO `xm_orgs` (`passwd`) VALUES (null) [ RunTime:0.022652s ]
ERR: 1048:Column 'passwd' cannot be null
 [ SQL语句 ] : INSERT INTO `xm_orgs` (`passwd`) VALUES (null)

[ 2015-03-20T23:14:49+08:00 ] 0.0.0.0 /thinkphp3.1/index.php?m=Register&a=reg
INFO: [ app_begin ] --START--
INFO: ReadHtmlCache Behavior ::run [ RunTime:0.000887s ]
INFO: [ app_begin ] --END-- [ RunTime:0.001024s ]
NOTIC: 建议使用I方法替代_post
SQL: SHOW COLUMNS FROM `xm_orgs` [ RunTime:0.005279s ]
SQL: INSERT INTO `xm_orgs` (`passwd`) VALUES ('d41d8cd98f00b204e9800998ecf8427e') [ RunTime:0.154708s ]

[ 2015-03-20T23:15:19+08:00 ] 0.0.0.0 /thinkphp3.1/index.php?m=Register&a=reg
INFO: [ app_begin ] --START--
INFO: ReadHtmlCache Behavior ::run [ RunTime:0.000858s ]
INFO: [ app_begin ] --END-- [ RunTime:0.000988s ]
NOTIC: 建议使用I方法替代_post
SQL: SHOW COLUMNS FROM `xm_orgs` [ RunTime:0.005178s ]
SQL: INSERT INTO `xm_orgs` (`passwd`) VALUES ('d41d8cd98f00b204e9800998ecf8427e') [ RunTime:0.122955s ]

[ 2015-03-20T23:16:43+08:00 ] 0.0.0.0 /thinkphp3.1/index.php?m=Register&a=reg
INFO: [ app_begin ] --START--
INFO: ReadHtmlCache Behavior ::run [ RunTime:0.000712s ]
INFO: [ app_begin ] --END-- [ RunTime:0.000841s ]
NOTIC: 建议使用I方法替代_post
SQL: SHOW COLUMNS FROM `xm_orgs` [ RunTime:0.004989s ]
SQL: INSERT INTO `xm_orgs` (`passwd`) VALUES ('d41d8cd98f00b204e9800998ecf8427e') [ RunTime:0.180770s ]

[ 2015-03-20T23:17:11+08:00 ] 0.0.0.0 /thinkphp3.1/index.php?m=Register&a=reg
INFO: [ app_begin ] --START--
INFO: ReadHtmlCache Behavior ::run [ RunTime:0.001088s ]
INFO: [ app_begin ] --END-- [ RunTime:0.001188s ]
NOTIC: 建议使用I方法替代_post
SQL: SHOW COLUMNS FROM `xm_orgs` [ RunTime:0.004925s ]
SQL: INSERT INTO `xm_orgs` (`passwd`) VALUES ('d41d8cd98f00b204e9800998ecf8427e') [ RunTime:0.182828s ]

[ 2015-03-20T23:18:47+08:00 ] 0.0.0.0 /thinkphp3.1/index.php?m=Register&a=reg
INFO: [ app_begin ] --START--
INFO: ReadHtmlCache Behavior ::run [ RunTime:0.000771s ]
INFO: [ app_begin ] --END-- [ RunTime:0.000871s ]
NOTIC: 建议使用I方法替代_post
SQL: SHOW COLUMNS FROM `xm_orgs` [ RunTime:0.005466s ]
SQL: INSERT INTO `xm_orgs` (`passwd`) VALUES ('d41d8cd98f00b204e9800998ecf8427e') [ RunTime:0.109067s ]

[ 2015-03-20T23:19:18+08:00 ] 0.0.0.0 /thinkphp3.1/index.php?m=Register&a=reg
INFO: [ app_begin ] --START--
INFO: ReadHtmlCache Behavior ::run [ RunTime:0.000679s ]
INFO: [ app_begin ] --END-- [ RunTime:0.000776s ]
NOTIC: 建议使用I方法替代_post
NOTIC: [8] Undefined index: address D:\wamp\www\ThinkPHP3.1\Lib\Action\RegisterAction.class.php 第 48 行.
SQL: SHOW COLUMNS FROM `xm_users` [ RunTime:0.004986s ]
SQL: INSERT INTO `xm_users` (`email`,`passwd`) VALUES (null,'d41d8cd98f00b204e9800998ecf8427e') [ RunTime:0.000213s ]
ERR: 1048:Column 'email' cannot be null
 [ SQL语句 ] : INSERT INTO `xm_users` (`email`,`passwd`) VALUES (null,'d41d8cd98f00b204e9800998ecf8427e')

[ 2015-03-20T23:24:23+08:00 ] 0.0.0.0 /thinkphp3.1/index.php?m=Register&a=reg
INFO: [ app_begin ] --START--
INFO: ReadHtmlCache Behavior ::run [ RunTime:0.000747s ]
INFO: [ app_begin ] --END-- [ RunTime:0.000857s ]
NOTIC: 建议使用I方法替代_post
SQL: SHOW COLUMNS FROM `xm_users` [ RunTime:0.006560s ]
SQL: INSERT INTO `xm_users` (`email`,`passwd`) VALUES (null,'d41d8cd98f00b204e9800998ecf8427e') [ RunTime:0.000221s ]
ERR: 1048:Column 'email' cannot be null
 [ SQL语句 ] : INSERT INTO `xm_users` (`email`,`passwd`) VALUES (null,'d41d8cd98f00b204e9800998ecf8427e')

[ 2015-03-20T23:26:33+08:00 ] 0.0.0.0 /thinkphp3.1/index.php?m=Register&a=reg
INFO: [ app_begin ] --START--
INFO: ReadHtmlCache Behavior ::run [ RunTime:0.000691s ]
INFO: [ app_begin ] --END-- [ RunTime:0.000790s ]
NOTIC: 建议使用I方法替代_post
SQL: SHOW COLUMNS FROM `xm_users` [ RunTime:0.006536s ]
SQL: INSERT INTO `xm_users` (`email`,`passwd`) VALUES (null,'d41d8cd98f00b204e9800998ecf8427e') [ RunTime:0.000265s ]
ERR: 1048:Column 'email' cannot be null
 [ SQL语句 ] : INSERT INTO `xm_users` (`email`,`passwd`) VALUES (null,'d41d8cd98f00b204e9800998ecf8427e')

[ 2015-03-20T23:29:17+08:00 ] 0.0.0.0 /thinkphp3.1/index.php?m=Register&a=reg
INFO: [ app_begin ] --START--
INFO: ReadHtmlCache Behavior ::run [ RunTime:0.000715s ]
INFO: [ app_begin ] --END-- [ RunTime:0.000829s ]
NOTIC: 建议使用I方法替代_post
SQL: SHOW COLUMNS FROM `xm_users` [ RunTime:0.005033s ]
SQL: INSERT INTO `xm_users` (`email`,`passwd`) VALUES (null,'d41d8cd98f00b204e9800998ecf8427e') [ RunTime:0.000214s ]
ERR: 1048:Column 'email' cannot be null
 [ SQL语句 ] : INSERT INTO `xm_users` (`email`,`passwd`) VALUES (null,'d41d8cd98f00b204e9800998ecf8427e')

[ 2015-03-20T23:31:17+08:00 ] 0.0.0.0 /thinkphp3.1/index.php?m=Register&a=reg
INFO: [ app_begin ] --START--
INFO: ReadHtmlCache Behavior ::run [ RunTime:0.000522s ]
INFO: [ app_begin ] --END-- [ RunTime:0.000651s ]
NOTIC: 建议使用I方法替代_post
SQL: SHOW COLUMNS FROM `xm_users` [ RunTime:0.005340s ]
SQL: INSERT INTO `xm_users` (`email`,`passwd`) VALUES (null,'d41d8cd98f00b204e9800998ecf8427e') [ RunTime:0.000217s ]
ERR: 1048:Column 'email' cannot be null
 [ SQL语句 ] : INSERT INTO `xm_users` (`email`,`passwd`) VALUES (null,'d41d8cd98f00b204e9800998ecf8427e')

[ 2015-03-20T23:32:22+08:00 ] 0.0.0.0 /thinkphp3.1/index.php?m=Register&a=reg
INFO: [ app_begin ] --START--
INFO: ReadHtmlCache Behavior ::run [ RunTime:0.000861s ]
INFO: [ app_begin ] --END-- [ RunTime:0.000987s ]
NOTIC: 建议使用I方法替代_post
SQL: SHOW COLUMNS FROM `xm_users` [ RunTime:0.005403s ]
SQL: INSERT INTO `xm_users` (`email`,`passwd`) VALUES (null,'d41d8cd98f00b204e9800998ecf8427e') [ RunTime:0.000207s ]
ERR: 1048:Column 'email' cannot be null
 [ SQL语句 ] : INSERT INTO `xm_users` (`email`,`passwd`) VALUES (null,'d41d8cd98f00b204e9800998ecf8427e')

[ 2015-03-20T23:33:50+08:00 ] 0.0.0.0 /thinkphp3.1/index.php?m=Register&a=reg
INFO: [ app_begin ] --START--
INFO: ReadHtmlCache Behavior ::run [ RunTime:0.000600s ]
INFO: [ app_begin ] --END-- [ RunTime:0.000713s ]
NOTIC: 建议使用I方法替代_post
SQL: SHOW COLUMNS FROM `xm_users` [ RunTime:0.007211s ]
SQL: INSERT INTO `xm_users` (`email`,`passwd`) VALUES (null,'d41d8cd98f00b204e9800998ecf8427e') [ RunTime:0.000223s ]
ERR: 1048:Column 'email' cannot be null
 [ SQL语句 ] : INSERT INTO `xm_users` (`email`,`passwd`) VALUES (null,'d41d8cd98f00b204e9800998ecf8427e')

[ 2015-03-20T23:36:27+08:00 ] 0.0.0.0 /thinkphp3.1/index.php?m=Register&a=sendEmail
INFO: [ app_begin ] --START--
INFO: ReadHtmlCache Behavior ::run [ RunTime:0.001030s ]
INFO: [ app_begin ] --END-- [ RunTime:0.001193s ]
NOTIC: 建议使用I方法替代_post

[ 2015-03-20T23:36:39+08:00 ] 0.0.0.0 /thinkphp3.1/index.php?m=Register&a=reg
INFO: [ app_begin ] --START--
INFO: ReadHtmlCache Behavior ::run [ RunTime:0.000511s ]
INFO: [ app_begin ] --END-- [ RunTime:0.000619s ]
NOTIC: 建议使用I方法替代_post
SQL: SHOW COLUMNS FROM `xm_users` [ RunTime:0.006495s ]
SQL: INSERT INTO `xm_users` (`email`,`passwd`) VALUES (null,'d41d8cd98f00b204e9800998ecf8427e') [ RunTime:0.000211s ]
ERR: 1048:Column 'email' cannot be null
 [ SQL语句 ] : INSERT INTO `xm_users` (`email`,`passwd`) VALUES (null,'d41d8cd98f00b204e9800998ecf8427e')

[ 2015-03-20T23:38:19+08:00 ] 0.0.0.0 /thinkphp3.1/index.php?m=Register&a=reg
INFO: [ app_begin ] --START--
INFO: ReadHtmlCache Behavior ::run [ RunTime:0.000648s ]
INFO: [ app_begin ] --END-- [ RunTime:0.000775s ]
NOTIC: 建议使用I方法替代_post
SQL: SHOW COLUMNS FROM `xm_users` [ RunTime:0.004761s ]
NOTIC: 建议使用I方法替代_post
NOTIC: 建议使用I方法替代_post
NOTIC: 建议使用I方法替代_post
NOTIC: 建议使用I方法替代_post
SQL: INSERT INTO `xm_users` (`email`,`passwd`) VALUES ('1451583383@qq.com','062af77ea3850e6078c64c71ff142b2e') [ RunTime:0.089490s ]

[ 2015-03-20T23:38:36+08:00 ] 0.0.0.0 /thinkphp3.1/index.php?m=Register&a=reg
INFO: [ app_begin ] --START--
INFO: ReadHtmlCache Behavior ::run [ RunTime:0.000864s ]
INFO: [ app_begin ] --END-- [ RunTime:0.000999s ]
NOTIC: 建议使用I方法替代_post
SQL: SHOW COLUMNS FROM `xm_users` [ RunTime:0.006658s ]
NOTIC: 建议使用I方法替代_post
NOTIC: 建议使用I方法替代_post
NOTIC: 建议使用I方法替代_post
NOTIC: 建议使用I方法替代_post
SQL: INSERT INTO `xm_users` (`email`,`passwd`) VALUES ('1451583383@qq.com','062af77ea3850e6078c64c71ff142b2e') [ RunTime:0.096701s ]

[ 2015-03-20T23:53:34+08:00 ] 0.0.0.0 /thinkphp3.1/index.php?m=Register&a=reg
INFO: [ app_begin ] --START--
INFO: ReadHtmlCache Behavior ::run [ RunTime:0.001017s ]
INFO: [ app_begin ] --END-- [ RunTime:0.001165s ]
NOTIC: 建议使用I方法替代_post

[ 2015-03-20T23:55:39+08:00 ] 0.0.0.0 /thinkphp3.1/index.php?m=Register&a=reg
INFO: [ app_begin ] --START--
INFO: ReadHtmlCache Behavior ::run [ RunTime:0.000720s ]
INFO: [ app_begin ] --END-- [ RunTime:0.000827s ]
NOTIC: 建议使用I方法替代_post

[ 2015-03-20T23:56:10+08:00 ] 0.0.0.0 /thinkphp3.1/index.php?m=Register&a=reg
INFO: [ app_begin ] --START--
INFO: ReadHtmlCache Behavior ::run [ RunTime:0.000646s ]
INFO: [ app_begin ] --END-- [ RunTime:0.000749s ]
NOTIC: 建议使用I方法替代_post
SQL: SHOW COLUMNS FROM `xm_orgs` [ RunTime:0.005069s ]
NOTIC: 建议使用I方法替代_post
NOTIC: 建议使用I方法替代_post
NOTIC: 建议使用I方法替代_post
NOTIC: 建议使用I方法替代_post
SQL: INSERT INTO `xm_orgs` (`passwd`) VALUES ('062af77ea3850e6078c64c71ff142b2e') [ RunTime:0.125539s ]

[ 2015-03-20T23:57:21+08:00 ] 0.0.0.0 /thinkphp3.1/index.php?m=Register&a=reg
INFO: [ app_begin ] --START--
INFO: ReadHtmlCache Behavior ::run [ RunTime:0.000607s ]
INFO: [ app_begin ] --END-- [ RunTime:0.000706s ]
NOTIC: 建议使用I方法替代_post
SQL: SHOW COLUMNS FROM `xm_orgs` [ RunTime:0.004746s ]
NOTIC: 建议使用I方法替代_post
NOTIC: 建议使用I方法替代_post
NOTIC: 建议使用I方法替代_post
NOTIC: 建议使用I方法替代_post
SQL: INSERT INTO `xm_orgs` (`passwd`,`orgname`,`org_address`) VALUES ('062af77ea3850e6078c64c71ff142b2e','sunxiaojiao','sunxiajiao') [ RunTime:0.255227s ]

