[ 2015-06-12T00:00:35+08:00 ] 127.0.0.1 /
INFO: [ app_begin ] --START--
INFO: ReadHtmlCache Behavior ::run [ RunTime:0.000000s ]
INFO: [ app_begin ] --END-- [ RunTime:0.000000s ]
NOTIC: 建议使用I方法替代_get
SQL: SHOW COLUMNS FROM `xm_jobs` [ RunTime:0.009001s ]
SQL: SET sql_mode = 'NO_UNSIGNED_SUBTRACTION' [ RunTime:0.001000s ]
NOTIC: [2] mysql_num_rows() expects parameter 1 to be resource, boolean given D:\wamp\www\ThinkPHP3.1\ThinkPHP\Lib\Driver\Db\DbMysql.class.php 第 109 行.
NOTIC: [2] mysql_free_result() expects parameter 1 to be resource, boolean given D:\wamp\www\ThinkPHP3.1\ThinkPHP\Lib\Driver\Db\DbMysql.class.php 第 80 行.
SQL: SELECT COUNT(*) AS tp_count FROM `xm_jobs` WHERE ( (1434038435- expire_time)<0 AND is_pass=0 AND city='烟台市' ) LIMIT 1   [ RunTime:0.000000s ]
SQL: SELECT `jid`,`title`,`money`,`want_peo`,`current_peo`,`addressname`,`pv`,`ctime` FROM `xm_jobs` WHERE ( (1434038435- expire_time)<0 AND is_pass=0 AND city='烟台市' ) ORDER BY ctime desc LIMIT 0,10   [ RunTime:0.000000s ]
INFO: [ view_parse ] --START--
INFO: ParseTemplate Behavior ::run [ RunTime:0.020001s ]
INFO: [ view_parse ] --END-- [ RunTime:0.020001s ]
INFO: [ view_filter ] --START--
INFO: ContentReplace Behavior ::run [ RunTime:0.001000s ]
INFO: TokenBuild Behavior ::run [ RunTime:0.000000s ]
INFO: WriteHtmlCache Behavior ::run [ RunTime:0.000000s ]
INFO: ShowRuntime Behavior ::run [ RunTime:0.001000s ]
INFO: [ view_filter ] --END-- [ RunTime:0.002000s ]
INFO: [ view_end ] --START--
INFO: ShowPageTrace Behavior ::run [ RunTime:0.000000s ]
INFO: [ view_end ] --END-- [ RunTime:0.001000s ]

[ 2015-06-12T00:01:20+08:00 ] 127.0.0.1 /
INFO: [ app_begin ] --START--
INFO: ReadHtmlCache Behavior ::run [ RunTime:0.001000s ]
INFO: [ app_begin ] --END-- [ RunTime:0.001000s ]
NOTIC: 建议使用I方法替代_get
SQL: SHOW COLUMNS FROM `xm_jobs` [ RunTime:0.010001s ]
SQL: SET sql_mode = 'NO_UNSIGNED_SUBTRACTION' [ RunTime:0.001000s ]
NOTIC: [2] mysql_num_rows() expects parameter 1 to be resource, boolean given D:\wamp\www\ThinkPHP3.1\ThinkPHP\Lib\Driver\Db\DbMysql.class.php 第 109 行.
NOTIC: [2] mysql_free_result() expects parameter 1 to be resource, boolean given D:\wamp\www\ThinkPHP3.1\ThinkPHP\Lib\Driver\Db\DbMysql.class.php 第 80 行.
SQL: SELECT COUNT(*) AS tp_count FROM `xm_jobs` WHERE ( (1434038480- expire_time)<0 AND is_pass=0 AND city='烟台市' ) LIMIT 1   [ RunTime:0.001000s ]
SQL: SELECT `jid`,`title`,`money`,`want_peo`,`current_peo`,`addressname`,`pv`,`ctime` FROM `xm_jobs` WHERE ( (1434038480- expire_time)<0 AND is_pass=0 AND city='烟台市' ) ORDER BY ctime desc LIMIT 0,10   [ RunTime:0.001000s ]
INFO: [ view_parse ] --START--
INFO: ParseTemplate Behavior ::run [ RunTime:0.010001s ]
INFO: [ view_parse ] --END-- [ RunTime:0.010001s ]
INFO: [ view_filter ] --START--
INFO: ContentReplace Behavior ::run [ RunTime:0.000000s ]
INFO: TokenBuild Behavior ::run [ RunTime:0.000000s ]
INFO: WriteHtmlCache Behavior ::run [ RunTime:0.000000s ]
INFO: ShowRuntime Behavior ::run [ RunTime:0.000000s ]
INFO: [ view_filter ] --END-- [ RunTime:0.001000s ]
INFO: [ view_end ] --START--
INFO: ShowPageTrace Behavior ::run [ RunTime:0.001000s ]
INFO: [ view_end ] --END-- [ RunTime:0.001000s ]

[ 2015-06-12T21:06:20+08:00 ] 127.0.0.1 /
INFO: [ app_begin ] --START--
INFO: ReadHtmlCache Behavior ::run [ RunTime:0.019002s ]
INFO: [ app_begin ] --END-- [ RunTime:0.038003s ]
NOTIC: 建议使用I方法替代_get
SQL: SHOW COLUMNS FROM `xm_jobs` [ RunTime:5.177296s ]
SQL: SET sql_mode = 'NO_UNSIGNED_SUBTRACTION' [ RunTime:0.001000s ]
NOTIC: [2] mysql_num_rows() expects parameter 1 to be resource, boolean given D:\wamp\www\ThinkPHP3.1\ThinkPHP\Lib\Driver\Db\DbMysql.class.php 第 109 行.
NOTIC: [2] mysql_free_result() expects parameter 1 to be resource, boolean given D:\wamp\www\ThinkPHP3.1\ThinkPHP\Lib\Driver\Db\DbMysql.class.php 第 80 行.
SQL: SELECT COUNT(*) AS tp_count FROM `xm_jobs` WHERE ( (1434114379- expire_time)<0 AND is_pass=0 AND city='烟台市' ) LIMIT 1   [ RunTime:0.020001s ]
SQL: SELECT `jid`,`title`,`money`,`want_peo`,`current_peo`,`addressname`,`pv`,`ctime` FROM `xm_jobs` WHERE ( (1434114379- expire_time)<0 AND is_pass=0 AND city='烟台市' ) ORDER BY ctime desc LIMIT 0,10   [ RunTime:0.000000s ]
INFO: [ view_parse ] --START--
INFO: ParseTemplate Behavior ::run [ RunTime:0.224013s ]
INFO: [ view_parse ] --END-- [ RunTime:0.224013s ]
INFO: [ view_filter ] --START--
INFO: ContentReplace Behavior ::run [ RunTime:0.013001s ]
INFO: TokenBuild Behavior ::run [ RunTime:0.010000s ]
INFO: WriteHtmlCache Behavior ::run [ RunTime:0.007001s ]
INFO: ShowRuntime Behavior ::run [ RunTime:0.000000s ]
INFO: [ view_filter ] --END-- [ RunTime:0.031002s ]
INFO: [ view_end ] --START--
INFO: ShowPageTrace Behavior ::run [ RunTime:0.052003s ]
INFO: [ view_end ] --END-- [ RunTime:0.052003s ]

[ 2015-06-12T23:08:15+08:00 ] 127.0.0.1 /
INFO: [ app_begin ] --START--
INFO: ReadHtmlCache Behavior ::run [ RunTime:0.000000s ]
INFO: [ app_begin ] --END-- [ RunTime:0.000000s ]
NOTIC: 建议使用I方法替代_get
SQL: SHOW COLUMNS FROM `xm_jobs` [ RunTime:0.153009s ]
SQL: SET sql_mode = 'NO_UNSIGNED_SUBTRACTION' [ RunTime:0.001000s ]
NOTIC: [2] mysql_num_rows() expects parameter 1 to be resource, boolean given D:\wamp\www\ThinkPHP3.1\ThinkPHP\Lib\Driver\Db\DbMysql.class.php 第 109 行.
NOTIC: [2] mysql_free_result() expects parameter 1 to be resource, boolean given D:\wamp\www\ThinkPHP3.1\ThinkPHP\Lib\Driver\Db\DbMysql.class.php 第 80 行.
SQL: SELECT COUNT(*) AS tp_count FROM `xm_jobs` WHERE ( (1434121695- expire_time)<0 AND is_pass=0 AND city='烟台市' ) LIMIT 1   [ RunTime:0.012001s ]
SQL: SELECT `jid`,`title`,`money`,`want_peo`,`current_peo`,`addressname`,`pv`,`ctime` FROM `xm_jobs` WHERE ( (1434121695- expire_time)<0 AND is_pass=0 AND city='烟台市' ) ORDER BY ctime desc LIMIT 0,10   [ RunTime:0.000000s ]
INFO: [ view_parse ] --START--
INFO: ParseTemplate Behavior ::run [ RunTime:0.047002s ]
INFO: [ view_parse ] --END-- [ RunTime:0.047002s ]
INFO: [ view_filter ] --START--
INFO: ContentReplace Behavior ::run [ RunTime:0.001000s ]
INFO: TokenBuild Behavior ::run [ RunTime:0.001000s ]
INFO: WriteHtmlCache Behavior ::run [ RunTime:0.000000s ]
INFO: ShowRuntime Behavior ::run [ RunTime:0.001000s ]
INFO: [ view_filter ] --END-- [ RunTime:0.003000s ]
INFO: [ view_end ] --START--
INFO: ShowPageTrace Behavior ::run [ RunTime:0.000000s ]
INFO: [ view_end ] --END-- [ RunTime:0.000000s ]

[ 2015-06-12T23:08:19+08:00 ] 127.0.0.1 /JobsInfo/index.html?jid=57
INFO: [ route_check ] --START--
INFO: CheckRoute Behavior ::run [ RunTime:0.000000s ]
INFO: [ route_check ] --END-- [ RunTime:0.000000s ]
NOTIC: [2] stripslashes() expects exactly 1 parameter, 2 given D:\wamp\www\ThinkPHP3.1\ThinkPHP\Lib\Core\App.class.php 第 57 行.
NOTIC: [2] stripslashes() expects exactly 1 parameter, 2 given D:\wamp\www\ThinkPHP3.1\ThinkPHP\Lib\Core\App.class.php 第 57 行.
NOTIC: [2] stripslashes() expects exactly 1 parameter, 2 given D:\wamp\www\ThinkPHP3.1\ThinkPHP\Lib\Core\App.class.php 第 57 行.
NOTIC: [2] stripslashes() expects exactly 1 parameter, 2 given D:\wamp\www\ThinkPHP3.1\ThinkPHP\Lib\Core\App.class.php 第 57 行.
INFO: [ app_begin ] --START--
INFO: ReadHtmlCache Behavior ::run [ RunTime:0.000000s ]
INFO: [ app_begin ] --END-- [ RunTime:0.000000s ]
NOTIC: 建议使用I方法替代_get
SQL: SHOW COLUMNS FROM `xm_jobs` [ RunTime:0.008000s ]
SQL: SELECT `jid`,`oid`,`address`,`title`,`pay_way`,`org_intro`,`addressname`,`detail`,xm_mold.name,xm_orgs.orgname,`is_validate`,`pub_oid`,`money`,`money_style`,`work_time`,`begin_time`,`want_peo`,`peo_style`,`current_peo`,`leader`,xm_jobs.ctime,`leader_phone`,`pv` FROM `xm_jobs` INNER JOIN xm_mold ON xm_mold.mid=xm_jobs.mold_id INNER JOIN xm_orgs ON xm_orgs.oid=xm_jobs.pub_oid WHERE ( jid=57 ) LIMIT 1   [ RunTime:0.215013s ]
SQL: SHOW COLUMNS FROM `xm_apply` [ RunTime:0.034002s ]
NOTIC: 建议使用I方法替代_get
SQL: SELECT `username`,xm_apply.ctime,`is_pass` FROM `xm_apply` INNER JOIN xm_users ON xm_users.uid=xm_apply.app_uid WHERE ( app_jid=57 )  [ RunTime:0.079004s ]
SQL: SHOW COLUMNS FROM `xm_org_evalute` [ RunTime:0.036002s ]
SQL: SELECT `username`,`content`,xm_org_evalute.ctime FROM `xm_org_evalute` INNER JOIN xm_users ON xm_org_evalute.from_uid=xm_users.uid WHERE ( to_oid=1 )  [ RunTime:0.000000s ]
SQL: SHOW COLUMNS FROM `xm_jobs` [ RunTime:0.008001s ]
SQL: UPDATE `xm_jobs` SET `pv`=pv+1 WHERE ( jid=57 ) [ RunTime:0.180010s ]
INFO: [ view_parse ] --START--
NOTIC: [8] Undefined variable: job_error_info D:\wamp\www\ThinkPHP3.1\Runtime\Cache\320e6c5bf175def06a5689ca97da2988.php 第 146 行.
NOTIC: [8] Undefined variable: eval_error_info D:\wamp\www\ThinkPHP3.1\Runtime\Cache\320e6c5bf175def06a5689ca97da2988.php 第 218 行.
NOTIC: [8] Undefined variable: apply_error_info D:\wamp\www\ThinkPHP3.1\Runtime\Cache\320e6c5bf175def06a5689ca97da2988.php 第 244 行.
INFO: ParseTemplate Behavior ::run [ RunTime:0.032002s ]
INFO: [ view_parse ] --END-- [ RunTime:0.032002s ]
INFO: [ view_filter ] --START--
INFO: ContentReplace Behavior ::run [ RunTime:0.001000s ]
INFO: TokenBuild Behavior ::run [ RunTime:0.000000s ]
INFO: WriteHtmlCache Behavior ::run [ RunTime:0.001000s ]
INFO: ShowRuntime Behavior ::run [ RunTime:0.000000s ]
INFO: [ view_filter ] --END-- [ RunTime:0.002000s ]
INFO: [ view_end ] --START--
INFO: ShowPageTrace Behavior ::run [ RunTime:0.001000s ]
INFO: [ view_end ] --END-- [ RunTime:0.001000s ]

[ 2015-06-12T23:08:19+08:00 ] 127.0.0.1 /JobsInfo/generatePhoneImage.html
INFO: [ route_check ] --START--
INFO: CheckRoute Behavior ::run [ RunTime:0.000000s ]
INFO: [ route_check ] --END-- [ RunTime:0.000000s ]
NOTIC: [2] stripslashes() expects exactly 1 parameter, 2 given D:\wamp\www\ThinkPHP3.1\ThinkPHP\Lib\Core\App.class.php 第 57 行.
NOTIC: [2] stripslashes() expects exactly 1 parameter, 2 given D:\wamp\www\ThinkPHP3.1\ThinkPHP\Lib\Core\App.class.php 第 57 行.
NOTIC: [2] stripslashes() expects exactly 1 parameter, 2 given D:\wamp\www\ThinkPHP3.1\ThinkPHP\Lib\Core\App.class.php 第 57 行.
INFO: [ app_begin ] --START--
INFO: ReadHtmlCache Behavior ::run [ RunTime:0.000000s ]
INFO: [ app_begin ] --END-- [ RunTime:0.000000s ]
NOTIC: [8] Undefined variable: size D:\wamp\www\ThinkPHP3.1\ThinkPHP\Extend\Library\ORG\Util\Image.class.php 第 317 行.
NOTIC: [8] Undefined variable: size D:\wamp\www\ThinkPHP3.1\ThinkPHP\Extend\Library\ORG\Util\Image.class.php 第 319 行.
NOTIC: [8] Undefined variable: size D:\wamp\www\ThinkPHP3.1\ThinkPHP\Extend\Library\ORG\Util\Image.class.php 第 320 行.
NOTIC: [8] Undefined variable: font D:\wamp\www\ThinkPHP3.1\ThinkPHP\Extend\Library\ORG\Util\Image.class.php 第 321 行.
NOTIC: [8] Undefined variable: font D:\wamp\www\ThinkPHP3.1\ThinkPHP\Extend\Library\ORG\Util\Image.class.php 第 323 行.
NOTIC: [8] Undefined variable: font D:\wamp\www\ThinkPHP3.1\ThinkPHP\Extend\Library\ORG\Util\Image.class.php 第 324 行.

[ 2015-06-12T23:08:39+08:00 ] 127.0.0.1 /Admin/index
INFO: [ route_check ] --START--
INFO: CheckRoute Behavior ::run [ RunTime:0.001000s ]
INFO: [ route_check ] --END-- [ RunTime:0.001000s ]
NOTIC: [2] stripslashes() expects exactly 1 parameter, 2 given D:\wamp\www\ThinkPHP3.1\ThinkPHP\Lib\Core\App.class.php 第 57 行.
NOTIC: [2] stripslashes() expects exactly 1 parameter, 2 given D:\wamp\www\ThinkPHP3.1\ThinkPHP\Lib\Core\App.class.php 第 57 行.
NOTIC: [2] stripslashes() expects exactly 1 parameter, 2 given D:\wamp\www\ThinkPHP3.1\ThinkPHP\Lib\Core\App.class.php 第 57 行.
INFO: [ app_begin ] --START--
INFO: ReadHtmlCache Behavior ::run [ RunTime:0.000000s ]
INFO: [ app_begin ] --END-- [ RunTime:0.000000s ]
INFO: [ view_parse ] --START--
INFO: ParseTemplate Behavior ::run [ RunTime:0.031002s ]
INFO: [ view_parse ] --END-- [ RunTime:0.031002s ]
INFO: [ view_filter ] --START--
INFO: ContentReplace Behavior ::run [ RunTime:0.000000s ]
INFO: TokenBuild Behavior ::run [ RunTime:0.001000s ]
INFO: WriteHtmlCache Behavior ::run [ RunTime:0.000000s ]
INFO: ShowRuntime Behavior ::run [ RunTime:0.000000s ]
INFO: [ view_filter ] --END-- [ RunTime:0.001000s ]
INFO: [ view_end ] --START--
INFO: ShowPageTrace Behavior ::run [ RunTime:0.001000s ]
INFO: [ view_end ] --END-- [ RunTime:0.001000s ]

[ 2015-06-12T23:08:42+08:00 ] 127.0.0.1 /Index/index.html
INFO: [ route_check ] --START--
INFO: CheckRoute Behavior ::run [ RunTime:0.000000s ]
INFO: [ route_check ] --END-- [ RunTime:0.000000s ]
NOTIC: [2] stripslashes() expects exactly 1 parameter, 2 given D:\wamp\www\ThinkPHP3.1\ThinkPHP\Lib\Core\App.class.php 第 57 行.
NOTIC: [2] stripslashes() expects exactly 1 parameter, 2 given D:\wamp\www\ThinkPHP3.1\ThinkPHP\Lib\Core\App.class.php 第 57 行.
NOTIC: [2] stripslashes() expects exactly 1 parameter, 2 given D:\wamp\www\ThinkPHP3.1\ThinkPHP\Lib\Core\App.class.php 第 57 行.
INFO: [ app_begin ] --START--
INFO: ReadHtmlCache Behavior ::run [ RunTime:0.000000s ]
INFO: [ app_begin ] --END-- [ RunTime:0.000000s ]
NOTIC: 建议使用I方法替代_get
SQL: SHOW COLUMNS FROM `xm_jobs` [ RunTime:0.009001s ]
SQL: SET sql_mode = 'NO_UNSIGNED_SUBTRACTION' [ RunTime:0.000000s ]
NOTIC: [2] mysql_num_rows() expects parameter 1 to be resource, boolean given D:\wamp\www\ThinkPHP3.1\ThinkPHP\Lib\Driver\Db\DbMysql.class.php 第 109 行.
NOTIC: [2] mysql_free_result() expects parameter 1 to be resource, boolean given D:\wamp\www\ThinkPHP3.1\ThinkPHP\Lib\Driver\Db\DbMysql.class.php 第 80 行.
SQL: SELECT COUNT(*) AS tp_count FROM `xm_jobs` WHERE ( (1434121722- expire_time)<0 AND is_pass=0 AND city='烟台市' ) LIMIT 1   [ RunTime:0.075004s ]
SQL: SELECT `jid`,`title`,`money`,`want_peo`,`current_peo`,`addressname`,`pv`,`ctime` FROM `xm_jobs` WHERE ( (1434121722- expire_time)<0 AND is_pass=0 AND city='烟台市' ) ORDER BY ctime desc LIMIT 0,10   [ RunTime:0.001000s ]
INFO: [ view_parse ] --START--
INFO: ParseTemplate Behavior ::run [ RunTime:0.011001s ]
INFO: [ view_parse ] --END-- [ RunTime:0.011001s ]
INFO: [ view_filter ] --START--
INFO: ContentReplace Behavior ::run [ RunTime:0.000000s ]
INFO: TokenBuild Behavior ::run [ RunTime:0.000000s ]
INFO: WriteHtmlCache Behavior ::run [ RunTime:0.000000s ]
INFO: ShowRuntime Behavior ::run [ RunTime:0.000000s ]
INFO: [ view_filter ] --END-- [ RunTime:0.001000s ]
INFO: [ view_end ] --START--
INFO: ShowPageTrace Behavior ::run [ RunTime:0.000000s ]
INFO: [ view_end ] --END-- [ RunTime:0.000000s ]

[ 2015-06-12T23:08:51+08:00 ] 127.0.0.1 /Admin/Login
INFO: [ route_check ] --START--
INFO: CheckRoute Behavior ::run [ RunTime:0.001000s ]
INFO: [ route_check ] --END-- [ RunTime:0.001000s ]
NOTIC: [2] stripslashes() expects exactly 1 parameter, 2 given D:\wamp\www\ThinkPHP3.1\ThinkPHP\Lib\Core\App.class.php 第 57 行.
NOTIC: [2] stripslashes() expects exactly 1 parameter, 2 given D:\wamp\www\ThinkPHP3.1\ThinkPHP\Lib\Core\App.class.php 第 57 行.
NOTIC: [2] stripslashes() expects exactly 1 parameter, 2 given D:\wamp\www\ThinkPHP3.1\ThinkPHP\Lib\Core\App.class.php 第 57 行.
INFO: [ app_begin ] --START--
INFO: ReadHtmlCache Behavior ::run [ RunTime:0.001000s ]
INFO: [ app_begin ] --END-- [ RunTime:0.001000s ]
INFO: [ view_parse ] --START--
INFO: ParseTemplate Behavior ::run [ RunTime:0.031001s ]
INFO: [ view_parse ] --END-- [ RunTime:0.031001s ]
INFO: [ view_filter ] --START--
INFO: ContentReplace Behavior ::run [ RunTime:0.001001s ]
INFO: TokenBuild Behavior ::run [ RunTime:0.000000s ]
INFO: WriteHtmlCache Behavior ::run [ RunTime:0.000000s ]
INFO: ShowRuntime Behavior ::run [ RunTime:0.001000s ]
INFO: [ view_filter ] --END-- [ RunTime:0.002001s ]
INFO: [ view_end ] --START--
INFO: ShowPageTrace Behavior ::run [ RunTime:0.000000s ]
INFO: [ view_end ] --END-- [ RunTime:0.000000s ]

[ 2015-06-12T23:08:54+08:00 ] 127.0.0.1 /Admin/loginHandler.html
INFO: [ route_check ] --START--
INFO: CheckRoute Behavior ::run [ RunTime:0.000000s ]
INFO: [ route_check ] --END-- [ RunTime:0.000000s ]
NOTIC: [2] stripslashes() expects exactly 1 parameter, 2 given D:\wamp\www\ThinkPHP3.1\ThinkPHP\Lib\Core\App.class.php 第 56 行.
NOTIC: [2] stripslashes() expects exactly 1 parameter, 2 given D:\wamp\www\ThinkPHP3.1\ThinkPHP\Lib\Core\App.class.php 第 56 行.
NOTIC: [2] stripslashes() expects exactly 1 parameter, 2 given D:\wamp\www\ThinkPHP3.1\ThinkPHP\Lib\Core\App.class.php 第 57 行.
NOTIC: [2] stripslashes() expects exactly 1 parameter, 2 given D:\wamp\www\ThinkPHP3.1\ThinkPHP\Lib\Core\App.class.php 第 57 行.
NOTIC: [2] stripslashes() expects exactly 1 parameter, 2 given D:\wamp\www\ThinkPHP3.1\ThinkPHP\Lib\Core\App.class.php 第 57 行.
INFO: [ app_begin ] --START--
INFO: ReadHtmlCache Behavior ::run [ RunTime:0.000000s ]
INFO: [ app_begin ] --END-- [ RunTime:0.000000s ]
NOTIC: 建议使用I方法替代_post
NOTIC: 建议使用I方法替代_post
SQL: SHOW COLUMNS FROM `xm_admin` [ RunTime:0.097006s ]
SQL: SELECT `admin_id` FROM `xm_admin` WHERE ( username='admin' AND passwd='21232f297a57a5a743894a0e4a801fc3' ) LIMIT 1   [ RunTime:0.000000s ]

[ 2015-06-12T23:08:55+08:00 ] 127.0.0.1 /Admin/index.html
INFO: [ route_check ] --START--
INFO: CheckRoute Behavior ::run [ RunTime:0.002000s ]
INFO: [ route_check ] --END-- [ RunTime:0.002000s ]
NOTIC: [2] stripslashes() expects exactly 1 parameter, 2 given D:\wamp\www\ThinkPHP3.1\ThinkPHP\Lib\Core\App.class.php 第 57 行.
NOTIC: [2] stripslashes() expects exactly 1 parameter, 2 given D:\wamp\www\ThinkPHP3.1\ThinkPHP\Lib\Core\App.class.php 第 57 行.
NOTIC: [2] stripslashes() expects exactly 1 parameter, 2 given D:\wamp\www\ThinkPHP3.1\ThinkPHP\Lib\Core\App.class.php 第 57 行.
INFO: [ app_begin ] --START--
INFO: ReadHtmlCache Behavior ::run [ RunTime:0.000000s ]
INFO: [ app_begin ] --END-- [ RunTime:0.000000s ]
INFO: [ view_parse ] --START--
INFO: ParseTemplate Behavior ::run [ RunTime:0.017001s ]
INFO: [ view_parse ] --END-- [ RunTime:0.017001s ]
INFO: [ view_filter ] --START--
INFO: ContentReplace Behavior ::run [ RunTime:0.000000s ]
INFO: TokenBuild Behavior ::run [ RunTime:0.001000s ]
INFO: WriteHtmlCache Behavior ::run [ RunTime:0.000000s ]
INFO: ShowRuntime Behavior ::run [ RunTime:0.001001s ]
INFO: [ view_filter ] --END-- [ RunTime:0.002001s ]
INFO: [ view_end ] --START--
INFO: ShowPageTrace Behavior ::run [ RunTime:0.000000s ]
INFO: [ view_end ] --END-- [ RunTime:0.000000s ]

[ 2015-06-12T23:08:57+08:00 ] 127.0.0.1 /Admin/authApply.html
INFO: [ route_check ] --START--
INFO: CheckRoute Behavior ::run [ RunTime:0.000000s ]
INFO: [ route_check ] --END-- [ RunTime:0.000000s ]
NOTIC: [2] stripslashes() expects exactly 1 parameter, 2 given D:\wamp\www\ThinkPHP3.1\ThinkPHP\Lib\Core\App.class.php 第 57 行.
NOTIC: [2] stripslashes() expects exactly 1 parameter, 2 given D:\wamp\www\ThinkPHP3.1\ThinkPHP\Lib\Core\App.class.php 第 57 行.
NOTIC: [2] stripslashes() expects exactly 1 parameter, 2 given D:\wamp\www\ThinkPHP3.1\ThinkPHP\Lib\Core\App.class.php 第 57 行.
INFO: [ app_begin ] --START--
INFO: ReadHtmlCache Behavior ::run [ RunTime:0.000000s ]
INFO: [ app_begin ] --END-- [ RunTime:0.001000s ]
SQL: SHOW COLUMNS FROM `xm_orgs_auth` [ RunTime:0.044002s ]
SQL: SELECT COUNT(*) AS tp_count FROM `xm_orgs_auth` WHERE ( is_pass = 3 ) LIMIT 1   [ RunTime:0.009001s ]
SQL: SET sql_mode = 'NO_UNSIGNED_SUBTRACTION' [ RunTime:0.000000s ]
NOTIC: [2] mysql_num_rows() expects parameter 1 to be resource, boolean given D:\wamp\www\ThinkPHP3.1\ThinkPHP\Lib\Driver\Db\DbMysql.class.php 第 109 行.
NOTIC: [2] mysql_free_result() expects parameter 1 to be resource, boolean given D:\wamp\www\ThinkPHP3.1\ThinkPHP\Lib\Driver\Db\DbMysql.class.php 第 80 行.
SQL: SELECT xm_orgs.oid AS oid,xm_orgs.orgname AS orgname FROM `xm_orgs_auth` INNER JOIN `xm_orgs` ON xm_orgs.oid = xm_orgs_auth.auth_oid WHERE ( is_pass = 3 ) ORDER BY xm_orgs.ctime LIMIT 0,4   [ RunTime:0.000000s ]
NOTIC: [8] Undefined variable: value D:\wamp\www\ThinkPHP3.1\Lib\Action\AdminAction.class.php 第 269 行.
INFO: [ view_parse ] --START--
NOTIC: [8] Undefined variable: orgsauth_page D:\wamp\www\ThinkPHP3.1\Runtime\Cache\0d24c07fa21407b82d15224721636433.php 第 105 行.
INFO: ParseTemplate Behavior ::run [ RunTime:0.008000s ]
INFO: [ view_parse ] --END-- [ RunTime:0.008000s ]
INFO: [ view_filter ] --START--
INFO: ContentReplace Behavior ::run [ RunTime:0.001000s ]
INFO: TokenBuild Behavior ::run [ RunTime:0.000000s ]
INFO: WriteHtmlCache Behavior ::run [ RunTime:0.000000s ]
INFO: ShowRuntime Behavior ::run [ RunTime:0.001000s ]
INFO: [ view_filter ] --END-- [ RunTime:0.002000s ]
INFO: [ view_end ] --START--
INFO: ShowPageTrace Behavior ::run [ RunTime:0.000000s ]
INFO: [ view_end ] --END-- [ RunTime:0.000000s ]

[ 2015-06-12T23:08:58+08:00 ] 127.0.0.1 /Admin/orgsList.html
INFO: [ route_check ] --START--
INFO: CheckRoute Behavior ::run [ RunTime:0.000000s ]
INFO: [ route_check ] --END-- [ RunTime:0.000000s ]
NOTIC: [2] stripslashes() expects exactly 1 parameter, 2 given D:\wamp\www\ThinkPHP3.1\ThinkPHP\Lib\Core\App.class.php 第 57 行.
NOTIC: [2] stripslashes() expects exactly 1 parameter, 2 given D:\wamp\www\ThinkPHP3.1\ThinkPHP\Lib\Core\App.class.php 第 57 行.
NOTIC: [2] stripslashes() expects exactly 1 parameter, 2 given D:\wamp\www\ThinkPHP3.1\ThinkPHP\Lib\Core\App.class.php 第 57 行.
INFO: [ app_begin ] --START--
INFO: ReadHtmlCache Behavior ::run [ RunTime:0.001000s ]
INFO: [ app_begin ] --END-- [ RunTime:0.001000s ]
SQL: SHOW COLUMNS FROM `xm_orgs` [ RunTime:0.007001s ]
NOTIC: [2] Missing argument 8 for AdminAction::pagingList(), called in D:\wamp\www\ThinkPHP3.1\Lib\Action\AdminAction.class.php on line 203 and defined D:\wamp\www\ThinkPHP3.1\Lib\Action\AdminAction.class.php 第 253 行.
NOTIC: [2] Missing argument 9 for AdminAction::pagingList(), called in D:\wamp\www\ThinkPHP3.1\Lib\Action\AdminAction.class.php on line 203 and defined D:\wamp\www\ThinkPHP3.1\Lib\Action\AdminAction.class.php 第 253 行.
SQL: SELECT COUNT(*) AS tp_count FROM `xm_orgs` LIMIT 1   [ RunTime:0.000000s ]
SQL: SET sql_mode = 'NO_UNSIGNED_SUBTRACTION' [ RunTime:0.000000s ]
NOTIC: [2] mysql_num_rows() expects parameter 1 to be resource, boolean given D:\wamp\www\ThinkPHP3.1\ThinkPHP\Lib\Driver\Db\DbMysql.class.php 第 109 行.
NOTIC: [8] Undefined variable: join D:\wamp\www\ThinkPHP3.1\Lib\Action\AdminAction.class.php 第 265 行.
NOTIC: [2] mysql_free_result() expects parameter 1 to be resource, boolean given D:\wamp\www\ThinkPHP3.1\ThinkPHP\Lib\Driver\Db\DbMysql.class.php 第 80 行.
SQL: SELECT `oid`,`orgname`,from_unixtime(ctime,'%y/%m/%d') AS ctime,`is_validate` FROM `xm_orgs` ORDER BY ctime LIMIT 0,4   [ RunTime:0.025001s ]
NOTIC: [8] Undefined variable: value D:\wamp\www\ThinkPHP3.1\Lib\Action\AdminAction.class.php 第 269 行.
INFO: [ view_parse ] --START--
INFO: ParseTemplate Behavior ::run [ RunTime:0.009001s ]
INFO: [ view_parse ] --END-- [ RunTime:0.009001s ]
INFO: [ view_filter ] --START--
INFO: ContentReplace Behavior ::run [ RunTime:0.001000s ]
INFO: TokenBuild Behavior ::run [ RunTime:0.000000s ]
INFO: WriteHtmlCache Behavior ::run [ RunTime:0.000000s ]
INFO: ShowRuntime Behavior ::run [ RunTime:0.001000s ]
INFO: [ view_filter ] --END-- [ RunTime:0.002000s ]
INFO: [ view_end ] --START--
INFO: ShowPageTrace Behavior ::run [ RunTime:0.000000s ]
INFO: [ view_end ] --END-- [ RunTime:0.000000s ]

[ 2015-06-12T23:08:59+08:00 ] 127.0.0.1 /Admin/authApply.html
INFO: [ route_check ] --START--
INFO: CheckRoute Behavior ::run [ RunTime:0.001000s ]
INFO: [ route_check ] --END-- [ RunTime:0.001000s ]
NOTIC: [2] stripslashes() expects exactly 1 parameter, 2 given D:\wamp\www\ThinkPHP3.1\ThinkPHP\Lib\Core\App.class.php 第 57 行.
NOTIC: [2] stripslashes() expects exactly 1 parameter, 2 given D:\wamp\www\ThinkPHP3.1\ThinkPHP\Lib\Core\App.class.php 第 57 行.
NOTIC: [2] stripslashes() expects exactly 1 parameter, 2 given D:\wamp\www\ThinkPHP3.1\ThinkPHP\Lib\Core\App.class.php 第 57 行.
INFO: [ app_begin ] --START--
INFO: ReadHtmlCache Behavior ::run [ RunTime:0.001000s ]
INFO: [ app_begin ] --END-- [ RunTime:0.001000s ]
SQL: SHOW COLUMNS FROM `xm_orgs_auth` [ RunTime:0.008000s ]
SQL: SELECT COUNT(*) AS tp_count FROM `xm_orgs_auth` WHERE ( is_pass = 3 ) LIMIT 1   [ RunTime:0.000000s ]
SQL: SET sql_mode = 'NO_UNSIGNED_SUBTRACTION' [ RunTime:0.001000s ]
NOTIC: [2] mysql_num_rows() expects parameter 1 to be resource, boolean given D:\wamp\www\ThinkPHP3.1\ThinkPHP\Lib\Driver\Db\DbMysql.class.php 第 109 行.
NOTIC: [2] mysql_free_result() expects parameter 1 to be resource, boolean given D:\wamp\www\ThinkPHP3.1\ThinkPHP\Lib\Driver\Db\DbMysql.class.php 第 80 行.
SQL: SELECT xm_orgs.oid AS oid,xm_orgs.orgname AS orgname FROM `xm_orgs_auth` INNER JOIN `xm_orgs` ON xm_orgs.oid = xm_orgs_auth.auth_oid WHERE ( is_pass = 3 ) ORDER BY xm_orgs.ctime LIMIT 0,4   [ RunTime:0.000000s ]
NOTIC: [8] Undefined variable: value D:\wamp\www\ThinkPHP3.1\Lib\Action\AdminAction.class.php 第 269 行.
INFO: [ view_parse ] --START--
NOTIC: [8] Undefined variable: orgsauth_page D:\wamp\www\ThinkPHP3.1\Runtime\Cache\0d24c07fa21407b82d15224721636433.php 第 105 行.
INFO: ParseTemplate Behavior ::run [ RunTime:0.008001s ]
INFO: [ view_parse ] --END-- [ RunTime:0.009001s ]
INFO: [ view_filter ] --START--
INFO: ContentReplace Behavior ::run [ RunTime:0.000000s ]
INFO: TokenBuild Behavior ::run [ RunTime:0.000000s ]
INFO: WriteHtmlCache Behavior ::run [ RunTime:0.000000s ]
INFO: ShowRuntime Behavior ::run [ RunTime:0.001000s ]
INFO: [ view_filter ] --END-- [ RunTime:0.001000s ]
INFO: [ view_end ] --START--
INFO: ShowPageTrace Behavior ::run [ RunTime:0.000000s ]
INFO: [ view_end ] --END-- [ RunTime:0.000000s ]

[ 2015-06-12T23:08:59+08:00 ] 127.0.0.1 /Admin/publishApply.html
INFO: [ route_check ] --START--
INFO: CheckRoute Behavior ::run [ RunTime:0.001001s ]
INFO: [ route_check ] --END-- [ RunTime:0.001001s ]
NOTIC: [2] stripslashes() expects exactly 1 parameter, 2 given D:\wamp\www\ThinkPHP3.1\ThinkPHP\Lib\Core\App.class.php 第 57 行.
NOTIC: [2] stripslashes() expects exactly 1 parameter, 2 given D:\wamp\www\ThinkPHP3.1\ThinkPHP\Lib\Core\App.class.php 第 57 行.
NOTIC: [2] stripslashes() expects exactly 1 parameter, 2 given D:\wamp\www\ThinkPHP3.1\ThinkPHP\Lib\Core\App.class.php 第 57 行.
INFO: [ app_begin ] --START--
INFO: ReadHtmlCache Behavior ::run [ RunTime:0.000000s ]
INFO: [ app_begin ] --END-- [ RunTime:0.000000s ]
SQL: SHOW COLUMNS FROM `xm_jobs` [ RunTime:0.008001s ]
NOTIC: [2] Missing argument 8 for AdminAction::pagingList(), called in D:\wamp\www\ThinkPHP3.1\Lib\Action\AdminAction.class.php on line 162 and defined D:\wamp\www\ThinkPHP3.1\Lib\Action\AdminAction.class.php 第 253 行.
NOTIC: [2] Missing argument 9 for AdminAction::pagingList(), called in D:\wamp\www\ThinkPHP3.1\Lib\Action\AdminAction.class.php on line 162 and defined D:\wamp\www\ThinkPHP3.1\Lib\Action\AdminAction.class.php 第 253 行.
SQL: SELECT COUNT(*) AS tp_count FROM `xm_jobs` WHERE ( (1434121739- expire_time)<0 AND is_pass=0 ) LIMIT 1   [ RunTime:0.000000s ]
SQL: SET sql_mode = 'NO_UNSIGNED_SUBTRACTION' [ RunTime:0.001000s ]
NOTIC: [2] mysql_num_rows() expects parameter 1 to be resource, boolean given D:\wamp\www\ThinkPHP3.1\ThinkPHP\Lib\Driver\Db\DbMysql.class.php 第 109 行.
NOTIC: [8] Undefined variable: join D:\wamp\www\ThinkPHP3.1\Lib\Action\AdminAction.class.php 第 265 行.
NOTIC: [2] mysql_free_result() expects parameter 1 to be resource, boolean given D:\wamp\www\ThinkPHP3.1\ThinkPHP\Lib\Driver\Db\DbMysql.class.php 第 80 行.
SQL: SELECT `jid`,`title`,from_unixtime(ctime) AS ctime FROM `xm_jobs` WHERE ( (1434121739- expire_time)<0 AND is_pass=0 ) ORDER BY ctime LIMIT 0,10   [ RunTime:0.000000s ]
NOTIC: [8] Undefined variable: value D:\wamp\www\ThinkPHP3.1\Lib\Action\AdminAction.class.php 第 269 行.
INFO: [ view_parse ] --START--
NOTIC: [8] Undefined variable: jobs_error D:\wamp\www\ThinkPHP3.1\Runtime\Cache\e1bc43e1f32b4b8b83a890573bec965f.php 第 101 行.
INFO: ParseTemplate Behavior ::run [ RunTime:0.009000s ]
INFO: [ view_parse ] --END-- [ RunTime:0.009000s ]
INFO: [ view_filter ] --START--
INFO: ContentReplace Behavior ::run [ RunTime:0.001000s ]
INFO: TokenBuild Behavior ::run [ RunTime:0.000000s ]
INFO: WriteHtmlCache Behavior ::run [ RunTime:0.000000s ]
INFO: ShowRuntime Behavior ::run [ RunTime:0.001000s ]
INFO: [ view_filter ] --END-- [ RunTime:0.002000s ]
INFO: [ view_end ] --START--
INFO: ShowPageTrace Behavior ::run [ RunTime:0.000000s ]
INFO: [ view_end ] --END-- [ RunTime:0.000000s ]

[ 2015-06-12T23:09:00+08:00 ] 127.0.0.1 /Admin/index.html
INFO: [ route_check ] --START--
INFO: CheckRoute Behavior ::run [ RunTime:0.000000s ]
INFO: [ route_check ] --END-- [ RunTime:0.000000s ]
NOTIC: [2] stripslashes() expects exactly 1 parameter, 2 given D:\wamp\www\ThinkPHP3.1\ThinkPHP\Lib\Core\App.class.php 第 57 行.
NOTIC: [2] stripslashes() expects exactly 1 parameter, 2 given D:\wamp\www\ThinkPHP3.1\ThinkPHP\Lib\Core\App.class.php 第 57 行.
NOTIC: [2] stripslashes() expects exactly 1 parameter, 2 given D:\wamp\www\ThinkPHP3.1\ThinkPHP\Lib\Core\App.class.php 第 57 行.
INFO: [ app_begin ] --START--
INFO: ReadHtmlCache Behavior ::run [ RunTime:0.000000s ]
INFO: [ app_begin ] --END-- [ RunTime:0.000000s ]
INFO: [ view_parse ] --START--
INFO: ParseTemplate Behavior ::run [ RunTime:0.007000s ]
INFO: [ view_parse ] --END-- [ RunTime:0.007000s ]
INFO: [ view_filter ] --START--
INFO: ContentReplace Behavior ::run [ RunTime:0.000000s ]
INFO: TokenBuild Behavior ::run [ RunTime:0.001001s ]
INFO: WriteHtmlCache Behavior ::run [ RunTime:0.000000s ]
INFO: ShowRuntime Behavior ::run [ RunTime:0.000000s ]
INFO: [ view_filter ] --END-- [ RunTime:0.001001s ]
INFO: [ view_end ] --START--
INFO: ShowPageTrace Behavior ::run [ RunTime:0.001000s ]
INFO: [ view_end ] --END-- [ RunTime:0.001000s ]

[ 2015-06-12T23:09:01+08:00 ] 127.0.0.1 /Admin/publishApply.html
INFO: [ route_check ] --START--
INFO: CheckRoute Behavior ::run [ RunTime:0.001000s ]
INFO: [ route_check ] --END-- [ RunTime:0.001000s ]
NOTIC: [2] stripslashes() expects exactly 1 parameter, 2 given D:\wamp\www\ThinkPHP3.1\ThinkPHP\Lib\Core\App.class.php 第 57 行.
NOTIC: [2] stripslashes() expects exactly 1 parameter, 2 given D:\wamp\www\ThinkPHP3.1\ThinkPHP\Lib\Core\App.class.php 第 57 行.
NOTIC: [2] stripslashes() expects exactly 1 parameter, 2 given D:\wamp\www\ThinkPHP3.1\ThinkPHP\Lib\Core\App.class.php 第 57 行.
INFO: [ app_begin ] --START--
INFO: ReadHtmlCache Behavior ::run [ RunTime:0.000000s ]
INFO: [ app_begin ] --END-- [ RunTime:0.001000s ]
SQL: SHOW COLUMNS FROM `xm_jobs` [ RunTime:0.007001s ]
NOTIC: [2] Missing argument 8 for AdminAction::pagingList(), called in D:\wamp\www\ThinkPHP3.1\Lib\Action\AdminAction.class.php on line 162 and defined D:\wamp\www\ThinkPHP3.1\Lib\Action\AdminAction.class.php 第 253 行.
NOTIC: [2] Missing argument 9 for AdminAction::pagingList(), called in D:\wamp\www\ThinkPHP3.1\Lib\Action\AdminAction.class.php on line 162 and defined D:\wamp\www\ThinkPHP3.1\Lib\Action\AdminAction.class.php 第 253 行.
SQL: SELECT COUNT(*) AS tp_count FROM `xm_jobs` WHERE ( (1434121741- expire_time)<0 AND is_pass=0 ) LIMIT 1   [ RunTime:0.001000s ]
SQL: SET sql_mode = 'NO_UNSIGNED_SUBTRACTION' [ RunTime:0.000000s ]
NOTIC: [2] mysql_num_rows() expects parameter 1 to be resource, boolean given D:\wamp\www\ThinkPHP3.1\ThinkPHP\Lib\Driver\Db\DbMysql.class.php 第 109 行.
NOTIC: [8] Undefined variable: join D:\wamp\www\ThinkPHP3.1\Lib\Action\AdminAction.class.php 第 265 行.
NOTIC: [2] mysql_free_result() expects parameter 1 to be resource, boolean given D:\wamp\www\ThinkPHP3.1\ThinkPHP\Lib\Driver\Db\DbMysql.class.php 第 80 行.
SQL: SELECT `jid`,`title`,from_unixtime(ctime) AS ctime FROM `xm_jobs` WHERE ( (1434121741- expire_time)<0 AND is_pass=0 ) ORDER BY ctime LIMIT 0,10   [ RunTime:0.001000s ]
NOTIC: [8] Undefined variable: value D:\wamp\www\ThinkPHP3.1\Lib\Action\AdminAction.class.php 第 269 行.
INFO: [ view_parse ] --START--
NOTIC: [8] Undefined variable: jobs_error D:\wamp\www\ThinkPHP3.1\Runtime\Cache\e1bc43e1f32b4b8b83a890573bec965f.php 第 101 行.
INFO: ParseTemplate Behavior ::run [ RunTime:0.008000s ]
INFO: [ view_parse ] --END-- [ RunTime:0.008000s ]
INFO: [ view_filter ] --START--
INFO: ContentReplace Behavior ::run [ RunTime:0.001000s ]
INFO: TokenBuild Behavior ::run [ RunTime:0.000000s ]
INFO: WriteHtmlCache Behavior ::run [ RunTime:0.000000s ]
INFO: ShowRuntime Behavior ::run [ RunTime:0.001001s ]
INFO: [ view_filter ] --END-- [ RunTime:0.002001s ]
INFO: [ view_end ] --START--
INFO: ShowPageTrace Behavior ::run [ RunTime:0.000000s ]
INFO: [ view_end ] --END-- [ RunTime:0.000000s ]

[ 2015-06-12T23:09:02+08:00 ] 127.0.0.1 /Admin/authApply.html
INFO: [ route_check ] --START--
INFO: CheckRoute Behavior ::run [ RunTime:0.000000s ]
INFO: [ route_check ] --END-- [ RunTime:0.000000s ]
NOTIC: [2] stripslashes() expects exactly 1 parameter, 2 given D:\wamp\www\ThinkPHP3.1\ThinkPHP\Lib\Core\App.class.php 第 57 行.
NOTIC: [2] stripslashes() expects exactly 1 parameter, 2 given D:\wamp\www\ThinkPHP3.1\ThinkPHP\Lib\Core\App.class.php 第 57 行.
NOTIC: [2] stripslashes() expects exactly 1 parameter, 2 given D:\wamp\www\ThinkPHP3.1\ThinkPHP\Lib\Core\App.class.php 第 57 行.
INFO: [ app_begin ] --START--
INFO: ReadHtmlCache Behavior ::run [ RunTime:0.001000s ]
INFO: [ app_begin ] --END-- [ RunTime:0.001000s ]
SQL: SHOW COLUMNS FROM `xm_orgs_auth` [ RunTime:0.007000s ]
SQL: SELECT COUNT(*) AS tp_count FROM `xm_orgs_auth` WHERE ( is_pass = 3 ) LIMIT 1   [ RunTime:0.001000s ]
SQL: SET sql_mode = 'NO_UNSIGNED_SUBTRACTION' [ RunTime:0.000000s ]
NOTIC: [2] mysql_num_rows() expects parameter 1 to be resource, boolean given D:\wamp\www\ThinkPHP3.1\ThinkPHP\Lib\Driver\Db\DbMysql.class.php 第 109 行.
NOTIC: [2] mysql_free_result() expects parameter 1 to be resource, boolean given D:\wamp\www\ThinkPHP3.1\ThinkPHP\Lib\Driver\Db\DbMysql.class.php 第 80 行.
SQL: SELECT xm_orgs.oid AS oid,xm_orgs.orgname AS orgname FROM `xm_orgs_auth` INNER JOIN `xm_orgs` ON xm_orgs.oid = xm_orgs_auth.auth_oid WHERE ( is_pass = 3 ) ORDER BY xm_orgs.ctime LIMIT 0,4   [ RunTime:0.001000s ]
NOTIC: [8] Undefined variable: value D:\wamp\www\ThinkPHP3.1\Lib\Action\AdminAction.class.php 第 269 行.
INFO: [ view_parse ] --START--
NOTIC: [8] Undefined variable: orgsauth_page D:\wamp\www\ThinkPHP3.1\Runtime\Cache\0d24c07fa21407b82d15224721636433.php 第 105 行.
INFO: ParseTemplate Behavior ::run [ RunTime:0.037002s ]
INFO: [ view_parse ] --END-- [ RunTime:0.037002s ]
INFO: [ view_filter ] --START--
INFO: ContentReplace Behavior ::run [ RunTime:0.000000s ]
INFO: TokenBuild Behavior ::run [ RunTime:0.000000s ]
INFO: WriteHtmlCache Behavior ::run [ RunTime:0.001000s ]
INFO: ShowRuntime Behavior ::run [ RunTime:0.000000s ]
INFO: [ view_filter ] --END-- [ RunTime:0.001000s ]
INFO: [ view_end ] --START--
INFO: ShowPageTrace Behavior ::run [ RunTime:0.000000s ]
INFO: [ view_end ] --END-- [ RunTime:0.000000s ]

[ 2015-06-12T23:09:04+08:00 ] 127.0.0.1 /Admin/orgsList.html
INFO: [ route_check ] --START--
INFO: CheckRoute Behavior ::run [ RunTime:0.001000s ]
INFO: [ route_check ] --END-- [ RunTime:0.001000s ]
NOTIC: [2] stripslashes() expects exactly 1 parameter, 2 given D:\wamp\www\ThinkPHP3.1\ThinkPHP\Lib\Core\App.class.php 第 57 行.
NOTIC: [2] stripslashes() expects exactly 1 parameter, 2 given D:\wamp\www\ThinkPHP3.1\ThinkPHP\Lib\Core\App.class.php 第 57 行.
NOTIC: [2] stripslashes() expects exactly 1 parameter, 2 given D:\wamp\www\ThinkPHP3.1\ThinkPHP\Lib\Core\App.class.php 第 57 行.
INFO: [ app_begin ] --START--
INFO: ReadHtmlCache Behavior ::run [ RunTime:0.000000s ]
INFO: [ app_begin ] --END-- [ RunTime:0.000000s ]
SQL: SHOW COLUMNS FROM `xm_orgs` [ RunTime:0.007001s ]
NOTIC: [2] Missing argument 8 for AdminAction::pagingList(), called in D:\wamp\www\ThinkPHP3.1\Lib\Action\AdminAction.class.php on line 203 and defined D:\wamp\www\ThinkPHP3.1\Lib\Action\AdminAction.class.php 第 253 行.
NOTIC: [2] Missing argument 9 for AdminAction::pagingList(), called in D:\wamp\www\ThinkPHP3.1\Lib\Action\AdminAction.class.php on line 203 and defined D:\wamp\www\ThinkPHP3.1\Lib\Action\AdminAction.class.php 第 253 行.
SQL: SELECT COUNT(*) AS tp_count FROM `xm_orgs` LIMIT 1   [ RunTime:0.001000s ]
SQL: SET sql_mode = 'NO_UNSIGNED_SUBTRACTION' [ RunTime:0.000000s ]
NOTIC: [2] mysql_num_rows() expects parameter 1 to be resource, boolean given D:\wamp\www\ThinkPHP3.1\ThinkPHP\Lib\Driver\Db\DbMysql.class.php 第 109 行.
NOTIC: [8] Undefined variable: join D:\wamp\www\ThinkPHP3.1\Lib\Action\AdminAction.class.php 第 265 行.
NOTIC: [2] mysql_free_result() expects parameter 1 to be resource, boolean given D:\wamp\www\ThinkPHP3.1\ThinkPHP\Lib\Driver\Db\DbMysql.class.php 第 80 行.
SQL: SELECT `oid`,`orgname`,from_unixtime(ctime,'%y/%m/%d') AS ctime,`is_validate` FROM `xm_orgs` ORDER BY ctime LIMIT 0,4   [ RunTime:0.001000s ]
NOTIC: [8] Undefined variable: value D:\wamp\www\ThinkPHP3.1\Lib\Action\AdminAction.class.php 第 269 行.
INFO: [ view_parse ] --START--
INFO: ParseTemplate Behavior ::run [ RunTime:0.009000s ]
INFO: [ view_parse ] --END-- [ RunTime:0.009000s ]
INFO: [ view_filter ] --START--
INFO: ContentReplace Behavior ::run [ RunTime:0.000000s ]
INFO: TokenBuild Behavior ::run [ RunTime:0.000000s ]
INFO: WriteHtmlCache Behavior ::run [ RunTime:0.001000s ]
INFO: ShowRuntime Behavior ::run [ RunTime:0.000000s ]
INFO: [ view_filter ] --END-- [ RunTime:0.001000s ]
INFO: [ view_end ] --START--
INFO: ShowPageTrace Behavior ::run [ RunTime:0.000000s ]
INFO: [ view_end ] --END-- [ RunTime:0.001000s ]

[ 2015-06-12T23:09:05+08:00 ] 127.0.0.1 /Admin/showAdvice.html
INFO: [ route_check ] --START--
INFO: CheckRoute Behavior ::run [ RunTime:0.000000s ]
INFO: [ route_check ] --END-- [ RunTime:0.000000s ]
NOTIC: [2] stripslashes() expects exactly 1 parameter, 2 given D:\wamp\www\ThinkPHP3.1\ThinkPHP\Lib\Core\App.class.php 第 57 行.
NOTIC: [2] stripslashes() expects exactly 1 parameter, 2 given D:\wamp\www\ThinkPHP3.1\ThinkPHP\Lib\Core\App.class.php 第 57 行.
NOTIC: [2] stripslashes() expects exactly 1 parameter, 2 given D:\wamp\www\ThinkPHP3.1\ThinkPHP\Lib\Core\App.class.php 第 57 行.
INFO: [ app_begin ] --START--
INFO: ReadHtmlCache Behavior ::run [ RunTime:0.000000s ]
INFO: [ app_begin ] --END-- [ RunTime:0.000000s ]
SQL: SHOW COLUMNS FROM `xm_advice` [ RunTime:0.090005s ]
NOTIC: [2] Missing argument 8 for AdminAction::pagingList(), called in D:\wamp\www\ThinkPHP3.1\Lib\Action\AdminAction.class.php on line 129 and defined D:\wamp\www\ThinkPHP3.1\Lib\Action\AdminAction.class.php 第 253 行.
NOTIC: [2] Missing argument 9 for AdminAction::pagingList(), called in D:\wamp\www\ThinkPHP3.1\Lib\Action\AdminAction.class.php on line 129 and defined D:\wamp\www\ThinkPHP3.1\Lib\Action\AdminAction.class.php 第 253 行.
SQL: SELECT COUNT(*) AS tp_count FROM `xm_advice` LIMIT 1   [ RunTime:0.001000s ]
SQL: SET sql_mode = 'NO_UNSIGNED_SUBTRACTION' [ RunTime:0.000000s ]
NOTIC: [2] mysql_num_rows() expects parameter 1 to be resource, boolean given D:\wamp\www\ThinkPHP3.1\ThinkPHP\Lib\Driver\Db\DbMysql.class.php 第 109 行.
NOTIC: [8] Undefined variable: join D:\wamp\www\ThinkPHP3.1\Lib\Action\AdminAction.class.php 第 265 行.
NOTIC: [2] mysql_free_result() expects parameter 1 to be resource, boolean given D:\wamp\www\ThinkPHP3.1\ThinkPHP\Lib\Driver\Db\DbMysql.class.php 第 80 行.
SQL: SELECT `advice_id`,`content`,`uid`,`oid`,`ctime` FROM `xm_advice` ORDER BY ctime LIMIT 0,10   [ RunTime:0.001000s ]
NOTIC: [8] Undefined variable: value D:\wamp\www\ThinkPHP3.1\Lib\Action\AdminAction.class.php 第 269 行.
INFO: [ view_parse ] --START--
NOTIC: [8] Undefined variable: error_advice_info D:\wamp\www\ThinkPHP3.1\Runtime\Cache\1fd54d0fc12cbf5e9e2032d7b929d25c.php 第 102 行.
INFO: ParseTemplate Behavior ::run [ RunTime:0.020001s ]
INFO: [ view_parse ] --END-- [ RunTime:0.020001s ]
INFO: [ view_filter ] --START--
INFO: ContentReplace Behavior ::run [ RunTime:0.001001s ]
INFO: TokenBuild Behavior ::run [ RunTime:0.000000s ]
INFO: WriteHtmlCache Behavior ::run [ RunTime:0.000000s ]
INFO: ShowRuntime Behavior ::run [ RunTime:0.001000s ]
INFO: [ view_filter ] --END-- [ RunTime:0.002001s ]
INFO: [ view_end ] --START--
INFO: ShowPageTrace Behavior ::run [ RunTime:0.000000s ]
INFO: [ view_end ] --END-- [ RunTime:0.000000s ]

[ 2015-06-12T23:09:07+08:00 ] 127.0.0.1 /Admin/authApply.html
INFO: [ route_check ] --START--
INFO: CheckRoute Behavior ::run [ RunTime:0.001000s ]
INFO: [ route_check ] --END-- [ RunTime:0.001000s ]
NOTIC: [2] stripslashes() expects exactly 1 parameter, 2 given D:\wamp\www\ThinkPHP3.1\ThinkPHP\Lib\Core\App.class.php 第 57 行.
NOTIC: [2] stripslashes() expects exactly 1 parameter, 2 given D:\wamp\www\ThinkPHP3.1\ThinkPHP\Lib\Core\App.class.php 第 57 行.
NOTIC: [2] stripslashes() expects exactly 1 parameter, 2 given D:\wamp\www\ThinkPHP3.1\ThinkPHP\Lib\Core\App.class.php 第 57 行.
INFO: [ app_begin ] --START--
INFO: ReadHtmlCache Behavior ::run [ RunTime:0.000000s ]
INFO: [ app_begin ] --END-- [ RunTime:0.000000s ]
SQL: SHOW COLUMNS FROM `xm_orgs_auth` [ RunTime:0.008001s ]
SQL: SELECT COUNT(*) AS tp_count FROM `xm_orgs_auth` WHERE ( is_pass = 3 ) LIMIT 1   [ RunTime:0.000000s ]
SQL: SET sql_mode = 'NO_UNSIGNED_SUBTRACTION' [ RunTime:0.000000s ]
NOTIC: [2] mysql_num_rows() expects parameter 1 to be resource, boolean given D:\wamp\www\ThinkPHP3.1\ThinkPHP\Lib\Driver\Db\DbMysql.class.php 第 109 行.
NOTIC: [2] mysql_free_result() expects parameter 1 to be resource, boolean given D:\wamp\www\ThinkPHP3.1\ThinkPHP\Lib\Driver\Db\DbMysql.class.php 第 80 行.
SQL: SELECT xm_orgs.oid AS oid,xm_orgs.orgname AS orgname FROM `xm_orgs_auth` INNER JOIN `xm_orgs` ON xm_orgs.oid = xm_orgs_auth.auth_oid WHERE ( is_pass = 3 ) ORDER BY xm_orgs.ctime LIMIT 0,4   [ RunTime:0.001000s ]
NOTIC: [8] Undefined variable: value D:\wamp\www\ThinkPHP3.1\Lib\Action\AdminAction.class.php 第 269 行.
INFO: [ view_parse ] --START--
NOTIC: [8] Undefined variable: orgsauth_page D:\wamp\www\ThinkPHP3.1\Runtime\Cache\0d24c07fa21407b82d15224721636433.php 第 105 行.
INFO: ParseTemplate Behavior ::run [ RunTime:0.024001s ]
INFO: [ view_parse ] --END-- [ RunTime:0.024001s ]
INFO: [ view_filter ] --START--
INFO: ContentReplace Behavior ::run [ RunTime:0.001000s ]
INFO: TokenBuild Behavior ::run [ RunTime:0.000000s ]
INFO: WriteHtmlCache Behavior ::run [ RunTime:0.000000s ]
INFO: ShowRuntime Behavior ::run [ RunTime:0.001000s ]
INFO: [ view_filter ] --END-- [ RunTime:0.002000s ]
INFO: [ view_end ] --START--
INFO: ShowPageTrace Behavior ::run [ RunTime:0.000000s ]
INFO: [ view_end ] --END-- [ RunTime:0.000000s ]

[ 2015-06-12T23:25:04+08:00 ] 127.0.0.1 /Admin/authApply.html
INFO: [ route_check ] --START--
INFO: CheckRoute Behavior ::run [ RunTime:0.001000s ]
INFO: [ route_check ] --END-- [ RunTime:0.001000s ]
NOTIC: [2] stripslashes() expects exactly 1 parameter, 2 given D:\wamp\www\ThinkPHP3.1\ThinkPHP\Lib\Core\App.class.php 第 57 行.
NOTIC: [2] stripslashes() expects exactly 1 parameter, 2 given D:\wamp\www\ThinkPHP3.1\ThinkPHP\Lib\Core\App.class.php 第 57 行.
NOTIC: [2] stripslashes() expects exactly 1 parameter, 2 given D:\wamp\www\ThinkPHP3.1\ThinkPHP\Lib\Core\App.class.php 第 57 行.
INFO: [ app_begin ] --START--
INFO: ReadHtmlCache Behavior ::run [ RunTime:0.001000s ]
INFO: [ app_begin ] --END-- [ RunTime:0.001000s ]
SQL: SHOW COLUMNS FROM `xm_orgs_auth` [ RunTime:0.010001s ]
SQL: SELECT COUNT(*) AS tp_count FROM `xm_orgs_auth` WHERE ( is_pass = 3 ) LIMIT 1   [ RunTime:0.000000s ]
SQL: SET sql_mode = 'NO_UNSIGNED_SUBTRACTION' [ RunTime:0.000000s ]
NOTIC: [2] mysql_num_rows() expects parameter 1 to be resource, boolean given D:\wamp\www\ThinkPHP3.1\ThinkPHP\Lib\Driver\Db\DbMysql.class.php 第 109 行.
NOTIC: [2] mysql_free_result() expects parameter 1 to be resource, boolean given D:\wamp\www\ThinkPHP3.1\ThinkPHP\Lib\Driver\Db\DbMysql.class.php 第 80 行.
SQL: SELECT xm_orgs.oid AS oid,xm_orgs.orgname AS orgname FROM `xm_orgs_auth` INNER JOIN `xm_orgs` ON xm_orgs.oid = xm_orgs_auth.auth_oid WHERE ( is_pass = 3 ) ORDER BY xm_orgs.ctime LIMIT 0,4   [ RunTime:0.035002s ]
NOTIC: [8] Undefined variable: value D:\wamp\www\ThinkPHP3.1\Lib\Action\AdminAction.class.php 第 268 行.
INFO: [ view_parse ] --START--
NOTIC: [8] Undefined variable: orgsauth_error D:\wamp\www\ThinkPHP3.1\Runtime\Cache\0d24c07fa21407b82d15224721636433.php 第 101 行.
INFO: ParseTemplate Behavior ::run [ RunTime:0.027001s ]
INFO: [ view_parse ] --END-- [ RunTime:0.027001s ]
INFO: [ view_filter ] --START--
INFO: ContentReplace Behavior ::run [ RunTime:0.001000s ]
INFO: TokenBuild Behavior ::run [ RunTime:0.000000s ]
INFO: WriteHtmlCache Behavior ::run [ RunTime:0.001000s ]
INFO: ShowRuntime Behavior ::run [ RunTime:0.001000s ]
INFO: [ view_filter ] --END-- [ RunTime:0.003000s ]
INFO: [ view_end ] --START--
INFO: ShowPageTrace Behavior ::run [ RunTime:0.000000s ]
INFO: [ view_end ] --END-- [ RunTime:0.001001s ]

[ 2015-06-12T23:25:06+08:00 ] 127.0.0.1 /Admin/authDetail.html
INFO: [ route_check ] --START--
INFO: CheckRoute Behavior ::run [ RunTime:0.000000s ]
INFO: [ route_check ] --END-- [ RunTime:0.001000s ]
NOTIC: [2] stripslashes() expects exactly 1 parameter, 2 given D:\wamp\www\ThinkPHP3.1\ThinkPHP\Lib\Core\App.class.php 第 57 行.
NOTIC: [2] stripslashes() expects exactly 1 parameter, 2 given D:\wamp\www\ThinkPHP3.1\ThinkPHP\Lib\Core\App.class.php 第 57 行.
NOTIC: [2] stripslashes() expects exactly 1 parameter, 2 given D:\wamp\www\ThinkPHP3.1\ThinkPHP\Lib\Core\App.class.php 第 57 行.
INFO: [ app_begin ] --START--
INFO: ReadHtmlCache Behavior ::run [ RunTime:0.001000s ]
INFO: [ app_begin ] --END-- [ RunTime:0.001000s ]
NOTIC: 建议使用I方法替代_post
SQL: SHOW COLUMNS FROM `xm_orgs` [ RunTime:0.008001s ]
SQL: SELECT `email`,`orgname`,`license_num`,`industry`,`nature`,`size`,`contact`,`org_address`,`phone`,`fixed_phone`,`org_intro` FROM `xm_orgs` WHERE ( oid= ) LIMIT 1   [ RunTime:0.015001s ]
ERR: 1064:You have an error in your SQL syntax; check the manual that corresponds to your MySQL server version for the right syntax to use near ') LIMIT 1' at line 1
 [ SQL语句 ] : SELECT `email`,`orgname`,`license_num`,`industry`,`nature`,`size`,`contact`,`org_address`,`phone`,`fixed_phone`,`org_intro` FROM `xm_orgs` WHERE ( oid= ) LIMIT 1  
INFO: [ view_parse ] --START--
INFO: ParseTemplate Behavior ::run [ RunTime:0.048003s ]
INFO: [ view_parse ] --END-- [ RunTime:0.048003s ]
INFO: [ view_filter ] --START--
INFO: ContentReplace Behavior ::run [ RunTime:0.001000s ]
INFO: TokenBuild Behavior ::run [ RunTime:0.001000s ]
INFO: WriteHtmlCache Behavior ::run [ RunTime:0.000000s ]
INFO: ShowRuntime Behavior ::run [ RunTime:0.001000s ]
INFO: [ view_filter ] --END-- [ RunTime:0.003000s ]
INFO: [ view_end ] --START--
INFO: ShowPageTrace Behavior ::run [ RunTime:0.001000s ]
INFO: [ view_end ] --END-- [ RunTime:0.001000s ]

[ 2015-06-12T23:26:18+08:00 ] 127.0.0.1 /Admin/authApply.html
INFO: [ route_check ] --START--
INFO: CheckRoute Behavior ::run [ RunTime:0.001000s ]
INFO: [ route_check ] --END-- [ RunTime:0.001000s ]
NOTIC: [2] stripslashes() expects exactly 1 parameter, 2 given D:\wamp\www\ThinkPHP3.1\ThinkPHP\Lib\Core\App.class.php 第 57 行.
NOTIC: [2] stripslashes() expects exactly 1 parameter, 2 given D:\wamp\www\ThinkPHP3.1\ThinkPHP\Lib\Core\App.class.php 第 57 行.
NOTIC: [2] stripslashes() expects exactly 1 parameter, 2 given D:\wamp\www\ThinkPHP3.1\ThinkPHP\Lib\Core\App.class.php 第 57 行.
INFO: [ app_begin ] --START--
INFO: ReadHtmlCache Behavior ::run [ RunTime:0.001000s ]
INFO: [ app_begin ] --END-- [ RunTime:0.001000s ]
SQL: SHOW COLUMNS FROM `xm_orgs_auth` [ RunTime:0.008000s ]
SQL: SELECT COUNT(*) AS tp_count FROM `xm_orgs_auth` WHERE ( is_pass = 3 ) LIMIT 1   [ RunTime:0.000000s ]
SQL: SET sql_mode = 'NO_UNSIGNED_SUBTRACTION' [ RunTime:0.001000s ]
NOTIC: [2] mysql_num_rows() expects parameter 1 to be resource, boolean given D:\wamp\www\ThinkPHP3.1\ThinkPHP\Lib\Driver\Db\DbMysql.class.php 第 109 行.
NOTIC: [2] mysql_free_result() expects parameter 1 to be resource, boolean given D:\wamp\www\ThinkPHP3.1\ThinkPHP\Lib\Driver\Db\DbMysql.class.php 第 80 行.
SQL: SELECT xm_orgs.oid AS oid,xm_orgs.orgname AS orgname FROM `xm_orgs_auth` INNER JOIN `xm_orgs` ON xm_orgs.oid = xm_orgs_auth.auth_oid WHERE ( is_pass = 3 ) ORDER BY xm_orgs.ctime LIMIT 0,4   [ RunTime:0.001000s ]
NOTIC: [8] Undefined variable: value D:\wamp\www\ThinkPHP3.1\Lib\Action\AdminAction.class.php 第 268 行.
INFO: [ view_parse ] --START--
NOTIC: [8] Undefined variable: orgsauth_error D:\wamp\www\ThinkPHP3.1\Runtime\Cache\0d24c07fa21407b82d15224721636433.php 第 101 行.
INFO: ParseTemplate Behavior ::run [ RunTime:0.011001s ]
INFO: [ view_parse ] --END-- [ RunTime:0.011001s ]
INFO: [ view_filter ] --START--
INFO: ContentReplace Behavior ::run [ RunTime:0.001000s ]
INFO: TokenBuild Behavior ::run [ RunTime:0.000000s ]
INFO: WriteHtmlCache Behavior ::run [ RunTime:0.000000s ]
INFO: ShowRuntime Behavior ::run [ RunTime:0.001000s ]
INFO: [ view_filter ] --END-- [ RunTime:0.003000s ]
INFO: [ view_end ] --START--
INFO: ShowPageTrace Behavior ::run [ RunTime:0.000000s ]
INFO: [ view_end ] --END-- [ RunTime:0.000000s ]

[ 2015-06-12T23:26:20+08:00 ] 127.0.0.1 /Admin/authDetail.html?oid=1
INFO: [ route_check ] --START--
INFO: CheckRoute Behavior ::run [ RunTime:0.001000s ]
INFO: [ route_check ] --END-- [ RunTime:0.001000s ]
NOTIC: [2] stripslashes() expects exactly 1 parameter, 2 given D:\wamp\www\ThinkPHP3.1\ThinkPHP\Lib\Core\App.class.php 第 57 行.
NOTIC: [2] stripslashes() expects exactly 1 parameter, 2 given D:\wamp\www\ThinkPHP3.1\ThinkPHP\Lib\Core\App.class.php 第 57 行.
NOTIC: [2] stripslashes() expects exactly 1 parameter, 2 given D:\wamp\www\ThinkPHP3.1\ThinkPHP\Lib\Core\App.class.php 第 57 行.
NOTIC: [2] stripslashes() expects exactly 1 parameter, 2 given D:\wamp\www\ThinkPHP3.1\ThinkPHP\Lib\Core\App.class.php 第 57 行.
INFO: [ app_begin ] --START--
INFO: ReadHtmlCache Behavior ::run [ RunTime:0.001000s ]
INFO: [ app_begin ] --END-- [ RunTime:0.001000s ]
NOTIC: 建议使用I方法替代_get
SQL: SHOW COLUMNS FROM `xm_orgs` [ RunTime:0.007000s ]
SQL: SELECT `email`,`orgname`,`license_num`,`industry`,`nature`,`size`,`contact`,`org_address`,`phone`,`fixed_phone`,`org_intro` FROM `xm_orgs` WHERE ( oid=1 ) LIMIT 1   [ RunTime:0.000000s ]
ERR: 1054:Unknown column 'license_num' in 'field list'
 [ SQL语句 ] : SELECT `email`,`orgname`,`license_num`,`industry`,`nature`,`size`,`contact`,`org_address`,`phone`,`fixed_phone`,`org_intro` FROM `xm_orgs` WHERE ( oid=1 ) LIMIT 1  
INFO: [ view_parse ] --START--
INFO: ParseTemplate Behavior ::run [ RunTime:0.008001s ]
INFO: [ view_parse ] --END-- [ RunTime:0.008001s ]
INFO: [ view_filter ] --START--
INFO: ContentReplace Behavior ::run [ RunTime:0.000000s ]
INFO: TokenBuild Behavior ::run [ RunTime:0.000000s ]
INFO: WriteHtmlCache Behavior ::run [ RunTime:0.001000s ]
INFO: ShowRuntime Behavior ::run [ RunTime:0.000000s ]
INFO: [ view_filter ] --END-- [ RunTime:0.002000s ]
INFO: [ view_end ] --START--
INFO: ShowPageTrace Behavior ::run [ RunTime:0.000000s ]
INFO: [ view_end ] --END-- [ RunTime:0.000000s ]

[ 2015-06-12T23:30:22+08:00 ] 127.0.0.1 /Admin/authDetail.html?oid=1
INFO: [ route_check ] --START--
INFO: CheckRoute Behavior ::run [ RunTime:0.001000s ]
INFO: [ route_check ] --END-- [ RunTime:0.001000s ]
NOTIC: [2] stripslashes() expects exactly 1 parameter, 2 given D:\wamp\www\ThinkPHP3.1\ThinkPHP\Lib\Core\App.class.php 第 57 行.
NOTIC: [2] stripslashes() expects exactly 1 parameter, 2 given D:\wamp\www\ThinkPHP3.1\ThinkPHP\Lib\Core\App.class.php 第 57 行.
NOTIC: [2] stripslashes() expects exactly 1 parameter, 2 given D:\wamp\www\ThinkPHP3.1\ThinkPHP\Lib\Core\App.class.php 第 57 行.
NOTIC: [2] stripslashes() expects exactly 1 parameter, 2 given D:\wamp\www\ThinkPHP3.1\ThinkPHP\Lib\Core\App.class.php 第 57 行.
INFO: [ app_begin ] --START--
INFO: ReadHtmlCache Behavior ::run [ RunTime:0.000000s ]
INFO: [ app_begin ] --END-- [ RunTime:0.001000s ]
NOTIC: 建议使用I方法替代_get
SQL: SHOW COLUMNS FROM `xm_orgs_auth` [ RunTime:0.009001s ]
SQL: SELECT `email`,`orgname`,`license_num`,`industry`,`nature`,`size`,`contact`,`org_address`,`phone`,`fixed_phone`,`org_intro` FROM `xm_orgs_auth` INNER JOIN xm_jobs ON xm_orgs.oid = xm_orgs_auth.auth_oid WHERE ( auth_oid=1 ) LIMIT 1   [ RunTime:0.000000s ]
ERR: 1054:Unknown column 'email' in 'field list'
 [ SQL语句 ] : SELECT `email`,`orgname`,`license_num`,`industry`,`nature`,`size`,`contact`,`org_address`,`phone`,`fixed_phone`,`org_intro` FROM `xm_orgs_auth` INNER JOIN xm_jobs ON xm_orgs.oid = xm_orgs_auth.auth_oid WHERE ( auth_oid=1 ) LIMIT 1  
INFO: [ view_parse ] --START--
INFO: ParseTemplate Behavior ::run [ RunTime:0.018001s ]
INFO: [ view_parse ] --END-- [ RunTime:0.018001s ]
INFO: [ view_filter ] --START--
INFO: ContentReplace Behavior ::run [ RunTime:0.000000s ]
INFO: TokenBuild Behavior ::run [ RunTime:0.001000s ]
INFO: WriteHtmlCache Behavior ::run [ RunTime:0.000000s ]
INFO: ShowRuntime Behavior ::run [ RunTime:0.001000s ]
INFO: [ view_filter ] --END-- [ RunTime:0.002000s ]
INFO: [ view_end ] --START--
INFO: ShowPageTrace Behavior ::run [ RunTime:0.001000s ]
INFO: [ view_end ] --END-- [ RunTime:0.001000s ]

[ 2015-06-12T23:33:08+08:00 ] 127.0.0.1 /Admin/authDetail.html?oid=1
INFO: [ route_check ] --START--
INFO: CheckRoute Behavior ::run [ RunTime:0.000000s ]
INFO: [ route_check ] --END-- [ RunTime:0.000000s ]
NOTIC: [2] stripslashes() expects exactly 1 parameter, 2 given D:\wamp\www\ThinkPHP3.1\ThinkPHP\Lib\Core\App.class.php 第 57 行.
NOTIC: [2] stripslashes() expects exactly 1 parameter, 2 given D:\wamp\www\ThinkPHP3.1\ThinkPHP\Lib\Core\App.class.php 第 57 行.
NOTIC: [2] stripslashes() expects exactly 1 parameter, 2 given D:\wamp\www\ThinkPHP3.1\ThinkPHP\Lib\Core\App.class.php 第 57 行.
NOTIC: [2] stripslashes() expects exactly 1 parameter, 2 given D:\wamp\www\ThinkPHP3.1\ThinkPHP\Lib\Core\App.class.php 第 57 行.
INFO: [ app_begin ] --START--
INFO: ReadHtmlCache Behavior ::run [ RunTime:0.000000s ]
INFO: [ app_begin ] --END-- [ RunTime:0.000000s ]
NOTIC: 建议使用I方法替代_get
SQL: SHOW COLUMNS FROM `xm_orgs_auth` [ RunTime:0.009000s ]
SQL: SELECT `email`,`orgname`,`license_num`,`industry`,`nature`,`size`,`contact`,`org_address`,`phone`,`fixed_phone`,`org_intro` FROM `xm_orgs_auth` INNER JOIN xm_orgs ON xm_orgs.oid = xm_orgs_auth.auth_oid WHERE ( auth_oid=1 ) LIMIT 1   [ RunTime:0.001000s ]
ERR: 1052:Column 'phone' in field list is ambiguous
 [ SQL语句 ] : SELECT `email`,`orgname`,`license_num`,`industry`,`nature`,`size`,`contact`,`org_address`,`phone`,`fixed_phone`,`org_intro` FROM `xm_orgs_auth` INNER JOIN xm_orgs ON xm_orgs.oid = xm_orgs_auth.auth_oid WHERE ( auth_oid=1 ) LIMIT 1  
INFO: [ view_parse ] --START--
INFO: ParseTemplate Behavior ::run [ RunTime:0.048003s ]
INFO: [ view_parse ] --END-- [ RunTime:0.048003s ]
INFO: [ view_filter ] --START--
INFO: ContentReplace Behavior ::run [ RunTime:0.001000s ]
INFO: TokenBuild Behavior ::run [ RunTime:0.001000s ]
INFO: WriteHtmlCache Behavior ::run [ RunTime:0.000000s ]
INFO: ShowRuntime Behavior ::run [ RunTime:0.001000s ]
INFO: [ view_filter ] --END-- [ RunTime:0.004000s ]
INFO: [ view_end ] --START--
INFO: ShowPageTrace Behavior ::run [ RunTime:0.000000s ]
INFO: [ view_end ] --END-- [ RunTime:0.000000s ]

[ 2015-06-12T23:33:38+08:00 ] 127.0.0.1 /Admin/authDetail.html?oid=1
INFO: [ route_check ] --START--
INFO: CheckRoute Behavior ::run [ RunTime:0.001000s ]
INFO: [ route_check ] --END-- [ RunTime:0.001000s ]
NOTIC: [2] stripslashes() expects exactly 1 parameter, 2 given D:\wamp\www\ThinkPHP3.1\ThinkPHP\Lib\Core\App.class.php 第 57 行.
NOTIC: [2] stripslashes() expects exactly 1 parameter, 2 given D:\wamp\www\ThinkPHP3.1\ThinkPHP\Lib\Core\App.class.php 第 57 行.
NOTIC: [2] stripslashes() expects exactly 1 parameter, 2 given D:\wamp\www\ThinkPHP3.1\ThinkPHP\Lib\Core\App.class.php 第 57 行.
NOTIC: [2] stripslashes() expects exactly 1 parameter, 2 given D:\wamp\www\ThinkPHP3.1\ThinkPHP\Lib\Core\App.class.php 第 57 行.
INFO: [ app_begin ] --START--
INFO: ReadHtmlCache Behavior ::run [ RunTime:0.001000s ]
INFO: [ app_begin ] --END-- [ RunTime:0.001000s ]
NOTIC: 建议使用I方法替代_get
SQL: SHOW COLUMNS FROM `xm_orgs_auth` [ RunTime:0.008000s ]
SQL: SELECT `email`,`orgname`,`license_num`,`industry`,`nature`,`size`,`contact`,`org_address`,xm_orgs_auth.phone,`fixed_phone`,`org_intro` FROM `xm_orgs_auth` INNER JOIN xm_orgs ON xm_orgs.oid = xm_orgs_auth.auth_oid WHERE ( auth_oid=1 ) LIMIT 1   [ RunTime:0.000000s ]
INFO: [ view_parse ] --START--
INFO: ParseTemplate Behavior ::run [ RunTime:0.009000s ]
INFO: [ view_parse ] --END-- [ RunTime:0.010000s ]
INFO: [ view_filter ] --START--
INFO: ContentReplace Behavior ::run [ RunTime:0.000000s ]
INFO: TokenBuild Behavior ::run [ RunTime:0.001000s ]
INFO: WriteHtmlCache Behavior ::run [ RunTime:0.001000s ]
INFO: ShowRuntime Behavior ::run [ RunTime:0.000000s ]
INFO: [ view_filter ] --END-- [ RunTime:0.002000s ]
INFO: [ view_end ] --START--
INFO: ShowPageTrace Behavior ::run [ RunTime:0.001000s ]
INFO: [ view_end ] --END-- [ RunTime:0.001000s ]

[ 2015-06-12T23:36:41+08:00 ] 127.0.0.1 /Admin/authDetail.html?oid=1
INFO: [ route_check ] --START--
INFO: CheckRoute Behavior ::run [ RunTime:0.001000s ]
INFO: [ route_check ] --END-- [ RunTime:0.001000s ]
NOTIC: [2] stripslashes() expects exactly 1 parameter, 2 given D:\wamp\www\ThinkPHP3.1\ThinkPHP\Lib\Core\App.class.php 第 57 行.
NOTIC: [2] stripslashes() expects exactly 1 parameter, 2 given D:\wamp\www\ThinkPHP3.1\ThinkPHP\Lib\Core\App.class.php 第 57 行.
NOTIC: [2] stripslashes() expects exactly 1 parameter, 2 given D:\wamp\www\ThinkPHP3.1\ThinkPHP\Lib\Core\App.class.php 第 57 行.
NOTIC: [2] stripslashes() expects exactly 1 parameter, 2 given D:\wamp\www\ThinkPHP3.1\ThinkPHP\Lib\Core\App.class.php 第 57 行.
INFO: [ app_begin ] --START--
INFO: ReadHtmlCache Behavior ::run [ RunTime:0.001000s ]
INFO: [ app_begin ] --END-- [ RunTime:0.001000s ]
NOTIC: 建议使用I方法替代_get
SQL: SHOW COLUMNS FROM `xm_orgs_auth` [ RunTime:0.009001s ]
SQL: SELECT `email`,`orgname`,`license_num`,`industry`,`nature`,`size`,`contact`,`org_address`,xm_orgs_auth.phone,`fixed_phone`,`org_intro` FROM `xm_orgs_auth` INNER JOIN xm_orgs ON xm_orgs.oid = xm_orgs_auth.auth_oid WHERE ( auth_oid=1 ) LIMIT 1   [ RunTime:0.001000s ]
INFO: [ view_parse ] --START--
INFO: ParseTemplate Behavior ::run [ RunTime:0.008000s ]
INFO: [ view_parse ] --END-- [ RunTime:0.008000s ]
INFO: [ view_filter ] --START--
INFO: ContentReplace Behavior ::run [ RunTime:0.000000s ]
INFO: TokenBuild Behavior ::run [ RunTime:0.000000s ]
INFO: WriteHtmlCache Behavior ::run [ RunTime:0.000000s ]
INFO: ShowRuntime Behavior ::run [ RunTime:0.000000s ]
INFO: [ view_filter ] --END-- [ RunTime:0.001001s ]
INFO: [ view_end ] --START--
INFO: ShowPageTrace Behavior ::run [ RunTime:0.001000s ]
INFO: [ view_end ] --END-- [ RunTime:0.001000s ]

[ 2015-06-12T23:43:10+08:00 ] 127.0.0.1 /Admin/authDetail.html?oid=1
INFO: [ route_check ] --START--
INFO: CheckRoute Behavior ::run [ RunTime:0.001000s ]
INFO: [ route_check ] --END-- [ RunTime:0.001000s ]
NOTIC: [2] stripslashes() expects exactly 1 parameter, 2 given D:\wamp\www\ThinkPHP3.1\ThinkPHP\Lib\Core\App.class.php 第 57 行.
NOTIC: [2] stripslashes() expects exactly 1 parameter, 2 given D:\wamp\www\ThinkPHP3.1\ThinkPHP\Lib\Core\App.class.php 第 57 行.
NOTIC: [2] stripslashes() expects exactly 1 parameter, 2 given D:\wamp\www\ThinkPHP3.1\ThinkPHP\Lib\Core\App.class.php 第 57 行.
NOTIC: [2] stripslashes() expects exactly 1 parameter, 2 given D:\wamp\www\ThinkPHP3.1\ThinkPHP\Lib\Core\App.class.php 第 57 行.
INFO: [ app_begin ] --START--
INFO: ReadHtmlCache Behavior ::run [ RunTime:0.001000s ]
INFO: [ app_begin ] --END-- [ RunTime:0.001000s ]
NOTIC: 建议使用I方法替代_get
SQL: SHOW COLUMNS FROM `xm_orgs_auth` [ RunTime:0.009001s ]
SQL: SELECT `email`,`orgname`,`license_num`,`industry`,`nature`,`size`,`contact`,`org_address`,xm_orgs_auth.phone,`fixed_phone`,`org_intro` FROM `xm_orgs_auth` INNER JOIN xm_orgs ON xm_orgs.oid = xm_orgs_auth.auth_oid WHERE ( auth_oid=1 ) LIMIT 1   [ RunTime:0.000000s ]
INFO: [ view_parse ] --START--
INFO: ParseTemplate Behavior ::run [ RunTime:0.020001s ]
INFO: [ view_parse ] --END-- [ RunTime:0.020001s ]
INFO: [ view_filter ] --START--
INFO: ContentReplace Behavior ::run [ RunTime:0.000000s ]
INFO: TokenBuild Behavior ::run [ RunTime:0.001000s ]
INFO: WriteHtmlCache Behavior ::run [ RunTime:0.000000s ]
INFO: ShowRuntime Behavior ::run [ RunTime:0.000000s ]
INFO: [ view_filter ] --END-- [ RunTime:0.001000s ]
INFO: [ view_end ] --START--
INFO: ShowPageTrace Behavior ::run [ RunTime:0.001000s ]
INFO: [ view_end ] --END-- [ RunTime:0.001000s ]

[ 2015-06-12T23:44:21+08:00 ] 127.0.0.1 /Admin/authDetail.html?oid=1
INFO: [ route_check ] --START--
INFO: CheckRoute Behavior ::run [ RunTime:0.000000s ]
INFO: [ route_check ] --END-- [ RunTime:0.000000s ]
NOTIC: [2] stripslashes() expects exactly 1 parameter, 2 given D:\wamp\www\ThinkPHP3.1\ThinkPHP\Lib\Core\App.class.php 第 57 行.
NOTIC: [2] stripslashes() expects exactly 1 parameter, 2 given D:\wamp\www\ThinkPHP3.1\ThinkPHP\Lib\Core\App.class.php 第 57 行.
NOTIC: [2] stripslashes() expects exactly 1 parameter, 2 given D:\wamp\www\ThinkPHP3.1\ThinkPHP\Lib\Core\App.class.php 第 57 行.
NOTIC: [2] stripslashes() expects exactly 1 parameter, 2 given D:\wamp\www\ThinkPHP3.1\ThinkPHP\Lib\Core\App.class.php 第 57 行.
INFO: [ app_begin ] --START--
INFO: ReadHtmlCache Behavior ::run [ RunTime:0.000000s ]
INFO: [ app_begin ] --END-- [ RunTime:0.000000s ]
NOTIC: 建议使用I方法替代_get
SQL: SHOW COLUMNS FROM `xm_orgs_auth` [ RunTime:0.008001s ]
SQL: SELECT `email`,`orgname`,`license_num`,`industry`,`nature`,`size`,`contact`,`org_address`,xm_orgs_auth.phone,`fixed_phone`,`org_intro` FROM `xm_orgs_auth` INNER JOIN xm_orgs ON xm_orgs.oid = xm_orgs_auth.auth_oid WHERE ( auth_oid=1 ) LIMIT 1   [ RunTime:0.000000s ]
INFO: [ view_parse ] --START--
INFO: ParseTemplate Behavior ::run [ RunTime:0.007000s ]
INFO: [ view_parse ] --END-- [ RunTime:0.007000s ]
INFO: [ view_filter ] --START--
INFO: ContentReplace Behavior ::run [ RunTime:0.000000s ]
INFO: TokenBuild Behavior ::run [ RunTime:0.000000s ]
INFO: WriteHtmlCache Behavior ::run [ RunTime:0.001000s ]
INFO: ShowRuntime Behavior ::run [ RunTime:0.000000s ]
INFO: [ view_filter ] --END-- [ RunTime:0.001000s ]
INFO: [ view_end ] --START--
INFO: ShowPageTrace Behavior ::run [ RunTime:0.000000s ]
INFO: [ view_end ] --END-- [ RunTime:0.000000s ]

[ 2015-06-12T23:53:44+08:00 ] 127.0.0.1 /Admin/authDetail.html?oid=1
INFO: [ route_check ] --START--
INFO: CheckRoute Behavior ::run [ RunTime:0.001000s ]
INFO: [ route_check ] --END-- [ RunTime:0.001000s ]
NOTIC: [2] stripslashes() expects exactly 1 parameter, 2 given D:\wamp\www\ThinkPHP3.1\ThinkPHP\Lib\Core\App.class.php 第 57 行.
NOTIC: [2] stripslashes() expects exactly 1 parameter, 2 given D:\wamp\www\ThinkPHP3.1\ThinkPHP\Lib\Core\App.class.php 第 57 行.
NOTIC: [2] stripslashes() expects exactly 1 parameter, 2 given D:\wamp\www\ThinkPHP3.1\ThinkPHP\Lib\Core\App.class.php 第 57 行.
NOTIC: [2] stripslashes() expects exactly 1 parameter, 2 given D:\wamp\www\ThinkPHP3.1\ThinkPHP\Lib\Core\App.class.php 第 57 行.
INFO: [ app_begin ] --START--
INFO: ReadHtmlCache Behavior ::run [ RunTime:0.000000s ]
INFO: [ app_begin ] --END-- [ RunTime:0.000000s ]
NOTIC: 建议使用I方法替代_get
SQL: SHOW COLUMNS FROM `xm_orgs_auth` [ RunTime:0.011001s ]
SQL: SELECT `email`,`orgname`,`license_num`,`industry`,`nature`,`size`,`contact`,`org_address`,xm_orgs_auth.phone,`fixed_phone`,`org_intro` FROM `xm_orgs_auth` INNER JOIN xm_orgs ON xm_orgs.oid = xm_orgs_auth.auth_oid WHERE ( auth_oid=1 ) LIMIT 1   [ RunTime:0.001000s ]
INFO: [ view_parse ] --START--
NOTIC: [8] Undefined variable: license_img D:\wamp\www\ThinkPHP3.1\Runtime\Cache\f727491b6babb485e29fa8bcb6063033.php 第 87 行.
NOTIC: [8] Undefined variable: idcard_num D:\wamp\www\ThinkPHP3.1\Runtime\Cache\f727491b6babb485e29fa8bcb6063033.php 第 103 行.
NOTIC: [8] Undefined variable: idcard_img1 D:\wamp\www\ThinkPHP3.1\Runtime\Cache\f727491b6babb485e29fa8bcb6063033.php 第 107 行.
NOTIC: [8] Undefined variable: idcard_img2 D:\wamp\www\ThinkPHP3.1\Runtime\Cache\f727491b6babb485e29fa8bcb6063033.php 第 108 行.
INFO: ParseTemplate Behavior ::run [ RunTime:0.022001s ]
INFO: [ view_parse ] --END-- [ RunTime:0.022001s ]
INFO: [ view_filter ] --START--
INFO: ContentReplace Behavior ::run [ RunTime:0.001000s ]
INFO: TokenBuild Behavior ::run [ RunTime:0.000000s ]
INFO: WriteHtmlCache Behavior ::run [ RunTime:0.001000s ]
INFO: ShowRuntime Behavior ::run [ RunTime:0.000000s ]
INFO: [ view_filter ] --END-- [ RunTime:0.002000s ]
INFO: [ view_end ] --START--
INFO: ShowPageTrace Behavior ::run [ RunTime:0.000000s ]
INFO: [ view_end ] --END-- [ RunTime:0.000000s ]

[ 2015-06-12T23:54:44+08:00 ] 127.0.0.1 /Admin/authDetail.html?oid=1
INFO: [ route_check ] --START--
INFO: CheckRoute Behavior ::run [ RunTime:0.001000s ]
INFO: [ route_check ] --END-- [ RunTime:0.001000s ]
NOTIC: [2] stripslashes() expects exactly 1 parameter, 2 given D:\wamp\www\ThinkPHP3.1\ThinkPHP\Lib\Core\App.class.php 第 57 行.
NOTIC: [2] stripslashes() expects exactly 1 parameter, 2 given D:\wamp\www\ThinkPHP3.1\ThinkPHP\Lib\Core\App.class.php 第 57 行.
NOTIC: [2] stripslashes() expects exactly 1 parameter, 2 given D:\wamp\www\ThinkPHP3.1\ThinkPHP\Lib\Core\App.class.php 第 57 行.
NOTIC: [2] stripslashes() expects exactly 1 parameter, 2 given D:\wamp\www\ThinkPHP3.1\ThinkPHP\Lib\Core\App.class.php 第 57 行.
INFO: [ app_begin ] --START--
INFO: ReadHtmlCache Behavior ::run [ RunTime:0.001000s ]
INFO: [ app_begin ] --END-- [ RunTime:0.001000s ]
NOTIC: 建议使用I方法替代_get
SQL: SHOW COLUMNS FROM `xm_orgs_auth` [ RunTime:0.011001s ]
SQL: SELECT `email`,`orgname`,`license_num`,`idcard_img1`,`idcard_img2`,`license_img`,`industry`,`nature`,`size`,`contact`,`org_address`,xm_orgs_auth.phone,`fixed_phone`,`org_intro` FROM `xm_orgs_auth` INNER JOIN xm_orgs ON xm_orgs.oid = xm_orgs_auth.auth_oid WHERE ( auth_oid=1 ) LIMIT 1   [ RunTime:0.001000s ]
INFO: [ view_parse ] --START--
NOTIC: [8] Undefined variable: idcard_num D:\wamp\www\ThinkPHP3.1\Runtime\Cache\f727491b6babb485e29fa8bcb6063033.php 第 103 行.
INFO: ParseTemplate Behavior ::run [ RunTime:0.008000s ]
INFO: [ view_parse ] --END-- [ RunTime:0.008000s ]
INFO: [ view_filter ] --START--
INFO: ContentReplace Behavior ::run [ RunTime:0.000000s ]
INFO: TokenBuild Behavior ::run [ RunTime:0.001000s ]
INFO: WriteHtmlCache Behavior ::run [ RunTime:0.000000s ]
INFO: ShowRuntime Behavior ::run [ RunTime:0.000000s ]
INFO: [ view_filter ] --END-- [ RunTime:0.001000s ]
INFO: [ view_end ] --START--
INFO: ShowPageTrace Behavior ::run [ RunTime:0.001000s ]
INFO: [ view_end ] --END-- [ RunTime:0.001000s ]

[ 2015-06-12T23:55:21+08:00 ] 127.0.0.1 /Admin/authDetail.html?oid=1
INFO: [ route_check ] --START--
INFO: CheckRoute Behavior ::run [ RunTime:0.001000s ]
INFO: [ route_check ] --END-- [ RunTime:0.001000s ]
NOTIC: [2] stripslashes() expects exactly 1 parameter, 2 given D:\wamp\www\ThinkPHP3.1\ThinkPHP\Lib\Core\App.class.php 第 57 行.
NOTIC: [2] stripslashes() expects exactly 1 parameter, 2 given D:\wamp\www\ThinkPHP3.1\ThinkPHP\Lib\Core\App.class.php 第 57 行.
NOTIC: [2] stripslashes() expects exactly 1 parameter, 2 given D:\wamp\www\ThinkPHP3.1\ThinkPHP\Lib\Core\App.class.php 第 57 行.
NOTIC: [2] stripslashes() expects exactly 1 parameter, 2 given D:\wamp\www\ThinkPHP3.1\ThinkPHP\Lib\Core\App.class.php 第 57 行.
INFO: [ app_begin ] --START--
INFO: ReadHtmlCache Behavior ::run [ RunTime:0.000000s ]
INFO: [ app_begin ] --END-- [ RunTime:0.000000s ]
NOTIC: 建议使用I方法替代_get
SQL: SHOW COLUMNS FROM `xm_orgs_auth` [ RunTime:0.008000s ]
SQL: SELECT `email`,`orgname`,`license_num`,`idcard_img1`,`idcard_img2`,`license_img`,`idcard_num`,`industry`,`nature`,`size`,`contact`,`org_address`,xm_orgs_auth.phone,`fixed_phone`,`org_intro` FROM `xm_orgs_auth` INNER JOIN xm_orgs ON xm_orgs.oid = xm_orgs_auth.auth_oid WHERE ( auth_oid=1 ) LIMIT 1   [ RunTime:0.001000s ]
INFO: [ view_parse ] --START--
INFO: ParseTemplate Behavior ::run [ RunTime:0.008001s ]
INFO: [ view_parse ] --END-- [ RunTime:0.008001s ]
INFO: [ view_filter ] --START--
INFO: ContentReplace Behavior ::run [ RunTime:0.000000s ]
INFO: TokenBuild Behavior ::run [ RunTime:0.001000s ]
INFO: WriteHtmlCache Behavior ::run [ RunTime:0.000000s ]
INFO: ShowRuntime Behavior ::run [ RunTime:0.000000s ]
INFO: [ view_filter ] --END-- [ RunTime:0.001000s ]
INFO: [ view_end ] --START--
INFO: ShowPageTrace Behavior ::run [ RunTime:0.000000s ]
INFO: [ view_end ] --END-- [ RunTime:0.000000s ]

[ 2015-06-12T23:55:48+08:00 ] 127.0.0.1 /Admin/authDetail.html?oid=1
INFO: [ route_check ] --START--
INFO: CheckRoute Behavior ::run [ RunTime:0.001001s ]
INFO: [ route_check ] --END-- [ RunTime:0.001001s ]
NOTIC: [2] stripslashes() expects exactly 1 parameter, 2 given D:\wamp\www\ThinkPHP3.1\ThinkPHP\Lib\Core\App.class.php 第 57 行.
NOTIC: [2] stripslashes() expects exactly 1 parameter, 2 given D:\wamp\www\ThinkPHP3.1\ThinkPHP\Lib\Core\App.class.php 第 57 行.
NOTIC: [2] stripslashes() expects exactly 1 parameter, 2 given D:\wamp\www\ThinkPHP3.1\ThinkPHP\Lib\Core\App.class.php 第 57 行.
NOTIC: [2] stripslashes() expects exactly 1 parameter, 2 given D:\wamp\www\ThinkPHP3.1\ThinkPHP\Lib\Core\App.class.php 第 57 行.
INFO: [ app_begin ] --START--
INFO: ReadHtmlCache Behavior ::run [ RunTime:0.001000s ]
INFO: [ app_begin ] --END-- [ RunTime:0.001000s ]
NOTIC: 建议使用I方法替代_get
SQL: SHOW COLUMNS FROM `xm_orgs_auth` [ RunTime:0.013000s ]
SQL: SELECT `email`,`orgname`,`license_num`,`idcard_img1`,`idcard_img2`,`license_img`,`idcard_num`,`industry`,`nature`,`size`,`contact`,`org_address`,xm_orgs_auth.phone,`fixed_phone`,`org_intro` FROM `xm_orgs_auth` INNER JOIN xm_orgs ON xm_orgs.oid = xm_orgs_auth.auth_oid WHERE ( auth_oid=1 ) LIMIT 1   [ RunTime:0.002000s ]
INFO: [ view_parse ] --START--
INFO: ParseTemplate Behavior ::run [ RunTime:0.009001s ]
INFO: [ view_parse ] --END-- [ RunTime:0.009001s ]
INFO: [ view_filter ] --START--
INFO: ContentReplace Behavior ::run [ RunTime:0.000000s ]
INFO: TokenBuild Behavior ::run [ RunTime:0.001000s ]
INFO: WriteHtmlCache Behavior ::run [ RunTime:0.000000s ]
INFO: ShowRuntime Behavior ::run [ RunTime:0.000000s ]
INFO: [ view_filter ] --END-- [ RunTime:0.001000s ]
INFO: [ view_end ] --START--
INFO: ShowPageTrace Behavior ::run [ RunTime:0.001000s ]
INFO: [ view_end ] --END-- [ RunTime:0.001000s ]

[ 2015-06-12T23:56:32+08:00 ] 127.0.0.1 /Admin/authDetail.html?oid=1
INFO: [ route_check ] --START--
INFO: CheckRoute Behavior ::run [ RunTime:0.000000s ]
INFO: [ route_check ] --END-- [ RunTime:0.000000s ]
NOTIC: [2] stripslashes() expects exactly 1 parameter, 2 given D:\wamp\www\ThinkPHP3.1\ThinkPHP\Lib\Core\App.class.php 第 57 行.
NOTIC: [2] stripslashes() expects exactly 1 parameter, 2 given D:\wamp\www\ThinkPHP3.1\ThinkPHP\Lib\Core\App.class.php 第 57 行.
NOTIC: [2] stripslashes() expects exactly 1 parameter, 2 given D:\wamp\www\ThinkPHP3.1\ThinkPHP\Lib\Core\App.class.php 第 57 行.
NOTIC: [2] stripslashes() expects exactly 1 parameter, 2 given D:\wamp\www\ThinkPHP3.1\ThinkPHP\Lib\Core\App.class.php 第 57 行.
INFO: [ app_begin ] --START--
INFO: ReadHtmlCache Behavior ::run [ RunTime:0.000000s ]
INFO: [ app_begin ] --END-- [ RunTime:0.000000s ]
NOTIC: 建议使用I方法替代_get
SQL: SHOW COLUMNS FROM `xm_orgs_auth` [ RunTime:0.008000s ]
SQL: SELECT `email`,`orgname`,`license_num`,`idcard_img1`,`idcard_img2`,`license_img`,`idcard_num`,`industry`,`nature`,`size`,`contact`,`org_address`,xm_orgs_auth.phone,`fixed_phone`,`org_intro` FROM `xm_orgs_auth` INNER JOIN xm_orgs ON xm_orgs.oid = xm_orgs_auth.auth_oid WHERE ( auth_oid=1 ) LIMIT 1   [ RunTime:0.001000s ]
INFO: [ view_parse ] --START--
INFO: ParseTemplate Behavior ::run [ RunTime:0.008001s ]
INFO: [ view_parse ] --END-- [ RunTime:0.008001s ]
INFO: [ view_filter ] --START--
INFO: ContentReplace Behavior ::run [ RunTime:0.000000s ]
INFO: TokenBuild Behavior ::run [ RunTime:0.001000s ]
INFO: WriteHtmlCache Behavior ::run [ RunTime:0.000000s ]
INFO: ShowRuntime Behavior ::run [ RunTime:0.000000s ]
INFO: [ view_filter ] --END-- [ RunTime:0.001000s ]
INFO: [ view_end ] --START--
INFO: ShowPageTrace Behavior ::run [ RunTime:0.001000s ]
INFO: [ view_end ] --END-- [ RunTime:0.001000s ]

[ 2015-06-12T23:56:44+08:00 ] 127.0.0.1 /Admin/authDetail.html?oid=1
INFO: [ route_check ] --START--
INFO: CheckRoute Behavior ::run [ RunTime:0.000000s ]
INFO: [ route_check ] --END-- [ RunTime:0.000000s ]
NOTIC: [2] stripslashes() expects exactly 1 parameter, 2 given D:\wamp\www\ThinkPHP3.1\ThinkPHP\Lib\Core\App.class.php 第 57 行.
NOTIC: [2] stripslashes() expects exactly 1 parameter, 2 given D:\wamp\www\ThinkPHP3.1\ThinkPHP\Lib\Core\App.class.php 第 57 行.
NOTIC: [2] stripslashes() expects exactly 1 parameter, 2 given D:\wamp\www\ThinkPHP3.1\ThinkPHP\Lib\Core\App.class.php 第 57 行.
NOTIC: [2] stripslashes() expects exactly 1 parameter, 2 given D:\wamp\www\ThinkPHP3.1\ThinkPHP\Lib\Core\App.class.php 第 57 行.
INFO: [ app_begin ] --START--
INFO: ReadHtmlCache Behavior ::run [ RunTime:0.001000s ]
INFO: [ app_begin ] --END-- [ RunTime:0.001000s ]
NOTIC: 建议使用I方法替代_get
SQL: SHOW COLUMNS FROM `xm_orgs_auth` [ RunTime:0.008000s ]
SQL: SELECT `email`,`orgname`,`license_num`,`idcard_img1`,`idcard_img2`,`license_img`,`idcard_num`,`industry`,`nature`,`size`,`contact`,`org_address`,xm_orgs_auth.phone,`fixed_phone`,`org_intro` FROM `xm_orgs_auth` INNER JOIN xm_orgs ON xm_orgs.oid = xm_orgs_auth.auth_oid WHERE ( auth_oid=1 ) LIMIT 1   [ RunTime:0.000000s ]
INFO: [ view_parse ] --START--
INFO: ParseTemplate Behavior ::run [ RunTime:0.008001s ]
INFO: [ view_parse ] --END-- [ RunTime:0.008001s ]
INFO: [ view_filter ] --START--
INFO: ContentReplace Behavior ::run [ RunTime:0.000000s ]
INFO: TokenBuild Behavior ::run [ RunTime:0.001000s ]
INFO: WriteHtmlCache Behavior ::run [ RunTime:0.000000s ]
INFO: ShowRuntime Behavior ::run [ RunTime:0.000000s ]
INFO: [ view_filter ] --END-- [ RunTime:0.001000s ]
INFO: [ view_end ] --START--
INFO: ShowPageTrace Behavior ::run [ RunTime:0.001000s ]
INFO: [ view_end ] --END-- [ RunTime:0.001000s ]

[ 2015-06-12T23:57:01+08:00 ] 127.0.0.1 /Admin/authDetail.html?oid=1
INFO: [ route_check ] --START--
INFO: CheckRoute Behavior ::run [ RunTime:0.001000s ]
INFO: [ route_check ] --END-- [ RunTime:0.001000s ]
NOTIC: [2] stripslashes() expects exactly 1 parameter, 2 given D:\wamp\www\ThinkPHP3.1\ThinkPHP\Lib\Core\App.class.php 第 57 行.
NOTIC: [2] stripslashes() expects exactly 1 parameter, 2 given D:\wamp\www\ThinkPHP3.1\ThinkPHP\Lib\Core\App.class.php 第 57 行.
NOTIC: [2] stripslashes() expects exactly 1 parameter, 2 given D:\wamp\www\ThinkPHP3.1\ThinkPHP\Lib\Core\App.class.php 第 57 行.
NOTIC: [2] stripslashes() expects exactly 1 parameter, 2 given D:\wamp\www\ThinkPHP3.1\ThinkPHP\Lib\Core\App.class.php 第 57 行.
INFO: [ app_begin ] --START--
INFO: ReadHtmlCache Behavior ::run [ RunTime:0.001000s ]
INFO: [ app_begin ] --END-- [ RunTime:0.001000s ]
NOTIC: 建议使用I方法替代_get
SQL: SHOW COLUMNS FROM `xm_orgs_auth` [ RunTime:0.009001s ]
SQL: SELECT `email`,`orgname`,`license_num`,`idcard_img1`,`idcard_img2`,`license_img`,`idcard_num`,`industry`,`nature`,`size`,`contact`,`org_address`,xm_orgs_auth.phone,`fixed_phone`,`org_intro` FROM `xm_orgs_auth` INNER JOIN xm_orgs ON xm_orgs.oid = xm_orgs_auth.auth_oid WHERE ( auth_oid=1 ) LIMIT 1   [ RunTime:0.001000s ]
INFO: [ view_parse ] --START--
INFO: ParseTemplate Behavior ::run [ RunTime:0.009000s ]
INFO: [ view_parse ] --END-- [ RunTime:0.009000s ]
INFO: [ view_filter ] --START--
INFO: ContentReplace Behavior ::run [ RunTime:0.000000s ]
INFO: TokenBuild Behavior ::run [ RunTime:0.001000s ]
INFO: WriteHtmlCache Behavior ::run [ RunTime:0.000000s ]
INFO: ShowRuntime Behavior ::run [ RunTime:0.000000s ]
INFO: [ view_filter ] --END-- [ RunTime:0.001000s ]
INFO: [ view_end ] --START--
INFO: ShowPageTrace Behavior ::run [ RunTime:0.001000s ]
INFO: [ view_end ] --END-- [ RunTime:0.001000s ]

[ 2015-06-12T23:57:06+08:00 ] 127.0.0.1 /Admin/authDetail.html?oid=1
INFO: [ route_check ] --START--
INFO: CheckRoute Behavior ::run [ RunTime:0.000000s ]
INFO: [ route_check ] --END-- [ RunTime:0.000000s ]
NOTIC: [2] stripslashes() expects exactly 1 parameter, 2 given D:\wamp\www\ThinkPHP3.1\ThinkPHP\Lib\Core\App.class.php 第 57 行.
NOTIC: [2] stripslashes() expects exactly 1 parameter, 2 given D:\wamp\www\ThinkPHP3.1\ThinkPHP\Lib\Core\App.class.php 第 57 行.
NOTIC: [2] stripslashes() expects exactly 1 parameter, 2 given D:\wamp\www\ThinkPHP3.1\ThinkPHP\Lib\Core\App.class.php 第 57 行.
NOTIC: [2] stripslashes() expects exactly 1 parameter, 2 given D:\wamp\www\ThinkPHP3.1\ThinkPHP\Lib\Core\App.class.php 第 57 行.
INFO: [ app_begin ] --START--
INFO: ReadHtmlCache Behavior ::run [ RunTime:0.000000s ]
INFO: [ app_begin ] --END-- [ RunTime:0.000000s ]
NOTIC: 建议使用I方法替代_get
SQL: SHOW COLUMNS FROM `xm_orgs_auth` [ RunTime:0.007001s ]
SQL: SELECT `email`,`orgname`,`license_num`,`idcard_img1`,`idcard_img2`,`license_img`,`idcard_num`,`industry`,`nature`,`size`,`contact`,`org_address`,xm_orgs_auth.phone,`fixed_phone`,`org_intro` FROM `xm_orgs_auth` INNER JOIN xm_orgs ON xm_orgs.oid = xm_orgs_auth.auth_oid WHERE ( auth_oid=1 ) LIMIT 1   [ RunTime:0.000000s ]
INFO: [ view_parse ] --START--
INFO: ParseTemplate Behavior ::run [ RunTime:0.007000s ]
INFO: [ view_parse ] --END-- [ RunTime:0.007000s ]
INFO: [ view_filter ] --START--
INFO: ContentReplace Behavior ::run [ RunTime:0.000000s ]
INFO: TokenBuild Behavior ::run [ RunTime:0.001000s ]
INFO: WriteHtmlCache Behavior ::run [ RunTime:0.000000s ]
INFO: ShowRuntime Behavior ::run [ RunTime:0.000000s ]
INFO: [ view_filter ] --END-- [ RunTime:0.001000s ]
INFO: [ view_end ] --START--
INFO: ShowPageTrace Behavior ::run [ RunTime:0.001000s ]
INFO: [ view_end ] --END-- [ RunTime:0.001000s ]

