[ 2015-03-23T14:30:32+08:00 ] 0.0.0.0 /thinkphp3.1/index.php?m=JobsInfo&a=index&jid=6
NOTIC: 建议使用I方法替代_get

[ 2015-03-23T14:31:07+08:00 ] 0.0.0.0 /thinkphp3.1/index.php?m=JobsInfo&a=index&jid=6
NOTIC: 建议使用I方法替代_get

[ 2015-03-23T14:31:19+08:00 ] 0.0.0.0 /thinkphp3.1/index.php?m=JobsInfo&a=index&jid=1
NOTIC: 建议使用I方法替代_get

[ 2015-03-23T14:31:25+08:00 ] 0.0.0.0 /thinkphp3.1/index.php?m=JobsInfo&a=index&jid=2
NOTIC: 建议使用I方法替代_get

[ 2015-03-23T14:31:30+08:00 ] 0.0.0.0 /thinkphp3.1/index.php?m=JobsInfo&a=index&jid=6
NOTIC: 建议使用I方法替代_get

[ 2015-03-23T17:09:15+08:00 ] 0.0.0.0 /thinkphp3.1/index.php?m=JobsInfo&a=index&jid=5
NOTIC: 建议使用I方法替代_get

[ 2015-03-23T22:38:10+08:00 ] 0.0.0.0 /thinkphp3.1/index.php?m=Login&a=login
INFO: [ app_begin ] --START--
INFO: ReadHtmlCache Behavior ::run [ RunTime:0.000675s ]
INFO: [ app_begin ] --END-- [ RunTime:0.000778s ]
NOTIC: 建议使用I方法替代_post
NOTIC: 建议使用I方法替代_post
NOTIC: 建议使用I方法替代_post
SQL: SHOW COLUMNS FROM `xm_users` [ RunTime:0.005276s ]
NOTIC: 建议使用I方法替代_post
NOTIC: [8] Undefined variable: passwd D:\wamp\www\ThinkPHP3.1\Lib\Action\LoginAction.class.php 第 37 行.
SQL: SELECT * FROM `xm_users` WHERE ( email='123@qq.com' AND passwd='21232f297a57a5a743894a0e4a801fc3' ) LIMIT 1   [ RunTime:0.000396s ]
SQL: SELECT * FROM `xm_users` WHERE ( email='123@qq.com' ) LIMIT 1   [ RunTime:0.000270s ]
SQL: SHOW COLUMNS FROM `xm_orgs` [ RunTime:0.004582s ]
SQL: SELECT `oid` FROM `xm_orgs` WHERE ( email='123@qq.com'AND passwd='21232f297a57a5a743894a0e4a801fc3' ) LIMIT 1   [ RunTime:0.010465s ]

[ 2015-03-23T22:38:18+08:00 ] 0.0.0.0 /thinkphp3.1/index.php?m=Login&a=login
INFO: [ app_begin ] --START--
INFO: ReadHtmlCache Behavior ::run [ RunTime:0.000564s ]
INFO: [ app_begin ] --END-- [ RunTime:0.000678s ]
NOTIC: 建议使用I方法替代_post
NOTIC: 建议使用I方法替代_post
NOTIC: 建议使用I方法替代_post
SQL: SHOW COLUMNS FROM `xm_users` [ RunTime:0.015810s ]
NOTIC: 建议使用I方法替代_post
NOTIC: [8] Undefined variable: passwd D:\wamp\www\ThinkPHP3.1\Lib\Action\LoginAction.class.php 第 37 行.
SQL: SELECT * FROM `xm_users` WHERE ( email='123@qq.com' AND passwd='21232f297a57a5a743894a0e4a801fc3' ) LIMIT 1   [ RunTime:0.000331s ]
SQL: SELECT * FROM `xm_users` WHERE ( email='123@qq.com' ) LIMIT 1   [ RunTime:0.000231s ]
SQL: SHOW COLUMNS FROM `xm_orgs` [ RunTime:0.006756s ]
SQL: SELECT `oid` FROM `xm_orgs` WHERE ( email='123@qq.com'AND passwd='21232f297a57a5a743894a0e4a801fc3' ) LIMIT 1   [ RunTime:0.000264s ]

[ 2015-03-23T22:38:52+08:00 ] 0.0.0.0 /thinkphp3.1/index.php?m=PublichJob
ERR: 无法加载模块:PublichJob

[ 2015-03-23T22:38:57+08:00 ] 0.0.0.0 /thinkphp3.1/index.php?m=PublichJobs
ERR: 无法加载模块:PublichJobs

[ 2015-03-23T22:39:31+08:00 ] 0.0.0.0 /thinkphp3.1/index.php?m=PublishJobs
ERR: 模板不存在[D:/wamp/www/ThinkPHP3.1/Tpl/bootstrap/PublishJobs/index.html]

[ 2015-03-23T23:04:16+08:00 ] 0.0.0.0 /thinkphp3.1/index.php?m=publish&a=insert
INFO: [ app_begin ] --START--
INFO: ReadHtmlCache Behavior ::run [ RunTime:0.000686s ]
INFO: [ app_begin ] --END-- [ RunTime:0.000862s ]
ERR: 无法加载模块:publish

[ 2015-03-23T23:04:57+08:00 ] 0.0.0.0 /thinkphp3.1/index.php?m=PublishJobs&a=insert
INFO: [ app_begin ] --START--
INFO: ReadHtmlCache Behavior ::run [ RunTime:0.000613s ]
INFO: [ app_begin ] --END-- [ RunTime:0.000715s ]
SQL: SHOW COLUMNS FROM `xm_jobs` [ RunTime:0.004988s ]
SQL: INSERT INTO `xm_jobs` (`title`,`want_peo`,`address`,`money`) VALUES ('',0,'','') [ RunTime:0.233453s ]

[ 2015-03-23T23:06:19+08:00 ] 0.0.0.0 /thinkphp3.1/index.php?m=PublishJobs&a=insert
INFO: [ app_begin ] --START--
INFO: ReadHtmlCache Behavior ::run [ RunTime:0.001015s ]
INFO: [ app_begin ] --END-- [ RunTime:0.001123s ]
SQL: SHOW COLUMNS FROM `xm_jobs` [ RunTime:0.005188s ]
SQL: INSERT INTO `xm_jobs` (`title`,`want_peo`,`address`,`money`) VALUES ('',0,'','') [ RunTime:0.092146s ]

[ 2015-03-23T23:06:28+08:00 ] 0.0.0.0 /thinkphp3.1/index.php?m=PublishJobs&a=insert
INFO: [ app_begin ] --START--
INFO: ReadHtmlCache Behavior ::run [ RunTime:0.000830s ]
INFO: [ app_begin ] --END-- [ RunTime:0.000952s ]
SQL: SHOW COLUMNS FROM `xm_jobs` [ RunTime:0.004771s ]
SQL: INSERT INTO `xm_jobs` (`title`,`want_peo`,`address`,`money`) VALUES ('',0,'','') [ RunTime:0.228444s ]

[ 2015-03-23T23:07:26+08:00 ] 0.0.0.0 /thinkphp3.1/index.php?m=PublishJobs&a=insert
INFO: [ app_begin ] --START--
INFO: ReadHtmlCache Behavior ::run [ RunTime:0.002021s ]
INFO: [ app_begin ] --END-- [ RunTime:0.002205s ]
SQL: SHOW COLUMNS FROM `xm_jobs` [ RunTime:0.006017s ]
SQL: INSERT INTO `xm_jobs` (`title`,`want_peo`,`address`,`money`) VALUES ('',0,'','') [ RunTime:0.366603s ]

[ 2015-03-23T23:08:00+08:00 ] 0.0.0.0 /thinkphp3.1/index.php?m=PublishJobs&a=insert
INFO: [ app_begin ] --START--
INFO: ReadHtmlCache Behavior ::run [ RunTime:0.000610s ]
INFO: [ app_begin ] --END-- [ RunTime:0.000717s ]
SQL: SHOW COLUMNS FROM `xm_jobs` [ RunTime:0.005147s ]
SQL: INSERT INTO `xm_jobs` (`title`,`want_peo`,`address`,`money`) VALUES ('',0,'','') [ RunTime:0.157577s ]

[ 2015-03-23T23:10:33+08:00 ] 0.0.0.0 /thinkphp3.1/index.php?m=PublishJobs&a=insert
INFO: [ app_begin ] --START--
INFO: ReadHtmlCache Behavior ::run [ RunTime:0.000631s ]
INFO: [ app_begin ] --END-- [ RunTime:0.000744s ]

[ 2015-03-23T23:15:54+08:00 ] 0.0.0.0 /thinkphp3.1/index.php?m=PublishJobs&a=insert
INFO: [ app_begin ] --START--
INFO: ReadHtmlCache Behavior ::run [ RunTime:0.000612s ]
INFO: [ app_begin ] --END-- [ RunTime:0.000721s ]

[ 2015-03-23T23:16:26+08:00 ] 0.0.0.0 /thinkphp3.1/index.php?m=PublishJobs&a=insert
INFO: [ app_begin ] --START--
INFO: ReadHtmlCache Behavior ::run [ RunTime:0.000514s ]
INFO: [ app_begin ] --END-- [ RunTime:0.000655s ]
SQL: SHOW COLUMNS FROM `xm_jobs` [ RunTime:0.004925s ]
SQL: INSERT INTO `xm_jobs` (`title`,`want_peo`,`address`,`money`,`org`) VALUES ('',0,'','',null) [ RunTime:0.000211s ]
ERR: 1048:Column 'org' cannot be null
 [ SQL语句 ] : INSERT INTO `xm_jobs` (`title`,`want_peo`,`address`,`money`,`org`) VALUES ('',0,'','',null)

[ 2015-03-23T23:17:57+08:00 ] 0.0.0.0 /thinkphp3.1/index.php?m=PublishJobs&a=insert
INFO: [ app_begin ] --START--
INFO: ReadHtmlCache Behavior ::run [ RunTime:0.000674s ]
INFO: [ app_begin ] --END-- [ RunTime:0.000794s ]
SQL: SHOW COLUMNS FROM `xm_jobs` [ RunTime:2.984722s ]
SQL: INSERT INTO `xm_jobs` (`title`,`want_peo`,`address`,`money`,`org`) VALUES ('',0,'','',null) [ RunTime:0.000225s ]
ERR: 1048:Column 'org' cannot be null
 [ SQL语句 ] : INSERT INTO `xm_jobs` (`title`,`want_peo`,`address`,`money`,`org`) VALUES ('',0,'','',null)

[ 2015-03-23T23:21:25+08:00 ] 0.0.0.0 /thinkphp3.1/index.php?m=PublishJobs&a=insert
INFO: [ app_begin ] --START--
INFO: ReadHtmlCache Behavior ::run [ RunTime:0.000771s ]
INFO: [ app_begin ] --END-- [ RunTime:0.000926s ]
SQL: SHOW COLUMNS FROM `xm_jobs` [ RunTime:2.508928s ]
SQL: INSERT INTO `xm_jobs` (`title`,`want_peo`,`address`,`money`,`org`) VALUES ('1·',2,'2','2',null) [ RunTime:0.000223s ]
ERR: 1048:Column 'org' cannot be null
 [ SQL语句 ] : INSERT INTO `xm_jobs` (`title`,`want_peo`,`address`,`money`,`org`) VALUES ('1·',2,'2','2',null)
ERR: 模板不存在[D:/wamp/www/ThinkPHP3.1/Tpl/bootstrap/PublishJobs/insert.html]

