[ 2015-05-07T00:05:21+08:00 ] 127.0.0.1 /ChangeCity/ChangeCity.html?aid=3
NOTIC: [2] stripslashes() expects exactly 1 parameter, 2 given D:\wamp\www\ThinkPHP3.1\ThinkPHP\Lib\Core\App.class.php 第 57 行.
NOTIC: [2] stripslashes() expects exactly 1 parameter, 2 given D:\wamp\www\ThinkPHP3.1\ThinkPHP\Lib\Core\App.class.php 第 57 行.
NOTIC: [2] stripslashes() expects exactly 1 parameter, 2 given D:\wamp\www\ThinkPHP3.1\ThinkPHP\Lib\Core\App.class.php 第 57 行.
INFO: [ app_begin ] --START--
INFO: ReadHtmlCache Behavior ::run [ RunTime:0.000484s ]
INFO: [ app_begin ] --END-- [ RunTime:0.000577s ]
NOTIC: 建议使用I方法替代_get
SQL: SHOW COLUMNS FROM `xm_address` [ RunTime:0.004680s ]
NOTIC: 建议使用I方法替代_get
SQL: SELECT `city`,`area` FROM `xm_address` WHERE ( aid=3 ) LIMIT 1   [ RunTime:0.000300s ]

[ 2015-05-07T00:05:24+08:00 ] 127.0.0.1 /
NOTIC: 建议使用I方法替代_get

[ 2015-05-07T00:06:23+08:00 ] 127.0.0.1 /UserInfo/index.html?uid=1
NOTIC: 建议使用I方法替代_get

[ 2015-05-07T00:07:00+08:00 ] 127.0.0.1 /UserInfo/index.html?uid=1
NOTIC: 建议使用I方法替代_get

[ 2015-05-07T00:16:40+08:00 ] 127.0.0.1 /UserInfo/index.html?uid=1
NOTIC: 建议使用I方法替代_get

[ 2015-05-07T00:17:05+08:00 ] 127.0.0.1 /UserInfo/index.html?uid=1
NOTIC: 建议使用I方法替代_get

[ 2015-05-07T00:17:24+08:00 ] 127.0.0.1 /UserInfo/index.html?uid=1
NOTIC: 建议使用I方法替代_get

[ 2015-05-07T00:18:07+08:00 ] 127.0.0.1 /UserInfo/index.html?uid=1
NOTIC: 建议使用I方法替代_get

[ 2015-05-07T00:18:29+08:00 ] 127.0.0.1 /UserInfo/index.html?uid=1
NOTIC: 建议使用I方法替代_get

[ 2015-05-07T00:18:56+08:00 ] 127.0.0.1 /UserInfo/index.html?uid=1
NOTIC: 建议使用I方法替代_get

[ 2015-05-07T00:40:06+08:00 ] 127.0.0.1 /UserInfo/index.html?uid=1
NOTIC: 建议使用I方法替代_get

[ 2015-05-07T00:41:35+08:00 ] 127.0.0.1 /UserInfo/index.html?uid=1
NOTIC: 建议使用I方法替代_get

[ 2015-05-07T00:41:54+08:00 ] 127.0.0.1 /UserInfo/index.html?uid=1
NOTIC: 建议使用I方法替代_get

[ 2015-05-07T00:42:05+08:00 ] 127.0.0.1 /UserInfo/index.html
NOTIC: [2] stripslashes() expects exactly 1 parameter, 2 given D:\wamp\www\ThinkPHP3.1\ThinkPHP\Lib\Core\App.class.php 第 56 行.
NOTIC: [2] stripslashes() expects exactly 1 parameter, 2 given D:\wamp\www\ThinkPHP3.1\ThinkPHP\Lib\Core\App.class.php 第 57 行.
NOTIC: [2] stripslashes() expects exactly 1 parameter, 2 given D:\wamp\www\ThinkPHP3.1\ThinkPHP\Lib\Core\App.class.php 第 57 行.
INFO: [ app_begin ] --START--
INFO: ReadHtmlCache Behavior ::run [ RunTime:0.001015s ]
INFO: [ app_begin ] --END-- [ RunTime:0.001176s ]
NOTIC: 建议使用I方法替代_get
SQL: SHOW COLUMNS FROM `xm_users` [ RunTime:0.004767s ]
SQL: SELECT `uid`,`username`,`age`,`sex`,`avatar`,`phone`,`address`,`qq`,`school`,`exp`,`intent` FROM `xm_users` WHERE ( uid= ) LIMIT 1   [ RunTime:0.000161s ]
ERR: 1064:You have an error in your SQL syntax; check the manual that corresponds to your MySQL server version for the right syntax to use near ') LIMIT 1' at line 1
 [ SQL语句 ] : SELECT `uid`,`username`,`age`,`sex`,`avatar`,`phone`,`address`,`qq`,`school`,`exp`,`intent` FROM `xm_users` WHERE ( uid= ) LIMIT 1  
SQL: SHOW COLUMNS FROM `xm_mold` [ RunTime:0.003387s ]
NOTIC: [2] Invalid argument supplied for foreach() D:\wamp\www\ThinkPHP3.1\Lib\Action\UserInfoAction.class.php 第 20 行.
SQL: SELECT `name` FROM `xm_mold`  [ RunTime:0.000228s ]
SQL: SHOW COLUMNS FROM `xm_user_evalute` [ RunTime:0.003258s ]
SQL: SELECT `orgname`,`content`,xm_user_evalute.ctime FROM `xm_user_evalute` INNER JOIN xm_orgs ON xm_orgs.oid=xm_user_evalute.from_oid WHERE ( to_uid= )  [ RunTime:0.000124s ]
ERR: 1064:You have an error in your SQL syntax; check the manual that corresponds to your MySQL server version for the right syntax to use near ')' at line 1
 [ SQL语句 ] : SELECT `orgname`,`content`,xm_user_evalute.ctime FROM `xm_user_evalute` INNER JOIN xm_orgs ON xm_orgs.oid=xm_user_evalute.from_oid WHERE ( to_uid= ) 
INFO: [ view_parse ] --START--
NOTIC: [8] Undefined variable: eval_info D:\wamp\www\ThinkPHP3.1\Runtime\Cache\082ebc43ccc315df4d44b164d66c9a3b.php 第 150 行.
NOTIC: [8] Undefined variable: eval_info D:\wamp\www\ThinkPHP3.1\Runtime\Cache\082ebc43ccc315df4d44b164d66c9a3b.php 第 151 行.
NOTIC: [8] Undefined variable: eval_info D:\wamp\www\ThinkPHP3.1\Runtime\Cache\082ebc43ccc315df4d44b164d66c9a3b.php 第 152 行.
INFO: ParseTemplate Behavior ::run [ RunTime:0.016750s ]
INFO: [ view_parse ] --END-- [ RunTime:0.016851s ]
INFO: [ view_filter ] --START--
INFO: ContentReplace Behavior ::run [ RunTime:0.000412s ]
INFO: TokenBuild Behavior ::run [ RunTime:0.000377s ]
INFO: WriteHtmlCache Behavior ::run [ RunTime:0.000246s ]
INFO: ShowRuntime Behavior ::run [ RunTime:0.000468s ]
INFO: [ view_filter ] --END-- [ RunTime:0.001740s ]
INFO: [ view_end ] --START--
INFO: ShowPageTrace Behavior ::run [ RunTime:0.000530s ]
INFO: [ view_end ] --END-- [ RunTime:0.000616s ]

[ 2015-05-07T00:42:05+08:00 ] 127.0.0.1 /UserInfo/index.html?content=nihap
NOTIC: 建议使用I方法替代_get

[ 2015-05-07T00:42:54+08:00 ] 127.0.0.1 /UserInfo/index.html?content=nihap
NOTIC: 建议使用I方法替代_get

[ 2015-05-07T00:43:03+08:00 ] 127.0.0.1 /UserInfo/evalMe.html
NOTIC: [2] stripslashes() expects exactly 1 parameter, 2 given D:\wamp\www\ThinkPHP3.1\ThinkPHP\Lib\Core\App.class.php 第 56 行.
NOTIC: [2] stripslashes() expects exactly 1 parameter, 2 given D:\wamp\www\ThinkPHP3.1\ThinkPHP\Lib\Core\App.class.php 第 57 行.
NOTIC: [2] stripslashes() expects exactly 1 parameter, 2 given D:\wamp\www\ThinkPHP3.1\ThinkPHP\Lib\Core\App.class.php 第 57 行.
INFO: [ app_begin ] --START--
INFO: ReadHtmlCache Behavior ::run [ RunTime:0.000820s ]
INFO: [ app_begin ] --END-- [ RunTime:0.000977s ]
NOTIC: 建议使用I方法替代_post
SQL: SHOW COLUMNS FROM `xm_user_evalute` [ RunTime:0.003536s ]
SQL: INSERT INTO `xm_user_evalute` (`content`) VALUES ('nihao') [ RunTime:0.158329s ]

[ 2015-05-07T00:43:03+08:00 ] 127.0.0.1 /UserInfo/index.html?content=nihao
NOTIC: 建议使用I方法替代_get

[ 2015-05-07T00:43:17+08:00 ] 127.0.0.1 /UserInfo/index.html?content=nihao
NOTIC: 建议使用I方法替代_get

[ 2015-05-07T00:44:48+08:00 ] 127.0.0.1 /UserInfo/index.html?uid=1
NOTIC: 建议使用I方法替代_get

[ 2015-05-07T00:44:53+08:00 ] 127.0.0.1 /UserInfo/index.html?uid=1
NOTIC: 建议使用I方法替代_get

[ 2015-05-07T00:45:01+08:00 ] 127.0.0.1 /UserInfo/evalMe.html
NOTIC: [2] stripslashes() expects exactly 1 parameter, 2 given D:\wamp\www\ThinkPHP3.1\ThinkPHP\Lib\Core\App.class.php 第 56 行.
NOTIC: [2] stripslashes() expects exactly 1 parameter, 2 given D:\wamp\www\ThinkPHP3.1\ThinkPHP\Lib\Core\App.class.php 第 57 行.
NOTIC: [2] stripslashes() expects exactly 1 parameter, 2 given D:\wamp\www\ThinkPHP3.1\ThinkPHP\Lib\Core\App.class.php 第 57 行.
INFO: [ app_begin ] --START--
INFO: ReadHtmlCache Behavior ::run [ RunTime:0.001095s ]
INFO: [ app_begin ] --END-- [ RunTime:0.001252s ]
NOTIC: 建议使用I方法替代_post
SQL: SHOW COLUMNS FROM `xm_user_evalute` [ RunTime:0.007167s ]
SQL: INSERT INTO `xm_user_evalute` (`content`) VALUES ('ssss') [ RunTime:0.091310s ]

[ 2015-05-07T00:45:07+08:00 ] 127.0.0.1 /UserInfo/index.html?uid=1
NOTIC: 建议使用I方法替代_get

[ 2015-05-07T00:46:34+08:00 ] 127.0.0.1 /UserInfo/evalMe.html
NOTIC: [2] stripslashes() expects exactly 1 parameter, 2 given D:\wamp\www\ThinkPHP3.1\ThinkPHP\Lib\Core\App.class.php 第 56 行.
NOTIC: [2] stripslashes() expects exactly 1 parameter, 2 given D:\wamp\www\ThinkPHP3.1\ThinkPHP\Lib\Core\App.class.php 第 57 行.
NOTIC: [2] stripslashes() expects exactly 1 parameter, 2 given D:\wamp\www\ThinkPHP3.1\ThinkPHP\Lib\Core\App.class.php 第 57 行.
INFO: [ app_begin ] --START--
INFO: ReadHtmlCache Behavior ::run [ RunTime:0.000821s ]
INFO: [ app_begin ] --END-- [ RunTime:0.000929s ]
NOTIC: 建议使用I方法替代_post
SQL: SHOW COLUMNS FROM `xm_user_evalute` [ RunTime:0.005303s ]
SQL: INSERT INTO `xm_user_evalute` (`content`,`from_oid`) VALUES ('eeee',1) [ RunTime:0.091304s ]

[ 2015-05-07T00:46:38+08:00 ] 127.0.0.1 /UserInfo/index.html?uid=1
NOTIC: 建议使用I方法替代_get

[ 2015-05-07T00:47:45+08:00 ] 127.0.0.1 /UserInfo/evalMe.html
NOTIC: [2] stripslashes() expects exactly 1 parameter, 2 given D:\wamp\www\ThinkPHP3.1\ThinkPHP\Lib\Core\App.class.php 第 56 行.
NOTIC: [2] stripslashes() expects exactly 1 parameter, 2 given D:\wamp\www\ThinkPHP3.1\ThinkPHP\Lib\Core\App.class.php 第 57 行.
NOTIC: [2] stripslashes() expects exactly 1 parameter, 2 given D:\wamp\www\ThinkPHP3.1\ThinkPHP\Lib\Core\App.class.php 第 57 行.
INFO: [ app_begin ] --START--
INFO: ReadHtmlCache Behavior ::run [ RunTime:0.001095s ]
INFO: [ app_begin ] --END-- [ RunTime:0.001260s ]
NOTIC: 建议使用I方法替代_post
SQL: SHOW COLUMNS FROM `xm_user_evalute` [ RunTime:0.005655s ]
SQL: INSERT INTO `xm_user_evalute` (`content`,`from_oid`,`to_uid`) VALUES ('weee',1,null) [ RunTime:0.000252s ]
ERR: 1048:Column 'to_uid' cannot be null
 [ SQL语句 ] : INSERT INTO `xm_user_evalute` (`content`,`from_oid`,`to_uid`) VALUES ('weee',1,null)

[ 2015-05-07T00:48:35+08:00 ] 127.0.0.1 /UserInfo/evalMe.html
NOTIC: [2] stripslashes() expects exactly 1 parameter, 2 given D:\wamp\www\ThinkPHP3.1\ThinkPHP\Lib\Core\App.class.php 第 56 行.
NOTIC: [2] stripslashes() expects exactly 1 parameter, 2 given D:\wamp\www\ThinkPHP3.1\ThinkPHP\Lib\Core\App.class.php 第 57 行.
NOTIC: [2] stripslashes() expects exactly 1 parameter, 2 given D:\wamp\www\ThinkPHP3.1\ThinkPHP\Lib\Core\App.class.php 第 57 行.
INFO: [ app_begin ] --START--
INFO: ReadHtmlCache Behavior ::run [ RunTime:0.000624s ]
INFO: [ app_begin ] --END-- [ RunTime:0.000706s ]
NOTIC: 建议使用I方法替代_post
SQL: SHOW COLUMNS FROM `xm_user_evalute` [ RunTime:0.003564s ]
NOTIC: 建议使用I方法替代_get
SQL: INSERT INTO `xm_user_evalute` (`content`,`from_oid`,`to_uid`) VALUES ('weee',1,null) [ RunTime:0.000231s ]
ERR: 1048:Column 'to_uid' cannot be null
 [ SQL语句 ] : INSERT INTO `xm_user_evalute` (`content`,`from_oid`,`to_uid`) VALUES ('weee',1,null)

[ 2015-05-07T00:49:13+08:00 ] 127.0.0.1 /UserInfo/evalMe.html
NOTIC: [2] stripslashes() expects exactly 1 parameter, 2 given D:\wamp\www\ThinkPHP3.1\ThinkPHP\Lib\Core\App.class.php 第 56 行.
NOTIC: [2] stripslashes() expects exactly 1 parameter, 2 given D:\wamp\www\ThinkPHP3.1\ThinkPHP\Lib\Core\App.class.php 第 57 行.
NOTIC: [2] stripslashes() expects exactly 1 parameter, 2 given D:\wamp\www\ThinkPHP3.1\ThinkPHP\Lib\Core\App.class.php 第 57 行.
INFO: [ app_begin ] --START--
INFO: ReadHtmlCache Behavior ::run [ RunTime:0.000611s ]
INFO: [ app_begin ] --END-- [ RunTime:0.000695s ]
NOTIC: 建议使用I方法替代_post
NOTIC: 建议使用I方法替代_get
SQL: SHOW COLUMNS FROM `xm_user_evalute` [ RunTime:0.004450s ]
SQL: INSERT INTO `xm_user_evalute` (`content`,`from_oid`,`to_uid`) VALUES ('weee',1,null) [ RunTime:0.000262s ]
ERR: 1048:Column 'to_uid' cannot be null
 [ SQL语句 ] : INSERT INTO `xm_user_evalute` (`content`,`from_oid`,`to_uid`) VALUES ('weee',1,null)

[ 2015-05-07T00:49:16+08:00 ] 127.0.0.1 /UserInfo/index.html?uid=1
NOTIC: 建议使用I方法替代_get

[ 2015-05-07T00:49:22+08:00 ] 127.0.0.1 /UserInfo/evalMe.html
NOTIC: [2] stripslashes() expects exactly 1 parameter, 2 given D:\wamp\www\ThinkPHP3.1\ThinkPHP\Lib\Core\App.class.php 第 56 行.
NOTIC: [2] stripslashes() expects exactly 1 parameter, 2 given D:\wamp\www\ThinkPHP3.1\ThinkPHP\Lib\Core\App.class.php 第 57 行.
NOTIC: [2] stripslashes() expects exactly 1 parameter, 2 given D:\wamp\www\ThinkPHP3.1\ThinkPHP\Lib\Core\App.class.php 第 57 行.
INFO: [ app_begin ] --START--
INFO: ReadHtmlCache Behavior ::run [ RunTime:0.001125s ]
INFO: [ app_begin ] --END-- [ RunTime:0.001305s ]
NOTIC: 建议使用I方法替代_post
NOTIC: 建议使用I方法替代_get
SQL: SHOW COLUMNS FROM `xm_user_evalute` [ RunTime:0.003455s ]
SQL: INSERT INTO `xm_user_evalute` (`content`,`from_oid`,`to_uid`) VALUES ('eeee',1,null) [ RunTime:0.000154s ]
ERR: 1048:Column 'to_uid' cannot be null
 [ SQL语句 ] : INSERT INTO `xm_user_evalute` (`content`,`from_oid`,`to_uid`) VALUES ('eeee',1,null)

[ 2015-05-07T00:49:42+08:00 ] 127.0.0.1 /UserInfo/evalMe.html
NOTIC: [2] stripslashes() expects exactly 1 parameter, 2 given D:\wamp\www\ThinkPHP3.1\ThinkPHP\Lib\Core\App.class.php 第 56 行.
NOTIC: [2] stripslashes() expects exactly 1 parameter, 2 given D:\wamp\www\ThinkPHP3.1\ThinkPHP\Lib\Core\App.class.php 第 57 行.
NOTIC: [2] stripslashes() expects exactly 1 parameter, 2 given D:\wamp\www\ThinkPHP3.1\ThinkPHP\Lib\Core\App.class.php 第 57 行.
INFO: [ app_begin ] --START--
INFO: ReadHtmlCache Behavior ::run [ RunTime:0.000656s ]
INFO: [ app_begin ] --END-- [ RunTime:0.000753s ]
NOTIC: 建议使用I方法替代_post
NOTIC: 建议使用I方法替代_get
SQL: SHOW COLUMNS FROM `xm_user_evalute` [ RunTime:0.003802s ]
SQL: INSERT INTO `xm_user_evalute` (`content`,`from_oid`,`to_uid`) VALUES ('eeee',1,null) [ RunTime:0.000207s ]
ERR: 1048:Column 'to_uid' cannot be null
 [ SQL语句 ] : INSERT INTO `xm_user_evalute` (`content`,`from_oid`,`to_uid`) VALUES ('eeee',1,null)

[ 2015-05-07T00:50:28+08:00 ] 127.0.0.1 /UserInfo/evalMe.html
NOTIC: [2] stripslashes() expects exactly 1 parameter, 2 given D:\wamp\www\ThinkPHP3.1\ThinkPHP\Lib\Core\App.class.php 第 56 行.
NOTIC: [2] stripslashes() expects exactly 1 parameter, 2 given D:\wamp\www\ThinkPHP3.1\ThinkPHP\Lib\Core\App.class.php 第 57 行.
NOTIC: [2] stripslashes() expects exactly 1 parameter, 2 given D:\wamp\www\ThinkPHP3.1\ThinkPHP\Lib\Core\App.class.php 第 57 行.
INFO: [ app_begin ] --START--
INFO: ReadHtmlCache Behavior ::run [ RunTime:0.000630s ]
INFO: [ app_begin ] --END-- [ RunTime:0.000714s ]
NOTIC: 建议使用I方法替代_post
NOTIC: 建议使用I方法替代_get
SQL: SHOW COLUMNS FROM `xm_user_evalute` [ RunTime:0.004772s ]
SQL: INSERT INTO `xm_user_evalute` (`content`,`from_oid`,`to_uid`) VALUES ('eeee',1,null) [ RunTime:0.000208s ]
ERR: 1048:Column 'to_uid' cannot be null
 [ SQL语句 ] : INSERT INTO `xm_user_evalute` (`content`,`from_oid`,`to_uid`) VALUES ('eeee',1,null)

[ 2015-05-07T00:50:57+08:00 ] 127.0.0.1 /UserInfo/evalMe.html
NOTIC: [2] stripslashes() expects exactly 1 parameter, 2 given D:\wamp\www\ThinkPHP3.1\ThinkPHP\Lib\Core\App.class.php 第 56 行.
NOTIC: [2] stripslashes() expects exactly 1 parameter, 2 given D:\wamp\www\ThinkPHP3.1\ThinkPHP\Lib\Core\App.class.php 第 57 行.
NOTIC: [2] stripslashes() expects exactly 1 parameter, 2 given D:\wamp\www\ThinkPHP3.1\ThinkPHP\Lib\Core\App.class.php 第 57 行.
INFO: [ app_begin ] --START--
INFO: ReadHtmlCache Behavior ::run [ RunTime:0.000567s ]
INFO: [ app_begin ] --END-- [ RunTime:0.000652s ]
NOTIC: 建议使用I方法替代_post
NOTIC: 建议使用I方法替代_get
SQL: SHOW COLUMNS FROM `xm_user_evalute` [ RunTime:0.003906s ]
SQL: INSERT INTO `xm_user_evalute` (`content`,`from_oid`,`to_uid`,`ctime`) VALUES ('eeee',1,null,1430931057) [ RunTime:0.000232s ]
ERR: 1048:Column 'to_uid' cannot be null
 [ SQL语句 ] : INSERT INTO `xm_user_evalute` (`content`,`from_oid`,`to_uid`,`ctime`) VALUES ('eeee',1,null,1430931057)

[ 2015-05-07T00:51:28+08:00 ] 127.0.0.1 /UserInfo/evalMe.html
NOTIC: [2] stripslashes() expects exactly 1 parameter, 2 given D:\wamp\www\ThinkPHP3.1\ThinkPHP\Lib\Core\App.class.php 第 56 行.
NOTIC: [2] stripslashes() expects exactly 1 parameter, 2 given D:\wamp\www\ThinkPHP3.1\ThinkPHP\Lib\Core\App.class.php 第 57 行.
NOTIC: [2] stripslashes() expects exactly 1 parameter, 2 given D:\wamp\www\ThinkPHP3.1\ThinkPHP\Lib\Core\App.class.php 第 57 行.
INFO: [ app_begin ] --START--
INFO: ReadHtmlCache Behavior ::run [ RunTime:0.000571s ]
INFO: [ app_begin ] --END-- [ RunTime:0.000654s ]
NOTIC: 建议使用I方法替代_post
NOTIC: 建议使用I方法替代_get
NOTIC: 建议使用I方法替代_get
SQL: SHOW COLUMNS FROM `xm_user_evalute` [ RunTime:0.004643s ]
SQL: INSERT INTO `xm_user_evalute` (`content`,`from_oid`,`to_uid`,`ctime`) VALUES ('eeee',1,null,1430931088) [ RunTime:0.000218s ]
ERR: 1048:Column 'to_uid' cannot be null
 [ SQL语句 ] : INSERT INTO `xm_user_evalute` (`content`,`from_oid`,`to_uid`,`ctime`) VALUES ('eeee',1,null,1430931088)

[ 2015-05-07T00:53:21+08:00 ] 127.0.0.1 /UserInfo/index.html?uid=1
NOTIC: 建议使用I方法替代_get

[ 2015-05-07T00:53:29+08:00 ] 127.0.0.1 /UserInfo/evalMe.html
NOTIC: [2] stripslashes() expects exactly 1 parameter, 2 given D:\wamp\www\ThinkPHP3.1\ThinkPHP\Lib\Core\App.class.php 第 56 行.
NOTIC: [2] stripslashes() expects exactly 1 parameter, 2 given D:\wamp\www\ThinkPHP3.1\ThinkPHP\Lib\Core\App.class.php 第 56 行.
NOTIC: [2] stripslashes() expects exactly 1 parameter, 2 given D:\wamp\www\ThinkPHP3.1\ThinkPHP\Lib\Core\App.class.php 第 57 行.
NOTIC: [2] stripslashes() expects exactly 1 parameter, 2 given D:\wamp\www\ThinkPHP3.1\ThinkPHP\Lib\Core\App.class.php 第 57 行.
INFO: [ app_begin ] --START--
INFO: ReadHtmlCache Behavior ::run [ RunTime:0.000665s ]
INFO: [ app_begin ] --END-- [ RunTime:0.000757s ]
NOTIC: 建议使用I方法替代_post
NOTIC: 建议使用I方法替代_get
SQL: SHOW COLUMNS FROM `xm_user_evalute` [ RunTime:0.004184s ]
SQL: INSERT INTO `xm_user_evalute` (`content`,`from_oid`,`to_uid`,`ctime`) VALUES ('www',1,null,1430931209) [ RunTime:0.000179s ]
ERR: 1048:Column 'to_uid' cannot be null
 [ SQL语句 ] : INSERT INTO `xm_user_evalute` (`content`,`from_oid`,`to_uid`,`ctime`) VALUES ('www',1,null,1430931209)

[ 2015-05-07T00:54:39+08:00 ] 127.0.0.1 /UserInfo/evalMe.html
NOTIC: [2] stripslashes() expects exactly 1 parameter, 2 given D:\wamp\www\ThinkPHP3.1\ThinkPHP\Lib\Core\App.class.php 第 56 行.
NOTIC: [2] stripslashes() expects exactly 1 parameter, 2 given D:\wamp\www\ThinkPHP3.1\ThinkPHP\Lib\Core\App.class.php 第 56 行.
NOTIC: [2] stripslashes() expects exactly 1 parameter, 2 given D:\wamp\www\ThinkPHP3.1\ThinkPHP\Lib\Core\App.class.php 第 57 行.
NOTIC: [2] stripslashes() expects exactly 1 parameter, 2 given D:\wamp\www\ThinkPHP3.1\ThinkPHP\Lib\Core\App.class.php 第 57 行.
INFO: [ app_begin ] --START--
INFO: ReadHtmlCache Behavior ::run [ RunTime:0.000656s ]
INFO: [ app_begin ] --END-- [ RunTime:0.000758s ]
NOTIC: 建议使用I方法替代_post
NOTIC: 建议使用I方法替代_post
SQL: SHOW COLUMNS FROM `xm_user_evalute` [ RunTime:0.004971s ]
SQL: INSERT INTO `xm_user_evalute` (`content`,`from_oid`,`to_uid`,`ctime`) VALUES ('www',1,1,1430931279) [ RunTime:0.161438s ]

[ 2015-05-07T00:54:43+08:00 ] 127.0.0.1 /UserInfo/index.html?uid=1
NOTIC: 建议使用I方法替代_get

[ 2015-05-07T00:54:50+08:00 ] 127.0.0.1 /UserInfo/index.html?uid=1
NOTIC: 建议使用I方法替代_get

[ 2015-05-07T00:56:24+08:00 ] 127.0.0.1 /UserInfo/index.html?uid=1
NOTIC: 建议使用I方法替代_get

[ 2015-05-07T00:57:29+08:00 ] 127.0.0.1 /UserInfo/index.html?uid=1
NOTIC: 建议使用I方法替代_get

[ 2015-05-07T00:58:12+08:00 ] 127.0.0.1 /UserInfo/index.html?uid=1
NOTIC: 建议使用I方法替代_get

[ 2015-05-07T00:58:17+08:00 ] 127.0.0.1 /UserInfo/index.html?uid=1
NOTIC: 建议使用I方法替代_get

[ 2015-05-07T00:58:22+08:00 ] 127.0.0.1 /UserInfo/index.html?uid=1
NOTIC: 建议使用I方法替代_get

[ 2015-05-07T00:58:56+08:00 ] 127.0.0.1 /UserInfo/index.html?uid=1
NOTIC: 建议使用I方法替代_get

[ 2015-05-07T00:59:27+08:00 ] 127.0.0.1 /UserInfo/index.html?uid=1
NOTIC: 建议使用I方法替代_get

[ 2015-05-07T00:59:41+08:00 ] 127.0.0.1 /UserInfo/index.html?uid=1
NOTIC: 建议使用I方法替代_get

[ 2015-05-07T01:00:02+08:00 ] 127.0.0.1 /UserInfo/index.html?uid=1
NOTIC: 建议使用I方法替代_get

[ 2015-05-07T09:03:29+08:00 ] 127.0.0.1 /
NOTIC: 建议使用I方法替代_get

[ 2015-05-07T09:03:43+08:00 ] 127.0.0.1 /UserInfo/index.html?uid=1
NOTIC: 建议使用I方法替代_get

[ 2015-05-07T09:03:52+08:00 ] 127.0.0.1 /UserInfo/evalMe.html
NOTIC: [2] stripslashes() expects exactly 1 parameter, 2 given D:\wamp\www\ThinkPHP3.1\ThinkPHP\Lib\Core\App.class.php 第 56 行.
NOTIC: [2] stripslashes() expects exactly 1 parameter, 2 given D:\wamp\www\ThinkPHP3.1\ThinkPHP\Lib\Core\App.class.php 第 56 行.
NOTIC: [2] stripslashes() expects exactly 1 parameter, 2 given D:\wamp\www\ThinkPHP3.1\ThinkPHP\Lib\Core\App.class.php 第 57 行.
NOTIC: [2] stripslashes() expects exactly 1 parameter, 2 given D:\wamp\www\ThinkPHP3.1\ThinkPHP\Lib\Core\App.class.php 第 57 行.
INFO: [ app_begin ] --START--
INFO: ReadHtmlCache Behavior ::run [ RunTime:0.000421s ]
INFO: [ app_begin ] --END-- [ RunTime:0.000524s ]

[ 2015-05-07T09:06:57+08:00 ] 127.0.0.1 /UserInfo/index.html?uid=1
NOTIC: 建议使用I方法替代_get

[ 2015-05-07T09:07:06+08:00 ] 127.0.0.1 /Login/login.html
NOTIC: [2] stripslashes() expects exactly 1 parameter, 2 given D:\wamp\www\ThinkPHP3.1\ThinkPHP\Lib\Core\App.class.php 第 56 行.
NOTIC: [2] stripslashes() expects exactly 1 parameter, 2 given D:\wamp\www\ThinkPHP3.1\ThinkPHP\Lib\Core\App.class.php 第 56 行.
NOTIC: [2] stripslashes() expects exactly 1 parameter, 2 given D:\wamp\www\ThinkPHP3.1\ThinkPHP\Lib\Core\App.class.php 第 56 行.
NOTIC: [2] stripslashes() expects exactly 1 parameter, 2 given D:\wamp\www\ThinkPHP3.1\ThinkPHP\Lib\Core\App.class.php 第 56 行.
NOTIC: [2] stripslashes() expects exactly 1 parameter, 2 given D:\wamp\www\ThinkPHP3.1\ThinkPHP\Lib\Core\App.class.php 第 57 行.
NOTIC: [2] stripslashes() expects exactly 1 parameter, 2 given D:\wamp\www\ThinkPHP3.1\ThinkPHP\Lib\Core\App.class.php 第 57 行.
INFO: [ app_begin ] --START--
INFO: ReadHtmlCache Behavior ::run [ RunTime:0.000487s ]
INFO: [ app_begin ] --END-- [ RunTime:0.000567s ]
NOTIC: 建议使用I方法替代_post

[ 2015-05-07T09:07:10+08:00 ] 127.0.0.1 /Login/login.html
NOTIC: [2] stripslashes() expects exactly 1 parameter, 2 given D:\wamp\www\ThinkPHP3.1\ThinkPHP\Lib\Core\App.class.php 第 56 行.
NOTIC: [2] stripslashes() expects exactly 1 parameter, 2 given D:\wamp\www\ThinkPHP3.1\ThinkPHP\Lib\Core\App.class.php 第 56 行.
NOTIC: [2] stripslashes() expects exactly 1 parameter, 2 given D:\wamp\www\ThinkPHP3.1\ThinkPHP\Lib\Core\App.class.php 第 56 行.
NOTIC: [2] stripslashes() expects exactly 1 parameter, 2 given D:\wamp\www\ThinkPHP3.1\ThinkPHP\Lib\Core\App.class.php 第 56 行.
NOTIC: [2] stripslashes() expects exactly 1 parameter, 2 given D:\wamp\www\ThinkPHP3.1\ThinkPHP\Lib\Core\App.class.php 第 57 行.
NOTIC: [2] stripslashes() expects exactly 1 parameter, 2 given D:\wamp\www\ThinkPHP3.1\ThinkPHP\Lib\Core\App.class.php 第 57 行.
INFO: [ app_begin ] --START--
INFO: ReadHtmlCache Behavior ::run [ RunTime:0.000481s ]
INFO: [ app_begin ] --END-- [ RunTime:0.000561s ]
NOTIC: 建议使用I方法替代_post
NOTIC: 建议使用I方法替代_post
NOTIC: 建议使用I方法替代_post
NOTIC: [8] Undefined variable: passwd D:\wamp\www\ThinkPHP3.1\Lib\Action\LoginAction.class.php 第 35 行.
SQL: SHOW COLUMNS FROM `xm_users` [ RunTime:0.005156s ]
SQL: SHOW COLUMNS FROM `xm_orgs` [ RunTime:0.004676s ]
SQL: SELECT `uid` FROM `xm_users` WHERE ( email='123@qq.com' ) LIMIT 1   [ RunTime:0.000254s ]
SQL: SELECT `oid` FROM `xm_orgs` WHERE ( email='123@qq.com' ) LIMIT 1   [ RunTime:0.000167s ]
SQL: SELECT `orgname` FROM `xm_orgs` WHERE ( email='123@qq.com'AND passwd='21232f297a57a5a743894a0e4a801fc3' ) LIMIT 1   [ RunTime:0.000169s ]

[ 2015-05-07T09:07:13+08:00 ] 127.0.0.1 /
NOTIC: 建议使用I方法替代_get

[ 2015-05-07T09:07:15+08:00 ] 127.0.0.1 /UserInfo/index.html?uid=1
NOTIC: 建议使用I方法替代_get

[ 2015-05-07T09:08:03+08:00 ] 127.0.0.1 /UserInfo/index.html?uid=1
NOTIC: 建议使用I方法替代_get

[ 2015-05-07T09:08:23+08:00 ] 127.0.0.1 /UserInfo/index.html?uid=1
NOTIC: 建议使用I方法替代_get

[ 2015-05-07T09:09:26+08:00 ] 127.0.0.1 /UserInfo/index.html?uid=1
NOTIC: 建议使用I方法替代_get

[ 2015-05-07T09:09:30+08:00 ] 127.0.0.1 /UserInfo/evalMe.html
NOTIC: [2] stripslashes() expects exactly 1 parameter, 2 given D:\wamp\www\ThinkPHP3.1\ThinkPHP\Lib\Core\App.class.php 第 56 行.
NOTIC: [2] stripslashes() expects exactly 1 parameter, 2 given D:\wamp\www\ThinkPHP3.1\ThinkPHP\Lib\Core\App.class.php 第 56 行.
NOTIC: [2] stripslashes() expects exactly 1 parameter, 2 given D:\wamp\www\ThinkPHP3.1\ThinkPHP\Lib\Core\App.class.php 第 57 行.
NOTIC: [2] stripslashes() expects exactly 1 parameter, 2 given D:\wamp\www\ThinkPHP3.1\ThinkPHP\Lib\Core\App.class.php 第 57 行.
INFO: [ app_begin ] --START--
INFO: ReadHtmlCache Behavior ::run [ RunTime:0.000811s ]
INFO: [ app_begin ] --END-- [ RunTime:0.000941s ]
NOTIC: 建议使用I方法替代_post
NOTIC: 建议使用I方法替代_post
SQL: SHOW COLUMNS FROM `xm_user_evalute` [ RunTime:0.004746s ]
SQL: INSERT INTO `xm_user_evalute` (`content`,`from_oid`,`to_uid`,`ctime`) VALUES ('',1,1,1430960969) [ RunTime:0.491592s ]

[ 2015-05-07T09:15:35+08:00 ] 127.0.0.1 /UserInfo/evalMe.html
NOTIC: [2] stripslashes() expects exactly 1 parameter, 2 given D:\wamp\www\ThinkPHP3.1\ThinkPHP\Lib\Core\App.class.php 第 56 行.
NOTIC: [2] stripslashes() expects exactly 1 parameter, 2 given D:\wamp\www\ThinkPHP3.1\ThinkPHP\Lib\Core\App.class.php 第 56 行.
NOTIC: [2] stripslashes() expects exactly 1 parameter, 2 given D:\wamp\www\ThinkPHP3.1\ThinkPHP\Lib\Core\App.class.php 第 57 行.
NOTIC: [2] stripslashes() expects exactly 1 parameter, 2 given D:\wamp\www\ThinkPHP3.1\ThinkPHP\Lib\Core\App.class.php 第 57 行.
INFO: [ app_begin ] --START--
INFO: ReadHtmlCache Behavior ::run [ RunTime:0.000561s ]
INFO: [ app_begin ] --END-- [ RunTime:0.000642s ]
NOTIC: 建议使用I方法替代_post
NOTIC: 建议使用I方法替代_post
SQL: SHOW COLUMNS FROM `xm_user_evalute` [ RunTime:0.005096s ]
NOTIC: [8] Use of undefined constant length - assumed 'length' D:\wamp\www\ThinkPHP3.1\Lib\Action\UserInfoAction.class.php 第 52 行.

[ 2015-05-07T09:16:48+08:00 ] 127.0.0.1 /UserInfo/index.html?uid=1
NOTIC: 建议使用I方法替代_get

[ 2015-05-07T09:17:09+08:00 ] 127.0.0.1 /UserInfo/index.html?uid=1
NOTIC: 建议使用I方法替代_get

[ 2015-05-07T09:17:40+08:00 ] 127.0.0.1 /UserInfo/index.html?uid=1
NOTIC: 建议使用I方法替代_get

[ 2015-05-07T09:17:48+08:00 ] 127.0.0.1 /UserInfo/index.html?uid=1
NOTIC: 建议使用I方法替代_get

[ 2015-05-07T09:17:59+08:00 ] 127.0.0.1 /UserInfo/index.html?uid=1
NOTIC: 建议使用I方法替代_get

[ 2015-05-07T09:18:08+08:00 ] 127.0.0.1 /UserInfo/index.html?uid=1
NOTIC: 建议使用I方法替代_get

[ 2015-05-07T09:18:19+08:00 ] 127.0.0.1 /UserInfo/index.html?uid=1
NOTIC: 建议使用I方法替代_get

[ 2015-05-07T09:18:50+08:00 ] 127.0.0.1 /
NOTIC: 建议使用I方法替代_get

[ 2015-05-07T09:23:58+08:00 ] 127.0.0.1 /
NOTIC: 建议使用I方法替代_get

[ 2015-05-07T09:24:03+08:00 ] 127.0.0.1 /PublishJobs/publish.html
NOTIC: [2] stripslashes() expects exactly 1 parameter, 2 given D:\wamp\www\ThinkPHP3.1\ThinkPHP\Lib\Core\App.class.php 第 56 行.
NOTIC: [2] stripslashes() expects exactly 1 parameter, 2 given D:\wamp\www\ThinkPHP3.1\ThinkPHP\Lib\Core\App.class.php 第 56 行.
NOTIC: [2] stripslashes() expects exactly 1 parameter, 2 given D:\wamp\www\ThinkPHP3.1\ThinkPHP\Lib\Core\App.class.php 第 56 行.
NOTIC: [2] stripslashes() expects exactly 1 parameter, 2 given D:\wamp\www\ThinkPHP3.1\ThinkPHP\Lib\Core\App.class.php 第 56 行.
NOTIC: [2] stripslashes() expects exactly 1 parameter, 2 given D:\wamp\www\ThinkPHP3.1\ThinkPHP\Lib\Core\App.class.php 第 56 行.
NOTIC: [2] stripslashes() expects exactly 1 parameter, 2 given D:\wamp\www\ThinkPHP3.1\ThinkPHP\Lib\Core\App.class.php 第 56 行.
NOTIC: [2] stripslashes() expects exactly 1 parameter, 2 given D:\wamp\www\ThinkPHP3.1\ThinkPHP\Lib\Core\App.class.php 第 56 行.
NOTIC: [2] stripslashes() expects exactly 1 parameter, 2 given D:\wamp\www\ThinkPHP3.1\ThinkPHP\Lib\Core\App.class.php 第 56 行.
NOTIC: [2] stripslashes() expects exactly 1 parameter, 2 given D:\wamp\www\ThinkPHP3.1\ThinkPHP\Lib\Core\App.class.php 第 56 行.
NOTIC: [2] stripslashes() expects exactly 1 parameter, 2 given D:\wamp\www\ThinkPHP3.1\ThinkPHP\Lib\Core\App.class.php 第 56 行.
NOTIC: [2] stripslashes() expects exactly 1 parameter, 2 given D:\wamp\www\ThinkPHP3.1\ThinkPHP\Lib\Core\App.class.php 第 56 行.
NOTIC: [2] stripslashes() expects exactly 1 parameter, 2 given D:\wamp\www\ThinkPHP3.1\ThinkPHP\Lib\Core\App.class.php 第 56 行.
NOTIC: [2] stripslashes() expects exactly 1 parameter, 2 given D:\wamp\www\ThinkPHP3.1\ThinkPHP\Lib\Core\App.class.php 第 56 行.
NOTIC: [2] stripslashes() expects exactly 1 parameter, 2 given D:\wamp\www\ThinkPHP3.1\ThinkPHP\Lib\Core\App.class.php 第 56 行.
NOTIC: [2] stripslashes() expects exactly 1 parameter, 2 given D:\wamp\www\ThinkPHP3.1\ThinkPHP\Lib\Core\App.class.php 第 57 行.
NOTIC: [2] stripslashes() expects exactly 1 parameter, 2 given D:\wamp\www\ThinkPHP3.1\ThinkPHP\Lib\Core\App.class.php 第 57 行.
INFO: [ app_begin ] --START--
INFO: ReadHtmlCache Behavior ::run [ RunTime:0.000475s ]
INFO: [ app_begin ] --END-- [ RunTime:0.000558s ]
SQL: SHOW COLUMNS FROM `xm_jobs` [ RunTime:0.005210s ]

[ 2015-05-07T09:24:11+08:00 ] 127.0.0.1 /PublishJobs/publish.html
NOTIC: [2] stripslashes() expects exactly 1 parameter, 2 given D:\wamp\www\ThinkPHP3.1\ThinkPHP\Lib\Core\App.class.php 第 56 行.
NOTIC: [2] stripslashes() expects exactly 1 parameter, 2 given D:\wamp\www\ThinkPHP3.1\ThinkPHP\Lib\Core\App.class.php 第 56 行.
NOTIC: [2] stripslashes() expects exactly 1 parameter, 2 given D:\wamp\www\ThinkPHP3.1\ThinkPHP\Lib\Core\App.class.php 第 56 行.
NOTIC: [2] stripslashes() expects exactly 1 parameter, 2 given D:\wamp\www\ThinkPHP3.1\ThinkPHP\Lib\Core\App.class.php 第 56 行.
NOTIC: [2] stripslashes() expects exactly 1 parameter, 2 given D:\wamp\www\ThinkPHP3.1\ThinkPHP\Lib\Core\App.class.php 第 56 行.
NOTIC: [2] stripslashes() expects exactly 1 parameter, 2 given D:\wamp\www\ThinkPHP3.1\ThinkPHP\Lib\Core\App.class.php 第 56 行.
NOTIC: [2] stripslashes() expects exactly 1 parameter, 2 given D:\wamp\www\ThinkPHP3.1\ThinkPHP\Lib\Core\App.class.php 第 56 行.
NOTIC: [2] stripslashes() expects exactly 1 parameter, 2 given D:\wamp\www\ThinkPHP3.1\ThinkPHP\Lib\Core\App.class.php 第 56 行.
NOTIC: [2] stripslashes() expects exactly 1 parameter, 2 given D:\wamp\www\ThinkPHP3.1\ThinkPHP\Lib\Core\App.class.php 第 56 行.
NOTIC: [2] stripslashes() expects exactly 1 parameter, 2 given D:\wamp\www\ThinkPHP3.1\ThinkPHP\Lib\Core\App.class.php 第 56 行.
NOTIC: [2] stripslashes() expects exactly 1 parameter, 2 given D:\wamp\www\ThinkPHP3.1\ThinkPHP\Lib\Core\App.class.php 第 56 行.
NOTIC: [2] stripslashes() expects exactly 1 parameter, 2 given D:\wamp\www\ThinkPHP3.1\ThinkPHP\Lib\Core\App.class.php 第 56 行.
NOTIC: [2] stripslashes() expects exactly 1 parameter, 2 given D:\wamp\www\ThinkPHP3.1\ThinkPHP\Lib\Core\App.class.php 第 56 行.
NOTIC: [2] stripslashes() expects exactly 1 parameter, 2 given D:\wamp\www\ThinkPHP3.1\ThinkPHP\Lib\Core\App.class.php 第 56 行.
NOTIC: [2] stripslashes() expects exactly 1 parameter, 2 given D:\wamp\www\ThinkPHP3.1\ThinkPHP\Lib\Core\App.class.php 第 57 行.
NOTIC: [2] stripslashes() expects exactly 1 parameter, 2 given D:\wamp\www\ThinkPHP3.1\ThinkPHP\Lib\Core\App.class.php 第 57 行.
INFO: [ app_begin ] --START--
INFO: ReadHtmlCache Behavior ::run [ RunTime:0.000499s ]
INFO: [ app_begin ] --END-- [ RunTime:0.000577s ]
SQL: SHOW COLUMNS FROM `xm_jobs` [ RunTime:0.005259s ]

[ 2015-05-07T09:26:43+08:00 ] 127.0.0.1 /
NOTIC: 建议使用I方法替代_get

[ 2015-05-07T09:27:51+08:00 ] 127.0.0.1 /
NOTIC: 建议使用I方法替代_get

[ 2015-05-07T09:28:54+08:00 ] 127.0.0.1 /index.php?sort=40
NOTIC: 建议使用I方法替代_get

[ 2015-05-07T09:28:55+08:00 ] 127.0.0.1 /index.php?sort=41
NOTIC: 建议使用I方法替代_get

[ 2015-05-07T09:28:58+08:00 ] 127.0.0.1 /index.php?sort=10
NOTIC: 建议使用I方法替代_get

[ 2015-05-07T09:28:59+08:00 ] 127.0.0.1 /index.php?sort=11
NOTIC: 建议使用I方法替代_get

[ 2015-05-07T09:29:01+08:00 ] 127.0.0.1 /index.php?sort=10
NOTIC: 建议使用I方法替代_get

[ 2015-05-07T09:29:01+08:00 ] 127.0.0.1 /index.php?sort=11
NOTIC: 建议使用I方法替代_get

[ 2015-05-07T09:29:03+08:00 ] 127.0.0.1 /index.php?sort=10
NOTIC: 建议使用I方法替代_get

[ 2015-05-07T09:29:04+08:00 ] 127.0.0.1 /index.php?sort=11
NOTIC: 建议使用I方法替代_get

[ 2015-05-07T09:29:06+08:00 ] 127.0.0.1 /SortSearch/search.html?q=q
NOTIC: 建议使用I方法替代_get

[ 2015-05-07T09:29:09+08:00 ] 127.0.0.1 /SortSearch/search.html?q=q&style=1
NOTIC: 建议使用I方法替代_get
NOTIC: 建议使用I方法替代_get

[ 2015-05-07T09:29:14+08:00 ] 127.0.0.1 /SortSearch/search.html?q=q&style=11
NOTIC: 建议使用I方法替代_get
NOTIC: 建议使用I方法替代_get

[ 2015-05-07T09:29:19+08:00 ] 127.0.0.1 /SortSearch/search.html?q=q&style=2
NOTIC: 建议使用I方法替代_get
NOTIC: 建议使用I方法替代_get

[ 2015-05-07T09:29:22+08:00 ] 127.0.0.1 /SortSearch/search.html?q=q&style=3
NOTIC: 建议使用I方法替代_get
NOTIC: 建议使用I方法替代_get

[ 2015-05-07T09:29:26+08:00 ] 127.0.0.1 /JobsInfo/index/jid/1.html
NOTIC: 建议使用I方法替代_get
NOTIC: 建议使用I方法替代_get

[ 2015-05-07T09:29:37+08:00 ] 127.0.0.1 /ApplyJob/apply.html
NOTIC: [2] stripslashes() expects exactly 1 parameter, 2 given D:\wamp\www\ThinkPHP3.1\ThinkPHP\Lib\Core\App.class.php 第 57 行.
NOTIC: [2] stripslashes() expects exactly 1 parameter, 2 given D:\wamp\www\ThinkPHP3.1\ThinkPHP\Lib\Core\App.class.php 第 57 行.
INFO: [ app_begin ] --START--
INFO: ReadHtmlCache Behavior ::run [ RunTime:0.000508s ]
INFO: [ app_begin ] --END-- [ RunTime:0.000585s ]

[ 2015-05-07T09:33:50+08:00 ] 127.0.0.1 /
NOTIC: 建议使用I方法替代_get

[ 2015-05-07T09:34:47+08:00 ] 127.0.0.1 /Search/s.html?wd=%E5%85%BC%E8%81%8C
NOTIC: 建议使用I方法替代_get
NOTIC: 建议使用I方法替代_get

[ 2015-05-07T09:34:50+08:00 ] 127.0.0.1 /
NOTIC: 建议使用I方法替代_get

