[ 2015-03-31T17:31:02+08:00 ] 0.0.0.0 /thinkphp3.1/index.php?m=UserCenter&a=updateInfo&undefined=&username=&sex=&age=&province=&city=&area=&school=&phone=&email=&qq=&exp=
INFO: [ app_begin ] --START--
INFO: ReadHtmlCache Behavior ::run [ RunTime:0.000585s ]
INFO: [ app_begin ] --END-- [ RunTime:0.000693s ]
SQL: SHOW COLUMNS FROM `xm_users` [ RunTime:0.196428s ]

[ 2015-03-31T17:31:53+08:00 ] 0.0.0.0 /thinkphp3.1/index.php?m=UserCenter&a=updateInfo&undefined=&username=&sex=&age=&province=&city=&area=&school=&phone=&email=&qq=&exp=
INFO: [ app_begin ] --START--
INFO: ReadHtmlCache Behavior ::run [ RunTime:0.000844s ]
INFO: [ app_begin ] --END-- [ RunTime:0.001027s ]
SQL: SHOW COLUMNS FROM `xm_users` [ RunTime:0.005567s ]

[ 2015-03-31T19:46:05+08:00 ] 0.0.0.0 /thinkphp3.1/index.php?m=UserCenter&a=updateInfo&undefined=&username=&sex=&age=&province=&city=&area=&school=&phone=&email=&qq=&exp=
INFO: [ app_begin ] --START--
INFO: ReadHtmlCache Behavior ::run [ RunTime:0.000569s ]
INFO: [ app_begin ] --END-- [ RunTime:0.000667s ]
SQL: SHOW COLUMNS FROM `xm_users` [ RunTime:0.157634s ]

[ 2015-03-31T20:03:10+08:00 ] 0.0.0.0 /thinkphp3.1/index.php?m=UserCenter&a=updateInfo&undefined=&username=&sex=&age=&province=&city=&area=&school=&phone=&email=&qq=&exp=&intent%5B0%5D=1&intent%5B1%5D=2
INFO: [ app_begin ] --START--
INFO: ReadHtmlCache Behavior ::run [ RunTime:0.000751s ]
INFO: [ app_begin ] --END-- [ RunTime:0.000878s ]
SQL: SHOW COLUMNS FROM `xm_users` [ RunTime:0.005648s ]
NOTIC: 建议使用I方法替代_get

[ 2015-03-31T20:03:26+08:00 ] 0.0.0.0 /thinkphp3.1/index.php?m=UserCenter&a=updateInfo&undefined=&username=&sex=&age=&province=&city=&area=&school=&phone=&email=&qq=&exp=&intent%5B0%5D=1&intent%5B1%5D=2
INFO: [ app_begin ] --START--
INFO: ReadHtmlCache Behavior ::run [ RunTime:0.000693s ]
INFO: [ app_begin ] --END-- [ RunTime:0.000784s ]
SQL: SHOW COLUMNS FROM `xm_users` [ RunTime:0.005088s ]
NOTIC: 建议使用I方法替代_get

[ 2015-03-31T20:05:53+08:00 ] 0.0.0.0 /thinkphp3.1/index.php?m=UserCenter&a=updateInfo&undefined=&username=&sex=&age=&province=&city=&area=&school=&phone=&email=&qq=&exp=&intent%5B0%5D=1&intent%5B1%5D=2
INFO: [ app_begin ] --START--
INFO: ReadHtmlCache Behavior ::run [ RunTime:0.000857s ]
INFO: [ app_begin ] --END-- [ RunTime:0.001067s ]
SQL: SHOW COLUMNS FROM `xm_users` [ RunTime:0.006139s ]
NOTIC: 建议使用I方法替代_get

[ 2015-03-31T20:06:36+08:00 ] 0.0.0.0 /thinkphp3.1/index.php?m=UserCenter
NOTIC: 建议使用I方法替代_get

[ 2015-03-31T20:06:51+08:00 ] 0.0.0.0 /thinkphp3.1/index.php?m=UserCenter&a=updateInfo&undefined=&username=&sex=&age=&province=&city=&area=&school=&phone=&email=&qq=&exp=
INFO: [ app_begin ] --START--
INFO: ReadHtmlCache Behavior ::run [ RunTime:0.000632s ]
INFO: [ app_begin ] --END-- [ RunTime:0.000780s ]
SQL: SHOW COLUMNS FROM `xm_users` [ RunTime:0.034250s ]
NOTIC: 建议使用I方法替代_get

[ 2015-03-31T20:07:10+08:00 ] 0.0.0.0 /thinkphp3.1/index.php?m=UserCenter&username=1
NOTIC: 建议使用I方法替代_get

[ 2015-03-31T20:07:19+08:00 ] 0.0.0.0 /thinkphp3.1/index.php?m=UserCenter&intent=1
NOTIC: 建议使用I方法替代_get

[ 2015-03-31T20:07:27+08:00 ] 0.0.0.0 /thinkphp3.1/index.php?m=UserCenter&intent={s:d}
NOTIC: 建议使用I方法替代_get

[ 2015-03-31T20:14:40+08:00 ] 0.0.0.0 /thinkphp3.1/index.php?m=UserCenter&intent={s:d}
NOTIC: 建议使用I方法替代_get

[ 2015-03-31T20:17:46+08:00 ] 0.0.0.0 /thinkphp3.1/index.php?m=UserCenter&intent={s:d}
NOTIC: 建议使用I方法替代_get

[ 2015-03-31T20:17:56+08:00 ] 0.0.0.0 /thinkphp3.1/index.php?m=UserCenter&a=updateInfo&undefined=&username=&sex=&age=&province=&city=&area=&school=&phone=&email=&qq=&exp=&intent%5B0%5D=1&intent%5B1%5D=2
INFO: [ app_begin ] --START--
INFO: ReadHtmlCache Behavior ::run [ RunTime:0.000578s ]
INFO: [ app_begin ] --END-- [ RunTime:0.000676s ]
SQL: SHOW COLUMNS FROM `xm_users` [ RunTime:0.679594s ]

[ 2015-03-31T20:20:14+08:00 ] 0.0.0.0 /thinkphp3.1/index.php?m=UserCenter&a=updateInfo&undefined=&username=&sex=&age=&province=&city=&area=&school=&phone=&email=&qq=&exp=&intent%5B0%5D=1&intent%5B1%5D=2
INFO: [ app_begin ] --START--
INFO: ReadHtmlCache Behavior ::run [ RunTime:0.001194s ]
INFO: [ app_begin ] --END-- [ RunTime:0.001363s ]
SQL: SHOW COLUMNS FROM `xm_users` [ RunTime:0.005195s ]

[ 2015-03-31T20:20:16+08:00 ] 0.0.0.0 /thinkphp3.1/index.php?m=UserCenter&a=updateInfo&undefined=&username=&sex=&age=&province=&city=&area=&school=&phone=&email=&qq=&exp=&intent%5B0%5D=1&intent%5B1%5D=2
INFO: [ app_begin ] --START--
INFO: ReadHtmlCache Behavior ::run [ RunTime:0.000506s ]
INFO: [ app_begin ] --END-- [ RunTime:0.000606s ]
SQL: SHOW COLUMNS FROM `xm_users` [ RunTime:0.006987s ]

[ 2015-03-31T20:20:20+08:00 ] 0.0.0.0 /thinkphp3.1/index.php?m=UserCenter&a=updateInfo&undefined=&username=&sex=&age=&province=&city=&area=&school=&phone=&email=&qq=&exp=&intent%5B0%5D=1&intent%5B1%5D=2
INFO: [ app_begin ] --START--
INFO: ReadHtmlCache Behavior ::run [ RunTime:0.000484s ]
INFO: [ app_begin ] --END-- [ RunTime:0.000575s ]
SQL: SHOW COLUMNS FROM `xm_users` [ RunTime:0.009093s ]

[ 2015-03-31T20:38:12+08:00 ] 0.0.0.0 /thinkphp3.1/index.php?m=UserCenter&a=updateInfo&undefined=&username=&sex=&age=&province=&city=&area=&school=&phone=&email=&qq=&exp=&intent%5B0%5D=1&intent%5B1%5D=2
INFO: [ app_begin ] --START--
INFO: ReadHtmlCache Behavior ::run [ RunTime:0.002308s ]
INFO: [ app_begin ] --END-- [ RunTime:0.002726s ]
SQL: SHOW COLUMNS FROM `xm_users` [ RunTime:0.009170s ]
NOTIC: 建议使用I方法替代_get
NOTIC: 建议使用I方法替代_get
NOTIC: 建议使用I方法替代_get
SQL: SHOW COLUMNS FROM `xm_address` [ RunTime:0.005435s ]
SQL: SELECT * FROM `xm_address` WHERE ( province='' AND city='' AND area='' ) LIMIT 1   [ RunTime:0.000314s ]

