[ 2015-05-03T08:55:49+08:00 ] 127.0.0.1 /
NOTIC: Âª∫ËÆÆ‰ΩøÁî®IÊñπÊ≥ïÊõø‰ª£_get
ERR: ”…”⁄ƒø±Íº∆À„ª˙ª˝º´æ‹æ¯£¨Œﬁ∑®¡¨Ω”°£


[ 2015-05-03T08:56:01+08:00 ] 127.0.0.1 /
NOTIC: Âª∫ËÆÆ‰ΩøÁî®IÊñπÊ≥ïÊõø‰ª£_get

[ 2015-05-03T08:56:04+08:00 ] 127.0.0.1 /
NOTIC: Âª∫ËÆÆ‰ΩøÁî®IÊñπÊ≥ïÊõø‰ª£_get

[ 2015-05-03T08:56:52+08:00 ] 127.0.0.1 /Login/login.html
NOTIC: [2] stripslashes() expects exactly 1 parameter, 2 given D:\wamp\www\ThinkPHP3.1\ThinkPHP\Lib\Core\App.class.php Á¨¨ 56 Ë°å.
NOTIC: [2] stripslashes() expects exactly 1 parameter, 2 given D:\wamp\www\ThinkPHP3.1\ThinkPHP\Lib\Core\App.class.php Á¨¨ 56 Ë°å.
NOTIC: [2] stripslashes() expects exactly 1 parameter, 2 given D:\wamp\www\ThinkPHP3.1\ThinkPHP\Lib\Core\App.class.php Á¨¨ 56 Ë°å.
NOTIC: [2] stripslashes() expects exactly 1 parameter, 2 given D:\wamp\www\ThinkPHP3.1\ThinkPHP\Lib\Core\App.class.php Á¨¨ 56 Ë°å.
NOTIC: [2] stripslashes() expects exactly 1 parameter, 2 given D:\wamp\www\ThinkPHP3.1\ThinkPHP\Lib\Core\App.class.php Á¨¨ 57 Ë°å.
NOTIC: [2] stripslashes() expects exactly 1 parameter, 2 given D:\wamp\www\ThinkPHP3.1\ThinkPHP\Lib\Core\App.class.php Á¨¨ 57 Ë°å.
INFO: [ app_begin ] --START--
INFO: ReadHtmlCache Behavior ::run [ RunTime:0.000482s ]
INFO: [ app_begin ] --END-- [ RunTime:0.000565s ]
NOTIC: Âª∫ËÆÆ‰ΩøÁî®IÊñπÊ≥ïÊõø‰ª£_post
NOTIC: Âª∫ËÆÆ‰ΩøÁî®IÊñπÊ≥ïÊõø‰ª£_post
NOTIC: Âª∫ËÆÆ‰ΩøÁî®IÊñπÊ≥ïÊõø‰ª£_post
NOTIC: [8] Undefined variable: passwd D:\wamp\www\ThinkPHP3.1\Lib\Action\LoginAction.class.php Á¨¨ 35 Ë°å.
SQL: SHOW COLUMNS FROM `xm_users` [ RunTime:0.043579s ]
SQL: SHOW COLUMNS FROM `xm_orgs` [ RunTime:0.033440s ]
SQL: SELECT `uid` FROM `xm_users` WHERE ( email='1451583383@qq.com' ) LIMIT 1   [ RunTime:0.016722s ]
SQL: SELECT `uid`,`username` FROM `xm_users` WHERE ( email='1451583383@qq.com' AND passwd='21232f297a57a5a743894a0e4a801fc3' ) LIMIT 1   [ RunTime:0.000194s ]

[ 2015-05-03T08:57:18+08:00 ] 127.0.0.1 /Index/index.html
NOTIC: Âª∫ËÆÆ‰ΩøÁî®IÊñπÊ≥ïÊõø‰ª£_get

[ 2015-05-03T08:57:28+08:00 ] 127.0.0.1 /Login/login.html
NOTIC: [2] stripslashes() expects exactly 1 parameter, 2 given D:\wamp\www\ThinkPHP3.1\ThinkPHP\Lib\Core\App.class.php Á¨¨ 56 Ë°å.
NOTIC: [2] stripslashes() expects exactly 1 parameter, 2 given D:\wamp\www\ThinkPHP3.1\ThinkPHP\Lib\Core\App.class.php Á¨¨ 56 Ë°å.
NOTIC: [2] stripslashes() expects exactly 1 parameter, 2 given D:\wamp\www\ThinkPHP3.1\ThinkPHP\Lib\Core\App.class.php Á¨¨ 56 Ë°å.
NOTIC: [2] stripslashes() expects exactly 1 parameter, 2 given D:\wamp\www\ThinkPHP3.1\ThinkPHP\Lib\Core\App.class.php Á¨¨ 56 Ë°å.
NOTIC: [2] stripslashes() expects exactly 1 parameter, 2 given D:\wamp\www\ThinkPHP3.1\ThinkPHP\Lib\Core\App.class.php Á¨¨ 57 Ë°å.
NOTIC: [2] stripslashes() expects exactly 1 parameter, 2 given D:\wamp\www\ThinkPHP3.1\ThinkPHP\Lib\Core\App.class.php Á¨¨ 57 Ë°å.
INFO: [ app_begin ] --START--
INFO: ReadHtmlCache Behavior ::run [ RunTime:0.000479s ]
INFO: [ app_begin ] --END-- [ RunTime:0.000561s ]
NOTIC: Âª∫ËÆÆ‰ΩøÁî®IÊñπÊ≥ïÊõø‰ª£_post

[ 2015-05-03T08:57:35+08:00 ] 127.0.0.1 /Login/login.html
NOTIC: [2] stripslashes() expects exactly 1 parameter, 2 given D:\wamp\www\ThinkPHP3.1\ThinkPHP\Lib\Core\App.class.php Á¨¨ 56 Ë°å.
NOTIC: [2] stripslashes() expects exactly 1 parameter, 2 given D:\wamp\www\ThinkPHP3.1\ThinkPHP\Lib\Core\App.class.php Á¨¨ 56 Ë°å.
NOTIC: [2] stripslashes() expects exactly 1 parameter, 2 given D:\wamp\www\ThinkPHP3.1\ThinkPHP\Lib\Core\App.class.php Á¨¨ 56 Ë°å.
NOTIC: [2] stripslashes() expects exactly 1 parameter, 2 given D:\wamp\www\ThinkPHP3.1\ThinkPHP\Lib\Core\App.class.php Á¨¨ 56 Ë°å.
NOTIC: [2] stripslashes() expects exactly 1 parameter, 2 given D:\wamp\www\ThinkPHP3.1\ThinkPHP\Lib\Core\App.class.php Á¨¨ 57 Ë°å.
NOTIC: [2] stripslashes() expects exactly 1 parameter, 2 given D:\wamp\www\ThinkPHP3.1\ThinkPHP\Lib\Core\App.class.php Á¨¨ 57 Ë°å.
INFO: [ app_begin ] --START--
INFO: ReadHtmlCache Behavior ::run [ RunTime:0.000479s ]
INFO: [ app_begin ] --END-- [ RunTime:0.000561s ]
NOTIC: Âª∫ËÆÆ‰ΩøÁî®IÊñπÊ≥ïÊõø‰ª£_post
NOTIC: Âª∫ËÆÆ‰ΩøÁî®IÊñπÊ≥ïÊõø‰ª£_post
NOTIC: Âª∫ËÆÆ‰ΩøÁî®IÊñπÊ≥ïÊõø‰ª£_post
NOTIC: [8] Undefined variable: passwd D:\wamp\www\ThinkPHP3.1\Lib\Action\LoginAction.class.php Á¨¨ 35 Ë°å.
SQL: SHOW COLUMNS FROM `xm_users` [ RunTime:0.026596s ]
SQL: SHOW COLUMNS FROM `xm_orgs` [ RunTime:0.004966s ]
SQL: SELECT `uid` FROM `xm_users` WHERE ( email='123@qq.com' ) LIMIT 1   [ RunTime:0.000261s ]
SQL: SELECT `oid` FROM `xm_orgs` WHERE ( email='123@qq.com' ) LIMIT 1   [ RunTime:0.000170s ]
SQL: SELECT `orgname` FROM `xm_orgs` WHERE ( email='123@qq.com'AND passwd='21232f297a57a5a743894a0e4a801fc3' ) LIMIT 1   [ RunTime:0.000169s ]

[ 2015-05-03T08:58:21+08:00 ] 127.0.0.1 /OrgAuth/auth.html
NOTIC: [2] stripslashes() expects exactly 1 parameter, 2 given D:\wamp\www\ThinkPHP3.1\ThinkPHP\Lib\Core\App.class.php Á¨¨ 56 Ë°å.
NOTIC: [2] stripslashes() expects exactly 1 parameter, 2 given D:\wamp\www\ThinkPHP3.1\ThinkPHP\Lib\Core\App.class.php Á¨¨ 56 Ë°å.
NOTIC: [2] stripslashes() expects exactly 1 parameter, 2 given D:\wamp\www\ThinkPHP3.1\ThinkPHP\Lib\Core\App.class.php Á¨¨ 56 Ë°å.
NOTIC: [2] stripslashes() expects exactly 1 parameter, 2 given D:\wamp\www\ThinkPHP3.1\ThinkPHP\Lib\Core\App.class.php Á¨¨ 56 Ë°å.
NOTIC: [2] stripslashes() expects exactly 1 parameter, 2 given D:\wamp\www\ThinkPHP3.1\ThinkPHP\Lib\Core\App.class.php Á¨¨ 56 Ë°å.
NOTIC: [2] stripslashes() expects exactly 1 parameter, 2 given D:\wamp\www\ThinkPHP3.1\ThinkPHP\Lib\Core\App.class.php Á¨¨ 56 Ë°å.
NOTIC: [2] stripslashes() expects exactly 1 parameter, 2 given D:\wamp\www\ThinkPHP3.1\ThinkPHP\Lib\Core\App.class.php Á¨¨ 57 Ë°å.
NOTIC: [2] stripslashes() expects exactly 1 parameter, 2 given D:\wamp\www\ThinkPHP3.1\ThinkPHP\Lib\Core\App.class.php Á¨¨ 57 Ë°å.
INFO: [ app_begin ] --START--
INFO: ReadHtmlCache Behavior ::run [ RunTime:0.000483s ]
INFO: [ app_begin ] --END-- [ RunTime:0.000568s ]
SQL: SHOW COLUMNS FROM `xm_orgsauth` [ RunTime:0.004861s ]
ERR: 1146:Table 'think_job.xm_orgsauth' doesn't exist
 [ SQLËØ≠Âè• ] : SHOW COLUMNS FROM `xm_orgsauth`
SQL: SELECT `auth_id` FROM `xm_orgsauth` WHERE ( auth_oid=1 ) LIMIT 1   [ RunTime:0.000576s ]
ERR: 1146:Table 'think_job.xm_orgsauth' doesn't exist
 [ SQLËØ≠Âè• ] : SELECT `auth_id` FROM `xm_orgsauth` WHERE ( auth_oid=1 ) LIMIT 1  
SQL: SHOW COLUMNS FROM `xm_orgs_auth` [ RunTime:0.005359s ]
NOTIC: [2] preg_match() [<a href='function.preg-match'>function.preg-match</a>]: Unknown modifier '$' D:\wamp\www\ThinkPHP3.1\ThinkPHP\Lib\Core\Model.class.php Á¨¨ 883 Ë°å.

[ 2015-05-03T12:57:26+08:00 ] 127.0.0.1 /OrgsAuth/uploadFile.html
ERR: Êó†Ê≥ïÂä†ËΩΩÊ®°Âùó:OrgsAuth

[ 2015-05-03T15:35:16+08:00 ] 127.0.0.1 /
NOTIC: Âª∫ËÆÆ‰ΩøÁî®IÊñπÊ≥ïÊõø‰ª£_get

[ 2015-05-03T16:29:25+08:00 ] 127.0.0.1 /
NOTIC: Âª∫ËÆÆ‰ΩøÁî®IÊñπÊ≥ïÊõø‰ª£_get

