[ 2015-05-25T00:11:41+08:00 ] 127.0.0.1 /Login/login.html
NOTIC: [2] stripslashes() expects exactly 1 parameter, 2 given D:\wamp\www\ThinkPHP3.1\ThinkPHP\Lib\Core\App.class.php 第 56 行.
NOTIC: [2] stripslashes() expects exactly 1 parameter, 2 given D:\wamp\www\ThinkPHP3.1\ThinkPHP\Lib\Core\App.class.php 第 56 行.
NOTIC: [2] stripslashes() expects exactly 1 parameter, 2 given D:\wamp\www\ThinkPHP3.1\ThinkPHP\Lib\Core\App.class.php 第 56 行.
NOTIC: [2] stripslashes() expects exactly 1 parameter, 2 given D:\wamp\www\ThinkPHP3.1\ThinkPHP\Lib\Core\App.class.php 第 56 行.
NOTIC: [2] stripslashes() expects exactly 1 parameter, 2 given D:\wamp\www\ThinkPHP3.1\ThinkPHP\Lib\Core\App.class.php 第 57 行.
NOTIC: [2] stripslashes() expects exactly 1 parameter, 2 given D:\wamp\www\ThinkPHP3.1\ThinkPHP\Lib\Core\App.class.php 第 57 行.
INFO: [ app_begin ] --START--
INFO: ReadHtmlCache Behavior ::run [ RunTime:0.000000s ]
INFO: [ app_begin ] --END-- [ RunTime:0.000000s ]
NOTIC: 建议使用I方法替代_post
NOTIC: 建议使用I方法替代_post
NOTIC: 建议使用I方法替代_post
NOTIC: [8] Undefined variable: passwd D:\wamp\www\ThinkPHP3.1\Lib\Action\LoginAction.class.php 第 35 行.
NOTIC: [8192] mysql_connect(): The mysql extension is deprecated and will be removed in the future: use mysqli or PDO instead D:\wamp\www\ThinkPHP3.1\ThinkPHP\Lib\Driver\Db\DbMysql.class.php 第 55 行.
SQL: SHOW COLUMNS FROM `xm_users` [ RunTime:0.502029s ]
SQL: SHOW COLUMNS FROM `xm_orgs` [ RunTime:0.048003s ]
NOTIC: [8192] preg_replace(): The /e modifier is deprecated, use preg_replace_callback instead D:\wamp\www\ThinkPHP3.1\ThinkPHP\Lib\Core\Db.class.php 第 605 行.
SQL: SELECT `uid` FROM `xm_users` WHERE ( email='123@qq.com' ) LIMIT 1   [ RunTime:0.017001s ]
NOTIC: [8192] preg_replace(): The /e modifier is deprecated, use preg_replace_callback instead D:\wamp\www\ThinkPHP3.1\ThinkPHP\Lib\Core\Db.class.php 第 605 行.
SQL: SELECT `oid` FROM `xm_orgs` WHERE ( email='123@qq.com' ) LIMIT 1   [ RunTime:0.010001s ]
NOTIC: [8192] preg_replace(): The /e modifier is deprecated, use preg_replace_callback instead D:\wamp\www\ThinkPHP3.1\ThinkPHP\Lib\Core\Db.class.php 第 605 行.
SQL: SELECT `orgname` FROM `xm_orgs` WHERE ( email='123@qq.com'AND passwd='21232f297a57a5a743894a0e4a801fc3' ) LIMIT 1   [ RunTime:0.001000s ]

[ 2015-05-25T07:59:06+08:00 ] 127.0.0.1 /
NOTIC: 建议使用I方法替代_get

[ 2015-05-25T07:59:20+08:00 ] 127.0.0.1 /Login/login.html
NOTIC: [2] stripslashes() expects exactly 1 parameter, 2 given D:\wamp\www\ThinkPHP3.1\ThinkPHP\Lib\Core\App.class.php 第 56 行.
NOTIC: [2] stripslashes() expects exactly 1 parameter, 2 given D:\wamp\www\ThinkPHP3.1\ThinkPHP\Lib\Core\App.class.php 第 56 行.
NOTIC: [2] stripslashes() expects exactly 1 parameter, 2 given D:\wamp\www\ThinkPHP3.1\ThinkPHP\Lib\Core\App.class.php 第 56 行.
NOTIC: [2] stripslashes() expects exactly 1 parameter, 2 given D:\wamp\www\ThinkPHP3.1\ThinkPHP\Lib\Core\App.class.php 第 56 行.
NOTIC: [2] stripslashes() expects exactly 1 parameter, 2 given D:\wamp\www\ThinkPHP3.1\ThinkPHP\Lib\Core\App.class.php 第 57 行.
NOTIC: [2] stripslashes() expects exactly 1 parameter, 2 given D:\wamp\www\ThinkPHP3.1\ThinkPHP\Lib\Core\App.class.php 第 57 行.
INFO: [ app_begin ] --START--
INFO: ReadHtmlCache Behavior ::run [ RunTime:0.000000s ]
INFO: [ app_begin ] --END-- [ RunTime:0.000000s ]
NOTIC: 建议使用I方法替代_post
NOTIC: 建议使用I方法替代_post
NOTIC: 建议使用I方法替代_post
NOTIC: [8] Undefined variable: passwd D:\wamp\www\ThinkPHP3.1\Lib\Action\LoginAction.class.php 第 35 行.
NOTIC: [8192] mysql_connect(): The mysql extension is deprecated and will be removed in the future: use mysqli or PDO instead D:\wamp\www\ThinkPHP3.1\ThinkPHP\Lib\Driver\Db\DbMysql.class.php 第 55 行.
SQL: SHOW COLUMNS FROM `xm_users` [ RunTime:0.055003s ]
SQL: SHOW COLUMNS FROM `xm_orgs` [ RunTime:0.019001s ]
NOTIC: [8192] preg_replace(): The /e modifier is deprecated, use preg_replace_callback instead D:\wamp\www\ThinkPHP3.1\ThinkPHP\Lib\Core\Db.class.php 第 605 行.
SQL: SELECT `uid` FROM `xm_users` WHERE ( email='1451583383@qq.com' ) LIMIT 1   [ RunTime:0.033002s ]
NOTIC: [8192] preg_replace(): The /e modifier is deprecated, use preg_replace_callback instead D:\wamp\www\ThinkPHP3.1\ThinkPHP\Lib\Core\Db.class.php 第 605 行.
SQL: SELECT `uid`,`username` FROM `xm_users` WHERE ( email='1451583383@qq.com' AND passwd='21232f297a57a5a743894a0e4a801fc3' ) LIMIT 1   [ RunTime:0.001000s ]

[ 2015-05-25T08:30:03+08:00 ] 127.0.0.1 /Index/index.html
NOTIC: 建议使用I方法替代_get

[ 2015-05-25T08:30:13+08:00 ] 127.0.0.1 /Login/login.html
NOTIC: [2] stripslashes() expects exactly 1 parameter, 2 given D:\wamp\www\ThinkPHP3.1\ThinkPHP\Lib\Core\App.class.php 第 56 行.
NOTIC: [2] stripslashes() expects exactly 1 parameter, 2 given D:\wamp\www\ThinkPHP3.1\ThinkPHP\Lib\Core\App.class.php 第 56 行.
NOTIC: [2] stripslashes() expects exactly 1 parameter, 2 given D:\wamp\www\ThinkPHP3.1\ThinkPHP\Lib\Core\App.class.php 第 56 行.
NOTIC: [2] stripslashes() expects exactly 1 parameter, 2 given D:\wamp\www\ThinkPHP3.1\ThinkPHP\Lib\Core\App.class.php 第 56 行.
NOTIC: [2] stripslashes() expects exactly 1 parameter, 2 given D:\wamp\www\ThinkPHP3.1\ThinkPHP\Lib\Core\App.class.php 第 57 行.
NOTIC: [2] stripslashes() expects exactly 1 parameter, 2 given D:\wamp\www\ThinkPHP3.1\ThinkPHP\Lib\Core\App.class.php 第 57 行.
INFO: [ app_begin ] --START--
INFO: ReadHtmlCache Behavior ::run [ RunTime:0.001000s ]
INFO: [ app_begin ] --END-- [ RunTime:0.002000s ]
NOTIC: 建议使用I方法替代_post
NOTIC: 建议使用I方法替代_post
NOTIC: 建议使用I方法替代_post
NOTIC: [8] Undefined variable: passwd D:\wamp\www\ThinkPHP3.1\Lib\Action\LoginAction.class.php 第 35 行.
NOTIC: [8192] mysql_connect(): The mysql extension is deprecated and will be removed in the future: use mysqli or PDO instead D:\wamp\www\ThinkPHP3.1\ThinkPHP\Lib\Driver\Db\DbMysql.class.php 第 55 行.
SQL: SHOW COLUMNS FROM `xm_users` [ RunTime:0.004000s ]
SQL: SHOW COLUMNS FROM `xm_orgs` [ RunTime:0.012001s ]
NOTIC: [8192] preg_replace(): The /e modifier is deprecated, use preg_replace_callback instead D:\wamp\www\ThinkPHP3.1\ThinkPHP\Lib\Core\Db.class.php 第 605 行.
SQL: SELECT `uid` FROM `xm_users` WHERE ( email='1451583383@qq.com' ) LIMIT 1   [ RunTime:0.041002s ]
NOTIC: [8192] preg_replace(): The /e modifier is deprecated, use preg_replace_callback instead D:\wamp\www\ThinkPHP3.1\ThinkPHP\Lib\Core\Db.class.php 第 605 行.
SQL: SELECT `uid`,`username` FROM `xm_users` WHERE ( email='1451583383@qq.com' AND passwd='e00cf25ad42683b3df678c61f42c6bda' ) LIMIT 1   [ RunTime:0.000000s ]

[ 2015-05-25T08:30:24+08:00 ] 127.0.0.1 /Login/login.html
NOTIC: [2] stripslashes() expects exactly 1 parameter, 2 given D:\wamp\www\ThinkPHP3.1\ThinkPHP\Lib\Core\App.class.php 第 56 行.
NOTIC: [2] stripslashes() expects exactly 1 parameter, 2 given D:\wamp\www\ThinkPHP3.1\ThinkPHP\Lib\Core\App.class.php 第 56 行.
NOTIC: [2] stripslashes() expects exactly 1 parameter, 2 given D:\wamp\www\ThinkPHP3.1\ThinkPHP\Lib\Core\App.class.php 第 56 行.
NOTIC: [2] stripslashes() expects exactly 1 parameter, 2 given D:\wamp\www\ThinkPHP3.1\ThinkPHP\Lib\Core\App.class.php 第 56 行.
NOTIC: [2] stripslashes() expects exactly 1 parameter, 2 given D:\wamp\www\ThinkPHP3.1\ThinkPHP\Lib\Core\App.class.php 第 57 行.
NOTIC: [2] stripslashes() expects exactly 1 parameter, 2 given D:\wamp\www\ThinkPHP3.1\ThinkPHP\Lib\Core\App.class.php 第 57 行.
INFO: [ app_begin ] --START--
INFO: ReadHtmlCache Behavior ::run [ RunTime:0.000000s ]
INFO: [ app_begin ] --END-- [ RunTime:0.000000s ]
NOTIC: 建议使用I方法替代_post
NOTIC: 建议使用I方法替代_post
NOTIC: 建议使用I方法替代_post
NOTIC: [8] Undefined variable: passwd D:\wamp\www\ThinkPHP3.1\Lib\Action\LoginAction.class.php 第 35 行.
NOTIC: [8192] mysql_connect(): The mysql extension is deprecated and will be removed in the future: use mysqli or PDO instead D:\wamp\www\ThinkPHP3.1\ThinkPHP\Lib\Driver\Db\DbMysql.class.php 第 55 行.
SQL: SHOW COLUMNS FROM `xm_users` [ RunTime:0.005000s ]
SQL: SHOW COLUMNS FROM `xm_orgs` [ RunTime:0.014001s ]
NOTIC: [8192] preg_replace(): The /e modifier is deprecated, use preg_replace_callback instead D:\wamp\www\ThinkPHP3.1\ThinkPHP\Lib\Core\Db.class.php 第 605 行.
SQL: SELECT `uid` FROM `xm_users` WHERE ( email='1451583383@qq.com' ) LIMIT 1   [ RunTime:0.000000s ]
NOTIC: [8192] preg_replace(): The /e modifier is deprecated, use preg_replace_callback instead D:\wamp\www\ThinkPHP3.1\ThinkPHP\Lib\Core\Db.class.php 第 605 行.
SQL: SELECT `uid`,`username` FROM `xm_users` WHERE ( email='1451583383@qq.com' AND passwd='e00cf25ad42683b3df678c61f42c6bda' ) LIMIT 1   [ RunTime:0.000000s ]

[ 2015-05-25T11:10:03+08:00 ] 127.0.0.1 /
NOTIC: 建议使用I方法替代_get
ERR: Access denied for user 'xiaojiaosun'@'localhost' (using password: YES)

[ 2015-05-25T11:11:41+08:00 ] 127.0.0.1 /
NOTIC: 建议使用I方法替代_get

[ 2015-05-25T11:11:48+08:00 ] 127.0.0.1 /Login/login.html
NOTIC: [2] stripslashes() expects exactly 1 parameter, 2 given D:\wamp\www\ThinkPHP3.1\ThinkPHP\Lib\Core\App.class.php 第 56 行.
NOTIC: [2] stripslashes() expects exactly 1 parameter, 2 given D:\wamp\www\ThinkPHP3.1\ThinkPHP\Lib\Core\App.class.php 第 56 行.
NOTIC: [2] stripslashes() expects exactly 1 parameter, 2 given D:\wamp\www\ThinkPHP3.1\ThinkPHP\Lib\Core\App.class.php 第 56 行.
NOTIC: [2] stripslashes() expects exactly 1 parameter, 2 given D:\wamp\www\ThinkPHP3.1\ThinkPHP\Lib\Core\App.class.php 第 56 行.
NOTIC: [2] stripslashes() expects exactly 1 parameter, 2 given D:\wamp\www\ThinkPHP3.1\ThinkPHP\Lib\Core\App.class.php 第 57 行.
NOTIC: [2] stripslashes() expects exactly 1 parameter, 2 given D:\wamp\www\ThinkPHP3.1\ThinkPHP\Lib\Core\App.class.php 第 57 行.
INFO: [ app_begin ] --START--
INFO: ReadHtmlCache Behavior ::run [ RunTime:0.000000s ]
INFO: [ app_begin ] --END-- [ RunTime:0.000000s ]
NOTIC: 建议使用I方法替代_post

[ 2015-05-25T11:11:53+08:00 ] 127.0.0.1 /Login/login.html
NOTIC: [2] stripslashes() expects exactly 1 parameter, 2 given D:\wamp\www\ThinkPHP3.1\ThinkPHP\Lib\Core\App.class.php 第 56 行.
NOTIC: [2] stripslashes() expects exactly 1 parameter, 2 given D:\wamp\www\ThinkPHP3.1\ThinkPHP\Lib\Core\App.class.php 第 56 行.
NOTIC: [2] stripslashes() expects exactly 1 parameter, 2 given D:\wamp\www\ThinkPHP3.1\ThinkPHP\Lib\Core\App.class.php 第 56 行.
NOTIC: [2] stripslashes() expects exactly 1 parameter, 2 given D:\wamp\www\ThinkPHP3.1\ThinkPHP\Lib\Core\App.class.php 第 56 行.
NOTIC: [2] stripslashes() expects exactly 1 parameter, 2 given D:\wamp\www\ThinkPHP3.1\ThinkPHP\Lib\Core\App.class.php 第 57 行.
NOTIC: [2] stripslashes() expects exactly 1 parameter, 2 given D:\wamp\www\ThinkPHP3.1\ThinkPHP\Lib\Core\App.class.php 第 57 行.
INFO: [ app_begin ] --START--
INFO: ReadHtmlCache Behavior ::run [ RunTime:0.000000s ]
INFO: [ app_begin ] --END-- [ RunTime:0.000000s ]
NOTIC: 建议使用I方法替代_post
NOTIC: 建议使用I方法替代_post
NOTIC: 建议使用I方法替代_post
NOTIC: [8] Undefined variable: passwd D:\wamp\www\ThinkPHP3.1\Lib\Action\LoginAction.class.php 第 35 行.
SQL: SHOW COLUMNS FROM `xm_users` [ RunTime:0.007001s ]
SQL: SHOW COLUMNS FROM `xm_orgs` [ RunTime:0.007000s ]
SQL: SELECT `uid` FROM `xm_users` WHERE ( email='1451583383@qq.com' ) LIMIT 1   [ RunTime:0.000000s ]
SQL: SELECT `uid`,`username` FROM `xm_users` WHERE ( email='1451583383@qq.com' AND passwd='21232f297a57a5a743894a0e4a801fc3' ) LIMIT 1   [ RunTime:0.001000s ]

[ 2015-05-25T11:11:58+08:00 ] 127.0.0.1 /
NOTIC: 建议使用I方法替代_get

[ 2015-05-25T11:12:11+08:00 ] 127.0.0.1 /SortSearch/search.html?q=q
NOTIC: 建议使用I方法替代_get

[ 2015-05-25T11:12:13+08:00 ] 127.0.0.1 /SortSearch/search.html?q=q&style=5
NOTIC: 建议使用I方法替代_get
NOTIC: 建议使用I方法替代_get

[ 2015-05-25T11:13:26+08:00 ] 127.0.0.1 /
NOTIC: 建议使用I方法替代_get

[ 2015-05-25T22:07:17+08:00 ] 127.0.0.1 /
NOTIC: 建议使用I方法替代_get

