[ 2015-06-06T01:06:02+08:00 ] 127.0.0.1 /
NOTIC: 建议使用I方法替代_post
NOTIC: 建议使用I方法替代_get

[ 2015-06-06T01:07:57+08:00 ] 127.0.0.1 /
NOTIC: 建议使用I方法替代_post
NOTIC: 建议使用I方法替代_get

[ 2015-06-06T01:08:00+08:00 ] 127.0.0.1 /
NOTIC: 建议使用I方法替代_post
NOTIC: 建议使用I方法替代_get

[ 2015-06-06T01:08:02+08:00 ] 127.0.0.1 /
NOTIC: 建议使用I方法替代_post
NOTIC: 建议使用I方法替代_get

[ 2015-06-06T01:08:03+08:00 ] 127.0.0.1 /
NOTIC: 建议使用I方法替代_post
NOTIC: 建议使用I方法替代_get

[ 2015-06-06T01:10:04+08:00 ] 127.0.0.1 /
NOTIC: 建议使用I方法替代_post
NOTIC: 建议使用I方法替代_get

[ 2015-06-06T01:10:09+08:00 ] 127.0.0.1 /
NOTIC: 建议使用I方法替代_post
NOTIC: 建议使用I方法替代_get

[ 2015-06-06T01:10:10+08:00 ] 127.0.0.1 /
NOTIC: 建议使用I方法替代_post
NOTIC: 建议使用I方法替代_get

[ 2015-06-06T01:10:10+08:00 ] 127.0.0.1 /
NOTIC: 建议使用I方法替代_post
NOTIC: 建议使用I方法替代_get

[ 2015-06-06T01:10:11+08:00 ] 127.0.0.1 /
NOTIC: 建议使用I方法替代_post
NOTIC: 建议使用I方法替代_get

[ 2015-06-06T01:10:11+08:00 ] 127.0.0.1 /
NOTIC: 建议使用I方法替代_post
NOTIC: 建议使用I方法替代_get

[ 2015-06-06T01:10:11+08:00 ] 127.0.0.1 /
NOTIC: 建议使用I方法替代_post
NOTIC: 建议使用I方法替代_get

[ 2015-06-06T01:10:11+08:00 ] 127.0.0.1 /
NOTIC: 建议使用I方法替代_post
NOTIC: 建议使用I方法替代_get

[ 2015-06-06T01:10:11+08:00 ] 127.0.0.1 /
NOTIC: 建议使用I方法替代_post
NOTIC: 建议使用I方法替代_get

[ 2015-06-06T01:10:12+08:00 ] 127.0.0.1 /
NOTIC: 建议使用I方法替代_post
NOTIC: 建议使用I方法替代_get

[ 2015-06-06T01:10:12+08:00 ] 127.0.0.1 /
NOTIC: 建议使用I方法替代_post
NOTIC: 建议使用I方法替代_get

[ 2015-06-06T01:10:12+08:00 ] 127.0.0.1 /
NOTIC: 建议使用I方法替代_post
NOTIC: 建议使用I方法替代_get

[ 2015-06-06T01:10:13+08:00 ] 127.0.0.1 /
NOTIC: 建议使用I方法替代_post
NOTIC: 建议使用I方法替代_get

[ 2015-06-06T01:11:33+08:00 ] 127.0.0.1 /
NOTIC: 建议使用I方法替代_post
NOTIC: 建议使用I方法替代_get

[ 2015-06-06T01:27:07+08:00 ] 127.0.0.1 /Index/index.html
NOTIC: 建议使用I方法替代_get

[ 2015-06-06T15:09:19+08:00 ] 127.0.0.1 /
NOTIC: 建议使用I方法替代_get

[ 2015-06-06T15:09:32+08:00 ] 127.0.0.1 /SortSearch/search.html?q=q
NOTIC: 建议使用I方法替代_get
NOTIC: 建议使用I方法替代_get

[ 2015-06-06T15:11:45+08:00 ] 127.0.0.1 /SortSearch/search.html?q=q
NOTIC: 建议使用I方法替代_get
NOTIC: 建议使用I方法替代_get

[ 2015-06-06T15:11:46+08:00 ] 127.0.0.1 /SortSearch/search.html?q=q&address=1
NOTIC: 建议使用I方法替代_get
NOTIC: 建议使用I方法替代_get
NOTIC: 建议使用I方法替代_get

[ 2015-06-06T15:11:49+08:00 ] 127.0.0.1 /SortSearch/search.html?q=q
NOTIC: 建议使用I方法替代_get
NOTIC: 建议使用I方法替代_get

[ 2015-06-06T15:12:06+08:00 ] 127.0.0.1 /SortSearch/search.html?q=q
NOTIC: 建议使用I方法替代_get
NOTIC: 建议使用I方法替代_get

[ 2015-06-06T15:13:00+08:00 ] 127.0.0.1 /SortSearch/search.html?q=q
NOTIC: 建议使用I方法替代_get
NOTIC: 建议使用I方法替代_get

[ 2015-06-06T15:13:05+08:00 ] 127.0.0.1 /SortSearch/search.html?q=q&address=1
NOTIC: 建议使用I方法替代_get
NOTIC: 建议使用I方法替代_get
NOTIC: 建议使用I方法替代_get

[ 2015-06-06T15:13:27+08:00 ] 127.0.0.1 /SortSearch/search.html?q=q
NOTIC: 建议使用I方法替代_get
NOTIC: 建议使用I方法替代_get

[ 2015-06-06T15:15:53+08:00 ] 127.0.0.1 /SortSearch/search.html?q=q
NOTIC: 建议使用I方法替代_get
NOTIC: 建议使用I方法替代_get

[ 2015-06-06T15:15:55+08:00 ] 127.0.0.1 /SortSearch/search.html?q=q&address=%E7%83%9F%E5%8F%B0%E5%B8%82
NOTIC: 建议使用I方法替代_get
NOTIC: 建议使用I方法替代_get
NOTIC: 建议使用I方法替代_get

[ 2015-06-06T15:16:24+08:00 ] 127.0.0.1 /SortSearch/search.html?q=q
NOTIC: 建议使用I方法替代_get
NOTIC: 建议使用I方法替代_get

[ 2015-06-06T15:16:29+08:00 ] 127.0.0.1 /JobsInfo/index/jid/60.html
NOTIC: 建议使用I方法替代_get
NOTIC: 建议使用I方法替代_get

[ 2015-06-06T15:16:32+08:00 ] 127.0.0.1 /OrgInfo/index.html?oid=1
NOTIC: 建议使用I方法替代_get

[ 2015-06-06T15:16:35+08:00 ] 127.0.0.1 /
NOTIC: 建议使用I方法替代_get

[ 2015-06-06T15:16:39+08:00 ] 127.0.0.1 /ChangeCity/ChangeCity.html?aid=1
NOTIC: [2] stripslashes() expects exactly 1 parameter, 2 given D:\wamp\www\ThinkPHP3.1\ThinkPHP\Lib\Core\App.class.php 第 57 行.
NOTIC: [2] stripslashes() expects exactly 1 parameter, 2 given D:\wamp\www\ThinkPHP3.1\ThinkPHP\Lib\Core\App.class.php 第 57 行.
NOTIC: [2] stripslashes() expects exactly 1 parameter, 2 given D:\wamp\www\ThinkPHP3.1\ThinkPHP\Lib\Core\App.class.php 第 57 行.
NOTIC: [2] stripslashes() expects exactly 1 parameter, 2 given D:\wamp\www\ThinkPHP3.1\ThinkPHP\Lib\Core\App.class.php 第 57 行.
INFO: [ app_begin ] --START--
INFO: ReadHtmlCache Behavior ::run [ RunTime:0.000000s ]
INFO: [ app_begin ] --END-- [ RunTime:0.000000s ]
NOTIC: 建议使用I方法替代_get
SQL: SHOW COLUMNS FROM `xm_address` [ RunTime:0.015600s ]
NOTIC: 建议使用I方法替代_get
SQL: SELECT `city` FROM `xm_address` WHERE ( aid=1 ) LIMIT 1   [ RunTime:0.000000s ]

[ 2015-06-06T15:16:41+08:00 ] 127.0.0.1 /
NOTIC: 建议使用I方法替代_get

[ 2015-06-06T15:16:45+08:00 ] 127.0.0.1 /
NOTIC: 建议使用I方法替代_get

[ 2015-06-06T15:37:56+08:00 ] 127.0.0.1 /
NOTIC: 建议使用I方法替代_get

[ 2015-06-06T15:38:03+08:00 ] 127.0.0.1 /SortSearch/search.html?q=q
NOTIC: 建议使用I方法替代_get
NOTIC: 建议使用I方法替代_get

[ 2015-06-06T15:38:08+08:00 ] 127.0.0.1 /Register/Tpl/bootstrap/css/validationEngine.jquery.css
ERR: 非法操作:Tpl

[ 2015-06-06T15:38:11+08:00 ] 127.0.0.1 /
NOTIC: 建议使用I方法替代_get

[ 2015-06-06T15:38:14+08:00 ] 127.0.0.1 /JobsInfo/index.html?jid=60
NOTIC: 建议使用I方法替代_get
NOTIC: 建议使用I方法替代_get

[ 2015-06-06T15:38:24+08:00 ] 127.0.0.1 /Search/s.html?sf=job&wd=
NOTIC: 建议使用I方法替代_get

[ 2015-06-06T16:12:01+08:00 ] 127.0.0.1 /
NOTIC: 建议使用I方法替代_get

[ 2015-06-06T16:15:38+08:00 ] 127.0.0.1 /Login/login.html
NOTIC: [2] stripslashes() expects exactly 1 parameter, 2 given D:\wamp\www\ThinkPHP3.1\ThinkPHP\Lib\Core\App.class.php 第 56 行.
NOTIC: [2] stripslashes() expects exactly 1 parameter, 2 given D:\wamp\www\ThinkPHP3.1\ThinkPHP\Lib\Core\App.class.php 第 56 行.
NOTIC: [2] stripslashes() expects exactly 1 parameter, 2 given D:\wamp\www\ThinkPHP3.1\ThinkPHP\Lib\Core\App.class.php 第 56 行.
NOTIC: [2] stripslashes() expects exactly 1 parameter, 2 given D:\wamp\www\ThinkPHP3.1\ThinkPHP\Lib\Core\App.class.php 第 56 行.
NOTIC: [2] stripslashes() expects exactly 1 parameter, 2 given D:\wamp\www\ThinkPHP3.1\ThinkPHP\Lib\Core\App.class.php 第 56 行.
NOTIC: [2] stripslashes() expects exactly 1 parameter, 2 given D:\wamp\www\ThinkPHP3.1\ThinkPHP\Lib\Core\App.class.php 第 57 行.
NOTIC: [2] stripslashes() expects exactly 1 parameter, 2 given D:\wamp\www\ThinkPHP3.1\ThinkPHP\Lib\Core\App.class.php 第 57 行.
NOTIC: [2] stripslashes() expects exactly 1 parameter, 2 given D:\wamp\www\ThinkPHP3.1\ThinkPHP\Lib\Core\App.class.php 第 57 行.
INFO: [ app_begin ] --START--
INFO: ReadHtmlCache Behavior ::run [ RunTime:0.000000s ]
INFO: [ app_begin ] --END-- [ RunTime:0.000000s ]
NOTIC: 建议使用I方法替代_post

[ 2015-06-06T16:15:44+08:00 ] 127.0.0.1 /Login/login.html
NOTIC: [2] stripslashes() expects exactly 1 parameter, 2 given D:\wamp\www\ThinkPHP3.1\ThinkPHP\Lib\Core\App.class.php 第 56 行.
NOTIC: [2] stripslashes() expects exactly 1 parameter, 2 given D:\wamp\www\ThinkPHP3.1\ThinkPHP\Lib\Core\App.class.php 第 56 行.
NOTIC: [2] stripslashes() expects exactly 1 parameter, 2 given D:\wamp\www\ThinkPHP3.1\ThinkPHP\Lib\Core\App.class.php 第 56 行.
NOTIC: [2] stripslashes() expects exactly 1 parameter, 2 given D:\wamp\www\ThinkPHP3.1\ThinkPHP\Lib\Core\App.class.php 第 56 行.
NOTIC: [2] stripslashes() expects exactly 1 parameter, 2 given D:\wamp\www\ThinkPHP3.1\ThinkPHP\Lib\Core\App.class.php 第 56 行.
NOTIC: [2] stripslashes() expects exactly 1 parameter, 2 given D:\wamp\www\ThinkPHP3.1\ThinkPHP\Lib\Core\App.class.php 第 57 行.
NOTIC: [2] stripslashes() expects exactly 1 parameter, 2 given D:\wamp\www\ThinkPHP3.1\ThinkPHP\Lib\Core\App.class.php 第 57 行.
NOTIC: [2] stripslashes() expects exactly 1 parameter, 2 given D:\wamp\www\ThinkPHP3.1\ThinkPHP\Lib\Core\App.class.php 第 57 行.
INFO: [ app_begin ] --START--
INFO: ReadHtmlCache Behavior ::run [ RunTime:0.000000s ]
INFO: [ app_begin ] --END-- [ RunTime:0.000000s ]
NOTIC: 建议使用I方法替代_post
NOTIC: 建议使用I方法替代_post
NOTIC: 建议使用I方法替代_post
NOTIC: 建议使用I方法替代_post
NOTIC: 建议使用I方法替代_post
SQL: SHOW COLUMNS FROM `xm_orgs` [ RunTime:0.008001s ]
SQL: SELECT `oid`,`orgname`,`phone` FROM `xm_orgs` WHERE ( phone='13256929238' AND passwd='21232f297a57a5a743894a0e4a801fc3' ) LIMIT 1   [ RunTime:0.001000s ]
NOTIC: [8] Undefined index: passwd D:\wamp\www\ThinkPHP3.1\Lib\Action\LoginAction.class.php 第 73 行.
NOTIC: 建议使用I方法替代_post

[ 2015-06-06T16:44:23+08:00 ] 127.0.0.1 /
NOTIC: 建议使用I方法替代_get

[ 2015-06-06T16:54:09+08:00 ] 127.0.0.1 /PublishJobs/publish.html
NOTIC: [2] stripslashes() expects exactly 1 parameter, 2 given D:\wamp\www\ThinkPHP3.1\ThinkPHP\Lib\Core\App.class.php 第 56 行.
NOTIC: [2] stripslashes() expects exactly 1 parameter, 2 given D:\wamp\www\ThinkPHP3.1\ThinkPHP\Lib\Core\App.class.php 第 56 行.
NOTIC: [2] stripslashes() expects exactly 1 parameter, 2 given D:\wamp\www\ThinkPHP3.1\ThinkPHP\Lib\Core\App.class.php 第 56 行.
NOTIC: [2] stripslashes() expects exactly 1 parameter, 2 given D:\wamp\www\ThinkPHP3.1\ThinkPHP\Lib\Core\App.class.php 第 56 行.
NOTIC: [2] stripslashes() expects exactly 1 parameter, 2 given D:\wamp\www\ThinkPHP3.1\ThinkPHP\Lib\Core\App.class.php 第 56 行.
NOTIC: [2] stripslashes() expects exactly 1 parameter, 2 given D:\wamp\www\ThinkPHP3.1\ThinkPHP\Lib\Core\App.class.php 第 57 行.
NOTIC: [2] stripslashes() expects exactly 1 parameter, 2 given D:\wamp\www\ThinkPHP3.1\ThinkPHP\Lib\Core\App.class.php 第 57 行.
NOTIC: [2] stripslashes() expects exactly 1 parameter, 2 given D:\wamp\www\ThinkPHP3.1\ThinkPHP\Lib\Core\App.class.php 第 57 行.
INFO: [ app_begin ] --START--
INFO: ReadHtmlCache Behavior ::run [ RunTime:0.000000s ]
INFO: [ app_begin ] --END-- [ RunTime:0.000000s ]
SQL: SHOW COLUMNS FROM `xm_jobs` [ RunTime:0.009000s ]
NOTIC: 建议使用I方法替代_post
NOTIC: [8] Undefined index: title D:\wamp\www\ThinkPHP3.1\ThinkPHP\Lib\Core\Model.class.php 第 1057 行.

[ 2015-06-06T16:54:20+08:00 ] 127.0.0.1 /PublishJobs/publish.html
NOTIC: [2] stripslashes() expects exactly 1 parameter, 2 given D:\wamp\www\ThinkPHP3.1\ThinkPHP\Lib\Core\App.class.php 第 56 行.
NOTIC: [2] stripslashes() expects exactly 1 parameter, 2 given D:\wamp\www\ThinkPHP3.1\ThinkPHP\Lib\Core\App.class.php 第 56 行.
NOTIC: [2] stripslashes() expects exactly 1 parameter, 2 given D:\wamp\www\ThinkPHP3.1\ThinkPHP\Lib\Core\App.class.php 第 56 行.
NOTIC: [2] stripslashes() expects exactly 1 parameter, 2 given D:\wamp\www\ThinkPHP3.1\ThinkPHP\Lib\Core\App.class.php 第 56 行.
NOTIC: [2] stripslashes() expects exactly 1 parameter, 2 given D:\wamp\www\ThinkPHP3.1\ThinkPHP\Lib\Core\App.class.php 第 56 行.
NOTIC: [2] stripslashes() expects exactly 1 parameter, 2 given D:\wamp\www\ThinkPHP3.1\ThinkPHP\Lib\Core\App.class.php 第 56 行.
NOTIC: [2] stripslashes() expects exactly 1 parameter, 2 given D:\wamp\www\ThinkPHP3.1\ThinkPHP\Lib\Core\App.class.php 第 56 行.
NOTIC: [2] stripslashes() expects exactly 1 parameter, 2 given D:\wamp\www\ThinkPHP3.1\ThinkPHP\Lib\Core\App.class.php 第 56 行.
NOTIC: [2] stripslashes() expects exactly 1 parameter, 2 given D:\wamp\www\ThinkPHP3.1\ThinkPHP\Lib\Core\App.class.php 第 57 行.
NOTIC: [2] stripslashes() expects exactly 1 parameter, 2 given D:\wamp\www\ThinkPHP3.1\ThinkPHP\Lib\Core\App.class.php 第 57 行.
NOTIC: [2] stripslashes() expects exactly 1 parameter, 2 given D:\wamp\www\ThinkPHP3.1\ThinkPHP\Lib\Core\App.class.php 第 57 行.
INFO: [ app_begin ] --START--
INFO: ReadHtmlCache Behavior ::run [ RunTime:0.000000s ]
INFO: [ app_begin ] --END-- [ RunTime:0.000000s ]
SQL: SHOW COLUMNS FROM `xm_jobs` [ RunTime:0.053003s ]
NOTIC: 建议使用I方法替代_post

[ 2015-06-06T16:58:30+08:00 ] 127.0.0.1 /
NOTIC: 建议使用I方法替代_get

[ 2015-06-06T16:58:35+08:00 ] 127.0.0.1 /Index/index.html
NOTIC: 建议使用I方法替代_get

[ 2015-06-06T16:58:44+08:00 ] 127.0.0.1 /Login/login.html
NOTIC: [2] stripslashes() expects exactly 1 parameter, 2 given D:\wamp\www\ThinkPHP3.1\ThinkPHP\Lib\Core\App.class.php 第 56 行.
NOTIC: [2] stripslashes() expects exactly 1 parameter, 2 given D:\wamp\www\ThinkPHP3.1\ThinkPHP\Lib\Core\App.class.php 第 56 行.
NOTIC: [2] stripslashes() expects exactly 1 parameter, 2 given D:\wamp\www\ThinkPHP3.1\ThinkPHP\Lib\Core\App.class.php 第 56 行.
NOTIC: [2] stripslashes() expects exactly 1 parameter, 2 given D:\wamp\www\ThinkPHP3.1\ThinkPHP\Lib\Core\App.class.php 第 56 行.
NOTIC: [2] stripslashes() expects exactly 1 parameter, 2 given D:\wamp\www\ThinkPHP3.1\ThinkPHP\Lib\Core\App.class.php 第 56 行.
NOTIC: [2] stripslashes() expects exactly 1 parameter, 2 given D:\wamp\www\ThinkPHP3.1\ThinkPHP\Lib\Core\App.class.php 第 57 行.
NOTIC: [2] stripslashes() expects exactly 1 parameter, 2 given D:\wamp\www\ThinkPHP3.1\ThinkPHP\Lib\Core\App.class.php 第 57 行.
NOTIC: [2] stripslashes() expects exactly 1 parameter, 2 given D:\wamp\www\ThinkPHP3.1\ThinkPHP\Lib\Core\App.class.php 第 57 行.
INFO: [ app_begin ] --START--
INFO: ReadHtmlCache Behavior ::run [ RunTime:0.000000s ]
INFO: [ app_begin ] --END-- [ RunTime:0.000000s ]
NOTIC: 建议使用I方法替代_post
NOTIC: 建议使用I方法替代_post
NOTIC: 建议使用I方法替代_post
NOTIC: 建议使用I方法替代_post
NOTIC: 建议使用I方法替代_post
SQL: SHOW COLUMNS FROM `xm_users` [ RunTime:0.223013s ]
SQL: SELECT `uid`,`username`,`phone` FROM `xm_users` WHERE ( phone='13256929238' AND passwd='21232f297a57a5a743894a0e4a801fc3' ) LIMIT 1   [ RunTime:0.249014s ]
NOTIC: [8] Undefined index: passwd D:\wamp\www\ThinkPHP3.1\Lib\Action\LoginAction.class.php 第 55 行.
NOTIC: 建议使用I方法替代_post

[ 2015-06-06T16:59:10+08:00 ] 127.0.0.1 /UserCenter/payInfoHandler.html
NOTIC: [2] stripslashes() expects exactly 1 parameter, 2 given D:\wamp\www\ThinkPHP3.1\ThinkPHP\Lib\Core\App.class.php 第 56 行.
NOTIC: [2] stripslashes() expects exactly 1 parameter, 2 given D:\wamp\www\ThinkPHP3.1\ThinkPHP\Lib\Core\App.class.php 第 56 行.
NOTIC: [2] stripslashes() expects exactly 1 parameter, 2 given D:\wamp\www\ThinkPHP3.1\ThinkPHP\Lib\Core\App.class.php 第 57 行.
NOTIC: [2] stripslashes() expects exactly 1 parameter, 2 given D:\wamp\www\ThinkPHP3.1\ThinkPHP\Lib\Core\App.class.php 第 57 行.
NOTIC: [2] stripslashes() expects exactly 1 parameter, 2 given D:\wamp\www\ThinkPHP3.1\ThinkPHP\Lib\Core\App.class.php 第 57 行.
INFO: [ app_begin ] --START--
INFO: ReadHtmlCache Behavior ::run [ RunTime:0.000000s ]
INFO: [ app_begin ] --END-- [ RunTime:0.000000s ]
SQL: SHOW COLUMNS FROM `xm_users` [ RunTime:0.071004s ]
NOTIC: 建议使用I方法替代_post
NOTIC: 建议使用I方法替代_post
SQL: UPDATE `xm_users` SET `default_payway`=2 WHERE ( uid=1 ) [ RunTime:0.911052s ]

[ 2015-06-06T16:59:14+08:00 ] 127.0.0.1 /
NOTIC: 建议使用I方法替代_post
NOTIC: 建议使用I方法替代_get

[ 2015-06-06T17:03:13+08:00 ] 127.0.0.1 /Index/index.html
NOTIC: 建议使用I方法替代_get

[ 2015-06-06T17:03:39+08:00 ] 127.0.0.1 /Login/login.html
NOTIC: [2] stripslashes() expects exactly 1 parameter, 2 given D:\wamp\www\ThinkPHP3.1\ThinkPHP\Lib\Core\App.class.php 第 56 行.
NOTIC: [2] stripslashes() expects exactly 1 parameter, 2 given D:\wamp\www\ThinkPHP3.1\ThinkPHP\Lib\Core\App.class.php 第 56 行.
NOTIC: [2] stripslashes() expects exactly 1 parameter, 2 given D:\wamp\www\ThinkPHP3.1\ThinkPHP\Lib\Core\App.class.php 第 56 行.
NOTIC: [2] stripslashes() expects exactly 1 parameter, 2 given D:\wamp\www\ThinkPHP3.1\ThinkPHP\Lib\Core\App.class.php 第 56 行.
NOTIC: [2] stripslashes() expects exactly 1 parameter, 2 given D:\wamp\www\ThinkPHP3.1\ThinkPHP\Lib\Core\App.class.php 第 56 行.
NOTIC: [2] stripslashes() expects exactly 1 parameter, 2 given D:\wamp\www\ThinkPHP3.1\ThinkPHP\Lib\Core\App.class.php 第 57 行.
NOTIC: [2] stripslashes() expects exactly 1 parameter, 2 given D:\wamp\www\ThinkPHP3.1\ThinkPHP\Lib\Core\App.class.php 第 57 行.
NOTIC: [2] stripslashes() expects exactly 1 parameter, 2 given D:\wamp\www\ThinkPHP3.1\ThinkPHP\Lib\Core\App.class.php 第 57 行.
INFO: [ app_begin ] --START--
INFO: ReadHtmlCache Behavior ::run [ RunTime:0.001000s ]
INFO: [ app_begin ] --END-- [ RunTime:0.001000s ]
NOTIC: 建议使用I方法替代_post
NOTIC: 建议使用I方法替代_post
NOTIC: 建议使用I方法替代_post
NOTIC: 建议使用I方法替代_post
NOTIC: 建议使用I方法替代_post
SQL: SHOW COLUMNS FROM `xm_orgs` [ RunTime:0.007001s ]
SQL: SELECT `oid`,`orgname`,`phone` FROM `xm_orgs` WHERE ( phone='13256929238' AND passwd='21232f297a57a5a743894a0e4a801fc3' ) LIMIT 1   [ RunTime:0.017000s ]
NOTIC: [8] Undefined index: passwd D:\wamp\www\ThinkPHP3.1\Lib\Action\LoginAction.class.php 第 73 行.
NOTIC: 建议使用I方法替代_post

