[ 2015-03-28T15:33:16+08:00 ] 0.0.0.0 /thinkphp3.1/index.php?m=Login&a=login
INFO: [ app_begin ] --START--
INFO: ReadHtmlCache Behavior ::run [ RunTime:0.000491s ]
INFO: [ app_begin ] --END-- [ RunTime:0.000598s ]
NOTIC: 建议使用I方法替代_post
NOTIC: 建议使用I方法替代_post
NOTIC: 建议使用I方法替代_post
NOTIC: [8] Undefined variable: passwd D:\wamp\www\ThinkPHP3.1\Lib\Action\LoginAction.class.php 第 35 行.
SQL: SHOW COLUMNS FROM `xm_users` [ RunTime:0.072230s ]
SQL: SHOW COLUMNS FROM `xm_orgs` [ RunTime:0.028904s ]
SQL: SELECT `uid` FROM `xm_users` WHERE ( email='1451583383@qq.com' ) LIMIT 1   [ RunTime:0.000338s ]
SQL: SELECT `uid`,`username` FROM `xm_users` WHERE ( email='1451583383@qq.com' AND passwd='21232f297a57a5a743894a0e4a801fc3' ) LIMIT 1   [ RunTime:0.000318s ]

[ 2015-03-28T15:33:34+08:00 ] 0.0.0.0 /thinkphp3.1/index.php?m=JobsInfo&a=index&jid=1
NOTIC: 建议使用I方法替代_get

[ 2015-03-28T15:41:07+08:00 ] 0.0.0.0 /thinkphp3.1/index.php?m=Register&a=sendEmail
INFO: [ app_begin ] --START--
INFO: ReadHtmlCache Behavior ::run [ RunTime:0.000481s ]
INFO: [ app_begin ] --END-- [ RunTime:0.000571s ]
NOTIC: 建议使用I方法替代_post

[ 2015-03-28T15:41:09+08:00 ] 0.0.0.0 /thinkphp3.1/index.php?m=Register&a=confirm
INFO: [ app_begin ] --START--
INFO: ReadHtmlCache Behavior ::run [ RunTime:0.000780s ]
INFO: [ app_begin ] --END-- [ RunTime:0.000936s ]
NOTIC: 建议使用I方法替代_post

[ 2015-03-28T15:41:58+08:00 ] 0.0.0.0 /thinkphp3.1/index.php?m=Register&a=confirm
INFO: [ app_begin ] --START--
INFO: ReadHtmlCache Behavior ::run [ RunTime:0.000435s ]
INFO: [ app_begin ] --END-- [ RunTime:0.000526s ]
NOTIC: 建议使用I方法替代_post

[ 2015-03-28T15:42:15+08:00 ] 0.0.0.0 /thinkphp3.1/index.php?m=Register&a=reg
INFO: [ app_begin ] --START--
INFO: ReadHtmlCache Behavior ::run [ RunTime:0.001483s ]
INFO: [ app_begin ] --END-- [ RunTime:0.001760s ]
NOTIC: 建议使用I方法替代_post
SQL: SHOW COLUMNS FROM `xm_orgs` [ RunTime:0.006687s ]
NOTIC: 建议使用I方法替代_post
NOTIC: 建议使用I方法替代_post
NOTIC: 建议使用I方法替代_post
SQL: INSERT INTO `xm_orgs` (`email`,`passwd`,`orgname`,`org_address`) VALUES ('sunxiaojiao001@sina.com','c5df4f4eabf1cbcfeb50fbbf97c5289f','鲁东','鲁东大学') [ RunTime:0.091943s ]

[ 2015-03-28T15:42:35+08:00 ] 0.0.0.0 /thinkphp3.1/index.php?m=Login&a=login
INFO: [ app_begin ] --START--
INFO: ReadHtmlCache Behavior ::run [ RunTime:0.001082s ]
INFO: [ app_begin ] --END-- [ RunTime:0.001284s ]
NOTIC: 建议使用I方法替代_post

[ 2015-03-28T15:42:40+08:00 ] 0.0.0.0 /thinkphp3.1/index.php?m=Login&a=login
INFO: [ app_begin ] --START--
INFO: ReadHtmlCache Behavior ::run [ RunTime:0.000434s ]
INFO: [ app_begin ] --END-- [ RunTime:0.000526s ]
NOTIC: 建议使用I方法替代_post
NOTIC: 建议使用I方法替代_post
NOTIC: 建议使用I方法替代_post
NOTIC: [8] Undefined variable: passwd D:\wamp\www\ThinkPHP3.1\Lib\Action\LoginAction.class.php 第 35 行.
SQL: SHOW COLUMNS FROM `xm_users` [ RunTime:0.005259s ]
SQL: SHOW COLUMNS FROM `xm_orgs` [ RunTime:0.004580s ]
SQL: SELECT `uid` FROM `xm_users` WHERE ( email='sunxiaojiao001@sina.com' ) LIMIT 1   [ RunTime:0.000867s ]
SQL: SELECT `oid` FROM `xm_orgs` WHERE ( email='sunxiaojiao001@sina.com' ) LIMIT 1   [ RunTime:0.000295s ]
SQL: SELECT `orgname` FROM `xm_orgs` WHERE ( email='sunxiaojiao001@sina.com'AND passwd='c5df4f4eabf1cbcfeb50fbbf97c5289f' ) LIMIT 1   [ RunTime:0.000200s ]

[ 2015-03-28T15:59:34+08:00 ] 0.0.0.0 /thinkphp3.1/index.php?m=Register&a=reg
INFO: [ app_begin ] --START--
INFO: ReadHtmlCache Behavior ::run [ RunTime:0.000459s ]
INFO: [ app_begin ] --END-- [ RunTime:0.000574s ]
NOTIC: 建议使用I方法替代_post

[ 2015-03-28T15:59:42+08:00 ] 0.0.0.0 /thinkphp3.1/index.php?m=Register&a=reg
INFO: [ app_begin ] --START--
INFO: ReadHtmlCache Behavior ::run [ RunTime:0.000434s ]
INFO: [ app_begin ] --END-- [ RunTime:0.000527s ]
NOTIC: 建议使用I方法替代_post

[ 2015-03-28T16:00:25+08:00 ] 0.0.0.0 /thinkphp3.1/index.php?m=Register&a=reg
INFO: [ app_begin ] --START--
INFO: ReadHtmlCache Behavior ::run [ RunTime:0.000432s ]
INFO: [ app_begin ] --END-- [ RunTime:0.000526s ]
NOTIC: 建议使用I方法替代_post

[ 2015-03-28T16:06:07+08:00 ] 0.0.0.0 /thinkphp3.1/index.php?m=Register&a=confirm
INFO: [ app_begin ] --START--
INFO: ReadHtmlCache Behavior ::run [ RunTime:0.000704s ]
INFO: [ app_begin ] --END-- [ RunTime:0.000830s ]
NOTIC: 建议使用I方法替代_post

[ 2015-03-28T16:06:14+08:00 ] 0.0.0.0 /thinkphp3.1/index.php?m=Register&a=confirm
INFO: [ app_begin ] --START--
INFO: ReadHtmlCache Behavior ::run [ RunTime:0.000724s ]
INFO: [ app_begin ] --END-- [ RunTime:0.000866s ]
NOTIC: 建议使用I方法替代_post

[ 2015-03-28T16:07:27+08:00 ] 0.0.0.0 /thinkphp3.1/index.php?m=Register&a=confirm
INFO: [ app_begin ] --START--
INFO: ReadHtmlCache Behavior ::run [ RunTime:0.000534s ]
INFO: [ app_begin ] --END-- [ RunTime:0.000670s ]
NOTIC: 建议使用I方法替代_post

[ 2015-03-28T16:07:28+08:00 ] 0.0.0.0 /thinkphp3.1/index.php?m=Register&a=confirm
INFO: [ app_begin ] --START--
INFO: ReadHtmlCache Behavior ::run [ RunTime:0.000512s ]
INFO: [ app_begin ] --END-- [ RunTime:0.000625s ]
NOTIC: 建议使用I方法替代_post

[ 2015-03-28T16:08:13+08:00 ] 0.0.0.0 /thinkphp3.1/index.php?m=Register&a=reg
INFO: [ app_begin ] --START--
INFO: ReadHtmlCache Behavior ::run [ RunTime:0.000660s ]
INFO: [ app_begin ] --END-- [ RunTime:0.000754s ]
NOTIC: 建议使用I方法替代_post

[ 2015-03-28T16:08:18+08:00 ] 0.0.0.0 /thinkphp3.1/index.php?m=Register&a=reg
INFO: [ app_begin ] --START--
INFO: ReadHtmlCache Behavior ::run [ RunTime:0.000453s ]
INFO: [ app_begin ] --END-- [ RunTime:0.000543s ]
NOTIC: 建议使用I方法替代_post

[ 2015-03-28T16:36:19+08:00 ] 0.0.0.0 /thinkphp3.1/index.php?m=Register&a=reg
INFO: [ app_begin ] --START--
INFO: ReadHtmlCache Behavior ::run [ RunTime:0.000462s ]
INFO: [ app_begin ] --END-- [ RunTime:0.000555s ]
NOTIC: 建议使用I方法替代_post

[ 2015-03-28T16:37:29+08:00 ] 0.0.0.0 /thinkphp3.1/index.php?m=Register&a=reg
INFO: [ app_begin ] --START--
INFO: ReadHtmlCache Behavior ::run [ RunTime:0.001711s ]
INFO: [ app_begin ] --END-- [ RunTime:0.002112s ]
NOTIC: 建议使用I方法替代_post

[ 2015-03-28T16:38:16+08:00 ] 0.0.0.0 /thinkphp3.1/index.php?m=Register&a=reg
INFO: [ app_begin ] --START--
INFO: ReadHtmlCache Behavior ::run [ RunTime:0.000660s ]
INFO: [ app_begin ] --END-- [ RunTime:0.000797s ]
NOTIC: 建议使用I方法替代_post

[ 2015-03-28T16:41:01+08:00 ] 0.0.0.0 /thinkphp3.1/index.php?m=Register&a=confirm
INFO: [ app_begin ] --START--
INFO: ReadHtmlCache Behavior ::run [ RunTime:0.000997s ]
INFO: [ app_begin ] --END-- [ RunTime:0.001169s ]
NOTIC: 建议使用I方法替代_post

[ 2015-03-28T16:41:12+08:00 ] 0.0.0.0 /thinkphp3.1/index.php?m=Register&a=reg
INFO: [ app_begin ] --START--
INFO: ReadHtmlCache Behavior ::run [ RunTime:0.000493s ]
INFO: [ app_begin ] --END-- [ RunTime:0.000596s ]
NOTIC: 建议使用I方法替代_post

[ 2015-03-28T16:41:16+08:00 ] 0.0.0.0 /thinkphp3.1/index.php?m=Register&a=reg
INFO: [ app_begin ] --START--
INFO: ReadHtmlCache Behavior ::run [ RunTime:0.000453s ]
INFO: [ app_begin ] --END-- [ RunTime:0.000574s ]
NOTIC: 建议使用I方法替代_post

[ 2015-03-28T16:42:05+08:00 ] 0.0.0.0 /thinkphp3.1/index.php?m=Register&a=reg
INFO: [ app_begin ] --START--
INFO: ReadHtmlCache Behavior ::run [ RunTime:0.000456s ]
INFO: [ app_begin ] --END-- [ RunTime:0.000547s ]
NOTIC: 建议使用I方法替代_post

[ 2015-03-28T16:42:42+08:00 ] 0.0.0.0 /thinkphp3.1/index.php?m=Register&a=reg
INFO: [ app_begin ] --START--
INFO: ReadHtmlCache Behavior ::run [ RunTime:0.000712s ]
INFO: [ app_begin ] --END-- [ RunTime:0.000827s ]
NOTIC: 建议使用I方法替代_post

[ 2015-03-28T16:43:04+08:00 ] 0.0.0.0 /thinkphp3.1/index.php?m=Register&a=reg
INFO: [ app_begin ] --START--
INFO: ReadHtmlCache Behavior ::run [ RunTime:0.000598s ]
INFO: [ app_begin ] --END-- [ RunTime:0.000692s ]
NOTIC: 建议使用I方法替代_post

[ 2015-03-28T16:43:06+08:00 ] 0.0.0.0 /thinkphp3.1/index.php?m=Register&a=reg
INFO: [ app_begin ] --START--
INFO: ReadHtmlCache Behavior ::run [ RunTime:0.000454s ]
INFO: [ app_begin ] --END-- [ RunTime:0.000544s ]
NOTIC: 建议使用I方法替代_post

[ 2015-03-28T16:43:09+08:00 ] 0.0.0.0 /thinkphp3.1/index.php?m=Register&a=reg
INFO: [ app_begin ] --START--
INFO: ReadHtmlCache Behavior ::run [ RunTime:0.000457s ]
INFO: [ app_begin ] --END-- [ RunTime:0.000545s ]
NOTIC: 建议使用I方法替代_post

[ 2015-03-28T17:05:49+08:00 ] 0.0.0.0 /thinkphp3.1/index.php?m=Register&a=confirm
INFO: [ app_begin ] --START--
INFO: ReadHtmlCache Behavior ::run [ RunTime:0.000425s ]
INFO: [ app_begin ] --END-- [ RunTime:0.000512s ]
NOTIC: 建议使用I方法替代_post

[ 2015-03-28T17:05:51+08:00 ] 0.0.0.0 /thinkphp3.1/index.php?m=Register&a=confirm
INFO: [ app_begin ] --START--
INFO: ReadHtmlCache Behavior ::run [ RunTime:0.000629s ]
INFO: [ app_begin ] --END-- [ RunTime:0.000740s ]
NOTIC: 建议使用I方法替代_post

[ 2015-03-28T17:05:52+08:00 ] 0.0.0.0 /thinkphp3.1/index.php?m=Register&a=confirm
INFO: [ app_begin ] --START--
INFO: ReadHtmlCache Behavior ::run [ RunTime:0.000726s ]
INFO: [ app_begin ] --END-- [ RunTime:0.000845s ]
NOTIC: 建议使用I方法替代_post

[ 2015-03-28T17:06:00+08:00 ] 0.0.0.0 /thinkphp3.1/index.php?m=Register&a=confirm
INFO: [ app_begin ] --START--
INFO: ReadHtmlCache Behavior ::run [ RunTime:0.000571s ]
INFO: [ app_begin ] --END-- [ RunTime:0.000674s ]
NOTIC: 建议使用I方法替代_post

[ 2015-03-28T17:06:11+08:00 ] 0.0.0.0 /thinkphp3.1/index.php?m=Register&a=confirm
INFO: [ app_begin ] --START--
INFO: ReadHtmlCache Behavior ::run [ RunTime:0.000460s ]
INFO: [ app_begin ] --END-- [ RunTime:0.000549s ]
NOTIC: 建议使用I方法替代_post

[ 2015-03-28T17:06:20+08:00 ] 0.0.0.0 /thinkphp3.1/index.php?m=Register&a=confirm
INFO: [ app_begin ] --START--
INFO: ReadHtmlCache Behavior ::run [ RunTime:0.000431s ]
INFO: [ app_begin ] --END-- [ RunTime:0.000522s ]
NOTIC: 建议使用I方法替代_post

[ 2015-03-28T17:06:45+08:00 ] 0.0.0.0 /thinkphp3.1/index.php?m=Register&a=confirm
INFO: [ app_begin ] --START--
INFO: ReadHtmlCache Behavior ::run [ RunTime:0.000863s ]
INFO: [ app_begin ] --END-- [ RunTime:0.001010s ]
NOTIC: 建议使用I方法替代_post

[ 2015-03-28T17:07:05+08:00 ] 0.0.0.0 /thinkphp3.1/index.php?m=Register&a=confirm
INFO: [ app_begin ] --START--
INFO: ReadHtmlCache Behavior ::run [ RunTime:0.000574s ]
INFO: [ app_begin ] --END-- [ RunTime:0.000665s ]
NOTIC: 建议使用I方法替代_post

[ 2015-03-28T17:10:31+08:00 ] 0.0.0.0 /thinkphp3.1/index.php?m=Register&a=confirm
INFO: [ app_begin ] --START--
INFO: ReadHtmlCache Behavior ::run [ RunTime:0.001279s ]
INFO: [ app_begin ] --END-- [ RunTime:0.001492s ]
NOTIC: 建议使用I方法替代_post

[ 2015-03-28T17:19:51+08:00 ] 0.0.0.0 /thinkphp3.1/index.php?m=Register&a=confirm
INFO: [ app_begin ] --START--
INFO: ReadHtmlCache Behavior ::run [ RunTime:0.000668s ]
INFO: [ app_begin ] --END-- [ RunTime:0.000797s ]
NOTIC: 建议使用I方法替代_post

[ 2015-03-28T17:48:38+08:00 ] 0.0.0.0 /thinkphp3.1/index.php?m=Register&a=confirm
INFO: [ app_begin ] --START--
INFO: ReadHtmlCache Behavior ::run [ RunTime:0.002646s ]
INFO: [ app_begin ] --END-- [ RunTime:0.003127s ]
NOTIC: 建议使用I方法替代_post

[ 2015-03-28T17:48:47+08:00 ] 0.0.0.0 /thinkphp3.1/index.php?m=Register&a=confirm
INFO: [ app_begin ] --START--
INFO: ReadHtmlCache Behavior ::run [ RunTime:0.000486s ]
INFO: [ app_begin ] --END-- [ RunTime:0.000589s ]
NOTIC: 建议使用I方法替代_post

[ 2015-03-28T23:06:55+08:00 ] 0.0.0.0 /thinkphp3.1/index.php?m=Register&a=confirm
INFO: [ app_begin ] --START--
INFO: ReadHtmlCache Behavior ::run [ RunTime:0.000875s ]
INFO: [ app_begin ] --END-- [ RunTime:0.001076s ]
NOTIC: 建议使用I方法替代_post

[ 2015-03-28T23:32:27+08:00 ] 0.0.0.0 /thinkphp3.1/index.php?m=Register&a=confirm
INFO: [ app_begin ] --START--
INFO: ReadHtmlCache Behavior ::run [ RunTime:0.000809s ]
INFO: [ app_begin ] --END-- [ RunTime:0.000937s ]
NOTIC: 建议使用I方法替代_post

[ 2015-03-28T23:32:38+08:00 ] 0.0.0.0 /thinkphp3.1/index.php?m=Register&a=reg
INFO: [ app_begin ] --START--
INFO: ReadHtmlCache Behavior ::run [ RunTime:0.000460s ]
INFO: [ app_begin ] --END-- [ RunTime:0.000552s ]
NOTIC: 建议使用I方法替代_post

[ 2015-03-28T23:32:54+08:00 ] 0.0.0.0 /thinkphp3.1/index.php?m=Register&a=reg
INFO: [ app_begin ] --START--
INFO: ReadHtmlCache Behavior ::run [ RunTime:0.000571s ]
INFO: [ app_begin ] --END-- [ RunTime:0.000691s ]
NOTIC: 建议使用I方法替代_post

