[ 2015-04-01T08:03:35+08:00 ] 0.0.0.0 /thinkphp3.1/index.php?m=Login&a=login
INFO: [ app_begin ] --START--
INFO: ReadHtmlCache Behavior ::run [ RunTime:0.000718s ]
INFO: [ app_begin ] --END-- [ RunTime:0.000824s ]
NOTIC: 建议使用I方法替代_post
NOTIC: 建议使用I方法替代_post
NOTIC: 建议使用I方法替代_post
NOTIC: [8] Undefined variable: passwd D:\wamp\www\ThinkPHP3.1\Lib\Action\LoginAction.class.php 第 35 行.
SQL: SHOW COLUMNS FROM `xm_users` [ RunTime:0.005164s ]
SQL: SHOW COLUMNS FROM `xm_orgs` [ RunTime:0.004421s ]
SQL: SELECT `uid` FROM `xm_users` WHERE ( email='123@qq.com' ) LIMIT 1   [ RunTime:0.000371s ]
SQL: SELECT `oid` FROM `xm_orgs` WHERE ( email='123@qq.com' ) LIMIT 1   [ RunTime:0.000179s ]
SQL: SELECT `orgname` FROM `xm_orgs` WHERE ( email='123@qq.com'AND passwd='21232f297a57a5a743894a0e4a801fc3' ) LIMIT 1   [ RunTime:0.000198s ]

[ 2015-04-01T08:04:18+08:00 ] 0.0.0.0 /thinkphp3.1/index.php?m=Login&a=login
INFO: [ app_begin ] --START--
INFO: ReadHtmlCache Behavior ::run [ RunTime:0.000618s ]
INFO: [ app_begin ] --END-- [ RunTime:0.000733s ]
NOTIC: 建议使用I方法替代_post
NOTIC: 建议使用I方法替代_post
NOTIC: 建议使用I方法替代_post
NOTIC: [8] Undefined variable: passwd D:\wamp\www\ThinkPHP3.1\Lib\Action\LoginAction.class.php 第 35 行.
SQL: SHOW COLUMNS FROM `xm_users` [ RunTime:0.005039s ]
SQL: SHOW COLUMNS FROM `xm_orgs` [ RunTime:0.004716s ]
SQL: SELECT `uid` FROM `xm_users` WHERE ( email='1451583383@qq.com' ) LIMIT 1   [ RunTime:0.000294s ]
SQL: SELECT `uid`,`username` FROM `xm_users` WHERE ( email='1451583383@qq.com' AND passwd='21232f297a57a5a743894a0e4a801fc3' ) LIMIT 1   [ RunTime:0.000198s ]

[ 2015-04-01T08:05:07+08:00 ] 0.0.0.0 /thinkphp3.1/index.php?m=UserCenter
NOTIC: 建议使用I方法替代_get

[ 2015-04-01T08:05:48+08:00 ] 0.0.0.0 /thinkphp3.1/index.php?m=UserCenter
NOTIC: 建议使用I方法替代_get

[ 2015-04-01T08:08:35+08:00 ] 0.0.0.0 /thinkphp3.1/index.php?m=UserCenter
NOTIC: 建议使用I方法替代_get

[ 2015-04-01T08:09:30+08:00 ] 0.0.0.0 /thinkphp3.1/index.php?m=UserCenter
NOTIC: 建议使用I方法替代_get

[ 2015-04-01T08:10:03+08:00 ] 0.0.0.0 /thinkphp3.1/index.php?m=UserCenter
NOTIC: 建议使用I方法替代_get

[ 2015-04-01T08:13:55+08:00 ] 0.0.0.0 /thinkphp3.1/index.php?m=UserCenter
NOTIC: 建议使用I方法替代_get

[ 2015-04-01T08:14:10+08:00 ] 0.0.0.0 /thinkphp3.1/index.php?m=UserCenter
NOTIC: 建议使用I方法替代_get

[ 2015-04-01T08:14:25+08:00 ] 0.0.0.0 /thinkphp3.1/index.php?m=UserCenter
NOTIC: 建议使用I方法替代_get

[ 2015-04-01T08:20:45+08:00 ] 0.0.0.0 /thinkphp3.1/index.php?m=UserCenter
NOTIC: 建议使用I方法替代_get

[ 2015-04-01T08:24:28+08:00 ] 0.0.0.0 /thinkphp3.1/index.php?m=UserCenter
NOTIC: 建议使用I方法替代_get

[ 2015-04-01T08:26:26+08:00 ] 0.0.0.0 /thinkphp3.1/index.php?m=UserCenter
NOTIC: 建议使用I方法替代_get

[ 2015-04-01T08:29:31+08:00 ] 0.0.0.0 /thinkphp3.1/index.php?m=UserCenter
NOTIC: 建议使用I方法替代_get

[ 2015-04-01T08:34:50+08:00 ] 0.0.0.0 /thinkphp3.1/index.php?m=UserCenter
NOTIC: 建议使用I方法替代_get

[ 2015-04-01T08:35:57+08:00 ] 0.0.0.0 /thinkphp3.1/index.php?m=UserCenter
NOTIC: 建议使用I方法替代_get

[ 2015-04-01T08:37:42+08:00 ] 0.0.0.0 /thinkphp3.1/index.php?m=UserCenter
NOTIC: 建议使用I方法替代_get

[ 2015-04-01T12:51:32+08:00 ] 0.0.0.0 /thinkphp3.1/index.php?m=UserCenter
NOTIC: 建议使用I方法替代_get

[ 2015-04-01T12:51:45+08:00 ] 0.0.0.0 /thinkphp3.1/index.php?m=UserCenter
NOTIC: 建议使用I方法替代_get

[ 2015-04-01T12:51:58+08:00 ] 0.0.0.0 /thinkphp3.1/index.php?m=UserCenter
NOTIC: 建议使用I方法替代_get

[ 2015-04-01T12:55:43+08:00 ] 0.0.0.0 /thinkphp3.1/index.php?m=UserCenter
NOTIC: 建议使用I方法替代_get

[ 2015-04-01T12:56:05+08:00 ] 0.0.0.0 /thinkphp3.1/index.php?m=UserCenter
NOTIC: 建议使用I方法替代_get

[ 2015-04-01T12:56:19+08:00 ] 0.0.0.0 /thinkphp3.1/index.php?m=UserCenter
NOTIC: 建议使用I方法替代_get

[ 2015-04-01T12:56:25+08:00 ] 0.0.0.0 /thinkphp3.1/index.php?m=UserCenter
NOTIC: 建议使用I方法替代_get

[ 2015-04-01T12:57:10+08:00 ] 0.0.0.0 /thinkphp3.1/index.php?m=UserCenter
NOTIC: 建议使用I方法替代_get

[ 2015-04-01T12:58:10+08:00 ] 0.0.0.0 /thinkphp3.1/index.php?m=UserCenter
NOTIC: 建议使用I方法替代_get

[ 2015-04-01T16:22:53+08:00 ] 0.0.0.0 /thinkphp3.1/index.php?m=UserCenter
NOTIC: 建议使用I方法替代_get

[ 2015-04-01T16:25:53+08:00 ] 0.0.0.0 /thinkphp3.1/index.php?m=UserCenter
NOTIC: 建议使用I方法替代_get

[ 2015-04-01T16:27:26+08:00 ] 0.0.0.0 /thinkphp3.1/index.php?m=UserCenter
NOTIC: 建议使用I方法替代_get

[ 2015-04-01T16:28:12+08:00 ] 0.0.0.0 /thinkphp3.1/index.php?m=UserCenter
NOTIC: 建议使用I方法替代_get

[ 2015-04-01T16:28:18+08:00 ] 0.0.0.0 /thinkphp3.1/index.php?m=UserCenter&a=updateInfo&undefined=&username=1451583383&sex=1&age=21&province=&city=&area=&school=%E9%B2%81%E4%B8%9C%E5%A4%A7%E5%AD%A6&phone=13256929238&email=1451583383%40qq.com&qq=1451583383&exp=%E5%B9%B2%E8%BF%87%E5%85%BC%E8%81%8C&intent%5B0%5D=1
INFO: [ app_begin ] --START--
INFO: ReadHtmlCache Behavior ::run [ RunTime:0.000657s ]
INFO: [ app_begin ] --END-- [ RunTime:0.000755s ]
SQL: SHOW COLUMNS FROM `xm_users` [ RunTime:0.004683s ]
NOTIC: 建议使用I方法替代_get
NOTIC: 建议使用I方法替代_get
NOTIC: 建议使用I方法替代_get
SQL: SHOW COLUMNS FROM `xm_address` [ RunTime:0.026042s ]
SQL: SELECT * FROM `xm_address` WHERE ( province='' AND city='' AND area='' ) LIMIT 1   [ RunTime:0.000507s ]

[ 2015-04-01T16:29:11+08:00 ] 0.0.0.0 /thinkphp3.1/index.php?m=UserCenter
NOTIC: 建议使用I方法替代_get

[ 2015-04-01T16:29:14+08:00 ] 0.0.0.0 /thinkphp3.1/index.php?m=UserCenter&a=updateInfo&undefined=&username=1451583383&sex=1&age=21&province=%E5%B1%B1%E4%B8%9C&city=%E7%83%9F%E5%8F%B0&area=%E8%8A%9D%E7%BD%98%E5%8C%BA&school=%E9%B2%81%E4%B8%9C%E5%A4%A7%E5%AD%A6&phone=13256929238&email=1451583383%40qq.com&qq=1451583383&exp=%E5%B9%B2%E8%BF%87%E5%85%BC%E8%81%8C&intent%5B0%5D=1
INFO: [ app_begin ] --START--
INFO: ReadHtmlCache Behavior ::run [ RunTime:0.000456s ]
INFO: [ app_begin ] --END-- [ RunTime:0.000561s ]
SQL: SHOW COLUMNS FROM `xm_users` [ RunTime:0.005424s ]
NOTIC: 建议使用I方法替代_get
NOTIC: 建议使用I方法替代_get
NOTIC: 建议使用I方法替代_get
SQL: SHOW COLUMNS FROM `xm_address` [ RunTime:0.004561s ]
SQL: SELECT * FROM `xm_address` WHERE ( province='山东' AND city='烟台' AND area='芝罘区' ) LIMIT 1   [ RunTime:0.000295s ]

[ 2015-04-01T16:30:46+08:00 ] 0.0.0.0 /thinkphp3.1/index.php?m=UserCenter&a=updateInfo&undefined=&username=1451583383&sex=1&age=21&province=%E5%B1%B1%E4%B8%9C&city=%E7%83%9F%E5%8F%B0&area=%E8%8A%9D%E7%BD%98%E5%8C%BA&school=%E9%B2%81%E4%B8%9C%E5%A4%A7%E5%AD%A6&phone=13256929238&email=1451583383%40qq.com&qq=1451583383&exp=%E5%B9%B2%E8%BF%87%E5%85%BC%E8%81%8C&intent%5B0%5D=1
INFO: [ app_begin ] --START--
INFO: ReadHtmlCache Behavior ::run [ RunTime:0.000660s ]
INFO: [ app_begin ] --END-- [ RunTime:0.000771s ]
SQL: SHOW COLUMNS FROM `xm_users` [ RunTime:0.004895s ]
NOTIC: 建议使用I方法替代_get
NOTIC: 建议使用I方法替代_get
NOTIC: 建议使用I方法替代_get
SQL: SHOW COLUMNS FROM `xm_address` [ RunTime:0.004684s ]
SQL: SELECT * FROM `xm_address` WHERE ( province='山东' AND city='烟台' AND area='芝罘区' ) LIMIT 1   [ RunTime:0.000309s ]

[ 2015-04-01T16:34:12+08:00 ] 0.0.0.0 /thinkphp3.1/index.php?m=JobsInfo&a=index&jid=26
NOTIC: 建议使用I方法替代_get

[ 2015-04-01T16:34:34+08:00 ] 0.0.0.0 /thinkphp3.1/index.php?m=UserCenter&a=updateInfo&undefined=&username=1451583383&sex=1&age=21&province=%E5%B1%B1%E4%B8%9C&city=%E7%83%9F%E5%8F%B0&area=%E8%8A%9D%E7%BD%98%E5%8C%BA&school=%E9%B2%81%E4%B8%9C%E5%A4%A7%E5%AD%A6&phone=13256929238&email=1451583383%40qq.com&qq=1451583383&exp=%E5%B9%B2%E8%BF%87%E5%85%BC%E8%81%8C&intent%5B0%5D=1
INFO: [ app_begin ] --START--
INFO: ReadHtmlCache Behavior ::run [ RunTime:0.000476s ]
INFO: [ app_begin ] --END-- [ RunTime:0.000571s ]
SQL: SHOW COLUMNS FROM `xm_users` [ RunTime:0.004944s ]
NOTIC: 建议使用I方法替代_get
NOTIC: 建议使用I方法替代_get
NOTIC: 建议使用I方法替代_get
SQL: SHOW COLUMNS FROM `xm_address` [ RunTime:0.004594s ]
SQL: SELECT * FROM `xm_address` WHERE ( province='山东' AND city='烟台' AND area='芝罘区' ) LIMIT 1   [ RunTime:0.000328s ]

[ 2015-04-01T16:35:39+08:00 ] 0.0.0.0 /thinkphp3.1/index.php?m=UserCenter&a=updateInfo&undefined=&username=1451583383&sex=1&age=21&province=%E5%B1%B1%E4%B8%9C&city=%E7%83%9F%E5%8F%B0&area=%E8%8A%9D%E7%BD%98%E5%8C%BA&school=%E9%B2%81%E4%B8%9C%E5%A4%A7%E5%AD%A6&phone=13256929238&email=1451583383%40qq.com&qq=1451583383&exp=%E5%B9%B2%E8%BF%87%E5%85%BC%E8%81%8C&intent%5B0%5D=1
INFO: [ app_begin ] --START--
INFO: ReadHtmlCache Behavior ::run [ RunTime:0.000501s ]
INFO: [ app_begin ] --END-- [ RunTime:0.000595s ]
SQL: SHOW COLUMNS FROM `xm_users` [ RunTime:0.005311s ]
NOTIC: 建议使用I方法替代_get
NOTIC: 建议使用I方法替代_get
NOTIC: 建议使用I方法替代_get
SQL: SHOW COLUMNS FROM `xm_address` [ RunTime:0.004574s ]
SQL: SELECT * FROM `xm_address` WHERE ( province='山东' AND city='烟台' AND area='芝罘区' ) LIMIT 1   [ RunTime:0.000297s ]

[ 2015-04-01T16:38:34+08:00 ] 0.0.0.0 /thinkphp3.1/index.php?m=UserCenter&a=updateInfo&undefined=&username=1451583383&sex=1&age=21&province=%E5%B1%B1%E4%B8%9C&city=%E7%83%9F%E5%8F%B0&area=%E8%8A%9D%E7%BD%98%E5%8C%BA&school=%E9%B2%81%E4%B8%9C%E5%A4%A7%E5%AD%A6&phone=13256929238&email=1451583383%40qq.com&qq=1451583383&exp=%E5%B9%B2%E8%BF%87%E5%85%BC%E8%81%8C&intent%5B0%5D=1
INFO: [ app_begin ] --START--
INFO: ReadHtmlCache Behavior ::run [ RunTime:0.000575s ]
INFO: [ app_begin ] --END-- [ RunTime:0.000670s ]
SQL: SHOW COLUMNS FROM `xm_users` [ RunTime:0.005193s ]
NOTIC: 建议使用I方法替代_get
NOTIC: 建议使用I方法替代_get
NOTIC: 建议使用I方法替代_get
SQL: SHOW COLUMNS FROM `xm_address` [ RunTime:0.004445s ]
SQL: SELECT * FROM `xm_address` WHERE ( province='山东' AND city='烟台' AND area='芝罘区' ) LIMIT 1   [ RunTime:0.000346s ]

[ 2015-04-01T16:38:37+08:00 ] 0.0.0.0 /thinkphp3.1/index.php?m=UserCenter&a=updateInfo&undefined=&username=1451583383&sex=1&age=21&province=%E5%B1%B1%E4%B8%9C&city=%E7%83%9F%E5%8F%B0&area=%E8%8A%9D%E7%BD%98%E5%8C%BA&school=%E9%B2%81%E4%B8%9C%E5%A4%A7%E5%AD%A6&phone=13256929238&email=1451583383%40qq.com&qq=1451583383&exp=%E5%B9%B2%E8%BF%87%E5%85%BC%E8%81%8C&intent%5B0%5D=1
INFO: [ app_begin ] --START--
INFO: ReadHtmlCache Behavior ::run [ RunTime:0.000439s ]
INFO: [ app_begin ] --END-- [ RunTime:0.000529s ]
SQL: SHOW COLUMNS FROM `xm_users` [ RunTime:0.004758s ]
NOTIC: 建议使用I方法替代_get
NOTIC: 建议使用I方法替代_get
NOTIC: 建议使用I方法替代_get
SQL: SHOW COLUMNS FROM `xm_address` [ RunTime:0.004653s ]
SQL: SELECT * FROM `xm_address` WHERE ( province='山东' AND city='烟台' AND area='芝罘区' ) LIMIT 1   [ RunTime:0.000295s ]

[ 2015-04-01T16:47:12+08:00 ] 0.0.0.0 /thinkphp3.1/index.php?m=UserCenter
NOTIC: 建议使用I方法替代_get

[ 2015-04-01T16:47:14+08:00 ] 0.0.0.0 /thinkphp3.1/index.php?m=UserCenter&a=updateInfo&username=1451583383&sex=1&age=21&province=%E5%B1%B1%E4%B8%9C&city=%E7%83%9F%E5%8F%B0&area=%E8%8A%9D%E7%BD%98%E5%8C%BA&school=%E9%B2%81%E4%B8%9C%E5%A4%A7%E5%AD%A6&phone=13256929238&email=1451583383%40qq.com&qq=1451583383&exp=%E5%B9%B2%E8%BF%87%E5%85%BC%E8%81%8C&intent%5B0%5D=1
INFO: [ app_begin ] --START--
INFO: ReadHtmlCache Behavior ::run [ RunTime:0.000658s ]
INFO: [ app_begin ] --END-- [ RunTime:0.000752s ]
SQL: SHOW COLUMNS FROM `xm_users` [ RunTime:0.004706s ]
NOTIC: 建议使用I方法替代_get
NOTIC: 建议使用I方法替代_get
NOTIC: 建议使用I方法替代_get
SQL: SHOW COLUMNS FROM `xm_address` [ RunTime:0.004197s ]
SQL: SELECT * FROM `xm_address` WHERE ( province='山东' AND city='烟台' AND area='芝罘区' ) LIMIT 1   [ RunTime:0.000327s ]

[ 2015-04-01T16:48:28+08:00 ] 0.0.0.0 /thinkphp3.1/index.php?m=UserCenter
NOTIC: 建议使用I方法替代_get

[ 2015-04-01T16:48:29+08:00 ] 0.0.0.0 /thinkphp3.1/index.php?m=UserCenter&a=updateInfo&username=1451583383&sex=1&age=21&province=%E5%B1%B1%E4%B8%9C&city=%E7%83%9F%E5%8F%B0&area=%E8%8A%9D%E7%BD%98%E5%8C%BA&school=%E9%B2%81%E4%B8%9C%E5%A4%A7%E5%AD%A6&phone=13256929238&email=1451583383%40qq.com&qq=1451583383&exp=%E5%B9%B2%E8%BF%87%E5%85%BC%E8%81%8C&intent%5B%5D=1
INFO: [ app_begin ] --START--
INFO: ReadHtmlCache Behavior ::run [ RunTime:0.000504s ]
INFO: [ app_begin ] --END-- [ RunTime:0.000596s ]
SQL: SHOW COLUMNS FROM `xm_users` [ RunTime:0.005053s ]
NOTIC: 建议使用I方法替代_get
NOTIC: 建议使用I方法替代_get
NOTIC: 建议使用I方法替代_get
SQL: SHOW COLUMNS FROM `xm_address` [ RunTime:0.004811s ]
SQL: SELECT * FROM `xm_address` WHERE ( province='山东' AND city='烟台' AND area='芝罘区' ) LIMIT 1   [ RunTime:0.000290s ]

[ 2015-04-01T16:49:09+08:00 ] 0.0.0.0 /thinkphp3.1/index.php?m=UserCenter&a=updateInfo&username=1451583383&sex=1&age=21&province=%E5%B1%B1%E4%B8%9C&city=%E7%83%9F%E5%8F%B0&area=%E8%8A%9D%E7%BD%98%E5%8C%BA&school=%E9%B2%81%E4%B8%9C%E5%A4%A7%E5%AD%A6&phone=13256929238&email=1451583383%40qq.com&qq=1451583383&exp=%E5%B9%B2%E8%BF%87%E5%85%BC%E8%81%8C&intent%5B%5D=1
INFO: [ app_begin ] --START--
INFO: ReadHtmlCache Behavior ::run [ RunTime:0.000490s ]
INFO: [ app_begin ] --END-- [ RunTime:0.000614s ]
SQL: SHOW COLUMNS FROM `xm_users` [ RunTime:0.004763s ]
NOTIC: 建议使用I方法替代_get
NOTIC: 建议使用I方法替代_get
NOTIC: 建议使用I方法替代_get
SQL: SHOW COLUMNS FROM `xm_address` [ RunTime:0.004459s ]
SQL: SELECT * FROM `xm_address` WHERE ( province='山东' AND city='烟台' AND area='芝罘区' ) LIMIT 1   [ RunTime:0.000313s ]

[ 2015-04-01T16:50:38+08:00 ] 0.0.0.0 /thinkphp3.1/index.php?m=UserCenter
NOTIC: 建议使用I方法替代_get

[ 2015-04-01T16:51:02+08:00 ] 0.0.0.0 /thinkphp3.1/index.php?m=UserCenter&a=updateInfo&username=1451583383&sex=1&age=21&province=%E5%B1%B1%E4%B8%9C&city=%E7%83%9F%E5%8F%B0&area=%E8%8A%9D%E7%BD%98%E5%8C%BA&school=%E9%B2%81%E4%B8%9C%E5%A4%A7%E5%AD%A6&phone=13256929238&email=1451583383%40qq.com&qq=1451583383&exp=%E5%B9%B2%E8%BF%87%E5%85%BC%E8%81%8C&intent%5B%5D=1
INFO: [ app_begin ] --START--
INFO: ReadHtmlCache Behavior ::run [ RunTime:0.000685s ]
INFO: [ app_begin ] --END-- [ RunTime:0.000782s ]
SQL: SHOW COLUMNS FROM `xm_users` [ RunTime:0.005349s ]
NOTIC: 建议使用I方法替代_get
NOTIC: 建议使用I方法替代_get
NOTIC: 建议使用I方法替代_get
SQL: SHOW COLUMNS FROM `xm_address` [ RunTime:0.005656s ]
SQL: SELECT * FROM `xm_address` WHERE ( province='山东' AND city='烟台' AND area='芝罘区' ) LIMIT 1   [ RunTime:0.000311s ]

[ 2015-04-01T16:52:13+08:00 ] 0.0.0.0 /thinkphp3.1/index.php?m=UserCenter&a=updateInfo&username=1451583383&sex=1&age=21&province=%E5%B1%B1%E4%B8%9C&city=%E7%83%9F%E5%8F%B0&area=%E8%8A%9D%E7%BD%98%E5%8C%BA&school=%E9%B2%81%E4%B8%9C%E5%A4%A7%E5%AD%A6&phone=13256929238&email=1451583383%40qq.com&qq=1451583383&exp=%E5%B9%B2%E8%BF%87%E5%85%BC%E8%81%8C&intent%5B%5D=1
INFO: [ app_begin ] --START--
INFO: ReadHtmlCache Behavior ::run [ RunTime:0.000646s ]
INFO: [ app_begin ] --END-- [ RunTime:0.000743s ]
SQL: SHOW COLUMNS FROM `xm_users` [ RunTime:0.006324s ]
NOTIC: 建议使用I方法替代_get
NOTIC: 建议使用I方法替代_get
NOTIC: 建议使用I方法替代_get
SQL: SHOW COLUMNS FROM `xm_address` [ RunTime:0.004552s ]
SQL: SELECT * FROM `xm_address` WHERE ( province='山东' AND city='烟台' AND area='芝罘区' ) LIMIT 1   [ RunTime:0.000293s ]

[ 2015-04-01T16:52:45+08:00 ] 0.0.0.0 /thinkphp3.1/index.php?m=UserCenter&a=updateInfo&username=1451583383&sex=1&age=21&province=%E5%B1%B1%E4%B8%9C&city=%E7%83%9F%E5%8F%B0&area=%E8%8A%9D%E7%BD%98%E5%8C%BA&school=%E9%B2%81%E4%B8%9C%E5%A4%A7%E5%AD%A6&phone=13256929238&email=1451583383%40qq.com&qq=1451583383&exp=%E5%B9%B2%E8%BF%87%E5%85%BC%E8%81%8C&intent%5B%5D=1
INFO: [ app_begin ] --START--
INFO: ReadHtmlCache Behavior ::run [ RunTime:0.000486s ]
INFO: [ app_begin ] --END-- [ RunTime:0.000580s ]
SQL: SHOW COLUMNS FROM `xm_users` [ RunTime:0.004873s ]
NOTIC: 建议使用I方法替代_get
NOTIC: 建议使用I方法替代_get
NOTIC: 建议使用I方法替代_get
SQL: SHOW COLUMNS FROM `xm_address` [ RunTime:0.004509s ]
SQL: SELECT `aid` FROM `xm_address` WHERE ( province='山东' AND city='烟台' AND area='芝罘区' ) LIMIT 1   [ RunTime:0.000315s ]

[ 2015-04-01T16:57:43+08:00 ] 0.0.0.0 /thinkphp3.1/index.php?m=UserCenter&a=updateInfo
INFO: [ app_begin ] --START--
INFO: ReadHtmlCache Behavior ::run [ RunTime:0.000545s ]
INFO: [ app_begin ] --END-- [ RunTime:0.000645s ]
SQL: SHOW COLUMNS FROM `xm_users` [ RunTime:0.004805s ]
NOTIC: 建议使用I方法替代_get
NOTIC: 建议使用I方法替代_get
NOTIC: 建议使用I方法替代_get
SQL: SHOW COLUMNS FROM `xm_address` [ RunTime:0.004514s ]
SQL: SELECT `aid` FROM `xm_address` WHERE ( province='' AND city='' AND area='' ) LIMIT 1   [ RunTime:0.000294s ]

[ 2015-04-01T16:58:57+08:00 ] 0.0.0.0 /thinkphp3.1/index.php?m=UserCenter&a=updateInfo
INFO: [ app_begin ] --START--
INFO: ReadHtmlCache Behavior ::run [ RunTime:0.000681s ]
INFO: [ app_begin ] --END-- [ RunTime:0.000785s ]
SQL: SHOW COLUMNS FROM `xm_users` [ RunTime:0.005110s ]
NOTIC: 建议使用I方法替代_post
NOTIC: 建议使用I方法替代_post
NOTIC: 建议使用I方法替代_post
SQL: SHOW COLUMNS FROM `xm_address` [ RunTime:0.004541s ]
SQL: SELECT `aid` FROM `xm_address` WHERE ( province='山东' AND city='烟台' AND area='芝罘区' ) LIMIT 1   [ RunTime:0.000337s ]
SQL: SELECT * FROM `xm_users` WHERE ( `username` = '1451583383' ) LIMIT 1   [ RunTime:0.000368s ]

[ 2015-04-01T16:59:13+08:00 ] 0.0.0.0 /thinkphp3.1/index.php?m=UserCenter&a=updateInfo
INFO: [ app_begin ] --START--
INFO: ReadHtmlCache Behavior ::run [ RunTime:0.000465s ]
INFO: [ app_begin ] --END-- [ RunTime:0.000557s ]
SQL: SHOW COLUMNS FROM `xm_users` [ RunTime:0.005271s ]
NOTIC: 建议使用I方法替代_post
NOTIC: 建议使用I方法替代_post
NOTIC: 建议使用I方法替代_post
SQL: SHOW COLUMNS FROM `xm_address` [ RunTime:0.004635s ]
SQL: SELECT `aid` FROM `xm_address` WHERE ( province='山东' AND city='烟台' AND area='芝罘区' ) LIMIT 1   [ RunTime:0.000295s ]
SQL: SELECT * FROM `xm_users` WHERE ( `username` = '1451583383' ) LIMIT 1   [ RunTime:0.000280s ]

[ 2015-04-01T17:01:41+08:00 ] 0.0.0.0 /thinkphp3.1/index.php?m=UserCenter&a=updateInfo
INFO: [ app_begin ] --START--
INFO: ReadHtmlCache Behavior ::run [ RunTime:0.000717s ]
INFO: [ app_begin ] --END-- [ RunTime:0.000816s ]
SQL: SHOW COLUMNS FROM `xm_users` [ RunTime:0.004786s ]
NOTIC: 建议使用I方法替代_post
NOTIC: 建议使用I方法替代_post
NOTIC: 建议使用I方法替代_post
SQL: SHOW COLUMNS FROM `xm_address` [ RunTime:0.004331s ]
SQL: SELECT `aid` FROM `xm_address` WHERE ( province='山东' AND city='烟台' AND area='芝罘区' ) LIMIT 1   [ RunTime:0.000316s ]
SQL: SELECT * FROM `xm_users` WHERE ( `username` = '1451583383' ) LIMIT 1   [ RunTime:0.000297s ]

[ 2015-04-01T17:03:23+08:00 ] 0.0.0.0 /thinkphp3.1/index.php?m=UserCenter&a=updateInfo
INFO: [ app_begin ] --START--
INFO: ReadHtmlCache Behavior ::run [ RunTime:0.000640s ]
INFO: [ app_begin ] --END-- [ RunTime:0.000739s ]

[ 2015-04-01T17:05:29+08:00 ] 0.0.0.0 /thinkphp3.1/index.php?m=UserCenter&a=updateInfo
INFO: [ app_begin ] --START--
INFO: ReadHtmlCache Behavior ::run [ RunTime:0.000683s ]
INFO: [ app_begin ] --END-- [ RunTime:0.000783s ]

[ 2015-04-01T17:06:17+08:00 ] 0.0.0.0 /thinkphp3.1/index.php?m=UserCenter&a=updateInfo
INFO: [ app_begin ] --START--
INFO: ReadHtmlCache Behavior ::run [ RunTime:0.000662s ]
INFO: [ app_begin ] --END-- [ RunTime:0.000757s ]

[ 2015-04-01T17:06:58+08:00 ] 0.0.0.0 /thinkphp3.1/index.php?m=UserCenter&a=updateInfo
INFO: [ app_begin ] --START--
INFO: ReadHtmlCache Behavior ::run [ RunTime:0.000750s ]
INFO: [ app_begin ] --END-- [ RunTime:0.000883s ]
NOTIC: [2] Invalid argument supplied for foreach() D:\wamp\www\ThinkPHP3.1\Lib\Action\UserCenterAction.class.php 第 28 行.
SQL: SHOW COLUMNS FROM `xm_users` [ RunTime:0.004791s ]
NOTIC: 建议使用I方法替代_post
NOTIC: 建议使用I方法替代_post
NOTIC: 建议使用I方法替代_post
SQL: SHOW COLUMNS FROM `xm_address` [ RunTime:0.004555s ]
SQL: SELECT `aid` FROM `xm_address` WHERE ( province='山东' AND city='烟台' AND area='芝罘区' ) LIMIT 1   [ RunTime:0.000330s ]
SQL: SELECT * FROM `xm_users` WHERE ( `email` = '1451583383@qq.com' ) LIMIT 1   [ RunTime:0.000280s ]

[ 2015-04-01T17:07:06+08:00 ] 0.0.0.0 /thinkphp3.1/index.php?m=UserCenter&a=updateInfo
INFO: [ app_begin ] --START--
INFO: ReadHtmlCache Behavior ::run [ RunTime:0.000911s ]
INFO: [ app_begin ] --END-- [ RunTime:0.001038s ]
NOTIC: [2] Invalid argument supplied for foreach() D:\wamp\www\ThinkPHP3.1\Lib\Action\UserCenterAction.class.php 第 28 行.
SQL: SHOW COLUMNS FROM `xm_users` [ RunTime:0.006109s ]
NOTIC: 建议使用I方法替代_post
NOTIC: 建议使用I方法替代_post
NOTIC: 建议使用I方法替代_post
SQL: SHOW COLUMNS FROM `xm_address` [ RunTime:0.004294s ]
SQL: SELECT `aid` FROM `xm_address` WHERE ( province='山东' AND city='烟台' AND area='芝罘区' ) LIMIT 1   [ RunTime:0.000279s ]
SQL: SELECT * FROM `xm_users` WHERE ( `email` = '1451583383@qq.com' ) LIMIT 1   [ RunTime:0.000279s ]

[ 2015-04-01T17:08:51+08:00 ] 0.0.0.0 /thinkphp3.1/index.php?m=UserCenter&a=updateInfo
INFO: [ app_begin ] --START--
INFO: ReadHtmlCache Behavior ::run [ RunTime:0.000612s ]
INFO: [ app_begin ] --END-- [ RunTime:0.000711s ]
NOTIC: [2] Invalid argument supplied for foreach() D:\wamp\www\ThinkPHP3.1\Lib\Action\UserCenterAction.class.php 第 28 行.
SQL: SHOW COLUMNS FROM `xm_users` [ RunTime:0.005744s ]
NOTIC: 建议使用I方法替代_post
NOTIC: 建议使用I方法替代_post
NOTIC: 建议使用I方法替代_post
SQL: SHOW COLUMNS FROM `xm_address` [ RunTime:0.004851s ]
SQL: SELECT `aid` FROM `xm_address` WHERE ( province='山东' AND city='烟台' AND area='芝罘区' ) LIMIT 1   [ RunTime:0.000287s ]
SQL: SELECT * FROM `xm_users` WHERE ( `email` = '1451583383@qq.com' ) LIMIT 1   [ RunTime:0.000238s ]

[ 2015-04-01T17:11:09+08:00 ] 0.0.0.0 /thinkphp3.1/index.php?m=UserCenter&a=updateInfo
INFO: [ app_begin ] --START--
INFO: ReadHtmlCache Behavior ::run [ RunTime:0.000783s ]
INFO: [ app_begin ] --END-- [ RunTime:0.000887s ]
NOTIC: [2] Invalid argument supplied for foreach() D:\wamp\www\ThinkPHP3.1\Lib\Action\UserCenterAction.class.php 第 28 行.
SQL: SHOW COLUMNS FROM `xm_users` [ RunTime:0.005917s ]
NOTIC: 建议使用I方法替代_post
NOTIC: 建议使用I方法替代_post
NOTIC: 建议使用I方法替代_post
SQL: SHOW COLUMNS FROM `xm_address` [ RunTime:0.005613s ]
SQL: SELECT `aid` FROM `xm_address` WHERE ( province='山东' AND city='烟台' AND area='芝罘区' ) LIMIT 1   [ RunTime:0.000354s ]
SQL: SELECT * FROM `xm_users` WHERE ( `phone` = '13256929238' ) LIMIT 1   [ RunTime:0.000444s ]

[ 2015-04-01T17:13:11+08:00 ] 0.0.0.0 /thinkphp3.1/index.php?m=UserCenter&a=updateInfo
INFO: [ app_begin ] --START--
INFO: ReadHtmlCache Behavior ::run [ RunTime:0.000746s ]
INFO: [ app_begin ] --END-- [ RunTime:0.000855s ]
NOTIC: [2] Invalid argument supplied for foreach() D:\wamp\www\ThinkPHP3.1\Lib\Action\UserCenterAction.class.php 第 28 行.
SQL: SHOW COLUMNS FROM `xm_users` [ RunTime:0.004891s ]
NOTIC: 建议使用I方法替代_post
NOTIC: 建议使用I方法替代_post
NOTIC: 建议使用I方法替代_post
SQL: SHOW COLUMNS FROM `xm_address` [ RunTime:0.004634s ]
SQL: SELECT `aid` FROM `xm_address` WHERE ( province='山东' AND city='烟台' AND area='芝罘区' ) LIMIT 1   [ RunTime:0.000314s ]
SQL: SELECT * FROM `xm_users` WHERE ( `phone` = '13256929238' ) LIMIT 1   [ RunTime:0.000314s ]

[ 2015-04-01T17:13:40+08:00 ] 0.0.0.0 /thinkphp3.1/index.php?m=UserCenter&a=updateInfo
INFO: [ app_begin ] --START--
INFO: ReadHtmlCache Behavior ::run [ RunTime:0.000725s ]
INFO: [ app_begin ] --END-- [ RunTime:0.000828s ]
NOTIC: [2] Invalid argument supplied for foreach() D:\wamp\www\ThinkPHP3.1\Lib\Action\UserCenterAction.class.php 第 28 行.
SQL: SHOW COLUMNS FROM `xm_users` [ RunTime:0.004740s ]
NOTIC: 建议使用I方法替代_post
NOTIC: 建议使用I方法替代_post
NOTIC: 建议使用I方法替代_post
SQL: SHOW COLUMNS FROM `xm_address` [ RunTime:0.004333s ]
SQL: SELECT `aid` FROM `xm_address` WHERE ( province='山东' AND city='烟台' AND area='芝罘区' ) LIMIT 1   [ RunTime:0.000472s ]
NOTIC: [2] preg_match() [<a href='function.preg-match'>function.preg-match</a>]: Delimiter must not be alphanumeric or backslash D:\wamp\www\ThinkPHP3.1\ThinkPHP\Lib\Core\Model.class.php 第 883 行.

[ 2015-04-01T17:13:43+08:00 ] 0.0.0.0 /thinkphp3.1/index.php?m=UserCenter&a=updateInfo
INFO: [ app_begin ] --START--
INFO: ReadHtmlCache Behavior ::run [ RunTime:0.000665s ]
INFO: [ app_begin ] --END-- [ RunTime:0.000770s ]
NOTIC: [2] Invalid argument supplied for foreach() D:\wamp\www\ThinkPHP3.1\Lib\Action\UserCenterAction.class.php 第 28 行.
SQL: SHOW COLUMNS FROM `xm_users` [ RunTime:0.005416s ]
NOTIC: 建议使用I方法替代_post
NOTIC: 建议使用I方法替代_post
NOTIC: 建议使用I方法替代_post
SQL: SHOW COLUMNS FROM `xm_address` [ RunTime:0.004397s ]
SQL: SELECT `aid` FROM `xm_address` WHERE ( province='山东' AND city='烟台' AND area='芝罘区' ) LIMIT 1   [ RunTime:0.000294s ]
NOTIC: [2] preg_match() [<a href='function.preg-match'>function.preg-match</a>]: Delimiter must not be alphanumeric or backslash D:\wamp\www\ThinkPHP3.1\ThinkPHP\Lib\Core\Model.class.php 第 883 行.

[ 2015-04-01T17:14:06+08:00 ] 0.0.0.0 /thinkphp3.1/index.php?m=UserCenter&a=updateInfo
INFO: [ app_begin ] --START--
INFO: ReadHtmlCache Behavior ::run [ RunTime:0.000698s ]
INFO: [ app_begin ] --END-- [ RunTime:0.000815s ]
NOTIC: [2] Invalid argument supplied for foreach() D:\wamp\www\ThinkPHP3.1\Lib\Action\UserCenterAction.class.php 第 28 行.
SQL: SHOW COLUMNS FROM `xm_users` [ RunTime:0.005304s ]
NOTIC: 建议使用I方法替代_post
NOTIC: 建议使用I方法替代_post
NOTIC: 建议使用I方法替代_post
SQL: SHOW COLUMNS FROM `xm_address` [ RunTime:0.004584s ]
SQL: SELECT `aid` FROM `xm_address` WHERE ( province='山东' AND city='烟台' AND area='芝罘区' ) LIMIT 1   [ RunTime:0.000297s ]
NOTIC: [2] preg_match() [<a href='function.preg-match'>function.preg-match</a>]: Delimiter must not be alphanumeric or backslash D:\wamp\www\ThinkPHP3.1\ThinkPHP\Lib\Core\Model.class.php 第 883 行.

[ 2015-04-01T17:14:09+08:00 ] 0.0.0.0 /thinkphp3.1/index.php?m=UserCenter&a=updateInfo
INFO: [ app_begin ] --START--
INFO: ReadHtmlCache Behavior ::run [ RunTime:0.000575s ]
INFO: [ app_begin ] --END-- [ RunTime:0.000666s ]
NOTIC: [2] Invalid argument supplied for foreach() D:\wamp\www\ThinkPHP3.1\Lib\Action\UserCenterAction.class.php 第 28 行.
SQL: SHOW COLUMNS FROM `xm_users` [ RunTime:0.004661s ]
NOTIC: 建议使用I方法替代_post
NOTIC: 建议使用I方法替代_post
NOTIC: 建议使用I方法替代_post
SQL: SHOW COLUMNS FROM `xm_address` [ RunTime:0.004544s ]
SQL: SELECT `aid` FROM `xm_address` WHERE ( province='山东' AND city='烟台' AND area='芝罘区' ) LIMIT 1   [ RunTime:0.000279s ]
NOTIC: [2] preg_match() [<a href='function.preg-match'>function.preg-match</a>]: Delimiter must not be alphanumeric or backslash D:\wamp\www\ThinkPHP3.1\ThinkPHP\Lib\Core\Model.class.php 第 883 行.

[ 2015-04-01T17:14:30+08:00 ] 0.0.0.0 /thinkphp3.1/index.php?m=UserCenter&a=updateInfo
INFO: [ app_begin ] --START--
INFO: ReadHtmlCache Behavior ::run [ RunTime:0.000449s ]
INFO: [ app_begin ] --END-- [ RunTime:0.000541s ]
NOTIC: [2] Invalid argument supplied for foreach() D:\wamp\www\ThinkPHP3.1\Lib\Action\UserCenterAction.class.php 第 28 行.
SQL: SHOW COLUMNS FROM `xm_users` [ RunTime:0.005130s ]
NOTIC: 建议使用I方法替代_post
NOTIC: 建议使用I方法替代_post
NOTIC: 建议使用I方法替代_post
SQL: SHOW COLUMNS FROM `xm_address` [ RunTime:0.005514s ]
SQL: SELECT `aid` FROM `xm_address` WHERE ( province='山东' AND city='烟台' AND area='芝罘区' ) LIMIT 1   [ RunTime:0.000333s ]
NOTIC: [2] preg_match() [<a href='function.preg-match'>function.preg-match</a>]: Empty regular expression D:\wamp\www\ThinkPHP3.1\ThinkPHP\Lib\Core\Model.class.php 第 883 行.

[ 2015-04-01T17:19:50+08:00 ] 0.0.0.0 /thinkphp3.1/index.php?m=UserCenter&a=updateInfo
INFO: [ app_begin ] --START--
INFO: ReadHtmlCache Behavior ::run [ RunTime:0.000823s ]
INFO: [ app_begin ] --END-- [ RunTime:0.001002s ]
NOTIC: [2] Invalid argument supplied for foreach() D:\wamp\www\ThinkPHP3.1\Lib\Action\UserCenterAction.class.php 第 28 行.
SQL: SHOW COLUMNS FROM `xm_users` [ RunTime:0.004845s ]
NOTIC: 建议使用I方法替代_post
NOTIC: 建议使用I方法替代_post
NOTIC: 建议使用I方法替代_post
SQL: SHOW COLUMNS FROM `xm_address` [ RunTime:0.004596s ]
SQL: SELECT `aid` FROM `xm_address` WHERE ( province='山东' AND city='烟台' AND area='芝罘区' ) LIMIT 1   [ RunTime:0.000325s ]

[ 2015-04-01T17:19:53+08:00 ] 0.0.0.0 /thinkphp3.1/index.php?m=UserCenter&a=updateInfo
INFO: [ app_begin ] --START--
INFO: ReadHtmlCache Behavior ::run [ RunTime:0.000516s ]
INFO: [ app_begin ] --END-- [ RunTime:0.000692s ]
NOTIC: [2] Invalid argument supplied for foreach() D:\wamp\www\ThinkPHP3.1\Lib\Action\UserCenterAction.class.php 第 28 行.
SQL: SHOW COLUMNS FROM `xm_users` [ RunTime:0.004729s ]
NOTIC: 建议使用I方法替代_post
NOTIC: 建议使用I方法替代_post
NOTIC: 建议使用I方法替代_post
SQL: SHOW COLUMNS FROM `xm_address` [ RunTime:0.004455s ]
SQL: SELECT `aid` FROM `xm_address` WHERE ( province='山东' AND city='烟台' AND area='芝罘区' ) LIMIT 1   [ RunTime:0.000276s ]

[ 2015-04-01T17:20:12+08:00 ] 0.0.0.0 /thinkphp3.1/index.php?m=UserCenter&a=updateInfo
INFO: [ app_begin ] --START--
INFO: ReadHtmlCache Behavior ::run [ RunTime:0.000547s ]
INFO: [ app_begin ] --END-- [ RunTime:0.000655s ]
NOTIC: [2] Invalid argument supplied for foreach() D:\wamp\www\ThinkPHP3.1\Lib\Action\UserCenterAction.class.php 第 28 行.
SQL: SHOW COLUMNS FROM `xm_users` [ RunTime:0.004945s ]
NOTIC: 建议使用I方法替代_post
NOTIC: 建议使用I方法替代_post
NOTIC: 建议使用I方法替代_post
SQL: SHOW COLUMNS FROM `xm_address` [ RunTime:0.004488s ]
SQL: SELECT `aid` FROM `xm_address` WHERE ( province='山东' AND city='烟台' AND area='芝罘区' ) LIMIT 1   [ RunTime:0.000309s ]

[ 2015-04-01T17:22:22+08:00 ] 0.0.0.0 /thinkphp3.1/index.php?m=UserCenter&a=updateInfo
INFO: [ app_begin ] --START--
INFO: ReadHtmlCache Behavior ::run [ RunTime:0.000882s ]
INFO: [ app_begin ] --END-- [ RunTime:0.001043s ]
NOTIC: [2] Invalid argument supplied for foreach() D:\wamp\www\ThinkPHP3.1\Lib\Action\UserCenterAction.class.php 第 28 行.
SQL: SHOW COLUMNS FROM `xm_users` [ RunTime:0.004932s ]
NOTIC: 建议使用I方法替代_post
NOTIC: 建议使用I方法替代_post
NOTIC: 建议使用I方法替代_post
SQL: SHOW COLUMNS FROM `xm_address` [ RunTime:0.004764s ]
SQL: SELECT `aid` FROM `xm_address` WHERE ( province='山东' AND city='烟台' AND area='芝罘区' ) LIMIT 1   [ RunTime:0.000317s ]
NOTIC: [2] preg_match() [<a href='function.preg-match'>function.preg-match</a>]: Empty regular expression D:\wamp\www\ThinkPHP3.1\ThinkPHP\Lib\Core\Model.class.php 第 883 行.

[ 2015-04-01T17:23:18+08:00 ] 0.0.0.0 /thinkphp3.1/index.php?m=UserCenter&a=updateInfo
INFO: [ app_begin ] --START--
INFO: ReadHtmlCache Behavior ::run [ RunTime:0.000553s ]
INFO: [ app_begin ] --END-- [ RunTime:0.000717s ]
NOTIC: [2] Invalid argument supplied for foreach() D:\wamp\www\ThinkPHP3.1\Lib\Action\UserCenterAction.class.php 第 28 行.
SQL: SHOW COLUMNS FROM `xm_users` [ RunTime:0.005822s ]
NOTIC: 建议使用I方法替代_post
NOTIC: 建议使用I方法替代_post
NOTIC: 建议使用I方法替代_post
SQL: SHOW COLUMNS FROM `xm_address` [ RunTime:0.004417s ]
SQL: SELECT `aid` FROM `xm_address` WHERE ( province='山东' AND city='烟台' AND area='芝罘区' ) LIMIT 1   [ RunTime:0.000364s ]
NOTIC: [2] preg_match() [<a href='function.preg-match'>function.preg-match</a>]: Empty regular expression D:\wamp\www\ThinkPHP3.1\ThinkPHP\Lib\Core\Model.class.php 第 883 行.

[ 2015-04-01T17:23:34+08:00 ] 0.0.0.0 /thinkphp3.1/index.php?m=UserCenter&a=updateInfo
INFO: [ app_begin ] --START--
INFO: ReadHtmlCache Behavior ::run [ RunTime:0.000477s ]
INFO: [ app_begin ] --END-- [ RunTime:0.000571s ]
NOTIC: [2] Invalid argument supplied for foreach() D:\wamp\www\ThinkPHP3.1\Lib\Action\UserCenterAction.class.php 第 28 行.
SQL: SHOW COLUMNS FROM `xm_users` [ RunTime:0.004814s ]
NOTIC: 建议使用I方法替代_post
NOTIC: 建议使用I方法替代_post
NOTIC: 建议使用I方法替代_post
SQL: SHOW COLUMNS FROM `xm_address` [ RunTime:0.004244s ]
SQL: SELECT `aid` FROM `xm_address` WHERE ( province='山东' AND city='烟台' AND area='芝罘区' ) LIMIT 1   [ RunTime:0.000286s ]
NOTIC: [8] Undefined offset: 2 D:\wamp\www\ThinkPHP3.1\ThinkPHP\Lib\Core\Model.class.php 第 962 行.
NOTIC: [8] Undefined offset: 2 D:\wamp\www\ThinkPHP3.1\ThinkPHP\Lib\Core\Model.class.php 第 962 行.
NOTIC: [8] Undefined offset: 1 D:\wamp\www\ThinkPHP3.1\ThinkPHP\Lib\Core\Model.class.php 第 1057 行.
NOTIC: [2] preg_match() [<a href='function.preg-match'>function.preg-match</a>]: Empty regular expression D:\wamp\www\ThinkPHP3.1\ThinkPHP\Lib\Core\Model.class.php 第 883 行.
NOTIC: [8] Undefined offset: 2 D:\wamp\www\ThinkPHP3.1\ThinkPHP\Lib\Core\Model.class.php 第 1004 行.

[ 2015-04-01T17:30:27+08:00 ] 0.0.0.0 /thinkphp3.1/index.php?m=UserCenter&a=updateInfo
INFO: [ app_begin ] --START--
INFO: ReadHtmlCache Behavior ::run [ RunTime:0.000673s ]
INFO: [ app_begin ] --END-- [ RunTime:0.000786s ]
NOTIC: [2] Invalid argument supplied for foreach() D:\wamp\www\ThinkPHP3.1\Lib\Action\UserCenterAction.class.php 第 28 行.
SQL: SHOW COLUMNS FROM `xm_users` [ RunTime:0.005033s ]
NOTIC: 建议使用I方法替代_post
NOTIC: 建议使用I方法替代_post
NOTIC: 建议使用I方法替代_post
SQL: SHOW COLUMNS FROM `xm_address` [ RunTime:0.004387s ]
SQL: SELECT `aid` FROM `xm_address` WHERE ( province='山东' AND city='烟台' AND area='芝罘区' ) LIMIT 1   [ RunTime:0.000310s ]
NOTIC: [8] Undefined offset: 2 D:\wamp\www\ThinkPHP3.1\ThinkPHP\Lib\Core\Model.class.php 第 962 行.
NOTIC: [8] Undefined offset: 2 D:\wamp\www\ThinkPHP3.1\ThinkPHP\Lib\Core\Model.class.php 第 962 行.
NOTIC: [8] Undefined offset: 1 D:\wamp\www\ThinkPHP3.1\ThinkPHP\Lib\Core\Model.class.php 第 1057 行.
NOTIC: [2] preg_match() [<a href='function.preg-match'>function.preg-match</a>]: Empty regular expression D:\wamp\www\ThinkPHP3.1\ThinkPHP\Lib\Core\Model.class.php 第 883 行.
NOTIC: [8] Undefined offset: 2 D:\wamp\www\ThinkPHP3.1\ThinkPHP\Lib\Core\Model.class.php 第 1004 行.

[ 2015-04-01T17:30:35+08:00 ] 0.0.0.0 /thinkphp3.1/index.php?m=UserCenter&a=updateInfo
INFO: [ app_begin ] --START--
INFO: ReadHtmlCache Behavior ::run [ RunTime:0.000467s ]
INFO: [ app_begin ] --END-- [ RunTime:0.000559s ]
NOTIC: [2] Invalid argument supplied for foreach() D:\wamp\www\ThinkPHP3.1\Lib\Action\UserCenterAction.class.php 第 28 行.
SQL: SHOW COLUMNS FROM `xm_users` [ RunTime:0.004691s ]
NOTIC: 建议使用I方法替代_post
NOTIC: 建议使用I方法替代_post
NOTIC: 建议使用I方法替代_post
SQL: SHOW COLUMNS FROM `xm_address` [ RunTime:0.004342s ]
SQL: SELECT `aid` FROM `xm_address` WHERE ( province='山东' AND city='烟台' AND area='芝罘区' ) LIMIT 1   [ RunTime:0.000308s ]
NOTIC: [8] Undefined offset: 2 D:\wamp\www\ThinkPHP3.1\ThinkPHP\Lib\Core\Model.class.php 第 962 行.
NOTIC: [8] Undefined offset: 2 D:\wamp\www\ThinkPHP3.1\ThinkPHP\Lib\Core\Model.class.php 第 962 行.
NOTIC: [8] Undefined offset: 1 D:\wamp\www\ThinkPHP3.1\ThinkPHP\Lib\Core\Model.class.php 第 1057 行.
NOTIC: [2] preg_match() [<a href='function.preg-match'>function.preg-match</a>]: Empty regular expression D:\wamp\www\ThinkPHP3.1\ThinkPHP\Lib\Core\Model.class.php 第 883 行.
NOTIC: [8] Undefined offset: 2 D:\wamp\www\ThinkPHP3.1\ThinkPHP\Lib\Core\Model.class.php 第 1004 行.

[ 2015-04-01T17:31:22+08:00 ] 0.0.0.0 /thinkphp3.1/index.php?m=UserCenter&a=updateInfo
INFO: [ app_begin ] --START--
INFO: ReadHtmlCache Behavior ::run [ RunTime:0.000470s ]
INFO: [ app_begin ] --END-- [ RunTime:0.000564s ]
NOTIC: [2] Invalid argument supplied for foreach() D:\wamp\www\ThinkPHP3.1\Lib\Action\UserCenterAction.class.php 第 28 行.
SQL: SHOW COLUMNS FROM `xm_users` [ RunTime:0.004892s ]
NOTIC: 建议使用I方法替代_post
NOTIC: 建议使用I方法替代_post
NOTIC: 建议使用I方法替代_post
SQL: SHOW COLUMNS FROM `xm_address` [ RunTime:0.004308s ]
SQL: SELECT `aid` FROM `xm_address` WHERE ( province='山东' AND city='烟台' AND area='芝罘区' ) LIMIT 1   [ RunTime:0.000315s ]
NOTIC: [8] Undefined offset: 2 D:\wamp\www\ThinkPHP3.1\ThinkPHP\Lib\Core\Model.class.php 第 962 行.
NOTIC: [8] Undefined offset: 2 D:\wamp\www\ThinkPHP3.1\ThinkPHP\Lib\Core\Model.class.php 第 962 行.
NOTIC: [8] Undefined offset: 1 D:\wamp\www\ThinkPHP3.1\ThinkPHP\Lib\Core\Model.class.php 第 1057 行.
NOTIC: [2] preg_match() [<a href='function.preg-match'>function.preg-match</a>]: Empty regular expression D:\wamp\www\ThinkPHP3.1\ThinkPHP\Lib\Core\Model.class.php 第 883 行.
NOTIC: [8] Undefined offset: 2 D:\wamp\www\ThinkPHP3.1\ThinkPHP\Lib\Core\Model.class.php 第 1004 行.

