[ 2015-03-30T16:40:05+08:00 ] 0.0.0.0 /thinkphp3.1/index.php?m=Login&a=login
INFO: [ app_begin ] --START--
INFO: ReadHtmlCache Behavior ::run [ RunTime:0.000668s ]
INFO: [ app_begin ] --END-- [ RunTime:0.000795s ]
NOTIC: 建议使用I方法替代_post
NOTIC: 建议使用I方法替代_post
NOTIC: 建议使用I方法替代_post
NOTIC: [8] Undefined variable: passwd D:\wamp\www\ThinkPHP3.1\Lib\Action\LoginAction.class.php 第 35 行.
SQL: SHOW COLUMNS FROM `xm_users` [ RunTime:0.012831s ]
SQL: SHOW COLUMNS FROM `xm_orgs` [ RunTime:0.032804s ]
SQL: SELECT `uid` FROM `xm_users` WHERE ( email='123@qq.com' ) LIMIT 1   [ RunTime:0.000286s ]
SQL: SELECT `oid` FROM `xm_orgs` WHERE ( email='123@qq.com' ) LIMIT 1   [ RunTime:0.000220s ]
SQL: SELECT `orgname` FROM `xm_orgs` WHERE ( email='123@qq.com'AND passwd='21232f297a57a5a743894a0e4a801fc3' ) LIMIT 1   [ RunTime:0.000223s ]

[ 2015-03-30T16:41:02+08:00 ] 0.0.0.0 /thinkphp3.1/index.php?m=PublishJobs&a=insert
INFO: [ app_begin ] --START--
INFO: ReadHtmlCache Behavior ::run [ RunTime:0.000505s ]
INFO: [ app_begin ] --END-- [ RunTime:0.000606s ]
SQL: SHOW COLUMNS FROM `xm_jobs` [ RunTime:0.005705s ]
SQL: INSERT INTO `xm_jobs` (`title`,`leader`,`want_peo`,`address`,`money`,`detail`,`ctime`,`pub_oid`) VALUES ('百度兼职',0,10,'山东','10','百度兼职',1427704862,1) [ RunTime:0.091114s ]

[ 2015-03-30T16:41:13+08:00 ] 0.0.0.0 /thinkphp3.1/index.php?m=JobsInfo&a=index&jid=22
NOTIC: 建议使用I方法替代_get

[ 2015-03-30T16:54:26+08:00 ] 0.0.0.0 /thinkphp3.1/index.php?m=JobsInfo&a=index&jid=22
NOTIC: 建议使用I方法替代_get

[ 2015-03-30T16:54:59+08:00 ] 0.0.0.0 /thinkphp3.1/index.php?m=JobsInfo&a=index&jid=13
NOTIC: 建议使用I方法替代_get

[ 2015-03-30T17:28:06+08:00 ] 0.0.0.0 /thinkphp3.1/index.php?m=PublishJobs&a=insert
INFO: [ app_begin ] --START--
INFO: ReadHtmlCache Behavior ::run [ RunTime:0.000572s ]
INFO: [ app_begin ] --END-- [ RunTime:0.000670s ]
SQL: SHOW COLUMNS FROM `xm_jobs` [ RunTime:0.004711s ]
SQL: INSERT INTO `xm_jobs` (`title`,`leader`,`want_peo`,`address`,`money`,`detail`,`ctime`,`pub_oid`) VALUES ('百度兼职',0,10,'山东','10','百度兼职',1427707685,1) [ RunTime:0.152338s ]

[ 2015-03-30T17:29:09+08:00 ] 0.0.0.0 /thinkphp3.1/index.php?m=PublishJobs&a=insert
INFO: [ app_begin ] --START--
INFO: ReadHtmlCache Behavior ::run [ RunTime:0.000442s ]
INFO: [ app_begin ] --END-- [ RunTime:0.000584s ]
SQL: SHOW COLUMNS FROM `xm_jobs` [ RunTime:0.005120s ]
SQL: INSERT INTO `xm_jobs` (`title`,`leader`,`want_peo`,`address`,`money`,`detail`,`ctime`,`pub_oid`) VALUES ('百度兼职',0,10,'山东','10','百度兼职',1427707749,1) [ RunTime:0.100403s ]

[ 2015-03-30T17:30:36+08:00 ] 0.0.0.0 /thinkphp3.1/index.php?m=PublishJobs&a=insert
INFO: [ app_begin ] --START--
INFO: ReadHtmlCache Behavior ::run [ RunTime:0.000590s ]
INFO: [ app_begin ] --END-- [ RunTime:0.000682s ]
SQL: SHOW COLUMNS FROM `xm_jobs` [ RunTime:0.004991s ]
SQL: INSERT INTO `xm_jobs` (`title`,`leader`,`want_peo`,`address`,`money`,`detail`,`ctime`,`pub_oid`) VALUES ('百度兼职',0,10,'山东','10','百度兼职',1427707836,1) [ RunTime:0.243358s ]

[ 2015-03-30T17:31:17+08:00 ] 0.0.0.0 /thinkphp3.1/index.php?m=PublishJobs&a=insert
INFO: [ app_begin ] --START--
INFO: ReadHtmlCache Behavior ::run [ RunTime:0.000533s ]
INFO: [ app_begin ] --END-- [ RunTime:0.000648s ]
SQL: SHOW COLUMNS FROM `xm_jobs` [ RunTime:0.005932s ]

[ 2015-03-30T18:39:18+08:00 ] 0.0.0.0 /thinkphp3.1/index.php?m=PublishJobs&a=insert
INFO: [ app_begin ] --START--
INFO: ReadHtmlCache Behavior ::run [ RunTime:0.000598s ]
INFO: [ app_begin ] --END-- [ RunTime:0.000693s ]
SQL: SHOW COLUMNS FROM `xm_jobs` [ RunTime:0.130115s ]

[ 2015-03-30T18:39:55+08:00 ] 0.0.0.0 /thinkphp3.1/index.php?m=PublishJobs&a=insert
INFO: [ app_begin ] --START--
INFO: ReadHtmlCache Behavior ::run [ RunTime:0.000448s ]
INFO: [ app_begin ] --END-- [ RunTime:0.000551s ]
SQL: SHOW COLUMNS FROM `xm_jobs` [ RunTime:0.004823s ]

[ 2015-03-30T18:43:03+08:00 ] 0.0.0.0 /thinkphp3.1/index.php?m=PublishJobs&a=insert
INFO: [ app_begin ] --START--
INFO: ReadHtmlCache Behavior ::run [ RunTime:0.000725s ]
INFO: [ app_begin ] --END-- [ RunTime:0.000817s ]
SQL: SHOW COLUMNS FROM `xm_jobs` [ RunTime:0.005122s ]

[ 2015-03-30T18:43:42+08:00 ] 0.0.0.0 /thinkphp3.1/index.php?m=PublishJobs&a=insert
INFO: [ app_begin ] --START--
INFO: ReadHtmlCache Behavior ::run [ RunTime:0.000561s ]
INFO: [ app_begin ] --END-- [ RunTime:0.000667s ]
SQL: SHOW COLUMNS FROM `xm_jobs` [ RunTime:0.004868s ]

[ 2015-03-30T18:44:15+08:00 ] 0.0.0.0 /thinkphp3.1/index.php?m=PublishJobs&a=insert
INFO: [ app_begin ] --START--
INFO: ReadHtmlCache Behavior ::run [ RunTime:0.000512s ]
INFO: [ app_begin ] --END-- [ RunTime:0.000631s ]
SQL: SHOW COLUMNS FROM `xm_jobs` [ RunTime:0.005158s ]
SQL: INSERT INTO `xm_jobs` (`title`,`leader`,`want_peo`,`address`,`money`,`detail`,`ctime`,`pub_oid`) VALUES ('kaishi',0,222,'111','1111','adflakdsjflaskjdflkjas',1427712255,1) [ RunTime:0.118800s ]

[ 2015-03-30T18:46:52+08:00 ] 0.0.0.0 /thinkphp3.1/index.php?m=JobsInfo&a=index&jid=26
NOTIC: 建议使用I方法替代_get

[ 2015-03-30T18:47:11+08:00 ] 0.0.0.0 /thinkphp3.1/index.php?m=PublishJobs&a=insert
INFO: [ app_begin ] --START--
INFO: ReadHtmlCache Behavior ::run [ RunTime:0.000507s ]
INFO: [ app_begin ] --END-- [ RunTime:0.000614s ]
SQL: SHOW COLUMNS FROM `xm_jobs` [ RunTime:0.005351s ]

[ 2015-03-30T18:47:28+08:00 ] 0.0.0.0 /thinkphp3.1/index.php?m=PublishJobs&a=insert
INFO: [ app_begin ] --START--
INFO: ReadHtmlCache Behavior ::run [ RunTime:0.000677s ]
INFO: [ app_begin ] --END-- [ RunTime:0.000808s ]
SQL: SHOW COLUMNS FROM `xm_jobs` [ RunTime:0.005118s ]

[ 2015-03-30T18:57:20+08:00 ] 0.0.0.0 /thinkphp3.1/index.php?m=Login&a=login
INFO: [ app_begin ] --START--
INFO: ReadHtmlCache Behavior ::run [ RunTime:0.000649s ]
INFO: [ app_begin ] --END-- [ RunTime:0.000754s ]
NOTIC: 建议使用I方法替代_post
NOTIC: 建议使用I方法替代_post
NOTIC: 建议使用I方法替代_post
NOTIC: [8] Undefined variable: passwd D:\wamp\www\ThinkPHP3.1\Lib\Action\LoginAction.class.php 第 35 行.
SQL: SHOW COLUMNS FROM `xm_users` [ RunTime:0.005380s ]
SQL: SHOW COLUMNS FROM `xm_orgs` [ RunTime:0.005172s ]
SQL: SELECT `uid` FROM `xm_users` WHERE ( email='1451583383@qq.com' ) LIMIT 1   [ RunTime:0.000272s ]
SQL: SELECT `uid`,`username` FROM `xm_users` WHERE ( email='1451583383@qq.com' AND passwd='21232f297a57a5a743894a0e4a801fc3' ) LIMIT 1   [ RunTime:0.000224s ]

