[ 2015-03-15T09:28:28+08:00 ] 0.0.0.0 /thinkphp3.1/
INFO: [ app_begin ] --START--
INFO: ReadHtmlCache Behavior ::run [ RunTime:0.001456s ]
INFO: [ app_begin ] --END-- [ RunTime:0.001588s ]
INFO: [ view_parse ] --START--
INFO: ParseTemplate Behavior ::run [ RunTime:0.032419s ]
INFO: [ view_parse ] --END-- [ RunTime:0.032559s ]
INFO: [ view_filter ] --START--
INFO: ContentReplace Behavior ::run [ RunTime:0.001115s ]
INFO: TokenBuild Behavior ::run [ RunTime:0.001104s ]
INFO: WriteHtmlCache Behavior ::run [ RunTime:0.001631s ]
INFO: ShowRuntime Behavior ::run [ RunTime:0.001399s ]
INFO: [ view_filter ] --END-- [ RunTime:0.005616s ]
INFO: [ view_end ] --START--
INFO: ShowPageTrace Behavior ::run [ RunTime:0.005941s ]
INFO: [ view_end ] --END-- [ RunTime:0.006054s ]

[ 2015-03-15T09:30:20+08:00 ] 0.0.0.0 /thinkphp3.1/
INFO: [ app_begin ] --START--
INFO: ReadHtmlCache Behavior ::run [ RunTime:0.000732s ]
INFO: [ app_begin ] --END-- [ RunTime:0.000866s ]

[ 2015-03-15T09:33:27+08:00 ] 0.0.0.0 /thinkphp3.1/index.php
INFO: [ app_begin ] --START--
INFO: ReadHtmlCache Behavior ::run [ RunTime:0.000749s ]
INFO: [ app_begin ] --END-- [ RunTime:0.000878s ]

[ 2015-03-15T09:33:35+08:00 ] 0.0.0.0 /thinkphp3.1/index.php/Index
INFO: [ route_check ] --START--
INFO: CheckRoute Behavior ::run [ RunTime:0.040440s ]
INFO: [ route_check ] --END-- [ RunTime:0.040572s ]
INFO: [ app_begin ] --START--
INFO: ReadHtmlCache Behavior ::run [ RunTime:0.000666s ]
INFO: [ app_begin ] --END-- [ RunTime:0.000776s ]

[ 2015-03-15T09:33:39+08:00 ] 0.0.0.0 /thinkphp3.1/index.php/111
INFO: [ route_check ] --START--
INFO: CheckRoute Behavior ::run [ RunTime:0.000624s ]
INFO: [ route_check ] --END-- [ RunTime:0.000735s ]
INFO: [ app_begin ] --START--
INFO: ReadHtmlCache Behavior ::run [ RunTime:0.000475s ]
INFO: [ app_begin ] --END-- [ RunTime:0.000566s ]
NOTIC: [8] Undefined variable: group D:\wamp\www\ThinkPHP3.1\ThinkPHP\Lib\Core\App.class.php 第 102 行.
ERR: 无法加载模块:111

[ 2015-03-15T09:33:45+08:00 ] 0.0.0.0 /thinkphp3.1/index.php/Index
INFO: [ route_check ] --START--
INFO: CheckRoute Behavior ::run [ RunTime:0.000907s ]
INFO: [ route_check ] --END-- [ RunTime:0.001022s ]
INFO: [ app_begin ] --START--
INFO: ReadHtmlCache Behavior ::run [ RunTime:0.001036s ]
INFO: [ app_begin ] --END-- [ RunTime:0.001188s ]

[ 2015-03-15T09:56:02+08:00 ] 0.0.0.0 /thinkphp3.1/index.php/Index
INFO: [ route_check ] --START--
INFO: CheckRoute Behavior ::run [ RunTime:0.000891s ]
INFO: [ route_check ] --END-- [ RunTime:0.001010s ]
INFO: [ app_begin ] --START--
INFO: ReadHtmlCache Behavior ::run [ RunTime:0.000603s ]
INFO: [ app_begin ] --END-- [ RunTime:0.000704s ]
NOTIC: [8] Undefined index: day D:\wamp\www\ThinkPHP3.1\Lib\Action\IndexAction.class.php 第 4 行.

[ 2015-03-15T09:56:09+08:00 ] 0.0.0.0 /thinkphp3.1/index.php?day=1
INFO: [ app_begin ] --START--
INFO: ReadHtmlCache Behavior ::run [ RunTime:0.000642s ]
INFO: [ app_begin ] --END-- [ RunTime:0.000759s ]

[ 2015-03-15T10:22:54+08:00 ] 0.0.0.0 /thinkphp3.1/index.php?day=1
INFO: [ app_begin ] --START--
INFO: ReadHtmlCache Behavior ::run [ RunTime:0.000870s ]
INFO: [ app_begin ] --END-- [ RunTime:0.000992s ]
NOTIC: [8] Use of undefined constant _APP_ - assumed '_APP_' D:\wamp\www\ThinkPHP3.1\Lib\Action\IndexAction.class.php 第 4 行.

[ 2015-03-15T10:23:32+08:00 ] 0.0.0.0 /thinkphp3.1/index.php?day=1
INFO: [ app_begin ] --START--
INFO: ReadHtmlCache Behavior ::run [ RunTime:0.000702s ]
INFO: [ app_begin ] --END-- [ RunTime:0.000831s ]
NOTIC: [8] Use of undefined constant _APP_ - assumed '_APP_' D:\wamp\www\ThinkPHP3.1\Lib\Action\IndexAction.class.php 第 4 行.

[ 2015-03-15T10:24:20+08:00 ] 0.0.0.0 /thinkphp3.1/index.php?day=1
INFO: [ app_begin ] --START--
INFO: ReadHtmlCache Behavior ::run [ RunTime:0.000639s ]
INFO: [ app_begin ] --END-- [ RunTime:0.000770s ]

[ 2015-03-15T10:25:37+08:00 ] 0.0.0.0 /thinkphp3.1/index.php?day=1
INFO: [ app_begin ] --START--
INFO: ReadHtmlCache Behavior ::run [ RunTime:0.000682s ]
INFO: [ app_begin ] --END-- [ RunTime:0.000805s ]
NOTIC: [8] Use of undefined constant __GROUP__ - assumed '__GROUP__' D:\wamp\www\ThinkPHP3.1\Lib\Action\IndexAction.class.php 第 4 行.

[ 2015-03-15T10:26:28+08:00 ] 0.0.0.0 /thinkphp3.1/index.php?day=1
INFO: [ app_begin ] --START--
INFO: ReadHtmlCache Behavior ::run [ RunTime:0.000599s ]
INFO: [ app_begin ] --END-- [ RunTime:0.000718s ]
NOTIC: [8] Use of undefined constant __GROUP__ - assumed '__GROUP__' D:\wamp\www\ThinkPHP3.1\Lib\Action\IndexAction.class.php 第 4 行.

[ 2015-03-15T10:26:29+08:00 ] 0.0.0.0 /thinkphp3.1/index.php?day=1
INFO: [ app_begin ] --START--
INFO: ReadHtmlCache Behavior ::run [ RunTime:0.000621s ]
INFO: [ app_begin ] --END-- [ RunTime:0.000738s ]
NOTIC: [8] Use of undefined constant __GROUP__ - assumed '__GROUP__' D:\wamp\www\ThinkPHP3.1\Lib\Action\IndexAction.class.php 第 4 行.

[ 2015-03-15T10:27:50+08:00 ] 0.0.0.0 /thinkphp3.1/index.php?day=1
INFO: [ app_begin ] --START--
INFO: ReadHtmlCache Behavior ::run [ RunTime:0.000802s ]
INFO: [ app_begin ] --END-- [ RunTime:0.001016s ]
NOTIC: [8] Use of undefined constant __GROUP__ - assumed '__GROUP__' D:\wamp\www\ThinkPHP3.1\Lib\Action\IndexAction.class.php 第 4 行.

[ 2015-03-15T10:27:56+08:00 ] 0.0.0.0 /thinkphp3.1/index.php?day=1
INFO: [ app_begin ] --START--
INFO: ReadHtmlCache Behavior ::run [ RunTime:0.000625s ]
INFO: [ app_begin ] --END-- [ RunTime:0.000745s ]
NOTIC: [8] Use of undefined constant __GROUP__ - assumed '__GROUP__' D:\wamp\www\ThinkPHP3.1\Lib\Action\IndexAction.class.php 第 4 行.

[ 2015-03-15T10:28:19+08:00 ] 0.0.0.0 /thinkphp3.1/index.php
INFO: [ app_begin ] --START--
INFO: ReadHtmlCache Behavior ::run [ RunTime:0.000697s ]
INFO: [ app_begin ] --END-- [ RunTime:0.000853s ]
NOTIC: [8] Use of undefined constant __GROUP__ - assumed '__GROUP__' D:\wamp\www\ThinkPHP3.1\Lib\Action\IndexAction.class.php 第 4 行.

[ 2015-03-15T10:28:35+08:00 ] 0.0.0.0 /thinkphp3.1/index.php
INFO: [ app_begin ] --START--
INFO: ReadHtmlCache Behavior ::run [ RunTime:0.000599s ]
INFO: [ app_begin ] --END-- [ RunTime:0.000718s ]
INFO: [ view_parse ] --START--
INFO: ParseTemplate Behavior ::run [ RunTime:0.091645s ]
INFO: [ view_parse ] --END-- [ RunTime:0.091798s ]
INFO: [ view_filter ] --START--
INFO: ContentReplace Behavior ::run [ RunTime:0.011121s ]
INFO: TokenBuild Behavior ::run [ RunTime:0.000795s ]
INFO: WriteHtmlCache Behavior ::run [ RunTime:0.000815s ]
INFO: ShowRuntime Behavior ::run [ RunTime:0.000829s ]
INFO: [ view_filter ] --END-- [ RunTime:0.013903s ]
INFO: [ view_end ] --START--
INFO: ShowPageTrace Behavior ::run [ RunTime:0.000848s ]
INFO: [ view_end ] --END-- [ RunTime:0.000951s ]

[ 2015-03-15T10:32:02+08:00 ] 0.0.0.0 /thinkphp3.1/index.php
INFO: [ app_begin ] --START--
INFO: ReadHtmlCache Behavior ::run [ RunTime:0.002331s ]
INFO: [ app_begin ] --END-- [ RunTime:0.002633s ]
INFO: [ view_parse ] --START--
INFO: ParseTemplate Behavior ::run [ RunTime:0.010850s ]
INFO: [ view_parse ] --END-- [ RunTime:0.010975s ]
INFO: [ view_filter ] --START--
INFO: ContentReplace Behavior ::run [ RunTime:0.001096s ]
INFO: TokenBuild Behavior ::run [ RunTime:0.000693s ]
INFO: WriteHtmlCache Behavior ::run [ RunTime:0.000377s ]
INFO: ShowRuntime Behavior ::run [ RunTime:0.000606s ]
INFO: [ view_filter ] --END-- [ RunTime:0.003265s ]
INFO: [ view_end ] --START--
INFO: ShowPageTrace Behavior ::run [ RunTime:0.000647s ]
INFO: [ view_end ] --END-- [ RunTime:0.000738s ]

[ 2015-03-15T10:32:39+08:00 ] 0.0.0.0 /thinkphp3.1/index.php
INFO: [ app_begin ] --START--
INFO: ReadHtmlCache Behavior ::run [ RunTime:0.000764s ]
INFO: [ app_begin ] --END-- [ RunTime:0.000906s ]
INFO: [ view_parse ] --START--
INFO: ParseTemplate Behavior ::run [ RunTime:0.013019s ]
INFO: [ view_parse ] --END-- [ RunTime:0.013150s ]
INFO: [ view_filter ] --START--
INFO: ContentReplace Behavior ::run [ RunTime:0.000523s ]
INFO: TokenBuild Behavior ::run [ RunTime:0.000481s ]
INFO: WriteHtmlCache Behavior ::run [ RunTime:0.000386s ]
INFO: ShowRuntime Behavior ::run [ RunTime:0.000564s ]
INFO: [ view_filter ] --END-- [ RunTime:0.002219s ]
INFO: [ view_end ] --START--
INFO: ShowPageTrace Behavior ::run [ RunTime:0.000683s ]
INFO: [ view_end ] --END-- [ RunTime:0.000776s ]

[ 2015-03-15T10:35:21+08:00 ] 0.0.0.0 /thinkphp3.1/index.php
INFO: [ app_begin ] --START--
INFO: ReadHtmlCache Behavior ::run [ RunTime:0.000642s ]
INFO: [ app_begin ] --END-- [ RunTime:0.000754s ]
INFO: [ view_parse ] --START--
INFO: ParseTemplate Behavior ::run [ RunTime:0.011757s ]
INFO: [ view_parse ] --END-- [ RunTime:0.011874s ]
INFO: [ view_filter ] --START--
INFO: ContentReplace Behavior ::run [ RunTime:0.000503s ]
INFO: TokenBuild Behavior ::run [ RunTime:0.000507s ]
INFO: WriteHtmlCache Behavior ::run [ RunTime:0.000353s ]
INFO: ShowRuntime Behavior ::run [ RunTime:0.000588s ]
INFO: [ view_filter ] --END-- [ RunTime:0.002213s ]
INFO: [ view_end ] --START--
INFO: ShowPageTrace Behavior ::run [ RunTime:0.000634s ]
INFO: [ view_end ] --END-- [ RunTime:0.000725s ]

[ 2015-03-15T10:37:48+08:00 ] 0.0.0.0 /thinkphp3.1/index.php
INFO: [ app_begin ] --START--
INFO: ReadHtmlCache Behavior ::run [ RunTime:0.001710s ]
INFO: [ app_begin ] --END-- [ RunTime:0.002032s ]
INFO: [ view_parse ] --START--
INFO: ParseTemplate Behavior ::run [ RunTime:0.009287s ]
INFO: [ view_parse ] --END-- [ RunTime:0.009441s ]
INFO: [ view_filter ] --START--
INFO: ContentReplace Behavior ::run [ RunTime:0.000492s ]
INFO: TokenBuild Behavior ::run [ RunTime:0.000476s ]
INFO: WriteHtmlCache Behavior ::run [ RunTime:0.000348s ]
INFO: ShowRuntime Behavior ::run [ RunTime:0.000692s ]
INFO: [ view_filter ] --END-- [ RunTime:0.002390s ]
INFO: [ view_end ] --START--
INFO: ShowPageTrace Behavior ::run [ RunTime:0.001307s ]
INFO: [ view_end ] --END-- [ RunTime:0.001445s ]

[ 2015-03-15T10:47:31+08:00 ] 0.0.0.0 /thinkphp3.1/index.php
INFO: [ app_begin ] --START--
INFO: ReadHtmlCache Behavior ::run [ RunTime:0.001206s ]
INFO: [ app_begin ] --END-- [ RunTime:0.001429s ]
SQL: SHOW COLUMNS FROM `xmusers` [ RunTime:0.063348s ]
ERR: 1146:Table 'think_job.xmusers' doesn't exist
 [ SQL语句 ] : SHOW COLUMNS FROM `xmusers`
INFO: [ view_parse ] --START--
INFO: ParseTemplate Behavior ::run [ RunTime:0.009775s ]
INFO: [ view_parse ] --END-- [ RunTime:0.009894s ]
INFO: [ view_filter ] --START--
INFO: ContentReplace Behavior ::run [ RunTime:0.000500s ]
INFO: TokenBuild Behavior ::run [ RunTime:0.000481s ]
INFO: WriteHtmlCache Behavior ::run [ RunTime:0.000351s ]
INFO: ShowRuntime Behavior ::run [ RunTime:0.000594s ]
INFO: [ view_filter ] --END-- [ RunTime:0.002205s ]
INFO: [ view_end ] --START--
INFO: ShowPageTrace Behavior ::run [ RunTime:0.000665s ]
INFO: [ view_end ] --END-- [ RunTime:0.000755s ]

[ 2015-03-15T10:48:55+08:00 ] 0.0.0.0 /thinkphp3.1/index.php
INFO: [ app_begin ] --START--
INFO: ReadHtmlCache Behavior ::run [ RunTime:0.000779s ]
INFO: [ app_begin ] --END-- [ RunTime:0.000920s ]
SQL: SHOW COLUMNS FROM `xmusers` [ RunTime:0.005486s ]
ERR: 1146:Table 'think_job.xmusers' doesn't exist
 [ SQL语句 ] : SHOW COLUMNS FROM `xmusers`
SQL: SELECT * FROM `xmusers`  [ RunTime:0.000258s ]
ERR: 1146:Table 'think_job.xmusers' doesn't exist
 [ SQL语句 ] : SELECT * FROM `xmusers` 
INFO: [ view_parse ] --START--
INFO: ParseTemplate Behavior ::run [ RunTime:0.012907s ]
INFO: [ view_parse ] --END-- [ RunTime:0.013094s ]
INFO: [ view_filter ] --START--
INFO: ContentReplace Behavior ::run [ RunTime:0.000838s ]
INFO: TokenBuild Behavior ::run [ RunTime:0.000799s ]
INFO: WriteHtmlCache Behavior ::run [ RunTime:0.000584s ]
INFO: ShowRuntime Behavior ::run [ RunTime:0.000963s ]
INFO: [ view_filter ] --END-- [ RunTime:0.003642s ]
INFO: [ view_end ] --START--
INFO: ShowPageTrace Behavior ::run [ RunTime:0.001094s ]
INFO: [ view_end ] --END-- [ RunTime:0.001258s ]

[ 2015-03-15T22:14:33+08:00 ] 0.0.0.0 /thinkphp3.1/
INFO: [ app_begin ] --START--
INFO: ReadHtmlCache Behavior ::run [ RunTime:0.001651s ]
INFO: [ app_begin ] --END-- [ RunTime:0.001837s ]

[ 2015-03-15T22:15:10+08:00 ] 0.0.0.0 /thinkphp3.1/
INFO: [ app_begin ] --START--
INFO: ReadHtmlCache Behavior ::run [ RunTime:0.000759s ]
INFO: [ app_begin ] --END-- [ RunTime:0.000871s ]
NOTIC: [2048] Declaration of IndexAction::show() should be compatible with that of Action::show() D:\wamp\www\ThinkPHP3.1\Lib\Action\IndexAction.class.php 第 23 行.
SQL: SHOW COLUMNS FROM `xmjobs` [ RunTime:0.004663s ]
ERR: 1146:Table 'think_job.xmjobs' doesn't exist
 [ SQL语句 ] : SHOW COLUMNS FROM `xmjobs`
SQL: SELECT * FROM `xmjobs` WHERE ( `id` = 1 ) LIMIT 1   [ RunTime:0.000279s ]
ERR: 1146:Table 'think_job.xmjobs' doesn't exist
 [ SQL语句 ] : SELECT * FROM `xmjobs` WHERE ( `id` = 1 ) LIMIT 1  
INFO: [ view_parse ] --START--
INFO: ParseTemplate Behavior ::run [ RunTime:0.050485s ]
INFO: [ view_parse ] --END-- [ RunTime:0.050644s ]
INFO: [ view_filter ] --START--
INFO: ContentReplace Behavior ::run [ RunTime:0.000694s ]
INFO: TokenBuild Behavior ::run [ RunTime:0.000725s ]
INFO: WriteHtmlCache Behavior ::run [ RunTime:0.000521s ]
INFO: ShowRuntime Behavior ::run [ RunTime:0.000762s ]
INFO: [ view_filter ] --END-- [ RunTime:0.002990s ]
INFO: [ view_end ] --START--
INFO: ShowPageTrace Behavior ::run [ RunTime:0.008647s ]
INFO: [ view_end ] --END-- [ RunTime:0.008752s ]

