[ 2015-04-30T08:04:26+08:00 ] 127.0.0.1 /Tpl/bootstrap/js/jquery.min.map
ERR: 无法加载模块:Tpl

[ 2015-04-30T08:05:55+08:00 ] 127.0.0.1 /Tpl/bootstrap/js/jquery.min.map
ERR: 无法加载模块:Tpl

[ 2015-04-30T08:07:02+08:00 ] 127.0.0.1 /Tpl/bootstrap/js/jquery.min.map
ERR: 无法加载模块:Tpl

[ 2015-04-30T08:07:13+08:00 ] 127.0.0.1 /Tpl/bootstrap/js/jquery.min.map
ERR: 无法加载模块:Tpl

[ 2015-04-30T08:07:46+08:00 ] 127.0.0.1 /Tpl/bootstrap/js/jquery.min.map
ERR: 无法加载模块:Tpl

[ 2015-04-30T08:08:14+08:00 ] 127.0.0.1 /Tpl/bootstrap/js/jquery.min.map
ERR: 无法加载模块:Tpl

[ 2015-04-30T08:19:17+08:00 ] 127.0.0.1 /Tpl/bootstrap/js/jquery.min.map
ERR: 无法加载模块:Tpl

[ 2015-04-30T09:13:16+08:00 ] 127.0.0.1 /Tpl/bootstrap/js/jquery.min.map
ERR: 无法加载模块:Tpl

[ 2015-04-30T09:15:13+08:00 ] 127.0.0.1 /PublishJobs/publish.html
NOTIC: [2] stripslashes() expects exactly 1 parameter, 2 given D:\wamp\www\ThinkPHP3.1\ThinkPHP\Lib\Core\App.class.php 第 56 行.
NOTIC: [2] stripslashes() expects exactly 1 parameter, 2 given D:\wamp\www\ThinkPHP3.1\ThinkPHP\Lib\Core\App.class.php 第 56 行.
NOTIC: [2] stripslashes() expects exactly 1 parameter, 2 given D:\wamp\www\ThinkPHP3.1\ThinkPHP\Lib\Core\App.class.php 第 56 行.
NOTIC: [2] stripslashes() expects exactly 1 parameter, 2 given D:\wamp\www\ThinkPHP3.1\ThinkPHP\Lib\Core\App.class.php 第 56 行.
NOTIC: [2] stripslashes() expects exactly 1 parameter, 2 given D:\wamp\www\ThinkPHP3.1\ThinkPHP\Lib\Core\App.class.php 第 56 行.
NOTIC: [2] stripslashes() expects exactly 1 parameter, 2 given D:\wamp\www\ThinkPHP3.1\ThinkPHP\Lib\Core\App.class.php 第 56 行.
NOTIC: [2] stripslashes() expects exactly 1 parameter, 2 given D:\wamp\www\ThinkPHP3.1\ThinkPHP\Lib\Core\App.class.php 第 56 行.
NOTIC: [2] stripslashes() expects exactly 1 parameter, 2 given D:\wamp\www\ThinkPHP3.1\ThinkPHP\Lib\Core\App.class.php 第 56 行.
NOTIC: [2] stripslashes() expects exactly 1 parameter, 2 given D:\wamp\www\ThinkPHP3.1\ThinkPHP\Lib\Core\App.class.php 第 56 行.
NOTIC: [2] stripslashes() expects exactly 1 parameter, 2 given D:\wamp\www\ThinkPHP3.1\ThinkPHP\Lib\Core\App.class.php 第 56 行.
NOTIC: [2] stripslashes() expects exactly 1 parameter, 2 given D:\wamp\www\ThinkPHP3.1\ThinkPHP\Lib\Core\App.class.php 第 57 行.
NOTIC: [2] stripslashes() expects exactly 1 parameter, 2 given D:\wamp\www\ThinkPHP3.1\ThinkPHP\Lib\Core\App.class.php 第 57 行.
INFO: [ app_begin ] --START--
INFO: ReadHtmlCache Behavior ::run [ RunTime:0.000509s ]
INFO: [ app_begin ] --END-- [ RunTime:0.000603s ]
SQL: SHOW COLUMNS FROM `xm_jobs` [ RunTime:0.048218s ]

[ 2015-04-30T09:22:14+08:00 ] 127.0.0.1 /Tpl/bootstrap/js/jquery.min.map
ERR: 无法加载模块:Tpl

[ 2015-04-30T09:22:18+08:00 ] 127.0.0.1 /Tpl/bootstrap/js/jquery.min.map
ERR: 无法加载模块:Tpl

[ 2015-04-30T09:22:23+08:00 ] 127.0.0.1 /Tpl/bootstrap/js/jquery.min.map
ERR: 无法加载模块:Tpl

[ 2015-04-30T09:25:43+08:00 ] 127.0.0.1 /Tpl/bootstrap/js/jquery.min.map
ERR: 无法加载模块:Tpl

[ 2015-04-30T09:26:39+08:00 ] 127.0.0.1 /Tpl/bootstrap/js/jquery.min.map
ERR: 无法加载模块:Tpl

[ 2015-04-30T09:27:25+08:00 ] 127.0.0.1 /Tpl/bootstrap/js/jquery.min.map
ERR: 无法加载模块:Tpl

[ 2015-04-30T09:28:53+08:00 ] 127.0.0.1 /Tpl/bootstrap/js/jquery.min.map
ERR: 无法加载模块:Tpl

[ 2015-04-30T09:30:04+08:00 ] 127.0.0.1 /Tpl/bootstrap/js/jquery.min.map
ERR: 无法加载模块:Tpl

[ 2015-04-30T09:30:39+08:00 ] 127.0.0.1 /PublishJobs/publish.html
NOTIC: [2] stripslashes() expects exactly 1 parameter, 2 given D:\wamp\www\ThinkPHP3.1\ThinkPHP\Lib\Core\App.class.php 第 56 行.
NOTIC: [2] stripslashes() expects exactly 1 parameter, 2 given D:\wamp\www\ThinkPHP3.1\ThinkPHP\Lib\Core\App.class.php 第 56 行.
NOTIC: [2] stripslashes() expects exactly 1 parameter, 2 given D:\wamp\www\ThinkPHP3.1\ThinkPHP\Lib\Core\App.class.php 第 56 行.
NOTIC: [2] stripslashes() expects exactly 1 parameter, 2 given D:\wamp\www\ThinkPHP3.1\ThinkPHP\Lib\Core\App.class.php 第 56 行.
NOTIC: [2] stripslashes() expects exactly 1 parameter, 2 given D:\wamp\www\ThinkPHP3.1\ThinkPHP\Lib\Core\App.class.php 第 56 行.
NOTIC: [2] stripslashes() expects exactly 1 parameter, 2 given D:\wamp\www\ThinkPHP3.1\ThinkPHP\Lib\Core\App.class.php 第 56 行.
NOTIC: [2] stripslashes() expects exactly 1 parameter, 2 given D:\wamp\www\ThinkPHP3.1\ThinkPHP\Lib\Core\App.class.php 第 56 行.
NOTIC: [2] stripslashes() expects exactly 1 parameter, 2 given D:\wamp\www\ThinkPHP3.1\ThinkPHP\Lib\Core\App.class.php 第 56 行.
NOTIC: [2] stripslashes() expects exactly 1 parameter, 2 given D:\wamp\www\ThinkPHP3.1\ThinkPHP\Lib\Core\App.class.php 第 56 行.
NOTIC: [2] stripslashes() expects exactly 1 parameter, 2 given D:\wamp\www\ThinkPHP3.1\ThinkPHP\Lib\Core\App.class.php 第 56 行.
NOTIC: [2] stripslashes() expects exactly 1 parameter, 2 given D:\wamp\www\ThinkPHP3.1\ThinkPHP\Lib\Core\App.class.php 第 56 行.
NOTIC: [2] stripslashes() expects exactly 1 parameter, 2 given D:\wamp\www\ThinkPHP3.1\ThinkPHP\Lib\Core\App.class.php 第 57 行.
NOTIC: [2] stripslashes() expects exactly 1 parameter, 2 given D:\wamp\www\ThinkPHP3.1\ThinkPHP\Lib\Core\App.class.php 第 57 行.
INFO: [ app_begin ] --START--
INFO: ReadHtmlCache Behavior ::run [ RunTime:0.000949s ]
INFO: [ app_begin ] --END-- [ RunTime:0.001098s ]
SQL: SHOW COLUMNS FROM `xm_jobs` [ RunTime:0.014895s ]

[ 2015-04-30T09:38:05+08:00 ] 127.0.0.1 /Tpl/bootstrap/js/jquery.min.map
ERR: 无法加载模块:Tpl

[ 2015-04-30T09:38:55+08:00 ] 127.0.0.1 /PublishJobs/publish.html
NOTIC: [2] stripslashes() expects exactly 1 parameter, 2 given D:\wamp\www\ThinkPHP3.1\ThinkPHP\Lib\Core\App.class.php 第 56 行.
NOTIC: [2] stripslashes() expects exactly 1 parameter, 2 given D:\wamp\www\ThinkPHP3.1\ThinkPHP\Lib\Core\App.class.php 第 56 行.
NOTIC: [2] stripslashes() expects exactly 1 parameter, 2 given D:\wamp\www\ThinkPHP3.1\ThinkPHP\Lib\Core\App.class.php 第 56 行.
NOTIC: [2] stripslashes() expects exactly 1 parameter, 2 given D:\wamp\www\ThinkPHP3.1\ThinkPHP\Lib\Core\App.class.php 第 56 行.
NOTIC: [2] stripslashes() expects exactly 1 parameter, 2 given D:\wamp\www\ThinkPHP3.1\ThinkPHP\Lib\Core\App.class.php 第 56 行.
NOTIC: [2] stripslashes() expects exactly 1 parameter, 2 given D:\wamp\www\ThinkPHP3.1\ThinkPHP\Lib\Core\App.class.php 第 56 行.
NOTIC: [2] stripslashes() expects exactly 1 parameter, 2 given D:\wamp\www\ThinkPHP3.1\ThinkPHP\Lib\Core\App.class.php 第 56 行.
NOTIC: [2] stripslashes() expects exactly 1 parameter, 2 given D:\wamp\www\ThinkPHP3.1\ThinkPHP\Lib\Core\App.class.php 第 56 行.
NOTIC: [2] stripslashes() expects exactly 1 parameter, 2 given D:\wamp\www\ThinkPHP3.1\ThinkPHP\Lib\Core\App.class.php 第 56 行.
NOTIC: [2] stripslashes() expects exactly 1 parameter, 2 given D:\wamp\www\ThinkPHP3.1\ThinkPHP\Lib\Core\App.class.php 第 56 行.
NOTIC: [2] stripslashes() expects exactly 1 parameter, 2 given D:\wamp\www\ThinkPHP3.1\ThinkPHP\Lib\Core\App.class.php 第 56 行.
NOTIC: [2] stripslashes() expects exactly 1 parameter, 2 given D:\wamp\www\ThinkPHP3.1\ThinkPHP\Lib\Core\App.class.php 第 56 行.
NOTIC: [2] stripslashes() expects exactly 1 parameter, 2 given D:\wamp\www\ThinkPHP3.1\ThinkPHP\Lib\Core\App.class.php 第 56 行.
NOTIC: [2] stripslashes() expects exactly 1 parameter, 2 given D:\wamp\www\ThinkPHP3.1\ThinkPHP\Lib\Core\App.class.php 第 56 行.
NOTIC: [2] stripslashes() expects exactly 1 parameter, 2 given D:\wamp\www\ThinkPHP3.1\ThinkPHP\Lib\Core\App.class.php 第 57 行.
NOTIC: [2] stripslashes() expects exactly 1 parameter, 2 given D:\wamp\www\ThinkPHP3.1\ThinkPHP\Lib\Core\App.class.php 第 57 行.
INFO: [ app_begin ] --START--
INFO: ReadHtmlCache Behavior ::run [ RunTime:0.001208s ]
INFO: [ app_begin ] --END-- [ RunTime:0.001381s ]
SQL: SHOW COLUMNS FROM `xm_jobs` [ RunTime:0.010204s ]
NOTIC: [2] preg_match() expects parameter 2 to be string, array given D:\wamp\www\ThinkPHP3.1\ThinkPHP\Lib\Core\Model.class.php 第 883 行.

[ 2015-04-30T09:39:36+08:00 ] 127.0.0.1 /Tpl/bootstrap/js/jquery.min.map
ERR: 无法加载模块:Tpl

[ 2015-04-30T09:40:19+08:00 ] 127.0.0.1 /PublishJobs/publish.html
NOTIC: [2] stripslashes() expects exactly 1 parameter, 2 given D:\wamp\www\ThinkPHP3.1\ThinkPHP\Lib\Core\App.class.php 第 56 行.
NOTIC: [2] stripslashes() expects exactly 1 parameter, 2 given D:\wamp\www\ThinkPHP3.1\ThinkPHP\Lib\Core\App.class.php 第 56 行.
NOTIC: [2] stripslashes() expects exactly 1 parameter, 2 given D:\wamp\www\ThinkPHP3.1\ThinkPHP\Lib\Core\App.class.php 第 56 行.
NOTIC: [2] stripslashes() expects exactly 1 parameter, 2 given D:\wamp\www\ThinkPHP3.1\ThinkPHP\Lib\Core\App.class.php 第 56 行.
NOTIC: [2] stripslashes() expects exactly 1 parameter, 2 given D:\wamp\www\ThinkPHP3.1\ThinkPHP\Lib\Core\App.class.php 第 56 行.
NOTIC: [2] stripslashes() expects exactly 1 parameter, 2 given D:\wamp\www\ThinkPHP3.1\ThinkPHP\Lib\Core\App.class.php 第 56 行.
NOTIC: [2] stripslashes() expects exactly 1 parameter, 2 given D:\wamp\www\ThinkPHP3.1\ThinkPHP\Lib\Core\App.class.php 第 56 行.
NOTIC: [2] stripslashes() expects exactly 1 parameter, 2 given D:\wamp\www\ThinkPHP3.1\ThinkPHP\Lib\Core\App.class.php 第 56 行.
NOTIC: [2] stripslashes() expects exactly 1 parameter, 2 given D:\wamp\www\ThinkPHP3.1\ThinkPHP\Lib\Core\App.class.php 第 56 行.
NOTIC: [2] stripslashes() expects exactly 1 parameter, 2 given D:\wamp\www\ThinkPHP3.1\ThinkPHP\Lib\Core\App.class.php 第 56 行.
NOTIC: [2] stripslashes() expects exactly 1 parameter, 2 given D:\wamp\www\ThinkPHP3.1\ThinkPHP\Lib\Core\App.class.php 第 56 行.
NOTIC: [2] stripslashes() expects exactly 1 parameter, 2 given D:\wamp\www\ThinkPHP3.1\ThinkPHP\Lib\Core\App.class.php 第 56 行.
NOTIC: [2] stripslashes() expects exactly 1 parameter, 2 given D:\wamp\www\ThinkPHP3.1\ThinkPHP\Lib\Core\App.class.php 第 56 行.
NOTIC: [2] stripslashes() expects exactly 1 parameter, 2 given D:\wamp\www\ThinkPHP3.1\ThinkPHP\Lib\Core\App.class.php 第 57 行.
NOTIC: [2] stripslashes() expects exactly 1 parameter, 2 given D:\wamp\www\ThinkPHP3.1\ThinkPHP\Lib\Core\App.class.php 第 57 行.
INFO: [ app_begin ] --START--
INFO: ReadHtmlCache Behavior ::run [ RunTime:0.001079s ]
INFO: [ app_begin ] --END-- [ RunTime:0.001244s ]
SQL: SHOW COLUMNS FROM `xm_jobs` [ RunTime:0.005751s ]

[ 2015-04-30T09:43:54+08:00 ] 127.0.0.1 /Tpl/bootstrap/js/jquery.min.map
ERR: 无法加载模块:Tpl

[ 2015-04-30T09:44:02+08:00 ] 127.0.0.1 /PublishJobs/publish.html
NOTIC: [2] stripslashes() expects exactly 1 parameter, 2 given D:\wamp\www\ThinkPHP3.1\ThinkPHP\Lib\Core\App.class.php 第 56 行.
NOTIC: [2] stripslashes() expects exactly 1 parameter, 2 given D:\wamp\www\ThinkPHP3.1\ThinkPHP\Lib\Core\App.class.php 第 56 行.
NOTIC: [2] stripslashes() expects exactly 1 parameter, 2 given D:\wamp\www\ThinkPHP3.1\ThinkPHP\Lib\Core\App.class.php 第 56 行.
NOTIC: [2] stripslashes() expects exactly 1 parameter, 2 given D:\wamp\www\ThinkPHP3.1\ThinkPHP\Lib\Core\App.class.php 第 56 行.
NOTIC: [2] stripslashes() expects exactly 1 parameter, 2 given D:\wamp\www\ThinkPHP3.1\ThinkPHP\Lib\Core\App.class.php 第 56 行.
NOTIC: [2] stripslashes() expects exactly 1 parameter, 2 given D:\wamp\www\ThinkPHP3.1\ThinkPHP\Lib\Core\App.class.php 第 56 行.
NOTIC: [2] stripslashes() expects exactly 1 parameter, 2 given D:\wamp\www\ThinkPHP3.1\ThinkPHP\Lib\Core\App.class.php 第 56 行.
NOTIC: [2] stripslashes() expects exactly 1 parameter, 2 given D:\wamp\www\ThinkPHP3.1\ThinkPHP\Lib\Core\App.class.php 第 56 行.
NOTIC: [2] stripslashes() expects exactly 1 parameter, 2 given D:\wamp\www\ThinkPHP3.1\ThinkPHP\Lib\Core\App.class.php 第 56 行.
NOTIC: [2] stripslashes() expects exactly 1 parameter, 2 given D:\wamp\www\ThinkPHP3.1\ThinkPHP\Lib\Core\App.class.php 第 56 行.
NOTIC: [2] stripslashes() expects exactly 1 parameter, 2 given D:\wamp\www\ThinkPHP3.1\ThinkPHP\Lib\Core\App.class.php 第 56 行.
NOTIC: [2] stripslashes() expects exactly 1 parameter, 2 given D:\wamp\www\ThinkPHP3.1\ThinkPHP\Lib\Core\App.class.php 第 56 行.
NOTIC: [2] stripslashes() expects exactly 1 parameter, 2 given D:\wamp\www\ThinkPHP3.1\ThinkPHP\Lib\Core\App.class.php 第 56 行.
NOTIC: [2] stripslashes() expects exactly 1 parameter, 2 given D:\wamp\www\ThinkPHP3.1\ThinkPHP\Lib\Core\App.class.php 第 57 行.
NOTIC: [2] stripslashes() expects exactly 1 parameter, 2 given D:\wamp\www\ThinkPHP3.1\ThinkPHP\Lib\Core\App.class.php 第 57 行.
INFO: [ app_begin ] --START--
INFO: ReadHtmlCache Behavior ::run [ RunTime:0.000633s ]
INFO: [ app_begin ] --END-- [ RunTime:0.000725s ]
SQL: SHOW COLUMNS FROM `xm_jobs` [ RunTime:0.006160s ]

[ 2015-04-30T09:47:05+08:00 ] 127.0.0.1 /Tpl/bootstrap/js/jquery.min.map
ERR: 无法加载模块:Tpl

[ 2015-04-30T09:47:19+08:00 ] 127.0.0.1 /PublishJobs/publish.html
NOTIC: [2] stripslashes() expects exactly 1 parameter, 2 given D:\wamp\www\ThinkPHP3.1\ThinkPHP\Lib\Core\App.class.php 第 56 行.
NOTIC: [2] stripslashes() expects exactly 1 parameter, 2 given D:\wamp\www\ThinkPHP3.1\ThinkPHP\Lib\Core\App.class.php 第 56 行.
NOTIC: [2] stripslashes() expects exactly 1 parameter, 2 given D:\wamp\www\ThinkPHP3.1\ThinkPHP\Lib\Core\App.class.php 第 56 行.
NOTIC: [2] stripslashes() expects exactly 1 parameter, 2 given D:\wamp\www\ThinkPHP3.1\ThinkPHP\Lib\Core\App.class.php 第 56 行.
NOTIC: [2] stripslashes() expects exactly 1 parameter, 2 given D:\wamp\www\ThinkPHP3.1\ThinkPHP\Lib\Core\App.class.php 第 56 行.
NOTIC: [2] stripslashes() expects exactly 1 parameter, 2 given D:\wamp\www\ThinkPHP3.1\ThinkPHP\Lib\Core\App.class.php 第 56 行.
NOTIC: [2] stripslashes() expects exactly 1 parameter, 2 given D:\wamp\www\ThinkPHP3.1\ThinkPHP\Lib\Core\App.class.php 第 56 行.
NOTIC: [2] stripslashes() expects exactly 1 parameter, 2 given D:\wamp\www\ThinkPHP3.1\ThinkPHP\Lib\Core\App.class.php 第 56 行.
NOTIC: [2] stripslashes() expects exactly 1 parameter, 2 given D:\wamp\www\ThinkPHP3.1\ThinkPHP\Lib\Core\App.class.php 第 56 行.
NOTIC: [2] stripslashes() expects exactly 1 parameter, 2 given D:\wamp\www\ThinkPHP3.1\ThinkPHP\Lib\Core\App.class.php 第 56 行.
NOTIC: [2] stripslashes() expects exactly 1 parameter, 2 given D:\wamp\www\ThinkPHP3.1\ThinkPHP\Lib\Core\App.class.php 第 56 行.
NOTIC: [2] stripslashes() expects exactly 1 parameter, 2 given D:\wamp\www\ThinkPHP3.1\ThinkPHP\Lib\Core\App.class.php 第 56 行.
NOTIC: [2] stripslashes() expects exactly 1 parameter, 2 given D:\wamp\www\ThinkPHP3.1\ThinkPHP\Lib\Core\App.class.php 第 56 行.
NOTIC: [2] stripslashes() expects exactly 1 parameter, 2 given D:\wamp\www\ThinkPHP3.1\ThinkPHP\Lib\Core\App.class.php 第 57 行.
NOTIC: [2] stripslashes() expects exactly 1 parameter, 2 given D:\wamp\www\ThinkPHP3.1\ThinkPHP\Lib\Core\App.class.php 第 57 行.
INFO: [ app_begin ] --START--
INFO: ReadHtmlCache Behavior ::run [ RunTime:0.000959s ]
INFO: [ app_begin ] --END-- [ RunTime:0.001093s ]
SQL: SHOW COLUMNS FROM `xm_jobs` [ RunTime:0.006529s ]

[ 2015-04-30T09:52:20+08:00 ] 127.0.0.1 /PublishJobs/publish.html
NOTIC: [2] stripslashes() expects exactly 1 parameter, 2 given D:\wamp\www\ThinkPHP3.1\ThinkPHP\Lib\Core\App.class.php 第 56 行.
NOTIC: [2] stripslashes() expects exactly 1 parameter, 2 given D:\wamp\www\ThinkPHP3.1\ThinkPHP\Lib\Core\App.class.php 第 56 行.
NOTIC: [2] stripslashes() expects exactly 1 parameter, 2 given D:\wamp\www\ThinkPHP3.1\ThinkPHP\Lib\Core\App.class.php 第 56 行.
NOTIC: [2] stripslashes() expects exactly 1 parameter, 2 given D:\wamp\www\ThinkPHP3.1\ThinkPHP\Lib\Core\App.class.php 第 56 行.
NOTIC: [2] stripslashes() expects exactly 1 parameter, 2 given D:\wamp\www\ThinkPHP3.1\ThinkPHP\Lib\Core\App.class.php 第 56 行.
NOTIC: [2] stripslashes() expects exactly 1 parameter, 2 given D:\wamp\www\ThinkPHP3.1\ThinkPHP\Lib\Core\App.class.php 第 56 行.
NOTIC: [2] stripslashes() expects exactly 1 parameter, 2 given D:\wamp\www\ThinkPHP3.1\ThinkPHP\Lib\Core\App.class.php 第 56 行.
NOTIC: [2] stripslashes() expects exactly 1 parameter, 2 given D:\wamp\www\ThinkPHP3.1\ThinkPHP\Lib\Core\App.class.php 第 56 行.
NOTIC: [2] stripslashes() expects exactly 1 parameter, 2 given D:\wamp\www\ThinkPHP3.1\ThinkPHP\Lib\Core\App.class.php 第 56 行.
NOTIC: [2] stripslashes() expects exactly 1 parameter, 2 given D:\wamp\www\ThinkPHP3.1\ThinkPHP\Lib\Core\App.class.php 第 56 行.
NOTIC: [2] stripslashes() expects exactly 1 parameter, 2 given D:\wamp\www\ThinkPHP3.1\ThinkPHP\Lib\Core\App.class.php 第 56 行.
NOTIC: [2] stripslashes() expects exactly 1 parameter, 2 given D:\wamp\www\ThinkPHP3.1\ThinkPHP\Lib\Core\App.class.php 第 56 行.
NOTIC: [2] stripslashes() expects exactly 1 parameter, 2 given D:\wamp\www\ThinkPHP3.1\ThinkPHP\Lib\Core\App.class.php 第 56 行.
NOTIC: [2] stripslashes() expects exactly 1 parameter, 2 given D:\wamp\www\ThinkPHP3.1\ThinkPHP\Lib\Core\App.class.php 第 57 行.
NOTIC: [2] stripslashes() expects exactly 1 parameter, 2 given D:\wamp\www\ThinkPHP3.1\ThinkPHP\Lib\Core\App.class.php 第 57 行.
INFO: [ app_begin ] --START--
INFO: ReadHtmlCache Behavior ::run [ RunTime:0.000668s ]
INFO: [ app_begin ] --END-- [ RunTime:0.000764s ]
SQL: SHOW COLUMNS FROM `xm_jobs` [ RunTime:0.008392s ]

[ 2015-04-30T09:53:04+08:00 ] 127.0.0.1 /Tpl/bootstrap/js/jquery.min.map
ERR: 无法加载模块:Tpl

[ 2015-04-30T09:53:19+08:00 ] 127.0.0.1 /PublishJobs/publish.html
NOTIC: [2] stripslashes() expects exactly 1 parameter, 2 given D:\wamp\www\ThinkPHP3.1\ThinkPHP\Lib\Core\App.class.php 第 56 行.
NOTIC: [2] stripslashes() expects exactly 1 parameter, 2 given D:\wamp\www\ThinkPHP3.1\ThinkPHP\Lib\Core\App.class.php 第 56 行.
NOTIC: [2] stripslashes() expects exactly 1 parameter, 2 given D:\wamp\www\ThinkPHP3.1\ThinkPHP\Lib\Core\App.class.php 第 56 行.
NOTIC: [2] stripslashes() expects exactly 1 parameter, 2 given D:\wamp\www\ThinkPHP3.1\ThinkPHP\Lib\Core\App.class.php 第 56 行.
NOTIC: [2] stripslashes() expects exactly 1 parameter, 2 given D:\wamp\www\ThinkPHP3.1\ThinkPHP\Lib\Core\App.class.php 第 56 行.
NOTIC: [2] stripslashes() expects exactly 1 parameter, 2 given D:\wamp\www\ThinkPHP3.1\ThinkPHP\Lib\Core\App.class.php 第 56 行.
NOTIC: [2] stripslashes() expects exactly 1 parameter, 2 given D:\wamp\www\ThinkPHP3.1\ThinkPHP\Lib\Core\App.class.php 第 56 行.
NOTIC: [2] stripslashes() expects exactly 1 parameter, 2 given D:\wamp\www\ThinkPHP3.1\ThinkPHP\Lib\Core\App.class.php 第 56 行.
NOTIC: [2] stripslashes() expects exactly 1 parameter, 2 given D:\wamp\www\ThinkPHP3.1\ThinkPHP\Lib\Core\App.class.php 第 56 行.
NOTIC: [2] stripslashes() expects exactly 1 parameter, 2 given D:\wamp\www\ThinkPHP3.1\ThinkPHP\Lib\Core\App.class.php 第 56 行.
NOTIC: [2] stripslashes() expects exactly 1 parameter, 2 given D:\wamp\www\ThinkPHP3.1\ThinkPHP\Lib\Core\App.class.php 第 56 行.
NOTIC: [2] stripslashes() expects exactly 1 parameter, 2 given D:\wamp\www\ThinkPHP3.1\ThinkPHP\Lib\Core\App.class.php 第 56 行.
NOTIC: [2] stripslashes() expects exactly 1 parameter, 2 given D:\wamp\www\ThinkPHP3.1\ThinkPHP\Lib\Core\App.class.php 第 56 行.
NOTIC: [2] stripslashes() expects exactly 1 parameter, 2 given D:\wamp\www\ThinkPHP3.1\ThinkPHP\Lib\Core\App.class.php 第 57 行.
NOTIC: [2] stripslashes() expects exactly 1 parameter, 2 given D:\wamp\www\ThinkPHP3.1\ThinkPHP\Lib\Core\App.class.php 第 57 行.
INFO: [ app_begin ] --START--
INFO: ReadHtmlCache Behavior ::run [ RunTime:0.000643s ]
INFO: [ app_begin ] --END-- [ RunTime:0.000932s ]
SQL: SHOW COLUMNS FROM `xm_jobs` [ RunTime:0.005619s ]
NOTIC: 建议使用I方法替代_post
SQL: INSERT INTO `xm_jobs` (`title`,`leader`,`want_peo`,`address`,`money`,`begin_time`,`expire_time`,`detail`,`pub_oid`,`ctime`) VALUES ('111','11',10,'121.355924,37.516061','1000',2015,1430380399,'介绍',1,1430358799) [ RunTime:0.510561s ]

[ 2015-04-30T09:53:22+08:00 ] 127.0.0.1 /Tpl/bootstrap/js/jquery.min.map
ERR: 无法加载模块:Tpl

[ 2015-04-30T09:53:35+08:00 ] 127.0.0.1 /
NOTIC: 建议使用I方法替代_get

[ 2015-04-30T09:55:32+08:00 ] 127.0.0.1 /JobsInfo/index.html?jid=35
NOTIC: 建议使用I方法替代_get

[ 2015-04-30T09:57:15+08:00 ] 127.0.0.1 /PublishJobs/publish.html
NOTIC: [2] stripslashes() expects exactly 1 parameter, 2 given D:\wamp\www\ThinkPHP3.1\ThinkPHP\Lib\Core\App.class.php 第 56 行.
NOTIC: [2] stripslashes() expects exactly 1 parameter, 2 given D:\wamp\www\ThinkPHP3.1\ThinkPHP\Lib\Core\App.class.php 第 56 行.
NOTIC: [2] stripslashes() expects exactly 1 parameter, 2 given D:\wamp\www\ThinkPHP3.1\ThinkPHP\Lib\Core\App.class.php 第 56 行.
NOTIC: [2] stripslashes() expects exactly 1 parameter, 2 given D:\wamp\www\ThinkPHP3.1\ThinkPHP\Lib\Core\App.class.php 第 56 行.
NOTIC: [2] stripslashes() expects exactly 1 parameter, 2 given D:\wamp\www\ThinkPHP3.1\ThinkPHP\Lib\Core\App.class.php 第 56 行.
NOTIC: [2] stripslashes() expects exactly 1 parameter, 2 given D:\wamp\www\ThinkPHP3.1\ThinkPHP\Lib\Core\App.class.php 第 56 行.
NOTIC: [2] stripslashes() expects exactly 1 parameter, 2 given D:\wamp\www\ThinkPHP3.1\ThinkPHP\Lib\Core\App.class.php 第 56 行.
NOTIC: [2] stripslashes() expects exactly 1 parameter, 2 given D:\wamp\www\ThinkPHP3.1\ThinkPHP\Lib\Core\App.class.php 第 56 行.
NOTIC: [2] stripslashes() expects exactly 1 parameter, 2 given D:\wamp\www\ThinkPHP3.1\ThinkPHP\Lib\Core\App.class.php 第 56 行.
NOTIC: [2] stripslashes() expects exactly 1 parameter, 2 given D:\wamp\www\ThinkPHP3.1\ThinkPHP\Lib\Core\App.class.php 第 56 行.
NOTIC: [2] stripslashes() expects exactly 1 parameter, 2 given D:\wamp\www\ThinkPHP3.1\ThinkPHP\Lib\Core\App.class.php 第 56 行.
NOTIC: [2] stripslashes() expects exactly 1 parameter, 2 given D:\wamp\www\ThinkPHP3.1\ThinkPHP\Lib\Core\App.class.php 第 56 行.
NOTIC: [2] stripslashes() expects exactly 1 parameter, 2 given D:\wamp\www\ThinkPHP3.1\ThinkPHP\Lib\Core\App.class.php 第 56 行.
NOTIC: [2] stripslashes() expects exactly 1 parameter, 2 given D:\wamp\www\ThinkPHP3.1\ThinkPHP\Lib\Core\App.class.php 第 57 行.
NOTIC: [2] stripslashes() expects exactly 1 parameter, 2 given D:\wamp\www\ThinkPHP3.1\ThinkPHP\Lib\Core\App.class.php 第 57 行.
INFO: [ app_begin ] --START--
INFO: ReadHtmlCache Behavior ::run [ RunTime:0.003394s ]
INFO: [ app_begin ] --END-- [ RunTime:0.003508s ]
SQL: SHOW COLUMNS FROM `xm_jobs` [ RunTime:0.006165s ]

[ 2015-04-30T10:11:53+08:00 ] 127.0.0.1 /Tpl/bootstrap/js/jquery.min.map
ERR: 无法加载模块:Tpl

[ 2015-04-30T10:13:05+08:00 ] 127.0.0.1 /PublishJobs/publish.html
NOTIC: [2] stripslashes() expects exactly 1 parameter, 2 given D:\wamp\www\ThinkPHP3.1\ThinkPHP\Lib\Core\App.class.php 第 56 行.
NOTIC: [2] stripslashes() expects exactly 1 parameter, 2 given D:\wamp\www\ThinkPHP3.1\ThinkPHP\Lib\Core\App.class.php 第 56 行.
NOTIC: [2] stripslashes() expects exactly 1 parameter, 2 given D:\wamp\www\ThinkPHP3.1\ThinkPHP\Lib\Core\App.class.php 第 56 行.
NOTIC: [2] stripslashes() expects exactly 1 parameter, 2 given D:\wamp\www\ThinkPHP3.1\ThinkPHP\Lib\Core\App.class.php 第 56 行.
NOTIC: [2] stripslashes() expects exactly 1 parameter, 2 given D:\wamp\www\ThinkPHP3.1\ThinkPHP\Lib\Core\App.class.php 第 56 行.
NOTIC: [2] stripslashes() expects exactly 1 parameter, 2 given D:\wamp\www\ThinkPHP3.1\ThinkPHP\Lib\Core\App.class.php 第 56 行.
NOTIC: [2] stripslashes() expects exactly 1 parameter, 2 given D:\wamp\www\ThinkPHP3.1\ThinkPHP\Lib\Core\App.class.php 第 56 行.
NOTIC: [2] stripslashes() expects exactly 1 parameter, 2 given D:\wamp\www\ThinkPHP3.1\ThinkPHP\Lib\Core\App.class.php 第 56 行.
NOTIC: [2] stripslashes() expects exactly 1 parameter, 2 given D:\wamp\www\ThinkPHP3.1\ThinkPHP\Lib\Core\App.class.php 第 56 行.
NOTIC: [2] stripslashes() expects exactly 1 parameter, 2 given D:\wamp\www\ThinkPHP3.1\ThinkPHP\Lib\Core\App.class.php 第 56 行.
NOTIC: [2] stripslashes() expects exactly 1 parameter, 2 given D:\wamp\www\ThinkPHP3.1\ThinkPHP\Lib\Core\App.class.php 第 56 行.
NOTIC: [2] stripslashes() expects exactly 1 parameter, 2 given D:\wamp\www\ThinkPHP3.1\ThinkPHP\Lib\Core\App.class.php 第 56 行.
NOTIC: [2] stripslashes() expects exactly 1 parameter, 2 given D:\wamp\www\ThinkPHP3.1\ThinkPHP\Lib\Core\App.class.php 第 56 行.
NOTIC: [2] stripslashes() expects exactly 1 parameter, 2 given D:\wamp\www\ThinkPHP3.1\ThinkPHP\Lib\Core\App.class.php 第 57 行.
NOTIC: [2] stripslashes() expects exactly 1 parameter, 2 given D:\wamp\www\ThinkPHP3.1\ThinkPHP\Lib\Core\App.class.php 第 57 行.
INFO: [ app_begin ] --START--
INFO: ReadHtmlCache Behavior ::run [ RunTime:0.000888s ]
INFO: [ app_begin ] --END-- [ RunTime:0.001002s ]
SQL: SHOW COLUMNS FROM `xm_jobs` [ RunTime:0.009628s ]
NOTIC: 建议使用I方法替代_post
SQL: INSERT INTO `xm_jobs` (`title`,`leader`,`want_peo`,`address`,`money`,`begin_time`,`expire_time`,`detail`,`peo_style`,`money_style`,`pub_oid`,`ctime`) VALUES ('测试','孙小蛟',10,'121.357984,37.511432','100',2015,1430374385,'结合扫',1,1,1,1430359985) [ RunTime:0.169105s ]

[ 2015-04-30T10:36:41+08:00 ] 127.0.0.1 /PublishJobs/publish.html
NOTIC: [2] stripslashes() expects exactly 1 parameter, 2 given D:\wamp\www\ThinkPHP3.1\ThinkPHP\Lib\Core\App.class.php 第 56 行.
NOTIC: [2] stripslashes() expects exactly 1 parameter, 2 given D:\wamp\www\ThinkPHP3.1\ThinkPHP\Lib\Core\App.class.php 第 56 行.
NOTIC: [2] stripslashes() expects exactly 1 parameter, 2 given D:\wamp\www\ThinkPHP3.1\ThinkPHP\Lib\Core\App.class.php 第 56 行.
NOTIC: [2] stripslashes() expects exactly 1 parameter, 2 given D:\wamp\www\ThinkPHP3.1\ThinkPHP\Lib\Core\App.class.php 第 56 行.
NOTIC: [2] stripslashes() expects exactly 1 parameter, 2 given D:\wamp\www\ThinkPHP3.1\ThinkPHP\Lib\Core\App.class.php 第 56 行.
NOTIC: [2] stripslashes() expects exactly 1 parameter, 2 given D:\wamp\www\ThinkPHP3.1\ThinkPHP\Lib\Core\App.class.php 第 56 行.
NOTIC: [2] stripslashes() expects exactly 1 parameter, 2 given D:\wamp\www\ThinkPHP3.1\ThinkPHP\Lib\Core\App.class.php 第 56 行.
NOTIC: [2] stripslashes() expects exactly 1 parameter, 2 given D:\wamp\www\ThinkPHP3.1\ThinkPHP\Lib\Core\App.class.php 第 56 行.
NOTIC: [2] stripslashes() expects exactly 1 parameter, 2 given D:\wamp\www\ThinkPHP3.1\ThinkPHP\Lib\Core\App.class.php 第 56 行.
NOTIC: [2] stripslashes() expects exactly 1 parameter, 2 given D:\wamp\www\ThinkPHP3.1\ThinkPHP\Lib\Core\App.class.php 第 56 行.
NOTIC: [2] stripslashes() expects exactly 1 parameter, 2 given D:\wamp\www\ThinkPHP3.1\ThinkPHP\Lib\Core\App.class.php 第 56 行.
NOTIC: [2] stripslashes() expects exactly 1 parameter, 2 given D:\wamp\www\ThinkPHP3.1\ThinkPHP\Lib\Core\App.class.php 第 56 行.
NOTIC: [2] stripslashes() expects exactly 1 parameter, 2 given D:\wamp\www\ThinkPHP3.1\ThinkPHP\Lib\Core\App.class.php 第 56 行.
NOTIC: [2] stripslashes() expects exactly 1 parameter, 2 given D:\wamp\www\ThinkPHP3.1\ThinkPHP\Lib\Core\App.class.php 第 57 行.
NOTIC: [2] stripslashes() expects exactly 1 parameter, 2 given D:\wamp\www\ThinkPHP3.1\ThinkPHP\Lib\Core\App.class.php 第 57 行.
INFO: [ app_begin ] --START--
INFO: ReadHtmlCache Behavior ::run [ RunTime:0.000674s ]
INFO: [ app_begin ] --END-- [ RunTime:0.000782s ]
SQL: SHOW COLUMNS FROM `xm_jobs` [ RunTime:0.219605s ]
NOTIC: 建议使用I方法替代_post
SQL: INSERT INTO `xm_jobs` (`title`,`leader`,`want_peo`,`address`,`money`,`begin_time`,`expire_time`,`detail`,`peo_style`,`money_style`,`pub_oid`,`ctime`) VALUES ('测试','孙小蛟',10,'121.357984,37.511432','100',1430378100,1430375801,'结合扫',1,1,1,1430361401) [ RunTime:0.134232s ]

[ 2015-04-30T10:37:21+08:00 ] 127.0.0.1 /PublishJobs/publish.html
NOTIC: [2] stripslashes() expects exactly 1 parameter, 2 given D:\wamp\www\ThinkPHP3.1\ThinkPHP\Lib\Core\App.class.php 第 56 行.
NOTIC: [2] stripslashes() expects exactly 1 parameter, 2 given D:\wamp\www\ThinkPHP3.1\ThinkPHP\Lib\Core\App.class.php 第 56 行.
NOTIC: [2] stripslashes() expects exactly 1 parameter, 2 given D:\wamp\www\ThinkPHP3.1\ThinkPHP\Lib\Core\App.class.php 第 56 行.
NOTIC: [2] stripslashes() expects exactly 1 parameter, 2 given D:\wamp\www\ThinkPHP3.1\ThinkPHP\Lib\Core\App.class.php 第 56 行.
NOTIC: [2] stripslashes() expects exactly 1 parameter, 2 given D:\wamp\www\ThinkPHP3.1\ThinkPHP\Lib\Core\App.class.php 第 56 行.
NOTIC: [2] stripslashes() expects exactly 1 parameter, 2 given D:\wamp\www\ThinkPHP3.1\ThinkPHP\Lib\Core\App.class.php 第 56 行.
NOTIC: [2] stripslashes() expects exactly 1 parameter, 2 given D:\wamp\www\ThinkPHP3.1\ThinkPHP\Lib\Core\App.class.php 第 56 行.
NOTIC: [2] stripslashes() expects exactly 1 parameter, 2 given D:\wamp\www\ThinkPHP3.1\ThinkPHP\Lib\Core\App.class.php 第 56 行.
NOTIC: [2] stripslashes() expects exactly 1 parameter, 2 given D:\wamp\www\ThinkPHP3.1\ThinkPHP\Lib\Core\App.class.php 第 56 行.
NOTIC: [2] stripslashes() expects exactly 1 parameter, 2 given D:\wamp\www\ThinkPHP3.1\ThinkPHP\Lib\Core\App.class.php 第 56 行.
NOTIC: [2] stripslashes() expects exactly 1 parameter, 2 given D:\wamp\www\ThinkPHP3.1\ThinkPHP\Lib\Core\App.class.php 第 56 行.
NOTIC: [2] stripslashes() expects exactly 1 parameter, 2 given D:\wamp\www\ThinkPHP3.1\ThinkPHP\Lib\Core\App.class.php 第 56 行.
NOTIC: [2] stripslashes() expects exactly 1 parameter, 2 given D:\wamp\www\ThinkPHP3.1\ThinkPHP\Lib\Core\App.class.php 第 56 行.
NOTIC: [2] stripslashes() expects exactly 1 parameter, 2 given D:\wamp\www\ThinkPHP3.1\ThinkPHP\Lib\Core\App.class.php 第 57 行.
NOTIC: [2] stripslashes() expects exactly 1 parameter, 2 given D:\wamp\www\ThinkPHP3.1\ThinkPHP\Lib\Core\App.class.php 第 57 行.
INFO: [ app_begin ] --START--
INFO: ReadHtmlCache Behavior ::run [ RunTime:0.000981s ]
INFO: [ app_begin ] --END-- [ RunTime:0.001115s ]
SQL: SHOW COLUMNS FROM `xm_jobs` [ RunTime:0.009693s ]
NOTIC: 建议使用I方法替代_post
SQL: INSERT INTO `xm_jobs` (`title`,`leader`,`want_peo`,`address`,`money`,`begin_time`,`expire_time`,`detail`,`peo_style`,`money_style`,`pub_oid`,`ctime`) VALUES ('测试','孙小蛟',10,'121.357984,37.511432','100',1430378100,1430375841,'结合扫',1,1,1,1430361441) [ RunTime:0.181700s ]

[ 2015-04-30T10:38:18+08:00 ] 127.0.0.1 /PublishJobs/publish.html
NOTIC: [2] stripslashes() expects exactly 1 parameter, 2 given D:\wamp\www\ThinkPHP3.1\ThinkPHP\Lib\Core\App.class.php 第 56 行.
NOTIC: [2] stripslashes() expects exactly 1 parameter, 2 given D:\wamp\www\ThinkPHP3.1\ThinkPHP\Lib\Core\App.class.php 第 56 行.
NOTIC: [2] stripslashes() expects exactly 1 parameter, 2 given D:\wamp\www\ThinkPHP3.1\ThinkPHP\Lib\Core\App.class.php 第 56 行.
NOTIC: [2] stripslashes() expects exactly 1 parameter, 2 given D:\wamp\www\ThinkPHP3.1\ThinkPHP\Lib\Core\App.class.php 第 56 行.
NOTIC: [2] stripslashes() expects exactly 1 parameter, 2 given D:\wamp\www\ThinkPHP3.1\ThinkPHP\Lib\Core\App.class.php 第 56 行.
NOTIC: [2] stripslashes() expects exactly 1 parameter, 2 given D:\wamp\www\ThinkPHP3.1\ThinkPHP\Lib\Core\App.class.php 第 56 行.
NOTIC: [2] stripslashes() expects exactly 1 parameter, 2 given D:\wamp\www\ThinkPHP3.1\ThinkPHP\Lib\Core\App.class.php 第 56 行.
NOTIC: [2] stripslashes() expects exactly 1 parameter, 2 given D:\wamp\www\ThinkPHP3.1\ThinkPHP\Lib\Core\App.class.php 第 56 行.
NOTIC: [2] stripslashes() expects exactly 1 parameter, 2 given D:\wamp\www\ThinkPHP3.1\ThinkPHP\Lib\Core\App.class.php 第 56 行.
NOTIC: [2] stripslashes() expects exactly 1 parameter, 2 given D:\wamp\www\ThinkPHP3.1\ThinkPHP\Lib\Core\App.class.php 第 56 行.
NOTIC: [2] stripslashes() expects exactly 1 parameter, 2 given D:\wamp\www\ThinkPHP3.1\ThinkPHP\Lib\Core\App.class.php 第 56 行.
NOTIC: [2] stripslashes() expects exactly 1 parameter, 2 given D:\wamp\www\ThinkPHP3.1\ThinkPHP\Lib\Core\App.class.php 第 56 行.
NOTIC: [2] stripslashes() expects exactly 1 parameter, 2 given D:\wamp\www\ThinkPHP3.1\ThinkPHP\Lib\Core\App.class.php 第 56 行.
NOTIC: [2] stripslashes() expects exactly 1 parameter, 2 given D:\wamp\www\ThinkPHP3.1\ThinkPHP\Lib\Core\App.class.php 第 57 行.
NOTIC: [2] stripslashes() expects exactly 1 parameter, 2 given D:\wamp\www\ThinkPHP3.1\ThinkPHP\Lib\Core\App.class.php 第 57 行.
INFO: [ app_begin ] --START--
INFO: ReadHtmlCache Behavior ::run [ RunTime:0.000677s ]
INFO: [ app_begin ] --END-- [ RunTime:0.000775s ]
SQL: SHOW COLUMNS FROM `xm_jobs` [ RunTime:0.005628s ]
NOTIC: 建议使用I方法替代_post
SQL: INSERT INTO `xm_jobs` (`title`,`leader`,`want_peo`,`address`,`money`,`begin_time`,`expire_time`,`detail`,`peo_style`,`money_style`,`pub_oid`,`ctime`) VALUES ('测试','孙小蛟',10,'121.357984,37.511432','100',1430378100,1430375898,'结合扫',1,1,1,1430361498) [ RunTime:0.146234s ]

[ 2015-04-30T10:38:21+08:00 ] 127.0.0.1 /Tpl/bootstrap/js/jquery.min.map
ERR: 无法加载模块:Tpl

[ 2015-04-30T10:46:14+08:00 ] 127.0.0.1 /PublishJobs/publish.html
NOTIC: [2] stripslashes() expects exactly 1 parameter, 2 given D:\wamp\www\ThinkPHP3.1\ThinkPHP\Lib\Core\App.class.php 第 56 行.
NOTIC: [2] stripslashes() expects exactly 1 parameter, 2 given D:\wamp\www\ThinkPHP3.1\ThinkPHP\Lib\Core\App.class.php 第 56 行.
NOTIC: [2] stripslashes() expects exactly 1 parameter, 2 given D:\wamp\www\ThinkPHP3.1\ThinkPHP\Lib\Core\App.class.php 第 56 行.
NOTIC: [2] stripslashes() expects exactly 1 parameter, 2 given D:\wamp\www\ThinkPHP3.1\ThinkPHP\Lib\Core\App.class.php 第 56 行.
NOTIC: [2] stripslashes() expects exactly 1 parameter, 2 given D:\wamp\www\ThinkPHP3.1\ThinkPHP\Lib\Core\App.class.php 第 56 行.
NOTIC: [2] stripslashes() expects exactly 1 parameter, 2 given D:\wamp\www\ThinkPHP3.1\ThinkPHP\Lib\Core\App.class.php 第 56 行.
NOTIC: [2] stripslashes() expects exactly 1 parameter, 2 given D:\wamp\www\ThinkPHP3.1\ThinkPHP\Lib\Core\App.class.php 第 56 行.
NOTIC: [2] stripslashes() expects exactly 1 parameter, 2 given D:\wamp\www\ThinkPHP3.1\ThinkPHP\Lib\Core\App.class.php 第 56 行.
NOTIC: [2] stripslashes() expects exactly 1 parameter, 2 given D:\wamp\www\ThinkPHP3.1\ThinkPHP\Lib\Core\App.class.php 第 56 行.
NOTIC: [2] stripslashes() expects exactly 1 parameter, 2 given D:\wamp\www\ThinkPHP3.1\ThinkPHP\Lib\Core\App.class.php 第 56 行.
NOTIC: [2] stripslashes() expects exactly 1 parameter, 2 given D:\wamp\www\ThinkPHP3.1\ThinkPHP\Lib\Core\App.class.php 第 56 行.
NOTIC: [2] stripslashes() expects exactly 1 parameter, 2 given D:\wamp\www\ThinkPHP3.1\ThinkPHP\Lib\Core\App.class.php 第 56 行.
NOTIC: [2] stripslashes() expects exactly 1 parameter, 2 given D:\wamp\www\ThinkPHP3.1\ThinkPHP\Lib\Core\App.class.php 第 56 行.
NOTIC: [2] stripslashes() expects exactly 1 parameter, 2 given D:\wamp\www\ThinkPHP3.1\ThinkPHP\Lib\Core\App.class.php 第 57 行.
NOTIC: [2] stripslashes() expects exactly 1 parameter, 2 given D:\wamp\www\ThinkPHP3.1\ThinkPHP\Lib\Core\App.class.php 第 57 行.
INFO: [ app_begin ] --START--
INFO: ReadHtmlCache Behavior ::run [ RunTime:0.001260s ]
INFO: [ app_begin ] --END-- [ RunTime:0.001436s ]
SQL: SHOW COLUMNS FROM `xm_jobs` [ RunTime:0.012869s ]

[ 2015-04-30T10:46:20+08:00 ] 127.0.0.1 /PublishJobs/publish.html
NOTIC: [2] stripslashes() expects exactly 1 parameter, 2 given D:\wamp\www\ThinkPHP3.1\ThinkPHP\Lib\Core\App.class.php 第 56 行.
NOTIC: [2] stripslashes() expects exactly 1 parameter, 2 given D:\wamp\www\ThinkPHP3.1\ThinkPHP\Lib\Core\App.class.php 第 56 行.
NOTIC: [2] stripslashes() expects exactly 1 parameter, 2 given D:\wamp\www\ThinkPHP3.1\ThinkPHP\Lib\Core\App.class.php 第 56 行.
NOTIC: [2] stripslashes() expects exactly 1 parameter, 2 given D:\wamp\www\ThinkPHP3.1\ThinkPHP\Lib\Core\App.class.php 第 56 行.
NOTIC: [2] stripslashes() expects exactly 1 parameter, 2 given D:\wamp\www\ThinkPHP3.1\ThinkPHP\Lib\Core\App.class.php 第 56 行.
NOTIC: [2] stripslashes() expects exactly 1 parameter, 2 given D:\wamp\www\ThinkPHP3.1\ThinkPHP\Lib\Core\App.class.php 第 56 行.
NOTIC: [2] stripslashes() expects exactly 1 parameter, 2 given D:\wamp\www\ThinkPHP3.1\ThinkPHP\Lib\Core\App.class.php 第 56 行.
NOTIC: [2] stripslashes() expects exactly 1 parameter, 2 given D:\wamp\www\ThinkPHP3.1\ThinkPHP\Lib\Core\App.class.php 第 56 行.
NOTIC: [2] stripslashes() expects exactly 1 parameter, 2 given D:\wamp\www\ThinkPHP3.1\ThinkPHP\Lib\Core\App.class.php 第 56 行.
NOTIC: [2] stripslashes() expects exactly 1 parameter, 2 given D:\wamp\www\ThinkPHP3.1\ThinkPHP\Lib\Core\App.class.php 第 56 行.
NOTIC: [2] stripslashes() expects exactly 1 parameter, 2 given D:\wamp\www\ThinkPHP3.1\ThinkPHP\Lib\Core\App.class.php 第 56 行.
NOTIC: [2] stripslashes() expects exactly 1 parameter, 2 given D:\wamp\www\ThinkPHP3.1\ThinkPHP\Lib\Core\App.class.php 第 56 行.
NOTIC: [2] stripslashes() expects exactly 1 parameter, 2 given D:\wamp\www\ThinkPHP3.1\ThinkPHP\Lib\Core\App.class.php 第 56 行.
NOTIC: [2] stripslashes() expects exactly 1 parameter, 2 given D:\wamp\www\ThinkPHP3.1\ThinkPHP\Lib\Core\App.class.php 第 57 行.
NOTIC: [2] stripslashes() expects exactly 1 parameter, 2 given D:\wamp\www\ThinkPHP3.1\ThinkPHP\Lib\Core\App.class.php 第 57 行.
INFO: [ app_begin ] --START--
INFO: ReadHtmlCache Behavior ::run [ RunTime:0.000753s ]
INFO: [ app_begin ] --END-- [ RunTime:0.000859s ]
SQL: SHOW COLUMNS FROM `xm_jobs` [ RunTime:0.010326s ]
NOTIC: 建议使用I方法替代_post
SQL: INSERT INTO `xm_jobs` (`title`,`leader`,`want_peo`,`address`,`money`,`begin_time`,`expire_time`,`detail`,`peo_style`,`money_style`,`pub_oid`,`ctime`) VALUES ('测试2','孙小蛟',10,'121.357984,37.514155','10',1430361300,1430369180,'结合扫的',1,1,1,1430361980) [ RunTime:0.183454s ]

[ 2015-04-30T10:46:23+08:00 ] 127.0.0.1 /Tpl/bootstrap/js/jquery.min.map
ERR: 无法加载模块:Tpl

[ 2015-04-30T10:46:29+08:00 ] 127.0.0.1 /
NOTIC: 建议使用I方法替代_get

[ 2015-04-30T10:46:32+08:00 ] 127.0.0.1 /JobsInfo/index.html?jid=40
NOTIC: 建议使用I方法替代_get

[ 2015-04-30T10:51:07+08:00 ] 127.0.0.1 /Tpl/bootstrap/js/jquery.min.map
ERR: 无法加载模块:Tpl

[ 2015-04-30T10:52:09+08:00 ] 127.0.0.1 /Tpl/bootstrap/js/jquery.min.map
ERR: 无法加载模块:Tpl

[ 2015-04-30T10:53:41+08:00 ] 127.0.0.1 /Tpl/bootstrap/js/jquery.min.map
ERR: 无法加载模块:Tpl

[ 2015-04-30T11:09:38+08:00 ] 127.0.0.1 /JobsInfo/index.html?jid=40
NOTIC: 建议使用I方法替代_get

[ 2015-04-30T11:45:54+08:00 ] 127.0.0.1 /JobsInfo/index.html?jid=40
NOTIC: 建议使用I方法替代_get

[ 2015-04-30T11:45:54+08:00 ] 127.0.0.1 /JobsInfo/index.html?jid=40
NOTIC: 建议使用I方法替代_get

[ 2015-04-30T11:47:06+08:00 ] 127.0.0.1 /JobsInfo/index.html?jid=40
NOTIC: 建议使用I方法替代_get

[ 2015-04-30T11:47:06+08:00 ] 127.0.0.1 /JobsInfo/index.html?jid=40
NOTIC: 建议使用I方法替代_get

[ 2015-04-30T11:47:40+08:00 ] 127.0.0.1 /JobsInfo/index.html?jid=40
NOTIC: 建议使用I方法替代_get

[ 2015-04-30T11:48:15+08:00 ] 127.0.0.1 /JobsInfo/index.html?jid=40
NOTIC: 建议使用I方法替代_get

[ 2015-04-30T11:50:52+08:00 ] 127.0.0.1 /JobsInfo/index.html?jid=40
NOTIC: 建议使用I方法替代_get

[ 2015-04-30T11:53:17+08:00 ] 127.0.0.1 /JobsInfo/index.html?jid=40
NOTIC: 建议使用I方法替代_get

[ 2015-04-30T11:53:26+08:00 ] 127.0.0.1 /JobsInfo/index.html?jid=40
NOTIC: 建议使用I方法替代_get

[ 2015-04-30T11:53:41+08:00 ] 127.0.0.1 /JobsInfo/index.html?jid=40
NOTIC: 建议使用I方法替代_get

[ 2015-04-30T11:54:05+08:00 ] 127.0.0.1 /JobsInfo/index.html?jid=40
NOTIC: 建议使用I方法替代_get

[ 2015-04-30T14:27:05+08:00 ] 127.0.0.1 /JobsInfo/index.html?jid=40
NOTIC: 建议使用I方法替代_get

[ 2015-04-30T14:28:07+08:00 ] 127.0.0.1 /JobsInfo/index.html?jid=40
NOTIC: 建议使用I方法替代_get

[ 2015-04-30T14:28:46+08:00 ] 127.0.0.1 /JobsInfo/index.html?jid=40
NOTIC: 建议使用I方法替代_get

[ 2015-04-30T14:30:50+08:00 ] 127.0.0.1 /JobsInfo/index.html?jid=40
NOTIC: 建议使用I方法替代_get

[ 2015-04-30T14:31:41+08:00 ] 127.0.0.1 /JobsInfo/index.html?jid=40
NOTIC: 建议使用I方法替代_get

[ 2015-04-30T14:32:46+08:00 ] 127.0.0.1 /JobsInfo/index.html?jid=40
NOTIC: 建议使用I方法替代_get

[ 2015-04-30T14:34:18+08:00 ] 127.0.0.1 /JobsInfo/index.html?jid=40
NOTIC: 建议使用I方法替代_get

[ 2015-04-30T14:35:21+08:00 ] 127.0.0.1 /JobsInfo/index.html?jid=1
NOTIC: 建议使用I方法替代_get

[ 2015-04-30T14:36:19+08:00 ] 127.0.0.1 /JobsInfo/index.html?jid=1
NOTIC: 建议使用I方法替代_get

[ 2015-04-30T14:55:01+08:00 ] 127.0.0.1 /
NOTIC: 建议使用I方法替代_get

[ 2015-04-30T14:55:11+08:00 ] 127.0.0.1 /JobsInfo/index.html?jid=40
NOTIC: 建议使用I方法替代_get

[ 2015-04-30T14:56:35+08:00 ] 127.0.0.1 /JobsInfo/index.html?jid=40
NOTIC: 建议使用I方法替代_get

[ 2015-04-30T14:58:20+08:00 ] 127.0.0.1 /JobsInfo/index.html?jid=40
NOTIC: 建议使用I方法替代_get

[ 2015-04-30T14:58:29+08:00 ] 127.0.0.1 /JobsInfo/index.html?jid=40
NOTIC: 建议使用I方法替代_get

[ 2015-04-30T14:59:00+08:00 ] 127.0.0.1 /JobsInfo/index.html?jid=40
NOTIC: 建议使用I方法替代_get

[ 2015-04-30T14:59:12+08:00 ] 127.0.0.1 /JobsInfo/index.html?jid=40
NOTIC: 建议使用I方法替代_get

[ 2015-04-30T15:00:21+08:00 ] 127.0.0.1 /JobsInfo/index.html?jid=1
NOTIC: 建议使用I方法替代_get

[ 2015-04-30T15:06:29+08:00 ] 127.0.0.1 /JobsInfo/index.html?jid=1
NOTIC: 建议使用I方法替代_get

[ 2015-04-30T15:07:51+08:00 ] 127.0.0.1 /JobsInfo/index.html?jid=1
NOTIC: 建议使用I方法替代_get

[ 2015-04-30T15:08:00+08:00 ] 127.0.0.1 /JobsInfo/index.html?jid=1
NOTIC: 建议使用I方法替代_get

[ 2015-04-30T15:08:22+08:00 ] 127.0.0.1 /
NOTIC: 建议使用I方法替代_get

[ 2015-04-30T15:08:24+08:00 ] 127.0.0.1 /JobsInfo/index.html?jid=40
NOTIC: 建议使用I方法替代_get

[ 2015-04-30T15:09:34+08:00 ] 127.0.0.1 /JobsInfo/index.html?jid=40
NOTIC: 建议使用I方法替代_get

[ 2015-04-30T15:17:13+08:00 ] 127.0.0.1 /JobsInfo/index.html?jid=40
NOTIC: 建议使用I方法替代_get

[ 2015-04-30T15:17:27+08:00 ] 127.0.0.1 /JobsInfo/index.html?jid=40
NOTIC: 建议使用I方法替代_get

[ 2015-04-30T15:18:13+08:00 ] 127.0.0.1 /JobsInfo/index.html?jid=40
NOTIC: 建议使用I方法替代_get

[ 2015-04-30T15:19:10+08:00 ] 127.0.0.1 /JobsInfo/index.html?jid=40
NOTIC: 建议使用I方法替代_get

[ 2015-04-30T15:19:31+08:00 ] 127.0.0.1 /JobsInfo/index.html?jid=40
NOTIC: 建议使用I方法替代_get

[ 2015-04-30T15:48:43+08:00 ] 127.0.0.1 /JobsInfo/index.html?jid=40
NOTIC: 建议使用I方法替代_get

[ 2015-04-30T15:52:04+08:00 ] 127.0.0.1 /JobsInfo/index.html?jid=40
NOTIC: 建议使用I方法替代_get

[ 2015-04-30T15:53:17+08:00 ] 127.0.0.1 /JobsInfo/index.html?jid=40
NOTIC: 建议使用I方法替代_get

[ 2015-04-30T15:53:31+08:00 ] 127.0.0.1 /JobsInfo/index.html?jid=40
NOTIC: 建议使用I方法替代_get

[ 2015-04-30T15:54:13+08:00 ] 127.0.0.1 /JobsInfo/index.html?jid=40
NOTIC: 建议使用I方法替代_get

[ 2015-04-30T15:58:22+08:00 ] 127.0.0.1 /JobsInfo/index.html?jid=40
NOTIC: 建议使用I方法替代_get

[ 2015-04-30T15:59:40+08:00 ] 127.0.0.1 /JobsInfo/index.html?jid=40
NOTIC: 建议使用I方法替代_get

[ 2015-04-30T16:01:54+08:00 ] 127.0.0.1 /JobsInfo/index.html?jid=40
NOTIC: 建议使用I方法替代_get

[ 2015-04-30T16:02:14+08:00 ] 127.0.0.1 /JobsInfo/index.html?jid=40
NOTIC: 建议使用I方法替代_get

[ 2015-04-30T16:02:31+08:00 ] 127.0.0.1 /JobsInfo/index.html?jid=40
NOTIC: 建议使用I方法替代_get

[ 2015-04-30T16:12:00+08:00 ] 127.0.0.1 /JobsInfo/index.html?jid=40
NOTIC: 建议使用I方法替代_get

[ 2015-04-30T16:13:52+08:00 ] 127.0.0.1 /JobsInfo/index.html?jid=40
NOTIC: 建议使用I方法替代_get

[ 2015-04-30T16:14:12+08:00 ] 127.0.0.1 /JobsInfo/index.html?jid=40
NOTIC: 建议使用I方法替代_get

[ 2015-04-30T16:14:36+08:00 ] 127.0.0.1 /JobsInfo/index.html?jid=40
NOTIC: 建议使用I方法替代_get

[ 2015-04-30T16:15:26+08:00 ] 127.0.0.1 /JobsInfo/index.html?jid=40
NOTIC: 建议使用I方法替代_get

[ 2015-04-30T16:17:40+08:00 ] 127.0.0.1 /JobsInfo/index.html?jid=40
NOTIC: 建议使用I方法替代_get

[ 2015-04-30T16:18:53+08:00 ] 127.0.0.1 /JobsInfo/index.html?jid=40
NOTIC: 建议使用I方法替代_get

[ 2015-04-30T16:19:29+08:00 ] 127.0.0.1 /JobsInfo/index.html?jid=40
NOTIC: 建议使用I方法替代_get

[ 2015-04-30T16:19:59+08:00 ] 127.0.0.1 /JobsInfo/index.html?jid=40
NOTIC: 建议使用I方法替代_get

[ 2015-04-30T16:20:36+08:00 ] 127.0.0.1 /JobsInfo/index.html?jid=40
NOTIC: 建议使用I方法替代_get

[ 2015-04-30T16:21:41+08:00 ] 127.0.0.1 /JobsInfo/index.html?jid=40
NOTIC: 建议使用I方法替代_get

[ 2015-04-30T16:21:44+08:00 ] 127.0.0.1 /ApplyJob/apply.html
NOTIC: [2] stripslashes() expects exactly 1 parameter, 2 given D:\wamp\www\ThinkPHP3.1\ThinkPHP\Lib\Core\App.class.php 第 57 行.
NOTIC: [2] stripslashes() expects exactly 1 parameter, 2 given D:\wamp\www\ThinkPHP3.1\ThinkPHP\Lib\Core\App.class.php 第 57 行.
INFO: [ app_begin ] --START--
INFO: ReadHtmlCache Behavior ::run [ RunTime:0.000471s ]
INFO: [ app_begin ] --END-- [ RunTime:0.000553s ]

[ 2015-04-30T16:23:40+08:00 ] 127.0.0.1 /JobsInfo/index.html?jid=40
NOTIC: 建议使用I方法替代_get

[ 2015-04-30T16:24:03+08:00 ] 127.0.0.1 /JobsInfo/index.html?jid=40
NOTIC: 建议使用I方法替代_get

[ 2015-04-30T16:25:16+08:00 ] 127.0.0.1 /JobsInfo/index.html?jid=40
NOTIC: 建议使用I方法替代_get

[ 2015-04-30T16:25:34+08:00 ] 127.0.0.1 /JobsInfo/index.html?jid=40
NOTIC: 建议使用I方法替代_get

[ 2015-04-30T16:26:00+08:00 ] 127.0.0.1 /JobsInfo/index.html?jid=40
NOTIC: 建议使用I方法替代_get

[ 2015-04-30T16:26:20+08:00 ] 127.0.0.1 /JobsInfo/index.html?jid=40
NOTIC: 建议使用I方法替代_get

[ 2015-04-30T16:26:38+08:00 ] 127.0.0.1 /JobsInfo/index.html?jid=40
NOTIC: 建议使用I方法替代_get

[ 2015-04-30T16:27:00+08:00 ] 127.0.0.1 /JobsInfo/index.html?jid=40
NOTIC: 建议使用I方法替代_get

[ 2015-04-30T16:31:02+08:00 ] 127.0.0.1 /JobsInfo/index.html?jid=40
NOTIC: 建议使用I方法替代_get

[ 2015-04-30T16:34:32+08:00 ] 127.0.0.1 /JobsInfo/index.html?jid=40
NOTIC: 建议使用I方法替代_get

[ 2015-04-30T16:36:42+08:00 ] 127.0.0.1 /JobsInfo/index.html?jid=40
NOTIC: 建议使用I方法替代_get

[ 2015-04-30T16:37:29+08:00 ] 127.0.0.1 /JobsInfo/index.html?jid=40
NOTIC: 建议使用I方法替代_get

[ 2015-04-30T16:51:55+08:00 ] 127.0.0.1 /JobsInfo/index.html?jid=40
NOTIC: 建议使用I方法替代_get

[ 2015-04-30T16:52:14+08:00 ] 127.0.0.1 /JobsInfo/index.html?jid=40
NOTIC: 建议使用I方法替代_get

[ 2015-04-30T16:52:48+08:00 ] 127.0.0.1 /JobsInfo/index.html?jid=40
NOTIC: 建议使用I方法替代_get

[ 2015-04-30T16:55:40+08:00 ] 127.0.0.1 /JobsInfo/index.html?jid=40
NOTIC: 建议使用I方法替代_get

[ 2015-04-30T16:55:40+08:00 ] 127.0.0.1 /JobsInfo/index.html?jid=40
NOTIC: 建议使用I方法替代_get

[ 2015-04-30T16:55:51+08:00 ] 127.0.0.1 /JobsInfo/index.html?jid=40
NOTIC: 建议使用I方法替代_get

[ 2015-04-30T16:57:27+08:00 ] 127.0.0.1 /JobsInfo/index.html?jid=40
NOTIC: 建议使用I方法替代_get
NOTIC: 建议使用I方法替代_get

[ 2015-04-30T16:58:54+08:00 ] 127.0.0.1 /JobsInfo/index.html?jid=40
NOTIC: 建议使用I方法替代_get
NOTIC: 建议使用I方法替代_get

[ 2015-04-30T16:59:16+08:00 ] 127.0.0.1 /JobsInfo/index.html?jid=40
NOTIC: 建议使用I方法替代_get
NOTIC: 建议使用I方法替代_get

[ 2015-04-30T17:01:01+08:00 ] 127.0.0.1 /JobsInfo/index.html?jid=40
NOTIC: 建议使用I方法替代_get
NOTIC: 建议使用I方法替代_get

[ 2015-04-30T17:01:10+08:00 ] 127.0.0.1 /ApplyJob/apply.html
NOTIC: [2] stripslashes() expects exactly 1 parameter, 2 given D:\wamp\www\ThinkPHP3.1\ThinkPHP\Lib\Core\App.class.php 第 57 行.
NOTIC: [2] stripslashes() expects exactly 1 parameter, 2 given D:\wamp\www\ThinkPHP3.1\ThinkPHP\Lib\Core\App.class.php 第 57 行.
INFO: [ app_begin ] --START--
INFO: ReadHtmlCache Behavior ::run [ RunTime:0.000722s ]
INFO: [ app_begin ] --END-- [ RunTime:0.000842s ]

[ 2015-04-30T17:01:12+08:00 ] 127.0.0.1 /ApplyJob/apply.html
NOTIC: [2] stripslashes() expects exactly 1 parameter, 2 given D:\wamp\www\ThinkPHP3.1\ThinkPHP\Lib\Core\App.class.php 第 57 行.
NOTIC: [2] stripslashes() expects exactly 1 parameter, 2 given D:\wamp\www\ThinkPHP3.1\ThinkPHP\Lib\Core\App.class.php 第 57 行.
INFO: [ app_begin ] --START--
INFO: ReadHtmlCache Behavior ::run [ RunTime:0.000863s ]
INFO: [ app_begin ] --END-- [ RunTime:0.000976s ]

[ 2015-04-30T17:03:26+08:00 ] 127.0.0.1 /JobsInfo/index.html?jid=40
NOTIC: 建议使用I方法替代_get
NOTIC: 建议使用I方法替代_get

[ 2015-04-30T17:04:36+08:00 ] 127.0.0.1 /
NOTIC: 建议使用I方法替代_get

[ 2015-04-30T17:04:43+08:00 ] 127.0.0.1 /Index/index/p/2.html
NOTIC: 建议使用I方法替代_get

[ 2015-04-30T17:04:46+08:00 ] 127.0.0.1 /JobsInfo/index.html?jid=30
NOTIC: 建议使用I方法替代_get
NOTIC: 建议使用I方法替代_get

[ 2015-04-30T17:05:10+08:00 ] 127.0.0.1 /JobsInfo/index.html?jid=30
NOTIC: 建议使用I方法替代_get
NOTIC: 建议使用I方法替代_get

[ 2015-04-30T17:05:34+08:00 ] 127.0.0.1 /JobsInfo/index.html?jid=30
NOTIC: 建议使用I方法替代_get
NOTIC: 建议使用I方法替代_get

[ 2015-04-30T17:06:30+08:00 ] 127.0.0.1 /JobsInfo/index.html?jid=30
NOTIC: 建议使用I方法替代_get
NOTIC: 建议使用I方法替代_get

[ 2015-04-30T17:07:04+08:00 ] 127.0.0.1 /JobsInfo/index.html?jid=30
NOTIC: 建议使用I方法替代_get
NOTIC: 建议使用I方法替代_get

[ 2015-04-30T17:07:45+08:00 ] 127.0.0.1 /
NOTIC: 建议使用I方法替代_get

[ 2015-04-30T17:07:49+08:00 ] 127.0.0.1 /Index/index/p/2.html
NOTIC: 建议使用I方法替代_get

[ 2015-04-30T17:07:52+08:00 ] 127.0.0.1 /JobsInfo/index.html?jid=25
NOTIC: 建议使用I方法替代_get
NOTIC: 建议使用I方法替代_get

[ 2015-04-30T17:10:09+08:00 ] 127.0.0.1 /JobsInfo/index.html?jid=25
NOTIC: 建议使用I方法替代_get
NOTIC: 建议使用I方法替代_get

[ 2015-04-30T17:11:19+08:00 ] 127.0.0.1 /JobsInfo/index.html?jid=25
NOTIC: 建议使用I方法替代_get
NOTIC: 建议使用I方法替代_get

[ 2015-04-30T17:11:49+08:00 ] 127.0.0.1 /JobsInfo/index.html?jid=25
NOTIC: 建议使用I方法替代_get
NOTIC: 建议使用I方法替代_get

[ 2015-04-30T17:11:51+08:00 ] 127.0.0.1 /JobsInfo/index.html?jid=25
NOTIC: 建议使用I方法替代_get
NOTIC: 建议使用I方法替代_get

[ 2015-04-30T17:12:33+08:00 ] 127.0.0.1 /JobsInfo/index.html?jid=25
NOTIC: 建议使用I方法替代_get
NOTIC: 建议使用I方法替代_get

[ 2015-04-30T17:14:16+08:00 ] 127.0.0.1 /JobsInfo/index.html?jid=25
NOTIC: 建议使用I方法替代_get
NOTIC: 建议使用I方法替代_get

[ 2015-04-30T17:14:27+08:00 ] 127.0.0.1 /
NOTIC: 建议使用I方法替代_get

[ 2015-04-30T17:14:29+08:00 ] 127.0.0.1 /JobsInfo/index.html?jid=40
NOTIC: 建议使用I方法替代_get
NOTIC: 建议使用I方法替代_get

[ 2015-04-30T17:14:41+08:00 ] 127.0.0.1 /
NOTIC: 建议使用I方法替代_get

[ 2015-04-30T17:14:47+08:00 ] 127.0.0.1 /Index/index/p/2.html
NOTIC: 建议使用I方法替代_get

[ 2015-04-30T17:14:49+08:00 ] 127.0.0.1 /JobsInfo/index.html?jid=30
NOTIC: 建议使用I方法替代_get
NOTIC: 建议使用I方法替代_get

[ 2015-04-30T17:14:59+08:00 ] 127.0.0.1 /JobsInfo/index.html?jid=30
NOTIC: 建议使用I方法替代_get
NOTIC: 建议使用I方法替代_get

