[ 2015-04-08T09:00:44+08:00 ] 0.0.0.0 /thinkphp3.1/index.php?m=Login&a=login
INFO: [ app_begin ] --START--
INFO: ReadHtmlCache Behavior ::run [ RunTime:0.000574s ]
INFO: [ app_begin ] --END-- [ RunTime:0.000695s ]
NOTIC: 建议使用I方法替代_post
NOTIC: 建议使用I方法替代_post
NOTIC: 建议使用I方法替代_post
NOTIC: [8] Undefined variable: passwd D:\wamp\www\ThinkPHP3.1\Lib\Action\LoginAction.class.php 第 35 行.
SQL: SHOW COLUMNS FROM `xm_users` [ RunTime:0.185231s ]
SQL: SHOW COLUMNS FROM `xm_orgs` [ RunTime:0.029936s ]
SQL: SELECT `uid` FROM `xm_users` WHERE ( email='123@qq.com' ) LIMIT 1   [ RunTime:0.000286s ]
SQL: SELECT `oid` FROM `xm_orgs` WHERE ( email='123@qq.com' ) LIMIT 1   [ RunTime:0.000210s ]
SQL: SELECT `orgname` FROM `xm_orgs` WHERE ( email='123@qq.com'AND passwd='21232f297a57a5a743894a0e4a801fc3' ) LIMIT 1   [ RunTime:0.000283s ]

[ 2015-04-08T09:01:42+08:00 ] 0.0.0.0 /thinkphp3.1/index.php?m=OrgCenter&a=updateInfo
INFO: [ app_begin ] --START--
INFO: ReadHtmlCache Behavior ::run [ RunTime:0.000471s ]
INFO: [ app_begin ] --END-- [ RunTime:0.000597s ]
SQL: SHOW COLUMNS FROM `xm_orgs` [ RunTime:0.004740s ]
SQL: UPDATE `xm_orgs` SET `phone`='13256929238',`website`='http://www.baidu.com/',`org_intro`='公司介绍公司介绍公司介绍公司介绍公司介绍公司介绍公司介绍公司介绍公司介绍公司介绍公司介绍公司介绍公司介绍d' WHERE ( oid=1 ) [ RunTime:0.166621s ]

[ 2015-04-08T09:01:47+08:00 ] 0.0.0.0 /thinkphp3.1/index.php?m=OrgCenter&a=updateInfo
INFO: [ app_begin ] --START--
INFO: ReadHtmlCache Behavior ::run [ RunTime:0.000842s ]
INFO: [ app_begin ] --END-- [ RunTime:0.001072s ]
SQL: SHOW COLUMNS FROM `xm_orgs` [ RunTime:0.006019s ]
SQL: UPDATE `xm_orgs` SET `phone`='13256929238',`website`='http://www.baidu.com',`org_intro`='公司介绍公司介绍公司介绍公司介绍公司介绍公司介绍公司介绍公司介绍公司介绍公司介绍公司介绍公司介绍公司介绍d' WHERE ( oid=1 ) [ RunTime:0.143119s ]

[ 2015-04-08T09:05:22+08:00 ] 0.0.0.0 /thinkphp3.1/index.php?m=OrgCenter&m=changePasswd
ERR: 无法加载模块:changePasswd

[ 2015-04-08T09:05:54+08:00 ] 0.0.0.0 /thinkphp3.1/index.php?m=OrgCenter&m=changePasswd
ERR: 无法加载模块:changePasswd

[ 2015-04-08T09:06:42+08:00 ] 0.0.0.0 /thinkphp3.1/index.php?m=OrgCenter&a=changePasswd
ERR: 模板不存在[D:/wamp/www/ThinkPHP3.1/Tpl/bootstrap/OrgCenter/changePasswd.html]

[ 2015-04-08T09:08:36+08:00 ] 0.0.0.0 /thinkphp3.1/index.php?m=OrgCenter&a=changePasswd
NOTIC: 建议使用I方法替代_post
NOTIC: 建议使用I方法替代_post

[ 2015-04-08T09:09:35+08:00 ] 0.0.0.0 /thinkphp3.1/index.php?m=OrgCenter&a=changePasswd
NOTIC: 建议使用I方法替代_post
NOTIC: 建议使用I方法替代_post

[ 2015-04-08T09:10:05+08:00 ] 0.0.0.0 /thinkphp3.1/index.php?m=OrgCenter&a=changePasswd
NOTIC: 建议使用I方法替代_post
NOTIC: 建议使用I方法替代_post

[ 2015-04-08T09:10:16+08:00 ] 0.0.0.0 /thinkphp3.1/index.php?m=OrgCenter&a=changePasswd
NOTIC: 建议使用I方法替代_post
NOTIC: 建议使用I方法替代_post

[ 2015-04-08T09:13:03+08:00 ] 0.0.0.0 /thinkphp3.1/index.php?m=OrgCenter&a=changePasswd
NOTIC: 建议使用I方法替代_post
NOTIC: 建议使用I方法替代_post

[ 2015-04-08T09:13:04+08:00 ] 0.0.0.0 /thinkphp3.1/index.php?m=OrgCenter&a=changePasswd
NOTIC: 建议使用I方法替代_post
NOTIC: 建议使用I方法替代_post

[ 2015-04-08T09:13:04+08:00 ] 0.0.0.0 /thinkphp3.1/index.php?m=OrgCenter&a=changePasswd
NOTIC: 建议使用I方法替代_post
NOTIC: 建议使用I方法替代_post

[ 2015-04-08T09:13:05+08:00 ] 0.0.0.0 /thinkphp3.1/index.php?m=OrgCenter&a=changePasswd
NOTIC: 建议使用I方法替代_post
NOTIC: 建议使用I方法替代_post

[ 2015-04-08T09:13:05+08:00 ] 0.0.0.0 /thinkphp3.1/index.php?m=OrgCenter&a=changePasswd
NOTIC: 建议使用I方法替代_post
NOTIC: 建议使用I方法替代_post

[ 2015-04-08T09:13:05+08:00 ] 0.0.0.0 /thinkphp3.1/index.php?m=OrgCenter&a=changePasswd
NOTIC: 建议使用I方法替代_post
NOTIC: 建议使用I方法替代_post

[ 2015-04-08T09:16:32+08:00 ] 0.0.0.0 /thinkphp3.1/index.php?m=OrgCenter&a=changePasswd
ERR: 模板不存在[D:/wamp/www/ThinkPHP3.1/Tpl/bootstrap/OrgCenter/changePasswd.html]

[ 2015-04-08T09:16:48+08:00 ] 0.0.0.0 /thinkphp3.1/index.php?m=OrgCenter&a=changePasswd
ERR: 模板不存在[D:/wamp/www/ThinkPHP3.1/Tpl/bootstrap/OrgCenter/changePasswd.html]

[ 2015-04-08T09:16:59+08:00 ] 0.0.0.0 /thinkphp3.1/index.php?m=ChangePasswd
ERR: 无法加载模块:ChangePasswd

[ 2015-04-08T09:17:28+08:00 ] 0.0.0.0 /thinkphp3.1/index.php?m=ChangePasswd&a=index
ERR: 无法加载模块:ChangePasswd

[ 2015-04-08T09:17:51+08:00 ] 0.0.0.0 /thinkphp3.1/index.php?m=ChangePasswd&a=index
ERR: 无法加载模块:ChangePasswd

[ 2015-04-08T09:28:38+08:00 ] 0.0.0.0 /thinkphp3.1/index.php?m=ChangePasswd&a=index%27
ERR: 非法操作:index'

[ 2015-04-08T09:28:53+08:00 ] 0.0.0.0 /thinkphp3.1/index.php?m=ChangePasswd&a=index%27
ERR: 非法操作:index'

[ 2015-04-08T09:30:18+08:00 ] 0.0.0.0 /thinkphp3.1/index.php?m=ChangePasswd&a=index%27
ERR: 非法操作:index'

[ 2015-04-08T09:30:46+08:00 ] 0.0.0.0 /thinkphp3.1/index.php?m=ChangePasswd&a=index%27
ERR: 非法操作:index'

[ 2015-04-08T09:31:01+08:00 ] 0.0.0.0 /thinkphp3.1/index.php?m=ChangePasswd&a=index%27
ERR: 非法操作:index'

[ 2015-04-08T09:31:35+08:00 ] 0.0.0.0 /thinkphp3.1/index.php?m=ChangePasswd&a=index%27
ERR: 非法操作:index'

[ 2015-04-08T09:31:35+08:00 ] 0.0.0.0 /thinkphp3.1/index.php?m=ChangePasswd&a=index%27
ERR: 非法操作:index'

[ 2015-04-08T09:31:39+08:00 ] 0.0.0.0 /thinkphp3.1/index.php?m=ChangePasswd&a=index%27
ERR: 非法操作:index'

[ 2015-04-08T09:32:38+08:00 ] 0.0.0.0 /thinkphp3.1/index.php?m=ChangePasswd&a=index%27
ERR: 非法操作:index'

[ 2015-04-08T09:33:01+08:00 ] 0.0.0.0 /thinkphp3.1/index.php?m=ChangePasswd&a=index%27
ERR: 非法操作:index'

[ 2015-04-08T09:33:44+08:00 ] 0.0.0.0 /thinkphp3.1/index.php?m=ChangePasswd&a=index%27
ERR: 非法操作:index'

[ 2015-04-08T09:34:05+08:00 ] 0.0.0.0 /thinkphp3.1/index.php?m=ChangePasswd&a=index%27
ERR: 非法操作:index'

[ 2015-04-08T09:34:17+08:00 ] 0.0.0.0 /thinkphp3.1/index.php?m=ChangePasswd&a=index%27
ERR: 非法操作:index'

[ 2015-04-08T09:34:24+08:00 ] 0.0.0.0 /thinkphp3.1/index.php?m=ChangePasswd&a=index%27
ERR: 非法操作:index'

[ 2015-04-08T09:34:46+08:00 ] 0.0.0.0 /thinkphp3.1/index.php?m=ChangePasswd&a=index%27
ERR: 非法操作:index'

[ 2015-04-08T09:34:46+08:00 ] 0.0.0.0 /thinkphp3.1/index.php?m=ChangePasswd&a=index%27
ERR: 非法操作:index'

[ 2015-04-08T09:35:08+08:00 ] 0.0.0.0 /thinkphp3.1/index.php?m=ChangePasswd&a=index%27
ERR: 非法操作:index'

[ 2015-04-08T09:35:20+08:00 ] 0.0.0.0 /thinkphp3.1/index.php?m=ChangePasswd&a=index%27
ERR: 非法操作:index'

[ 2015-04-08T09:35:20+08:00 ] 0.0.0.0 /thinkphp3.1/index.php?m=ChangePasswd&a=index%27
ERR: 非法操作:index'

[ 2015-04-08T09:35:33+08:00 ] 0.0.0.0 /thinkphp3.1/index.php?m=ChangePasswd&a=index%27
ERR: 非法操作:index'

[ 2015-04-08T09:35:33+08:00 ] 0.0.0.0 /thinkphp3.1/index.php?m=ChangePasswd&a=index%27
ERR: 非法操作:index'

[ 2015-04-08T09:37:10+08:00 ] 0.0.0.0 /thinkphp3.1/index.php?m=ChangePasswd&a=index%27
ERR: 非法操作:index'

[ 2015-04-08T09:37:10+08:00 ] 0.0.0.0 /thinkphp3.1/index.php?m=ChangePasswd&a=index%27
ERR: 非法操作:index'

[ 2015-04-08T09:38:16+08:00 ] 0.0.0.0 /thinkphp3.1/index.php?m=ChangePasswd&a=index%27
ERR: 非法操作:index'

[ 2015-04-08T09:38:26+08:00 ] 0.0.0.0 /thinkphp3.1/index.php?m=ChangePasswd&a=index%27
ERR: 非法操作:index'

[ 2015-04-08T09:39:49+08:00 ] 0.0.0.0 /thinkphp3.1/index.php?m=ChangePasswd&a=index%27
ERR: 非法操作:index'

[ 2015-04-08T09:40:20+08:00 ] 0.0.0.0 /thinkphp3.1/index.php?m=ChangePasswd&a=index%27
ERR: 非法操作:index'

[ 2015-04-08T09:40:38+08:00 ] 0.0.0.0 /thinkphp3.1/index.php?m=ChangePasswd&a=index%27
ERR: 非法操作:index'

[ 2015-04-08T09:41:11+08:00 ] 0.0.0.0 /thinkphp3.1/index.php?m=ChangePasswd&a=index%27
ERR: 非法操作:index'

[ 2015-04-08T09:42:54+08:00 ] 0.0.0.0 /thinkphp3.1/index.php?m=ChangePasswd&a=vCode%27
ERR: 非法操作:vCode'

[ 2015-04-08T09:43:09+08:00 ] 0.0.0.0 /thinkphp3.1/index.php?m=ChangePasswd&a=vCode%27
ERR: 非法操作:vCode'

[ 2015-04-08T09:43:32+08:00 ] 0.0.0.0 /thinkphp3.1/index.php?m=ChangePasswd&a=vCode%27
ERR: 非法操作:vCode'

[ 2015-04-08T09:43:35+08:00 ] 0.0.0.0 /thinkphp3.1/index.php?m=ChangePasswd&a=vCode%27
ERR: 非法操作:vCode'

[ 2015-04-08T09:43:35+08:00 ] 0.0.0.0 /thinkphp3.1/index.php?m=ChangePasswd&a=vCode%27
ERR: 非法操作:vCode'

[ 2015-04-08T09:43:37+08:00 ] 0.0.0.0 /thinkphp3.1/index.php?m=ChangePasswd&a=vCode%27
ERR: 非法操作:vCode'

[ 2015-04-08T09:43:58+08:00 ] 0.0.0.0 /thinkphp3.1/index.php?m=ChangePasswd&a=vCode%27
ERR: 非法操作:vCode'

[ 2015-04-08T09:43:58+08:00 ] 0.0.0.0 /thinkphp3.1/index.php?m=ChangePasswd&a=vCode%27
ERR: 非法操作:vCode'

[ 2015-04-08T09:43:59+08:00 ] 0.0.0.0 /thinkphp3.1/index.php?m=ChangePasswd&a=vCode%27
ERR: 非法操作:vCode'

[ 2015-04-08T13:53:07+08:00 ] 0.0.0.0 /thinkphp3.1/index.php?m=ChangePasswd&a=ChangePasswd
INFO: [ app_begin ] --START--
INFO: ReadHtmlCache Behavior ::run [ RunTime:0.000770s ]
INFO: [ app_begin ] --END-- [ RunTime:0.000901s ]
ERR: 非法操作:ChangePasswd

[ 2015-04-08T13:53:35+08:00 ] 0.0.0.0 /thinkphp3.1/index.php?m=ChangePasswd&a=change
INFO: [ app_begin ] --START--
INFO: ReadHtmlCache Behavior ::run [ RunTime:0.000621s ]
INFO: [ app_begin ] --END-- [ RunTime:0.000718s ]
NOTIC: 建议使用I方法替代_post

[ 2015-04-08T13:53:42+08:00 ] 0.0.0.0 /thinkphp3.1/index.php?m=ChangePasswd&a=change
INFO: [ app_begin ] --START--
INFO: ReadHtmlCache Behavior ::run [ RunTime:0.000696s ]
INFO: [ app_begin ] --END-- [ RunTime:0.000810s ]
NOTIC: 建议使用I方法替代_post

[ 2015-04-08T13:56:30+08:00 ] 0.0.0.0 /thinkphp3.1/index.php?m=ChangePasswd&a=change
INFO: [ app_begin ] --START--
INFO: ReadHtmlCache Behavior ::run [ RunTime:0.000529s ]
INFO: [ app_begin ] --END-- [ RunTime:0.000643s ]
NOTIC: 建议使用I方法替代_post

[ 2015-04-08T13:57:37+08:00 ] 0.0.0.0 /thinkphp3.1/index.php?m=ChangePasswd&a=change
INFO: [ app_begin ] --START--
INFO: ReadHtmlCache Behavior ::run [ RunTime:0.000567s ]
INFO: [ app_begin ] --END-- [ RunTime:0.000689s ]
NOTIC: 建议使用I方法替代_post

[ 2015-04-08T13:57:44+08:00 ] 0.0.0.0 /thinkphp3.1/index.php?m=ChangePasswd&a=change
INFO: [ app_begin ] --START--
INFO: ReadHtmlCache Behavior ::run [ RunTime:0.001688s ]
INFO: [ app_begin ] --END-- [ RunTime:0.002136s ]
NOTIC: 建议使用I方法替代_post

[ 2015-04-08T13:58:51+08:00 ] 0.0.0.0 /thinkphp3.1/index.php?m=ChangePasswd&a=change
INFO: [ app_begin ] --START--
INFO: ReadHtmlCache Behavior ::run [ RunTime:0.000456s ]
INFO: [ app_begin ] --END-- [ RunTime:0.000642s ]
NOTIC: 建议使用I方法替代_post
NOTIC: 建议使用I方法替代_post

[ 2015-04-08T14:00:04+08:00 ] 0.0.0.0 /thinkphp3.1/index.php?m=ChangePasswd&a=change
INFO: [ app_begin ] --START--
INFO: ReadHtmlCache Behavior ::run [ RunTime:0.000453s ]
INFO: [ app_begin ] --END-- [ RunTime:0.000549s ]
NOTIC: 建议使用I方法替代_post
NOTIC: 建议使用I方法替代_post

[ 2015-04-08T14:00:14+08:00 ] 0.0.0.0 /thinkphp3.1/index.php?m=ChangePasswd&a=change
INFO: [ app_begin ] --START--
INFO: ReadHtmlCache Behavior ::run [ RunTime:0.000486s ]
INFO: [ app_begin ] --END-- [ RunTime:0.000604s ]
NOTIC: 建议使用I方法替代_post
NOTIC: 建议使用I方法替代_post

[ 2015-04-08T14:01:04+08:00 ] 0.0.0.0 /thinkphp3.1/index.php?m=ChangePasswd&a=change
INFO: [ app_begin ] --START--
INFO: ReadHtmlCache Behavior ::run [ RunTime:0.000632s ]
INFO: [ app_begin ] --END-- [ RunTime:0.000729s ]
NOTIC: 建议使用I方法替代_post

[ 2015-04-08T14:01:07+08:00 ] 0.0.0.0 /thinkphp3.1/index.php?m=ChangePasswd&a=change
INFO: [ app_begin ] --START--
INFO: ReadHtmlCache Behavior ::run [ RunTime:0.000456s ]
INFO: [ app_begin ] --END-- [ RunTime:0.000552s ]
NOTIC: 建议使用I方法替代_post

[ 2015-04-08T14:01:16+08:00 ] 0.0.0.0 /thinkphp3.1/index.php?m=ChangePasswd&a=change
INFO: [ app_begin ] --START--
INFO: ReadHtmlCache Behavior ::run [ RunTime:0.000559s ]
INFO: [ app_begin ] --END-- [ RunTime:0.000671s ]
NOTIC: 建议使用I方法替代_post

[ 2015-04-08T14:01:29+08:00 ] 0.0.0.0 /thinkphp3.1/index.php?m=ChangePasswd&a=change
INFO: [ app_begin ] --START--
INFO: ReadHtmlCache Behavior ::run [ RunTime:0.000451s ]
INFO: [ app_begin ] --END-- [ RunTime:0.000545s ]
NOTIC: 建议使用I方法替代_post
NOTIC: 建议使用I方法替代_post
NOTIC: 建议使用I方法替代_post
NOTIC: 建议使用I方法替代_post

[ 2015-04-08T14:01:50+08:00 ] 0.0.0.0 /thinkphp3.1/index.php?m=ChangePasswd&a=change
INFO: [ app_begin ] --START--
INFO: ReadHtmlCache Behavior ::run [ RunTime:0.000557s ]
INFO: [ app_begin ] --END-- [ RunTime:0.000685s ]
NOTIC: 建议使用I方法替代_post
NOTIC: 建议使用I方法替代_post
NOTIC: 建议使用I方法替代_post
NOTIC: 建议使用I方法替代_post

[ 2015-04-08T14:01:59+08:00 ] 0.0.0.0 /thinkphp3.1/index.php?m=ChangePasswd&a=change
INFO: [ app_begin ] --START--
INFO: ReadHtmlCache Behavior ::run [ RunTime:0.000475s ]
INFO: [ app_begin ] --END-- [ RunTime:0.000572s ]
NOTIC: 建议使用I方法替代_post
NOTIC: 建议使用I方法替代_post
NOTIC: 建议使用I方法替代_post
NOTIC: 建议使用I方法替代_post
SQL: SHOW COLUMNS FROM `xm_orgs` [ RunTime:0.005151s ]
SQL: SELECT `oid` FROM `xm_orgs` WHERE ( oid=1 AND passwd='12' ) LIMIT 1   [ RunTime:0.000322s ]

[ 2015-04-08T14:02:03+08:00 ] 0.0.0.0 /thinkphp3.1/index.php?m=ChangePasswd&a=change
INFO: [ app_begin ] --START--
INFO: ReadHtmlCache Behavior ::run [ RunTime:0.000546s ]
INFO: [ app_begin ] --END-- [ RunTime:0.000645s ]
NOTIC: 建议使用I方法替代_post
NOTIC: 建议使用I方法替代_post
NOTIC: 建议使用I方法替代_post
NOTIC: 建议使用I方法替代_post

[ 2015-04-08T14:02:19+08:00 ] 0.0.0.0 /thinkphp3.1/index.php?m=ChangePasswd&a=change
INFO: [ app_begin ] --START--
INFO: ReadHtmlCache Behavior ::run [ RunTime:0.000476s ]
INFO: [ app_begin ] --END-- [ RunTime:0.000571s ]
NOTIC: 建议使用I方法替代_post
NOTIC: 建议使用I方法替代_post
NOTIC: 建议使用I方法替代_post
NOTIC: 建议使用I方法替代_post
SQL: SHOW COLUMNS FROM `xm_orgs` [ RunTime:0.005100s ]
SQL: SELECT `oid` FROM `xm_orgs` WHERE ( oid=1 AND passwd='admin' ) LIMIT 1   [ RunTime:0.000292s ]

[ 2015-04-08T14:03:49+08:00 ] 0.0.0.0 /thinkphp3.1/index.php?m=ChangePasswd&a=change
INFO: [ app_begin ] --START--
INFO: ReadHtmlCache Behavior ::run [ RunTime:0.000614s ]
INFO: [ app_begin ] --END-- [ RunTime:0.000712s ]
NOTIC: 建议使用I方法替代_post
NOTIC: 建议使用I方法替代_post
NOTIC: 建议使用I方法替代_post
NOTIC: 建议使用I方法替代_post
SQL: SHOW COLUMNS FROM `xm_orgs` [ RunTime:0.004954s ]
SQL: SELECT `oid` FROM `xm_orgs` WHERE ( oid=1 AND passwd='admin' ) LIMIT 1   [ RunTime:0.000300s ]

[ 2015-04-08T14:07:02+08:00 ] 0.0.0.0 /thinkphp3.1/index.php?m=ChangePasswd&a=change
INFO: [ app_begin ] --START--
INFO: ReadHtmlCache Behavior ::run [ RunTime:0.000774s ]
INFO: [ app_begin ] --END-- [ RunTime:0.000878s ]
NOTIC: 建议使用I方法替代_post
NOTIC: 建议使用I方法替代_post
NOTIC: 建议使用I方法替代_post
NOTIC: 建议使用I方法替代_post
SQL: SHOW COLUMNS FROM `xm_orgs` [ RunTime:0.005428s ]
SQL: SELECT `oid` FROM `xm_orgs` WHERE ( oid=1 AND passwd='21232f297a57a5a743894a0e4a801fc3' ) LIMIT 1   [ RunTime:0.000340s ]
SQL: UPDATE `xm_orgs` SET `passwd`='e00cf25ad42683b3df678c61f42c6bda' WHERE ( oid=1 ) [ RunTime:0.261244s ]

[ 2015-04-08T14:09:09+08:00 ] 0.0.0.0 /thinkphp3.1/index.php?m=ChangePasswd&a=change
INFO: [ app_begin ] --START--
INFO: ReadHtmlCache Behavior ::run [ RunTime:0.000762s ]
INFO: [ app_begin ] --END-- [ RunTime:0.000869s ]
NOTIC: 建议使用I方法替代_post
NOTIC: 建议使用I方法替代_post
NOTIC: 建议使用I方法替代_post
NOTIC: 建议使用I方法替代_post
SQL: SHOW COLUMNS FROM `xm_orgs` [ RunTime:0.005727s ]
SQL: SELECT `oid` FROM `xm_orgs` WHERE ( oid=1 AND passwd='21232f297a57a5a743894a0e4a801fc3' ) LIMIT 1   [ RunTime:0.000363s ]

[ 2015-04-08T14:09:22+08:00 ] 0.0.0.0 /thinkphp3.1/index.php?m=ChangePasswd&a=change
INFO: [ app_begin ] --START--
INFO: ReadHtmlCache Behavior ::run [ RunTime:0.000779s ]
INFO: [ app_begin ] --END-- [ RunTime:0.000913s ]
NOTIC: 建议使用I方法替代_post
NOTIC: 建议使用I方法替代_post
NOTIC: 建议使用I方法替代_post
NOTIC: 建议使用I方法替代_post
SQL: SHOW COLUMNS FROM `xm_orgs` [ RunTime:0.007020s ]
SQL: SELECT `oid` FROM `xm_orgs` WHERE ( oid=1 AND passwd='e00cf25ad42683b3df678c61f42c6bda' ) LIMIT 1   [ RunTime:0.000355s ]
SQL: UPDATE `xm_orgs` SET `passwd`='e00cf25ad42683b3df678c61f42c6bda' WHERE ( oid=1 ) [ RunTime:0.110217s ]

[ 2015-04-08T14:09:54+08:00 ] 0.0.0.0 /thinkphp3.1/index.php?m=ChangePasswd&a=change
INFO: [ app_begin ] --START--
INFO: ReadHtmlCache Behavior ::run [ RunTime:0.001441s ]
INFO: [ app_begin ] --END-- [ RunTime:0.001671s ]
NOTIC: 建议使用I方法替代_post
NOTIC: 建议使用I方法替代_post
NOTIC: 建议使用I方法替代_post
NOTIC: 建议使用I方法替代_post
SQL: SHOW COLUMNS FROM `xm_orgs` [ RunTime:0.006067s ]
SQL: SELECT `oid` FROM `xm_orgs` WHERE ( oid=1 AND passwd='e00cf25ad42683b3df678c61f42c6bda' ) LIMIT 1   [ RunTime:0.000344s ]
SQL: UPDATE `xm_orgs` SET `passwd`='e00cf25ad42683b3df678c61f42c6bda' WHERE ( oid=1 ) [ RunTime:0.116705s ]

[ 2015-04-08T14:12:00+08:00 ] 0.0.0.0 /thinkphp3.1/index.php?m=ChangePasswd&a=change
INFO: [ app_begin ] --START--
INFO: ReadHtmlCache Behavior ::run [ RunTime:0.000809s ]
INFO: [ app_begin ] --END-- [ RunTime:0.000915s ]
NOTIC: 建议使用I方法替代_post
NOTIC: 建议使用I方法替代_post
NOTIC: 建议使用I方法替代_post
NOTIC: 建议使用I方法替代_post
SQL: SHOW COLUMNS FROM `xm_orgs` [ RunTime:0.005689s ]
SQL: SELECT `oid` FROM `xm_orgs` WHERE ( oid=1 AND passwd='e00cf25ad42683b3df678c61f42c6bda' ) LIMIT 1   [ RunTime:0.000356s ]
SQL: UPDATE `xm_orgs` SET `passwd`='e00cf25ad42683b3df678c61f42c6bda' WHERE ( oid=1 ) [ RunTime:0.133778s ]

[ 2015-04-08T14:12:15+08:00 ] 0.0.0.0 /thinkphp3.1/index.php?m=ChangePasswd&a=change
INFO: [ app_begin ] --START--
INFO: ReadHtmlCache Behavior ::run [ RunTime:0.000715s ]
INFO: [ app_begin ] --END-- [ RunTime:0.000818s ]
NOTIC: 建议使用I方法替代_post
NOTIC: 建议使用I方法替代_post
NOTIC: 建议使用I方法替代_post
NOTIC: 建议使用I方法替代_post

[ 2015-04-08T15:18:01+08:00 ] 0.0.0.0 /thinkphp3.1/index.php?m=JobsInfo&a=index&jid=25
NOTIC: 建议使用I方法替代_get

[ 2015-04-08T15:19:41+08:00 ] 0.0.0.0 /thinkphp3.1/index.php?m=OrgCenter&a=validate
ERR: 非法操作:validate

[ 2015-04-08T21:30:16+08:00 ] 0.0.0.0 /thinkphp3.1/index.php?m=Login&a=login
INFO: [ app_begin ] --START--
INFO: ReadHtmlCache Behavior ::run [ RunTime:0.000446s ]
INFO: [ app_begin ] --END-- [ RunTime:0.000547s ]
NOTIC: 建议使用I方法替代_post
NOTIC: 建议使用I方法替代_post
NOTIC: 建议使用I方法替代_post
NOTIC: [8] Undefined variable: passwd D:\wamp\www\ThinkPHP3.1\Lib\Action\LoginAction.class.php 第 35 行.
SQL: SHOW COLUMNS FROM `xm_users` [ RunTime:0.108058s ]
SQL: SHOW COLUMNS FROM `xm_orgs` [ RunTime:0.005004s ]
SQL: SELECT `uid` FROM `xm_users` WHERE ( email='123@qq.com' ) LIMIT 1   [ RunTime:0.000299s ]
SQL: SELECT `oid` FROM `xm_orgs` WHERE ( email='123@qq.com' ) LIMIT 1   [ RunTime:0.000217s ]
SQL: SELECT `orgname` FROM `xm_orgs` WHERE ( email='123@qq.com'AND passwd='21232f297a57a5a743894a0e4a801fc3' ) LIMIT 1   [ RunTime:0.000240s ]

[ 2015-04-08T21:30:31+08:00 ] 0.0.0.0 /thinkphp3.1/index.php?m=Login&a=login
INFO: [ app_begin ] --START--
INFO: ReadHtmlCache Behavior ::run [ RunTime:0.000457s ]
INFO: [ app_begin ] --END-- [ RunTime:0.000558s ]
NOTIC: 建议使用I方法替代_post
NOTIC: 建议使用I方法替代_post
NOTIC: 建议使用I方法替代_post
NOTIC: [8] Undefined variable: passwd D:\wamp\www\ThinkPHP3.1\Lib\Action\LoginAction.class.php 第 35 行.
SQL: SHOW COLUMNS FROM `xm_users` [ RunTime:0.004853s ]
SQL: SHOW COLUMNS FROM `xm_orgs` [ RunTime:0.004707s ]
SQL: SELECT `uid` FROM `xm_users` WHERE ( email='123@qq.com' ) LIMIT 1   [ RunTime:0.000283s ]
SQL: SELECT `oid` FROM `xm_orgs` WHERE ( email='123@qq.com' ) LIMIT 1   [ RunTime:0.000211s ]
SQL: SELECT `orgname` FROM `xm_orgs` WHERE ( email='123@qq.com'AND passwd='21232f297a57a5a743894a0e4a801fc3' ) LIMIT 1   [ RunTime:0.000225s ]

[ 2015-04-08T21:30:40+08:00 ] 0.0.0.0 /thinkphp3.1/index.php?m=Login&a=login
INFO: [ app_begin ] --START--
INFO: ReadHtmlCache Behavior ::run [ RunTime:0.000476s ]
INFO: [ app_begin ] --END-- [ RunTime:0.000574s ]
NOTIC: 建议使用I方法替代_post
NOTIC: 建议使用I方法替代_post
NOTIC: 建议使用I方法替代_post
NOTIC: [8] Undefined variable: passwd D:\wamp\www\ThinkPHP3.1\Lib\Action\LoginAction.class.php 第 35 行.
SQL: SHOW COLUMNS FROM `xm_users` [ RunTime:0.053315s ]
SQL: SHOW COLUMNS FROM `xm_orgs` [ RunTime:0.004625s ]
SQL: SELECT `uid` FROM `xm_users` WHERE ( email='123@qq.com' ) LIMIT 1   [ RunTime:0.000278s ]
SQL: SELECT `oid` FROM `xm_orgs` WHERE ( email='123@qq.com' ) LIMIT 1   [ RunTime:0.000212s ]
SQL: SELECT `orgname` FROM `xm_orgs` WHERE ( email='123@qq.com'AND passwd='e00cf25ad42683b3df678c61f42c6bda' ) LIMIT 1   [ RunTime:0.011281s ]

[ 2015-04-08T21:30:57+08:00 ] 0.0.0.0 /thinkphp3.1/index.php?m=OrgCenter&a=validate
ERR: 非法操作:validate

[ 2015-04-08T21:39:20+08:00 ] 0.0.0.0 /thinkphp3.1/index.php?m=OrgCenter&a=validate
ERR: 非法操作:validate

