[ 2015-05-31T10:14:55+08:00 ] 127.0.0.1 /
NOTIC: 建议使用I方法替代_get

[ 2015-05-31T10:15:58+08:00 ] 127.0.0.1 /Search/s.html?sf=user&wd=sss
NOTIC: 建议使用I方法替代_get
NOTIC: 建议使用I方法替代_get
NOTIC: 建议使用I方法替代_get
NOTIC: 建议使用I方法替代_get

[ 2015-05-31T10:16:06+08:00 ] 127.0.0.1 /Search/s.html?sf=job&wd=ss
NOTIC: 建议使用I方法替代_get
NOTIC: 建议使用I方法替代_get
NOTIC: 建议使用I方法替代_get

[ 2015-05-31T10:16:10+08:00 ] 127.0.0.1 /JobsInfo/index.html?jid=42
NOTIC: 建议使用I方法替代_get
NOTIC: 建议使用I方法替代_get

[ 2015-05-31T10:16:15+08:00 ] 127.0.0.1 /Search/s.html?sf=user&wd=sss
NOTIC: 建议使用I方法替代_get
NOTIC: 建议使用I方法替代_get
NOTIC: 建议使用I方法替代_get
NOTIC: 建议使用I方法替代_get

[ 2015-05-31T10:16:18+08:00 ] 127.0.0.1 /Search/s.html?sf=user&wd=ss
NOTIC: 建议使用I方法替代_get
NOTIC: 建议使用I方法替代_get
NOTIC: 建议使用I方法替代_get
NOTIC: 建议使用I方法替代_get

[ 2015-05-31T10:16:24+08:00 ] 127.0.0.1 /Search/s.html?sf=user&wd=%E5%AD%99
NOTIC: 建议使用I方法替代_get
NOTIC: 建议使用I方法替代_get
NOTIC: 建议使用I方法替代_get
NOTIC: 建议使用I方法替代_get

[ 2015-05-31T10:16:26+08:00 ] 127.0.0.1 /UserInfo/index.html?uid=2
NOTIC: 建议使用I方法替代_get

[ 2015-05-31T10:16:26+08:00 ] 127.0.0.1 /UserInfo/generatePhoneImage/t/phone.html
NOTIC: 建议使用I方法替代_get

[ 2015-05-31T10:16:27+08:00 ] 127.0.0.1 /UserInfo/generatePhoneImage/t/qq.html
NOTIC: 建议使用I方法替代_get

[ 2015-05-31T10:16:31+08:00 ] 127.0.0.1 /UserInfo/index.html?uid=5
NOTIC: 建议使用I方法替代_get

[ 2015-05-31T10:16:31+08:00 ] 127.0.0.1 /UserInfo/generatePhoneImage/t/qq.html
NOTIC: 建议使用I方法替代_get

[ 2015-05-31T10:16:32+08:00 ] 127.0.0.1 /UserInfo/generatePhoneImage/t/phone.html
NOTIC: 建议使用I方法替代_get

[ 2015-05-31T10:16:33+08:00 ] 127.0.0.1 /
NOTIC: 建议使用I方法替代_get

[ 2015-05-31T11:09:46+08:00 ] 127.0.0.1 /Login/login.html
NOTIC: [2] stripslashes() expects exactly 1 parameter, 2 given D:\wamp\www\ThinkPHP3.1\ThinkPHP\Lib\Core\App.class.php 第 56 行.
NOTIC: [2] stripslashes() expects exactly 1 parameter, 2 given D:\wamp\www\ThinkPHP3.1\ThinkPHP\Lib\Core\App.class.php 第 56 行.
NOTIC: [2] stripslashes() expects exactly 1 parameter, 2 given D:\wamp\www\ThinkPHP3.1\ThinkPHP\Lib\Core\App.class.php 第 56 行.
NOTIC: [2] stripslashes() expects exactly 1 parameter, 2 given D:\wamp\www\ThinkPHP3.1\ThinkPHP\Lib\Core\App.class.php 第 56 行.
NOTIC: [2] stripslashes() expects exactly 1 parameter, 2 given D:\wamp\www\ThinkPHP3.1\ThinkPHP\Lib\Core\App.class.php 第 56 行.
NOTIC: [2] stripslashes() expects exactly 1 parameter, 2 given D:\wamp\www\ThinkPHP3.1\ThinkPHP\Lib\Core\App.class.php 第 57 行.
NOTIC: [2] stripslashes() expects exactly 1 parameter, 2 given D:\wamp\www\ThinkPHP3.1\ThinkPHP\Lib\Core\App.class.php 第 57 行.
NOTIC: [2] stripslashes() expects exactly 1 parameter, 2 given D:\wamp\www\ThinkPHP3.1\ThinkPHP\Lib\Core\App.class.php 第 57 行.
INFO: [ app_begin ] --START--
INFO: ReadHtmlCache Behavior ::run [ RunTime:0.000000s ]
INFO: [ app_begin ] --END-- [ RunTime:0.000000s ]
NOTIC: 建议使用I方法替代_post

[ 2015-05-31T11:18:40+08:00 ] 127.0.0.1 /Login/login.html
NOTIC: [2] stripslashes() expects exactly 1 parameter, 2 given D:\wamp\www\ThinkPHP3.1\ThinkPHP\Lib\Core\App.class.php 第 56 行.
NOTIC: [2] stripslashes() expects exactly 1 parameter, 2 given D:\wamp\www\ThinkPHP3.1\ThinkPHP\Lib\Core\App.class.php 第 56 行.
NOTIC: [2] stripslashes() expects exactly 1 parameter, 2 given D:\wamp\www\ThinkPHP3.1\ThinkPHP\Lib\Core\App.class.php 第 56 行.
NOTIC: [2] stripslashes() expects exactly 1 parameter, 2 given D:\wamp\www\ThinkPHP3.1\ThinkPHP\Lib\Core\App.class.php 第 56 行.
NOTIC: [2] stripslashes() expects exactly 1 parameter, 2 given D:\wamp\www\ThinkPHP3.1\ThinkPHP\Lib\Core\App.class.php 第 56 行.
NOTIC: [2] stripslashes() expects exactly 1 parameter, 2 given D:\wamp\www\ThinkPHP3.1\ThinkPHP\Lib\Core\App.class.php 第 57 行.
NOTIC: [2] stripslashes() expects exactly 1 parameter, 2 given D:\wamp\www\ThinkPHP3.1\ThinkPHP\Lib\Core\App.class.php 第 57 行.
NOTIC: [2] stripslashes() expects exactly 1 parameter, 2 given D:\wamp\www\ThinkPHP3.1\ThinkPHP\Lib\Core\App.class.php 第 57 行.
INFO: [ app_begin ] --START--
INFO: ReadHtmlCache Behavior ::run [ RunTime:0.000000s ]
INFO: [ app_begin ] --END-- [ RunTime:0.000000s ]
NOTIC: 建议使用I方法替代_post

[ 2015-05-31T12:29:33+08:00 ] 127.0.0.1 /Login/login.html
NOTIC: [2] stripslashes() expects exactly 1 parameter, 2 given D:\wamp\www\ThinkPHP3.1\ThinkPHP\Lib\Core\App.class.php 第 56 行.
NOTIC: [2] stripslashes() expects exactly 1 parameter, 2 given D:\wamp\www\ThinkPHP3.1\ThinkPHP\Lib\Core\App.class.php 第 56 行.
NOTIC: [2] stripslashes() expects exactly 1 parameter, 2 given D:\wamp\www\ThinkPHP3.1\ThinkPHP\Lib\Core\App.class.php 第 56 行.
NOTIC: [2] stripslashes() expects exactly 1 parameter, 2 given D:\wamp\www\ThinkPHP3.1\ThinkPHP\Lib\Core\App.class.php 第 56 行.
NOTIC: [2] stripslashes() expects exactly 1 parameter, 2 given D:\wamp\www\ThinkPHP3.1\ThinkPHP\Lib\Core\App.class.php 第 56 行.
NOTIC: [2] stripslashes() expects exactly 1 parameter, 2 given D:\wamp\www\ThinkPHP3.1\ThinkPHP\Lib\Core\App.class.php 第 57 行.
NOTIC: [2] stripslashes() expects exactly 1 parameter, 2 given D:\wamp\www\ThinkPHP3.1\ThinkPHP\Lib\Core\App.class.php 第 57 行.
NOTIC: [2] stripslashes() expects exactly 1 parameter, 2 given D:\wamp\www\ThinkPHP3.1\ThinkPHP\Lib\Core\App.class.php 第 57 行.
INFO: [ app_begin ] --START--
INFO: ReadHtmlCache Behavior ::run [ RunTime:0.000000s ]
INFO: [ app_begin ] --END-- [ RunTime:0.000000s ]
NOTIC: 建议使用I方法替代_post

[ 2015-05-31T12:29:46+08:00 ] 127.0.0.1 /Login/login.html
NOTIC: [2] stripslashes() expects exactly 1 parameter, 2 given D:\wamp\www\ThinkPHP3.1\ThinkPHP\Lib\Core\App.class.php 第 56 行.
NOTIC: [2] stripslashes() expects exactly 1 parameter, 2 given D:\wamp\www\ThinkPHP3.1\ThinkPHP\Lib\Core\App.class.php 第 56 行.
NOTIC: [2] stripslashes() expects exactly 1 parameter, 2 given D:\wamp\www\ThinkPHP3.1\ThinkPHP\Lib\Core\App.class.php 第 56 行.
NOTIC: [2] stripslashes() expects exactly 1 parameter, 2 given D:\wamp\www\ThinkPHP3.1\ThinkPHP\Lib\Core\App.class.php 第 56 行.
NOTIC: [2] stripslashes() expects exactly 1 parameter, 2 given D:\wamp\www\ThinkPHP3.1\ThinkPHP\Lib\Core\App.class.php 第 56 行.
NOTIC: [2] stripslashes() expects exactly 1 parameter, 2 given D:\wamp\www\ThinkPHP3.1\ThinkPHP\Lib\Core\App.class.php 第 57 行.
NOTIC: [2] stripslashes() expects exactly 1 parameter, 2 given D:\wamp\www\ThinkPHP3.1\ThinkPHP\Lib\Core\App.class.php 第 57 行.
NOTIC: [2] stripslashes() expects exactly 1 parameter, 2 given D:\wamp\www\ThinkPHP3.1\ThinkPHP\Lib\Core\App.class.php 第 57 行.
INFO: [ app_begin ] --START--
INFO: ReadHtmlCache Behavior ::run [ RunTime:0.000000s ]
INFO: [ app_begin ] --END-- [ RunTime:0.000000s ]
NOTIC: 建议使用I方法替代_post

[ 2015-05-31T12:30:02+08:00 ] 127.0.0.1 /Login/login.html
NOTIC: [2] stripslashes() expects exactly 1 parameter, 2 given D:\wamp\www\ThinkPHP3.1\ThinkPHP\Lib\Core\App.class.php 第 56 行.
NOTIC: [2] stripslashes() expects exactly 1 parameter, 2 given D:\wamp\www\ThinkPHP3.1\ThinkPHP\Lib\Core\App.class.php 第 56 行.
NOTIC: [2] stripslashes() expects exactly 1 parameter, 2 given D:\wamp\www\ThinkPHP3.1\ThinkPHP\Lib\Core\App.class.php 第 56 行.
NOTIC: [2] stripslashes() expects exactly 1 parameter, 2 given D:\wamp\www\ThinkPHP3.1\ThinkPHP\Lib\Core\App.class.php 第 56 行.
NOTIC: [2] stripslashes() expects exactly 1 parameter, 2 given D:\wamp\www\ThinkPHP3.1\ThinkPHP\Lib\Core\App.class.php 第 56 行.
NOTIC: [2] stripslashes() expects exactly 1 parameter, 2 given D:\wamp\www\ThinkPHP3.1\ThinkPHP\Lib\Core\App.class.php 第 57 行.
NOTIC: [2] stripslashes() expects exactly 1 parameter, 2 given D:\wamp\www\ThinkPHP3.1\ThinkPHP\Lib\Core\App.class.php 第 57 行.
NOTIC: [2] stripslashes() expects exactly 1 parameter, 2 given D:\wamp\www\ThinkPHP3.1\ThinkPHP\Lib\Core\App.class.php 第 57 行.
INFO: [ app_begin ] --START--
INFO: ReadHtmlCache Behavior ::run [ RunTime:0.000000s ]
INFO: [ app_begin ] --END-- [ RunTime:0.000000s ]
NOTIC: 建议使用I方法替代_post

[ 2015-05-31T13:59:25+08:00 ] 127.0.0.1 /Login/login.html
NOTIC: [2] stripslashes() expects exactly 1 parameter, 2 given D:\wamp\www\ThinkPHP3.1\ThinkPHP\Lib\Core\App.class.php 第 56 行.
NOTIC: [2] stripslashes() expects exactly 1 parameter, 2 given D:\wamp\www\ThinkPHP3.1\ThinkPHP\Lib\Core\App.class.php 第 56 行.
NOTIC: [2] stripslashes() expects exactly 1 parameter, 2 given D:\wamp\www\ThinkPHP3.1\ThinkPHP\Lib\Core\App.class.php 第 56 行.
NOTIC: [2] stripslashes() expects exactly 1 parameter, 2 given D:\wamp\www\ThinkPHP3.1\ThinkPHP\Lib\Core\App.class.php 第 56 行.
NOTIC: [2] stripslashes() expects exactly 1 parameter, 2 given D:\wamp\www\ThinkPHP3.1\ThinkPHP\Lib\Core\App.class.php 第 56 行.
NOTIC: [2] stripslashes() expects exactly 1 parameter, 2 given D:\wamp\www\ThinkPHP3.1\ThinkPHP\Lib\Core\App.class.php 第 57 行.
NOTIC: [2] stripslashes() expects exactly 1 parameter, 2 given D:\wamp\www\ThinkPHP3.1\ThinkPHP\Lib\Core\App.class.php 第 57 行.
NOTIC: [2] stripslashes() expects exactly 1 parameter, 2 given D:\wamp\www\ThinkPHP3.1\ThinkPHP\Lib\Core\App.class.php 第 57 行.
INFO: [ app_begin ] --START--
INFO: ReadHtmlCache Behavior ::run [ RunTime:0.000000s ]
INFO: [ app_begin ] --END-- [ RunTime:0.000000s ]
NOTIC: 建议使用I方法替代_post

[ 2015-05-31T13:59:34+08:00 ] 127.0.0.1 /Login/login.html
NOTIC: [2] stripslashes() expects exactly 1 parameter, 2 given D:\wamp\www\ThinkPHP3.1\ThinkPHP\Lib\Core\App.class.php 第 56 行.
NOTIC: [2] stripslashes() expects exactly 1 parameter, 2 given D:\wamp\www\ThinkPHP3.1\ThinkPHP\Lib\Core\App.class.php 第 56 行.
NOTIC: [2] stripslashes() expects exactly 1 parameter, 2 given D:\wamp\www\ThinkPHP3.1\ThinkPHP\Lib\Core\App.class.php 第 56 行.
NOTIC: [2] stripslashes() expects exactly 1 parameter, 2 given D:\wamp\www\ThinkPHP3.1\ThinkPHP\Lib\Core\App.class.php 第 56 行.
NOTIC: [2] stripslashes() expects exactly 1 parameter, 2 given D:\wamp\www\ThinkPHP3.1\ThinkPHP\Lib\Core\App.class.php 第 56 行.
NOTIC: [2] stripslashes() expects exactly 1 parameter, 2 given D:\wamp\www\ThinkPHP3.1\ThinkPHP\Lib\Core\App.class.php 第 57 行.
NOTIC: [2] stripslashes() expects exactly 1 parameter, 2 given D:\wamp\www\ThinkPHP3.1\ThinkPHP\Lib\Core\App.class.php 第 57 行.
NOTIC: [2] stripslashes() expects exactly 1 parameter, 2 given D:\wamp\www\ThinkPHP3.1\ThinkPHP\Lib\Core\App.class.php 第 57 行.
INFO: [ app_begin ] --START--
INFO: ReadHtmlCache Behavior ::run [ RunTime:0.001000s ]
INFO: [ app_begin ] --END-- [ RunTime:0.001000s ]
NOTIC: 建议使用I方法替代_post

[ 2015-05-31T14:00:52+08:00 ] 127.0.0.1 /Login/login.html
NOTIC: [2] stripslashes() expects exactly 1 parameter, 2 given D:\wamp\www\ThinkPHP3.1\ThinkPHP\Lib\Core\App.class.php 第 56 行.
NOTIC: [2] stripslashes() expects exactly 1 parameter, 2 given D:\wamp\www\ThinkPHP3.1\ThinkPHP\Lib\Core\App.class.php 第 56 行.
NOTIC: [2] stripslashes() expects exactly 1 parameter, 2 given D:\wamp\www\ThinkPHP3.1\ThinkPHP\Lib\Core\App.class.php 第 56 行.
NOTIC: [2] stripslashes() expects exactly 1 parameter, 2 given D:\wamp\www\ThinkPHP3.1\ThinkPHP\Lib\Core\App.class.php 第 56 行.
NOTIC: [2] stripslashes() expects exactly 1 parameter, 2 given D:\wamp\www\ThinkPHP3.1\ThinkPHP\Lib\Core\App.class.php 第 56 行.
NOTIC: [2] stripslashes() expects exactly 1 parameter, 2 given D:\wamp\www\ThinkPHP3.1\ThinkPHP\Lib\Core\App.class.php 第 57 行.
NOTIC: [2] stripslashes() expects exactly 1 parameter, 2 given D:\wamp\www\ThinkPHP3.1\ThinkPHP\Lib\Core\App.class.php 第 57 行.
NOTIC: [2] stripslashes() expects exactly 1 parameter, 2 given D:\wamp\www\ThinkPHP3.1\ThinkPHP\Lib\Core\App.class.php 第 57 行.
INFO: [ app_begin ] --START--
INFO: ReadHtmlCache Behavior ::run [ RunTime:0.000000s ]
INFO: [ app_begin ] --END-- [ RunTime:0.000000s ]
NOTIC: 建议使用I方法替代_post

[ 2015-05-31T14:00:57+08:00 ] 127.0.0.1 /Login/login.html
NOTIC: [2] stripslashes() expects exactly 1 parameter, 2 given D:\wamp\www\ThinkPHP3.1\ThinkPHP\Lib\Core\App.class.php 第 56 行.
NOTIC: [2] stripslashes() expects exactly 1 parameter, 2 given D:\wamp\www\ThinkPHP3.1\ThinkPHP\Lib\Core\App.class.php 第 56 行.
NOTIC: [2] stripslashes() expects exactly 1 parameter, 2 given D:\wamp\www\ThinkPHP3.1\ThinkPHP\Lib\Core\App.class.php 第 56 行.
NOTIC: [2] stripslashes() expects exactly 1 parameter, 2 given D:\wamp\www\ThinkPHP3.1\ThinkPHP\Lib\Core\App.class.php 第 56 行.
NOTIC: [2] stripslashes() expects exactly 1 parameter, 2 given D:\wamp\www\ThinkPHP3.1\ThinkPHP\Lib\Core\App.class.php 第 56 行.
NOTIC: [2] stripslashes() expects exactly 1 parameter, 2 given D:\wamp\www\ThinkPHP3.1\ThinkPHP\Lib\Core\App.class.php 第 57 行.
NOTIC: [2] stripslashes() expects exactly 1 parameter, 2 given D:\wamp\www\ThinkPHP3.1\ThinkPHP\Lib\Core\App.class.php 第 57 行.
NOTIC: [2] stripslashes() expects exactly 1 parameter, 2 given D:\wamp\www\ThinkPHP3.1\ThinkPHP\Lib\Core\App.class.php 第 57 行.
INFO: [ app_begin ] --START--
INFO: ReadHtmlCache Behavior ::run [ RunTime:0.000000s ]
INFO: [ app_begin ] --END-- [ RunTime:0.000000s ]
NOTIC: 建议使用I方法替代_post

[ 2015-05-31T14:01:02+08:00 ] 127.0.0.1 /Login/login.html
NOTIC: [2] stripslashes() expects exactly 1 parameter, 2 given D:\wamp\www\ThinkPHP3.1\ThinkPHP\Lib\Core\App.class.php 第 56 行.
NOTIC: [2] stripslashes() expects exactly 1 parameter, 2 given D:\wamp\www\ThinkPHP3.1\ThinkPHP\Lib\Core\App.class.php 第 56 行.
NOTIC: [2] stripslashes() expects exactly 1 parameter, 2 given D:\wamp\www\ThinkPHP3.1\ThinkPHP\Lib\Core\App.class.php 第 56 行.
NOTIC: [2] stripslashes() expects exactly 1 parameter, 2 given D:\wamp\www\ThinkPHP3.1\ThinkPHP\Lib\Core\App.class.php 第 56 行.
NOTIC: [2] stripslashes() expects exactly 1 parameter, 2 given D:\wamp\www\ThinkPHP3.1\ThinkPHP\Lib\Core\App.class.php 第 56 行.
NOTIC: [2] stripslashes() expects exactly 1 parameter, 2 given D:\wamp\www\ThinkPHP3.1\ThinkPHP\Lib\Core\App.class.php 第 57 行.
NOTIC: [2] stripslashes() expects exactly 1 parameter, 2 given D:\wamp\www\ThinkPHP3.1\ThinkPHP\Lib\Core\App.class.php 第 57 行.
NOTIC: [2] stripslashes() expects exactly 1 parameter, 2 given D:\wamp\www\ThinkPHP3.1\ThinkPHP\Lib\Core\App.class.php 第 57 行.
INFO: [ app_begin ] --START--
INFO: ReadHtmlCache Behavior ::run [ RunTime:0.000000s ]
INFO: [ app_begin ] --END-- [ RunTime:0.000000s ]
NOTIC: 建议使用I方法替代_post

[ 2015-05-31T14:02:46+08:00 ] 127.0.0.1 /Login/login.html
NOTIC: [2] stripslashes() expects exactly 1 parameter, 2 given D:\wamp\www\ThinkPHP3.1\ThinkPHP\Lib\Core\App.class.php 第 56 行.
NOTIC: [2] stripslashes() expects exactly 1 parameter, 2 given D:\wamp\www\ThinkPHP3.1\ThinkPHP\Lib\Core\App.class.php 第 56 行.
NOTIC: [2] stripslashes() expects exactly 1 parameter, 2 given D:\wamp\www\ThinkPHP3.1\ThinkPHP\Lib\Core\App.class.php 第 56 行.
NOTIC: [2] stripslashes() expects exactly 1 parameter, 2 given D:\wamp\www\ThinkPHP3.1\ThinkPHP\Lib\Core\App.class.php 第 56 行.
NOTIC: [2] stripslashes() expects exactly 1 parameter, 2 given D:\wamp\www\ThinkPHP3.1\ThinkPHP\Lib\Core\App.class.php 第 56 行.
NOTIC: [2] stripslashes() expects exactly 1 parameter, 2 given D:\wamp\www\ThinkPHP3.1\ThinkPHP\Lib\Core\App.class.php 第 57 行.
NOTIC: [2] stripslashes() expects exactly 1 parameter, 2 given D:\wamp\www\ThinkPHP3.1\ThinkPHP\Lib\Core\App.class.php 第 57 行.
NOTIC: [2] stripslashes() expects exactly 1 parameter, 2 given D:\wamp\www\ThinkPHP3.1\ThinkPHP\Lib\Core\App.class.php 第 57 行.
INFO: [ app_begin ] --START--
INFO: ReadHtmlCache Behavior ::run [ RunTime:0.000000s ]
INFO: [ app_begin ] --END-- [ RunTime:0.000000s ]
NOTIC: 建议使用I方法替代_post

[ 2015-05-31T14:05:06+08:00 ] 127.0.0.1 /Login/login.html
NOTIC: [2] stripslashes() expects exactly 1 parameter, 2 given D:\wamp\www\ThinkPHP3.1\ThinkPHP\Lib\Core\App.class.php 第 56 行.
NOTIC: [2] stripslashes() expects exactly 1 parameter, 2 given D:\wamp\www\ThinkPHP3.1\ThinkPHP\Lib\Core\App.class.php 第 56 行.
NOTIC: [2] stripslashes() expects exactly 1 parameter, 2 given D:\wamp\www\ThinkPHP3.1\ThinkPHP\Lib\Core\App.class.php 第 56 行.
NOTIC: [2] stripslashes() expects exactly 1 parameter, 2 given D:\wamp\www\ThinkPHP3.1\ThinkPHP\Lib\Core\App.class.php 第 56 行.
NOTIC: [2] stripslashes() expects exactly 1 parameter, 2 given D:\wamp\www\ThinkPHP3.1\ThinkPHP\Lib\Core\App.class.php 第 56 行.
NOTIC: [2] stripslashes() expects exactly 1 parameter, 2 given D:\wamp\www\ThinkPHP3.1\ThinkPHP\Lib\Core\App.class.php 第 57 行.
NOTIC: [2] stripslashes() expects exactly 1 parameter, 2 given D:\wamp\www\ThinkPHP3.1\ThinkPHP\Lib\Core\App.class.php 第 57 行.
NOTIC: [2] stripslashes() expects exactly 1 parameter, 2 given D:\wamp\www\ThinkPHP3.1\ThinkPHP\Lib\Core\App.class.php 第 57 行.
INFO: [ app_begin ] --START--
INFO: ReadHtmlCache Behavior ::run [ RunTime:0.000000s ]
INFO: [ app_begin ] --END-- [ RunTime:0.000000s ]
NOTIC: 建议使用I方法替代_post

[ 2015-05-31T14:05:13+08:00 ] 127.0.0.1 /Login/login.html
NOTIC: [2] stripslashes() expects exactly 1 parameter, 2 given D:\wamp\www\ThinkPHP3.1\ThinkPHP\Lib\Core\App.class.php 第 56 行.
NOTIC: [2] stripslashes() expects exactly 1 parameter, 2 given D:\wamp\www\ThinkPHP3.1\ThinkPHP\Lib\Core\App.class.php 第 56 行.
NOTIC: [2] stripslashes() expects exactly 1 parameter, 2 given D:\wamp\www\ThinkPHP3.1\ThinkPHP\Lib\Core\App.class.php 第 56 行.
NOTIC: [2] stripslashes() expects exactly 1 parameter, 2 given D:\wamp\www\ThinkPHP3.1\ThinkPHP\Lib\Core\App.class.php 第 56 行.
NOTIC: [2] stripslashes() expects exactly 1 parameter, 2 given D:\wamp\www\ThinkPHP3.1\ThinkPHP\Lib\Core\App.class.php 第 56 行.
NOTIC: [2] stripslashes() expects exactly 1 parameter, 2 given D:\wamp\www\ThinkPHP3.1\ThinkPHP\Lib\Core\App.class.php 第 57 行.
NOTIC: [2] stripslashes() expects exactly 1 parameter, 2 given D:\wamp\www\ThinkPHP3.1\ThinkPHP\Lib\Core\App.class.php 第 57 行.
NOTIC: [2] stripslashes() expects exactly 1 parameter, 2 given D:\wamp\www\ThinkPHP3.1\ThinkPHP\Lib\Core\App.class.php 第 57 行.
INFO: [ app_begin ] --START--
INFO: ReadHtmlCache Behavior ::run [ RunTime:0.001000s ]
INFO: [ app_begin ] --END-- [ RunTime:0.001000s ]
NOTIC: 建议使用I方法替代_post

[ 2015-05-31T14:05:20+08:00 ] 127.0.0.1 /Login/login.html
NOTIC: [2] stripslashes() expects exactly 1 parameter, 2 given D:\wamp\www\ThinkPHP3.1\ThinkPHP\Lib\Core\App.class.php 第 56 行.
NOTIC: [2] stripslashes() expects exactly 1 parameter, 2 given D:\wamp\www\ThinkPHP3.1\ThinkPHP\Lib\Core\App.class.php 第 56 行.
NOTIC: [2] stripslashes() expects exactly 1 parameter, 2 given D:\wamp\www\ThinkPHP3.1\ThinkPHP\Lib\Core\App.class.php 第 56 行.
NOTIC: [2] stripslashes() expects exactly 1 parameter, 2 given D:\wamp\www\ThinkPHP3.1\ThinkPHP\Lib\Core\App.class.php 第 56 行.
NOTIC: [2] stripslashes() expects exactly 1 parameter, 2 given D:\wamp\www\ThinkPHP3.1\ThinkPHP\Lib\Core\App.class.php 第 56 行.
NOTIC: [2] stripslashes() expects exactly 1 parameter, 2 given D:\wamp\www\ThinkPHP3.1\ThinkPHP\Lib\Core\App.class.php 第 57 行.
NOTIC: [2] stripslashes() expects exactly 1 parameter, 2 given D:\wamp\www\ThinkPHP3.1\ThinkPHP\Lib\Core\App.class.php 第 57 行.
NOTIC: [2] stripslashes() expects exactly 1 parameter, 2 given D:\wamp\www\ThinkPHP3.1\ThinkPHP\Lib\Core\App.class.php 第 57 行.
INFO: [ app_begin ] --START--
INFO: ReadHtmlCache Behavior ::run [ RunTime:0.001000s ]
INFO: [ app_begin ] --END-- [ RunTime:0.001000s ]
NOTIC: 建议使用I方法替代_post

[ 2015-05-31T14:05:56+08:00 ] 127.0.0.1 /Login/login.html
NOTIC: [2] stripslashes() expects exactly 1 parameter, 2 given D:\wamp\www\ThinkPHP3.1\ThinkPHP\Lib\Core\App.class.php 第 56 行.
NOTIC: [2] stripslashes() expects exactly 1 parameter, 2 given D:\wamp\www\ThinkPHP3.1\ThinkPHP\Lib\Core\App.class.php 第 56 行.
NOTIC: [2] stripslashes() expects exactly 1 parameter, 2 given D:\wamp\www\ThinkPHP3.1\ThinkPHP\Lib\Core\App.class.php 第 56 行.
NOTIC: [2] stripslashes() expects exactly 1 parameter, 2 given D:\wamp\www\ThinkPHP3.1\ThinkPHP\Lib\Core\App.class.php 第 56 行.
NOTIC: [2] stripslashes() expects exactly 1 parameter, 2 given D:\wamp\www\ThinkPHP3.1\ThinkPHP\Lib\Core\App.class.php 第 56 行.
NOTIC: [2] stripslashes() expects exactly 1 parameter, 2 given D:\wamp\www\ThinkPHP3.1\ThinkPHP\Lib\Core\App.class.php 第 57 行.
NOTIC: [2] stripslashes() expects exactly 1 parameter, 2 given D:\wamp\www\ThinkPHP3.1\ThinkPHP\Lib\Core\App.class.php 第 57 行.
NOTIC: [2] stripslashes() expects exactly 1 parameter, 2 given D:\wamp\www\ThinkPHP3.1\ThinkPHP\Lib\Core\App.class.php 第 57 行.
INFO: [ app_begin ] --START--
INFO: ReadHtmlCache Behavior ::run [ RunTime:0.000000s ]
INFO: [ app_begin ] --END-- [ RunTime:0.000000s ]
NOTIC: 建议使用I方法替代_post

[ 2015-05-31T14:06:03+08:00 ] 127.0.0.1 /Login/login.html
NOTIC: [2] stripslashes() expects exactly 1 parameter, 2 given D:\wamp\www\ThinkPHP3.1\ThinkPHP\Lib\Core\App.class.php 第 56 行.
NOTIC: [2] stripslashes() expects exactly 1 parameter, 2 given D:\wamp\www\ThinkPHP3.1\ThinkPHP\Lib\Core\App.class.php 第 56 行.
NOTIC: [2] stripslashes() expects exactly 1 parameter, 2 given D:\wamp\www\ThinkPHP3.1\ThinkPHP\Lib\Core\App.class.php 第 56 行.
NOTIC: [2] stripslashes() expects exactly 1 parameter, 2 given D:\wamp\www\ThinkPHP3.1\ThinkPHP\Lib\Core\App.class.php 第 56 行.
NOTIC: [2] stripslashes() expects exactly 1 parameter, 2 given D:\wamp\www\ThinkPHP3.1\ThinkPHP\Lib\Core\App.class.php 第 56 行.
NOTIC: [2] stripslashes() expects exactly 1 parameter, 2 given D:\wamp\www\ThinkPHP3.1\ThinkPHP\Lib\Core\App.class.php 第 57 行.
NOTIC: [2] stripslashes() expects exactly 1 parameter, 2 given D:\wamp\www\ThinkPHP3.1\ThinkPHP\Lib\Core\App.class.php 第 57 行.
NOTIC: [2] stripslashes() expects exactly 1 parameter, 2 given D:\wamp\www\ThinkPHP3.1\ThinkPHP\Lib\Core\App.class.php 第 57 行.
INFO: [ app_begin ] --START--
INFO: ReadHtmlCache Behavior ::run [ RunTime:0.000000s ]
INFO: [ app_begin ] --END-- [ RunTime:0.000000s ]
NOTIC: 建议使用I方法替代_post

[ 2015-05-31T15:14:15+08:00 ] 127.0.0.1 /
NOTIC: 建议使用I方法替代_get

[ 2015-05-31T16:05:25+08:00 ] 127.0.0.1 /Login/login.html
NOTIC: [2] stripslashes() expects exactly 1 parameter, 2 given D:\wamp\www\ThinkPHP3.1\ThinkPHP\Lib\Core\App.class.php 第 56 行.
NOTIC: [2] stripslashes() expects exactly 1 parameter, 2 given D:\wamp\www\ThinkPHP3.1\ThinkPHP\Lib\Core\App.class.php 第 56 行.
NOTIC: [2] stripslashes() expects exactly 1 parameter, 2 given D:\wamp\www\ThinkPHP3.1\ThinkPHP\Lib\Core\App.class.php 第 56 行.
NOTIC: [2] stripslashes() expects exactly 1 parameter, 2 given D:\wamp\www\ThinkPHP3.1\ThinkPHP\Lib\Core\App.class.php 第 56 行.
NOTIC: [2] stripslashes() expects exactly 1 parameter, 2 given D:\wamp\www\ThinkPHP3.1\ThinkPHP\Lib\Core\App.class.php 第 56 行.
NOTIC: [2] stripslashes() expects exactly 1 parameter, 2 given D:\wamp\www\ThinkPHP3.1\ThinkPHP\Lib\Core\App.class.php 第 57 行.
NOTIC: [2] stripslashes() expects exactly 1 parameter, 2 given D:\wamp\www\ThinkPHP3.1\ThinkPHP\Lib\Core\App.class.php 第 57 行.
NOTIC: [2] stripslashes() expects exactly 1 parameter, 2 given D:\wamp\www\ThinkPHP3.1\ThinkPHP\Lib\Core\App.class.php 第 57 行.
INFO: [ app_begin ] --START--
INFO: ReadHtmlCache Behavior ::run [ RunTime:0.001000s ]
INFO: [ app_begin ] --END-- [ RunTime:0.001000s ]
NOTIC: 建议使用I方法替代_post
NOTIC: 建议使用I方法替代_post
NOTIC: 建议使用I方法替代_post
NOTIC: 建议使用I方法替代_post
NOTIC: [8] Undefined variable: name D:\wamp\www\ThinkPHP3.1\Lib\Action\LoginAction.class.php 第 26 行.
SQL: SHOW COLUMNS FROM `xm_users` [ RunTime:0.035002s ]
SQL: SELECT `uid`,`username` FROM `xm_users` WHERE ( phone='' AND passwd='21232f297a57a5a743894a0e4a801fc3' ) LIMIT 1   [ RunTime:0.091005s ]

[ 2015-05-31T16:17:00+08:00 ] 127.0.0.1 /Login/login.html
NOTIC: [2] stripslashes() expects exactly 1 parameter, 2 given D:\wamp\www\ThinkPHP3.1\ThinkPHP\Lib\Core\App.class.php 第 56 行.
NOTIC: [2] stripslashes() expects exactly 1 parameter, 2 given D:\wamp\www\ThinkPHP3.1\ThinkPHP\Lib\Core\App.class.php 第 56 行.
NOTIC: [2] stripslashes() expects exactly 1 parameter, 2 given D:\wamp\www\ThinkPHP3.1\ThinkPHP\Lib\Core\App.class.php 第 56 行.
NOTIC: [2] stripslashes() expects exactly 1 parameter, 2 given D:\wamp\www\ThinkPHP3.1\ThinkPHP\Lib\Core\App.class.php 第 56 行.
NOTIC: [2] stripslashes() expects exactly 1 parameter, 2 given D:\wamp\www\ThinkPHP3.1\ThinkPHP\Lib\Core\App.class.php 第 56 行.
NOTIC: [2] stripslashes() expects exactly 1 parameter, 2 given D:\wamp\www\ThinkPHP3.1\ThinkPHP\Lib\Core\App.class.php 第 57 行.
NOTIC: [2] stripslashes() expects exactly 1 parameter, 2 given D:\wamp\www\ThinkPHP3.1\ThinkPHP\Lib\Core\App.class.php 第 57 行.
NOTIC: [2] stripslashes() expects exactly 1 parameter, 2 given D:\wamp\www\ThinkPHP3.1\ThinkPHP\Lib\Core\App.class.php 第 57 行.
INFO: [ app_begin ] --START--
INFO: ReadHtmlCache Behavior ::run [ RunTime:0.001000s ]
INFO: [ app_begin ] --END-- [ RunTime:0.001000s ]
NOTIC: 建议使用I方法替代_post
NOTIC: 建议使用I方法替代_post
NOTIC: 建议使用I方法替代_post
NOTIC: 建议使用I方法替代_post
NOTIC: [8] Undefined variable: name D:\wamp\www\ThinkPHP3.1\Lib\Action\LoginAction.class.php 第 26 行.
SQL: SHOW COLUMNS FROM `xm_users` [ RunTime:0.078005s ]
SQL: SELECT `uid`,`username` FROM `xm_users` WHERE ( phone='' AND passwd='21232f297a57a5a743894a0e4a801fc3' ) LIMIT 1   [ RunTime:0.001000s ]

[ 2015-05-31T16:17:08+08:00 ] 127.0.0.1 /
NOTIC: 建议使用I方法替代_get

[ 2015-05-31T16:17:17+08:00 ] 127.0.0.1 /Index/index.html
NOTIC: 建议使用I方法替代_get

[ 2015-05-31T16:17:19+08:00 ] 127.0.0.1 /Register/Tpl/bootstrap/css/validationEngine.jquery.css
ERR: 非法操作:Tpl

[ 2015-05-31T16:17:46+08:00 ] 127.0.0.1 /Login/login.html
NOTIC: [2] stripslashes() expects exactly 1 parameter, 2 given D:\wamp\www\ThinkPHP3.1\ThinkPHP\Lib\Core\App.class.php 第 56 行.
NOTIC: [2] stripslashes() expects exactly 1 parameter, 2 given D:\wamp\www\ThinkPHP3.1\ThinkPHP\Lib\Core\App.class.php 第 56 行.
NOTIC: [2] stripslashes() expects exactly 1 parameter, 2 given D:\wamp\www\ThinkPHP3.1\ThinkPHP\Lib\Core\App.class.php 第 56 行.
NOTIC: [2] stripslashes() expects exactly 1 parameter, 2 given D:\wamp\www\ThinkPHP3.1\ThinkPHP\Lib\Core\App.class.php 第 56 行.
NOTIC: [2] stripslashes() expects exactly 1 parameter, 2 given D:\wamp\www\ThinkPHP3.1\ThinkPHP\Lib\Core\App.class.php 第 56 行.
NOTIC: [2] stripslashes() expects exactly 1 parameter, 2 given D:\wamp\www\ThinkPHP3.1\ThinkPHP\Lib\Core\App.class.php 第 57 行.
NOTIC: [2] stripslashes() expects exactly 1 parameter, 2 given D:\wamp\www\ThinkPHP3.1\ThinkPHP\Lib\Core\App.class.php 第 57 行.
NOTIC: [2] stripslashes() expects exactly 1 parameter, 2 given D:\wamp\www\ThinkPHP3.1\ThinkPHP\Lib\Core\App.class.php 第 57 行.
INFO: [ app_begin ] --START--
INFO: ReadHtmlCache Behavior ::run [ RunTime:0.001000s ]
INFO: [ app_begin ] --END-- [ RunTime:0.001000s ]
NOTIC: 建议使用I方法替代_post
NOTIC: 建议使用I方法替代_post
NOTIC: 建议使用I方法替代_post
NOTIC: 建议使用I方法替代_post
NOTIC: [8] Undefined variable: name D:\wamp\www\ThinkPHP3.1\Lib\Action\LoginAction.class.php 第 28 行.
SQL: SHOW COLUMNS FROM `xm_orgs` [ RunTime:0.008000s ]
NOTIC: [8] Undefined variable: email D:\wamp\www\ThinkPHP3.1\Lib\Action\LoginAction.class.php 第 52 行.
SQL: SELECT `oid`,`orgname` FROM `xm_orgs` WHERE ( phone='' AND passwd='21232f297a57a5a743894a0e4a801fc3' ) LIMIT 1   [ RunTime:0.033002s ]

[ 2015-05-31T16:18:19+08:00 ] 127.0.0.1 /Login/login.html
NOTIC: [2] stripslashes() expects exactly 1 parameter, 2 given D:\wamp\www\ThinkPHP3.1\ThinkPHP\Lib\Core\App.class.php 第 56 行.
NOTIC: [2] stripslashes() expects exactly 1 parameter, 2 given D:\wamp\www\ThinkPHP3.1\ThinkPHP\Lib\Core\App.class.php 第 56 行.
NOTIC: [2] stripslashes() expects exactly 1 parameter, 2 given D:\wamp\www\ThinkPHP3.1\ThinkPHP\Lib\Core\App.class.php 第 56 行.
NOTIC: [2] stripslashes() expects exactly 1 parameter, 2 given D:\wamp\www\ThinkPHP3.1\ThinkPHP\Lib\Core\App.class.php 第 56 行.
NOTIC: [2] stripslashes() expects exactly 1 parameter, 2 given D:\wamp\www\ThinkPHP3.1\ThinkPHP\Lib\Core\App.class.php 第 56 行.
NOTIC: [2] stripslashes() expects exactly 1 parameter, 2 given D:\wamp\www\ThinkPHP3.1\ThinkPHP\Lib\Core\App.class.php 第 57 行.
NOTIC: [2] stripslashes() expects exactly 1 parameter, 2 given D:\wamp\www\ThinkPHP3.1\ThinkPHP\Lib\Core\App.class.php 第 57 行.
NOTIC: [2] stripslashes() expects exactly 1 parameter, 2 given D:\wamp\www\ThinkPHP3.1\ThinkPHP\Lib\Core\App.class.php 第 57 行.
INFO: [ app_begin ] --START--
INFO: ReadHtmlCache Behavior ::run [ RunTime:0.000000s ]
INFO: [ app_begin ] --END-- [ RunTime:0.000000s ]
NOTIC: 建议使用I方法替代_post

[ 2015-05-31T16:18:25+08:00 ] 127.0.0.1 /Login/login.html
NOTIC: [2] stripslashes() expects exactly 1 parameter, 2 given D:\wamp\www\ThinkPHP3.1\ThinkPHP\Lib\Core\App.class.php 第 56 行.
NOTIC: [2] stripslashes() expects exactly 1 parameter, 2 given D:\wamp\www\ThinkPHP3.1\ThinkPHP\Lib\Core\App.class.php 第 56 行.
NOTIC: [2] stripslashes() expects exactly 1 parameter, 2 given D:\wamp\www\ThinkPHP3.1\ThinkPHP\Lib\Core\App.class.php 第 56 行.
NOTIC: [2] stripslashes() expects exactly 1 parameter, 2 given D:\wamp\www\ThinkPHP3.1\ThinkPHP\Lib\Core\App.class.php 第 56 行.
NOTIC: [2] stripslashes() expects exactly 1 parameter, 2 given D:\wamp\www\ThinkPHP3.1\ThinkPHP\Lib\Core\App.class.php 第 56 行.
NOTIC: [2] stripslashes() expects exactly 1 parameter, 2 given D:\wamp\www\ThinkPHP3.1\ThinkPHP\Lib\Core\App.class.php 第 57 行.
NOTIC: [2] stripslashes() expects exactly 1 parameter, 2 given D:\wamp\www\ThinkPHP3.1\ThinkPHP\Lib\Core\App.class.php 第 57 行.
NOTIC: [2] stripslashes() expects exactly 1 parameter, 2 given D:\wamp\www\ThinkPHP3.1\ThinkPHP\Lib\Core\App.class.php 第 57 行.
INFO: [ app_begin ] --START--
INFO: ReadHtmlCache Behavior ::run [ RunTime:0.000000s ]
INFO: [ app_begin ] --END-- [ RunTime:0.000000s ]
NOTIC: 建议使用I方法替代_post
NOTIC: 建议使用I方法替代_post
NOTIC: 建议使用I方法替代_post
NOTIC: 建议使用I方法替代_post
NOTIC: [8] Undefined variable: name D:\wamp\www\ThinkPHP3.1\Lib\Action\LoginAction.class.php 第 28 行.
SQL: SHOW COLUMNS FROM `xm_orgs` [ RunTime:0.010001s ]
NOTIC: [8] Undefined variable: email D:\wamp\www\ThinkPHP3.1\Lib\Action\LoginAction.class.php 第 52 行.
SQL: SELECT `oid`,`orgname` FROM `xm_orgs` WHERE ( phone='' AND passwd='21232f297a57a5a743894a0e4a801fc3' ) LIMIT 1   [ RunTime:0.000000s ]

[ 2015-05-31T16:20:23+08:00 ] 127.0.0.1 /Login/login.html
NOTIC: [2] stripslashes() expects exactly 1 parameter, 2 given D:\wamp\www\ThinkPHP3.1\ThinkPHP\Lib\Core\App.class.php 第 56 行.
NOTIC: [2] stripslashes() expects exactly 1 parameter, 2 given D:\wamp\www\ThinkPHP3.1\ThinkPHP\Lib\Core\App.class.php 第 56 行.
NOTIC: [2] stripslashes() expects exactly 1 parameter, 2 given D:\wamp\www\ThinkPHP3.1\ThinkPHP\Lib\Core\App.class.php 第 56 行.
NOTIC: [2] stripslashes() expects exactly 1 parameter, 2 given D:\wamp\www\ThinkPHP3.1\ThinkPHP\Lib\Core\App.class.php 第 56 行.
NOTIC: [2] stripslashes() expects exactly 1 parameter, 2 given D:\wamp\www\ThinkPHP3.1\ThinkPHP\Lib\Core\App.class.php 第 56 行.
NOTIC: [2] stripslashes() expects exactly 1 parameter, 2 given D:\wamp\www\ThinkPHP3.1\ThinkPHP\Lib\Core\App.class.php 第 57 行.
NOTIC: [2] stripslashes() expects exactly 1 parameter, 2 given D:\wamp\www\ThinkPHP3.1\ThinkPHP\Lib\Core\App.class.php 第 57 行.
NOTIC: [2] stripslashes() expects exactly 1 parameter, 2 given D:\wamp\www\ThinkPHP3.1\ThinkPHP\Lib\Core\App.class.php 第 57 行.
INFO: [ app_begin ] --START--
INFO: ReadHtmlCache Behavior ::run [ RunTime:0.001000s ]
INFO: [ app_begin ] --END-- [ RunTime:0.001000s ]
NOTIC: 建议使用I方法替代_post
NOTIC: 建议使用I方法替代_post
NOTIC: 建议使用I方法替代_post
NOTIC: 建议使用I方法替代_post
NOTIC: [8] Undefined variable: name D:\wamp\www\ThinkPHP3.1\Lib\Action\LoginAction.class.php 第 28 行.
SQL: SHOW COLUMNS FROM `xm_orgs` [ RunTime:0.007000s ]
NOTIC: [8] Undefined variable: email D:\wamp\www\ThinkPHP3.1\Lib\Action\LoginAction.class.php 第 52 行.
SQL: SELECT `oid`,`orgname` FROM `xm_orgs` WHERE ( phone='' AND passwd='21232f297a57a5a743894a0e4a801fc3' ) LIMIT 1   [ RunTime:0.000000s ]

[ 2015-05-31T16:20:33+08:00 ] 127.0.0.1 /Login/login.html
NOTIC: [2] stripslashes() expects exactly 1 parameter, 2 given D:\wamp\www\ThinkPHP3.1\ThinkPHP\Lib\Core\App.class.php 第 56 行.
NOTIC: [2] stripslashes() expects exactly 1 parameter, 2 given D:\wamp\www\ThinkPHP3.1\ThinkPHP\Lib\Core\App.class.php 第 56 行.
NOTIC: [2] stripslashes() expects exactly 1 parameter, 2 given D:\wamp\www\ThinkPHP3.1\ThinkPHP\Lib\Core\App.class.php 第 56 行.
NOTIC: [2] stripslashes() expects exactly 1 parameter, 2 given D:\wamp\www\ThinkPHP3.1\ThinkPHP\Lib\Core\App.class.php 第 56 行.
NOTIC: [2] stripslashes() expects exactly 1 parameter, 2 given D:\wamp\www\ThinkPHP3.1\ThinkPHP\Lib\Core\App.class.php 第 56 行.
NOTIC: [2] stripslashes() expects exactly 1 parameter, 2 given D:\wamp\www\ThinkPHP3.1\ThinkPHP\Lib\Core\App.class.php 第 57 行.
NOTIC: [2] stripslashes() expects exactly 1 parameter, 2 given D:\wamp\www\ThinkPHP3.1\ThinkPHP\Lib\Core\App.class.php 第 57 行.
NOTIC: [2] stripslashes() expects exactly 1 parameter, 2 given D:\wamp\www\ThinkPHP3.1\ThinkPHP\Lib\Core\App.class.php 第 57 行.
INFO: [ app_begin ] --START--
INFO: ReadHtmlCache Behavior ::run [ RunTime:0.001000s ]
INFO: [ app_begin ] --END-- [ RunTime:0.001000s ]
NOTIC: 建议使用I方法替代_post
NOTIC: 建议使用I方法替代_post
NOTIC: 建议使用I方法替代_post
NOTIC: 建议使用I方法替代_post
NOTIC: [8] Undefined variable: name D:\wamp\www\ThinkPHP3.1\Lib\Action\LoginAction.class.php 第 28 行.
SQL: SHOW COLUMNS FROM `xm_orgs` [ RunTime:0.007001s ]
NOTIC: [8] Undefined variable: email D:\wamp\www\ThinkPHP3.1\Lib\Action\LoginAction.class.php 第 52 行.
SQL: SELECT `oid`,`orgname` FROM `xm_orgs` WHERE ( phone='' AND passwd='827ccb0eea8a706c4c34a16891f84e7b' ) LIMIT 1   [ RunTime:0.000000s ]

[ 2015-05-31T16:21:52+08:00 ] 127.0.0.1 /Login/login.html
NOTIC: [2] stripslashes() expects exactly 1 parameter, 2 given D:\wamp\www\ThinkPHP3.1\ThinkPHP\Lib\Core\App.class.php 第 56 行.
NOTIC: [2] stripslashes() expects exactly 1 parameter, 2 given D:\wamp\www\ThinkPHP3.1\ThinkPHP\Lib\Core\App.class.php 第 56 行.
NOTIC: [2] stripslashes() expects exactly 1 parameter, 2 given D:\wamp\www\ThinkPHP3.1\ThinkPHP\Lib\Core\App.class.php 第 56 行.
NOTIC: [2] stripslashes() expects exactly 1 parameter, 2 given D:\wamp\www\ThinkPHP3.1\ThinkPHP\Lib\Core\App.class.php 第 56 行.
NOTIC: [2] stripslashes() expects exactly 1 parameter, 2 given D:\wamp\www\ThinkPHP3.1\ThinkPHP\Lib\Core\App.class.php 第 56 行.
NOTIC: [2] stripslashes() expects exactly 1 parameter, 2 given D:\wamp\www\ThinkPHP3.1\ThinkPHP\Lib\Core\App.class.php 第 57 行.
NOTIC: [2] stripslashes() expects exactly 1 parameter, 2 given D:\wamp\www\ThinkPHP3.1\ThinkPHP\Lib\Core\App.class.php 第 57 行.
NOTIC: [2] stripslashes() expects exactly 1 parameter, 2 given D:\wamp\www\ThinkPHP3.1\ThinkPHP\Lib\Core\App.class.php 第 57 行.
INFO: [ app_begin ] --START--
INFO: ReadHtmlCache Behavior ::run [ RunTime:0.001000s ]
INFO: [ app_begin ] --END-- [ RunTime:0.001000s ]
NOTIC: 建议使用I方法替代_post

[ 2015-05-31T16:21:59+08:00 ] 127.0.0.1 /Login/login.html
NOTIC: [2] stripslashes() expects exactly 1 parameter, 2 given D:\wamp\www\ThinkPHP3.1\ThinkPHP\Lib\Core\App.class.php 第 56 行.
NOTIC: [2] stripslashes() expects exactly 1 parameter, 2 given D:\wamp\www\ThinkPHP3.1\ThinkPHP\Lib\Core\App.class.php 第 56 行.
NOTIC: [2] stripslashes() expects exactly 1 parameter, 2 given D:\wamp\www\ThinkPHP3.1\ThinkPHP\Lib\Core\App.class.php 第 56 行.
NOTIC: [2] stripslashes() expects exactly 1 parameter, 2 given D:\wamp\www\ThinkPHP3.1\ThinkPHP\Lib\Core\App.class.php 第 56 行.
NOTIC: [2] stripslashes() expects exactly 1 parameter, 2 given D:\wamp\www\ThinkPHP3.1\ThinkPHP\Lib\Core\App.class.php 第 56 行.
NOTIC: [2] stripslashes() expects exactly 1 parameter, 2 given D:\wamp\www\ThinkPHP3.1\ThinkPHP\Lib\Core\App.class.php 第 57 行.
NOTIC: [2] stripslashes() expects exactly 1 parameter, 2 given D:\wamp\www\ThinkPHP3.1\ThinkPHP\Lib\Core\App.class.php 第 57 行.
NOTIC: [2] stripslashes() expects exactly 1 parameter, 2 given D:\wamp\www\ThinkPHP3.1\ThinkPHP\Lib\Core\App.class.php 第 57 行.
INFO: [ app_begin ] --START--
INFO: ReadHtmlCache Behavior ::run [ RunTime:0.000000s ]
INFO: [ app_begin ] --END-- [ RunTime:0.000000s ]
NOTIC: 建议使用I方法替代_post
NOTIC: 建议使用I方法替代_post
NOTIC: 建议使用I方法替代_post
NOTIC: 建议使用I方法替代_post
NOTIC: [8] Undefined variable: name D:\wamp\www\ThinkPHP3.1\Lib\Action\LoginAction.class.php 第 28 行.
SQL: SHOW COLUMNS FROM `xm_orgs` [ RunTime:0.010001s ]
SQL: SELECT `oid`,`orgname` FROM `xm_orgs` WHERE ( phone='' AND passwd='827ccb0eea8a706c4c34a16891f84e7b' ) LIMIT 1   [ RunTime:0.000000s ]

[ 2015-05-31T16:22:06+08:00 ] 127.0.0.1 /Login/login.html
NOTIC: [2] stripslashes() expects exactly 1 parameter, 2 given D:\wamp\www\ThinkPHP3.1\ThinkPHP\Lib\Core\App.class.php 第 56 行.
NOTIC: [2] stripslashes() expects exactly 1 parameter, 2 given D:\wamp\www\ThinkPHP3.1\ThinkPHP\Lib\Core\App.class.php 第 56 行.
NOTIC: [2] stripslashes() expects exactly 1 parameter, 2 given D:\wamp\www\ThinkPHP3.1\ThinkPHP\Lib\Core\App.class.php 第 56 行.
NOTIC: [2] stripslashes() expects exactly 1 parameter, 2 given D:\wamp\www\ThinkPHP3.1\ThinkPHP\Lib\Core\App.class.php 第 56 行.
NOTIC: [2] stripslashes() expects exactly 1 parameter, 2 given D:\wamp\www\ThinkPHP3.1\ThinkPHP\Lib\Core\App.class.php 第 56 行.
NOTIC: [2] stripslashes() expects exactly 1 parameter, 2 given D:\wamp\www\ThinkPHP3.1\ThinkPHP\Lib\Core\App.class.php 第 57 行.
NOTIC: [2] stripslashes() expects exactly 1 parameter, 2 given D:\wamp\www\ThinkPHP3.1\ThinkPHP\Lib\Core\App.class.php 第 57 行.
NOTIC: [2] stripslashes() expects exactly 1 parameter, 2 given D:\wamp\www\ThinkPHP3.1\ThinkPHP\Lib\Core\App.class.php 第 57 行.
INFO: [ app_begin ] --START--
INFO: ReadHtmlCache Behavior ::run [ RunTime:0.000000s ]
INFO: [ app_begin ] --END-- [ RunTime:0.000000s ]
NOTIC: 建议使用I方法替代_post
NOTIC: 建议使用I方法替代_post
NOTIC: 建议使用I方法替代_post
NOTIC: 建议使用I方法替代_post
NOTIC: [8] Undefined variable: name D:\wamp\www\ThinkPHP3.1\Lib\Action\LoginAction.class.php 第 28 行.
SQL: SHOW COLUMNS FROM `xm_orgs` [ RunTime:0.007000s ]
SQL: SELECT `oid`,`orgname` FROM `xm_orgs` WHERE ( phone='' AND passwd='21232f297a57a5a743894a0e4a801fc3' ) LIMIT 1   [ RunTime:0.000000s ]

[ 2015-05-31T16:22:54+08:00 ] 127.0.0.1 /Login/login.html
NOTIC: [2] stripslashes() expects exactly 1 parameter, 2 given D:\wamp\www\ThinkPHP3.1\ThinkPHP\Lib\Core\App.class.php 第 56 行.
NOTIC: [2] stripslashes() expects exactly 1 parameter, 2 given D:\wamp\www\ThinkPHP3.1\ThinkPHP\Lib\Core\App.class.php 第 56 行.
NOTIC: [2] stripslashes() expects exactly 1 parameter, 2 given D:\wamp\www\ThinkPHP3.1\ThinkPHP\Lib\Core\App.class.php 第 56 行.
NOTIC: [2] stripslashes() expects exactly 1 parameter, 2 given D:\wamp\www\ThinkPHP3.1\ThinkPHP\Lib\Core\App.class.php 第 56 行.
NOTIC: [2] stripslashes() expects exactly 1 parameter, 2 given D:\wamp\www\ThinkPHP3.1\ThinkPHP\Lib\Core\App.class.php 第 56 行.
NOTIC: [2] stripslashes() expects exactly 1 parameter, 2 given D:\wamp\www\ThinkPHP3.1\ThinkPHP\Lib\Core\App.class.php 第 57 行.
NOTIC: [2] stripslashes() expects exactly 1 parameter, 2 given D:\wamp\www\ThinkPHP3.1\ThinkPHP\Lib\Core\App.class.php 第 57 行.
NOTIC: [2] stripslashes() expects exactly 1 parameter, 2 given D:\wamp\www\ThinkPHP3.1\ThinkPHP\Lib\Core\App.class.php 第 57 行.
INFO: [ app_begin ] --START--
INFO: ReadHtmlCache Behavior ::run [ RunTime:0.001000s ]
INFO: [ app_begin ] --END-- [ RunTime:0.001000s ]
NOTIC: 建议使用I方法替代_post

[ 2015-05-31T16:22:59+08:00 ] 127.0.0.1 /Login/login.html
NOTIC: [2] stripslashes() expects exactly 1 parameter, 2 given D:\wamp\www\ThinkPHP3.1\ThinkPHP\Lib\Core\App.class.php 第 56 行.
NOTIC: [2] stripslashes() expects exactly 1 parameter, 2 given D:\wamp\www\ThinkPHP3.1\ThinkPHP\Lib\Core\App.class.php 第 56 行.
NOTIC: [2] stripslashes() expects exactly 1 parameter, 2 given D:\wamp\www\ThinkPHP3.1\ThinkPHP\Lib\Core\App.class.php 第 56 行.
NOTIC: [2] stripslashes() expects exactly 1 parameter, 2 given D:\wamp\www\ThinkPHP3.1\ThinkPHP\Lib\Core\App.class.php 第 56 行.
NOTIC: [2] stripslashes() expects exactly 1 parameter, 2 given D:\wamp\www\ThinkPHP3.1\ThinkPHP\Lib\Core\App.class.php 第 56 行.
NOTIC: [2] stripslashes() expects exactly 1 parameter, 2 given D:\wamp\www\ThinkPHP3.1\ThinkPHP\Lib\Core\App.class.php 第 57 行.
NOTIC: [2] stripslashes() expects exactly 1 parameter, 2 given D:\wamp\www\ThinkPHP3.1\ThinkPHP\Lib\Core\App.class.php 第 57 行.
NOTIC: [2] stripslashes() expects exactly 1 parameter, 2 given D:\wamp\www\ThinkPHP3.1\ThinkPHP\Lib\Core\App.class.php 第 57 行.
INFO: [ app_begin ] --START--
INFO: ReadHtmlCache Behavior ::run [ RunTime:0.001000s ]
INFO: [ app_begin ] --END-- [ RunTime:0.001000s ]
NOTIC: 建议使用I方法替代_post
NOTIC: 建议使用I方法替代_post
NOTIC: 建议使用I方法替代_post
NOTIC: 建议使用I方法替代_post
NOTIC: [8] Undefined variable: name D:\wamp\www\ThinkPHP3.1\Lib\Action\LoginAction.class.php 第 28 行.
SQL: SHOW COLUMNS FROM `xm_orgs` [ RunTime:0.009000s ]
SQL: SELECT `oid`,`orgname` FROM `xm_orgs` WHERE ( phone='' AND passwd='21232f297a57a5a743894a0e4a801fc3' ) LIMIT 1   [ RunTime:0.001000s ]

[ 2015-05-31T16:24:00+08:00 ] 127.0.0.1 /Login/login.html
NOTIC: [2] stripslashes() expects exactly 1 parameter, 2 given D:\wamp\www\ThinkPHP3.1\ThinkPHP\Lib\Core\App.class.php 第 56 行.
NOTIC: [2] stripslashes() expects exactly 1 parameter, 2 given D:\wamp\www\ThinkPHP3.1\ThinkPHP\Lib\Core\App.class.php 第 56 行.
NOTIC: [2] stripslashes() expects exactly 1 parameter, 2 given D:\wamp\www\ThinkPHP3.1\ThinkPHP\Lib\Core\App.class.php 第 56 行.
NOTIC: [2] stripslashes() expects exactly 1 parameter, 2 given D:\wamp\www\ThinkPHP3.1\ThinkPHP\Lib\Core\App.class.php 第 56 行.
NOTIC: [2] stripslashes() expects exactly 1 parameter, 2 given D:\wamp\www\ThinkPHP3.1\ThinkPHP\Lib\Core\App.class.php 第 56 行.
NOTIC: [2] stripslashes() expects exactly 1 parameter, 2 given D:\wamp\www\ThinkPHP3.1\ThinkPHP\Lib\Core\App.class.php 第 57 行.
NOTIC: [2] stripslashes() expects exactly 1 parameter, 2 given D:\wamp\www\ThinkPHP3.1\ThinkPHP\Lib\Core\App.class.php 第 57 行.
NOTIC: [2] stripslashes() expects exactly 1 parameter, 2 given D:\wamp\www\ThinkPHP3.1\ThinkPHP\Lib\Core\App.class.php 第 57 行.
INFO: [ app_begin ] --START--
INFO: ReadHtmlCache Behavior ::run [ RunTime:0.001000s ]
INFO: [ app_begin ] --END-- [ RunTime:0.001000s ]
NOTIC: 建议使用I方法替代_post

[ 2015-05-31T16:24:05+08:00 ] 127.0.0.1 /Login/login.html
NOTIC: [2] stripslashes() expects exactly 1 parameter, 2 given D:\wamp\www\ThinkPHP3.1\ThinkPHP\Lib\Core\App.class.php 第 56 行.
NOTIC: [2] stripslashes() expects exactly 1 parameter, 2 given D:\wamp\www\ThinkPHP3.1\ThinkPHP\Lib\Core\App.class.php 第 56 行.
NOTIC: [2] stripslashes() expects exactly 1 parameter, 2 given D:\wamp\www\ThinkPHP3.1\ThinkPHP\Lib\Core\App.class.php 第 56 行.
NOTIC: [2] stripslashes() expects exactly 1 parameter, 2 given D:\wamp\www\ThinkPHP3.1\ThinkPHP\Lib\Core\App.class.php 第 56 行.
NOTIC: [2] stripslashes() expects exactly 1 parameter, 2 given D:\wamp\www\ThinkPHP3.1\ThinkPHP\Lib\Core\App.class.php 第 56 行.
NOTIC: [2] stripslashes() expects exactly 1 parameter, 2 given D:\wamp\www\ThinkPHP3.1\ThinkPHP\Lib\Core\App.class.php 第 57 行.
NOTIC: [2] stripslashes() expects exactly 1 parameter, 2 given D:\wamp\www\ThinkPHP3.1\ThinkPHP\Lib\Core\App.class.php 第 57 行.
NOTIC: [2] stripslashes() expects exactly 1 parameter, 2 given D:\wamp\www\ThinkPHP3.1\ThinkPHP\Lib\Core\App.class.php 第 57 行.
INFO: [ app_begin ] --START--
INFO: ReadHtmlCache Behavior ::run [ RunTime:0.001001s ]
INFO: [ app_begin ] --END-- [ RunTime:0.001001s ]
NOTIC: 建议使用I方法替代_post
NOTIC: 建议使用I方法替代_post
NOTIC: 建议使用I方法替代_post
NOTIC: 建议使用I方法替代_post
SQL: SHOW COLUMNS FROM `xm_orgs` [ RunTime:0.009000s ]
SQL: SELECT `oid`,`orgname` FROM `xm_orgs` WHERE ( phone='13256929238' AND passwd='21232f297a57a5a743894a0e4a801fc3' ) LIMIT 1   [ RunTime:0.001000s ]

[ 2015-05-31T16:24:47+08:00 ] 127.0.0.1 /Index/index.html
NOTIC: 建议使用I方法替代_get

[ 2015-05-31T16:24:48+08:00 ] 127.0.0.1 /Register/Tpl/bootstrap/css/validationEngine.jquery.css
ERR: 非法操作:Tpl

[ 2015-05-31T16:25:05+08:00 ] 127.0.0.1 /Login/login.html
NOTIC: [2] stripslashes() expects exactly 1 parameter, 2 given D:\wamp\www\ThinkPHP3.1\ThinkPHP\Lib\Core\App.class.php 第 56 行.
NOTIC: [2] stripslashes() expects exactly 1 parameter, 2 given D:\wamp\www\ThinkPHP3.1\ThinkPHP\Lib\Core\App.class.php 第 56 行.
NOTIC: [2] stripslashes() expects exactly 1 parameter, 2 given D:\wamp\www\ThinkPHP3.1\ThinkPHP\Lib\Core\App.class.php 第 56 行.
NOTIC: [2] stripslashes() expects exactly 1 parameter, 2 given D:\wamp\www\ThinkPHP3.1\ThinkPHP\Lib\Core\App.class.php 第 56 行.
NOTIC: [2] stripslashes() expects exactly 1 parameter, 2 given D:\wamp\www\ThinkPHP3.1\ThinkPHP\Lib\Core\App.class.php 第 56 行.
NOTIC: [2] stripslashes() expects exactly 1 parameter, 2 given D:\wamp\www\ThinkPHP3.1\ThinkPHP\Lib\Core\App.class.php 第 57 行.
NOTIC: [2] stripslashes() expects exactly 1 parameter, 2 given D:\wamp\www\ThinkPHP3.1\ThinkPHP\Lib\Core\App.class.php 第 57 行.
NOTIC: [2] stripslashes() expects exactly 1 parameter, 2 given D:\wamp\www\ThinkPHP3.1\ThinkPHP\Lib\Core\App.class.php 第 57 行.
INFO: [ app_begin ] --START--
INFO: ReadHtmlCache Behavior ::run [ RunTime:0.000000s ]
INFO: [ app_begin ] --END-- [ RunTime:0.000000s ]
NOTIC: 建议使用I方法替代_post
NOTIC: 建议使用I方法替代_post
NOTIC: 建议使用I方法替代_post
NOTIC: 建议使用I方法替代_post
SQL: SHOW COLUMNS FROM `xm_orgs` [ RunTime:0.008000s ]
SQL: SELECT `oid`,`orgname` FROM `xm_orgs` WHERE ( phone='13256929238' AND passwd='21232f297a57a5a743894a0e4a801fc3' ) LIMIT 1   [ RunTime:0.000000s ]

[ 2015-05-31T16:25:13+08:00 ] 127.0.0.1 /Index/index.html
NOTIC: 建议使用I方法替代_get

[ 2015-05-31T16:25:22+08:00 ] 127.0.0.1 /Login/login.html
NOTIC: [2] stripslashes() expects exactly 1 parameter, 2 given D:\wamp\www\ThinkPHP3.1\ThinkPHP\Lib\Core\App.class.php 第 56 行.
NOTIC: [2] stripslashes() expects exactly 1 parameter, 2 given D:\wamp\www\ThinkPHP3.1\ThinkPHP\Lib\Core\App.class.php 第 56 行.
NOTIC: [2] stripslashes() expects exactly 1 parameter, 2 given D:\wamp\www\ThinkPHP3.1\ThinkPHP\Lib\Core\App.class.php 第 56 行.
NOTIC: [2] stripslashes() expects exactly 1 parameter, 2 given D:\wamp\www\ThinkPHP3.1\ThinkPHP\Lib\Core\App.class.php 第 56 行.
NOTIC: [2] stripslashes() expects exactly 1 parameter, 2 given D:\wamp\www\ThinkPHP3.1\ThinkPHP\Lib\Core\App.class.php 第 56 行.
NOTIC: [2] stripslashes() expects exactly 1 parameter, 2 given D:\wamp\www\ThinkPHP3.1\ThinkPHP\Lib\Core\App.class.php 第 57 行.
NOTIC: [2] stripslashes() expects exactly 1 parameter, 2 given D:\wamp\www\ThinkPHP3.1\ThinkPHP\Lib\Core\App.class.php 第 57 行.
NOTIC: [2] stripslashes() expects exactly 1 parameter, 2 given D:\wamp\www\ThinkPHP3.1\ThinkPHP\Lib\Core\App.class.php 第 57 行.
INFO: [ app_begin ] --START--
INFO: ReadHtmlCache Behavior ::run [ RunTime:0.000000s ]
INFO: [ app_begin ] --END-- [ RunTime:0.000000s ]
NOTIC: 建议使用I方法替代_post
NOTIC: 建议使用I方法替代_post
NOTIC: 建议使用I方法替代_post
NOTIC: 建议使用I方法替代_post
SQL: SHOW COLUMNS FROM `xm_users` [ RunTime:0.007001s ]
SQL: SELECT `uid`,`username` FROM `xm_users` WHERE ( phone='13256929238' AND passwd='21232f297a57a5a743894a0e4a801fc3' ) LIMIT 1   [ RunTime:0.000000s ]

[ 2015-05-31T16:25:29+08:00 ] 127.0.0.1 /Index/index.html
NOTIC: 建议使用I方法替代_get

[ 2015-05-31T16:25:35+08:00 ] 127.0.0.1 /Login/login.html
NOTIC: [2] stripslashes() expects exactly 1 parameter, 2 given D:\wamp\www\ThinkPHP3.1\ThinkPHP\Lib\Core\App.class.php 第 56 行.
NOTIC: [2] stripslashes() expects exactly 1 parameter, 2 given D:\wamp\www\ThinkPHP3.1\ThinkPHP\Lib\Core\App.class.php 第 56 行.
NOTIC: [2] stripslashes() expects exactly 1 parameter, 2 given D:\wamp\www\ThinkPHP3.1\ThinkPHP\Lib\Core\App.class.php 第 56 行.
NOTIC: [2] stripslashes() expects exactly 1 parameter, 2 given D:\wamp\www\ThinkPHP3.1\ThinkPHP\Lib\Core\App.class.php 第 56 行.
NOTIC: [2] stripslashes() expects exactly 1 parameter, 2 given D:\wamp\www\ThinkPHP3.1\ThinkPHP\Lib\Core\App.class.php 第 56 行.
NOTIC: [2] stripslashes() expects exactly 1 parameter, 2 given D:\wamp\www\ThinkPHP3.1\ThinkPHP\Lib\Core\App.class.php 第 57 行.
NOTIC: [2] stripslashes() expects exactly 1 parameter, 2 given D:\wamp\www\ThinkPHP3.1\ThinkPHP\Lib\Core\App.class.php 第 57 行.
NOTIC: [2] stripslashes() expects exactly 1 parameter, 2 given D:\wamp\www\ThinkPHP3.1\ThinkPHP\Lib\Core\App.class.php 第 57 行.
INFO: [ app_begin ] --START--
INFO: ReadHtmlCache Behavior ::run [ RunTime:0.000000s ]
INFO: [ app_begin ] --END-- [ RunTime:0.000000s ]
NOTIC: 建议使用I方法替代_post
NOTIC: 建议使用I方法替代_post
NOTIC: 建议使用I方法替代_post
NOTIC: 建议使用I方法替代_post
SQL: SHOW COLUMNS FROM `xm_orgs` [ RunTime:0.008000s ]
SQL: SELECT `oid`,`orgname` FROM `xm_orgs` WHERE ( phone='13256929238' AND passwd='21232f297a57a5a743894a0e4a801fc3' ) LIMIT 1   [ RunTime:0.000000s ]

[ 2015-05-31T16:25:41+08:00 ] 127.0.0.1 /Index/index.html
NOTIC: 建议使用I方法替代_get

[ 2015-05-31T16:42:38+08:00 ] 127.0.0.1 /Login/login.html
NOTIC: [2] stripslashes() expects exactly 1 parameter, 2 given D:\wamp\www\ThinkPHP3.1\ThinkPHP\Lib\Core\App.class.php 第 56 行.
NOTIC: [2] stripslashes() expects exactly 1 parameter, 2 given D:\wamp\www\ThinkPHP3.1\ThinkPHP\Lib\Core\App.class.php 第 56 行.
NOTIC: [2] stripslashes() expects exactly 1 parameter, 2 given D:\wamp\www\ThinkPHP3.1\ThinkPHP\Lib\Core\App.class.php 第 56 行.
NOTIC: [2] stripslashes() expects exactly 1 parameter, 2 given D:\wamp\www\ThinkPHP3.1\ThinkPHP\Lib\Core\App.class.php 第 56 行.
NOTIC: [2] stripslashes() expects exactly 1 parameter, 2 given D:\wamp\www\ThinkPHP3.1\ThinkPHP\Lib\Core\App.class.php 第 56 行.
NOTIC: [2] stripslashes() expects exactly 1 parameter, 2 given D:\wamp\www\ThinkPHP3.1\ThinkPHP\Lib\Core\App.class.php 第 57 行.
NOTIC: [2] stripslashes() expects exactly 1 parameter, 2 given D:\wamp\www\ThinkPHP3.1\ThinkPHP\Lib\Core\App.class.php 第 57 行.
NOTIC: [2] stripslashes() expects exactly 1 parameter, 2 given D:\wamp\www\ThinkPHP3.1\ThinkPHP\Lib\Core\App.class.php 第 57 行.
INFO: [ app_begin ] --START--
INFO: ReadHtmlCache Behavior ::run [ RunTime:0.001000s ]
INFO: [ app_begin ] --END-- [ RunTime:0.001000s ]
NOTIC: 建议使用I方法替代_post

[ 2015-05-31T16:42:43+08:00 ] 127.0.0.1 /Login/login.html
NOTIC: [2] stripslashes() expects exactly 1 parameter, 2 given D:\wamp\www\ThinkPHP3.1\ThinkPHP\Lib\Core\App.class.php 第 56 行.
NOTIC: [2] stripslashes() expects exactly 1 parameter, 2 given D:\wamp\www\ThinkPHP3.1\ThinkPHP\Lib\Core\App.class.php 第 56 行.
NOTIC: [2] stripslashes() expects exactly 1 parameter, 2 given D:\wamp\www\ThinkPHP3.1\ThinkPHP\Lib\Core\App.class.php 第 56 行.
NOTIC: [2] stripslashes() expects exactly 1 parameter, 2 given D:\wamp\www\ThinkPHP3.1\ThinkPHP\Lib\Core\App.class.php 第 56 行.
NOTIC: [2] stripslashes() expects exactly 1 parameter, 2 given D:\wamp\www\ThinkPHP3.1\ThinkPHP\Lib\Core\App.class.php 第 56 行.
NOTIC: [2] stripslashes() expects exactly 1 parameter, 2 given D:\wamp\www\ThinkPHP3.1\ThinkPHP\Lib\Core\App.class.php 第 57 行.
NOTIC: [2] stripslashes() expects exactly 1 parameter, 2 given D:\wamp\www\ThinkPHP3.1\ThinkPHP\Lib\Core\App.class.php 第 57 行.
NOTIC: [2] stripslashes() expects exactly 1 parameter, 2 given D:\wamp\www\ThinkPHP3.1\ThinkPHP\Lib\Core\App.class.php 第 57 行.
INFO: [ app_begin ] --START--
INFO: ReadHtmlCache Behavior ::run [ RunTime:0.000000s ]
INFO: [ app_begin ] --END-- [ RunTime:0.000000s ]
NOTIC: 建议使用I方法替代_post
NOTIC: 建议使用I方法替代_post

[ 2015-05-31T16:42:59+08:00 ] 127.0.0.1 /Login/login.html
NOTIC: [2] stripslashes() expects exactly 1 parameter, 2 given D:\wamp\www\ThinkPHP3.1\ThinkPHP\Lib\Core\App.class.php 第 56 行.
NOTIC: [2] stripslashes() expects exactly 1 parameter, 2 given D:\wamp\www\ThinkPHP3.1\ThinkPHP\Lib\Core\App.class.php 第 56 行.
NOTIC: [2] stripslashes() expects exactly 1 parameter, 2 given D:\wamp\www\ThinkPHP3.1\ThinkPHP\Lib\Core\App.class.php 第 56 行.
NOTIC: [2] stripslashes() expects exactly 1 parameter, 2 given D:\wamp\www\ThinkPHP3.1\ThinkPHP\Lib\Core\App.class.php 第 56 行.
NOTIC: [2] stripslashes() expects exactly 1 parameter, 2 given D:\wamp\www\ThinkPHP3.1\ThinkPHP\Lib\Core\App.class.php 第 56 行.
NOTIC: [2] stripslashes() expects exactly 1 parameter, 2 given D:\wamp\www\ThinkPHP3.1\ThinkPHP\Lib\Core\App.class.php 第 57 行.
NOTIC: [2] stripslashes() expects exactly 1 parameter, 2 given D:\wamp\www\ThinkPHP3.1\ThinkPHP\Lib\Core\App.class.php 第 57 行.
NOTIC: [2] stripslashes() expects exactly 1 parameter, 2 given D:\wamp\www\ThinkPHP3.1\ThinkPHP\Lib\Core\App.class.php 第 57 行.
INFO: [ app_begin ] --START--
INFO: ReadHtmlCache Behavior ::run [ RunTime:0.001000s ]
INFO: [ app_begin ] --END-- [ RunTime:0.001000s ]
NOTIC: 建议使用I方法替代_post

[ 2015-05-31T16:43:04+08:00 ] 127.0.0.1 /Login/login.html
NOTIC: [2] stripslashes() expects exactly 1 parameter, 2 given D:\wamp\www\ThinkPHP3.1\ThinkPHP\Lib\Core\App.class.php 第 56 行.
NOTIC: [2] stripslashes() expects exactly 1 parameter, 2 given D:\wamp\www\ThinkPHP3.1\ThinkPHP\Lib\Core\App.class.php 第 56 行.
NOTIC: [2] stripslashes() expects exactly 1 parameter, 2 given D:\wamp\www\ThinkPHP3.1\ThinkPHP\Lib\Core\App.class.php 第 56 行.
NOTIC: [2] stripslashes() expects exactly 1 parameter, 2 given D:\wamp\www\ThinkPHP3.1\ThinkPHP\Lib\Core\App.class.php 第 56 行.
NOTIC: [2] stripslashes() expects exactly 1 parameter, 2 given D:\wamp\www\ThinkPHP3.1\ThinkPHP\Lib\Core\App.class.php 第 56 行.
NOTIC: [2] stripslashes() expects exactly 1 parameter, 2 given D:\wamp\www\ThinkPHP3.1\ThinkPHP\Lib\Core\App.class.php 第 57 行.
NOTIC: [2] stripslashes() expects exactly 1 parameter, 2 given D:\wamp\www\ThinkPHP3.1\ThinkPHP\Lib\Core\App.class.php 第 57 行.
NOTIC: [2] stripslashes() expects exactly 1 parameter, 2 given D:\wamp\www\ThinkPHP3.1\ThinkPHP\Lib\Core\App.class.php 第 57 行.
INFO: [ app_begin ] --START--
INFO: ReadHtmlCache Behavior ::run [ RunTime:0.000000s ]
INFO: [ app_begin ] --END-- [ RunTime:0.001000s ]
NOTIC: 建议使用I方法替代_post
NOTIC: 建议使用I方法替代_post
NOTIC: 建议使用I方法替代_post
NOTIC: 建议使用I方法替代_post
NOTIC: 建议使用I方法替代_post
SQL: SHOW COLUMNS FROM `xm_users` [ RunTime:0.009001s ]
SQL: SELECT `uid`,`username` FROM `xm_users` WHERE ( phone='13256929238' AND passwd='21232f297a57a5a743894a0e4a801fc3' ) LIMIT 1   [ RunTime:0.001000s ]

