[ 2015-06-10T18:31:03+08:00 ] 127.0.0.1 /
NOTIC: å»ºè®®ä½¿ç”¨Iæ–¹æ³•æ›¿ä»£_get

[ 2015-06-10T18:31:08+08:00 ] 127.0.0.1 /
NOTIC: å»ºè®®ä½¿ç”¨Iæ–¹æ³•æ›¿ä»£_get

[ 2015-06-10T18:31:32+08:00 ] 127.0.0.1 /
NOTIC: å»ºè®®ä½¿ç”¨Iæ–¹æ³•æ›¿ä»£_get

[ 2015-06-10T18:31:36+08:00 ] 127.0.0.1 /
NOTIC: å»ºè®®ä½¿ç”¨Iæ–¹æ³•æ›¿ä»£_get

[ 2015-06-10T18:31:59+08:00 ] 127.0.0.1 /Login/login.html
NOTIC: [2] stripslashes() expects exactly 1 parameter, 2 given D:\wamp\www\ThinkPHP3.1\ThinkPHP\Lib\Core\App.class.php ç¬¬ 56 è¡Œ.
NOTIC: [2] stripslashes() expects exactly 1 parameter, 2 given D:\wamp\www\ThinkPHP3.1\ThinkPHP\Lib\Core\App.class.php ç¬¬ 56 è¡Œ.
NOTIC: [2] stripslashes() expects exactly 1 parameter, 2 given D:\wamp\www\ThinkPHP3.1\ThinkPHP\Lib\Core\App.class.php ç¬¬ 56 è¡Œ.
NOTIC: [2] stripslashes() expects exactly 1 parameter, 2 given D:\wamp\www\ThinkPHP3.1\ThinkPHP\Lib\Core\App.class.php ç¬¬ 56 è¡Œ.
NOTIC: [2] stripslashes() expects exactly 1 parameter, 2 given D:\wamp\www\ThinkPHP3.1\ThinkPHP\Lib\Core\App.class.php ç¬¬ 56 è¡Œ.
NOTIC: [2] stripslashes() expects exactly 1 parameter, 2 given D:\wamp\www\ThinkPHP3.1\ThinkPHP\Lib\Core\App.class.php ç¬¬ 57 è¡Œ.
NOTIC: [2] stripslashes() expects exactly 1 parameter, 2 given D:\wamp\www\ThinkPHP3.1\ThinkPHP\Lib\Core\App.class.php ç¬¬ 57 è¡Œ.
NOTIC: [2] stripslashes() expects exactly 1 parameter, 2 given D:\wamp\www\ThinkPHP3.1\ThinkPHP\Lib\Core\App.class.php ç¬¬ 57 è¡Œ.
INFO: [ app_begin ] --START--
INFO: ReadHtmlCache Behavior ::run [ RunTime:0.000000s ]
INFO: [ app_begin ] --END-- [ RunTime:0.000000s ]
NOTIC: å»ºè®®ä½¿ç”¨Iæ–¹æ³•æ›¿ä»£_post
NOTIC: å»ºè®®ä½¿ç”¨Iæ–¹æ³•æ›¿ä»£_post
NOTIC: å»ºè®®ä½¿ç”¨Iæ–¹æ³•æ›¿ä»£_post
NOTIC: å»ºè®®ä½¿ç”¨Iæ–¹æ³•æ›¿ä»£_post
NOTIC: å»ºè®®ä½¿ç”¨Iæ–¹æ³•æ›¿ä»£_post
SQL: SHOW COLUMNS FROM `xm_users` [ RunTime:0.047003s ]
SQL: SELECT `uid`,`username`,`phone` FROM `xm_users` WHERE ( phone='13256929238' AND passwd='21232f297a57a5a743894a0e4a801fc3' ) LIMIT 1   [ RunTime:0.000000s ]
NOTIC: å»ºè®®ä½¿ç”¨Iæ–¹æ³•æ›¿ä»£_post

[ 2015-06-10T18:33:38+08:00 ] 127.0.0.1 /SortSearch/search.html?q=q
NOTIC: å»ºè®®ä½¿ç”¨Iæ–¹æ³•æ›¿ä»£_get
NOTIC: å»ºè®®ä½¿ç”¨Iæ–¹æ³•æ›¿ä»£_get

[ 2015-06-10T18:33:40+08:00 ] 127.0.0.1 /SortSearch/search.html?q=q&style=9
NOTIC: å»ºè®®ä½¿ç”¨Iæ–¹æ³•æ›¿ä»£_get
NOTIC: å»ºè®®ä½¿ç”¨Iæ–¹æ³•æ›¿ä»£_get
NOTIC: å»ºè®®ä½¿ç”¨Iæ–¹æ³•æ›¿ä»£_get

[ 2015-06-10T18:33:44+08:00 ] 127.0.0.1 /SortSearch/search.html?q=q&style=10
NOTIC: å»ºè®®ä½¿ç”¨Iæ–¹æ³•æ›¿ä»£_get
NOTIC: å»ºè®®ä½¿ç”¨Iæ–¹æ³•æ›¿ä»£_get
NOTIC: å»ºè®®ä½¿ç”¨Iæ–¹æ³•æ›¿ä»£_get

[ 2015-06-10T18:33:50+08:00 ] 127.0.0.1 /
NOTIC: å»ºè®®ä½¿ç”¨Iæ–¹æ³•æ›¿ä»£_get

[ 2015-06-10T18:33:52+08:00 ] 127.0.0.1 /
NOTIC: å»ºè®®ä½¿ç”¨Iæ–¹æ³•æ›¿ä»£_get

[ 2015-06-10T18:33:58+08:00 ] 127.0.0.1 /JobsInfo/index.html?jid=56
NOTIC: å»ºè®®ä½¿ç”¨Iæ–¹æ³•æ›¿ä»£_get
NOTIC: å»ºè®®ä½¿ç”¨Iæ–¹æ³•æ›¿ä»£_get

[ 2015-06-10T18:34:11+08:00 ] 127.0.0.1 /Search/s.html?sf=job&wd=
NOTIC: å»ºè®®ä½¿ç”¨Iæ–¹æ³•æ›¿ä»£_get

[ 2015-06-10T18:40:33+08:00 ] 127.0.0.1 /Search/s.html?sf=job&wd=
NOTIC: å»ºè®®ä½¿ç”¨Iæ–¹æ³•æ›¿ä»£_get

[ 2015-06-10T18:40:44+08:00 ] 127.0.0.1 /Search/s.html?sf=job&wd=
NOTIC: å»ºè®®ä½¿ç”¨Iæ–¹æ³•æ›¿ä»£_get

[ 2015-06-10T18:40:47+08:00 ] 127.0.0.1 /
NOTIC: å»ºè®®ä½¿ç”¨Iæ–¹æ³•æ›¿ä»£_get

[ 2015-06-10T18:42:53+08:00 ] 127.0.0.1 /
NOTIC: å»ºè®®ä½¿ç”¨Iæ–¹æ³•æ›¿ä»£_get

[ 2015-06-10T18:43:01+08:00 ] 127.0.0.1 /Search/s.html?sf=user&wd=
NOTIC: å»ºè®®ä½¿ç”¨Iæ–¹æ³•æ›¿ä»£_get

[ 2015-06-10T18:43:03+08:00 ] 127.0.0.1 /
NOTIC: å»ºè®®ä½¿ç”¨Iæ–¹æ³•æ›¿ä»£_get

[ 2015-06-10T18:43:13+08:00 ] 127.0.0.1 /OrgCenter/showIngJobDetail.html?jid=46
NOTIC: å»ºè®®ä½¿ç”¨Iæ–¹æ³•æ›¿ä»£_get

[ 2015-06-10T18:43:26+08:00 ] 127.0.0.1 /ChangeCity/ChangeCity.html?aid=1
NOTIC: [2] stripslashes() expects exactly 1 parameter, 2 given D:\wamp\www\ThinkPHP3.1\ThinkPHP\Lib\Core\App.class.php ç¬¬ 57 è¡Œ.
NOTIC: [2] stripslashes() expects exactly 1 parameter, 2 given D:\wamp\www\ThinkPHP3.1\ThinkPHP\Lib\Core\App.class.php ç¬¬ 57 è¡Œ.
NOTIC: [2] stripslashes() expects exactly 1 parameter, 2 given D:\wamp\www\ThinkPHP3.1\ThinkPHP\Lib\Core\App.class.php ç¬¬ 57 è¡Œ.
NOTIC: [2] stripslashes() expects exactly 1 parameter, 2 given D:\wamp\www\ThinkPHP3.1\ThinkPHP\Lib\Core\App.class.php ç¬¬ 57 è¡Œ.
INFO: [ app_begin ] --START--
INFO: ReadHtmlCache Behavior ::run [ RunTime:0.000000s ]
INFO: [ app_begin ] --END-- [ RunTime:0.000000s ]
NOTIC: å»ºè®®ä½¿ç”¨Iæ–¹æ³•æ›¿ä»£_get
SQL: SHOW COLUMNS FROM `xm_address` [ RunTime:0.007001s ]
NOTIC: å»ºè®®ä½¿ç”¨Iæ–¹æ³•æ›¿ä»£_get
SQL: SELECT `city` FROM `xm_address` WHERE ( aid=1 ) LIMIT 1   [ RunTime:0.148008s ]

[ 2015-06-10T18:43:30+08:00 ] 127.0.0.1 /
NOTIC: å»ºè®®ä½¿ç”¨Iæ–¹æ³•æ›¿ä»£_get

[ 2015-06-10T18:43:32+08:00 ] 127.0.0.1 /SortSearch/search.html?q=q
NOTIC: å»ºè®®ä½¿ç”¨Iæ–¹æ³•æ›¿ä»£_get
NOTIC: å»ºè®®ä½¿ç”¨Iæ–¹æ³•æ›¿ä»£_get

[ 2015-06-10T18:43:33+08:00 ] 127.0.0.1 /SortSearch/search.html?q=q&py=3
NOTIC: å»ºè®®ä½¿ç”¨Iæ–¹æ³•æ›¿ä»£_get
NOTIC: å»ºè®®ä½¿ç”¨Iæ–¹æ³•æ›¿ä»£_get
NOTIC: å»ºè®®ä½¿ç”¨Iæ–¹æ³•æ›¿ä»£_get

[ 2015-06-10T18:43:40+08:00 ] 127.0.0.1 /SortSearch/search.html?q=q&py=2
NOTIC: å»ºè®®ä½¿ç”¨Iæ–¹æ³•æ›¿ä»£_get
NOTIC: å»ºè®®ä½¿ç”¨Iæ–¹æ³•æ›¿ä»£_get
NOTIC: å»ºè®®ä½¿ç”¨Iæ–¹æ³•æ›¿ä»£_get

[ 2015-06-10T18:43:45+08:00 ] 127.0.0.1 /SortSearch/search.html?q=q&py=2&time=6:9
NOTIC: å»ºè®®ä½¿ç”¨Iæ–¹æ³•æ›¿ä»£_get
NOTIC: å»ºè®®ä½¿ç”¨Iæ–¹æ³•æ›¿ä»£_get
NOTIC: å»ºè®®ä½¿ç”¨Iæ–¹æ³•æ›¿ä»£_get
NOTIC: å»ºè®®ä½¿ç”¨Iæ–¹æ³•æ›¿ä»£_get

[ 2015-06-10T18:43:50+08:00 ] 127.0.0.1 /
NOTIC: å»ºè®®ä½¿ç”¨Iæ–¹æ³•æ›¿ä»£_get

[ 2015-06-10T18:44:10+08:00 ] 127.0.0.1 /
NOTIC: å»ºè®®ä½¿ç”¨Iæ–¹æ³•æ›¿ä»£_get

[ 2015-06-10T18:44:24+08:00 ] 127.0.0.1 /Index/index.html
NOTIC: å»ºè®®ä½¿ç”¨Iæ–¹æ³•æ›¿ä»£_get

[ 2015-06-10T18:44:26+08:00 ] 127.0.0.1 /Register/Tpl/bootstrap/css/validationEngine.jquery.css
ERR: éæ³•æ“ä½œ:Tpl

[ 2015-06-10T18:50:02+08:00 ] 127.0.0.1 /
NOTIC: å»ºè®®ä½¿ç”¨Iæ–¹æ³•æ›¿ä»£_get

[ 2015-06-10T18:50:33+08:00 ] 127.0.0.1 /UserCenter/payInfoHandler.html
NOTIC: [2] stripslashes() expects exactly 1 parameter, 2 given D:\wamp\www\ThinkPHP3.1\ThinkPHP\Lib\Core\App.class.php ç¬¬ 56 è¡Œ.
NOTIC: [2] stripslashes() expects exactly 1 parameter, 2 given D:\wamp\www\ThinkPHP3.1\ThinkPHP\Lib\Core\App.class.php ç¬¬ 56 è¡Œ.
NOTIC: [2] stripslashes() expects exactly 1 parameter, 2 given D:\wamp\www\ThinkPHP3.1\ThinkPHP\Lib\Core\App.class.php ç¬¬ 57 è¡Œ.
NOTIC: [2] stripslashes() expects exactly 1 parameter, 2 given D:\wamp\www\ThinkPHP3.1\ThinkPHP\Lib\Core\App.class.php ç¬¬ 57 è¡Œ.
NOTIC: [2] stripslashes() expects exactly 1 parameter, 2 given D:\wamp\www\ThinkPHP3.1\ThinkPHP\Lib\Core\App.class.php ç¬¬ 57 è¡Œ.
INFO: [ app_begin ] --START--
INFO: ReadHtmlCache Behavior ::run [ RunTime:0.000000s ]
INFO: [ app_begin ] --END-- [ RunTime:0.000000s ]
SQL: SHOW COLUMNS FROM `xm_users` [ RunTime:0.008001s ]
NOTIC: å»ºè®®ä½¿ç”¨Iæ–¹æ³•æ›¿ä»£_post
NOTIC: å»ºè®®ä½¿ç”¨Iæ–¹æ³•æ›¿ä»£_post

[ 2015-06-10T18:50:36+08:00 ] 127.0.0.1 /
NOTIC: å»ºè®®ä½¿ç”¨Iæ–¹æ³•æ›¿ä»£_get

[ 2015-06-10T18:50:41+08:00 ] 127.0.0.1 /Index/index.html
NOTIC: å»ºè®®ä½¿ç”¨Iæ–¹æ³•æ›¿ä»£_get

[ 2015-06-10T18:50:46+08:00 ] 127.0.0.1 /Login/login.html
NOTIC: [2] stripslashes() expects exactly 1 parameter, 2 given D:\wamp\www\ThinkPHP3.1\ThinkPHP\Lib\Core\App.class.php ç¬¬ 56 è¡Œ.
NOTIC: [2] stripslashes() expects exactly 1 parameter, 2 given D:\wamp\www\ThinkPHP3.1\ThinkPHP\Lib\Core\App.class.php ç¬¬ 56 è¡Œ.
NOTIC: [2] stripslashes() expects exactly 1 parameter, 2 given D:\wamp\www\ThinkPHP3.1\ThinkPHP\Lib\Core\App.class.php ç¬¬ 56 è¡Œ.
NOTIC: [2] stripslashes() expects exactly 1 parameter, 2 given D:\wamp\www\ThinkPHP3.1\ThinkPHP\Lib\Core\App.class.php ç¬¬ 56 è¡Œ.
NOTIC: [2] stripslashes() expects exactly 1 parameter, 2 given D:\wamp\www\ThinkPHP3.1\ThinkPHP\Lib\Core\App.class.php ç¬¬ 57 è¡Œ.
NOTIC: [2] stripslashes() expects exactly 1 parameter, 2 given D:\wamp\www\ThinkPHP3.1\ThinkPHP\Lib\Core\App.class.php ç¬¬ 57 è¡Œ.
NOTIC: [2] stripslashes() expects exactly 1 parameter, 2 given D:\wamp\www\ThinkPHP3.1\ThinkPHP\Lib\Core\App.class.php ç¬¬ 57 è¡Œ.
INFO: [ app_begin ] --START--
INFO: ReadHtmlCache Behavior ::run [ RunTime:0.001000s ]
INFO: [ app_begin ] --END-- [ RunTime:0.001000s ]
NOTIC: å»ºè®®ä½¿ç”¨Iæ–¹æ³•æ›¿ä»£_post

[ 2015-06-10T18:50:50+08:00 ] 127.0.0.1 /Login/login.html
NOTIC: [2] stripslashes() expects exactly 1 parameter, 2 given D:\wamp\www\ThinkPHP3.1\ThinkPHP\Lib\Core\App.class.php ç¬¬ 56 è¡Œ.
NOTIC: [2] stripslashes() expects exactly 1 parameter, 2 given D:\wamp\www\ThinkPHP3.1\ThinkPHP\Lib\Core\App.class.php ç¬¬ 56 è¡Œ.
NOTIC: [2] stripslashes() expects exactly 1 parameter, 2 given D:\wamp\www\ThinkPHP3.1\ThinkPHP\Lib\Core\App.class.php ç¬¬ 56 è¡Œ.
NOTIC: [2] stripslashes() expects exactly 1 parameter, 2 given D:\wamp\www\ThinkPHP3.1\ThinkPHP\Lib\Core\App.class.php ç¬¬ 56 è¡Œ.
NOTIC: [2] stripslashes() expects exactly 1 parameter, 2 given D:\wamp\www\ThinkPHP3.1\ThinkPHP\Lib\Core\App.class.php ç¬¬ 57 è¡Œ.
NOTIC: [2] stripslashes() expects exactly 1 parameter, 2 given D:\wamp\www\ThinkPHP3.1\ThinkPHP\Lib\Core\App.class.php ç¬¬ 57 è¡Œ.
NOTIC: [2] stripslashes() expects exactly 1 parameter, 2 given D:\wamp\www\ThinkPHP3.1\ThinkPHP\Lib\Core\App.class.php ç¬¬ 57 è¡Œ.
INFO: [ app_begin ] --START--
INFO: ReadHtmlCache Behavior ::run [ RunTime:0.001001s ]
INFO: [ app_begin ] --END-- [ RunTime:0.001001s ]
NOTIC: å»ºè®®ä½¿ç”¨Iæ–¹æ³•æ›¿ä»£_post

[ 2015-06-10T18:51:04+08:00 ] 127.0.0.1 /ChangeCity/ChangeCity.html?aid=1
NOTIC: [2] stripslashes() expects exactly 1 parameter, 2 given D:\wamp\www\ThinkPHP3.1\ThinkPHP\Lib\Core\App.class.php ç¬¬ 57 è¡Œ.
NOTIC: [2] stripslashes() expects exactly 1 parameter, 2 given D:\wamp\www\ThinkPHP3.1\ThinkPHP\Lib\Core\App.class.php ç¬¬ 57 è¡Œ.
NOTIC: [2] stripslashes() expects exactly 1 parameter, 2 given D:\wamp\www\ThinkPHP3.1\ThinkPHP\Lib\Core\App.class.php ç¬¬ 57 è¡Œ.
NOTIC: [2] stripslashes() expects exactly 1 parameter, 2 given D:\wamp\www\ThinkPHP3.1\ThinkPHP\Lib\Core\App.class.php ç¬¬ 57 è¡Œ.
INFO: [ app_begin ] --START--
INFO: ReadHtmlCache Behavior ::run [ RunTime:0.000000s ]
INFO: [ app_begin ] --END-- [ RunTime:0.000000s ]
NOTIC: å»ºè®®ä½¿ç”¨Iæ–¹æ³•æ›¿ä»£_get
SQL: SHOW COLUMNS FROM `xm_address` [ RunTime:0.007001s ]
NOTIC: å»ºè®®ä½¿ç”¨Iæ–¹æ³•æ›¿ä»£_get
SQL: SELECT `city` FROM `xm_address` WHERE ( aid=1 ) LIMIT 1   [ RunTime:0.001000s ]

[ 2015-06-10T18:51:07+08:00 ] 127.0.0.1 /
NOTIC: å»ºè®®ä½¿ç”¨Iæ–¹æ³•æ›¿ä»£_get

[ 2015-06-10T18:51:12+08:00 ] 127.0.0.1 /JobsInfo/index.html?jid=55
NOTIC: å»ºè®®ä½¿ç”¨Iæ–¹æ³•æ›¿ä»£_get
NOTIC: å»ºè®®ä½¿ç”¨Iæ–¹æ³•æ›¿ä»£_get

[ 2015-06-10T21:59:30+08:00 ] 127.0.0.1 /
NOTIC: å»ºè®®ä½¿ç”¨Iæ–¹æ³•æ›¿ä»£_get

[ 2015-06-10T22:03:52+08:00 ] 127.0.0.1 /Register/Tpl/bootstrap/css/validationEngine.jquery.css
ERR: éæ³•æ“ä½œ:Tpl

[ 2015-06-10T22:04:39+08:00 ] 127.0.0.1 /Register/reg.html
NOTIC: [2] stripslashes() expects exactly 1 parameter, 2 given D:\wamp\www\ThinkPHP3.1\ThinkPHP\Lib\Core\App.class.php ç¬¬ 56 è¡Œ.
NOTIC: [2] stripslashes() expects exactly 1 parameter, 2 given D:\wamp\www\ThinkPHP3.1\ThinkPHP\Lib\Core\App.class.php ç¬¬ 56 è¡Œ.
NOTIC: [2] stripslashes() expects exactly 1 parameter, 2 given D:\wamp\www\ThinkPHP3.1\ThinkPHP\Lib\Core\App.class.php ç¬¬ 56 è¡Œ.
NOTIC: [2] stripslashes() expects exactly 1 parameter, 2 given D:\wamp\www\ThinkPHP3.1\ThinkPHP\Lib\Core\App.class.php ç¬¬ 56 è¡Œ.
NOTIC: [2] stripslashes() expects exactly 1 parameter, 2 given D:\wamp\www\ThinkPHP3.1\ThinkPHP\Lib\Core\App.class.php ç¬¬ 56 è¡Œ.
NOTIC: [2] stripslashes() expects exactly 1 parameter, 2 given D:\wamp\www\ThinkPHP3.1\ThinkPHP\Lib\Core\App.class.php ç¬¬ 56 è¡Œ.
NOTIC: [2] stripslashes() expects exactly 1 parameter, 2 given D:\wamp\www\ThinkPHP3.1\ThinkPHP\Lib\Core\App.class.php ç¬¬ 57 è¡Œ.
NOTIC: [2] stripslashes() expects exactly 1 parameter, 2 given D:\wamp\www\ThinkPHP3.1\ThinkPHP\Lib\Core\App.class.php ç¬¬ 57 è¡Œ.
NOTIC: [2] stripslashes() expects exactly 1 parameter, 2 given D:\wamp\www\ThinkPHP3.1\ThinkPHP\Lib\Core\App.class.php ç¬¬ 57 è¡Œ.
INFO: [ app_begin ] --START--
INFO: ReadHtmlCache Behavior ::run [ RunTime:0.000000s ]
INFO: [ app_begin ] --END-- [ RunTime:0.000000s ]
NOTIC: å»ºè®®ä½¿ç”¨Iæ–¹æ³•æ›¿ä»£_post
SQL: SHOW COLUMNS FROM `xm_orgs` [ RunTime:0.045003s ]
NOTIC: å»ºè®®ä½¿ç”¨Iæ–¹æ³•æ›¿ä»£_post
NOTIC: å»ºè®®ä½¿ç”¨Iæ–¹æ³•æ›¿ä»£_post
NOTIC: å»ºè®®ä½¿ç”¨Iæ–¹æ³•æ›¿ä»£_post
NOTIC: å»ºè®®ä½¿ç”¨Iæ–¹æ³•æ›¿ä»£_post
NOTIC: [8] Undefined index: org_address D:\wamp\www\ThinkPHP3.1\ThinkPHP\Lib\Core\Model.class.php ç¬¬ 1057 è¡Œ.

[ 2015-06-10T22:07:25+08:00 ] 127.0.0.1 /Register/Tpl/bootstrap/css/validationEngine.jquery.css
ERR: éæ³•æ“ä½œ:Tpl

[ 2015-06-10T22:10:35+08:00 ] 127.0.0.1 /Register/reg.html
NOTIC: [2] stripslashes() expects exactly 1 parameter, 2 given D:\wamp\www\ThinkPHP3.1\ThinkPHP\Lib\Core\App.class.php ç¬¬ 56 è¡Œ.
NOTIC: [2] stripslashes() expects exactly 1 parameter, 2 given D:\wamp\www\ThinkPHP3.1\ThinkPHP\Lib\Core\App.class.php ç¬¬ 56 è¡Œ.
NOTIC: [2] stripslashes() expects exactly 1 parameter, 2 given D:\wamp\www\ThinkPHP3.1\ThinkPHP\Lib\Core\App.class.php ç¬¬ 56 è¡Œ.
NOTIC: [2] stripslashes() expects exactly 1 parameter, 2 given D:\wamp\www\ThinkPHP3.1\ThinkPHP\Lib\Core\App.class.php ç¬¬ 56 è¡Œ.
NOTIC: [2] stripslashes() expects exactly 1 parameter, 2 given D:\wamp\www\ThinkPHP3.1\ThinkPHP\Lib\Core\App.class.php ç¬¬ 56 è¡Œ.
NOTIC: [2] stripslashes() expects exactly 1 parameter, 2 given D:\wamp\www\ThinkPHP3.1\ThinkPHP\Lib\Core\App.class.php ç¬¬ 56 è¡Œ.
NOTIC: [2] stripslashes() expects exactly 1 parameter, 2 given D:\wamp\www\ThinkPHP3.1\ThinkPHP\Lib\Core\App.class.php ç¬¬ 57 è¡Œ.
NOTIC: [2] stripslashes() expects exactly 1 parameter, 2 given D:\wamp\www\ThinkPHP3.1\ThinkPHP\Lib\Core\App.class.php ç¬¬ 57 è¡Œ.
NOTIC: [2] stripslashes() expects exactly 1 parameter, 2 given D:\wamp\www\ThinkPHP3.1\ThinkPHP\Lib\Core\App.class.php ç¬¬ 57 è¡Œ.
INFO: [ app_begin ] --START--
INFO: ReadHtmlCache Behavior ::run [ RunTime:0.001000s ]
INFO: [ app_begin ] --END-- [ RunTime:0.001000s ]
NOTIC: å»ºè®®ä½¿ç”¨Iæ–¹æ³•æ›¿ä»£_post

[ 2015-06-10T22:16:11+08:00 ] 127.0.0.1 /Register/Tpl/bootstrap/css/validationEngine.jquery.css
ERR: éæ³•æ“ä½œ:Tpl

[ 2015-06-10T22:16:41+08:00 ] 127.0.0.1 /Register/reg.html
NOTIC: [2] stripslashes() expects exactly 1 parameter, 2 given D:\wamp\www\ThinkPHP3.1\ThinkPHP\Lib\Core\App.class.php ç¬¬ 56 è¡Œ.
NOTIC: [2] stripslashes() expects exactly 1 parameter, 2 given D:\wamp\www\ThinkPHP3.1\ThinkPHP\Lib\Core\App.class.php ç¬¬ 56 è¡Œ.
NOTIC: [2] stripslashes() expects exactly 1 parameter, 2 given D:\wamp\www\ThinkPHP3.1\ThinkPHP\Lib\Core\App.class.php ç¬¬ 56 è¡Œ.
NOTIC: [2] stripslashes() expects exactly 1 parameter, 2 given D:\wamp\www\ThinkPHP3.1\ThinkPHP\Lib\Core\App.class.php ç¬¬ 56 è¡Œ.
NOTIC: [2] stripslashes() expects exactly 1 parameter, 2 given D:\wamp\www\ThinkPHP3.1\ThinkPHP\Lib\Core\App.class.php ç¬¬ 56 è¡Œ.
NOTIC: [2] stripslashes() expects exactly 1 parameter, 2 given D:\wamp\www\ThinkPHP3.1\ThinkPHP\Lib\Core\App.class.php ç¬¬ 56 è¡Œ.
NOTIC: [2] stripslashes() expects exactly 1 parameter, 2 given D:\wamp\www\ThinkPHP3.1\ThinkPHP\Lib\Core\App.class.php ç¬¬ 57 è¡Œ.
NOTIC: [2] stripslashes() expects exactly 1 parameter, 2 given D:\wamp\www\ThinkPHP3.1\ThinkPHP\Lib\Core\App.class.php ç¬¬ 57 è¡Œ.
NOTIC: [2] stripslashes() expects exactly 1 parameter, 2 given D:\wamp\www\ThinkPHP3.1\ThinkPHP\Lib\Core\App.class.php ç¬¬ 57 è¡Œ.
INFO: [ app_begin ] --START--
INFO: ReadHtmlCache Behavior ::run [ RunTime:0.000000s ]
INFO: [ app_begin ] --END-- [ RunTime:0.000000s ]
NOTIC: å»ºè®®ä½¿ç”¨Iæ–¹æ³•æ›¿ä»£_post
SQL: SHOW COLUMNS FROM `xm_users` [ RunTime:0.273015s ]
NOTIC: å»ºè®®ä½¿ç”¨Iæ–¹æ³•æ›¿ä»£_post
NOTIC: å»ºè®®ä½¿ç”¨Iæ–¹æ³•æ›¿ä»£_post
NOTIC: å»ºè®®ä½¿ç”¨Iæ–¹æ³•æ›¿ä»£_post
NOTIC: å»ºè®®ä½¿ç”¨Iæ–¹æ³•æ›¿ä»£_post
NOTIC: [8] Undefined index: username D:\wamp\www\ThinkPHP3.1\ThinkPHP\Lib\Core\Model.class.php ç¬¬ 1057 è¡Œ.

[ 2015-06-10T22:25:57+08:00 ] 127.0.0.1 /Register/reg.html
NOTIC: [2] stripslashes() expects exactly 1 parameter, 2 given D:\wamp\www\ThinkPHP3.1\ThinkPHP\Lib\Core\App.class.php ç¬¬ 56 è¡Œ.
NOTIC: [2] stripslashes() expects exactly 1 parameter, 2 given D:\wamp\www\ThinkPHP3.1\ThinkPHP\Lib\Core\App.class.php ç¬¬ 56 è¡Œ.
NOTIC: [2] stripslashes() expects exactly 1 parameter, 2 given D:\wamp\www\ThinkPHP3.1\ThinkPHP\Lib\Core\App.class.php ç¬¬ 56 è¡Œ.
NOTIC: [2] stripslashes() expects exactly 1 parameter, 2 given D:\wamp\www\ThinkPHP3.1\ThinkPHP\Lib\Core\App.class.php ç¬¬ 56 è¡Œ.
NOTIC: [2] stripslashes() expects exactly 1 parameter, 2 given D:\wamp\www\ThinkPHP3.1\ThinkPHP\Lib\Core\App.class.php ç¬¬ 56 è¡Œ.
NOTIC: [2] stripslashes() expects exactly 1 parameter, 2 given D:\wamp\www\ThinkPHP3.1\ThinkPHP\Lib\Core\App.class.php ç¬¬ 56 è¡Œ.
NOTIC: [2] stripslashes() expects exactly 1 parameter, 2 given D:\wamp\www\ThinkPHP3.1\ThinkPHP\Lib\Core\App.class.php ç¬¬ 57 è¡Œ.
NOTIC: [2] stripslashes() expects exactly 1 parameter, 2 given D:\wamp\www\ThinkPHP3.1\ThinkPHP\Lib\Core\App.class.php ç¬¬ 57 è¡Œ.
NOTIC: [2] stripslashes() expects exactly 1 parameter, 2 given D:\wamp\www\ThinkPHP3.1\ThinkPHP\Lib\Core\App.class.php ç¬¬ 57 è¡Œ.
INFO: [ app_begin ] --START--
INFO: ReadHtmlCache Behavior ::run [ RunTime:0.001000s ]
INFO: [ app_begin ] --END-- [ RunTime:0.001000s ]
NOTIC: å»ºè®®ä½¿ç”¨Iæ–¹æ³•æ›¿ä»£_post
SQL: SHOW COLUMNS FROM `xm_orgs` [ RunTime:0.010000s ]
NOTIC: å»ºè®®ä½¿ç”¨Iæ–¹æ³•æ›¿ä»£_post
NOTIC: å»ºè®®ä½¿ç”¨Iæ–¹æ³•æ›¿ä»£_post
NOTIC: å»ºè®®ä½¿ç”¨Iæ–¹æ³•æ›¿ä»£_post
NOTIC: å»ºè®®ä½¿ç”¨Iæ–¹æ³•æ›¿ä»£_post
NOTIC: [8] Undefined index: org_address D:\wamp\www\ThinkPHP3.1\ThinkPHP\Lib\Core\Model.class.php ç¬¬ 1057 è¡Œ.

[ 2015-06-10T22:27:34+08:00 ] 127.0.0.1 /Register/reg.html
NOTIC: [2] stripslashes() expects exactly 1 parameter, 2 given D:\wamp\www\ThinkPHP3.1\ThinkPHP\Lib\Core\App.class.php ç¬¬ 56 è¡Œ.
NOTIC: [2] stripslashes() expects exactly 1 parameter, 2 given D:\wamp\www\ThinkPHP3.1\ThinkPHP\Lib\Core\App.class.php ç¬¬ 56 è¡Œ.
NOTIC: [2] stripslashes() expects exactly 1 parameter, 2 given D:\wamp\www\ThinkPHP3.1\ThinkPHP\Lib\Core\App.class.php ç¬¬ 56 è¡Œ.
NOTIC: [2] stripslashes() expects exactly 1 parameter, 2 given D:\wamp\www\ThinkPHP3.1\ThinkPHP\Lib\Core\App.class.php ç¬¬ 56 è¡Œ.
NOTIC: [2] stripslashes() expects exactly 1 parameter, 2 given D:\wamp\www\ThinkPHP3.1\ThinkPHP\Lib\Core\App.class.php ç¬¬ 56 è¡Œ.
NOTIC: [2] stripslashes() expects exactly 1 parameter, 2 given D:\wamp\www\ThinkPHP3.1\ThinkPHP\Lib\Core\App.class.php ç¬¬ 56 è¡Œ.
NOTIC: [2] stripslashes() expects exactly 1 parameter, 2 given D:\wamp\www\ThinkPHP3.1\ThinkPHP\Lib\Core\App.class.php ç¬¬ 57 è¡Œ.
NOTIC: [2] stripslashes() expects exactly 1 parameter, 2 given D:\wamp\www\ThinkPHP3.1\ThinkPHP\Lib\Core\App.class.php ç¬¬ 57 è¡Œ.
NOTIC: [2] stripslashes() expects exactly 1 parameter, 2 given D:\wamp\www\ThinkPHP3.1\ThinkPHP\Lib\Core\App.class.php ç¬¬ 57 è¡Œ.
INFO: [ app_begin ] --START--
INFO: ReadHtmlCache Behavior ::run [ RunTime:0.000000s ]
INFO: [ app_begin ] --END-- [ RunTime:0.000000s ]
NOTIC: å»ºè®®ä½¿ç”¨Iæ–¹æ³•æ›¿ä»£_post
SQL: SHOW COLUMNS FROM `xm_orgs` [ RunTime:0.019001s ]
NOTIC: å»ºè®®ä½¿ç”¨Iæ–¹æ³•æ›¿ä»£_post
NOTIC: å»ºè®®ä½¿ç”¨Iæ–¹æ³•æ›¿ä»£_post
NOTIC: å»ºè®®ä½¿ç”¨Iæ–¹æ³•æ›¿ä»£_post
NOTIC: å»ºè®®ä½¿ç”¨Iæ–¹æ³•æ›¿ä»£_post
NOTIC: å»ºè®®ä½¿ç”¨Iæ–¹æ³•æ›¿ä»£_post
NOTIC: å»ºè®®ä½¿ç”¨Iæ–¹æ³•æ›¿ä»£_post
NOTIC: å»ºè®®ä½¿ç”¨Iæ–¹æ³•æ›¿ä»£_post
SQL: INSERT INTO `xm_orgs` (`phone`,`passwd`,`ctime`,`orgname`,`org_address`) VALUES ('13212345678','21232f297a57a5a743894a0e4a801fc3',1433946454,null,'å±±ä¸œè“ç¿”æŠ€æ \¡') [ RunTime:0.048003s ]
ERR: 1048:Column 'orgname' cannot be null
 [ SQLè¯­å¥ ] : INSERT INTO `xm_orgs` (`phone`,`passwd`,`ctime`,`orgname`,`org_address`) VALUES ('13212345678','21232f297a57a5a743894a0e4a801fc3',1433946454,null,'å±±ä¸œè“ç¿”æŠ€æ \¡')

[ 2015-06-10T22:28:18+08:00 ] 127.0.0.1 /Register/reg.html
NOTIC: [2] stripslashes() expects exactly 1 parameter, 2 given D:\wamp\www\ThinkPHP3.1\ThinkPHP\Lib\Core\App.class.php ç¬¬ 56 è¡Œ.
NOTIC: [2] stripslashes() expects exactly 1 parameter, 2 given D:\wamp\www\ThinkPHP3.1\ThinkPHP\Lib\Core\App.class.php ç¬¬ 56 è¡Œ.
NOTIC: [2] stripslashes() expects exactly 1 parameter, 2 given D:\wamp\www\ThinkPHP3.1\ThinkPHP\Lib\Core\App.class.php ç¬¬ 56 è¡Œ.
NOTIC: [2] stripslashes() expects exactly 1 parameter, 2 given D:\wamp\www\ThinkPHP3.1\ThinkPHP\Lib\Core\App.class.php ç¬¬ 56 è¡Œ.
NOTIC: [2] stripslashes() expects exactly 1 parameter, 2 given D:\wamp\www\ThinkPHP3.1\ThinkPHP\Lib\Core\App.class.php ç¬¬ 56 è¡Œ.
NOTIC: [2] stripslashes() expects exactly 1 parameter, 2 given D:\wamp\www\ThinkPHP3.1\ThinkPHP\Lib\Core\App.class.php ç¬¬ 56 è¡Œ.
NOTIC: [2] stripslashes() expects exactly 1 parameter, 2 given D:\wamp\www\ThinkPHP3.1\ThinkPHP\Lib\Core\App.class.php ç¬¬ 57 è¡Œ.
NOTIC: [2] stripslashes() expects exactly 1 parameter, 2 given D:\wamp\www\ThinkPHP3.1\ThinkPHP\Lib\Core\App.class.php ç¬¬ 57 è¡Œ.
NOTIC: [2] stripslashes() expects exactly 1 parameter, 2 given D:\wamp\www\ThinkPHP3.1\ThinkPHP\Lib\Core\App.class.php ç¬¬ 57 è¡Œ.
INFO: [ app_begin ] --START--
INFO: ReadHtmlCache Behavior ::run [ RunTime:0.000000s ]
INFO: [ app_begin ] --END-- [ RunTime:0.001000s ]
NOTIC: å»ºè®®ä½¿ç”¨Iæ–¹æ³•æ›¿ä»£_post

[ 2015-06-10T22:28:25+08:00 ] 127.0.0.1 /Register/reg.html
NOTIC: [2] stripslashes() expects exactly 1 parameter, 2 given D:\wamp\www\ThinkPHP3.1\ThinkPHP\Lib\Core\App.class.php ç¬¬ 56 è¡Œ.
NOTIC: [2] stripslashes() expects exactly 1 parameter, 2 given D:\wamp\www\ThinkPHP3.1\ThinkPHP\Lib\Core\App.class.php ç¬¬ 56 è¡Œ.
NOTIC: [2] stripslashes() expects exactly 1 parameter, 2 given D:\wamp\www\ThinkPHP3.1\ThinkPHP\Lib\Core\App.class.php ç¬¬ 56 è¡Œ.
NOTIC: [2] stripslashes() expects exactly 1 parameter, 2 given D:\wamp\www\ThinkPHP3.1\ThinkPHP\Lib\Core\App.class.php ç¬¬ 56 è¡Œ.
NOTIC: [2] stripslashes() expects exactly 1 parameter, 2 given D:\wamp\www\ThinkPHP3.1\ThinkPHP\Lib\Core\App.class.php ç¬¬ 56 è¡Œ.
NOTIC: [2] stripslashes() expects exactly 1 parameter, 2 given D:\wamp\www\ThinkPHP3.1\ThinkPHP\Lib\Core\App.class.php ç¬¬ 56 è¡Œ.
NOTIC: [2] stripslashes() expects exactly 1 parameter, 2 given D:\wamp\www\ThinkPHP3.1\ThinkPHP\Lib\Core\App.class.php ç¬¬ 57 è¡Œ.
NOTIC: [2] stripslashes() expects exactly 1 parameter, 2 given D:\wamp\www\ThinkPHP3.1\ThinkPHP\Lib\Core\App.class.php ç¬¬ 57 è¡Œ.
NOTIC: [2] stripslashes() expects exactly 1 parameter, 2 given D:\wamp\www\ThinkPHP3.1\ThinkPHP\Lib\Core\App.class.php ç¬¬ 57 è¡Œ.
INFO: [ app_begin ] --START--
INFO: ReadHtmlCache Behavior ::run [ RunTime:0.001000s ]
INFO: [ app_begin ] --END-- [ RunTime:0.001000s ]
NOTIC: å»ºè®®ä½¿ç”¨Iæ–¹æ³•æ›¿ä»£_post
SQL: SHOW COLUMNS FROM `xm_orgs` [ RunTime:0.009000s ]
NOTIC: å»ºè®®ä½¿ç”¨Iæ–¹æ³•æ›¿ä»£_post
NOTIC: å»ºè®®ä½¿ç”¨Iæ–¹æ³•æ›¿ä»£_post
NOTIC: å»ºè®®ä½¿ç”¨Iæ–¹æ³•æ›¿ä»£_post
NOTIC: å»ºè®®ä½¿ç”¨Iæ–¹æ³•æ›¿ä»£_post
NOTIC: å»ºè®®ä½¿ç”¨Iæ–¹æ³•æ›¿ä»£_post
NOTIC: å»ºè®®ä½¿ç”¨Iæ–¹æ³•æ›¿ä»£_post
NOTIC: å»ºè®®ä½¿ç”¨Iæ–¹æ³•æ›¿ä»£_post
SQL: INSERT INTO `xm_orgs` (`phone`,`passwd`,`ctime`,`orgname`,`org_address`) VALUES ('13212345678','21232f297a57a5a743894a0e4a801fc3',1433946505,null,'å±±ä¸œè“ç¿”æŠ€æ \¡') [ RunTime:0.000000s ]
ERR: 1048:Column 'orgname' cannot be null
 [ SQLè¯­å¥ ] : INSERT INTO `xm_orgs` (`phone`,`passwd`,`ctime`,`orgname`,`org_address`) VALUES ('13212345678','21232f297a57a5a743894a0e4a801fc3',1433946505,null,'å±±ä¸œè“ç¿”æŠ€æ \¡')

[ 2015-06-10T22:28:53+08:00 ] 127.0.0.1 /Register/reg.html
NOTIC: [2] stripslashes() expects exactly 1 parameter, 2 given D:\wamp\www\ThinkPHP3.1\ThinkPHP\Lib\Core\App.class.php ç¬¬ 56 è¡Œ.
NOTIC: [2] stripslashes() expects exactly 1 parameter, 2 given D:\wamp\www\ThinkPHP3.1\ThinkPHP\Lib\Core\App.class.php ç¬¬ 56 è¡Œ.
NOTIC: [2] stripslashes() expects exactly 1 parameter, 2 given D:\wamp\www\ThinkPHP3.1\ThinkPHP\Lib\Core\App.class.php ç¬¬ 56 è¡Œ.
NOTIC: [2] stripslashes() expects exactly 1 parameter, 2 given D:\wamp\www\ThinkPHP3.1\ThinkPHP\Lib\Core\App.class.php ç¬¬ 56 è¡Œ.
NOTIC: [2] stripslashes() expects exactly 1 parameter, 2 given D:\wamp\www\ThinkPHP3.1\ThinkPHP\Lib\Core\App.class.php ç¬¬ 56 è¡Œ.
NOTIC: [2] stripslashes() expects exactly 1 parameter, 2 given D:\wamp\www\ThinkPHP3.1\ThinkPHP\Lib\Core\App.class.php ç¬¬ 56 è¡Œ.
NOTIC: [2] stripslashes() expects exactly 1 parameter, 2 given D:\wamp\www\ThinkPHP3.1\ThinkPHP\Lib\Core\App.class.php ç¬¬ 57 è¡Œ.
NOTIC: [2] stripslashes() expects exactly 1 parameter, 2 given D:\wamp\www\ThinkPHP3.1\ThinkPHP\Lib\Core\App.class.php ç¬¬ 57 è¡Œ.
NOTIC: [2] stripslashes() expects exactly 1 parameter, 2 given D:\wamp\www\ThinkPHP3.1\ThinkPHP\Lib\Core\App.class.php ç¬¬ 57 è¡Œ.
INFO: [ app_begin ] --START--
INFO: ReadHtmlCache Behavior ::run [ RunTime:0.001000s ]
INFO: [ app_begin ] --END-- [ RunTime:0.001000s ]
NOTIC: å»ºè®®ä½¿ç”¨Iæ–¹æ³•æ›¿ä»£_post
SQL: SHOW COLUMNS FROM `xm_orgs` [ RunTime:0.008000s ]
NOTIC: å»ºè®®ä½¿ç”¨Iæ–¹æ³•æ›¿ä»£_post
NOTIC: å»ºè®®ä½¿ç”¨Iæ–¹æ³•æ›¿ä»£_post
NOTIC: å»ºè®®ä½¿ç”¨Iæ–¹æ³•æ›¿ä»£_post
NOTIC: å»ºè®®ä½¿ç”¨Iæ–¹æ³•æ›¿ä»£_post
NOTIC: å»ºè®®ä½¿ç”¨Iæ–¹æ³•æ›¿ä»£_post
NOTIC: å»ºè®®ä½¿ç”¨Iæ–¹æ³•æ›¿ä»£_post
NOTIC: å»ºè®®ä½¿ç”¨Iæ–¹æ³•æ›¿ä»£_post
SQL: INSERT INTO `xm_orgs` (`phone`,`passwd`,`ctime`,`orgname`,`org_address`) VALUES ('13212345678','21232f297a57a5a743894a0e4a801fc3',1433946533,null,'å±±ä¸œè“ç¿”æŠ€æ \¡') [ RunTime:0.000000s ]
ERR: 1048:Column 'orgname' cannot be null
 [ SQLè¯­å¥ ] : INSERT INTO `xm_orgs` (`phone`,`passwd`,`ctime`,`orgname`,`org_address`) VALUES ('13212345678','21232f297a57a5a743894a0e4a801fc3',1433946533,null,'å±±ä¸œè“ç¿”æŠ€æ \¡')

[ 2015-06-10T22:29:40+08:00 ] 127.0.0.1 /Register/reg.html
NOTIC: [2] stripslashes() expects exactly 1 parameter, 2 given D:\wamp\www\ThinkPHP3.1\ThinkPHP\Lib\Core\App.class.php ç¬¬ 56 è¡Œ.
NOTIC: [2] stripslashes() expects exactly 1 parameter, 2 given D:\wamp\www\ThinkPHP3.1\ThinkPHP\Lib\Core\App.class.php ç¬¬ 56 è¡Œ.
NOTIC: [2] stripslashes() expects exactly 1 parameter, 2 given D:\wamp\www\ThinkPHP3.1\ThinkPHP\Lib\Core\App.class.php ç¬¬ 56 è¡Œ.
NOTIC: [2] stripslashes() expects exactly 1 parameter, 2 given D:\wamp\www\ThinkPHP3.1\ThinkPHP\Lib\Core\App.class.php ç¬¬ 56 è¡Œ.
NOTIC: [2] stripslashes() expects exactly 1 parameter, 2 given D:\wamp\www\ThinkPHP3.1\ThinkPHP\Lib\Core\App.class.php ç¬¬ 56 è¡Œ.
NOTIC: [2] stripslashes() expects exactly 1 parameter, 2 given D:\wamp\www\ThinkPHP3.1\ThinkPHP\Lib\Core\App.class.php ç¬¬ 56 è¡Œ.
NOTIC: [2] stripslashes() expects exactly 1 parameter, 2 given D:\wamp\www\ThinkPHP3.1\ThinkPHP\Lib\Core\App.class.php ç¬¬ 57 è¡Œ.
NOTIC: [2] stripslashes() expects exactly 1 parameter, 2 given D:\wamp\www\ThinkPHP3.1\ThinkPHP\Lib\Core\App.class.php ç¬¬ 57 è¡Œ.
NOTIC: [2] stripslashes() expects exactly 1 parameter, 2 given D:\wamp\www\ThinkPHP3.1\ThinkPHP\Lib\Core\App.class.php ç¬¬ 57 è¡Œ.
INFO: [ app_begin ] --START--
INFO: ReadHtmlCache Behavior ::run [ RunTime:0.000000s ]
INFO: [ app_begin ] --END-- [ RunTime:0.000000s ]
NOTIC: å»ºè®®ä½¿ç”¨Iæ–¹æ³•æ›¿ä»£_post
SQL: SHOW COLUMNS FROM `xm_orgs` [ RunTime:0.008001s ]
NOTIC: å»ºè®®ä½¿ç”¨Iæ–¹æ³•æ›¿ä»£_post
NOTIC: å»ºè®®ä½¿ç”¨Iæ–¹æ³•æ›¿ä»£_post
NOTIC: å»ºè®®ä½¿ç”¨Iæ–¹æ³•æ›¿ä»£_post
NOTIC: å»ºè®®ä½¿ç”¨Iæ–¹æ³•æ›¿ä»£_post
NOTIC: å»ºè®®ä½¿ç”¨Iæ–¹æ³•æ›¿ä»£_post
NOTIC: å»ºè®®ä½¿ç”¨Iæ–¹æ³•æ›¿ä»£_post
NOTIC: å»ºè®®ä½¿ç”¨Iæ–¹æ³•æ›¿ä»£_post
SQL: INSERT INTO `xm_orgs` (`phone`,`passwd`,`ctime`,`orgname`,`org_address`) VALUES ('13212345678','21232f297a57a5a743894a0e4a801fc3',1433946580,null,'å±±ä¸œè“ç¿”æŠ€æ \¡') [ RunTime:0.000000s ]
ERR: 1048:Column 'orgname' cannot be null
 [ SQLè¯­å¥ ] : INSERT INTO `xm_orgs` (`phone`,`passwd`,`ctime`,`orgname`,`org_address`) VALUES ('13212345678','21232f297a57a5a743894a0e4a801fc3',1433946580,null,'å±±ä¸œè“ç¿”æŠ€æ \¡')

[ 2015-06-10T22:30:52+08:00 ] 127.0.0.1 /Register/reg.html
NOTIC: [2] stripslashes() expects exactly 1 parameter, 2 given D:\wamp\www\ThinkPHP3.1\ThinkPHP\Lib\Core\App.class.php ç¬¬ 56 è¡Œ.
NOTIC: [2] stripslashes() expects exactly 1 parameter, 2 given D:\wamp\www\ThinkPHP3.1\ThinkPHP\Lib\Core\App.class.php ç¬¬ 56 è¡Œ.
NOTIC: [2] stripslashes() expects exactly 1 parameter, 2 given D:\wamp\www\ThinkPHP3.1\ThinkPHP\Lib\Core\App.class.php ç¬¬ 56 è¡Œ.
NOTIC: [2] stripslashes() expects exactly 1 parameter, 2 given D:\wamp\www\ThinkPHP3.1\ThinkPHP\Lib\Core\App.class.php ç¬¬ 56 è¡Œ.
NOTIC: [2] stripslashes() expects exactly 1 parameter, 2 given D:\wamp\www\ThinkPHP3.1\ThinkPHP\Lib\Core\App.class.php ç¬¬ 56 è¡Œ.
NOTIC: [2] stripslashes() expects exactly 1 parameter, 2 given D:\wamp\www\ThinkPHP3.1\ThinkPHP\Lib\Core\App.class.php ç¬¬ 56 è¡Œ.
NOTIC: [2] stripslashes() expects exactly 1 parameter, 2 given D:\wamp\www\ThinkPHP3.1\ThinkPHP\Lib\Core\App.class.php ç¬¬ 57 è¡Œ.
NOTIC: [2] stripslashes() expects exactly 1 parameter, 2 given D:\wamp\www\ThinkPHP3.1\ThinkPHP\Lib\Core\App.class.php ç¬¬ 57 è¡Œ.
NOTIC: [2] stripslashes() expects exactly 1 parameter, 2 given D:\wamp\www\ThinkPHP3.1\ThinkPHP\Lib\Core\App.class.php ç¬¬ 57 è¡Œ.
INFO: [ app_begin ] --START--
INFO: ReadHtmlCache Behavior ::run [ RunTime:0.001000s ]
INFO: [ app_begin ] --END-- [ RunTime:0.001000s ]
NOTIC: å»ºè®®ä½¿ç”¨Iæ–¹æ³•æ›¿ä»£_post
SQL: SHOW COLUMNS FROM `xm_orgs` [ RunTime:0.008000s ]
NOTIC: å»ºè®®ä½¿ç”¨Iæ–¹æ³•æ›¿ä»£_post
NOTIC: å»ºè®®ä½¿ç”¨Iæ–¹æ³•æ›¿ä»£_post
NOTIC: å»ºè®®ä½¿ç”¨Iæ–¹æ³•æ›¿ä»£_post
NOTIC: å»ºè®®ä½¿ç”¨Iæ–¹æ³•æ›¿ä»£_post
NOTIC: å»ºè®®ä½¿ç”¨Iæ–¹æ³•æ›¿ä»£_post
NOTIC: å»ºè®®ä½¿ç”¨Iæ–¹æ³•æ›¿ä»£_post
NOTIC: å»ºè®®ä½¿ç”¨Iæ–¹æ³•æ›¿ä»£_post
SQL: INSERT INTO `xm_orgs` (`phone`,`passwd`,`ctime`,`orgname`,`org_address`) VALUES ('13212345678','21232f297a57a5a743894a0e4a801fc3',1433946652,'å±±ä¸œ','å±±ä¸œè“ç¿”æŠ€æ \¡') [ RunTime:0.134008s ]

[ 2015-06-10T22:31:29+08:00 ] 127.0.0.1 /Index/index.html
NOTIC: å»ºè®®ä½¿ç”¨Iæ–¹æ³•æ›¿ä»£_get

[ 2015-06-10T22:31:34+08:00 ] 127.0.0.1 /Register/Tpl/bootstrap/css/validationEngine.jquery.css
ERR: éæ³•æ“ä½œ:Tpl

[ 2015-06-10T22:32:14+08:00 ] 127.0.0.1 /Register/reg.html
NOTIC: [2] stripslashes() expects exactly 1 parameter, 2 given D:\wamp\www\ThinkPHP3.1\ThinkPHP\Lib\Core\App.class.php ç¬¬ 56 è¡Œ.
NOTIC: [2] stripslashes() expects exactly 1 parameter, 2 given D:\wamp\www\ThinkPHP3.1\ThinkPHP\Lib\Core\App.class.php ç¬¬ 57 è¡Œ.
NOTIC: [2] stripslashes() expects exactly 1 parameter, 2 given D:\wamp\www\ThinkPHP3.1\ThinkPHP\Lib\Core\App.class.php ç¬¬ 57 è¡Œ.
NOTIC: [2] stripslashes() expects exactly 1 parameter, 2 given D:\wamp\www\ThinkPHP3.1\ThinkPHP\Lib\Core\App.class.php ç¬¬ 57 è¡Œ.
INFO: [ app_begin ] --START--
INFO: ReadHtmlCache Behavior ::run [ RunTime:0.001000s ]
INFO: [ app_begin ] --END-- [ RunTime:0.001000s ]
NOTIC: å»ºè®®ä½¿ç”¨Iæ–¹æ³•æ›¿ä»£_post

[ 2015-06-10T22:32:21+08:00 ] 127.0.0.1 /Register/reg.html
NOTIC: [2] stripslashes() expects exactly 1 parameter, 2 given D:\wamp\www\ThinkPHP3.1\ThinkPHP\Lib\Core\App.class.php ç¬¬ 56 è¡Œ.
NOTIC: [2] stripslashes() expects exactly 1 parameter, 2 given D:\wamp\www\ThinkPHP3.1\ThinkPHP\Lib\Core\App.class.php ç¬¬ 56 è¡Œ.
NOTIC: [2] stripslashes() expects exactly 1 parameter, 2 given D:\wamp\www\ThinkPHP3.1\ThinkPHP\Lib\Core\App.class.php ç¬¬ 57 è¡Œ.
NOTIC: [2] stripslashes() expects exactly 1 parameter, 2 given D:\wamp\www\ThinkPHP3.1\ThinkPHP\Lib\Core\App.class.php ç¬¬ 57 è¡Œ.
NOTIC: [2] stripslashes() expects exactly 1 parameter, 2 given D:\wamp\www\ThinkPHP3.1\ThinkPHP\Lib\Core\App.class.php ç¬¬ 57 è¡Œ.
INFO: [ app_begin ] --START--
INFO: ReadHtmlCache Behavior ::run [ RunTime:0.001000s ]
INFO: [ app_begin ] --END-- [ RunTime:0.001000s ]
NOTIC: å»ºè®®ä½¿ç”¨Iæ–¹æ³•æ›¿ä»£_post
SQL: SHOW COLUMNS FROM `xm_users` [ RunTime:0.008001s ]
NOTIC: å»ºè®®ä½¿ç”¨Iæ–¹æ³•æ›¿ä»£_post
NOTIC: å»ºè®®ä½¿ç”¨Iæ–¹æ³•æ›¿ä»£_post
NOTIC: å»ºè®®ä½¿ç”¨Iæ–¹æ³•æ›¿ä»£_post
NOTIC: å»ºè®®ä½¿ç”¨Iæ–¹æ³•æ›¿ä»£_post
NOTIC: [8] Undefined index: username D:\wamp\www\ThinkPHP3.1\ThinkPHP\Lib\Core\Model.class.php ç¬¬ 1057 è¡Œ.

[ 2015-06-10T22:33:11+08:00 ] 127.0.0.1 /Register/reg.html
NOTIC: [2] stripslashes() expects exactly 1 parameter, 2 given D:\wamp\www\ThinkPHP3.1\ThinkPHP\Lib\Core\App.class.php ç¬¬ 56 è¡Œ.
NOTIC: [2] stripslashes() expects exactly 1 parameter, 2 given D:\wamp\www\ThinkPHP3.1\ThinkPHP\Lib\Core\App.class.php ç¬¬ 56 è¡Œ.
NOTIC: [2] stripslashes() expects exactly 1 parameter, 2 given D:\wamp\www\ThinkPHP3.1\ThinkPHP\Lib\Core\App.class.php ç¬¬ 56 è¡Œ.
NOTIC: [2] stripslashes() expects exactly 1 parameter, 2 given D:\wamp\www\ThinkPHP3.1\ThinkPHP\Lib\Core\App.class.php ç¬¬ 56 è¡Œ.
NOTIC: [2] stripslashes() expects exactly 1 parameter, 2 given D:\wamp\www\ThinkPHP3.1\ThinkPHP\Lib\Core\App.class.php ç¬¬ 57 è¡Œ.
NOTIC: [2] stripslashes() expects exactly 1 parameter, 2 given D:\wamp\www\ThinkPHP3.1\ThinkPHP\Lib\Core\App.class.php ç¬¬ 57 è¡Œ.
NOTIC: [2] stripslashes() expects exactly 1 parameter, 2 given D:\wamp\www\ThinkPHP3.1\ThinkPHP\Lib\Core\App.class.php ç¬¬ 57 è¡Œ.
INFO: [ app_begin ] --START--
INFO: ReadHtmlCache Behavior ::run [ RunTime:0.000000s ]
INFO: [ app_begin ] --END-- [ RunTime:0.000000s ]
NOTIC: å»ºè®®ä½¿ç”¨Iæ–¹æ³•æ›¿ä»£_post
SQL: SHOW COLUMNS FROM `xm_users` [ RunTime:0.008001s ]
NOTIC: å»ºè®®ä½¿ç”¨Iæ–¹æ³•æ›¿ä»£_post
NOTIC: å»ºè®®ä½¿ç”¨Iæ–¹æ³•æ›¿ä»£_post
NOTIC: å»ºè®®ä½¿ç”¨Iæ–¹æ³•æ›¿ä»£_post
NOTIC: å»ºè®®ä½¿ç”¨Iæ–¹æ³•æ›¿ä»£_post
NOTIC: [8] Undefined index: username D:\wamp\www\ThinkPHP3.1\ThinkPHP\Lib\Core\Model.class.php ç¬¬ 1057 è¡Œ.

[ 2015-06-10T22:34:26+08:00 ] 127.0.0.1 /Register/reg.html
NOTIC: [2] stripslashes() expects exactly 1 parameter, 2 given D:\wamp\www\ThinkPHP3.1\ThinkPHP\Lib\Core\App.class.php ç¬¬ 56 è¡Œ.
NOTIC: [2] stripslashes() expects exactly 1 parameter, 2 given D:\wamp\www\ThinkPHP3.1\ThinkPHP\Lib\Core\App.class.php ç¬¬ 56 è¡Œ.
NOTIC: [2] stripslashes() expects exactly 1 parameter, 2 given D:\wamp\www\ThinkPHP3.1\ThinkPHP\Lib\Core\App.class.php ç¬¬ 56 è¡Œ.
NOTIC: [2] stripslashes() expects exactly 1 parameter, 2 given D:\wamp\www\ThinkPHP3.1\ThinkPHP\Lib\Core\App.class.php ç¬¬ 56 è¡Œ.
NOTIC: [2] stripslashes() expects exactly 1 parameter, 2 given D:\wamp\www\ThinkPHP3.1\ThinkPHP\Lib\Core\App.class.php ç¬¬ 56 è¡Œ.
NOTIC: [2] stripslashes() expects exactly 1 parameter, 2 given D:\wamp\www\ThinkPHP3.1\ThinkPHP\Lib\Core\App.class.php ç¬¬ 57 è¡Œ.
NOTIC: [2] stripslashes() expects exactly 1 parameter, 2 given D:\wamp\www\ThinkPHP3.1\ThinkPHP\Lib\Core\App.class.php ç¬¬ 57 è¡Œ.
NOTIC: [2] stripslashes() expects exactly 1 parameter, 2 given D:\wamp\www\ThinkPHP3.1\ThinkPHP\Lib\Core\App.class.php ç¬¬ 57 è¡Œ.
INFO: [ app_begin ] --START--
INFO: ReadHtmlCache Behavior ::run [ RunTime:0.000000s ]
INFO: [ app_begin ] --END-- [ RunTime:0.000000s ]
NOTIC: å»ºè®®ä½¿ç”¨Iæ–¹æ³•æ›¿ä»£_post

[ 2015-06-10T22:34:31+08:00 ] 127.0.0.1 /Register/reg.html
NOTIC: [2] stripslashes() expects exactly 1 parameter, 2 given D:\wamp\www\ThinkPHP3.1\ThinkPHP\Lib\Core\App.class.php ç¬¬ 56 è¡Œ.
NOTIC: [2] stripslashes() expects exactly 1 parameter, 2 given D:\wamp\www\ThinkPHP3.1\ThinkPHP\Lib\Core\App.class.php ç¬¬ 56 è¡Œ.
NOTIC: [2] stripslashes() expects exactly 1 parameter, 2 given D:\wamp\www\ThinkPHP3.1\ThinkPHP\Lib\Core\App.class.php ç¬¬ 56 è¡Œ.
NOTIC: [2] stripslashes() expects exactly 1 parameter, 2 given D:\wamp\www\ThinkPHP3.1\ThinkPHP\Lib\Core\App.class.php ç¬¬ 56 è¡Œ.
NOTIC: [2] stripslashes() expects exactly 1 parameter, 2 given D:\wamp\www\ThinkPHP3.1\ThinkPHP\Lib\Core\App.class.php ç¬¬ 56 è¡Œ.
NOTIC: [2] stripslashes() expects exactly 1 parameter, 2 given D:\wamp\www\ThinkPHP3.1\ThinkPHP\Lib\Core\App.class.php ç¬¬ 57 è¡Œ.
NOTIC: [2] stripslashes() expects exactly 1 parameter, 2 given D:\wamp\www\ThinkPHP3.1\ThinkPHP\Lib\Core\App.class.php ç¬¬ 57 è¡Œ.
NOTIC: [2] stripslashes() expects exactly 1 parameter, 2 given D:\wamp\www\ThinkPHP3.1\ThinkPHP\Lib\Core\App.class.php ç¬¬ 57 è¡Œ.
INFO: [ app_begin ] --START--
INFO: ReadHtmlCache Behavior ::run [ RunTime:0.000000s ]
INFO: [ app_begin ] --END-- [ RunTime:0.000000s ]
NOTIC: å»ºè®®ä½¿ç”¨Iæ–¹æ³•æ›¿ä»£_post
SQL: SHOW COLUMNS FROM `xm_users` [ RunTime:0.008000s ]
NOTIC: å»ºè®®ä½¿ç”¨Iæ–¹æ³•æ›¿ä»£_post
NOTIC: å»ºè®®ä½¿ç”¨Iæ–¹æ³•æ›¿ä»£_post
NOTIC: å»ºè®®ä½¿ç”¨Iæ–¹æ³•æ›¿ä»£_post
NOTIC: å»ºè®®ä½¿ç”¨Iæ–¹æ³•æ›¿ä»£_post
NOTIC: [8] Undefined index: username D:\wamp\www\ThinkPHP3.1\ThinkPHP\Lib\Core\Model.class.php ç¬¬ 1057 è¡Œ.

[ 2015-06-10T22:44:15+08:00 ] 127.0.0.1 /Register/Tpl/bootstrap/css/validationEngine.jquery.css
ERR: éæ³•æ“ä½œ:Tpl

[ 2015-06-10T22:47:32+08:00 ] 127.0.0.1 /Register/reg.html
NOTIC: [2] stripslashes() expects exactly 1 parameter, 2 given D:\wamp\www\ThinkPHP3.1\ThinkPHP\Lib\Core\App.class.php ç¬¬ 56 è¡Œ.
NOTIC: [2] stripslashes() expects exactly 1 parameter, 2 given D:\wamp\www\ThinkPHP3.1\ThinkPHP\Lib\Core\App.class.php ç¬¬ 56 è¡Œ.
NOTIC: [2] stripslashes() expects exactly 1 parameter, 2 given D:\wamp\www\ThinkPHP3.1\ThinkPHP\Lib\Core\App.class.php ç¬¬ 56 è¡Œ.
NOTIC: [2] stripslashes() expects exactly 1 parameter, 2 given D:\wamp\www\ThinkPHP3.1\ThinkPHP\Lib\Core\App.class.php ç¬¬ 56 è¡Œ.
NOTIC: [2] stripslashes() expects exactly 1 parameter, 2 given D:\wamp\www\ThinkPHP3.1\ThinkPHP\Lib\Core\App.class.php ç¬¬ 57 è¡Œ.
NOTIC: [2] stripslashes() expects exactly 1 parameter, 2 given D:\wamp\www\ThinkPHP3.1\ThinkPHP\Lib\Core\App.class.php ç¬¬ 57 è¡Œ.
NOTIC: [2] stripslashes() expects exactly 1 parameter, 2 given D:\wamp\www\ThinkPHP3.1\ThinkPHP\Lib\Core\App.class.php ç¬¬ 57 è¡Œ.
INFO: [ app_begin ] --START--
INFO: ReadHtmlCache Behavior ::run [ RunTime:0.001000s ]
INFO: [ app_begin ] --END-- [ RunTime:0.001000s ]
NOTIC: å»ºè®®ä½¿ç”¨Iæ–¹æ³•æ›¿ä»£_post

[ 2015-06-10T22:47:39+08:00 ] 127.0.0.1 /Register/reg.html
NOTIC: [2] stripslashes() expects exactly 1 parameter, 2 given D:\wamp\www\ThinkPHP3.1\ThinkPHP\Lib\Core\App.class.php ç¬¬ 56 è¡Œ.
NOTIC: [2] stripslashes() expects exactly 1 parameter, 2 given D:\wamp\www\ThinkPHP3.1\ThinkPHP\Lib\Core\App.class.php ç¬¬ 56 è¡Œ.
NOTIC: [2] stripslashes() expects exactly 1 parameter, 2 given D:\wamp\www\ThinkPHP3.1\ThinkPHP\Lib\Core\App.class.php ç¬¬ 56 è¡Œ.
NOTIC: [2] stripslashes() expects exactly 1 parameter, 2 given D:\wamp\www\ThinkPHP3.1\ThinkPHP\Lib\Core\App.class.php ç¬¬ 56 è¡Œ.
NOTIC: [2] stripslashes() expects exactly 1 parameter, 2 given D:\wamp\www\ThinkPHP3.1\ThinkPHP\Lib\Core\App.class.php ç¬¬ 56 è¡Œ.
NOTIC: [2] stripslashes() expects exactly 1 parameter, 2 given D:\wamp\www\ThinkPHP3.1\ThinkPHP\Lib\Core\App.class.php ç¬¬ 57 è¡Œ.
NOTIC: [2] stripslashes() expects exactly 1 parameter, 2 given D:\wamp\www\ThinkPHP3.1\ThinkPHP\Lib\Core\App.class.php ç¬¬ 57 è¡Œ.
NOTIC: [2] stripslashes() expects exactly 1 parameter, 2 given D:\wamp\www\ThinkPHP3.1\ThinkPHP\Lib\Core\App.class.php ç¬¬ 57 è¡Œ.
INFO: [ app_begin ] --START--
INFO: ReadHtmlCache Behavior ::run [ RunTime:0.000000s ]
INFO: [ app_begin ] --END-- [ RunTime:0.000000s ]
NOTIC: å»ºè®®ä½¿ç”¨Iæ–¹æ³•æ›¿ä»£_post
NOTIC: å»ºè®®ä½¿ç”¨Iæ–¹æ³•æ›¿ä»£_post
SQL: SHOW COLUMNS FROM `xm_orgs` [ RunTime:0.010000s ]
NOTIC: å»ºè®®ä½¿ç”¨Iæ–¹æ³•æ›¿ä»£_post
NOTIC: å»ºè®®ä½¿ç”¨Iæ–¹æ³•æ›¿ä»£_post
NOTIC: å»ºè®®ä½¿ç”¨Iæ–¹æ³•æ›¿ä»£_post
NOTIC: å»ºè®®ä½¿ç”¨Iæ–¹æ³•æ›¿ä»£_post
NOTIC: å»ºè®®ä½¿ç”¨Iæ–¹æ³•æ›¿ä»£_post
NOTIC: [8] Undefined index: org_address D:\wamp\www\ThinkPHP3.1\ThinkPHP\Lib\Core\Model.class.php ç¬¬ 1057 è¡Œ.

[ 2015-06-10T22:47:47+08:00 ] 127.0.0.1 /Register/reg.html
NOTIC: [2] stripslashes() expects exactly 1 parameter, 2 given D:\wamp\www\ThinkPHP3.1\ThinkPHP\Lib\Core\App.class.php ç¬¬ 56 è¡Œ.
NOTIC: [2] stripslashes() expects exactly 1 parameter, 2 given D:\wamp\www\ThinkPHP3.1\ThinkPHP\Lib\Core\App.class.php ç¬¬ 56 è¡Œ.
NOTIC: [2] stripslashes() expects exactly 1 parameter, 2 given D:\wamp\www\ThinkPHP3.1\ThinkPHP\Lib\Core\App.class.php ç¬¬ 56 è¡Œ.
NOTIC: [2] stripslashes() expects exactly 1 parameter, 2 given D:\wamp\www\ThinkPHP3.1\ThinkPHP\Lib\Core\App.class.php ç¬¬ 56 è¡Œ.
NOTIC: [2] stripslashes() expects exactly 1 parameter, 2 given D:\wamp\www\ThinkPHP3.1\ThinkPHP\Lib\Core\App.class.php ç¬¬ 56 è¡Œ.
NOTIC: [2] stripslashes() expects exactly 1 parameter, 2 given D:\wamp\www\ThinkPHP3.1\ThinkPHP\Lib\Core\App.class.php ç¬¬ 56 è¡Œ.
NOTIC: [2] stripslashes() expects exactly 1 parameter, 2 given D:\wamp\www\ThinkPHP3.1\ThinkPHP\Lib\Core\App.class.php ç¬¬ 57 è¡Œ.
NOTIC: [2] stripslashes() expects exactly 1 parameter, 2 given D:\wamp\www\ThinkPHP3.1\ThinkPHP\Lib\Core\App.class.php ç¬¬ 57 è¡Œ.
NOTIC: [2] stripslashes() expects exactly 1 parameter, 2 given D:\wamp\www\ThinkPHP3.1\ThinkPHP\Lib\Core\App.class.php ç¬¬ 57 è¡Œ.
INFO: [ app_begin ] --START--
INFO: ReadHtmlCache Behavior ::run [ RunTime:0.000000s ]
INFO: [ app_begin ] --END-- [ RunTime:0.000000s ]
NOTIC: å»ºè®®ä½¿ç”¨Iæ–¹æ³•æ›¿ä»£_post

[ 2015-06-10T22:47:52+08:00 ] 127.0.0.1 /Register/reg.html
NOTIC: [2] stripslashes() expects exactly 1 parameter, 2 given D:\wamp\www\ThinkPHP3.1\ThinkPHP\Lib\Core\App.class.php ç¬¬ 56 è¡Œ.
NOTIC: [2] stripslashes() expects exactly 1 parameter, 2 given D:\wamp\www\ThinkPHP3.1\ThinkPHP\Lib\Core\App.class.php ç¬¬ 56 è¡Œ.
NOTIC: [2] stripslashes() expects exactly 1 parameter, 2 given D:\wamp\www\ThinkPHP3.1\ThinkPHP\Lib\Core\App.class.php ç¬¬ 56 è¡Œ.
NOTIC: [2] stripslashes() expects exactly 1 parameter, 2 given D:\wamp\www\ThinkPHP3.1\ThinkPHP\Lib\Core\App.class.php ç¬¬ 56 è¡Œ.
NOTIC: [2] stripslashes() expects exactly 1 parameter, 2 given D:\wamp\www\ThinkPHP3.1\ThinkPHP\Lib\Core\App.class.php ç¬¬ 56 è¡Œ.
NOTIC: [2] stripslashes() expects exactly 1 parameter, 2 given D:\wamp\www\ThinkPHP3.1\ThinkPHP\Lib\Core\App.class.php ç¬¬ 56 è¡Œ.
NOTIC: [2] stripslashes() expects exactly 1 parameter, 2 given D:\wamp\www\ThinkPHP3.1\ThinkPHP\Lib\Core\App.class.php ç¬¬ 57 è¡Œ.
NOTIC: [2] stripslashes() expects exactly 1 parameter, 2 given D:\wamp\www\ThinkPHP3.1\ThinkPHP\Lib\Core\App.class.php ç¬¬ 57 è¡Œ.
NOTIC: [2] stripslashes() expects exactly 1 parameter, 2 given D:\wamp\www\ThinkPHP3.1\ThinkPHP\Lib\Core\App.class.php ç¬¬ 57 è¡Œ.
INFO: [ app_begin ] --START--
INFO: ReadHtmlCache Behavior ::run [ RunTime:0.001000s ]
INFO: [ app_begin ] --END-- [ RunTime:0.001000s ]
NOTIC: å»ºè®®ä½¿ç”¨Iæ–¹æ³•æ›¿ä»£_post
NOTIC: å»ºè®®ä½¿ç”¨Iæ–¹æ³•æ›¿ä»£_post
SQL: SHOW COLUMNS FROM `xm_orgs` [ RunTime:0.009001s ]
NOTIC: å»ºè®®ä½¿ç”¨Iæ–¹æ³•æ›¿ä»£_post
NOTIC: å»ºè®®ä½¿ç”¨Iæ–¹æ³•æ›¿ä»£_post
NOTIC: å»ºè®®ä½¿ç”¨Iæ–¹æ³•æ›¿ä»£_post
NOTIC: å»ºè®®ä½¿ç”¨Iæ–¹æ³•æ›¿ä»£_post
NOTIC: å»ºè®®ä½¿ç”¨Iæ–¹æ³•æ›¿ä»£_post
NOTIC: [8] Undefined index: org_address D:\wamp\www\ThinkPHP3.1\ThinkPHP\Lib\Core\Model.class.php ç¬¬ 1057 è¡Œ.

[ 2015-06-10T22:48:06+08:00 ] 127.0.0.1 /Register/reg.html
NOTIC: [2] stripslashes() expects exactly 1 parameter, 2 given D:\wamp\www\ThinkPHP3.1\ThinkPHP\Lib\Core\App.class.php ç¬¬ 56 è¡Œ.
NOTIC: [2] stripslashes() expects exactly 1 parameter, 2 given D:\wamp\www\ThinkPHP3.1\ThinkPHP\Lib\Core\App.class.php ç¬¬ 56 è¡Œ.
NOTIC: [2] stripslashes() expects exactly 1 parameter, 2 given D:\wamp\www\ThinkPHP3.1\ThinkPHP\Lib\Core\App.class.php ç¬¬ 56 è¡Œ.
NOTIC: [2] stripslashes() expects exactly 1 parameter, 2 given D:\wamp\www\ThinkPHP3.1\ThinkPHP\Lib\Core\App.class.php ç¬¬ 56 è¡Œ.
NOTIC: [2] stripslashes() expects exactly 1 parameter, 2 given D:\wamp\www\ThinkPHP3.1\ThinkPHP\Lib\Core\App.class.php ç¬¬ 56 è¡Œ.
NOTIC: [2] stripslashes() expects exactly 1 parameter, 2 given D:\wamp\www\ThinkPHP3.1\ThinkPHP\Lib\Core\App.class.php ç¬¬ 57 è¡Œ.
NOTIC: [2] stripslashes() expects exactly 1 parameter, 2 given D:\wamp\www\ThinkPHP3.1\ThinkPHP\Lib\Core\App.class.php ç¬¬ 57 è¡Œ.
NOTIC: [2] stripslashes() expects exactly 1 parameter, 2 given D:\wamp\www\ThinkPHP3.1\ThinkPHP\Lib\Core\App.class.php ç¬¬ 57 è¡Œ.
INFO: [ app_begin ] --START--
INFO: ReadHtmlCache Behavior ::run [ RunTime:0.001000s ]
INFO: [ app_begin ] --END-- [ RunTime:0.001000s ]
NOTIC: å»ºè®®ä½¿ç”¨Iæ–¹æ³•æ›¿ä»£_post
NOTIC: å»ºè®®ä½¿ç”¨Iæ–¹æ³•æ›¿ä»£_post
SQL: SHOW COLUMNS FROM `xm_orgs` [ RunTime:0.008000s ]
NOTIC: å»ºè®®ä½¿ç”¨Iæ–¹æ³•æ›¿ä»£_post
NOTIC: å»ºè®®ä½¿ç”¨Iæ–¹æ³•æ›¿ä»£_post
NOTIC: å»ºè®®ä½¿ç”¨Iæ–¹æ³•æ›¿ä»£_post
NOTIC: å»ºè®®ä½¿ç”¨Iæ–¹æ³•æ›¿ä»£_post
NOTIC: å»ºè®®ä½¿ç”¨Iæ–¹æ³•æ›¿ä»£_post
NOTIC: [8] Undefined index: org_address D:\wamp\www\ThinkPHP3.1\ThinkPHP\Lib\Core\Model.class.php ç¬¬ 1057 è¡Œ.

[ 2015-06-10T22:48:15+08:00 ] 127.0.0.1 /Register/reg.html
NOTIC: [2] stripslashes() expects exactly 1 parameter, 2 given D:\wamp\www\ThinkPHP3.1\ThinkPHP\Lib\Core\App.class.php ç¬¬ 56 è¡Œ.
NOTIC: [2] stripslashes() expects exactly 1 parameter, 2 given D:\wamp\www\ThinkPHP3.1\ThinkPHP\Lib\Core\App.class.php ç¬¬ 56 è¡Œ.
NOTIC: [2] stripslashes() expects exactly 1 parameter, 2 given D:\wamp\www\ThinkPHP3.1\ThinkPHP\Lib\Core\App.class.php ç¬¬ 56 è¡Œ.
NOTIC: [2] stripslashes() expects exactly 1 parameter, 2 given D:\wamp\www\ThinkPHP3.1\ThinkPHP\Lib\Core\App.class.php ç¬¬ 56 è¡Œ.
NOTIC: [2] stripslashes() expects exactly 1 parameter, 2 given D:\wamp\www\ThinkPHP3.1\ThinkPHP\Lib\Core\App.class.php ç¬¬ 56 è¡Œ.
NOTIC: [2] stripslashes() expects exactly 1 parameter, 2 given D:\wamp\www\ThinkPHP3.1\ThinkPHP\Lib\Core\App.class.php ç¬¬ 56 è¡Œ.
NOTIC: [2] stripslashes() expects exactly 1 parameter, 2 given D:\wamp\www\ThinkPHP3.1\ThinkPHP\Lib\Core\App.class.php ç¬¬ 57 è¡Œ.
NOTIC: [2] stripslashes() expects exactly 1 parameter, 2 given D:\wamp\www\ThinkPHP3.1\ThinkPHP\Lib\Core\App.class.php ç¬¬ 57 è¡Œ.
NOTIC: [2] stripslashes() expects exactly 1 parameter, 2 given D:\wamp\www\ThinkPHP3.1\ThinkPHP\Lib\Core\App.class.php ç¬¬ 57 è¡Œ.
INFO: [ app_begin ] --START--
INFO: ReadHtmlCache Behavior ::run [ RunTime:0.001000s ]
INFO: [ app_begin ] --END-- [ RunTime:0.001000s ]
NOTIC: å»ºè®®ä½¿ç”¨Iæ–¹æ³•æ›¿ä»£_post
NOTIC: å»ºè®®ä½¿ç”¨Iæ–¹æ³•æ›¿ä»£_post
SQL: SHOW COLUMNS FROM `xm_orgs` [ RunTime:0.007000s ]
NOTIC: å»ºè®®ä½¿ç”¨Iæ–¹æ³•æ›¿ä»£_post
NOTIC: å»ºè®®ä½¿ç”¨Iæ–¹æ³•æ›¿ä»£_post
NOTIC: å»ºè®®ä½¿ç”¨Iæ–¹æ³•æ›¿ä»£_post
NOTIC: å»ºè®®ä½¿ç”¨Iæ–¹æ³•æ›¿ä»£_post
NOTIC: å»ºè®®ä½¿ç”¨Iæ–¹æ³•æ›¿ä»£_post
SQL: INSERT INTO `xm_orgs` (`phone`,`passwd`,`ctime`,`orgname`,`org_address`) VALUES ('13211111111','b59c67bf196a4758191e42f76670ceba',1433947695,null,'ssss') [ RunTime:0.001000s ]
ERR: 1048:Column 'orgname' cannot be null
 [ SQLè¯­å¥ ] : INSERT INTO `xm_orgs` (`phone`,`passwd`,`ctime`,`orgname`,`org_address`) VALUES ('13211111111','b59c67bf196a4758191e42f76670ceba',1433947695,null,'ssss')

[ 2015-06-10T22:50:03+08:00 ] 127.0.0.1 /Register/reg.html
NOTIC: [2] stripslashes() expects exactly 1 parameter, 2 given D:\wamp\www\ThinkPHP3.1\ThinkPHP\Lib\Core\App.class.php ç¬¬ 56 è¡Œ.
NOTIC: [2] stripslashes() expects exactly 1 parameter, 2 given D:\wamp\www\ThinkPHP3.1\ThinkPHP\Lib\Core\App.class.php ç¬¬ 56 è¡Œ.
NOTIC: [2] stripslashes() expects exactly 1 parameter, 2 given D:\wamp\www\ThinkPHP3.1\ThinkPHP\Lib\Core\App.class.php ç¬¬ 56 è¡Œ.
NOTIC: [2] stripslashes() expects exactly 1 parameter, 2 given D:\wamp\www\ThinkPHP3.1\ThinkPHP\Lib\Core\App.class.php ç¬¬ 56 è¡Œ.
NOTIC: [2] stripslashes() expects exactly 1 parameter, 2 given D:\wamp\www\ThinkPHP3.1\ThinkPHP\Lib\Core\App.class.php ç¬¬ 56 è¡Œ.
NOTIC: [2] stripslashes() expects exactly 1 parameter, 2 given D:\wamp\www\ThinkPHP3.1\ThinkPHP\Lib\Core\App.class.php ç¬¬ 56 è¡Œ.
NOTIC: [2] stripslashes() expects exactly 1 parameter, 2 given D:\wamp\www\ThinkPHP3.1\ThinkPHP\Lib\Core\App.class.php ç¬¬ 57 è¡Œ.
NOTIC: [2] stripslashes() expects exactly 1 parameter, 2 given D:\wamp\www\ThinkPHP3.1\ThinkPHP\Lib\Core\App.class.php ç¬¬ 57 è¡Œ.
NOTIC: [2] stripslashes() expects exactly 1 parameter, 2 given D:\wamp\www\ThinkPHP3.1\ThinkPHP\Lib\Core\App.class.php ç¬¬ 57 è¡Œ.
INFO: [ app_begin ] --START--
INFO: ReadHtmlCache Behavior ::run [ RunTime:0.000000s ]
INFO: [ app_begin ] --END-- [ RunTime:0.000000s ]
NOTIC: å»ºè®®ä½¿ç”¨Iæ–¹æ³•æ›¿ä»£_post
NOTIC: å»ºè®®ä½¿ç”¨Iæ–¹æ³•æ›¿ä»£_post
SQL: SHOW COLUMNS FROM `xm_orgs` [ RunTime:0.009000s ]
NOTIC: å»ºè®®ä½¿ç”¨Iæ–¹æ³•æ›¿ä»£_post
NOTIC: å»ºè®®ä½¿ç”¨Iæ–¹æ³•æ›¿ä»£_post
NOTIC: å»ºè®®ä½¿ç”¨Iæ–¹æ³•æ›¿ä»£_post
NOTIC: å»ºè®®ä½¿ç”¨Iæ–¹æ³•æ›¿ä»£_post
NOTIC: å»ºè®®ä½¿ç”¨Iæ–¹æ³•æ›¿ä»£_post
SQL: INSERT INTO `xm_orgs` (`phone`,`passwd`,`ctime`,`orgname`,`org_address`) VALUES ('13211111111','b59c67bf196a4758191e42f76670ceba',1433947803,null,'ssss') [ RunTime:0.001001s ]
ERR: 1048:Column 'orgname' cannot be null
 [ SQLè¯­å¥ ] : INSERT INTO `xm_orgs` (`phone`,`passwd`,`ctime`,`orgname`,`org_address`) VALUES ('13211111111','b59c67bf196a4758191e42f76670ceba',1433947803,null,'ssss')

[ 2015-06-10T22:50:36+08:00 ] 127.0.0.1 /Register/reg.html
NOTIC: [2] stripslashes() expects exactly 1 parameter, 2 given D:\wamp\www\ThinkPHP3.1\ThinkPHP\Lib\Core\App.class.php ç¬¬ 56 è¡Œ.
NOTIC: [2] stripslashes() expects exactly 1 parameter, 2 given D:\wamp\www\ThinkPHP3.1\ThinkPHP\Lib\Core\App.class.php ç¬¬ 56 è¡Œ.
NOTIC: [2] stripslashes() expects exactly 1 parameter, 2 given D:\wamp\www\ThinkPHP3.1\ThinkPHP\Lib\Core\App.class.php ç¬¬ 56 è¡Œ.
NOTIC: [2] stripslashes() expects exactly 1 parameter, 2 given D:\wamp\www\ThinkPHP3.1\ThinkPHP\Lib\Core\App.class.php ç¬¬ 56 è¡Œ.
NOTIC: [2] stripslashes() expects exactly 1 parameter, 2 given D:\wamp\www\ThinkPHP3.1\ThinkPHP\Lib\Core\App.class.php ç¬¬ 56 è¡Œ.
NOTIC: [2] stripslashes() expects exactly 1 parameter, 2 given D:\wamp\www\ThinkPHP3.1\ThinkPHP\Lib\Core\App.class.php ç¬¬ 56 è¡Œ.
NOTIC: [2] stripslashes() expects exactly 1 parameter, 2 given D:\wamp\www\ThinkPHP3.1\ThinkPHP\Lib\Core\App.class.php ç¬¬ 57 è¡Œ.
NOTIC: [2] stripslashes() expects exactly 1 parameter, 2 given D:\wamp\www\ThinkPHP3.1\ThinkPHP\Lib\Core\App.class.php ç¬¬ 57 è¡Œ.
NOTIC: [2] stripslashes() expects exactly 1 parameter, 2 given D:\wamp\www\ThinkPHP3.1\ThinkPHP\Lib\Core\App.class.php ç¬¬ 57 è¡Œ.
INFO: [ app_begin ] --START--
INFO: ReadHtmlCache Behavior ::run [ RunTime:0.000000s ]
INFO: [ app_begin ] --END-- [ RunTime:0.000000s ]
NOTIC: å»ºè®®ä½¿ç”¨Iæ–¹æ³•æ›¿ä»£_post

[ 2015-06-10T22:50:42+08:00 ] 127.0.0.1 /Register/reg.html
NOTIC: [2] stripslashes() expects exactly 1 parameter, 2 given D:\wamp\www\ThinkPHP3.1\ThinkPHP\Lib\Core\App.class.php ç¬¬ 56 è¡Œ.
NOTIC: [2] stripslashes() expects exactly 1 parameter, 2 given D:\wamp\www\ThinkPHP3.1\ThinkPHP\Lib\Core\App.class.php ç¬¬ 56 è¡Œ.
NOTIC: [2] stripslashes() expects exactly 1 parameter, 2 given D:\wamp\www\ThinkPHP3.1\ThinkPHP\Lib\Core\App.class.php ç¬¬ 56 è¡Œ.
NOTIC: [2] stripslashes() expects exactly 1 parameter, 2 given D:\wamp\www\ThinkPHP3.1\ThinkPHP\Lib\Core\App.class.php ç¬¬ 56 è¡Œ.
NOTIC: [2] stripslashes() expects exactly 1 parameter, 2 given D:\wamp\www\ThinkPHP3.1\ThinkPHP\Lib\Core\App.class.php ç¬¬ 56 è¡Œ.
NOTIC: [2] stripslashes() expects exactly 1 parameter, 2 given D:\wamp\www\ThinkPHP3.1\ThinkPHP\Lib\Core\App.class.php ç¬¬ 56 è¡Œ.
NOTIC: [2] stripslashes() expects exactly 1 parameter, 2 given D:\wamp\www\ThinkPHP3.1\ThinkPHP\Lib\Core\App.class.php ç¬¬ 57 è¡Œ.
NOTIC: [2] stripslashes() expects exactly 1 parameter, 2 given D:\wamp\www\ThinkPHP3.1\ThinkPHP\Lib\Core\App.class.php ç¬¬ 57 è¡Œ.
NOTIC: [2] stripslashes() expects exactly 1 parameter, 2 given D:\wamp\www\ThinkPHP3.1\ThinkPHP\Lib\Core\App.class.php ç¬¬ 57 è¡Œ.
INFO: [ app_begin ] --START--
INFO: ReadHtmlCache Behavior ::run [ RunTime:0.000000s ]
INFO: [ app_begin ] --END-- [ RunTime:0.000000s ]
NOTIC: å»ºè®®ä½¿ç”¨Iæ–¹æ³•æ›¿ä»£_post

[ 2015-06-10T22:50:48+08:00 ] 127.0.0.1 /Register/reg.html
NOTIC: [2] stripslashes() expects exactly 1 parameter, 2 given D:\wamp\www\ThinkPHP3.1\ThinkPHP\Lib\Core\App.class.php ç¬¬ 56 è¡Œ.
NOTIC: [2] stripslashes() expects exactly 1 parameter, 2 given D:\wamp\www\ThinkPHP3.1\ThinkPHP\Lib\Core\App.class.php ç¬¬ 56 è¡Œ.
NOTIC: [2] stripslashes() expects exactly 1 parameter, 2 given D:\wamp\www\ThinkPHP3.1\ThinkPHP\Lib\Core\App.class.php ç¬¬ 56 è¡Œ.
NOTIC: [2] stripslashes() expects exactly 1 parameter, 2 given D:\wamp\www\ThinkPHP3.1\ThinkPHP\Lib\Core\App.class.php ç¬¬ 56 è¡Œ.
NOTIC: [2] stripslashes() expects exactly 1 parameter, 2 given D:\wamp\www\ThinkPHP3.1\ThinkPHP\Lib\Core\App.class.php ç¬¬ 56 è¡Œ.
NOTIC: [2] stripslashes() expects exactly 1 parameter, 2 given D:\wamp\www\ThinkPHP3.1\ThinkPHP\Lib\Core\App.class.php ç¬¬ 56 è¡Œ.
NOTIC: [2] stripslashes() expects exactly 1 parameter, 2 given D:\wamp\www\ThinkPHP3.1\ThinkPHP\Lib\Core\App.class.php ç¬¬ 57 è¡Œ.
NOTIC: [2] stripslashes() expects exactly 1 parameter, 2 given D:\wamp\www\ThinkPHP3.1\ThinkPHP\Lib\Core\App.class.php ç¬¬ 57 è¡Œ.
NOTIC: [2] stripslashes() expects exactly 1 parameter, 2 given D:\wamp\www\ThinkPHP3.1\ThinkPHP\Lib\Core\App.class.php ç¬¬ 57 è¡Œ.
INFO: [ app_begin ] --START--
INFO: ReadHtmlCache Behavior ::run [ RunTime:0.000000s ]
INFO: [ app_begin ] --END-- [ RunTime:0.001000s ]
NOTIC: å»ºè®®ä½¿ç”¨Iæ–¹æ³•æ›¿ä»£_post
NOTIC: å»ºè®®ä½¿ç”¨Iæ–¹æ³•æ›¿ä»£_post
SQL: SHOW COLUMNS FROM `xm_orgs` [ RunTime:0.009000s ]
NOTIC: å»ºè®®ä½¿ç”¨Iæ–¹æ³•æ›¿ä»£_post
NOTIC: å»ºè®®ä½¿ç”¨Iæ–¹æ³•æ›¿ä»£_post
NOTIC: å»ºè®®ä½¿ç”¨Iæ–¹æ³•æ›¿ä»£_post
NOTIC: å»ºè®®ä½¿ç”¨Iæ–¹æ³•æ›¿ä»£_post
NOTIC: å»ºè®®ä½¿ç”¨Iæ–¹æ³•æ›¿ä»£_post
SQL: INSERT INTO `xm_orgs` (`phone`,`passwd`,`ctime`,`orgname`,`org_address`) VALUES ('13211111111','b59c67bf196a4758191e42f76670ceba',1433947848,null,'ssss') [ RunTime:0.001000s ]
ERR: 1048:Column 'orgname' cannot be null
 [ SQLè¯­å¥ ] : INSERT INTO `xm_orgs` (`phone`,`passwd`,`ctime`,`orgname`,`org_address`) VALUES ('13211111111','b59c67bf196a4758191e42f76670ceba',1433947848,null,'ssss')

[ 2015-06-10T22:51:17+08:00 ] 127.0.0.1 /Register/reg.html
NOTIC: [2] stripslashes() expects exactly 1 parameter, 2 given D:\wamp\www\ThinkPHP3.1\ThinkPHP\Lib\Core\App.class.php ç¬¬ 56 è¡Œ.
NOTIC: [2] stripslashes() expects exactly 1 parameter, 2 given D:\wamp\www\ThinkPHP3.1\ThinkPHP\Lib\Core\App.class.php ç¬¬ 56 è¡Œ.
NOTIC: [2] stripslashes() expects exactly 1 parameter, 2 given D:\wamp\www\ThinkPHP3.1\ThinkPHP\Lib\Core\App.class.php ç¬¬ 56 è¡Œ.
NOTIC: [2] stripslashes() expects exactly 1 parameter, 2 given D:\wamp\www\ThinkPHP3.1\ThinkPHP\Lib\Core\App.class.php ç¬¬ 56 è¡Œ.
NOTIC: [2] stripslashes() expects exactly 1 parameter, 2 given D:\wamp\www\ThinkPHP3.1\ThinkPHP\Lib\Core\App.class.php ç¬¬ 56 è¡Œ.
NOTIC: [2] stripslashes() expects exactly 1 parameter, 2 given D:\wamp\www\ThinkPHP3.1\ThinkPHP\Lib\Core\App.class.php ç¬¬ 56 è¡Œ.
NOTIC: [2] stripslashes() expects exactly 1 parameter, 2 given D:\wamp\www\ThinkPHP3.1\ThinkPHP\Lib\Core\App.class.php ç¬¬ 57 è¡Œ.
NOTIC: [2] stripslashes() expects exactly 1 parameter, 2 given D:\wamp\www\ThinkPHP3.1\ThinkPHP\Lib\Core\App.class.php ç¬¬ 57 è¡Œ.
NOTIC: [2] stripslashes() expects exactly 1 parameter, 2 given D:\wamp\www\ThinkPHP3.1\ThinkPHP\Lib\Core\App.class.php ç¬¬ 57 è¡Œ.
INFO: [ app_begin ] --START--
INFO: ReadHtmlCache Behavior ::run [ RunTime:0.001000s ]
INFO: [ app_begin ] --END-- [ RunTime:0.002000s ]
NOTIC: å»ºè®®ä½¿ç”¨Iæ–¹æ³•æ›¿ä»£_post
NOTIC: å»ºè®®ä½¿ç”¨Iæ–¹æ³•æ›¿ä»£_post
SQL: SHOW COLUMNS FROM `xm_orgs` [ RunTime:0.010000s ]
NOTIC: å»ºè®®ä½¿ç”¨Iæ–¹æ³•æ›¿ä»£_post
NOTIC: å»ºè®®ä½¿ç”¨Iæ–¹æ³•æ›¿ä»£_post
NOTIC: å»ºè®®ä½¿ç”¨Iæ–¹æ³•æ›¿ä»£_post
NOTIC: å»ºè®®ä½¿ç”¨Iæ–¹æ³•æ›¿ä»£_post
NOTIC: å»ºè®®ä½¿ç”¨Iæ–¹æ³•æ›¿ä»£_post

[ 2015-06-10T22:51:26+08:00 ] 127.0.0.1 /Register/reg.html
NOTIC: [2] stripslashes() expects exactly 1 parameter, 2 given D:\wamp\www\ThinkPHP3.1\ThinkPHP\Lib\Core\App.class.php ç¬¬ 56 è¡Œ.
NOTIC: [2] stripslashes() expects exactly 1 parameter, 2 given D:\wamp\www\ThinkPHP3.1\ThinkPHP\Lib\Core\App.class.php ç¬¬ 56 è¡Œ.
NOTIC: [2] stripslashes() expects exactly 1 parameter, 2 given D:\wamp\www\ThinkPHP3.1\ThinkPHP\Lib\Core\App.class.php ç¬¬ 56 è¡Œ.
NOTIC: [2] stripslashes() expects exactly 1 parameter, 2 given D:\wamp\www\ThinkPHP3.1\ThinkPHP\Lib\Core\App.class.php ç¬¬ 56 è¡Œ.
NOTIC: [2] stripslashes() expects exactly 1 parameter, 2 given D:\wamp\www\ThinkPHP3.1\ThinkPHP\Lib\Core\App.class.php ç¬¬ 56 è¡Œ.
NOTIC: [2] stripslashes() expects exactly 1 parameter, 2 given D:\wamp\www\ThinkPHP3.1\ThinkPHP\Lib\Core\App.class.php ç¬¬ 56 è¡Œ.
NOTIC: [2] stripslashes() expects exactly 1 parameter, 2 given D:\wamp\www\ThinkPHP3.1\ThinkPHP\Lib\Core\App.class.php ç¬¬ 56 è¡Œ.
NOTIC: [2] stripslashes() expects exactly 1 parameter, 2 given D:\wamp\www\ThinkPHP3.1\ThinkPHP\Lib\Core\App.class.php ç¬¬ 57 è¡Œ.
NOTIC: [2] stripslashes() expects exactly 1 parameter, 2 given D:\wamp\www\ThinkPHP3.1\ThinkPHP\Lib\Core\App.class.php ç¬¬ 57 è¡Œ.
NOTIC: [2] stripslashes() expects exactly 1 parameter, 2 given D:\wamp\www\ThinkPHP3.1\ThinkPHP\Lib\Core\App.class.php ç¬¬ 57 è¡Œ.
INFO: [ app_begin ] --START--
INFO: ReadHtmlCache Behavior ::run [ RunTime:0.000000s ]
INFO: [ app_begin ] --END-- [ RunTime:0.001000s ]
NOTIC: å»ºè®®ä½¿ç”¨Iæ–¹æ³•æ›¿ä»£_post
NOTIC: å»ºè®®ä½¿ç”¨Iæ–¹æ³•æ›¿ä»£_post
SQL: SHOW COLUMNS FROM `xm_orgs` [ RunTime:0.008001s ]
NOTIC: å»ºè®®ä½¿ç”¨Iæ–¹æ³•æ›¿ä»£_post
NOTIC: å»ºè®®ä½¿ç”¨Iæ–¹æ³•æ›¿ä»£_post
NOTIC: å»ºè®®ä½¿ç”¨Iæ–¹æ³•æ›¿ä»£_post
NOTIC: å»ºè®®ä½¿ç”¨Iæ–¹æ³•æ›¿ä»£_post
NOTIC: å»ºè®®ä½¿ç”¨Iæ–¹æ³•æ›¿ä»£_post
SQL: INSERT INTO `xm_orgs` (`phone`,`passwd`,`ctime`,`orgname`,`org_address`) VALUES ('13211111111','b59c67bf196a4758191e42f76670ceba',1433947886,'aaaa','ssss') [ RunTime:0.176010s ]
NOTIC: å»ºè®®ä½¿ç”¨Iæ–¹æ³•æ›¿ä»£_post

[ 2015-06-10T22:51:37+08:00 ] 127.0.0.1 /Index/index.html
NOTIC: å»ºè®®ä½¿ç”¨Iæ–¹æ³•æ›¿ä»£_get

[ 2015-06-10T22:51:45+08:00 ] 127.0.0.1 /Register/Tpl/bootstrap/css/validationEngine.jquery.css
ERR: éæ³•æ“ä½œ:Tpl

[ 2015-06-10T22:51:56+08:00 ] 127.0.0.1 /Register/reg.html
NOTIC: [2] stripslashes() expects exactly 1 parameter, 2 given D:\wamp\www\ThinkPHP3.1\ThinkPHP\Lib\Core\App.class.php ç¬¬ 56 è¡Œ.
NOTIC: [2] stripslashes() expects exactly 1 parameter, 2 given D:\wamp\www\ThinkPHP3.1\ThinkPHP\Lib\Core\App.class.php ç¬¬ 56 è¡Œ.
NOTIC: [2] stripslashes() expects exactly 1 parameter, 2 given D:\wamp\www\ThinkPHP3.1\ThinkPHP\Lib\Core\App.class.php ç¬¬ 57 è¡Œ.
NOTIC: [2] stripslashes() expects exactly 1 parameter, 2 given D:\wamp\www\ThinkPHP3.1\ThinkPHP\Lib\Core\App.class.php ç¬¬ 57 è¡Œ.
NOTIC: [2] stripslashes() expects exactly 1 parameter, 2 given D:\wamp\www\ThinkPHP3.1\ThinkPHP\Lib\Core\App.class.php ç¬¬ 57 è¡Œ.
INFO: [ app_begin ] --START--
INFO: ReadHtmlCache Behavior ::run [ RunTime:0.000000s ]
INFO: [ app_begin ] --END-- [ RunTime:0.000000s ]
NOTIC: å»ºè®®ä½¿ç”¨Iæ–¹æ³•æ›¿ä»£_post

[ 2015-06-10T22:52:02+08:00 ] 127.0.0.1 /Register/reg.html
NOTIC: [2] stripslashes() expects exactly 1 parameter, 2 given D:\wamp\www\ThinkPHP3.1\ThinkPHP\Lib\Core\App.class.php ç¬¬ 56 è¡Œ.
NOTIC: [2] stripslashes() expects exactly 1 parameter, 2 given D:\wamp\www\ThinkPHP3.1\ThinkPHP\Lib\Core\App.class.php ç¬¬ 56 è¡Œ.
NOTIC: [2] stripslashes() expects exactly 1 parameter, 2 given D:\wamp\www\ThinkPHP3.1\ThinkPHP\Lib\Core\App.class.php ç¬¬ 56 è¡Œ.
NOTIC: [2] stripslashes() expects exactly 1 parameter, 2 given D:\wamp\www\ThinkPHP3.1\ThinkPHP\Lib\Core\App.class.php ç¬¬ 57 è¡Œ.
NOTIC: [2] stripslashes() expects exactly 1 parameter, 2 given D:\wamp\www\ThinkPHP3.1\ThinkPHP\Lib\Core\App.class.php ç¬¬ 57 è¡Œ.
NOTIC: [2] stripslashes() expects exactly 1 parameter, 2 given D:\wamp\www\ThinkPHP3.1\ThinkPHP\Lib\Core\App.class.php ç¬¬ 57 è¡Œ.
INFO: [ app_begin ] --START--
INFO: ReadHtmlCache Behavior ::run [ RunTime:0.001000s ]
INFO: [ app_begin ] --END-- [ RunTime:0.001000s ]
NOTIC: å»ºè®®ä½¿ç”¨Iæ–¹æ³•æ›¿ä»£_post
NOTIC: å»ºè®®ä½¿ç”¨Iæ–¹æ³•æ›¿ä»£_post
SQL: SHOW COLUMNS FROM `xm_orgs` [ RunTime:0.010001s ]
NOTIC: å»ºè®®ä½¿ç”¨Iæ–¹æ³•æ›¿ä»£_post
NOTIC: å»ºè®®ä½¿ç”¨Iæ–¹æ³•æ›¿ä»£_post
NOTIC: å»ºè®®ä½¿ç”¨Iæ–¹æ³•æ›¿ä»£_post
NOTIC: å»ºè®®ä½¿ç”¨Iæ–¹æ³•æ›¿ä»£_post
NOTIC: å»ºè®®ä½¿ç”¨Iæ–¹æ³•æ›¿ä»£_post

[ 2015-06-10T22:53:02+08:00 ] 127.0.0.1 /Register/reg.html
NOTIC: [2] stripslashes() expects exactly 1 parameter, 2 given D:\wamp\www\ThinkPHP3.1\ThinkPHP\Lib\Core\App.class.php ç¬¬ 56 è¡Œ.
NOTIC: [2] stripslashes() expects exactly 1 parameter, 2 given D:\wamp\www\ThinkPHP3.1\ThinkPHP\Lib\Core\App.class.php ç¬¬ 56 è¡Œ.
NOTIC: [2] stripslashes() expects exactly 1 parameter, 2 given D:\wamp\www\ThinkPHP3.1\ThinkPHP\Lib\Core\App.class.php ç¬¬ 56 è¡Œ.
NOTIC: [2] stripslashes() expects exactly 1 parameter, 2 given D:\wamp\www\ThinkPHP3.1\ThinkPHP\Lib\Core\App.class.php ç¬¬ 57 è¡Œ.
NOTIC: [2] stripslashes() expects exactly 1 parameter, 2 given D:\wamp\www\ThinkPHP3.1\ThinkPHP\Lib\Core\App.class.php ç¬¬ 57 è¡Œ.
NOTIC: [2] stripslashes() expects exactly 1 parameter, 2 given D:\wamp\www\ThinkPHP3.1\ThinkPHP\Lib\Core\App.class.php ç¬¬ 57 è¡Œ.
INFO: [ app_begin ] --START--
INFO: ReadHtmlCache Behavior ::run [ RunTime:0.001000s ]
INFO: [ app_begin ] --END-- [ RunTime:0.001000s ]
NOTIC: å»ºè®®ä½¿ç”¨Iæ–¹æ³•æ›¿ä»£_post

[ 2015-06-10T22:53:06+08:00 ] 127.0.0.1 /Register/reg.html
NOTIC: [2] stripslashes() expects exactly 1 parameter, 2 given D:\wamp\www\ThinkPHP3.1\ThinkPHP\Lib\Core\App.class.php ç¬¬ 56 è¡Œ.
NOTIC: [2] stripslashes() expects exactly 1 parameter, 2 given D:\wamp\www\ThinkPHP3.1\ThinkPHP\Lib\Core\App.class.php ç¬¬ 56 è¡Œ.
NOTIC: [2] stripslashes() expects exactly 1 parameter, 2 given D:\wamp\www\ThinkPHP3.1\ThinkPHP\Lib\Core\App.class.php ç¬¬ 56 è¡Œ.
NOTIC: [2] stripslashes() expects exactly 1 parameter, 2 given D:\wamp\www\ThinkPHP3.1\ThinkPHP\Lib\Core\App.class.php ç¬¬ 57 è¡Œ.
NOTIC: [2] stripslashes() expects exactly 1 parameter, 2 given D:\wamp\www\ThinkPHP3.1\ThinkPHP\Lib\Core\App.class.php ç¬¬ 57 è¡Œ.
NOTIC: [2] stripslashes() expects exactly 1 parameter, 2 given D:\wamp\www\ThinkPHP3.1\ThinkPHP\Lib\Core\App.class.php ç¬¬ 57 è¡Œ.
INFO: [ app_begin ] --START--
INFO: ReadHtmlCache Behavior ::run [ RunTime:0.000000s ]
INFO: [ app_begin ] --END-- [ RunTime:0.000000s ]
NOTIC: å»ºè®®ä½¿ç”¨Iæ–¹æ³•æ›¿ä»£_post
NOTIC: å»ºè®®ä½¿ç”¨Iæ–¹æ³•æ›¿ä»£_post
SQL: SHOW COLUMNS FROM `xm_orgs` [ RunTime:0.009001s ]
NOTIC: å»ºè®®ä½¿ç”¨Iæ–¹æ³•æ›¿ä»£_post
NOTIC: å»ºè®®ä½¿ç”¨Iæ–¹æ³•æ›¿ä»£_post
NOTIC: å»ºè®®ä½¿ç”¨Iæ–¹æ³•æ›¿ä»£_post
NOTIC: å»ºè®®ä½¿ç”¨Iæ–¹æ³•æ›¿ä»£_post
NOTIC: å»ºè®®ä½¿ç”¨Iæ–¹æ³•æ›¿ä»£_post

[ 2015-06-10T22:53:51+08:00 ] 127.0.0.1 /Register/reg.html
NOTIC: [2] stripslashes() expects exactly 1 parameter, 2 given D:\wamp\www\ThinkPHP3.1\ThinkPHP\Lib\Core\App.class.php ç¬¬ 56 è¡Œ.
NOTIC: [2] stripslashes() expects exactly 1 parameter, 2 given D:\wamp\www\ThinkPHP3.1\ThinkPHP\Lib\Core\App.class.php ç¬¬ 56 è¡Œ.
NOTIC: [2] stripslashes() expects exactly 1 parameter, 2 given D:\wamp\www\ThinkPHP3.1\ThinkPHP\Lib\Core\App.class.php ç¬¬ 56 è¡Œ.
NOTIC: [2] stripslashes() expects exactly 1 parameter, 2 given D:\wamp\www\ThinkPHP3.1\ThinkPHP\Lib\Core\App.class.php ç¬¬ 57 è¡Œ.
NOTIC: [2] stripslashes() expects exactly 1 parameter, 2 given D:\wamp\www\ThinkPHP3.1\ThinkPHP\Lib\Core\App.class.php ç¬¬ 57 è¡Œ.
NOTIC: [2] stripslashes() expects exactly 1 parameter, 2 given D:\wamp\www\ThinkPHP3.1\ThinkPHP\Lib\Core\App.class.php ç¬¬ 57 è¡Œ.
INFO: [ app_begin ] --START--
INFO: ReadHtmlCache Behavior ::run [ RunTime:0.000000s ]
INFO: [ app_begin ] --END-- [ RunTime:0.000000s ]
NOTIC: å»ºè®®ä½¿ç”¨Iæ–¹æ³•æ›¿ä»£_post

[ 2015-06-10T22:53:56+08:00 ] 127.0.0.1 /Register/reg.html
NOTIC: [2] stripslashes() expects exactly 1 parameter, 2 given D:\wamp\www\ThinkPHP3.1\ThinkPHP\Lib\Core\App.class.php ç¬¬ 56 è¡Œ.
NOTIC: [2] stripslashes() expects exactly 1 parameter, 2 given D:\wamp\www\ThinkPHP3.1\ThinkPHP\Lib\Core\App.class.php ç¬¬ 56 è¡Œ.
NOTIC: [2] stripslashes() expects exactly 1 parameter, 2 given D:\wamp\www\ThinkPHP3.1\ThinkPHP\Lib\Core\App.class.php ç¬¬ 56 è¡Œ.
NOTIC: [2] stripslashes() expects exactly 1 parameter, 2 given D:\wamp\www\ThinkPHP3.1\ThinkPHP\Lib\Core\App.class.php ç¬¬ 57 è¡Œ.
NOTIC: [2] stripslashes() expects exactly 1 parameter, 2 given D:\wamp\www\ThinkPHP3.1\ThinkPHP\Lib\Core\App.class.php ç¬¬ 57 è¡Œ.
NOTIC: [2] stripslashes() expects exactly 1 parameter, 2 given D:\wamp\www\ThinkPHP3.1\ThinkPHP\Lib\Core\App.class.php ç¬¬ 57 è¡Œ.
INFO: [ app_begin ] --START--
INFO: ReadHtmlCache Behavior ::run [ RunTime:0.001000s ]
INFO: [ app_begin ] --END-- [ RunTime:0.001000s ]
NOTIC: å»ºè®®ä½¿ç”¨Iæ–¹æ³•æ›¿ä»£_post
NOTIC: å»ºè®®ä½¿ç”¨Iæ–¹æ³•æ›¿ä»£_post
SQL: SHOW COLUMNS FROM `xm_orgs` [ RunTime:0.008001s ]
NOTIC: å»ºè®®ä½¿ç”¨Iæ–¹æ³•æ›¿ä»£_post
NOTIC: å»ºè®®ä½¿ç”¨Iæ–¹æ³•æ›¿ä»£_post
NOTIC: å»ºè®®ä½¿ç”¨Iæ–¹æ³•æ›¿ä»£_post
NOTIC: å»ºè®®ä½¿ç”¨Iæ–¹æ³•æ›¿ä»£_post
NOTIC: å»ºè®®ä½¿ç”¨Iæ–¹æ³•æ›¿ä»£_post

[ 2015-06-10T22:54:53+08:00 ] 127.0.0.1 /Register/reg.html
NOTIC: [2] stripslashes() expects exactly 1 parameter, 2 given D:\wamp\www\ThinkPHP3.1\ThinkPHP\Lib\Core\App.class.php ç¬¬ 56 è¡Œ.
NOTIC: [2] stripslashes() expects exactly 1 parameter, 2 given D:\wamp\www\ThinkPHP3.1\ThinkPHP\Lib\Core\App.class.php ç¬¬ 56 è¡Œ.
NOTIC: [2] stripslashes() expects exactly 1 parameter, 2 given D:\wamp\www\ThinkPHP3.1\ThinkPHP\Lib\Core\App.class.php ç¬¬ 56 è¡Œ.
NOTIC: [2] stripslashes() expects exactly 1 parameter, 2 given D:\wamp\www\ThinkPHP3.1\ThinkPHP\Lib\Core\App.class.php ç¬¬ 57 è¡Œ.
NOTIC: [2] stripslashes() expects exactly 1 parameter, 2 given D:\wamp\www\ThinkPHP3.1\ThinkPHP\Lib\Core\App.class.php ç¬¬ 57 è¡Œ.
NOTIC: [2] stripslashes() expects exactly 1 parameter, 2 given D:\wamp\www\ThinkPHP3.1\ThinkPHP\Lib\Core\App.class.php ç¬¬ 57 è¡Œ.
INFO: [ app_begin ] --START--
INFO: ReadHtmlCache Behavior ::run [ RunTime:0.001000s ]
INFO: [ app_begin ] --END-- [ RunTime:0.001000s ]
NOTIC: å»ºè®®ä½¿ç”¨Iæ–¹æ³•æ›¿ä»£_post
NOTIC: å»ºè®®ä½¿ç”¨Iæ–¹æ³•æ›¿ä»£_post
SQL: SHOW COLUMNS FROM `xm_orgs` [ RunTime:0.008001s ]
NOTIC: å»ºè®®ä½¿ç”¨Iæ–¹æ³•æ›¿ä»£_post
NOTIC: å»ºè®®ä½¿ç”¨Iæ–¹æ³•æ›¿ä»£_post
NOTIC: å»ºè®®ä½¿ç”¨Iæ–¹æ³•æ›¿ä»£_post
NOTIC: å»ºè®®ä½¿ç”¨Iæ–¹æ³•æ›¿ä»£_post
NOTIC: å»ºè®®ä½¿ç”¨Iæ–¹æ³•æ›¿ä»£_post
NOTIC: [8] Undefined index: phone D:\wamp\www\ThinkPHP3.1\ThinkPHP\Lib\Core\Model.class.php ç¬¬ 1057 è¡Œ.

[ 2015-06-10T22:55:15+08:00 ] 127.0.0.1 /Register/reg.html
NOTIC: [2] stripslashes() expects exactly 1 parameter, 2 given D:\wamp\www\ThinkPHP3.1\ThinkPHP\Lib\Core\App.class.php ç¬¬ 56 è¡Œ.
NOTIC: [2] stripslashes() expects exactly 1 parameter, 2 given D:\wamp\www\ThinkPHP3.1\ThinkPHP\Lib\Core\App.class.php ç¬¬ 56 è¡Œ.
NOTIC: [2] stripslashes() expects exactly 1 parameter, 2 given D:\wamp\www\ThinkPHP3.1\ThinkPHP\Lib\Core\App.class.php ç¬¬ 56 è¡Œ.
NOTIC: [2] stripslashes() expects exactly 1 parameter, 2 given D:\wamp\www\ThinkPHP3.1\ThinkPHP\Lib\Core\App.class.php ç¬¬ 56 è¡Œ.
NOTIC: [2] stripslashes() expects exactly 1 parameter, 2 given D:\wamp\www\ThinkPHP3.1\ThinkPHP\Lib\Core\App.class.php ç¬¬ 56 è¡Œ.
NOTIC: [2] stripslashes() expects exactly 1 parameter, 2 given D:\wamp\www\ThinkPHP3.1\ThinkPHP\Lib\Core\App.class.php ç¬¬ 57 è¡Œ.
NOTIC: [2] stripslashes() expects exactly 1 parameter, 2 given D:\wamp\www\ThinkPHP3.1\ThinkPHP\Lib\Core\App.class.php ç¬¬ 57 è¡Œ.
NOTIC: [2] stripslashes() expects exactly 1 parameter, 2 given D:\wamp\www\ThinkPHP3.1\ThinkPHP\Lib\Core\App.class.php ç¬¬ 57 è¡Œ.
INFO: [ app_begin ] --START--
INFO: ReadHtmlCache Behavior ::run [ RunTime:0.000000s ]
INFO: [ app_begin ] --END-- [ RunTime:0.000000s ]
NOTIC: å»ºè®®ä½¿ç”¨Iæ–¹æ³•æ›¿ä»£_post
NOTIC: å»ºè®®ä½¿ç”¨Iæ–¹æ³•æ›¿ä»£_post
SQL: SHOW COLUMNS FROM `xm_orgs` [ RunTime:0.007001s ]
NOTIC: å»ºè®®ä½¿ç”¨Iæ–¹æ³•æ›¿ä»£_post
NOTIC: å»ºè®®ä½¿ç”¨Iæ–¹æ³•æ›¿ä»£_post
NOTIC: å»ºè®®ä½¿ç”¨Iæ–¹æ³•æ›¿ä»£_post
NOTIC: å»ºè®®ä½¿ç”¨Iæ–¹æ³•æ›¿ä»£_post
NOTIC: å»ºè®®ä½¿ç”¨Iæ–¹æ³•æ›¿ä»£_post
NOTIC: [8] Undefined index: phone D:\wamp\www\ThinkPHP3.1\ThinkPHP\Lib\Core\Model.class.php ç¬¬ 1057 è¡Œ.

[ 2015-06-10T22:55:39+08:00 ] 127.0.0.1 /Register/reg.html
NOTIC: [2] stripslashes() expects exactly 1 parameter, 2 given D:\wamp\www\ThinkPHP3.1\ThinkPHP\Lib\Core\App.class.php ç¬¬ 56 è¡Œ.
NOTIC: [2] stripslashes() expects exactly 1 parameter, 2 given D:\wamp\www\ThinkPHP3.1\ThinkPHP\Lib\Core\App.class.php ç¬¬ 56 è¡Œ.
NOTIC: [2] stripslashes() expects exactly 1 parameter, 2 given D:\wamp\www\ThinkPHP3.1\ThinkPHP\Lib\Core\App.class.php ç¬¬ 56 è¡Œ.
NOTIC: [2] stripslashes() expects exactly 1 parameter, 2 given D:\wamp\www\ThinkPHP3.1\ThinkPHP\Lib\Core\App.class.php ç¬¬ 56 è¡Œ.
NOTIC: [2] stripslashes() expects exactly 1 parameter, 2 given D:\wamp\www\ThinkPHP3.1\ThinkPHP\Lib\Core\App.class.php ç¬¬ 56 è¡Œ.
NOTIC: [2] stripslashes() expects exactly 1 parameter, 2 given D:\wamp\www\ThinkPHP3.1\ThinkPHP\Lib\Core\App.class.php ç¬¬ 57 è¡Œ.
NOTIC: [2] stripslashes() expects exactly 1 parameter, 2 given D:\wamp\www\ThinkPHP3.1\ThinkPHP\Lib\Core\App.class.php ç¬¬ 57 è¡Œ.
NOTIC: [2] stripslashes() expects exactly 1 parameter, 2 given D:\wamp\www\ThinkPHP3.1\ThinkPHP\Lib\Core\App.class.php ç¬¬ 57 è¡Œ.
INFO: [ app_begin ] --START--
INFO: ReadHtmlCache Behavior ::run [ RunTime:0.001000s ]
INFO: [ app_begin ] --END-- [ RunTime:0.001000s ]
NOTIC: å»ºè®®ä½¿ç”¨Iæ–¹æ³•æ›¿ä»£_post
NOTIC: å»ºè®®ä½¿ç”¨Iæ–¹æ³•æ›¿ä»£_post
SQL: SHOW COLUMNS FROM `xm_orgs` [ RunTime:0.008000s ]
NOTIC: å»ºè®®ä½¿ç”¨Iæ–¹æ³•æ›¿ä»£_post
NOTIC: å»ºè®®ä½¿ç”¨Iæ–¹æ³•æ›¿ä»£_post
NOTIC: å»ºè®®ä½¿ç”¨Iæ–¹æ³•æ›¿ä»£_post
NOTIC: å»ºè®®ä½¿ç”¨Iæ–¹æ³•æ›¿ä»£_post
NOTIC: å»ºè®®ä½¿ç”¨Iæ–¹æ³•æ›¿ä»£_post
NOTIC: [8] Undefined index: phone D:\wamp\www\ThinkPHP3.1\ThinkPHP\Lib\Core\Model.class.php ç¬¬ 1057 è¡Œ.

[ 2015-06-10T22:56:36+08:00 ] 127.0.0.1 /Register/reg.html
NOTIC: [2] stripslashes() expects exactly 1 parameter, 2 given D:\wamp\www\ThinkPHP3.1\ThinkPHP\Lib\Core\App.class.php ç¬¬ 56 è¡Œ.
NOTIC: [2] stripslashes() expects exactly 1 parameter, 2 given D:\wamp\www\ThinkPHP3.1\ThinkPHP\Lib\Core\App.class.php ç¬¬ 56 è¡Œ.
NOTIC: [2] stripslashes() expects exactly 1 parameter, 2 given D:\wamp\www\ThinkPHP3.1\ThinkPHP\Lib\Core\App.class.php ç¬¬ 56 è¡Œ.
NOTIC: [2] stripslashes() expects exactly 1 parameter, 2 given D:\wamp\www\ThinkPHP3.1\ThinkPHP\Lib\Core\App.class.php ç¬¬ 56 è¡Œ.
NOTIC: [2] stripslashes() expects exactly 1 parameter, 2 given D:\wamp\www\ThinkPHP3.1\ThinkPHP\Lib\Core\App.class.php ç¬¬ 56 è¡Œ.
NOTIC: [2] stripslashes() expects exactly 1 parameter, 2 given D:\wamp\www\ThinkPHP3.1\ThinkPHP\Lib\Core\App.class.php ç¬¬ 57 è¡Œ.
NOTIC: [2] stripslashes() expects exactly 1 parameter, 2 given D:\wamp\www\ThinkPHP3.1\ThinkPHP\Lib\Core\App.class.php ç¬¬ 57 è¡Œ.
NOTIC: [2] stripslashes() expects exactly 1 parameter, 2 given D:\wamp\www\ThinkPHP3.1\ThinkPHP\Lib\Core\App.class.php ç¬¬ 57 è¡Œ.
INFO: [ app_begin ] --START--
INFO: ReadHtmlCache Behavior ::run [ RunTime:0.001000s ]
INFO: [ app_begin ] --END-- [ RunTime:0.001000s ]
NOTIC: å»ºè®®ä½¿ç”¨Iæ–¹æ³•æ›¿ä»£_post

[ 2015-06-10T22:56:43+08:00 ] 127.0.0.1 /Register/reg.html
NOTIC: [2] stripslashes() expects exactly 1 parameter, 2 given D:\wamp\www\ThinkPHP3.1\ThinkPHP\Lib\Core\App.class.php ç¬¬ 56 è¡Œ.
NOTIC: [2] stripslashes() expects exactly 1 parameter, 2 given D:\wamp\www\ThinkPHP3.1\ThinkPHP\Lib\Core\App.class.php ç¬¬ 56 è¡Œ.
NOTIC: [2] stripslashes() expects exactly 1 parameter, 2 given D:\wamp\www\ThinkPHP3.1\ThinkPHP\Lib\Core\App.class.php ç¬¬ 56 è¡Œ.
NOTIC: [2] stripslashes() expects exactly 1 parameter, 2 given D:\wamp\www\ThinkPHP3.1\ThinkPHP\Lib\Core\App.class.php ç¬¬ 56 è¡Œ.
NOTIC: [2] stripslashes() expects exactly 1 parameter, 2 given D:\wamp\www\ThinkPHP3.1\ThinkPHP\Lib\Core\App.class.php ç¬¬ 56 è¡Œ.
NOTIC: [2] stripslashes() expects exactly 1 parameter, 2 given D:\wamp\www\ThinkPHP3.1\ThinkPHP\Lib\Core\App.class.php ç¬¬ 57 è¡Œ.
NOTIC: [2] stripslashes() expects exactly 1 parameter, 2 given D:\wamp\www\ThinkPHP3.1\ThinkPHP\Lib\Core\App.class.php ç¬¬ 57 è¡Œ.
NOTIC: [2] stripslashes() expects exactly 1 parameter, 2 given D:\wamp\www\ThinkPHP3.1\ThinkPHP\Lib\Core\App.class.php ç¬¬ 57 è¡Œ.
INFO: [ app_begin ] --START--
INFO: ReadHtmlCache Behavior ::run [ RunTime:0.001000s ]
INFO: [ app_begin ] --END-- [ RunTime:0.001000s ]
NOTIC: å»ºè®®ä½¿ç”¨Iæ–¹æ³•æ›¿ä»£_post
NOTIC: å»ºè®®ä½¿ç”¨Iæ–¹æ³•æ›¿ä»£_post
SQL: SHOW COLUMNS FROM `xm_orgs` [ RunTime:0.009001s ]
NOTIC: å»ºè®®ä½¿ç”¨Iæ–¹æ³•æ›¿ä»£_post
NOTIC: å»ºè®®ä½¿ç”¨Iæ–¹æ³•æ›¿ä»£_post
NOTIC: å»ºè®®ä½¿ç”¨Iæ–¹æ³•æ›¿ä»£_post
NOTIC: å»ºè®®ä½¿ç”¨Iæ–¹æ³•æ›¿ä»£_post
NOTIC: å»ºè®®ä½¿ç”¨Iæ–¹æ³•æ›¿ä»£_post
NOTIC: [8] Undefined index: phone D:\wamp\www\ThinkPHP3.1\ThinkPHP\Lib\Core\Model.class.php ç¬¬ 1057 è¡Œ.

[ 2015-06-10T22:57:14+08:00 ] 127.0.0.1 /Register/reg.html
NOTIC: [2] stripslashes() expects exactly 1 parameter, 2 given D:\wamp\www\ThinkPHP3.1\ThinkPHP\Lib\Core\App.class.php ç¬¬ 56 è¡Œ.
NOTIC: [2] stripslashes() expects exactly 1 parameter, 2 given D:\wamp\www\ThinkPHP3.1\ThinkPHP\Lib\Core\App.class.php ç¬¬ 56 è¡Œ.
NOTIC: [2] stripslashes() expects exactly 1 parameter, 2 given D:\wamp\www\ThinkPHP3.1\ThinkPHP\Lib\Core\App.class.php ç¬¬ 56 è¡Œ.
NOTIC: [2] stripslashes() expects exactly 1 parameter, 2 given D:\wamp\www\ThinkPHP3.1\ThinkPHP\Lib\Core\App.class.php ç¬¬ 56 è¡Œ.
NOTIC: [2] stripslashes() expects exactly 1 parameter, 2 given D:\wamp\www\ThinkPHP3.1\ThinkPHP\Lib\Core\App.class.php ç¬¬ 56 è¡Œ.
NOTIC: [2] stripslashes() expects exactly 1 parameter, 2 given D:\wamp\www\ThinkPHP3.1\ThinkPHP\Lib\Core\App.class.php ç¬¬ 57 è¡Œ.
NOTIC: [2] stripslashes() expects exactly 1 parameter, 2 given D:\wamp\www\ThinkPHP3.1\ThinkPHP\Lib\Core\App.class.php ç¬¬ 57 è¡Œ.
NOTIC: [2] stripslashes() expects exactly 1 parameter, 2 given D:\wamp\www\ThinkPHP3.1\ThinkPHP\Lib\Core\App.class.php ç¬¬ 57 è¡Œ.
INFO: [ app_begin ] --START--
INFO: ReadHtmlCache Behavior ::run [ RunTime:0.000000s ]
INFO: [ app_begin ] --END-- [ RunTime:0.000000s ]
NOTIC: å»ºè®®ä½¿ç”¨Iæ–¹æ³•æ›¿ä»£_post
NOTIC: å»ºè®®ä½¿ç”¨Iæ–¹æ³•æ›¿ä»£_post
SQL: SHOW COLUMNS FROM `xm_orgs` [ RunTime:0.010000s ]
NOTIC: å»ºè®®ä½¿ç”¨Iæ–¹æ³•æ›¿ä»£_post
NOTIC: å»ºè®®ä½¿ç”¨Iæ–¹æ³•æ›¿ä»£_post
NOTIC: å»ºè®®ä½¿ç”¨Iæ–¹æ³•æ›¿ä»£_post
NOTIC: å»ºè®®ä½¿ç”¨Iæ–¹æ³•æ›¿ä»£_post
NOTIC: å»ºè®®ä½¿ç”¨Iæ–¹æ³•æ›¿ä»£_post

[ 2015-06-10T22:57:28+08:00 ] 127.0.0.1 /Register/reg.html
NOTIC: [2] stripslashes() expects exactly 1 parameter, 2 given D:\wamp\www\ThinkPHP3.1\ThinkPHP\Lib\Core\App.class.php ç¬¬ 56 è¡Œ.
NOTIC: [2] stripslashes() expects exactly 1 parameter, 2 given D:\wamp\www\ThinkPHP3.1\ThinkPHP\Lib\Core\App.class.php ç¬¬ 56 è¡Œ.
NOTIC: [2] stripslashes() expects exactly 1 parameter, 2 given D:\wamp\www\ThinkPHP3.1\ThinkPHP\Lib\Core\App.class.php ç¬¬ 56 è¡Œ.
NOTIC: [2] stripslashes() expects exactly 1 parameter, 2 given D:\wamp\www\ThinkPHP3.1\ThinkPHP\Lib\Core\App.class.php ç¬¬ 56 è¡Œ.
NOTIC: [2] stripslashes() expects exactly 1 parameter, 2 given D:\wamp\www\ThinkPHP3.1\ThinkPHP\Lib\Core\App.class.php ç¬¬ 56 è¡Œ.
NOTIC: [2] stripslashes() expects exactly 1 parameter, 2 given D:\wamp\www\ThinkPHP3.1\ThinkPHP\Lib\Core\App.class.php ç¬¬ 56 è¡Œ.
NOTIC: [2] stripslashes() expects exactly 1 parameter, 2 given D:\wamp\www\ThinkPHP3.1\ThinkPHP\Lib\Core\App.class.php ç¬¬ 56 è¡Œ.
NOTIC: [2] stripslashes() expects exactly 1 parameter, 2 given D:\wamp\www\ThinkPHP3.1\ThinkPHP\Lib\Core\App.class.php ç¬¬ 57 è¡Œ.
NOTIC: [2] stripslashes() expects exactly 1 parameter, 2 given D:\wamp\www\ThinkPHP3.1\ThinkPHP\Lib\Core\App.class.php ç¬¬ 57 è¡Œ.
NOTIC: [2] stripslashes() expects exactly 1 parameter, 2 given D:\wamp\www\ThinkPHP3.1\ThinkPHP\Lib\Core\App.class.php ç¬¬ 57 è¡Œ.
INFO: [ app_begin ] --START--
INFO: ReadHtmlCache Behavior ::run [ RunTime:0.001000s ]
INFO: [ app_begin ] --END-- [ RunTime:0.001000s ]
NOTIC: å»ºè®®ä½¿ç”¨Iæ–¹æ³•æ›¿ä»£_post
NOTIC: å»ºè®®ä½¿ç”¨Iæ–¹æ³•æ›¿ä»£_post
SQL: SHOW COLUMNS FROM `xm_orgs` [ RunTime:0.010000s ]
NOTIC: å»ºè®®ä½¿ç”¨Iæ–¹æ³•æ›¿ä»£_post
NOTIC: å»ºè®®ä½¿ç”¨Iæ–¹æ³•æ›¿ä»£_post
NOTIC: å»ºè®®ä½¿ç”¨Iæ–¹æ³•æ›¿ä»£_post
NOTIC: å»ºè®®ä½¿ç”¨Iæ–¹æ³•æ›¿ä»£_post
NOTIC: å»ºè®®ä½¿ç”¨Iæ–¹æ³•æ›¿ä»£_post
SQL: INSERT INTO `xm_orgs` (`phone`,`passwd`,`ctime`,`orgname`,`org_address`) VALUES ('13256929238','21232f297a57a5a743894a0e4a801fc3',1433948248,'ss','å±±ä¸œçœè¯¸åŸå¸‚') [ RunTime:0.129008s ]
NOTIC: å»ºè®®ä½¿ç”¨Iæ–¹æ³•æ›¿ä»£_post

[ 2015-06-10T23:06:14+08:00 ] 127.0.0.1 /OrgCenter/updateInfo.html
NOTIC: [2] stripslashes() expects exactly 1 parameter, 2 given D:\wamp\www\ThinkPHP3.1\ThinkPHP\Lib\Core\App.class.php ç¬¬ 56 è¡Œ.
NOTIC: [2] stripslashes() expects exactly 1 parameter, 2 given D:\wamp\www\ThinkPHP3.1\ThinkPHP\Lib\Core\App.class.php ç¬¬ 57 è¡Œ.
NOTIC: [2] stripslashes() expects exactly 1 parameter, 2 given D:\wamp\www\ThinkPHP3.1\ThinkPHP\Lib\Core\App.class.php ç¬¬ 57 è¡Œ.
NOTIC: [2] stripslashes() expects exactly 1 parameter, 2 given D:\wamp\www\ThinkPHP3.1\ThinkPHP\Lib\Core\App.class.php ç¬¬ 57 è¡Œ.
INFO: [ app_begin ] --START--
INFO: ReadHtmlCache Behavior ::run [ RunTime:0.001000s ]
INFO: [ app_begin ] --END-- [ RunTime:0.001000s ]
NOTIC: å»ºè®®ä½¿ç”¨Iæ–¹æ³•æ›¿ä»£_post
SQL: SHOW COLUMNS FROM `xm_orgs` [ RunTime:0.036002s ]
NOTIC: å»ºè®®ä½¿ç”¨Iæ–¹æ³•æ›¿ä»£_post
NOTIC: [8] Undefined index: website D:\wamp\www\ThinkPHP3.1\ThinkPHP\Lib\Core\Model.class.php ç¬¬ 1057 è¡Œ.

[ 2015-06-10T23:06:24+08:00 ] 127.0.0.1 /OrgCenter/updateInfo.html
NOTIC: [2] stripslashes() expects exactly 1 parameter, 2 given D:\wamp\www\ThinkPHP3.1\ThinkPHP\Lib\Core\App.class.php ç¬¬ 56 è¡Œ.
NOTIC: [2] stripslashes() expects exactly 1 parameter, 2 given D:\wamp\www\ThinkPHP3.1\ThinkPHP\Lib\Core\App.class.php ç¬¬ 56 è¡Œ.
NOTIC: [2] stripslashes() expects exactly 1 parameter, 2 given D:\wamp\www\ThinkPHP3.1\ThinkPHP\Lib\Core\App.class.php ç¬¬ 57 è¡Œ.
NOTIC: [2] stripslashes() expects exactly 1 parameter, 2 given D:\wamp\www\ThinkPHP3.1\ThinkPHP\Lib\Core\App.class.php ç¬¬ 57 è¡Œ.
NOTIC: [2] stripslashes() expects exactly 1 parameter, 2 given D:\wamp\www\ThinkPHP3.1\ThinkPHP\Lib\Core\App.class.php ç¬¬ 57 è¡Œ.
INFO: [ app_begin ] --START--
INFO: ReadHtmlCache Behavior ::run [ RunTime:0.000000s ]
INFO: [ app_begin ] --END-- [ RunTime:0.000000s ]
NOTIC: å»ºè®®ä½¿ç”¨Iæ–¹æ³•æ›¿ä»£_post
SQL: SHOW COLUMNS FROM `xm_orgs` [ RunTime:0.007000s ]
NOTIC: å»ºè®®ä½¿ç”¨Iæ–¹æ³•æ›¿ä»£_post
NOTIC: [8] Undefined index: intent D:\wamp\www\ThinkPHP3.1\ThinkPHP\Lib\Core\Model.class.php ç¬¬ 1031 è¡Œ.
NOTIC: [8] Undefined index: intent D:\wamp\www\ThinkPHP3.1\Lib\Model\OrgsModel.class.php ç¬¬ 27 è¡Œ.

[ 2015-06-10T23:06:27+08:00 ] 127.0.0.1 /OrgCenter/updateInfo.html
NOTIC: [2] stripslashes() expects exactly 1 parameter, 2 given D:\wamp\www\ThinkPHP3.1\ThinkPHP\Lib\Core\App.class.php ç¬¬ 56 è¡Œ.
NOTIC: [2] stripslashes() expects exactly 1 parameter, 2 given D:\wamp\www\ThinkPHP3.1\ThinkPHP\Lib\Core\App.class.php ç¬¬ 56 è¡Œ.
NOTIC: [2] stripslashes() expects exactly 1 parameter, 2 given D:\wamp\www\ThinkPHP3.1\ThinkPHP\Lib\Core\App.class.php ç¬¬ 56 è¡Œ.
NOTIC: [2] stripslashes() expects exactly 1 parameter, 2 given D:\wamp\www\ThinkPHP3.1\ThinkPHP\Lib\Core\App.class.php ç¬¬ 56 è¡Œ.
NOTIC: [2] stripslashes() expects exactly 1 parameter, 2 given D:\wamp\www\ThinkPHP3.1\ThinkPHP\Lib\Core\App.class.php ç¬¬ 57 è¡Œ.
NOTIC: [2] stripslashes() expects exactly 1 parameter, 2 given D:\wamp\www\ThinkPHP3.1\ThinkPHP\Lib\Core\App.class.php ç¬¬ 57 è¡Œ.
NOTIC: [2] stripslashes() expects exactly 1 parameter, 2 given D:\wamp\www\ThinkPHP3.1\ThinkPHP\Lib\Core\App.class.php ç¬¬ 57 è¡Œ.
INFO: [ app_begin ] --START--
INFO: ReadHtmlCache Behavior ::run [ RunTime:0.000000s ]
INFO: [ app_begin ] --END-- [ RunTime:0.000000s ]
NOTIC: å»ºè®®ä½¿ç”¨Iæ–¹æ³•æ›¿ä»£_post
SQL: SHOW COLUMNS FROM `xm_orgs` [ RunTime:0.007000s ]
NOTIC: å»ºè®®ä½¿ç”¨Iæ–¹æ³•æ›¿ä»£_post
NOTIC: [8] Undefined index: org_intro D:\wamp\www\ThinkPHP3.1\ThinkPHP\Lib\Core\Model.class.php ç¬¬ 1057 è¡Œ.

[ 2015-06-10T23:06:31+08:00 ] 127.0.0.1 /OrgCenter/updateInfo.html
NOTIC: [2] stripslashes() expects exactly 1 parameter, 2 given D:\wamp\www\ThinkPHP3.1\ThinkPHP\Lib\Core\App.class.php ç¬¬ 56 è¡Œ.
NOTIC: [2] stripslashes() expects exactly 1 parameter, 2 given D:\wamp\www\ThinkPHP3.1\ThinkPHP\Lib\Core\App.class.php ç¬¬ 56 è¡Œ.
NOTIC: [2] stripslashes() expects exactly 1 parameter, 2 given D:\wamp\www\ThinkPHP3.1\ThinkPHP\Lib\Core\App.class.php ç¬¬ 56 è¡Œ.
NOTIC: [2] stripslashes() expects exactly 1 parameter, 2 given D:\wamp\www\ThinkPHP3.1\ThinkPHP\Lib\Core\App.class.php ç¬¬ 56 è¡Œ.
NOTIC: [2] stripslashes() expects exactly 1 parameter, 2 given D:\wamp\www\ThinkPHP3.1\ThinkPHP\Lib\Core\App.class.php ç¬¬ 56 è¡Œ.
NOTIC: [2] stripslashes() expects exactly 1 parameter, 2 given D:\wamp\www\ThinkPHP3.1\ThinkPHP\Lib\Core\App.class.php ç¬¬ 57 è¡Œ.
NOTIC: [2] stripslashes() expects exactly 1 parameter, 2 given D:\wamp\www\ThinkPHP3.1\ThinkPHP\Lib\Core\App.class.php ç¬¬ 57 è¡Œ.
NOTIC: [2] stripslashes() expects exactly 1 parameter, 2 given D:\wamp\www\ThinkPHP3.1\ThinkPHP\Lib\Core\App.class.php ç¬¬ 57 è¡Œ.
INFO: [ app_begin ] --START--
INFO: ReadHtmlCache Behavior ::run [ RunTime:0.001000s ]
INFO: [ app_begin ] --END-- [ RunTime:0.001000s ]
NOTIC: å»ºè®®ä½¿ç”¨Iæ–¹æ³•æ›¿ä»£_post
SQL: SHOW COLUMNS FROM `xm_orgs` [ RunTime:0.008001s ]
NOTIC: å»ºè®®ä½¿ç”¨Iæ–¹æ³•æ›¿ä»£_post
NOTIC: å»ºè®®ä½¿ç”¨Iæ–¹æ³•æ›¿ä»£_post
SQL: UPDATE `xm_orgs` SET `website`='http://www.baidu.com',`org_intro`='ssss',`intent`='a:2:{i:0;s:1:\"3\";i:1;s:1:\"4\";}',`org_address`='å±±ä¸œçœè¯¸åŸå¸‚' WHERE ( oid=17 ) [ RunTime:0.121007s ]

[ 2015-06-10T23:06:39+08:00 ] 127.0.0.1 /
NOTIC: å»ºè®®ä½¿ç”¨Iæ–¹æ³•æ›¿ä»£_get

[ 2015-06-10T23:11:22+08:00 ] 127.0.0.1 /Index/index.html
NOTIC: å»ºè®®ä½¿ç”¨Iæ–¹æ³•æ›¿ä»£_get

[ 2015-06-10T23:12:45+08:00 ] 127.0.0.1 /Register/Tpl/bootstrap/css/validationEngine.jquery.css
ERR: éæ³•æ“ä½œ:Tpl

[ 2015-06-10T23:13:06+08:00 ] 127.0.0.1 /Register/reg.html
NOTIC: [2] stripslashes() expects exactly 1 parameter, 2 given D:\wamp\www\ThinkPHP3.1\ThinkPHP\Lib\Core\App.class.php ç¬¬ 56 è¡Œ.
NOTIC: [2] stripslashes() expects exactly 1 parameter, 2 given D:\wamp\www\ThinkPHP3.1\ThinkPHP\Lib\Core\App.class.php ç¬¬ 56 è¡Œ.
NOTIC: [2] stripslashes() expects exactly 1 parameter, 2 given D:\wamp\www\ThinkPHP3.1\ThinkPHP\Lib\Core\App.class.php ç¬¬ 56 è¡Œ.
NOTIC: [2] stripslashes() expects exactly 1 parameter, 2 given D:\wamp\www\ThinkPHP3.1\ThinkPHP\Lib\Core\App.class.php ç¬¬ 56 è¡Œ.
NOTIC: [2] stripslashes() expects exactly 1 parameter, 2 given D:\wamp\www\ThinkPHP3.1\ThinkPHP\Lib\Core\App.class.php ç¬¬ 56 è¡Œ.
NOTIC: [2] stripslashes() expects exactly 1 parameter, 2 given D:\wamp\www\ThinkPHP3.1\ThinkPHP\Lib\Core\App.class.php ç¬¬ 56 è¡Œ.
NOTIC: [2] stripslashes() expects exactly 1 parameter, 2 given D:\wamp\www\ThinkPHP3.1\ThinkPHP\Lib\Core\App.class.php ç¬¬ 56 è¡Œ.
NOTIC: [2] stripslashes() expects exactly 1 parameter, 2 given D:\wamp\www\ThinkPHP3.1\ThinkPHP\Lib\Core\App.class.php ç¬¬ 57 è¡Œ.
NOTIC: [2] stripslashes() expects exactly 1 parameter, 2 given D:\wamp\www\ThinkPHP3.1\ThinkPHP\Lib\Core\App.class.php ç¬¬ 57 è¡Œ.
NOTIC: [2] stripslashes() expects exactly 1 parameter, 2 given D:\wamp\www\ThinkPHP3.1\ThinkPHP\Lib\Core\App.class.php ç¬¬ 57 è¡Œ.
INFO: [ app_begin ] --START--
INFO: ReadHtmlCache Behavior ::run [ RunTime:0.000000s ]
INFO: [ app_begin ] --END-- [ RunTime:0.000000s ]
NOTIC: å»ºè®®ä½¿ç”¨Iæ–¹æ³•æ›¿ä»£_post
NOTIC: å»ºè®®ä½¿ç”¨Iæ–¹æ³•æ›¿ä»£_post
SQL: SHOW COLUMNS FROM `xm_orgs` [ RunTime:0.011001s ]
NOTIC: å»ºè®®ä½¿ç”¨Iæ–¹æ³•æ›¿ä»£_post
NOTIC: å»ºè®®ä½¿ç”¨Iæ–¹æ³•æ›¿ä»£_post
NOTIC: å»ºè®®ä½¿ç”¨Iæ–¹æ³•æ›¿ä»£_post
NOTIC: å»ºè®®ä½¿ç”¨Iæ–¹æ³•æ›¿ä»£_post
NOTIC: å»ºè®®ä½¿ç”¨Iæ–¹æ³•æ›¿ä»£_post
SQL: INSERT INTO `xm_orgs` (`phone`,`passwd`,`ctime`,`orgname`,`org_address`) VALUES ('13256929238','21232f297a57a5a743894a0e4a801fc3',1433949186,'sunxiaojiao','sunxiaojiao') [ RunTime:0.101006s ]
NOTIC: å»ºè®®ä½¿ç”¨Iæ–¹æ³•æ›¿ä»£_post

[ 2015-06-10T23:19:27+08:00 ] 127.0.0.1 /Index/index.html
NOTIC: å»ºè®®ä½¿ç”¨Iæ–¹æ³•æ›¿ä»£_get

[ 2015-06-10T23:19:29+08:00 ] 127.0.0.1 /Register/Tpl/bootstrap/css/validationEngine.jquery.css
ERR: éæ³•æ“ä½œ:Tpl

[ 2015-06-10T23:19:42+08:00 ] 127.0.0.1 /Register/reg.html
NOTIC: [2] stripslashes() expects exactly 1 parameter, 2 given D:\wamp\www\ThinkPHP3.1\ThinkPHP\Lib\Core\App.class.php ç¬¬ 56 è¡Œ.
NOTIC: [2] stripslashes() expects exactly 1 parameter, 2 given D:\wamp\www\ThinkPHP3.1\ThinkPHP\Lib\Core\App.class.php ç¬¬ 56 è¡Œ.
NOTIC: [2] stripslashes() expects exactly 1 parameter, 2 given D:\wamp\www\ThinkPHP3.1\ThinkPHP\Lib\Core\App.class.php ç¬¬ 56 è¡Œ.
NOTIC: [2] stripslashes() expects exactly 1 parameter, 2 given D:\wamp\www\ThinkPHP3.1\ThinkPHP\Lib\Core\App.class.php ç¬¬ 57 è¡Œ.
NOTIC: [2] stripslashes() expects exactly 1 parameter, 2 given D:\wamp\www\ThinkPHP3.1\ThinkPHP\Lib\Core\App.class.php ç¬¬ 57 è¡Œ.
NOTIC: [2] stripslashes() expects exactly 1 parameter, 2 given D:\wamp\www\ThinkPHP3.1\ThinkPHP\Lib\Core\App.class.php ç¬¬ 57 è¡Œ.
INFO: [ app_begin ] --START--
INFO: ReadHtmlCache Behavior ::run [ RunTime:0.001000s ]
INFO: [ app_begin ] --END-- [ RunTime:0.001000s ]
NOTIC: å»ºè®®ä½¿ç”¨Iæ–¹æ³•æ›¿ä»£_post
NOTIC: å»ºè®®ä½¿ç”¨Iæ–¹æ³•æ›¿ä»£_post
SQL: SHOW COLUMNS FROM `xm_orgs` [ RunTime:0.007000s ]
NOTIC: å»ºè®®ä½¿ç”¨Iæ–¹æ³•æ›¿ä»£_post
NOTIC: å»ºè®®ä½¿ç”¨Iæ–¹æ³•æ›¿ä»£_post
NOTIC: å»ºè®®ä½¿ç”¨Iæ–¹æ³•æ›¿ä»£_post
NOTIC: å»ºè®®ä½¿ç”¨Iæ–¹æ³•æ›¿ä»£_post
NOTIC: å»ºè®®ä½¿ç”¨Iæ–¹æ³•æ›¿ä»£_post
SQL: SELECT * FROM `xm_orgs` WHERE ( `phone` = '13256929238' ) LIMIT 1   [ RunTime:0.000000s ]

[ 2015-06-10T23:21:53+08:00 ] 127.0.0.1 /Register/reg.html
NOTIC: [2] stripslashes() expects exactly 1 parameter, 2 given D:\wamp\www\ThinkPHP3.1\ThinkPHP\Lib\Core\App.class.php ç¬¬ 56 è¡Œ.
NOTIC: [2] stripslashes() expects exactly 1 parameter, 2 given D:\wamp\www\ThinkPHP3.1\ThinkPHP\Lib\Core\App.class.php ç¬¬ 56 è¡Œ.
NOTIC: [2] stripslashes() expects exactly 1 parameter, 2 given D:\wamp\www\ThinkPHP3.1\ThinkPHP\Lib\Core\App.class.php ç¬¬ 56 è¡Œ.
NOTIC: [2] stripslashes() expects exactly 1 parameter, 2 given D:\wamp\www\ThinkPHP3.1\ThinkPHP\Lib\Core\App.class.php ç¬¬ 56 è¡Œ.
NOTIC: [2] stripslashes() expects exactly 1 parameter, 2 given D:\wamp\www\ThinkPHP3.1\ThinkPHP\Lib\Core\App.class.php ç¬¬ 56 è¡Œ.
NOTIC: [2] stripslashes() expects exactly 1 parameter, 2 given D:\wamp\www\ThinkPHP3.1\ThinkPHP\Lib\Core\App.class.php ç¬¬ 56 è¡Œ.
NOTIC: [2] stripslashes() expects exactly 1 parameter, 2 given D:\wamp\www\ThinkPHP3.1\ThinkPHP\Lib\Core\App.class.php ç¬¬ 56 è¡Œ.
NOTIC: [2] stripslashes() expects exactly 1 parameter, 2 given D:\wamp\www\ThinkPHP3.1\ThinkPHP\Lib\Core\App.class.php ç¬¬ 57 è¡Œ.
NOTIC: [2] stripslashes() expects exactly 1 parameter, 2 given D:\wamp\www\ThinkPHP3.1\ThinkPHP\Lib\Core\App.class.php ç¬¬ 57 è¡Œ.
NOTIC: [2] stripslashes() expects exactly 1 parameter, 2 given D:\wamp\www\ThinkPHP3.1\ThinkPHP\Lib\Core\App.class.php ç¬¬ 57 è¡Œ.
INFO: [ app_begin ] --START--
INFO: ReadHtmlCache Behavior ::run [ RunTime:0.001000s ]
INFO: [ app_begin ] --END-- [ RunTime:0.001000s ]
NOTIC: å»ºè®®ä½¿ç”¨Iæ–¹æ³•æ›¿ä»£_post
NOTIC: å»ºè®®ä½¿ç”¨Iæ–¹æ³•æ›¿ä»£_post
SQL: SHOW COLUMNS FROM `xm_orgs` [ RunTime:0.012000s ]
NOTIC: å»ºè®®ä½¿ç”¨Iæ–¹æ³•æ›¿ä»£_post
NOTIC: å»ºè®®ä½¿ç”¨Iæ–¹æ³•æ›¿ä»£_post
NOTIC: å»ºè®®ä½¿ç”¨Iæ–¹æ³•æ›¿ä»£_post
NOTIC: å»ºè®®ä½¿ç”¨Iæ–¹æ³•æ›¿ä»£_post
NOTIC: å»ºè®®ä½¿ç”¨Iæ–¹æ³•æ›¿ä»£_post
SQL: SELECT * FROM `xm_orgs` WHERE ( `phone` = '13256929230' ) LIMIT 1   [ RunTime:0.001000s ]
SQL: INSERT INTO `xm_orgs` (`phone`,`passwd`,`ctime`,`orgname`,`org_address`) VALUES ('13256929230','21232f297a57a5a743894a0e4a801fc3',1433949713,'s','s') [ RunTime:0.071802s ]
NOTIC: å»ºè®®ä½¿ç”¨Iæ–¹æ³•æ›¿ä»£_post

[ 2015-06-10T23:22:02+08:00 ] 127.0.0.1 /OrgCenter/updateInfo.html
NOTIC: [2] stripslashes() expects exactly 1 parameter, 2 given D:\wamp\www\ThinkPHP3.1\ThinkPHP\Lib\Core\App.class.php ç¬¬ 56 è¡Œ.
NOTIC: [2] stripslashes() expects exactly 1 parameter, 2 given D:\wamp\www\ThinkPHP3.1\ThinkPHP\Lib\Core\App.class.php ç¬¬ 57 è¡Œ.
NOTIC: [2] stripslashes() expects exactly 1 parameter, 2 given D:\wamp\www\ThinkPHP3.1\ThinkPHP\Lib\Core\App.class.php ç¬¬ 57 è¡Œ.
NOTIC: [2] stripslashes() expects exactly 1 parameter, 2 given D:\wamp\www\ThinkPHP3.1\ThinkPHP\Lib\Core\App.class.php ç¬¬ 57 è¡Œ.
INFO: [ app_begin ] --START--
INFO: ReadHtmlCache Behavior ::run [ RunTime:0.001000s ]
INFO: [ app_begin ] --END-- [ RunTime:0.001000s ]
NOTIC: å»ºè®®ä½¿ç”¨Iæ–¹æ³•æ›¿ä»£_post
SQL: SHOW COLUMNS FROM `xm_orgs` [ RunTime:0.006000s ]
NOTIC: å»ºè®®ä½¿ç”¨Iæ–¹æ³•æ›¿ä»£_post
NOTIC: [8] Undefined index: website D:\wamp\www\ThinkPHP3.1\ThinkPHP\Lib\Core\Model.class.php ç¬¬ 1057 è¡Œ.

