[ 2015-04-13T19:24:36+08:00 ] 0.0.0.0 /thinkphp3.1/index.php?m=OrgInfo&a=index&oid=1
NOTIC: 建议使用I方法替代_get

[ 2015-04-13T19:24:59+08:00 ] 0.0.0.0 /thinkphp3.1/index.php?m=OrgInfo&a=index&oid=1
NOTIC: 建议使用I方法替代_get

[ 2015-04-13T19:32:31+08:00 ] 0.0.0.0 /thinkphp3.1/index.php?m=Admin&a=authHandler
INFO: [ app_begin ] --START--
INFO: ReadHtmlCache Behavior ::run [ RunTime:0.000802s ]
INFO: [ app_begin ] --END-- [ RunTime:0.000918s ]
NOTIC: 建议使用I方法替代_post
NOTIC: 建议使用I方法替代_post
NOTIC: 建议使用I方法替代_post
SQL: SHOW COLUMNS FROM `xm_orgsauth` [ RunTime:0.005456s ]
SQL: UPDATE `xm_orgsauth` SET `is_pass`=0 WHERE ( oid=1 ) [ RunTime:0.013322s ]
ERR: 1054:Unknown column 'oid' in 'where clause'
 [ SQL语句 ] : UPDATE `xm_orgsauth` SET `is_pass`=0 WHERE ( oid=1 )

[ 2015-04-13T19:33:02+08:00 ] 0.0.0.0 /thinkphp3.1/index.php?m=Admin&a=authHandler
INFO: [ app_begin ] --START--
INFO: ReadHtmlCache Behavior ::run [ RunTime:0.000676s ]
INFO: [ app_begin ] --END-- [ RunTime:0.000769s ]
NOTIC: 建议使用I方法替代_post
NOTIC: 建议使用I方法替代_post
NOTIC: 建议使用I方法替代_post
SQL: SHOW COLUMNS FROM `xm_orgsauth` [ RunTime:0.005120s ]
SQL: UPDATE `xm_orgsauth` SET `is_pass`=0 WHERE ( oid=1 ) [ RunTime:0.000170s ]
ERR: 1054:Unknown column 'oid' in 'where clause'
 [ SQL语句 ] : UPDATE `xm_orgsauth` SET `is_pass`=0 WHERE ( oid=1 )

[ 2015-04-13T19:33:39+08:00 ] 0.0.0.0 /thinkphp3.1/index.php?m=Admin&a=authHandler
INFO: [ app_begin ] --START--
INFO: ReadHtmlCache Behavior ::run [ RunTime:0.000790s ]
INFO: [ app_begin ] --END-- [ RunTime:0.000884s ]
NOTIC: 建议使用I方法替代_post
NOTIC: 建议使用I方法替代_post
NOTIC: 建议使用I方法替代_post
SQL: SHOW COLUMNS FROM `xm_orgsauth` [ RunTime:0.004600s ]
SQL: UPDATE `xm_orgsauth` SET `is_pass`=0 WHERE ( oid=1 ) [ RunTime:0.000207s ]
ERR: 1054:Unknown column 'oid' in 'where clause'
 [ SQL语句 ] : UPDATE `xm_orgsauth` SET `is_pass`=0 WHERE ( oid=1 )

[ 2015-04-13T19:33:55+08:00 ] 0.0.0.0 /thinkphp3.1/index.php?m=Admin&a=authHandler
INFO: [ app_begin ] --START--
INFO: ReadHtmlCache Behavior ::run [ RunTime:0.000628s ]
INFO: [ app_begin ] --END-- [ RunTime:0.000719s ]
NOTIC: 建议使用I方法替代_post
NOTIC: 建议使用I方法替代_post
NOTIC: 建议使用I方法替代_post
SQL: SHOW COLUMNS FROM `xm_orgsauth` [ RunTime:0.005099s ]
SQL: UPDATE `xm_orgsauth` SET `is_pass`=0 WHERE ( oid=1 ) [ RunTime:0.000216s ]
ERR: 1054:Unknown column 'oid' in 'where clause'
 [ SQL语句 ] : UPDATE `xm_orgsauth` SET `is_pass`=0 WHERE ( oid=1 )

[ 2015-04-13T19:35:25+08:00 ] 0.0.0.0 /thinkphp3.1/index.php?m=Admin&a=authHandler
INFO: [ app_begin ] --START--
INFO: ReadHtmlCache Behavior ::run [ RunTime:0.000694s ]
INFO: [ app_begin ] --END-- [ RunTime:0.000793s ]
NOTIC: 建议使用I方法替代_post
NOTIC: 建议使用I方法替代_post
SQL: SHOW COLUMNS FROM `xm_orgsauth` [ RunTime:0.004662s ]
NOTIC: 建议使用I方法替代_post
SQL: UPDATE `xm_orgsauth` SET `is_pass`=0 WHERE ( from_oid=1 ) [ RunTime:0.000211s ]
ERR: 1054:Unknown column 'from_oid' in 'where clause'
 [ SQL语句 ] : UPDATE `xm_orgsauth` SET `is_pass`=0 WHERE ( from_oid=1 )

[ 2015-04-13T19:36:01+08:00 ] 0.0.0.0 /thinkphp3.1/index.php?m=Admin&a=authHandler
INFO: [ app_begin ] --START--
INFO: ReadHtmlCache Behavior ::run [ RunTime:0.000658s ]
INFO: [ app_begin ] --END-- [ RunTime:0.000751s ]
NOTIC: 建议使用I方法替代_post
NOTIC: 建议使用I方法替代_post
SQL: SHOW COLUMNS FROM `xm_orgsauth` [ RunTime:0.004914s ]
NOTIC: 建议使用I方法替代_post
SQL: UPDATE `xm_orgsauth` SET `is_pass`=0 WHERE ( auth_oid=1 ) [ RunTime:0.202172s ]
SQL: SHOW COLUMNS FROM `xm_orgs` [ RunTime:0.004916s ]
NOTIC: 建议使用I方法替代_post
SQL: UPDATE `xm_orgs` SET `is_validate`=0 WHERE ( oid=1 ) [ RunTime:0.094260s ]

[ 2015-04-13T19:36:24+08:00 ] 0.0.0.0 /thinkphp3.1/index.php?m=Admin&a=authHandler
INFO: [ app_begin ] --START--
INFO: ReadHtmlCache Behavior ::run [ RunTime:0.000787s ]
INFO: [ app_begin ] --END-- [ RunTime:0.000904s ]
NOTIC: 建议使用I方法替代_post
NOTIC: 建议使用I方法替代_post
SQL: SHOW COLUMNS FROM `xm_orgsauth` [ RunTime:0.004577s ]
NOTIC: 建议使用I方法替代_post
SQL: UPDATE `xm_orgsauth` SET `is_pass`=0 WHERE ( auth_oid=1 ) [ RunTime:0.345126s ]

[ 2015-04-13T19:36:47+08:00 ] 0.0.0.0 /thinkphp3.1/index.php?m=OrgInfo&a=index&oid=1
NOTIC: 建议使用I方法替代_get

[ 2015-04-13T19:36:56+08:00 ] 0.0.0.0 /thinkphp3.1/index.php?m=Admin&a=authHandler
INFO: [ app_begin ] --START--
INFO: ReadHtmlCache Behavior ::run [ RunTime:0.000652s ]
INFO: [ app_begin ] --END-- [ RunTime:0.000753s ]
NOTIC: 建议使用I方法替代_post
NOTIC: 建议使用I方法替代_post
SQL: SHOW COLUMNS FROM `xm_orgsauth` [ RunTime:0.005204s ]
NOTIC: 建议使用I方法替代_post
SQL: UPDATE `xm_orgsauth` SET `is_pass`=0 WHERE ( auth_oid=1 ) [ RunTime:0.135183s ]

[ 2015-04-13T19:37:26+08:00 ] 0.0.0.0 /thinkphp3.1/index.php?m=Admin&a=authHandler
INFO: [ app_begin ] --START--
INFO: ReadHtmlCache Behavior ::run [ RunTime:0.000971s ]
INFO: [ app_begin ] --END-- [ RunTime:0.001078s ]
NOTIC: 建议使用I方法替代_post
SQL: SHOW COLUMNS FROM `xm_orgsauth` [ RunTime:0.005736s ]
NOTIC: 建议使用I方法替代_post
SQL: UPDATE `xm_orgsauth` SET `is_pass`=2 WHERE ( auth_oid=1 ) [ RunTime:0.123005s ]
SQL: SHOW COLUMNS FROM `xm_orgs` [ RunTime:0.004844s ]
NOTIC: 建议使用I方法替代_post
SQL: UPDATE `xm_orgs` SET `is_validate`=1 WHERE ( oid=1 ) [ RunTime:0.105536s ]

[ 2015-04-13T19:37:29+08:00 ] 0.0.0.0 /thinkphp3.1/index.php?m=OrgInfo&a=index&oid=1
NOTIC: 建议使用I方法替代_get

[ 2015-04-13T19:45:39+08:00 ] 0.0.0.0 /thinkphp3.1/index.php?m=Admin&a=authHandler
INFO: [ app_begin ] --START--
INFO: ReadHtmlCache Behavior ::run [ RunTime:0.000750s ]
INFO: [ app_begin ] --END-- [ RunTime:0.000856s ]
NOTIC: 建议使用I方法替代_post
NOTIC: 建议使用I方法替代_post
SQL: SHOW COLUMNS FROM `xm_orgsauth` [ RunTime:0.005412s ]
NOTIC: 建议使用I方法替代_post
SQL: UPDATE `xm_orgsauth` SET `is_pass`=3 WHERE ( auth_oid=1 ) [ RunTime:0.121745s ]
SQL: SHOW COLUMNS FROM `xm_orgs` [ RunTime:0.004903s ]
NOTIC: 建议使用I方法替代_post
SQL: UPDATE `xm_orgs` SET `is_validate`=0 WHERE ( oid=1 ) [ RunTime:0.105423s ]

[ 2015-04-13T19:46:20+08:00 ] 0.0.0.0 /thinkphp3.1/index.php?m=Admin&a=authHandler
INFO: [ app_begin ] --START--
INFO: ReadHtmlCache Behavior ::run [ RunTime:0.000658s ]
INFO: [ app_begin ] --END-- [ RunTime:0.000769s ]
NOTIC: 建议使用I方法替代_post
SQL: SHOW COLUMNS FROM `xm_orgsauth` [ RunTime:0.004899s ]
NOTIC: 建议使用I方法替代_post
SQL: UPDATE `xm_orgsauth` SET `is_pass`=2 WHERE ( auth_oid=1 ) [ RunTime:0.166663s ]
SQL: SHOW COLUMNS FROM `xm_orgs` [ RunTime:0.004819s ]
NOTIC: 建议使用I方法替代_post
SQL: UPDATE `xm_orgs` SET `is_validate`=1 WHERE ( oid=1 ) [ RunTime:0.105497s ]

[ 2015-04-13T19:46:56+08:00 ] 0.0.0.0 /thinkphp3.1/index.php?m=Admin&a=authHandler
INFO: [ app_begin ] --START--
INFO: ReadHtmlCache Behavior ::run [ RunTime:0.000621s ]
INFO: [ app_begin ] --END-- [ RunTime:0.000719s ]
NOTIC: 建议使用I方法替代_post
SQL: SHOW COLUMNS FROM `xm_orgsauth` [ RunTime:0.004768s ]
NOTIC: 建议使用I方法替代_post
SQL: UPDATE `xm_orgsauth` SET `is_pass`=2 WHERE ( auth_oid=1 ) [ RunTime:0.113647s ]

[ 2015-04-13T19:47:03+08:00 ] 0.0.0.0 /thinkphp3.1/index.php?m=Admin&a=authHandler
INFO: [ app_begin ] --START--
INFO: ReadHtmlCache Behavior ::run [ RunTime:0.000619s ]
INFO: [ app_begin ] --END-- [ RunTime:0.000735s ]
NOTIC: 建议使用I方法替代_post
NOTIC: 建议使用I方法替代_post
SQL: SHOW COLUMNS FROM `xm_orgsauth` [ RunTime:0.004973s ]
NOTIC: 建议使用I方法替代_post
SQL: UPDATE `xm_orgsauth` SET `is_pass`=3 WHERE ( auth_oid=1 ) [ RunTime:0.164946s ]
SQL: SHOW COLUMNS FROM `xm_orgs` [ RunTime:0.005038s ]
NOTIC: 建议使用I方法替代_post
SQL: UPDATE `xm_orgs` SET `is_validate`=0 WHERE ( oid=1 ) [ RunTime:0.060759s ]
SQL: DELETE FROM `xm_orgsauth` WHERE ( auth_oid=1 ) [ RunTime:0.121855s ]

[ 2015-04-13T19:49:53+08:00 ] 0.0.0.0 /thinkphp3.1/index.php?m=OrgAuth&a=auth
INFO: [ app_begin ] --START--
INFO: ReadHtmlCache Behavior ::run [ RunTime:0.000702s ]
INFO: [ app_begin ] --END-- [ RunTime:0.000806s ]
SQL: SHOW COLUMNS FROM `xm_orgsauth` [ RunTime:0.004674s ]
SQL: SELECT `auth_id` FROM `xm_orgsauth` WHERE ( auth_oid=1 ) LIMIT 1   [ RunTime:0.000284s ]
SQL: INSERT INTO `xm_orgsauth` (`auth_oid`,`ctime`) VALUES (1,1428925793) [ RunTime:0.139129s ]
SQL: SHOW COLUMNS FROM `xm_orgs` [ RunTime:0.005019s ]
SQL: UPDATE `xm_orgs` SET `license_num`='123456789012345',`industry`='1',`nature`='1',`size`='1',`contact`='孙小蛟',`phone`='13256929238',`fixed_phone`='64449872',`org_address`='芝罘区',`org_intro`='介绍' WHERE ( oid=1 ) [ RunTime:0.084739s ]

[ 2015-04-13T19:53:27+08:00 ] 0.0.0.0 /thinkphp3.1/index.php?m=Admin&a=authHandler
INFO: [ app_begin ] --START--
INFO: ReadHtmlCache Behavior ::run [ RunTime:0.000687s ]
INFO: [ app_begin ] --END-- [ RunTime:0.000783s ]
NOTIC: 建议使用I方法替代_post
SQL: SHOW COLUMNS FROM `xm_orgsauth` [ RunTime:0.004709s ]
NOTIC: 建议使用I方法替代_post
SQL: UPDATE `xm_orgsauth` SET `is_pass`=2 WHERE ( auth_oid=1 ) [ RunTime:0.174585s ]
SQL: SHOW COLUMNS FROM `xm_orgs` [ RunTime:0.004968s ]
NOTIC: 建议使用I方法替代_post
SQL: UPDATE `xm_orgs` SET `is_validate`=1 WHERE ( oid=1 ) [ RunTime:0.094250s ]

[ 2015-04-13T19:53:50+08:00 ] 0.0.0.0 /thinkphp3.1/index.php?m=OrgInfo&a=index&oid=1
NOTIC: 建议使用I方法替代_get

[ 2015-04-13T20:52:44+08:00 ] 0.0.0.0 /thinkphp3.1/index.php?m=OrgsInfo&a=index&oid=1
ERR: 无法加载模块:OrgsInfo

[ 2015-04-13T20:52:53+08:00 ] 0.0.0.0 /thinkphp3.1/index.php?m=OrgInfo&a=index&oid=1
NOTIC: 建议使用I方法替代_get

[ 2015-04-13T20:52:57+08:00 ] 0.0.0.0 /thinkphp3.1/index.php?m=OrgInfo&a=index&oid=2
NOTIC: 建议使用I方法替代_get

[ 2015-04-13T20:53:00+08:00 ] 0.0.0.0 /thinkphp3.1/index.php?m=OrgInfo&a=index&oid=4
NOTIC: 建议使用I方法替代_get

[ 2015-04-13T20:53:04+08:00 ] 0.0.0.0 /thinkphp3.1/index.php?m=OrgInfo&a=index&oid=8
NOTIC: 建议使用I方法替代_get

