[ 2015-06-09T00:07:01+08:00 ] 127.0.0.1 /OrgCenter/showIngJobDetail.html?jid=54
NOTIC: 建议使用I方法替代_get

[ 2015-06-09T00:12:53+08:00 ] 127.0.0.1 /OrgCenter/showIngJobDetail.html?jid=54
NOTIC: 建议使用I方法替代_get

[ 2015-06-09T00:13:05+08:00 ] 127.0.0.1 /OrgCenter/statusHandler.html?wid=3&f=0
NOTIC: [2] stripslashes() expects exactly 1 parameter, 2 given D:\wamp\www\ThinkPHP3.1\ThinkPHP\Lib\Core\App.class.php 第 57 行.
NOTIC: [2] stripslashes() expects exactly 1 parameter, 2 given D:\wamp\www\ThinkPHP3.1\ThinkPHP\Lib\Core\App.class.php 第 57 行.
NOTIC: [2] stripslashes() expects exactly 1 parameter, 2 given D:\wamp\www\ThinkPHP3.1\ThinkPHP\Lib\Core\App.class.php 第 57 行.
NOTIC: [2] stripslashes() expects exactly 1 parameter, 2 given D:\wamp\www\ThinkPHP3.1\ThinkPHP\Lib\Core\App.class.php 第 57 行.
NOTIC: [2] stripslashes() expects exactly 1 parameter, 2 given D:\wamp\www\ThinkPHP3.1\ThinkPHP\Lib\Core\App.class.php 第 57 行.
INFO: [ app_begin ] --START--
INFO: ReadHtmlCache Behavior ::run [ RunTime:0.000000s ]
INFO: [ app_begin ] --END-- [ RunTime:0.000000s ]
NOTIC: 建议使用I方法替代_get
NOTIC: 建议使用I方法替代_get
SQL: SHOW COLUMNS FROM `xm_working` [ RunTime:0.004000s ]
SQL: UPDATE `xm_working` SET `is_pass`=1,`work_status`=2 WHERE ( work_id=3 ) [ RunTime:0.053003s ]

[ 2015-06-09T00:13:17+08:00 ] 127.0.0.1 /
NOTIC: 建议使用I方法替代_get

[ 2015-06-09T00:13:20+08:00 ] 127.0.0.1 /JobsInfo/index.html?jid=57
NOTIC: 建议使用I方法替代_get
NOTIC: 建议使用I方法替代_get

[ 2015-06-09T00:13:41+08:00 ] 127.0.0.1 /ApplyJob/apply.html
NOTIC: [2] stripslashes() expects exactly 1 parameter, 2 given D:\wamp\www\ThinkPHP3.1\ThinkPHP\Lib\Core\App.class.php 第 57 行.
NOTIC: [2] stripslashes() expects exactly 1 parameter, 2 given D:\wamp\www\ThinkPHP3.1\ThinkPHP\Lib\Core\App.class.php 第 57 行.
NOTIC: [2] stripslashes() expects exactly 1 parameter, 2 given D:\wamp\www\ThinkPHP3.1\ThinkPHP\Lib\Core\App.class.php 第 57 行.
INFO: [ app_begin ] --START--
INFO: ReadHtmlCache Behavior ::run [ RunTime:0.000000s ]
INFO: [ app_begin ] --END-- [ RunTime:0.000000s ]
SQL: SHOW COLUMNS FROM `xm_apply` [ RunTime:0.041002s ]
SQL: SELECT * FROM `xm_apply` WHERE ( app_uid=1 AND app_jid=57 ) LIMIT 1   [ RunTime:0.000000s ]
SQL: SHOW COLUMNS FROM `xm_users` [ RunTime:0.006001s ]
SQL: SELECT `apply_count`,`apply_time` FROM `xm_users` WHERE ( `uid` = 1 ) LIMIT 1   [ RunTime:0.001000s ]
SQL: SHOW COLUMNS FROM `xm_jobs` [ RunTime:0.005000s ]
SQL: SELECT `pay_way` FROM `xm_jobs` WHERE ( jid=57 ) LIMIT 1   [ RunTime:0.000000s ]
SQL: SELECT `pay_alipay_id` FROM `xm_users` WHERE ( uid=1 ) LIMIT 1   [ RunTime:0.001000s ]
SQL: SELECT `pub_oid` FROM `xm_jobs` WHERE ( jid=57 ) LIMIT 1   [ RunTime:0.000000s ]
SQL: INSERT INTO `xm_apply` (`app_oid`,`app_uid`,`app_jid`,`ctime`) VALUES (1,1,57,1433780021) [ RunTime:0.086005s ]
SQL: UPDATE `xm_users` SET `apply_count`=2 WHERE ( uid=1 ) [ RunTime:0.044002s ]
SQL: UPDATE `xm_users` SET `apply_time`=1433780021 WHERE ( uid=1 ) [ RunTime:0.045003s ]
SQL: UPDATE `xm_jobs` SET `current_peo`=current_peo+1 WHERE ( jid=57 ) [ RunTime:0.055003s ]

[ 2015-06-09T00:13:51+08:00 ] 127.0.0.1 /ApplyJob/apply.html
NOTIC: [2] stripslashes() expects exactly 1 parameter, 2 given D:\wamp\www\ThinkPHP3.1\ThinkPHP\Lib\Core\App.class.php 第 57 行.
NOTIC: [2] stripslashes() expects exactly 1 parameter, 2 given D:\wamp\www\ThinkPHP3.1\ThinkPHP\Lib\Core\App.class.php 第 57 行.
NOTIC: [2] stripslashes() expects exactly 1 parameter, 2 given D:\wamp\www\ThinkPHP3.1\ThinkPHP\Lib\Core\App.class.php 第 57 行.
INFO: [ app_begin ] --START--
INFO: ReadHtmlCache Behavior ::run [ RunTime:0.001000s ]
INFO: [ app_begin ] --END-- [ RunTime:0.001000s ]
SQL: SHOW COLUMNS FROM `xm_apply` [ RunTime:0.005000s ]
SQL: SELECT * FROM `xm_apply` WHERE ( app_uid=1 AND app_jid=57 ) LIMIT 1   [ RunTime:0.001000s ]

[ 2015-06-09T00:14:43+08:00 ] 127.0.0.1 /OrgCenter/isPass.html?ispass=yes&uid=1&app_id=37&jid=57
NOTIC: [2] stripslashes() expects exactly 1 parameter, 2 given D:\wamp\www\ThinkPHP3.1\ThinkPHP\Lib\Core\App.class.php 第 57 行.
NOTIC: [2] stripslashes() expects exactly 1 parameter, 2 given D:\wamp\www\ThinkPHP3.1\ThinkPHP\Lib\Core\App.class.php 第 57 行.
NOTIC: [2] stripslashes() expects exactly 1 parameter, 2 given D:\wamp\www\ThinkPHP3.1\ThinkPHP\Lib\Core\App.class.php 第 57 行.
NOTIC: [2] stripslashes() expects exactly 1 parameter, 2 given D:\wamp\www\ThinkPHP3.1\ThinkPHP\Lib\Core\App.class.php 第 57 行.
NOTIC: [2] stripslashes() expects exactly 1 parameter, 2 given D:\wamp\www\ThinkPHP3.1\ThinkPHP\Lib\Core\App.class.php 第 57 行.
NOTIC: [2] stripslashes() expects exactly 1 parameter, 2 given D:\wamp\www\ThinkPHP3.1\ThinkPHP\Lib\Core\App.class.php 第 57 行.
NOTIC: [2] stripslashes() expects exactly 1 parameter, 2 given D:\wamp\www\ThinkPHP3.1\ThinkPHP\Lib\Core\App.class.php 第 57 行.
INFO: [ app_begin ] --START--
INFO: ReadHtmlCache Behavior ::run [ RunTime:0.000000s ]
INFO: [ app_begin ] --END-- [ RunTime:0.000000s ]
NOTIC: 建议使用I方法替代_get
NOTIC: 建议使用I方法替代_get
NOTIC: 建议使用I方法替代_get
NOTIC: 建议使用I方法替代_get
SQL: SHOW COLUMNS FROM `xm_jobs` [ RunTime:0.006001s ]
SQL: SHOW COLUMNS FROM `xm_working` [ RunTime:0.008000s ]
SQL: INSERT INTO `xm_working` (`work_uid`,`work_jid`,`ctime`) VALUES (1,57,1433780083) [ RunTime:0.055003s ]
SQL: SHOW COLUMNS FROM `xm_apply` [ RunTime:0.006001s ]
SQL: UPDATE `xm_apply` SET `is_pass`=2 WHERE ( app_id=37 ) [ RunTime:0.051002s ]

[ 2015-06-09T00:17:32+08:00 ] 127.0.0.1 /OrgCenter/showIngJobDetail.html?jid=57
NOTIC: 建议使用I方法替代_get

[ 2015-06-09T00:18:04+08:00 ] 127.0.0.1 /JobsInfo/index.html?jid=57
NOTIC: 建议使用I方法替代_get
NOTIC: 建议使用I方法替代_get

[ 2015-06-09T00:18:16+08:00 ] 127.0.0.1 /UserCenter/MyJobHandler.html?wid=4&f=1
NOTIC: [2] stripslashes() expects exactly 1 parameter, 2 given D:\wamp\www\ThinkPHP3.1\ThinkPHP\Lib\Core\App.class.php 第 57 行.
NOTIC: [2] stripslashes() expects exactly 1 parameter, 2 given D:\wamp\www\ThinkPHP3.1\ThinkPHP\Lib\Core\App.class.php 第 57 行.
NOTIC: [2] stripslashes() expects exactly 1 parameter, 2 given D:\wamp\www\ThinkPHP3.1\ThinkPHP\Lib\Core\App.class.php 第 57 行.
NOTIC: [2] stripslashes() expects exactly 1 parameter, 2 given D:\wamp\www\ThinkPHP3.1\ThinkPHP\Lib\Core\App.class.php 第 57 行.
NOTIC: [2] stripslashes() expects exactly 1 parameter, 2 given D:\wamp\www\ThinkPHP3.1\ThinkPHP\Lib\Core\App.class.php 第 57 行.
INFO: [ app_begin ] --START--
INFO: ReadHtmlCache Behavior ::run [ RunTime:0.001000s ]
INFO: [ app_begin ] --END-- [ RunTime:0.001000s ]
NOTIC: 建议使用I方法替代_get
NOTIC: 建议使用I方法替代_get
SQL: SHOW COLUMNS FROM `xm_working` [ RunTime:0.004000s ]
SQL: SELECT `work_status` FROM `xm_working` WHERE ( work_id=4 ) LIMIT 1   [ RunTime:0.001001s ]
SQL: UPDATE `xm_working` SET `work_status`=1,`begin_time`=1433780296 WHERE ( work_id=4 ) [ RunTime:0.094005s ]

[ 2015-06-09T00:22:06+08:00 ] 127.0.0.1 /OrgCenter/showIngJobDetail.html?jid=57
NOTIC: 建议使用I方法替代_get

[ 2015-06-09T00:23:12+08:00 ] 127.0.0.1 /OrgCenter/showIngJobDetail.html?jid=57
NOTIC: 建议使用I方法替代_get

[ 2015-06-09T00:32:16+08:00 ] 127.0.0.1 /UserCenter/MyJobHandler.html?wid=4&f=2
NOTIC: [2] stripslashes() expects exactly 1 parameter, 2 given D:\wamp\www\ThinkPHP3.1\ThinkPHP\Lib\Core\App.class.php 第 57 行.
NOTIC: [2] stripslashes() expects exactly 1 parameter, 2 given D:\wamp\www\ThinkPHP3.1\ThinkPHP\Lib\Core\App.class.php 第 57 行.
NOTIC: [2] stripslashes() expects exactly 1 parameter, 2 given D:\wamp\www\ThinkPHP3.1\ThinkPHP\Lib\Core\App.class.php 第 57 行.
NOTIC: [2] stripslashes() expects exactly 1 parameter, 2 given D:\wamp\www\ThinkPHP3.1\ThinkPHP\Lib\Core\App.class.php 第 57 行.
NOTIC: [2] stripslashes() expects exactly 1 parameter, 2 given D:\wamp\www\ThinkPHP3.1\ThinkPHP\Lib\Core\App.class.php 第 57 行.
INFO: [ app_begin ] --START--
INFO: ReadHtmlCache Behavior ::run [ RunTime:0.001000s ]
INFO: [ app_begin ] --END-- [ RunTime:0.001000s ]
NOTIC: 建议使用I方法替代_get
NOTIC: 建议使用I方法替代_get
SQL: SHOW COLUMNS FROM `xm_working` [ RunTime:0.004000s ]
SQL: SELECT `work_status` FROM `xm_working` WHERE ( work_id=4 ) LIMIT 1   [ RunTime:0.000000s ]
SQL: UPDATE `xm_working` SET `work_status`=2,`end_time`=1433781136 WHERE ( work_id=4 ) [ RunTime:0.095006s ]

[ 2015-06-09T00:32:23+08:00 ] 127.0.0.1 /OrgCenter/showIngJobDetail.html?jid=57
NOTIC: 建议使用I方法替代_get

[ 2015-06-09T00:32:25+08:00 ] 127.0.0.1 /OrgCenter/statusHandler.html?wid=4&f=1
NOTIC: [2] stripslashes() expects exactly 1 parameter, 2 given D:\wamp\www\ThinkPHP3.1\ThinkPHP\Lib\Core\App.class.php 第 57 行.
NOTIC: [2] stripslashes() expects exactly 1 parameter, 2 given D:\wamp\www\ThinkPHP3.1\ThinkPHP\Lib\Core\App.class.php 第 57 行.
NOTIC: [2] stripslashes() expects exactly 1 parameter, 2 given D:\wamp\www\ThinkPHP3.1\ThinkPHP\Lib\Core\App.class.php 第 57 行.
NOTIC: [2] stripslashes() expects exactly 1 parameter, 2 given D:\wamp\www\ThinkPHP3.1\ThinkPHP\Lib\Core\App.class.php 第 57 行.
NOTIC: [2] stripslashes() expects exactly 1 parameter, 2 given D:\wamp\www\ThinkPHP3.1\ThinkPHP\Lib\Core\App.class.php 第 57 行.
INFO: [ app_begin ] --START--
INFO: ReadHtmlCache Behavior ::run [ RunTime:0.000000s ]
INFO: [ app_begin ] --END-- [ RunTime:0.000000s ]
NOTIC: 建议使用I方法替代_get
NOTIC: 建议使用I方法替代_get
SQL: SHOW COLUMNS FROM `xm_working` [ RunTime:0.004000s ]
SQL: UPDATE `xm_working` SET `is_pass`=0,`work_status`=2 WHERE ( work_id=4 ) [ RunTime:0.081005s ]

[ 2015-06-09T00:32:39+08:00 ] 127.0.0.1 /
NOTIC: 建议使用I方法替代_get

[ 2015-06-09T00:32:43+08:00 ] 127.0.0.1 /Index/index/p/2.html
NOTIC: 建议使用I方法替代_get

[ 2015-06-09T00:32:46+08:00 ] 127.0.0.1 /JobsInfo/index.html?jid=46
NOTIC: 建议使用I方法替代_get
NOTIC: 建议使用I方法替代_get

[ 2015-06-09T00:33:26+08:00 ] 127.0.0.1 /ApplyJob/apply.html
NOTIC: [2] stripslashes() expects exactly 1 parameter, 2 given D:\wamp\www\ThinkPHP3.1\ThinkPHP\Lib\Core\App.class.php 第 57 行.
NOTIC: [2] stripslashes() expects exactly 1 parameter, 2 given D:\wamp\www\ThinkPHP3.1\ThinkPHP\Lib\Core\App.class.php 第 57 行.
NOTIC: [2] stripslashes() expects exactly 1 parameter, 2 given D:\wamp\www\ThinkPHP3.1\ThinkPHP\Lib\Core\App.class.php 第 57 行.
INFO: [ app_begin ] --START--
INFO: ReadHtmlCache Behavior ::run [ RunTime:0.000000s ]
INFO: [ app_begin ] --END-- [ RunTime:0.001000s ]
SQL: SHOW COLUMNS FROM `xm_apply` [ RunTime:0.004000s ]
SQL: SELECT * FROM `xm_apply` WHERE ( app_uid=1 AND app_jid=46 ) LIMIT 1   [ RunTime:0.001000s ]
SQL: SHOW COLUMNS FROM `xm_users` [ RunTime:0.004000s ]
SQL: SELECT `apply_count`,`apply_time` FROM `xm_users` WHERE ( `uid` = 1 ) LIMIT 1   [ RunTime:0.000000s ]
SQL: SHOW COLUMNS FROM `xm_jobs` [ RunTime:0.004000s ]
SQL: SELECT `pay_way` FROM `xm_jobs` WHERE ( jid=46 ) LIMIT 1   [ RunTime:0.000000s ]
SQL: SELECT `pay_alipay_id` FROM `xm_users` WHERE ( uid=1 ) LIMIT 1   [ RunTime:0.001000s ]
SQL: SELECT `pub_oid` FROM `xm_jobs` WHERE ( jid=46 ) LIMIT 1   [ RunTime:0.000000s ]
SQL: INSERT INTO `xm_apply` (`app_oid`,`app_uid`,`app_jid`,`ctime`) VALUES (1,1,46,1433781206) [ RunTime:0.086005s ]
SQL: UPDATE `xm_users` SET `apply_count`=apply_count-1 WHERE ( uid=1 ) [ RunTime:0.044002s ]
SQL: UPDATE `xm_users` SET `apply_time`=1433781206 WHERE ( uid=1 ) [ RunTime:0.055003s ]
SQL: UPDATE `xm_jobs` SET `current_peo`=current_peo+1 WHERE ( jid=46 ) [ RunTime:0.044003s ]

[ 2015-06-09T00:34:22+08:00 ] 127.0.0.1 /OrgCenter/isPass.html?ispass=yes&uid=1&app_id=38&jid=46
NOTIC: [2] stripslashes() expects exactly 1 parameter, 2 given D:\wamp\www\ThinkPHP3.1\ThinkPHP\Lib\Core\App.class.php 第 57 行.
NOTIC: [2] stripslashes() expects exactly 1 parameter, 2 given D:\wamp\www\ThinkPHP3.1\ThinkPHP\Lib\Core\App.class.php 第 57 行.
NOTIC: [2] stripslashes() expects exactly 1 parameter, 2 given D:\wamp\www\ThinkPHP3.1\ThinkPHP\Lib\Core\App.class.php 第 57 行.
NOTIC: [2] stripslashes() expects exactly 1 parameter, 2 given D:\wamp\www\ThinkPHP3.1\ThinkPHP\Lib\Core\App.class.php 第 57 行.
NOTIC: [2] stripslashes() expects exactly 1 parameter, 2 given D:\wamp\www\ThinkPHP3.1\ThinkPHP\Lib\Core\App.class.php 第 57 行.
NOTIC: [2] stripslashes() expects exactly 1 parameter, 2 given D:\wamp\www\ThinkPHP3.1\ThinkPHP\Lib\Core\App.class.php 第 57 行.
NOTIC: [2] stripslashes() expects exactly 1 parameter, 2 given D:\wamp\www\ThinkPHP3.1\ThinkPHP\Lib\Core\App.class.php 第 57 行.
INFO: [ app_begin ] --START--
INFO: ReadHtmlCache Behavior ::run [ RunTime:0.000000s ]
INFO: [ app_begin ] --END-- [ RunTime:0.000000s ]
NOTIC: 建议使用I方法替代_get
NOTIC: 建议使用I方法替代_get
NOTIC: 建议使用I方法替代_get
NOTIC: 建议使用I方法替代_get
SQL: SHOW COLUMNS FROM `xm_jobs` [ RunTime:0.005000s ]
SQL: SHOW COLUMNS FROM `xm_working` [ RunTime:0.004001s ]
SQL: INSERT INTO `xm_working` (`work_uid`,`work_jid`,`ctime`) VALUES (1,46,1433781261) [ RunTime:0.096005s ]
SQL: SHOW COLUMNS FROM `xm_apply` [ RunTime:0.004000s ]
SQL: UPDATE `xm_apply` SET `is_pass`=2 WHERE ( app_id=38 ) [ RunTime:0.151009s ]

[ 2015-06-09T00:34:32+08:00 ] 127.0.0.1 /UserCenter/MyJobHandler.html?wid=5&f=1
NOTIC: [2] stripslashes() expects exactly 1 parameter, 2 given D:\wamp\www\ThinkPHP3.1\ThinkPHP\Lib\Core\App.class.php 第 57 行.
NOTIC: [2] stripslashes() expects exactly 1 parameter, 2 given D:\wamp\www\ThinkPHP3.1\ThinkPHP\Lib\Core\App.class.php 第 57 行.
NOTIC: [2] stripslashes() expects exactly 1 parameter, 2 given D:\wamp\www\ThinkPHP3.1\ThinkPHP\Lib\Core\App.class.php 第 57 行.
NOTIC: [2] stripslashes() expects exactly 1 parameter, 2 given D:\wamp\www\ThinkPHP3.1\ThinkPHP\Lib\Core\App.class.php 第 57 行.
NOTIC: [2] stripslashes() expects exactly 1 parameter, 2 given D:\wamp\www\ThinkPHP3.1\ThinkPHP\Lib\Core\App.class.php 第 57 行.
INFO: [ app_begin ] --START--
INFO: ReadHtmlCache Behavior ::run [ RunTime:0.001000s ]
INFO: [ app_begin ] --END-- [ RunTime:0.001000s ]
NOTIC: 建议使用I方法替代_get
NOTIC: 建议使用I方法替代_get
SQL: SHOW COLUMNS FROM `xm_working` [ RunTime:0.003000s ]
SQL: SELECT `work_status` FROM `xm_working` WHERE ( work_id=5 ) LIMIT 1   [ RunTime:0.000000s ]
SQL: UPDATE `xm_working` SET `work_status`=1,`begin_time`=1433781272 WHERE ( work_id=5 ) [ RunTime:0.070004s ]

[ 2015-06-09T00:34:49+08:00 ] 127.0.0.1 /OrgCenter/showIngJobDetail.html?jid=46
NOTIC: 建议使用I方法替代_get

[ 2015-06-09T00:34:59+08:00 ] 127.0.0.1 /UserCenter/MyJobHandler.html?wid=5&f=2
NOTIC: [2] stripslashes() expects exactly 1 parameter, 2 given D:\wamp\www\ThinkPHP3.1\ThinkPHP\Lib\Core\App.class.php 第 57 行.
NOTIC: [2] stripslashes() expects exactly 1 parameter, 2 given D:\wamp\www\ThinkPHP3.1\ThinkPHP\Lib\Core\App.class.php 第 57 行.
NOTIC: [2] stripslashes() expects exactly 1 parameter, 2 given D:\wamp\www\ThinkPHP3.1\ThinkPHP\Lib\Core\App.class.php 第 57 行.
NOTIC: [2] stripslashes() expects exactly 1 parameter, 2 given D:\wamp\www\ThinkPHP3.1\ThinkPHP\Lib\Core\App.class.php 第 57 行.
NOTIC: [2] stripslashes() expects exactly 1 parameter, 2 given D:\wamp\www\ThinkPHP3.1\ThinkPHP\Lib\Core\App.class.php 第 57 行.
INFO: [ app_begin ] --START--
INFO: ReadHtmlCache Behavior ::run [ RunTime:0.001000s ]
INFO: [ app_begin ] --END-- [ RunTime:0.001000s ]
NOTIC: 建议使用I方法替代_get
NOTIC: 建议使用I方法替代_get
SQL: SHOW COLUMNS FROM `xm_working` [ RunTime:2.512144s ]
SQL: SELECT `work_status` FROM `xm_working` WHERE ( work_id=5 ) LIMIT 1   [ RunTime:0.000000s ]
SQL: UPDATE `xm_working` SET `work_status`=2,`end_time`=1433781299 WHERE ( work_id=5 ) [ RunTime:0.082005s ]

[ 2015-06-09T00:35:05+08:00 ] 127.0.0.1 /OrgCenter/showIngJobDetail.html?jid=46
NOTIC: 建议使用I方法替代_get

[ 2015-06-09T00:35:07+08:00 ] 127.0.0.1 /OrgCenter/statusHandler.html?wid=5&f=0
NOTIC: [2] stripslashes() expects exactly 1 parameter, 2 given D:\wamp\www\ThinkPHP3.1\ThinkPHP\Lib\Core\App.class.php 第 57 行.
NOTIC: [2] stripslashes() expects exactly 1 parameter, 2 given D:\wamp\www\ThinkPHP3.1\ThinkPHP\Lib\Core\App.class.php 第 57 行.
NOTIC: [2] stripslashes() expects exactly 1 parameter, 2 given D:\wamp\www\ThinkPHP3.1\ThinkPHP\Lib\Core\App.class.php 第 57 行.
NOTIC: [2] stripslashes() expects exactly 1 parameter, 2 given D:\wamp\www\ThinkPHP3.1\ThinkPHP\Lib\Core\App.class.php 第 57 行.
NOTIC: [2] stripslashes() expects exactly 1 parameter, 2 given D:\wamp\www\ThinkPHP3.1\ThinkPHP\Lib\Core\App.class.php 第 57 行.
INFO: [ app_begin ] --START--
INFO: ReadHtmlCache Behavior ::run [ RunTime:0.000000s ]
INFO: [ app_begin ] --END-- [ RunTime:0.000000s ]
NOTIC: 建议使用I方法替代_get
NOTIC: 建议使用I方法替代_get
SQL: SHOW COLUMNS FROM `xm_working` [ RunTime:0.004000s ]
SQL: UPDATE `xm_working` SET `is_pass`=1,`work_status`=2 WHERE ( work_id=5 ) [ RunTime:0.075004s ]

[ 2015-06-09T12:26:45+08:00 ] 127.0.0.1 /
NOTIC: 建议使用I方法替代_get

[ 2015-06-09T12:27:00+08:00 ] 127.0.0.1 /Index/index.html
NOTIC: 建议使用I方法替代_get

[ 2015-06-09T12:27:04+08:00 ] 127.0.0.1 /Register/Tpl/bootstrap/css/validationEngine.jquery.css
ERR: 非法操作:Tpl

[ 2015-06-09T12:27:28+08:00 ] 127.0.0.1 /Register/reg.html
NOTIC: [2] stripslashes() expects exactly 1 parameter, 2 given D:\wamp\www\ThinkPHP3.1\ThinkPHP\Lib\Core\App.class.php 第 56 行.
NOTIC: [2] stripslashes() expects exactly 1 parameter, 2 given D:\wamp\www\ThinkPHP3.1\ThinkPHP\Lib\Core\App.class.php 第 56 行.
NOTIC: [2] stripslashes() expects exactly 1 parameter, 2 given D:\wamp\www\ThinkPHP3.1\ThinkPHP\Lib\Core\App.class.php 第 56 行.
NOTIC: [2] stripslashes() expects exactly 1 parameter, 2 given D:\wamp\www\ThinkPHP3.1\ThinkPHP\Lib\Core\App.class.php 第 56 行.
NOTIC: [2] stripslashes() expects exactly 1 parameter, 2 given D:\wamp\www\ThinkPHP3.1\ThinkPHP\Lib\Core\App.class.php 第 56 行.
NOTIC: [2] stripslashes() expects exactly 1 parameter, 2 given D:\wamp\www\ThinkPHP3.1\ThinkPHP\Lib\Core\App.class.php 第 57 行.
NOTIC: [2] stripslashes() expects exactly 1 parameter, 2 given D:\wamp\www\ThinkPHP3.1\ThinkPHP\Lib\Core\App.class.php 第 57 行.
NOTIC: [2] stripslashes() expects exactly 1 parameter, 2 given D:\wamp\www\ThinkPHP3.1\ThinkPHP\Lib\Core\App.class.php 第 57 行.
INFO: [ app_begin ] --START--
INFO: ReadHtmlCache Behavior ::run [ RunTime:0.000000s ]
INFO: [ app_begin ] --END-- [ RunTime:0.000000s ]
NOTIC: 建议使用I方法替代_post
SQL: SHOW COLUMNS FROM `xm_users` [ RunTime:0.004000s ]
NOTIC: 建议使用I方法替代_post
NOTIC: 建议使用I方法替代_post
NOTIC: 建议使用I方法替代_post
NOTIC: 建议使用I方法替代_post
NOTIC: 建议使用I方法替代_post
SQL: SELECT * FROM `xm_users` WHERE ( `phone` = '13256000000' ) LIMIT 1   [ RunTime:0.001000s ]
SQL: INSERT INTO `xm_users` (`phone`,`passwd`,`ctime`,`username`) VALUES ('13256000000','062af77ea3850e6078c64c71ff142b2e',1433824048,'sxj') [ RunTime:0.079005s ]

[ 2015-06-09T13:02:05+08:00 ] 127.0.0.1 /SortSearch/search.html?q=q
NOTIC: 建议使用I方法替代_get
NOTIC: 建议使用I方法替代_get

