[ 2015-06-08T08:14:14+08:00 ] 127.0.0.1 /
NOTIC: 建议使用I方法替代_get

[ 2015-06-08T08:17:58+08:00 ] 127.0.0.1 /Login/login.html
NOTIC: [2] stripslashes() expects exactly 1 parameter, 2 given D:\wamp\www\ThinkPHP3.1\ThinkPHP\Lib\Core\App.class.php 第 56 行.
NOTIC: [2] stripslashes() expects exactly 1 parameter, 2 given D:\wamp\www\ThinkPHP3.1\ThinkPHP\Lib\Core\App.class.php 第 56 行.
NOTIC: [2] stripslashes() expects exactly 1 parameter, 2 given D:\wamp\www\ThinkPHP3.1\ThinkPHP\Lib\Core\App.class.php 第 56 行.
NOTIC: [2] stripslashes() expects exactly 1 parameter, 2 given D:\wamp\www\ThinkPHP3.1\ThinkPHP\Lib\Core\App.class.php 第 56 行.
NOTIC: [2] stripslashes() expects exactly 1 parameter, 2 given D:\wamp\www\ThinkPHP3.1\ThinkPHP\Lib\Core\App.class.php 第 56 行.
NOTIC: [2] stripslashes() expects exactly 1 parameter, 2 given D:\wamp\www\ThinkPHP3.1\ThinkPHP\Lib\Core\App.class.php 第 57 行.
NOTIC: [2] stripslashes() expects exactly 1 parameter, 2 given D:\wamp\www\ThinkPHP3.1\ThinkPHP\Lib\Core\App.class.php 第 57 行.
NOTIC: [2] stripslashes() expects exactly 1 parameter, 2 given D:\wamp\www\ThinkPHP3.1\ThinkPHP\Lib\Core\App.class.php 第 57 行.
INFO: [ app_begin ] --START--
INFO: ReadHtmlCache Behavior ::run [ RunTime:0.000000s ]
INFO: [ app_begin ] --END-- [ RunTime:0.000000s ]
NOTIC: 建议使用I方法替代_post
NOTIC: 建议使用I方法替代_post

[ 2015-06-08T08:18:13+08:00 ] 127.0.0.1 /Login/login.html
NOTIC: [2] stripslashes() expects exactly 1 parameter, 2 given D:\wamp\www\ThinkPHP3.1\ThinkPHP\Lib\Core\App.class.php 第 56 行.
NOTIC: [2] stripslashes() expects exactly 1 parameter, 2 given D:\wamp\www\ThinkPHP3.1\ThinkPHP\Lib\Core\App.class.php 第 56 行.
NOTIC: [2] stripslashes() expects exactly 1 parameter, 2 given D:\wamp\www\ThinkPHP3.1\ThinkPHP\Lib\Core\App.class.php 第 56 行.
NOTIC: [2] stripslashes() expects exactly 1 parameter, 2 given D:\wamp\www\ThinkPHP3.1\ThinkPHP\Lib\Core\App.class.php 第 56 行.
NOTIC: [2] stripslashes() expects exactly 1 parameter, 2 given D:\wamp\www\ThinkPHP3.1\ThinkPHP\Lib\Core\App.class.php 第 56 行.
NOTIC: [2] stripslashes() expects exactly 1 parameter, 2 given D:\wamp\www\ThinkPHP3.1\ThinkPHP\Lib\Core\App.class.php 第 57 行.
NOTIC: [2] stripslashes() expects exactly 1 parameter, 2 given D:\wamp\www\ThinkPHP3.1\ThinkPHP\Lib\Core\App.class.php 第 57 行.
NOTIC: [2] stripslashes() expects exactly 1 parameter, 2 given D:\wamp\www\ThinkPHP3.1\ThinkPHP\Lib\Core\App.class.php 第 57 行.
INFO: [ app_begin ] --START--
INFO: ReadHtmlCache Behavior ::run [ RunTime:0.000000s ]
INFO: [ app_begin ] --END-- [ RunTime:0.001000s ]
NOTIC: 建议使用I方法替代_post
NOTIC: 建议使用I方法替代_post
NOTIC: 建议使用I方法替代_post
NOTIC: 建议使用I方法替代_post
NOTIC: 建议使用I方法替代_post
SQL: SHOW COLUMNS FROM `xm_users` [ RunTime:0.055003s ]
SQL: SELECT `uid`,`username`,`phone` FROM `xm_users` WHERE ( phone='13256929238' AND passwd='21232f297a57a5a743894a0e4a801fc3' ) LIMIT 1   [ RunTime:0.000000s ]
NOTIC: 建议使用I方法替代_post

[ 2015-06-08T08:18:47+08:00 ] 127.0.0.1 /
NOTIC: 建议使用I方法替代_get

[ 2015-06-08T08:18:50+08:00 ] 127.0.0.1 /JobsInfo/index.html?jid=52
NOTIC: 建议使用I方法替代_get
NOTIC: 建议使用I方法替代_get

[ 2015-06-08T08:18:54+08:00 ] 127.0.0.1 /ApplyJob/apply.html
NOTIC: [2] stripslashes() expects exactly 1 parameter, 2 given D:\wamp\www\ThinkPHP3.1\ThinkPHP\Lib\Core\App.class.php 第 57 行.
NOTIC: [2] stripslashes() expects exactly 1 parameter, 2 given D:\wamp\www\ThinkPHP3.1\ThinkPHP\Lib\Core\App.class.php 第 57 行.
NOTIC: [2] stripslashes() expects exactly 1 parameter, 2 given D:\wamp\www\ThinkPHP3.1\ThinkPHP\Lib\Core\App.class.php 第 57 行.
INFO: [ app_begin ] --START--
INFO: ReadHtmlCache Behavior ::run [ RunTime:0.001000s ]
INFO: [ app_begin ] --END-- [ RunTime:0.001000s ]
SQL: SHOW COLUMNS FROM `xm_apply` [ RunTime:0.009001s ]
SQL: SELECT * FROM `xm_apply` WHERE ( app_uid=1 AND app_jid=52 ) LIMIT 1   [ RunTime:0.001000s ]
SQL: SHOW COLUMNS FROM `xm_users` [ RunTime:0.008000s ]
SQL: SELECT `apply_count`,`apply_time` FROM `xm_users` WHERE ( `uid` = 1 ) LIMIT 1   [ RunTime:0.001000s ]
SQL: SHOW COLUMNS FROM `xm_jobs` [ RunTime:0.009001s ]
SQL: SELECT `pay_way` FROM `xm_jobs` WHERE ( jid=52 ) LIMIT 1   [ RunTime:0.000000s ]
SQL: SELECT `pay_ccard_id` FROM `xm_users` WHERE ( uid=1 ) LIMIT 1   [ RunTime:0.000000s ]
SQL: SHOW COLUMNS FROM `xm_jobs` [ RunTime:0.008000s ]
SQL: SELECT `pub_oid` FROM `xm_jobs` WHERE ( jid=52 ) LIMIT 1   [ RunTime:0.000000s ]
SQL: INSERT INTO `xm_apply` (`app_uid`,`app_jid`,`app_oid`,`ctime`) VALUES (1,52,1,1433722734) [ RunTime:0.203012s ]
SQL: UPDATE `xm_users` SET `apply_count`=2 WHERE ( uid=1 ) [ RunTime:0.045003s ]
SQL: UPDATE `xm_users` SET `apply_time`=1433722734 WHERE ( uid=1 ) [ RunTime:0.088005s ]

[ 2015-06-08T08:19:04+08:00 ] 127.0.0.1 /JobsInfo/index.html?jid=52
NOTIC: 建议使用I方法替代_get
NOTIC: 建议使用I方法替代_get

[ 2015-06-08T08:19:08+08:00 ] 127.0.0.1 /ApplyJob/apply.html
NOTIC: [2] stripslashes() expects exactly 1 parameter, 2 given D:\wamp\www\ThinkPHP3.1\ThinkPHP\Lib\Core\App.class.php 第 57 行.
NOTIC: [2] stripslashes() expects exactly 1 parameter, 2 given D:\wamp\www\ThinkPHP3.1\ThinkPHP\Lib\Core\App.class.php 第 57 行.
NOTIC: [2] stripslashes() expects exactly 1 parameter, 2 given D:\wamp\www\ThinkPHP3.1\ThinkPHP\Lib\Core\App.class.php 第 57 行.
INFO: [ app_begin ] --START--
INFO: ReadHtmlCache Behavior ::run [ RunTime:0.000000s ]
INFO: [ app_begin ] --END-- [ RunTime:0.000000s ]
SQL: SHOW COLUMNS FROM `xm_apply` [ RunTime:0.007000s ]
SQL: SELECT * FROM `xm_apply` WHERE ( app_uid=1 AND app_jid=52 ) LIMIT 1   [ RunTime:0.001000s ]

[ 2015-06-08T08:19:11+08:00 ] 127.0.0.1 /Index/index/p/2.html
NOTIC: 建议使用I方法替代_get

[ 2015-06-08T08:19:13+08:00 ] 127.0.0.1 /JobsInfo/index.html?jid=47
NOTIC: 建议使用I方法替代_get
NOTIC: 建议使用I方法替代_get

[ 2015-06-08T08:19:16+08:00 ] 127.0.0.1 /ApplyJob/apply.html
NOTIC: [2] stripslashes() expects exactly 1 parameter, 2 given D:\wamp\www\ThinkPHP3.1\ThinkPHP\Lib\Core\App.class.php 第 57 行.
NOTIC: [2] stripslashes() expects exactly 1 parameter, 2 given D:\wamp\www\ThinkPHP3.1\ThinkPHP\Lib\Core\App.class.php 第 57 行.
NOTIC: [2] stripslashes() expects exactly 1 parameter, 2 given D:\wamp\www\ThinkPHP3.1\ThinkPHP\Lib\Core\App.class.php 第 57 行.
INFO: [ app_begin ] --START--
INFO: ReadHtmlCache Behavior ::run [ RunTime:0.000000s ]
INFO: [ app_begin ] --END-- [ RunTime:0.001000s ]
SQL: SHOW COLUMNS FROM `xm_apply` [ RunTime:0.008001s ]
SQL: SELECT * FROM `xm_apply` WHERE ( app_uid=1 AND app_jid=47 ) LIMIT 1   [ RunTime:0.001000s ]
SQL: SHOW COLUMNS FROM `xm_users` [ RunTime:0.008000s ]
SQL: SELECT `apply_count`,`apply_time` FROM `xm_users` WHERE ( `uid` = 1 ) LIMIT 1   [ RunTime:0.001000s ]
SQL: SHOW COLUMNS FROM `xm_jobs` [ RunTime:0.008001s ]
SQL: SELECT `pay_way` FROM `xm_jobs` WHERE ( jid=47 ) LIMIT 1   [ RunTime:0.000000s ]
SQL: SELECT `pay_ccard_id` FROM `xm_users` WHERE ( uid=1 ) LIMIT 1   [ RunTime:0.000000s ]
SQL: SHOW COLUMNS FROM `xm_jobs` [ RunTime:0.008000s ]
SQL: SELECT `pub_oid` FROM `xm_jobs` WHERE ( jid=47 ) LIMIT 1   [ RunTime:0.000000s ]
SQL: INSERT INTO `xm_apply` (`app_uid`,`app_jid`,`app_oid`,`ctime`) VALUES (1,47,1,1433722756) [ RunTime:0.079005s ]
SQL: UPDATE `xm_users` SET `apply_count`=apply_count-1 WHERE ( uid=1 ) [ RunTime:0.044002s ]
SQL: UPDATE `xm_users` SET `apply_time`=1433722756 WHERE ( uid=1 ) [ RunTime:0.067004s ]

[ 2015-06-08T08:27:34+08:00 ] 127.0.0.1 /ApplyJob/apply.html
NOTIC: [2] stripslashes() expects exactly 1 parameter, 2 given D:\wamp\www\ThinkPHP3.1\ThinkPHP\Lib\Core\App.class.php 第 57 行.
NOTIC: [2] stripslashes() expects exactly 1 parameter, 2 given D:\wamp\www\ThinkPHP3.1\ThinkPHP\Lib\Core\App.class.php 第 57 行.
NOTIC: [2] stripslashes() expects exactly 1 parameter, 2 given D:\wamp\www\ThinkPHP3.1\ThinkPHP\Lib\Core\App.class.php 第 57 行.
INFO: [ app_begin ] --START--
INFO: ReadHtmlCache Behavior ::run [ RunTime:0.000000s ]
INFO: [ app_begin ] --END-- [ RunTime:0.000000s ]
SQL: SHOW COLUMNS FROM `xm_apply` [ RunTime:0.008000s ]
SQL: SELECT * FROM `xm_apply` WHERE ( app_uid=1 AND app_jid=47 ) LIMIT 1   [ RunTime:0.001001s ]
SQL: SHOW COLUMNS FROM `xm_users` [ RunTime:0.007000s ]
SQL: SELECT `apply_count`,`apply_time` FROM `xm_users` WHERE ( `uid` = 1 ) LIMIT 1   [ RunTime:0.001000s ]
SQL: SHOW COLUMNS FROM `xm_jobs` [ RunTime:0.007000s ]
SQL: SELECT `pay_way` FROM `xm_jobs` WHERE ( jid=47 ) LIMIT 1   [ RunTime:0.000000s ]
SQL: SELECT `pay_ccard_id` FROM `xm_users` WHERE ( uid=1 ) LIMIT 1   [ RunTime:0.000000s ]
SQL: SHOW COLUMNS FROM `xm_jobs` [ RunTime:0.008001s ]
SQL: SELECT `pub_oid` FROM `xm_jobs` WHERE ( jid=47 ) LIMIT 1   [ RunTime:0.000000s ]
SQL: INSERT INTO `xm_apply` (`app_uid`,`app_jid`,`app_oid`,`ctime`) VALUES (1,47,1,1433723254) [ RunTime:0.065004s ]
SQL: UPDATE `xm_users` SET `apply_count`=2 WHERE ( uid=1 ) [ RunTime:0.119006s ]
SQL: UPDATE `xm_users` SET `apply_time`=1433723254 WHERE ( uid=1 ) [ RunTime:0.036003s ]

[ 2015-06-08T08:27:40+08:00 ] 127.0.0.1 /JobsInfo/index.html?jid=50
NOTIC: 建议使用I方法替代_get
NOTIC: 建议使用I方法替代_get

[ 2015-06-08T08:27:43+08:00 ] 127.0.0.1 /ApplyJob/apply.html
NOTIC: [2] stripslashes() expects exactly 1 parameter, 2 given D:\wamp\www\ThinkPHP3.1\ThinkPHP\Lib\Core\App.class.php 第 57 行.
NOTIC: [2] stripslashes() expects exactly 1 parameter, 2 given D:\wamp\www\ThinkPHP3.1\ThinkPHP\Lib\Core\App.class.php 第 57 行.
NOTIC: [2] stripslashes() expects exactly 1 parameter, 2 given D:\wamp\www\ThinkPHP3.1\ThinkPHP\Lib\Core\App.class.php 第 57 行.
INFO: [ app_begin ] --START--
INFO: ReadHtmlCache Behavior ::run [ RunTime:0.001000s ]
INFO: [ app_begin ] --END-- [ RunTime:0.001000s ]
SQL: SHOW COLUMNS FROM `xm_apply` [ RunTime:0.006000s ]
SQL: SELECT * FROM `xm_apply` WHERE ( app_uid=1 AND app_jid=50 ) LIMIT 1   [ RunTime:0.000000s ]
SQL: SHOW COLUMNS FROM `xm_users` [ RunTime:0.007000s ]
SQL: SELECT `apply_count`,`apply_time` FROM `xm_users` WHERE ( `uid` = 1 ) LIMIT 1   [ RunTime:0.000000s ]
SQL: SHOW COLUMNS FROM `xm_jobs` [ RunTime:0.008001s ]
SQL: SELECT `pay_way` FROM `xm_jobs` WHERE ( jid=50 ) LIMIT 1   [ RunTime:0.001000s ]
SQL: SELECT `pay_ccard_id` FROM `xm_users` WHERE ( uid=1 ) LIMIT 1   [ RunTime:0.000000s ]
SQL: SHOW COLUMNS FROM `xm_jobs` [ RunTime:0.007000s ]
SQL: SELECT `pub_oid` FROM `xm_jobs` WHERE ( jid=50 ) LIMIT 1   [ RunTime:0.000000s ]
SQL: INSERT INTO `xm_apply` (`app_uid`,`app_jid`,`app_oid`,`ctime`) VALUES (1,50,1,1433723263) [ RunTime:0.206012s ]
SQL: UPDATE `xm_users` SET `apply_count`=apply_count-1 WHERE ( uid=1 ) [ RunTime:0.047003s ]
SQL: UPDATE `xm_users` SET `apply_time`=1433723263 WHERE ( uid=1 ) [ RunTime:0.108006s ]

[ 2015-06-08T08:27:49+08:00 ] 127.0.0.1 /JobsInfo/index.html?jid=46
NOTIC: 建议使用I方法替代_get
NOTIC: 建议使用I方法替代_get

[ 2015-06-08T08:27:52+08:00 ] 127.0.0.1 /ApplyJob/apply.html
NOTIC: [2] stripslashes() expects exactly 1 parameter, 2 given D:\wamp\www\ThinkPHP3.1\ThinkPHP\Lib\Core\App.class.php 第 57 行.
NOTIC: [2] stripslashes() expects exactly 1 parameter, 2 given D:\wamp\www\ThinkPHP3.1\ThinkPHP\Lib\Core\App.class.php 第 57 行.
NOTIC: [2] stripslashes() expects exactly 1 parameter, 2 given D:\wamp\www\ThinkPHP3.1\ThinkPHP\Lib\Core\App.class.php 第 57 行.
INFO: [ app_begin ] --START--
INFO: ReadHtmlCache Behavior ::run [ RunTime:0.001000s ]
INFO: [ app_begin ] --END-- [ RunTime:0.001000s ]
SQL: SHOW COLUMNS FROM `xm_apply` [ RunTime:0.007001s ]
SQL: SELECT * FROM `xm_apply` WHERE ( app_uid=1 AND app_jid=46 ) LIMIT 1   [ RunTime:0.001000s ]
SQL: SHOW COLUMNS FROM `xm_users` [ RunTime:0.007000s ]
SQL: SELECT `apply_count`,`apply_time` FROM `xm_users` WHERE ( `uid` = 1 ) LIMIT 1   [ RunTime:0.001000s ]
SQL: SHOW COLUMNS FROM `xm_jobs` [ RunTime:0.007001s ]
SQL: SELECT `pay_way` FROM `xm_jobs` WHERE ( jid=46 ) LIMIT 1   [ RunTime:0.001000s ]
SQL: SELECT `pay_alipay_id` FROM `xm_users` WHERE ( uid=1 ) LIMIT 1   [ RunTime:0.000000s ]
SQL: SHOW COLUMNS FROM `xm_jobs` [ RunTime:0.007000s ]
SQL: SELECT `pub_oid` FROM `xm_jobs` WHERE ( jid=46 ) LIMIT 1   [ RunTime:0.000000s ]
SQL: INSERT INTO `xm_apply` (`app_uid`,`app_jid`,`app_oid`,`ctime`) VALUES (1,46,1,1433723271) [ RunTime:0.079005s ]
SQL: UPDATE `xm_users` SET `apply_count`=apply_count-1 WHERE ( uid=1 ) [ RunTime:0.037002s ]
SQL: UPDATE `xm_users` SET `apply_time`=1433723272 WHERE ( uid=1 ) [ RunTime:0.044002s ]

[ 2015-06-08T08:27:58+08:00 ] 127.0.0.1 /JobsInfo/index.html?jid=41
NOTIC: 建议使用I方法替代_get
NOTIC: 建议使用I方法替代_get

[ 2015-06-08T08:28:00+08:00 ] 127.0.0.1 /ApplyJob/apply.html
NOTIC: [2] stripslashes() expects exactly 1 parameter, 2 given D:\wamp\www\ThinkPHP3.1\ThinkPHP\Lib\Core\App.class.php 第 57 行.
NOTIC: [2] stripslashes() expects exactly 1 parameter, 2 given D:\wamp\www\ThinkPHP3.1\ThinkPHP\Lib\Core\App.class.php 第 57 行.
NOTIC: [2] stripslashes() expects exactly 1 parameter, 2 given D:\wamp\www\ThinkPHP3.1\ThinkPHP\Lib\Core\App.class.php 第 57 行.
INFO: [ app_begin ] --START--
INFO: ReadHtmlCache Behavior ::run [ RunTime:0.000000s ]
INFO: [ app_begin ] --END-- [ RunTime:0.000000s ]
SQL: SHOW COLUMNS FROM `xm_apply` [ RunTime:0.008000s ]
SQL: SELECT * FROM `xm_apply` WHERE ( app_uid=1 AND app_jid=41 ) LIMIT 1   [ RunTime:0.001000s ]
SQL: SHOW COLUMNS FROM `xm_users` [ RunTime:0.007001s ]
SQL: SELECT `apply_count`,`apply_time` FROM `xm_users` WHERE ( `uid` = 1 ) LIMIT 1   [ RunTime:0.001000s ]

[ 2015-06-08T08:56:49+08:00 ] 127.0.0.1 /ApplyJob/apply.html
NOTIC: [2] stripslashes() expects exactly 1 parameter, 2 given D:\wamp\www\ThinkPHP3.1\ThinkPHP\Lib\Core\App.class.php 第 57 行.
NOTIC: [2] stripslashes() expects exactly 1 parameter, 2 given D:\wamp\www\ThinkPHP3.1\ThinkPHP\Lib\Core\App.class.php 第 57 行.
NOTIC: [2] stripslashes() expects exactly 1 parameter, 2 given D:\wamp\www\ThinkPHP3.1\ThinkPHP\Lib\Core\App.class.php 第 57 行.
INFO: [ app_begin ] --START--
INFO: ReadHtmlCache Behavior ::run [ RunTime:0.001000s ]
INFO: [ app_begin ] --END-- [ RunTime:0.001000s ]
SQL: SHOW COLUMNS FROM `xm_apply` [ RunTime:0.008000s ]
SQL: SELECT * FROM `xm_apply` WHERE ( app_uid=1 AND app_jid=41 ) LIMIT 1   [ RunTime:0.000000s ]
SQL: SHOW COLUMNS FROM `xm_users` [ RunTime:0.007000s ]
SQL: SELECT `apply_count`,`apply_time` FROM `xm_users` WHERE ( `uid` = 1 ) LIMIT 1   [ RunTime:0.000000s ]
SQL: SHOW COLUMNS FROM `xm_jobs` [ RunTime:0.008000s ]
SQL: SELECT `pay_way` FROM `xm_jobs` WHERE ( jid=41 ) LIMIT 1   [ RunTime:0.000000s ]
SQL: SELECT `default_payway` FROM `xm_users` WHERE ( uid=1 ) LIMIT 1   [ RunTime:0.000000s ]
SQL: SHOW COLUMNS FROM `xm_jobs` [ RunTime:0.007000s ]
SQL: SELECT `pub_oid` FROM `xm_jobs` WHERE ( jid=41 ) LIMIT 1   [ RunTime:0.001001s ]
SQL: INSERT INTO `xm_apply` (`app_oid`,`ctime`) VALUES (1,1433725008) [ RunTime:0.083004s ]
SQL: UPDATE `xm_users` SET `apply_count`=2 WHERE ( uid=1 ) [ RunTime:0.044003s ]
SQL: UPDATE `xm_users` SET `apply_time`=1433725009 WHERE ( uid=1 ) [ RunTime:0.099006s ]
SQL: UPDATE `xm_jobs` SET `current_peo`=current_peo+1 WHERE ( jid=41 ) [ RunTime:0.045002s ]

[ 2015-06-08T08:56:51+08:00 ] 127.0.0.1 /JobsInfo/index.html?jid=41
NOTIC: 建议使用I方法替代_get
NOTIC: 建议使用I方法替代_get

[ 2015-06-08T08:56:59+08:00 ] 127.0.0.1 /JobsInfo/index.html?jid=41
NOTIC: 建议使用I方法替代_get
NOTIC: 建议使用I方法替代_get

[ 2015-06-08T08:59:19+08:00 ] 127.0.0.1 /JobsInfo/index.html?jid=41
NOTIC: 建议使用I方法替代_get
NOTIC: 建议使用I方法替代_get

[ 2015-06-08T08:59:23+08:00 ] 127.0.0.1 /JobsInfo/index.html?jid=41
NOTIC: 建议使用I方法替代_get
NOTIC: 建议使用I方法替代_get

[ 2015-06-08T08:59:54+08:00 ] 127.0.0.1 /ApplyJob/apply.html
NOTIC: [2] stripslashes() expects exactly 1 parameter, 2 given D:\wamp\www\ThinkPHP3.1\ThinkPHP\Lib\Core\App.class.php 第 57 行.
NOTIC: [2] stripslashes() expects exactly 1 parameter, 2 given D:\wamp\www\ThinkPHP3.1\ThinkPHP\Lib\Core\App.class.php 第 57 行.
NOTIC: [2] stripslashes() expects exactly 1 parameter, 2 given D:\wamp\www\ThinkPHP3.1\ThinkPHP\Lib\Core\App.class.php 第 57 行.
INFO: [ app_begin ] --START--
INFO: ReadHtmlCache Behavior ::run [ RunTime:0.001000s ]
INFO: [ app_begin ] --END-- [ RunTime:0.001000s ]
SQL: SHOW COLUMNS FROM `xm_apply` [ RunTime:0.008001s ]
SQL: SELECT * FROM `xm_apply` WHERE ( app_uid=1 AND app_jid=41 ) LIMIT 1   [ RunTime:0.000000s ]
SQL: SHOW COLUMNS FROM `xm_users` [ RunTime:0.007000s ]
SQL: SELECT `apply_count`,`apply_time` FROM `xm_users` WHERE ( `uid` = 1 ) LIMIT 1   [ RunTime:0.000000s ]
SQL: SHOW COLUMNS FROM `xm_jobs` [ RunTime:0.008001s ]
SQL: SELECT `pay_way` FROM `xm_jobs` WHERE ( jid=41 ) LIMIT 1   [ RunTime:0.000000s ]
SQL: SELECT `default_payway` FROM `xm_users` WHERE ( uid=1 ) LIMIT 1   [ RunTime:0.001000s ]
SQL: SHOW COLUMNS FROM `xm_jobs` [ RunTime:0.007000s ]
SQL: SELECT `pub_oid` FROM `xm_jobs` WHERE ( jid=41 ) LIMIT 1   [ RunTime:0.000000s ]
SQL: INSERT INTO `xm_apply` (`app_oid`,`ctime`) VALUES (1,1433725194) [ RunTime:0.072005s ]
SQL: UPDATE `xm_users` SET `apply_count`=apply_count-1 WHERE ( uid=1 ) [ RunTime:0.111006s ]
SQL: UPDATE `xm_users` SET `apply_time`=1433725194 WHERE ( uid=1 ) [ RunTime:0.089005s ]
SQL: UPDATE `xm_jobs` SET `current_peo`=current_peo+1 WHERE ( jid=41 ) [ RunTime:0.100006s ]

[ 2015-06-08T09:01:12+08:00 ] 127.0.0.1 /JobsInfo/index.html?jid=41
NOTIC: 建议使用I方法替代_get
NOTIC: 建议使用I方法替代_get

[ 2015-06-08T09:02:38+08:00 ] 127.0.0.1 /JobsInfo/index.html?jid=41
NOTIC: 建议使用I方法替代_get
NOTIC: 建议使用I方法替代_get

[ 2015-06-08T09:03:38+08:00 ] 127.0.0.1 /JobsInfo/index.html?jid=41
NOTIC: 建议使用I方法替代_get
NOTIC: 建议使用I方法替代_get

[ 2015-06-08T09:04:16+08:00 ] 127.0.0.1 /JobsInfo/index.html?jid=41
NOTIC: 建议使用I方法替代_get
ERR: Model:getlaseSql您所请求的方法不存在！

[ 2015-06-08T09:04:22+08:00 ] 127.0.0.1 /JobsInfo/index.html?jid=41
NOTIC: 建议使用I方法替代_get
NOTIC: 建议使用I方法替代_get

[ 2015-06-08T09:04:53+08:00 ] 127.0.0.1 /JobsInfo/index.html?jid=41
NOTIC: 建议使用I方法替代_get
NOTIC: 建议使用I方法替代_get

[ 2015-06-08T09:09:55+08:00 ] 127.0.0.1 /JobsInfo/index.html?jid=41
NOTIC: 建议使用I方法替代_get
NOTIC: 建议使用I方法替代_get

[ 2015-06-08T09:10:07+08:00 ] 127.0.0.1 /ApplyJob/apply.html
NOTIC: [2] stripslashes() expects exactly 1 parameter, 2 given D:\wamp\www\ThinkPHP3.1\ThinkPHP\Lib\Core\App.class.php 第 57 行.
NOTIC: [2] stripslashes() expects exactly 1 parameter, 2 given D:\wamp\www\ThinkPHP3.1\ThinkPHP\Lib\Core\App.class.php 第 57 行.
NOTIC: [2] stripslashes() expects exactly 1 parameter, 2 given D:\wamp\www\ThinkPHP3.1\ThinkPHP\Lib\Core\App.class.php 第 57 行.
INFO: [ app_begin ] --START--
INFO: ReadHtmlCache Behavior ::run [ RunTime:0.001000s ]
INFO: [ app_begin ] --END-- [ RunTime:0.001000s ]
SQL: SHOW COLUMNS FROM `xm_apply` [ RunTime:0.007000s ]
SQL: SELECT * FROM `xm_apply` WHERE ( app_uid=1 AND app_jid=41 ) LIMIT 1   [ RunTime:0.001000s ]
SQL: SHOW COLUMNS FROM `xm_users` [ RunTime:0.007000s ]
SQL: SELECT `apply_count`,`apply_time` FROM `xm_users` WHERE ( `uid` = 1 ) LIMIT 1   [ RunTime:0.000000s ]
SQL: SHOW COLUMNS FROM `xm_jobs` [ RunTime:0.008000s ]
SQL: SELECT `pay_way` FROM `xm_jobs` WHERE ( jid=41 ) LIMIT 1   [ RunTime:0.001000s ]
SQL: SELECT `default_payway` FROM `xm_users` WHERE ( uid=1 ) LIMIT 1   [ RunTime:0.000000s ]
SQL: SHOW COLUMNS FROM `xm_jobs` [ RunTime:0.007000s ]
SQL: SELECT `pub_oid` FROM `xm_jobs` WHERE ( jid=41 ) LIMIT 1   [ RunTime:0.000000s ]
SQL: INSERT INTO `xm_apply` (`app_oid`,`ctime`) VALUES (1,1433725807) [ RunTime:0.087004s ]
SQL: UPDATE `xm_users` SET `apply_count`=2 WHERE ( uid=1 ) [ RunTime:0.278016s ]
SQL: UPDATE `xm_users` SET `apply_time`=1433725807 WHERE ( uid=1 ) [ RunTime:0.066004s ]
SQL: UPDATE `xm_jobs` SET `current_peo`=current_peo+1 WHERE ( jid=41 ) [ RunTime:0.100006s ]

[ 2015-06-08T09:10:10+08:00 ] 127.0.0.1 /JobsInfo/index.html?jid=41
NOTIC: 建议使用I方法替代_get
NOTIC: 建议使用I方法替代_get

[ 2015-06-08T09:11:31+08:00 ] 127.0.0.1 /JobsInfo/index.html?jid=41
NOTIC: 建议使用I方法替代_get
NOTIC: 建议使用I方法替代_get

[ 2015-06-08T09:11:52+08:00 ] 127.0.0.1 /Index/index.html
NOTIC: 建议使用I方法替代_get

[ 2015-06-08T09:12:02+08:00 ] 127.0.0.1 /Login/login.html
NOTIC: [2] stripslashes() expects exactly 1 parameter, 2 given D:\wamp\www\ThinkPHP3.1\ThinkPHP\Lib\Core\App.class.php 第 56 行.
NOTIC: [2] stripslashes() expects exactly 1 parameter, 2 given D:\wamp\www\ThinkPHP3.1\ThinkPHP\Lib\Core\App.class.php 第 56 行.
NOTIC: [2] stripslashes() expects exactly 1 parameter, 2 given D:\wamp\www\ThinkPHP3.1\ThinkPHP\Lib\Core\App.class.php 第 56 行.
NOTIC: [2] stripslashes() expects exactly 1 parameter, 2 given D:\wamp\www\ThinkPHP3.1\ThinkPHP\Lib\Core\App.class.php 第 56 行.
NOTIC: [2] stripslashes() expects exactly 1 parameter, 2 given D:\wamp\www\ThinkPHP3.1\ThinkPHP\Lib\Core\App.class.php 第 56 行.
NOTIC: [2] stripslashes() expects exactly 1 parameter, 2 given D:\wamp\www\ThinkPHP3.1\ThinkPHP\Lib\Core\App.class.php 第 57 行.
NOTIC: [2] stripslashes() expects exactly 1 parameter, 2 given D:\wamp\www\ThinkPHP3.1\ThinkPHP\Lib\Core\App.class.php 第 57 行.
NOTIC: [2] stripslashes() expects exactly 1 parameter, 2 given D:\wamp\www\ThinkPHP3.1\ThinkPHP\Lib\Core\App.class.php 第 57 行.
INFO: [ app_begin ] --START--
INFO: ReadHtmlCache Behavior ::run [ RunTime:0.001000s ]
INFO: [ app_begin ] --END-- [ RunTime:0.001000s ]
NOTIC: 建议使用I方法替代_post
NOTIC: 建议使用I方法替代_post
NOTIC: 建议使用I方法替代_post
NOTIC: 建议使用I方法替代_post
NOTIC: 建议使用I方法替代_post
SQL: SHOW COLUMNS FROM `xm_orgs` [ RunTime:0.007000s ]
SQL: SELECT `oid`,`orgname`,`phone` FROM `xm_orgs` WHERE ( phone='13256929238' AND passwd='21232f297a57a5a743894a0e4a801fc3' ) LIMIT 1   [ RunTime:0.000000s ]
NOTIC: 建议使用I方法替代_post

[ 2015-06-08T09:20:02+08:00 ] 127.0.0.1 /OrgCenter/isPass.html?ispass=yes&uid=1&app_id=24&jid=60
NOTIC: [2] stripslashes() expects exactly 1 parameter, 2 given D:\wamp\www\ThinkPHP3.1\ThinkPHP\Lib\Core\App.class.php 第 57 行.
NOTIC: [2] stripslashes() expects exactly 1 parameter, 2 given D:\wamp\www\ThinkPHP3.1\ThinkPHP\Lib\Core\App.class.php 第 57 行.
NOTIC: [2] stripslashes() expects exactly 1 parameter, 2 given D:\wamp\www\ThinkPHP3.1\ThinkPHP\Lib\Core\App.class.php 第 57 行.
NOTIC: [2] stripslashes() expects exactly 1 parameter, 2 given D:\wamp\www\ThinkPHP3.1\ThinkPHP\Lib\Core\App.class.php 第 57 行.
NOTIC: [2] stripslashes() expects exactly 1 parameter, 2 given D:\wamp\www\ThinkPHP3.1\ThinkPHP\Lib\Core\App.class.php 第 57 行.
NOTIC: [2] stripslashes() expects exactly 1 parameter, 2 given D:\wamp\www\ThinkPHP3.1\ThinkPHP\Lib\Core\App.class.php 第 57 行.
NOTIC: [2] stripslashes() expects exactly 1 parameter, 2 given D:\wamp\www\ThinkPHP3.1\ThinkPHP\Lib\Core\App.class.php 第 57 行.
INFO: [ app_begin ] --START--
INFO: ReadHtmlCache Behavior ::run [ RunTime:0.000000s ]
INFO: [ app_begin ] --END-- [ RunTime:0.001000s ]
NOTIC: 建议使用I方法替代_get
NOTIC: 建议使用I方法替代_get
NOTIC: 建议使用I方法替代_get
NOTIC: 建议使用I方法替代_get
SQL: SHOW COLUMNS FROM `xm_jobs` [ RunTime:0.008001s ]
SQL: UPDATE `xm_jobs` SET `current_peo`=current_peo+1 WHERE ( jid=60 ) [ RunTime:0.083004s ]
SQL: SELECT `crowd_uids` FROM `xm_jobs` WHERE ( jid=60 ) LIMIT 1   [ RunTime:0.000000s ]
ERR: 1054:Unknown column 'crowd_uids' in 'field list'
 [ SQL语句 ] : SELECT `crowd_uids` FROM `xm_jobs` WHERE ( jid=60 ) LIMIT 1  
NOTIC: [8] Undefined variable: set D:\wamp\www\ThinkPHP3.1\ThinkPHP\Lib\Core\Db.class.php 第 294 行.
NOTIC: [2] implode() [<a href='function.implode'>function.implode</a>]: Invalid arguments passed D:\wamp\www\ThinkPHP3.1\ThinkPHP\Lib\Core\Db.class.php 第 294 行.
SQL: UPDATE `xm_jobs` SET  WHERE ( jid=60 ) [ RunTime:0.000000s ]
ERR: 1064:You have an error in your SQL syntax; check the manual that corresponds to your MySQL server version for the right syntax to use near 'WHERE ( jid=60 )' at line 1
 [ SQL语句 ] : UPDATE `xm_jobs` SET  WHERE ( jid=60 )
SQL: SHOW COLUMNS FROM `xm_apply` [ RunTime:0.007000s ]
SQL: UPDATE `xm_apply` SET `is_pass`=2 WHERE ( app_id=24 ) [ RunTime:0.058003s ]

[ 2015-06-08T09:25:51+08:00 ] 127.0.0.1 /
NOTIC: 建议使用I方法替代_get

[ 2015-06-08T09:26:06+08:00 ] 127.0.0.1 /Login/login.html
NOTIC: [2] stripslashes() expects exactly 1 parameter, 2 given D:\wamp\www\ThinkPHP3.1\ThinkPHP\Lib\Core\App.class.php 第 56 行.
NOTIC: [2] stripslashes() expects exactly 1 parameter, 2 given D:\wamp\www\ThinkPHP3.1\ThinkPHP\Lib\Core\App.class.php 第 56 行.
NOTIC: [2] stripslashes() expects exactly 1 parameter, 2 given D:\wamp\www\ThinkPHP3.1\ThinkPHP\Lib\Core\App.class.php 第 56 行.
NOTIC: [2] stripslashes() expects exactly 1 parameter, 2 given D:\wamp\www\ThinkPHP3.1\ThinkPHP\Lib\Core\App.class.php 第 56 行.
NOTIC: [2] stripslashes() expects exactly 1 parameter, 2 given D:\wamp\www\ThinkPHP3.1\ThinkPHP\Lib\Core\App.class.php 第 56 行.
NOTIC: [2] stripslashes() expects exactly 1 parameter, 2 given D:\wamp\www\ThinkPHP3.1\ThinkPHP\Lib\Core\App.class.php 第 57 行.
NOTIC: [2] stripslashes() expects exactly 1 parameter, 2 given D:\wamp\www\ThinkPHP3.1\ThinkPHP\Lib\Core\App.class.php 第 57 行.
NOTIC: [2] stripslashes() expects exactly 1 parameter, 2 given D:\wamp\www\ThinkPHP3.1\ThinkPHP\Lib\Core\App.class.php 第 57 行.
INFO: [ app_begin ] --START--
INFO: ReadHtmlCache Behavior ::run [ RunTime:0.001000s ]
INFO: [ app_begin ] --END-- [ RunTime:0.001000s ]
NOTIC: 建议使用I方法替代_post
NOTIC: 建议使用I方法替代_post
NOTIC: 建议使用I方法替代_post
NOTIC: 建议使用I方法替代_post
NOTIC: 建议使用I方法替代_post
SQL: SHOW COLUMNS FROM `xm_users` [ RunTime:0.007001s ]
SQL: SELECT `uid`,`username`,`phone` FROM `xm_users` WHERE ( phone='13256929238' AND passwd='21232f297a57a5a743894a0e4a801fc3' ) LIMIT 1   [ RunTime:0.000000s ]
NOTIC: 建议使用I方法替代_post

[ 2015-06-08T12:11:58+08:00 ] 127.0.0.1 /
NOTIC: 建议使用I方法替代_get

[ 2015-06-08T12:12:34+08:00 ] 127.0.0.1 /JobsInfo/index.html?jid=60
NOTIC: 建议使用I方法替代_get
NOTIC: 建议使用I方法替代_get

[ 2015-06-08T12:36:52+08:00 ] 127.0.0.1 /
NOTIC: 建议使用I方法替代_get

[ 2015-06-08T12:37:37+08:00 ] 127.0.0.1 /JobsInfo/index.html?jid=60
NOTIC: 建议使用I方法替代_get
NOTIC: 建议使用I方法替代_get

[ 2015-06-08T12:37:40+08:00 ] 127.0.0.1 /ApplyJob/apply.html
NOTIC: [2] stripslashes() expects exactly 1 parameter, 2 given D:\wamp\www\ThinkPHP3.1\ThinkPHP\Lib\Core\App.class.php 第 57 行.
NOTIC: [2] stripslashes() expects exactly 1 parameter, 2 given D:\wamp\www\ThinkPHP3.1\ThinkPHP\Lib\Core\App.class.php 第 57 行.
NOTIC: [2] stripslashes() expects exactly 1 parameter, 2 given D:\wamp\www\ThinkPHP3.1\ThinkPHP\Lib\Core\App.class.php 第 57 行.
INFO: [ app_begin ] --START--
INFO: ReadHtmlCache Behavior ::run [ RunTime:0.001000s ]
INFO: [ app_begin ] --END-- [ RunTime:0.001000s ]
SQL: SHOW COLUMNS FROM `xm_apply` [ RunTime:0.006001s ]
SQL: SELECT * FROM `xm_apply` WHERE ( app_uid=1 AND app_jid=60 ) LIMIT 1   [ RunTime:0.000000s ]
SQL: SHOW COLUMNS FROM `xm_users` [ RunTime:0.011000s ]
SQL: SELECT `apply_count`,`apply_time` FROM `xm_users` WHERE ( `uid` = 1 ) LIMIT 1   [ RunTime:0.000000s ]
SQL: SHOW COLUMNS FROM `xm_jobs` [ RunTime:0.008001s ]
SQL: SELECT `pay_way` FROM `xm_jobs` WHERE ( jid=60 ) LIMIT 1   [ RunTime:0.001000s ]
SQL: SELECT `pay_alipay_id` FROM `xm_users` WHERE ( uid=1 ) LIMIT 1   [ RunTime:0.000000s ]
SQL: SELECT `pub_oid` FROM `xm_jobs` WHERE ( jid=60 ) LIMIT 1   [ RunTime:0.000000s ]
SQL: INSERT INTO `xm_apply` (`app_oid`,`ctime`) VALUES (1,1433738260) [ RunTime:0.083005s ]
SQL: UPDATE `xm_users` SET `apply_count`=apply_count-1 WHERE ( uid=1 ) [ RunTime:0.044002s ]
SQL: UPDATE `xm_users` SET `apply_time`=1433738260 WHERE ( uid=1 ) [ RunTime:0.076005s ]
SQL: UPDATE `xm_jobs` SET `current_peo`=current_peo+1 WHERE ( jid=60 ) [ RunTime:0.035002s ]

[ 2015-06-08T12:37:43+08:00 ] 127.0.0.1 /ApplyJob/apply.html
NOTIC: [2] stripslashes() expects exactly 1 parameter, 2 given D:\wamp\www\ThinkPHP3.1\ThinkPHP\Lib\Core\App.class.php 第 57 行.
NOTIC: [2] stripslashes() expects exactly 1 parameter, 2 given D:\wamp\www\ThinkPHP3.1\ThinkPHP\Lib\Core\App.class.php 第 57 行.
NOTIC: [2] stripslashes() expects exactly 1 parameter, 2 given D:\wamp\www\ThinkPHP3.1\ThinkPHP\Lib\Core\App.class.php 第 57 行.
INFO: [ app_begin ] --START--
INFO: ReadHtmlCache Behavior ::run [ RunTime:0.001000s ]
INFO: [ app_begin ] --END-- [ RunTime:0.001000s ]
SQL: SHOW COLUMNS FROM `xm_apply` [ RunTime:0.006001s ]
SQL: SELECT * FROM `xm_apply` WHERE ( app_uid=1 AND app_jid=60 ) LIMIT 1   [ RunTime:0.000000s ]
SQL: SHOW COLUMNS FROM `xm_users` [ RunTime:0.007000s ]
SQL: SELECT `apply_count`,`apply_time` FROM `xm_users` WHERE ( `uid` = 1 ) LIMIT 1   [ RunTime:0.000000s ]
SQL: SHOW COLUMNS FROM `xm_jobs` [ RunTime:0.008001s ]
SQL: SELECT `pay_way` FROM `xm_jobs` WHERE ( jid=60 ) LIMIT 1   [ RunTime:0.001000s ]
SQL: SELECT `pay_alipay_id` FROM `xm_users` WHERE ( uid=1 ) LIMIT 1   [ RunTime:0.000000s ]
SQL: SELECT `pub_oid` FROM `xm_jobs` WHERE ( jid=60 ) LIMIT 1   [ RunTime:0.000000s ]
SQL: INSERT INTO `xm_apply` (`app_oid`,`ctime`) VALUES (1,1433738263) [ RunTime:0.050002s ]
SQL: UPDATE `xm_users` SET `apply_count`=apply_count-1 WHERE ( uid=1 ) [ RunTime:0.055004s ]
SQL: UPDATE `xm_users` SET `apply_time`=1433738263 WHERE ( uid=1 ) [ RunTime:0.045002s ]
SQL: UPDATE `xm_jobs` SET `current_peo`=current_peo+1 WHERE ( jid=60 ) [ RunTime:0.044003s ]

[ 2015-06-08T12:42:07+08:00 ] 127.0.0.1 /ApplyJob/apply.html
NOTIC: [2] stripslashes() expects exactly 1 parameter, 2 given D:\wamp\www\ThinkPHP3.1\ThinkPHP\Lib\Core\App.class.php 第 57 行.
NOTIC: [2] stripslashes() expects exactly 1 parameter, 2 given D:\wamp\www\ThinkPHP3.1\ThinkPHP\Lib\Core\App.class.php 第 57 行.
NOTIC: [2] stripslashes() expects exactly 1 parameter, 2 given D:\wamp\www\ThinkPHP3.1\ThinkPHP\Lib\Core\App.class.php 第 57 行.
INFO: [ app_begin ] --START--
INFO: ReadHtmlCache Behavior ::run [ RunTime:0.001000s ]
INFO: [ app_begin ] --END-- [ RunTime:0.001000s ]
SQL: SHOW COLUMNS FROM `xm_apply` [ RunTime:0.009001s ]
SQL: SELECT * FROM `xm_apply` WHERE ( app_uid=1 AND app_jid=60 ) LIMIT 1   [ RunTime:0.001000s ]
SQL: SHOW COLUMNS FROM `xm_users` [ RunTime:0.008000s ]
SQL: SELECT `apply_count`,`apply_time` FROM `xm_users` WHERE ( `uid` = 1 ) LIMIT 1   [ RunTime:0.001000s ]

[ 2015-06-08T12:42:21+08:00 ] 127.0.0.1 /ApplyJob/apply.html
NOTIC: [2] stripslashes() expects exactly 1 parameter, 2 given D:\wamp\www\ThinkPHP3.1\ThinkPHP\Lib\Core\App.class.php 第 57 行.
NOTIC: [2] stripslashes() expects exactly 1 parameter, 2 given D:\wamp\www\ThinkPHP3.1\ThinkPHP\Lib\Core\App.class.php 第 57 行.
NOTIC: [2] stripslashes() expects exactly 1 parameter, 2 given D:\wamp\www\ThinkPHP3.1\ThinkPHP\Lib\Core\App.class.php 第 57 行.
INFO: [ app_begin ] --START--
INFO: ReadHtmlCache Behavior ::run [ RunTime:0.000000s ]
INFO: [ app_begin ] --END-- [ RunTime:0.000000s ]
SQL: SHOW COLUMNS FROM `xm_apply` [ RunTime:0.008000s ]
SQL: SELECT * FROM `xm_apply` WHERE ( app_uid=1 AND app_jid=60 ) LIMIT 1   [ RunTime:0.001000s ]
SQL: SHOW COLUMNS FROM `xm_users` [ RunTime:0.007001s ]
SQL: SELECT `apply_count`,`apply_time` FROM `xm_users` WHERE ( `uid` = 1 ) LIMIT 1   [ RunTime:0.000000s ]

[ 2015-06-08T12:43:32+08:00 ] 127.0.0.1 /ApplyJob/apply.html
NOTIC: [2] stripslashes() expects exactly 1 parameter, 2 given D:\wamp\www\ThinkPHP3.1\ThinkPHP\Lib\Core\App.class.php 第 57 行.
NOTIC: [2] stripslashes() expects exactly 1 parameter, 2 given D:\wamp\www\ThinkPHP3.1\ThinkPHP\Lib\Core\App.class.php 第 57 行.
NOTIC: [2] stripslashes() expects exactly 1 parameter, 2 given D:\wamp\www\ThinkPHP3.1\ThinkPHP\Lib\Core\App.class.php 第 57 行.
INFO: [ app_begin ] --START--
INFO: ReadHtmlCache Behavior ::run [ RunTime:0.001000s ]
INFO: [ app_begin ] --END-- [ RunTime:0.001000s ]
SQL: SHOW COLUMNS FROM `xm_apply` [ RunTime:0.010000s ]
SQL: SELECT * FROM `xm_apply` WHERE ( app_uid=1 AND app_jid=60 ) LIMIT 1   [ RunTime:0.001000s ]
SQL: SHOW COLUMNS FROM `xm_users` [ RunTime:0.008001s ]
SQL: SELECT `apply_count`,`apply_time` FROM `xm_users` WHERE ( `uid` = 1 ) LIMIT 1   [ RunTime:0.000000s ]

[ 2015-06-08T12:45:57+08:00 ] 127.0.0.1 /ApplyJob/apply.html
NOTIC: [2] stripslashes() expects exactly 1 parameter, 2 given D:\wamp\www\ThinkPHP3.1\ThinkPHP\Lib\Core\App.class.php 第 57 行.
NOTIC: [2] stripslashes() expects exactly 1 parameter, 2 given D:\wamp\www\ThinkPHP3.1\ThinkPHP\Lib\Core\App.class.php 第 57 行.
NOTIC: [2] stripslashes() expects exactly 1 parameter, 2 given D:\wamp\www\ThinkPHP3.1\ThinkPHP\Lib\Core\App.class.php 第 57 行.
INFO: [ app_begin ] --START--
INFO: ReadHtmlCache Behavior ::run [ RunTime:0.001000s ]
INFO: [ app_begin ] --END-- [ RunTime:0.001000s ]
SQL: SHOW COLUMNS FROM `xm_apply` [ RunTime:0.009000s ]
SQL: SELECT * FROM `xm_apply` WHERE ( app_uid=1 AND app_jid=60 ) LIMIT 1   [ RunTime:0.000000s ]
SQL: SHOW COLUMNS FROM `xm_users` [ RunTime:0.009000s ]
SQL: SELECT `apply_count`,`apply_time` FROM `xm_users` WHERE ( `uid` = 1 ) LIMIT 1   [ RunTime:0.000000s ]
SQL: SHOW COLUMNS FROM `xm_jobs` [ RunTime:0.008001s ]
SQL: SELECT `pay_way` FROM `xm_jobs` WHERE ( jid=60 ) LIMIT 1   [ RunTime:0.001000s ]
SQL: SELECT `pay_alipay_id` FROM `xm_users` WHERE ( uid=1 ) LIMIT 1   [ RunTime:0.000000s ]
SQL: SELECT `pub_oid` FROM `xm_jobs` WHERE ( jid=60 ) LIMIT 1   [ RunTime:0.000000s ]
SQL: INSERT INTO `xm_apply` (`app_oid`,`ctime`) VALUES (1,1433738757) [ RunTime:0.049003s ]
SQL: UPDATE `xm_users` SET `apply_count`=apply_count-1 WHERE ( uid=1 ) [ RunTime:0.044002s ]
SQL: UPDATE `xm_users` SET `apply_time`=1433738757 WHERE ( uid=1 ) [ RunTime:0.056003s ]
SQL: UPDATE `xm_jobs` SET `current_peo`=current_peo+1 WHERE ( jid=60 ) [ RunTime:0.044003s ]

[ 2015-06-08T12:46:09+08:00 ] 127.0.0.1 /ApplyJob/apply.html
NOTIC: [2] stripslashes() expects exactly 1 parameter, 2 given D:\wamp\www\ThinkPHP3.1\ThinkPHP\Lib\Core\App.class.php 第 57 行.
NOTIC: [2] stripslashes() expects exactly 1 parameter, 2 given D:\wamp\www\ThinkPHP3.1\ThinkPHP\Lib\Core\App.class.php 第 57 行.
NOTIC: [2] stripslashes() expects exactly 1 parameter, 2 given D:\wamp\www\ThinkPHP3.1\ThinkPHP\Lib\Core\App.class.php 第 57 行.
INFO: [ app_begin ] --START--
INFO: ReadHtmlCache Behavior ::run [ RunTime:0.001000s ]
INFO: [ app_begin ] --END-- [ RunTime:0.001000s ]
SQL: SHOW COLUMNS FROM `xm_apply` [ RunTime:0.008000s ]
SQL: SELECT * FROM `xm_apply` WHERE ( app_uid=1 AND app_jid=60 ) LIMIT 1   [ RunTime:0.000000s ]
SQL: SHOW COLUMNS FROM `xm_users` [ RunTime:0.008001s ]
SQL: SELECT `apply_count`,`apply_time` FROM `xm_users` WHERE ( `uid` = 1 ) LIMIT 1   [ RunTime:0.000000s ]
SQL: SHOW COLUMNS FROM `xm_jobs` [ RunTime:0.008000s ]
SQL: SELECT `pay_way` FROM `xm_jobs` WHERE ( jid=60 ) LIMIT 1   [ RunTime:0.000000s ]
SQL: SELECT `pay_alipay_id` FROM `xm_users` WHERE ( uid=1 ) LIMIT 1   [ RunTime:0.000000s ]
SQL: SELECT `pub_oid` FROM `xm_jobs` WHERE ( jid=60 ) LIMIT 1   [ RunTime:0.000000s ]
SQL: INSERT INTO `xm_apply` (`app_oid`,`ctime`) VALUES (1,1433738769) [ RunTime:0.051002s ]
SQL: UPDATE `xm_users` SET `apply_count`=apply_count-1 WHERE ( uid=1 ) [ RunTime:0.044003s ]
SQL: UPDATE `xm_users` SET `apply_time`=1433738769 WHERE ( uid=1 ) [ RunTime:0.044003s ]
SQL: UPDATE `xm_jobs` SET `current_peo`=current_peo+1 WHERE ( jid=60 ) [ RunTime:0.044002s ]

[ 2015-06-08T12:47:43+08:00 ] 127.0.0.1 /JobsInfo/index.html?jid=60
NOTIC: 建议使用I方法替代_get
NOTIC: 建议使用I方法替代_get

[ 2015-06-08T12:47:47+08:00 ] 127.0.0.1 /ApplyJob/apply.html
NOTIC: [2] stripslashes() expects exactly 1 parameter, 2 given D:\wamp\www\ThinkPHP3.1\ThinkPHP\Lib\Core\App.class.php 第 57 行.
NOTIC: [2] stripslashes() expects exactly 1 parameter, 2 given D:\wamp\www\ThinkPHP3.1\ThinkPHP\Lib\Core\App.class.php 第 57 行.
NOTIC: [2] stripslashes() expects exactly 1 parameter, 2 given D:\wamp\www\ThinkPHP3.1\ThinkPHP\Lib\Core\App.class.php 第 57 行.
INFO: [ app_begin ] --START--
INFO: ReadHtmlCache Behavior ::run [ RunTime:0.000000s ]
INFO: [ app_begin ] --END-- [ RunTime:0.002000s ]
SQL: SHOW COLUMNS FROM `xm_apply` [ RunTime:0.016001s ]
SQL: SELECT * FROM `xm_apply` WHERE ( app_uid=1 AND app_jid=60 ) LIMIT 1   [ RunTime:0.001000s ]
SQL: SHOW COLUMNS FROM `xm_users` [ RunTime:0.012000s ]
SQL: SELECT `apply_count`,`apply_time` FROM `xm_users` WHERE ( `uid` = 1 ) LIMIT 1   [ RunTime:0.000000s ]
SQL: SHOW COLUMNS FROM `xm_jobs` [ RunTime:0.016001s ]
SQL: SELECT `pay_way` FROM `xm_jobs` WHERE ( jid=60 ) LIMIT 1   [ RunTime:0.002001s ]
SQL: SELECT `pay_alipay_id` FROM `xm_users` WHERE ( uid=1 ) LIMIT 1   [ RunTime:0.001000s ]
SQL: SELECT `pub_oid` FROM `xm_jobs` WHERE ( jid=60 ) LIMIT 1   [ RunTime:0.001000s ]
SQL: INSERT INTO `xm_apply` (`app_oid`,`app_uid`,`ctime`) VALUES (1,1,1433738866) [ RunTime:0.057003s ]
SQL: UPDATE `xm_users` SET `apply_count`=apply_count-1 WHERE ( uid=1 ) [ RunTime:0.055003s ]
SQL: UPDATE `xm_users` SET `apply_time`=1433738866 WHERE ( uid=1 ) [ RunTime:0.066004s ]
SQL: UPDATE `xm_jobs` SET `current_peo`=current_peo+1 WHERE ( jid=60 ) [ RunTime:0.044002s ]

[ 2015-06-08T12:47:55+08:00 ] 127.0.0.1 /ApplyJob/apply.html
NOTIC: [2] stripslashes() expects exactly 1 parameter, 2 given D:\wamp\www\ThinkPHP3.1\ThinkPHP\Lib\Core\App.class.php 第 57 行.
NOTIC: [2] stripslashes() expects exactly 1 parameter, 2 given D:\wamp\www\ThinkPHP3.1\ThinkPHP\Lib\Core\App.class.php 第 57 行.
NOTIC: [2] stripslashes() expects exactly 1 parameter, 2 given D:\wamp\www\ThinkPHP3.1\ThinkPHP\Lib\Core\App.class.php 第 57 行.
INFO: [ app_begin ] --START--
INFO: ReadHtmlCache Behavior ::run [ RunTime:0.000000s ]
INFO: [ app_begin ] --END-- [ RunTime:0.000000s ]
SQL: SHOW COLUMNS FROM `xm_apply` [ RunTime:0.007000s ]
SQL: SELECT * FROM `xm_apply` WHERE ( app_uid=1 AND app_jid=60 ) LIMIT 1   [ RunTime:0.001000s ]
SQL: SHOW COLUMNS FROM `xm_users` [ RunTime:0.007001s ]
SQL: SELECT `apply_count`,`apply_time` FROM `xm_users` WHERE ( `uid` = 1 ) LIMIT 1   [ RunTime:0.000000s ]

[ 2015-06-08T12:48:16+08:00 ] 127.0.0.1 /ApplyJob/apply.html
NOTIC: [2] stripslashes() expects exactly 1 parameter, 2 given D:\wamp\www\ThinkPHP3.1\ThinkPHP\Lib\Core\App.class.php 第 57 行.
NOTIC: [2] stripslashes() expects exactly 1 parameter, 2 given D:\wamp\www\ThinkPHP3.1\ThinkPHP\Lib\Core\App.class.php 第 57 行.
NOTIC: [2] stripslashes() expects exactly 1 parameter, 2 given D:\wamp\www\ThinkPHP3.1\ThinkPHP\Lib\Core\App.class.php 第 57 行.
INFO: [ app_begin ] --START--
INFO: ReadHtmlCache Behavior ::run [ RunTime:0.001001s ]
INFO: [ app_begin ] --END-- [ RunTime:0.001001s ]
SQL: SHOW COLUMNS FROM `xm_apply` [ RunTime:0.007000s ]
SQL: SELECT * FROM `xm_apply` WHERE ( app_uid=1 AND app_jid=60 ) LIMIT 1   [ RunTime:0.000000s ]
SQL: SHOW COLUMNS FROM `xm_users` [ RunTime:0.007001s ]
SQL: SELECT `apply_count`,`apply_time` FROM `xm_users` WHERE ( `uid` = 1 ) LIMIT 1   [ RunTime:0.000000s ]
SQL: SHOW COLUMNS FROM `xm_jobs` [ RunTime:0.007000s ]
SQL: SELECT `pay_way` FROM `xm_jobs` WHERE ( jid=60 ) LIMIT 1   [ RunTime:0.001000s ]
SQL: SELECT `pay_alipay_id` FROM `xm_users` WHERE ( uid=1 ) LIMIT 1   [ RunTime:0.000000s ]
SQL: SELECT `pub_oid` FROM `xm_jobs` WHERE ( jid=60 ) LIMIT 1   [ RunTime:0.000000s ]
SQL: INSERT INTO `xm_apply` (`app_oid`,`app_uid`,`ctime`) VALUES (1,1,1433738896) [ RunTime:0.059004s ]
SQL: UPDATE `xm_users` SET `apply_count`=apply_count-1 WHERE ( uid=1 ) [ RunTime:0.044002s ]
SQL: UPDATE `xm_users` SET `apply_time`=1433738896 WHERE ( uid=1 ) [ RunTime:0.044003s ]
SQL: UPDATE `xm_jobs` SET `current_peo`=current_peo+1 WHERE ( jid=60 ) [ RunTime:0.055003s ]

[ 2015-06-08T12:48:20+08:00 ] 127.0.0.1 /ApplyJob/apply.html
NOTIC: [2] stripslashes() expects exactly 1 parameter, 2 given D:\wamp\www\ThinkPHP3.1\ThinkPHP\Lib\Core\App.class.php 第 57 行.
NOTIC: [2] stripslashes() expects exactly 1 parameter, 2 given D:\wamp\www\ThinkPHP3.1\ThinkPHP\Lib\Core\App.class.php 第 57 行.
NOTIC: [2] stripslashes() expects exactly 1 parameter, 2 given D:\wamp\www\ThinkPHP3.1\ThinkPHP\Lib\Core\App.class.php 第 57 行.
INFO: [ app_begin ] --START--
INFO: ReadHtmlCache Behavior ::run [ RunTime:0.000000s ]
INFO: [ app_begin ] --END-- [ RunTime:0.000000s ]
SQL: SHOW COLUMNS FROM `xm_apply` [ RunTime:0.007000s ]
SQL: SELECT * FROM `xm_apply` WHERE ( app_uid=1 AND app_jid=60 ) LIMIT 1   [ RunTime:0.000000s ]
SQL: SHOW COLUMNS FROM `xm_users` [ RunTime:0.008000s ]
SQL: SELECT `apply_count`,`apply_time` FROM `xm_users` WHERE ( `uid` = 1 ) LIMIT 1   [ RunTime:0.000000s ]
SQL: SHOW COLUMNS FROM `xm_jobs` [ RunTime:0.007000s ]
SQL: SELECT `pay_way` FROM `xm_jobs` WHERE ( jid=60 ) LIMIT 1   [ RunTime:0.001000s ]
SQL: SELECT `pay_alipay_id` FROM `xm_users` WHERE ( uid=1 ) LIMIT 1   [ RunTime:0.000000s ]
SQL: SELECT `pub_oid` FROM `xm_jobs` WHERE ( jid=60 ) LIMIT 1   [ RunTime:0.000000s ]
SQL: INSERT INTO `xm_apply` (`app_oid`,`app_uid`,`ctime`) VALUES (1,1,1433738900) [ RunTime:0.048003s ]
SQL: UPDATE `xm_users` SET `apply_count`=apply_count-1 WHERE ( uid=1 ) [ RunTime:0.044002s ]
SQL: UPDATE `xm_users` SET `apply_time`=1433738900 WHERE ( uid=1 ) [ RunTime:0.055003s ]
SQL: UPDATE `xm_jobs` SET `current_peo`=current_peo+1 WHERE ( jid=60 ) [ RunTime:0.044002s ]

[ 2015-06-08T12:48:25+08:00 ] 127.0.0.1 /ApplyJob/apply.html
NOTIC: [2] stripslashes() expects exactly 1 parameter, 2 given D:\wamp\www\ThinkPHP3.1\ThinkPHP\Lib\Core\App.class.php 第 57 行.
NOTIC: [2] stripslashes() expects exactly 1 parameter, 2 given D:\wamp\www\ThinkPHP3.1\ThinkPHP\Lib\Core\App.class.php 第 57 行.
NOTIC: [2] stripslashes() expects exactly 1 parameter, 2 given D:\wamp\www\ThinkPHP3.1\ThinkPHP\Lib\Core\App.class.php 第 57 行.
INFO: [ app_begin ] --START--
INFO: ReadHtmlCache Behavior ::run [ RunTime:0.000000s ]
INFO: [ app_begin ] --END-- [ RunTime:0.000000s ]
SQL: SHOW COLUMNS FROM `xm_apply` [ RunTime:0.007000s ]
SQL: SELECT * FROM `xm_apply` WHERE ( app_uid=1 AND app_jid=60 ) LIMIT 1   [ RunTime:0.000000s ]
SQL: SHOW COLUMNS FROM `xm_users` [ RunTime:0.008001s ]
SQL: SELECT `apply_count`,`apply_time` FROM `xm_users` WHERE ( `uid` = 1 ) LIMIT 1   [ RunTime:0.000000s ]

[ 2015-06-08T12:49:30+08:00 ] 127.0.0.1 /ApplyJob/apply.html
NOTIC: [2] stripslashes() expects exactly 1 parameter, 2 given D:\wamp\www\ThinkPHP3.1\ThinkPHP\Lib\Core\App.class.php 第 57 行.
NOTIC: [2] stripslashes() expects exactly 1 parameter, 2 given D:\wamp\www\ThinkPHP3.1\ThinkPHP\Lib\Core\App.class.php 第 57 行.
NOTIC: [2] stripslashes() expects exactly 1 parameter, 2 given D:\wamp\www\ThinkPHP3.1\ThinkPHP\Lib\Core\App.class.php 第 57 行.
INFO: [ app_begin ] --START--
INFO: ReadHtmlCache Behavior ::run [ RunTime:0.001000s ]
INFO: [ app_begin ] --END-- [ RunTime:0.001000s ]
SQL: SHOW COLUMNS FROM `xm_apply` [ RunTime:0.007000s ]
SQL: SELECT * FROM `xm_apply` WHERE ( app_uid=1 AND app_jid=60 ) LIMIT 1   [ RunTime:0.001000s ]
SQL: SHOW COLUMNS FROM `xm_users` [ RunTime:0.007001s ]
SQL: SELECT `apply_count`,`apply_time` FROM `xm_users` WHERE ( `uid` = 1 ) LIMIT 1   [ RunTime:0.001000s ]
SQL: SHOW COLUMNS FROM `xm_jobs` [ RunTime:0.008000s ]
SQL: SELECT `pay_way` FROM `xm_jobs` WHERE ( jid=60 ) LIMIT 1   [ RunTime:0.000000s ]
SQL: SELECT `pay_alipay_id` FROM `xm_users` WHERE ( uid=1 ) LIMIT 1   [ RunTime:0.001000s ]
SQL: SELECT `pub_oid` FROM `xm_jobs` WHERE ( jid=60 ) LIMIT 1   [ RunTime:0.000000s ]
SQL: INSERT INTO `xm_apply` (`app_oid`,`app_uid`,`app_jid`,`ctime`) VALUES (1,1,60,1433738970) [ RunTime:0.059004s ]
SQL: UPDATE `xm_users` SET `apply_count`=apply_count-1 WHERE ( uid=1 ) [ RunTime:0.055003s ]
SQL: UPDATE `xm_users` SET `apply_time`=1433738970 WHERE ( uid=1 ) [ RunTime:0.044003s ]
SQL: UPDATE `xm_jobs` SET `current_peo`=current_peo+1 WHERE ( jid=60 ) [ RunTime:0.067003s ]

[ 2015-06-08T12:49:32+08:00 ] 127.0.0.1 /ApplyJob/apply.html
NOTIC: [2] stripslashes() expects exactly 1 parameter, 2 given D:\wamp\www\ThinkPHP3.1\ThinkPHP\Lib\Core\App.class.php 第 57 行.
NOTIC: [2] stripslashes() expects exactly 1 parameter, 2 given D:\wamp\www\ThinkPHP3.1\ThinkPHP\Lib\Core\App.class.php 第 57 行.
NOTIC: [2] stripslashes() expects exactly 1 parameter, 2 given D:\wamp\www\ThinkPHP3.1\ThinkPHP\Lib\Core\App.class.php 第 57 行.
INFO: [ app_begin ] --START--
INFO: ReadHtmlCache Behavior ::run [ RunTime:0.000000s ]
INFO: [ app_begin ] --END-- [ RunTime:0.000000s ]
SQL: SHOW COLUMNS FROM `xm_apply` [ RunTime:0.007000s ]
SQL: SELECT * FROM `xm_apply` WHERE ( app_uid=1 AND app_jid=60 ) LIMIT 1   [ RunTime:0.000000s ]

[ 2015-06-08T12:56:50+08:00 ] 127.0.0.1 /ApplyJob/apply.html
NOTIC: [2] stripslashes() expects exactly 1 parameter, 2 given D:\wamp\www\ThinkPHP3.1\ThinkPHP\Lib\Core\App.class.php 第 57 行.
NOTIC: [2] stripslashes() expects exactly 1 parameter, 2 given D:\wamp\www\ThinkPHP3.1\ThinkPHP\Lib\Core\App.class.php 第 57 行.
NOTIC: [2] stripslashes() expects exactly 1 parameter, 2 given D:\wamp\www\ThinkPHP3.1\ThinkPHP\Lib\Core\App.class.php 第 57 行.
INFO: [ app_begin ] --START--
INFO: ReadHtmlCache Behavior ::run [ RunTime:0.000000s ]
INFO: [ app_begin ] --END-- [ RunTime:0.000000s ]
SQL: SHOW COLUMNS FROM `xm_apply` [ RunTime:0.007000s ]
SQL: SELECT * FROM `xm_apply` WHERE ( app_uid=1 AND app_jid=60 ) LIMIT 1   [ RunTime:0.000000s ]

[ 2015-06-08T12:56:53+08:00 ] 127.0.0.1 /JobsInfo/index.html?jid=60
NOTIC: 建议使用I方法替代_get
NOTIC: 建议使用I方法替代_get

[ 2015-06-08T12:56:56+08:00 ] 127.0.0.1 /ApplyJob/apply.html
NOTIC: [2] stripslashes() expects exactly 1 parameter, 2 given D:\wamp\www\ThinkPHP3.1\ThinkPHP\Lib\Core\App.class.php 第 57 行.
NOTIC: [2] stripslashes() expects exactly 1 parameter, 2 given D:\wamp\www\ThinkPHP3.1\ThinkPHP\Lib\Core\App.class.php 第 57 行.
NOTIC: [2] stripslashes() expects exactly 1 parameter, 2 given D:\wamp\www\ThinkPHP3.1\ThinkPHP\Lib\Core\App.class.php 第 57 行.
INFO: [ app_begin ] --START--
INFO: ReadHtmlCache Behavior ::run [ RunTime:0.000000s ]
INFO: [ app_begin ] --END-- [ RunTime:0.000000s ]
SQL: SHOW COLUMNS FROM `xm_apply` [ RunTime:0.007000s ]
SQL: SELECT * FROM `xm_apply` WHERE ( app_uid=1 AND app_jid=60 ) LIMIT 1   [ RunTime:0.000000s ]

[ 2015-06-08T12:56:59+08:00 ] 127.0.0.1 /JobsInfo/index.html?jid=60
NOTIC: 建议使用I方法替代_get
NOTIC: 建议使用I方法替代_get

[ 2015-06-08T12:59:53+08:00 ] 127.0.0.1 /JobsInfo/index.html?jid=60
NOTIC: 建议使用I方法替代_get
NOTIC: 建议使用I方法替代_get

[ 2015-06-08T22:55:24+08:00 ] 127.0.0.1 /
NOTIC: 建议使用I方法替代_get

[ 2015-06-08T23:23:52+08:00 ] 127.0.0.1 /
NOTIC: 建议使用I方法替代_get

[ 2015-06-08T23:23:55+08:00 ] 127.0.0.1 /Index/index.html
NOTIC: 建议使用I方法替代_get

[ 2015-06-08T23:24:04+08:00 ] 127.0.0.1 /Index/index.html
NOTIC: 建议使用I方法替代_get

[ 2015-06-08T23:24:22+08:00 ] 127.0.0.1 /Login/login.html
NOTIC: [2] stripslashes() expects exactly 1 parameter, 2 given D:\wamp\www\ThinkPHP3.1\ThinkPHP\Lib\Core\App.class.php 第 56 行.
NOTIC: [2] stripslashes() expects exactly 1 parameter, 2 given D:\wamp\www\ThinkPHP3.1\ThinkPHP\Lib\Core\App.class.php 第 56 行.
NOTIC: [2] stripslashes() expects exactly 1 parameter, 2 given D:\wamp\www\ThinkPHP3.1\ThinkPHP\Lib\Core\App.class.php 第 56 行.
NOTIC: [2] stripslashes() expects exactly 1 parameter, 2 given D:\wamp\www\ThinkPHP3.1\ThinkPHP\Lib\Core\App.class.php 第 56 行.
NOTIC: [2] stripslashes() expects exactly 1 parameter, 2 given D:\wamp\www\ThinkPHP3.1\ThinkPHP\Lib\Core\App.class.php 第 56 行.
NOTIC: [2] stripslashes() expects exactly 1 parameter, 2 given D:\wamp\www\ThinkPHP3.1\ThinkPHP\Lib\Core\App.class.php 第 57 行.
NOTIC: [2] stripslashes() expects exactly 1 parameter, 2 given D:\wamp\www\ThinkPHP3.1\ThinkPHP\Lib\Core\App.class.php 第 57 行.
NOTIC: [2] stripslashes() expects exactly 1 parameter, 2 given D:\wamp\www\ThinkPHP3.1\ThinkPHP\Lib\Core\App.class.php 第 57 行.
INFO: [ app_begin ] --START--
INFO: ReadHtmlCache Behavior ::run [ RunTime:0.000000s ]
INFO: [ app_begin ] --END-- [ RunTime:0.000000s ]
NOTIC: 建议使用I方法替代_post
NOTIC: 建议使用I方法替代_post
NOTIC: 建议使用I方法替代_post
NOTIC: 建议使用I方法替代_post
NOTIC: 建议使用I方法替代_post
SQL: SHOW COLUMNS FROM `xm_orgs` [ RunTime:0.011001s ]
SQL: SELECT `oid`,`orgname`,`phone` FROM `xm_orgs` WHERE ( phone='13256929238' AND passwd='21232f297a57a5a743894a0e4a801fc3' ) LIMIT 1   [ RunTime:0.000000s ]
NOTIC: 建议使用I方法替代_post

[ 2015-06-08T23:24:26+08:00 ] 127.0.0.1 /OrgCenter/isPass.html?ispass=yes&uid=1&app_id=35&jid=60
NOTIC: [2] stripslashes() expects exactly 1 parameter, 2 given D:\wamp\www\ThinkPHP3.1\ThinkPHP\Lib\Core\App.class.php 第 57 行.
NOTIC: [2] stripslashes() expects exactly 1 parameter, 2 given D:\wamp\www\ThinkPHP3.1\ThinkPHP\Lib\Core\App.class.php 第 57 行.
NOTIC: [2] stripslashes() expects exactly 1 parameter, 2 given D:\wamp\www\ThinkPHP3.1\ThinkPHP\Lib\Core\App.class.php 第 57 行.
NOTIC: [2] stripslashes() expects exactly 1 parameter, 2 given D:\wamp\www\ThinkPHP3.1\ThinkPHP\Lib\Core\App.class.php 第 57 行.
NOTIC: [2] stripslashes() expects exactly 1 parameter, 2 given D:\wamp\www\ThinkPHP3.1\ThinkPHP\Lib\Core\App.class.php 第 57 行.
NOTIC: [2] stripslashes() expects exactly 1 parameter, 2 given D:\wamp\www\ThinkPHP3.1\ThinkPHP\Lib\Core\App.class.php 第 57 行.
NOTIC: [2] stripslashes() expects exactly 1 parameter, 2 given D:\wamp\www\ThinkPHP3.1\ThinkPHP\Lib\Core\App.class.php 第 57 行.
INFO: [ app_begin ] --START--
INFO: ReadHtmlCache Behavior ::run [ RunTime:0.001000s ]
INFO: [ app_begin ] --END-- [ RunTime:0.001000s ]
NOTIC: 建议使用I方法替代_get
NOTIC: 建议使用I方法替代_get
NOTIC: 建议使用I方法替代_get
NOTIC: 建议使用I方法替代_get
SQL: SHOW COLUMNS FROM `xm_jobs` [ RunTime:0.008000s ]
SQL: SHOW COLUMNS FROM `xm_working` [ RunTime:0.010001s ]
SQL: INSERT INTO `xm_working` (`work_uid`,`work_jid`,`ctime`) VALUES (1,60,1433777066) [ RunTime:0.078004s ]
SQL: SHOW COLUMNS FROM `xm_apply` [ RunTime:0.007001s ]
SQL: UPDATE `xm_apply` SET `is_pass`=2 WHERE ( app_id=35 ) [ RunTime:0.101006s ]

[ 2015-06-08T23:24:33+08:00 ] 127.0.0.1 /OrgCenter/showIngJobDetail.html?jid=60
NOTIC: 建议使用I方法替代_get

[ 2015-06-08T23:24:47+08:00 ] 127.0.0.1 /UserCenter/MyJobHandler.html?wid=2&f=1
NOTIC: [2] stripslashes() expects exactly 1 parameter, 2 given D:\wamp\www\ThinkPHP3.1\ThinkPHP\Lib\Core\App.class.php 第 57 行.
NOTIC: [2] stripslashes() expects exactly 1 parameter, 2 given D:\wamp\www\ThinkPHP3.1\ThinkPHP\Lib\Core\App.class.php 第 57 行.
NOTIC: [2] stripslashes() expects exactly 1 parameter, 2 given D:\wamp\www\ThinkPHP3.1\ThinkPHP\Lib\Core\App.class.php 第 57 行.
NOTIC: [2] stripslashes() expects exactly 1 parameter, 2 given D:\wamp\www\ThinkPHP3.1\ThinkPHP\Lib\Core\App.class.php 第 57 行.
NOTIC: [2] stripslashes() expects exactly 1 parameter, 2 given D:\wamp\www\ThinkPHP3.1\ThinkPHP\Lib\Core\App.class.php 第 57 行.
INFO: [ app_begin ] --START--
INFO: ReadHtmlCache Behavior ::run [ RunTime:0.001000s ]
INFO: [ app_begin ] --END-- [ RunTime:0.001000s ]
NOTIC: 建议使用I方法替代_get
NOTIC: 建议使用I方法替代_get
SQL: SHOW COLUMNS FROM `xm_working` [ RunTime:0.007000s ]
SQL: SELECT `work_status` FROM `xm_working` WHERE ( work_id=2 ) LIMIT 1   [ RunTime:0.001000s ]
SQL: UPDATE `xm_working` SET `work_status`=1,`begin_time`=1433777087 WHERE ( work_id=2 ) [ RunTime:0.141008s ]

[ 2015-06-08T23:24:54+08:00 ] 127.0.0.1 /OrgCenter/showIngJobDetail.html?jid=60
NOTIC: 建议使用I方法替代_get

[ 2015-06-08T23:25:02+08:00 ] 127.0.0.1 /UserCenter/MyJobHandler.html?wid=2&f=2
NOTIC: [2] stripslashes() expects exactly 1 parameter, 2 given D:\wamp\www\ThinkPHP3.1\ThinkPHP\Lib\Core\App.class.php 第 57 行.
NOTIC: [2] stripslashes() expects exactly 1 parameter, 2 given D:\wamp\www\ThinkPHP3.1\ThinkPHP\Lib\Core\App.class.php 第 57 行.
NOTIC: [2] stripslashes() expects exactly 1 parameter, 2 given D:\wamp\www\ThinkPHP3.1\ThinkPHP\Lib\Core\App.class.php 第 57 行.
NOTIC: [2] stripslashes() expects exactly 1 parameter, 2 given D:\wamp\www\ThinkPHP3.1\ThinkPHP\Lib\Core\App.class.php 第 57 行.
NOTIC: [2] stripslashes() expects exactly 1 parameter, 2 given D:\wamp\www\ThinkPHP3.1\ThinkPHP\Lib\Core\App.class.php 第 57 行.
INFO: [ app_begin ] --START--
INFO: ReadHtmlCache Behavior ::run [ RunTime:0.000000s ]
INFO: [ app_begin ] --END-- [ RunTime:0.000000s ]
NOTIC: 建议使用I方法替代_get
NOTIC: 建议使用I方法替代_get
SQL: SHOW COLUMNS FROM `xm_working` [ RunTime:0.008001s ]
SQL: SELECT `work_status` FROM `xm_working` WHERE ( work_id=2 ) LIMIT 1   [ RunTime:0.001000s ]
SQL: UPDATE `xm_working` SET `work_status`=2,`end_time`=1433777102 WHERE ( work_id=2 ) [ RunTime:0.094005s ]

[ 2015-06-08T23:25:13+08:00 ] 127.0.0.1 /OrgCenter/showIngJobDetail.html?jid=60
NOTIC: 建议使用I方法替代_get

[ 2015-06-08T23:27:07+08:00 ] 127.0.0.1 /OrgCenter/showIngJobDetail.html?jid=60
NOTIC: 建议使用I方法替代_get

[ 2015-06-08T23:27:11+08:00 ] 127.0.0.1 /OrgCenter/statusHandler.html?wid=2&f=0
NOTIC: [2] stripslashes() expects exactly 1 parameter, 2 given D:\wamp\www\ThinkPHP3.1\ThinkPHP\Lib\Core\App.class.php 第 57 行.
NOTIC: [2] stripslashes() expects exactly 1 parameter, 2 given D:\wamp\www\ThinkPHP3.1\ThinkPHP\Lib\Core\App.class.php 第 57 行.
NOTIC: [2] stripslashes() expects exactly 1 parameter, 2 given D:\wamp\www\ThinkPHP3.1\ThinkPHP\Lib\Core\App.class.php 第 57 行.
NOTIC: [2] stripslashes() expects exactly 1 parameter, 2 given D:\wamp\www\ThinkPHP3.1\ThinkPHP\Lib\Core\App.class.php 第 57 行.
NOTIC: [2] stripslashes() expects exactly 1 parameter, 2 given D:\wamp\www\ThinkPHP3.1\ThinkPHP\Lib\Core\App.class.php 第 57 行.
INFO: [ app_begin ] --START--
INFO: ReadHtmlCache Behavior ::run [ RunTime:0.000000s ]
INFO: [ app_begin ] --END-- [ RunTime:0.000000s ]
NOTIC: 建议使用I方法替代_get
NOTIC: 建议使用I方法替代_get
SQL: SHOW COLUMNS FROM `xm_working` [ RunTime:0.007000s ]
SQL: UPDATE `xm_working` SET `is_pass`=1,`work_status`=2 WHERE ( work_id=2 ) [ RunTime:0.104006s ]

[ 2015-06-08T23:27:22+08:00 ] 127.0.0.1 /OrgCenter/showIngJobDetail.html?jid=60
NOTIC: 建议使用I方法替代_get

[ 2015-06-08T23:54:59+08:00 ] 127.0.0.1 /OrgCenter/showIngJobDetail.html?jid=60
NOTIC: 建议使用I方法替代_get

[ 2015-06-08T23:55:11+08:00 ] 127.0.0.1 /OrgCenter/showIngJobDetail.html?jid=60
NOTIC: 建议使用I方法替代_get

[ 2015-06-08T23:55:28+08:00 ] 127.0.0.1 /
NOTIC: 建议使用I方法替代_get

[ 2015-06-08T23:55:32+08:00 ] 127.0.0.1 /JobsInfo/index.html?jid=54
NOTIC: 建议使用I方法替代_get
NOTIC: 建议使用I方法替代_get

[ 2015-06-08T23:55:37+08:00 ] 127.0.0.1 /ApplyJob/apply.html
NOTIC: [2] stripslashes() expects exactly 1 parameter, 2 given D:\wamp\www\ThinkPHP3.1\ThinkPHP\Lib\Core\App.class.php 第 57 行.
NOTIC: [2] stripslashes() expects exactly 1 parameter, 2 given D:\wamp\www\ThinkPHP3.1\ThinkPHP\Lib\Core\App.class.php 第 57 行.
NOTIC: [2] stripslashes() expects exactly 1 parameter, 2 given D:\wamp\www\ThinkPHP3.1\ThinkPHP\Lib\Core\App.class.php 第 57 行.
INFO: [ app_begin ] --START--
INFO: ReadHtmlCache Behavior ::run [ RunTime:0.000000s ]
INFO: [ app_begin ] --END-- [ RunTime:0.000000s ]
SQL: SHOW COLUMNS FROM `xm_apply` [ RunTime:0.004000s ]
SQL: SELECT * FROM `xm_apply` WHERE ( app_uid=1 AND app_jid=54 ) LIMIT 1   [ RunTime:0.001000s ]
SQL: SHOW COLUMNS FROM `xm_users` [ RunTime:0.005001s ]
SQL: SELECT `apply_count`,`apply_time` FROM `xm_users` WHERE ( `uid` = 1 ) LIMIT 1   [ RunTime:0.001000s ]
SQL: SHOW COLUMNS FROM `xm_jobs` [ RunTime:0.005000s ]
SQL: SELECT `pay_way` FROM `xm_jobs` WHERE ( jid=54 ) LIMIT 1   [ RunTime:0.000000s ]
SQL: SELECT `pay_ccard_id` FROM `xm_users` WHERE ( uid=1 ) LIMIT 1   [ RunTime:0.000000s ]
SQL: SELECT `pub_oid` FROM `xm_jobs` WHERE ( jid=54 ) LIMIT 1   [ RunTime:0.000000s ]
SQL: INSERT INTO `xm_apply` (`app_oid`,`app_uid`,`app_jid`,`ctime`) VALUES (1,1,54,1433778936) [ RunTime:0.082005s ]
SQL: UPDATE `xm_users` SET `apply_count`=apply_count-1 WHERE ( uid=1 ) [ RunTime:0.100005s ]
SQL: UPDATE `xm_users` SET `apply_time`=1433778936 WHERE ( uid=1 ) [ RunTime:0.089006s ]
SQL: UPDATE `xm_jobs` SET `current_peo`=current_peo+1 WHERE ( jid=54 ) [ RunTime:0.111006s ]

[ 2015-06-08T23:55:54+08:00 ] 127.0.0.1 /OrgCenter/isPass.html?ispass=yes&uid=1&app_id=36&jid=54
NOTIC: [2] stripslashes() expects exactly 1 parameter, 2 given D:\wamp\www\ThinkPHP3.1\ThinkPHP\Lib\Core\App.class.php 第 57 行.
NOTIC: [2] stripslashes() expects exactly 1 parameter, 2 given D:\wamp\www\ThinkPHP3.1\ThinkPHP\Lib\Core\App.class.php 第 57 行.
NOTIC: [2] stripslashes() expects exactly 1 parameter, 2 given D:\wamp\www\ThinkPHP3.1\ThinkPHP\Lib\Core\App.class.php 第 57 行.
NOTIC: [2] stripslashes() expects exactly 1 parameter, 2 given D:\wamp\www\ThinkPHP3.1\ThinkPHP\Lib\Core\App.class.php 第 57 行.
NOTIC: [2] stripslashes() expects exactly 1 parameter, 2 given D:\wamp\www\ThinkPHP3.1\ThinkPHP\Lib\Core\App.class.php 第 57 行.
NOTIC: [2] stripslashes() expects exactly 1 parameter, 2 given D:\wamp\www\ThinkPHP3.1\ThinkPHP\Lib\Core\App.class.php 第 57 行.
NOTIC: [2] stripslashes() expects exactly 1 parameter, 2 given D:\wamp\www\ThinkPHP3.1\ThinkPHP\Lib\Core\App.class.php 第 57 行.
INFO: [ app_begin ] --START--
INFO: ReadHtmlCache Behavior ::run [ RunTime:0.001000s ]
INFO: [ app_begin ] --END-- [ RunTime:0.001000s ]
NOTIC: 建议使用I方法替代_get
NOTIC: 建议使用I方法替代_get
NOTIC: 建议使用I方法替代_get
NOTIC: 建议使用I方法替代_get
SQL: SHOW COLUMNS FROM `xm_jobs` [ RunTime:0.007000s ]
SQL: SHOW COLUMNS FROM `xm_working` [ RunTime:0.005000s ]
SQL: INSERT INTO `xm_working` (`work_uid`,`work_jid`,`ctime`) VALUES (1,54,1433778954) [ RunTime:0.111007s ]
SQL: SHOW COLUMNS FROM `xm_apply` [ RunTime:0.004000s ]
SQL: UPDATE `xm_apply` SET `is_pass`=2 WHERE ( app_id=36 ) [ RunTime:0.053003s ]

[ 2015-06-08T23:56:00+08:00 ] 127.0.0.1 /OrgCenter/showIngJobDetail.html?jid=54
NOTIC: 建议使用I方法替代_get

[ 2015-06-08T23:56:27+08:00 ] 127.0.0.1 /UserCenter/MyJobHandler.html?wid=3&f=1
NOTIC: [2] stripslashes() expects exactly 1 parameter, 2 given D:\wamp\www\ThinkPHP3.1\ThinkPHP\Lib\Core\App.class.php 第 57 行.
NOTIC: [2] stripslashes() expects exactly 1 parameter, 2 given D:\wamp\www\ThinkPHP3.1\ThinkPHP\Lib\Core\App.class.php 第 57 行.
NOTIC: [2] stripslashes() expects exactly 1 parameter, 2 given D:\wamp\www\ThinkPHP3.1\ThinkPHP\Lib\Core\App.class.php 第 57 行.
NOTIC: [2] stripslashes() expects exactly 1 parameter, 2 given D:\wamp\www\ThinkPHP3.1\ThinkPHP\Lib\Core\App.class.php 第 57 行.
NOTIC: [2] stripslashes() expects exactly 1 parameter, 2 given D:\wamp\www\ThinkPHP3.1\ThinkPHP\Lib\Core\App.class.php 第 57 行.
INFO: [ app_begin ] --START--
INFO: ReadHtmlCache Behavior ::run [ RunTime:0.001000s ]
INFO: [ app_begin ] --END-- [ RunTime:0.001000s ]
NOTIC: 建议使用I方法替代_get
NOTIC: 建议使用I方法替代_get
SQL: SHOW COLUMNS FROM `xm_working` [ RunTime:0.004000s ]
SQL: SELECT `work_status` FROM `xm_working` WHERE ( work_id=3 ) LIMIT 1   [ RunTime:0.001000s ]
SQL: UPDATE `xm_working` SET `work_status`=1,`begin_time`=1433778987 WHERE ( work_id=3 ) [ RunTime:0.105006s ]

[ 2015-06-08T23:56:37+08:00 ] 127.0.0.1 /UserCenter/MyJobHandler.html?wid=3&f=2
NOTIC: [2] stripslashes() expects exactly 1 parameter, 2 given D:\wamp\www\ThinkPHP3.1\ThinkPHP\Lib\Core\App.class.php 第 57 行.
NOTIC: [2] stripslashes() expects exactly 1 parameter, 2 given D:\wamp\www\ThinkPHP3.1\ThinkPHP\Lib\Core\App.class.php 第 57 行.
NOTIC: [2] stripslashes() expects exactly 1 parameter, 2 given D:\wamp\www\ThinkPHP3.1\ThinkPHP\Lib\Core\App.class.php 第 57 行.
NOTIC: [2] stripslashes() expects exactly 1 parameter, 2 given D:\wamp\www\ThinkPHP3.1\ThinkPHP\Lib\Core\App.class.php 第 57 行.
NOTIC: [2] stripslashes() expects exactly 1 parameter, 2 given D:\wamp\www\ThinkPHP3.1\ThinkPHP\Lib\Core\App.class.php 第 57 行.
INFO: [ app_begin ] --START--
INFO: ReadHtmlCache Behavior ::run [ RunTime:0.001000s ]
INFO: [ app_begin ] --END-- [ RunTime:0.001000s ]
NOTIC: 建议使用I方法替代_get
NOTIC: 建议使用I方法替代_get
SQL: SHOW COLUMNS FROM `xm_working` [ RunTime:0.004000s ]
SQL: SELECT `work_status` FROM `xm_working` WHERE ( work_id=3 ) LIMIT 1   [ RunTime:0.000000s ]
SQL: UPDATE `xm_working` SET `end_time`=1433778997 WHERE ( work_id=3 ) [ RunTime:0.101006s ]

[ 2015-06-08T23:58:04+08:00 ] 127.0.0.1 /OrgCenter/showIngJobDetail.html?jid=54
NOTIC: 建议使用I方法替代_get

[ 2015-06-08T23:58:57+08:00 ] 127.0.0.1 /OrgCenter/showIngJobDetail.html?jid=54
NOTIC: 建议使用I方法替代_get

[ 2015-06-08T23:58:59+08:00 ] 127.0.0.1 /OrgCenter/showIngJobDetail.html?jid=54
NOTIC: 建议使用I方法替代_get

[ 2015-06-08T23:59:01+08:00 ] 127.0.0.1 /OrgCenter/showIngJobDetail.html?jid=54
NOTIC: 建议使用I方法替代_get

[ 2015-06-08T23:59:02+08:00 ] 127.0.0.1 /OrgCenter/showIngJobDetail.html?jid=54
NOTIC: 建议使用I方法替代_get

