[ 2015-03-21T00:04:54+08:00 ] 0.0.0.0 /thinkphp3.1/index.php?m=Register&a=reg
INFO: [ app_begin ] --START--
INFO: ReadHtmlCache Behavior ::run [ RunTime:0.000791s ]
INFO: [ app_begin ] --END-- [ RunTime:0.000906s ]
NOTIC: 建议使用I方法替代_post

[ 2015-03-21T00:05:18+08:00 ] 0.0.0.0 /thinkphp3.1/index.php?m=Register&a=reg
INFO: [ app_begin ] --START--
INFO: ReadHtmlCache Behavior ::run [ RunTime:0.001380s ]
INFO: [ app_begin ] --END-- [ RunTime:0.001588s ]
NOTIC: 建议使用I方法替代_post

[ 2015-03-21T00:07:30+08:00 ] 0.0.0.0 /thinkphp3.1/index.php?m=Register&a=reg
INFO: [ app_begin ] --START--
INFO: ReadHtmlCache Behavior ::run [ RunTime:0.000646s ]
INFO: [ app_begin ] --END-- [ RunTime:0.000747s ]
NOTIC: 建议使用I方法替代_post

[ 2015-03-21T00:07:40+08:00 ] 0.0.0.0 /thinkphp3.1/index.php?m=Register&a=reg
INFO: [ app_begin ] --START--
INFO: ReadHtmlCache Behavior ::run [ RunTime:0.000695s ]
INFO: [ app_begin ] --END-- [ RunTime:0.000795s ]
NOTIC: 建议使用I方法替代_post

[ 2015-03-21T00:09:27+08:00 ] 0.0.0.0 /thinkphp3.1/index.php?m=Register&a=reg
INFO: [ app_begin ] --START--
INFO: ReadHtmlCache Behavior ::run [ RunTime:0.000552s ]
INFO: [ app_begin ] --END-- [ RunTime:0.000662s ]
NOTIC: 建议使用I方法替代_post

[ 2015-03-21T00:09:35+08:00 ] 0.0.0.0 /thinkphp3.1/index.php?m=Register&a=reg
INFO: [ app_begin ] --START--
INFO: ReadHtmlCache Behavior ::run [ RunTime:0.000619s ]
INFO: [ app_begin ] --END-- [ RunTime:0.000718s ]
NOTIC: 建议使用I方法替代_post

[ 2015-03-21T00:10:10+08:00 ] 0.0.0.0 /thinkphp3.1/index.php?m=Register&a=reg
INFO: [ app_begin ] --START--
INFO: ReadHtmlCache Behavior ::run [ RunTime:0.000752s ]
INFO: [ app_begin ] --END-- [ RunTime:0.000876s ]
NOTIC: 建议使用I方法替代_post

[ 2015-03-21T00:10:17+08:00 ] 0.0.0.0 /thinkphp3.1/index.php?m=Register&a=reg
INFO: [ app_begin ] --START--
INFO: ReadHtmlCache Behavior ::run [ RunTime:0.000604s ]
INFO: [ app_begin ] --END-- [ RunTime:0.000726s ]
NOTIC: 建议使用I方法替代_post

[ 2015-03-21T09:14:18+08:00 ] 0.0.0.0 /thinkphp3.1/index.php?m=Register&a=sendEmail
INFO: [ app_begin ] --START--
INFO: ReadHtmlCache Behavior ::run [ RunTime:0.000727s ]
INFO: [ app_begin ] --END-- [ RunTime:0.000836s ]
NOTIC: 建议使用I方法替代_post

[ 2015-03-21T09:17:36+08:00 ] 0.0.0.0 /thinkphp3.1/index.php?m=Register&a=sendEmail
INFO: [ app_begin ] --START--
INFO: ReadHtmlCache Behavior ::run [ RunTime:0.001093s ]
INFO: [ app_begin ] --END-- [ RunTime:0.001253s ]
NOTIC: 建议使用I方法替代_post

[ 2015-03-21T09:17:37+08:00 ] 0.0.0.0 /thinkphp3.1/index.php?m=Register&a=sendEmail
INFO: [ app_begin ] --START--
INFO: ReadHtmlCache Behavior ::run [ RunTime:0.000595s ]
INFO: [ app_begin ] --END-- [ RunTime:0.000739s ]
NOTIC: 建议使用I方法替代_post

[ 2015-03-21T09:17:41+08:00 ] 0.0.0.0 /thinkphp3.1/index.php?m=Register&a=sendEmail
INFO: [ app_begin ] --START--
INFO: ReadHtmlCache Behavior ::run [ RunTime:0.000577s ]
INFO: [ app_begin ] --END-- [ RunTime:0.000676s ]
NOTIC: 建议使用I方法替代_post

[ 2015-03-21T09:23:05+08:00 ] 0.0.0.0 /thinkphp3.1/index.php?m=Register&a=sendEmail
INFO: [ app_begin ] --START--
INFO: ReadHtmlCache Behavior ::run [ RunTime:0.000674s ]
INFO: [ app_begin ] --END-- [ RunTime:0.000771s ]
NOTIC: 建议使用I方法替代_post

[ 2015-03-21T09:40:17+08:00 ] 0.0.0.0 /thinkphp3.1/index.php?m=Register&a=sendEmail
INFO: [ app_begin ] --START--
INFO: ReadHtmlCache Behavior ::run [ RunTime:0.000794s ]
INFO: [ app_begin ] --END-- [ RunTime:0.000909s ]
NOTIC: 建议使用I方法替代_post

[ 2015-03-21T09:40:33+08:00 ] 0.0.0.0 /thinkphp3.1/index.php?m=Register&a=sendEmail
INFO: [ app_begin ] --START--
INFO: ReadHtmlCache Behavior ::run [ RunTime:0.000620s ]
INFO: [ app_begin ] --END-- [ RunTime:0.000721s ]
NOTIC: 建议使用I方法替代_post

[ 2015-03-21T09:45:02+08:00 ] 0.0.0.0 /thinkphp3.1/index.php?m=Register&a=sendEmail
INFO: [ app_begin ] --START--
INFO: ReadHtmlCache Behavior ::run [ RunTime:0.000626s ]
INFO: [ app_begin ] --END-- [ RunTime:0.000729s ]
NOTIC: 建议使用I方法替代_post

[ 2015-03-21T09:46:05+08:00 ] 0.0.0.0 /thinkphp3.1/index.php?m=Register&a=sendEmail
INFO: [ app_begin ] --START--
INFO: ReadHtmlCache Behavior ::run [ RunTime:0.000458s ]
INFO: [ app_begin ] --END-- [ RunTime:0.000550s ]
NOTIC: 建议使用I方法替代_post

[ 2015-03-21T09:47:10+08:00 ] 0.0.0.0 /thinkphp3.1/index.php?m=Register&a=sendEmail
INFO: [ app_begin ] --START--
INFO: ReadHtmlCache Behavior ::run [ RunTime:0.000506s ]
INFO: [ app_begin ] --END-- [ RunTime:0.000621s ]
NOTIC: 建议使用I方法替代_post

[ 2015-03-21T09:47:38+08:00 ] 0.0.0.0 /thinkphp3.1/index.php?m=Register&a=sendEmail
INFO: [ app_begin ] --START--
INFO: ReadHtmlCache Behavior ::run [ RunTime:0.000970s ]
INFO: [ app_begin ] --END-- [ RunTime:0.001129s ]
NOTIC: 建议使用I方法替代_post

[ 2015-03-21T09:47:52+08:00 ] 0.0.0.0 /thinkphp3.1/index.php?m=Register&a=sendEmail
INFO: [ app_begin ] --START--
INFO: ReadHtmlCache Behavior ::run [ RunTime:0.000625s ]
INFO: [ app_begin ] --END-- [ RunTime:0.000718s ]
NOTIC: 建议使用I方法替代_post

[ 2015-03-21T09:48:35+08:00 ] 0.0.0.0 /thinkphp3.1/index.php?m=Register&a=sendEmail
INFO: [ app_begin ] --START--
INFO: ReadHtmlCache Behavior ::run [ RunTime:0.000722s ]
INFO: [ app_begin ] --END-- [ RunTime:0.000901s ]
NOTIC: 建议使用I方法替代_post

[ 2015-03-21T09:49:02+08:00 ] 0.0.0.0 /thinkphp3.1/index.php?m=Register&a=sendEmail
INFO: [ app_begin ] --START--
INFO: ReadHtmlCache Behavior ::run [ RunTime:0.000448s ]
INFO: [ app_begin ] --END-- [ RunTime:0.000572s ]
NOTIC: 建议使用I方法替代_post

[ 2015-03-21T09:49:26+08:00 ] 0.0.0.0 /thinkphp3.1/index.php?m=Register&a=sendEmail
INFO: [ app_begin ] --START--
INFO: ReadHtmlCache Behavior ::run [ RunTime:0.000555s ]
INFO: [ app_begin ] --END-- [ RunTime:0.000665s ]
NOTIC: 建议使用I方法替代_post

[ 2015-03-21T09:49:35+08:00 ] 0.0.0.0 /thinkphp3.1/index.php?m=Register&a=sendEmail
INFO: [ app_begin ] --START--
INFO: ReadHtmlCache Behavior ::run [ RunTime:0.000544s ]
INFO: [ app_begin ] --END-- [ RunTime:0.000650s ]
NOTIC: 建议使用I方法替代_post

[ 2015-03-21T09:49:39+08:00 ] 0.0.0.0 /thinkphp3.1/index.php?m=Register&a=sendEmail
INFO: [ app_begin ] --START--
INFO: ReadHtmlCache Behavior ::run [ RunTime:0.000454s ]
INFO: [ app_begin ] --END-- [ RunTime:0.000559s ]
NOTIC: 建议使用I方法替代_post

[ 2015-03-21T09:50:01+08:00 ] 0.0.0.0 /thinkphp3.1/index.php?m=Register&a=sendEmail
INFO: [ app_begin ] --START--
INFO: ReadHtmlCache Behavior ::run [ RunTime:0.000682s ]
INFO: [ app_begin ] --END-- [ RunTime:0.000794s ]
NOTIC: 建议使用I方法替代_post

[ 2015-03-21T09:50:21+08:00 ] 0.0.0.0 /thinkphp3.1/index.php?m=Register&a=sendEmail
INFO: [ app_begin ] --START--
INFO: ReadHtmlCache Behavior ::run [ RunTime:0.000466s ]
INFO: [ app_begin ] --END-- [ RunTime:0.000560s ]
NOTIC: 建议使用I方法替代_post

[ 2015-03-21T09:50:33+08:00 ] 0.0.0.0 /thinkphp3.1/index.php?m=Register&a=sendEmail
INFO: [ app_begin ] --START--
INFO: ReadHtmlCache Behavior ::run [ RunTime:0.000518s ]
INFO: [ app_begin ] --END-- [ RunTime:0.000622s ]
NOTIC: 建议使用I方法替代_post

[ 2015-03-21T09:50:38+08:00 ] 0.0.0.0 /thinkphp3.1/index.php?m=Register&a=sendEmail
INFO: [ app_begin ] --START--
INFO: ReadHtmlCache Behavior ::run [ RunTime:0.000575s ]
INFO: [ app_begin ] --END-- [ RunTime:0.000688s ]
NOTIC: 建议使用I方法替代_post

[ 2015-03-21T09:50:46+08:00 ] 0.0.0.0 /thinkphp3.1/index.php?m=Register&a=sendEmail
INFO: [ app_begin ] --START--
INFO: ReadHtmlCache Behavior ::run [ RunTime:0.000997s ]
INFO: [ app_begin ] --END-- [ RunTime:0.001146s ]
NOTIC: 建议使用I方法替代_post

[ 2015-03-21T09:50:48+08:00 ] 0.0.0.0 /thinkphp3.1/index.php?m=Register&a=sendEmail
INFO: [ app_begin ] --START--
INFO: ReadHtmlCache Behavior ::run [ RunTime:0.000628s ]
INFO: [ app_begin ] --END-- [ RunTime:0.000771s ]
NOTIC: 建议使用I方法替代_post

[ 2015-03-21T09:50:48+08:00 ] 0.0.0.0 /thinkphp3.1/index.php?m=Register&a=sendEmail
INFO: [ app_begin ] --START--
INFO: ReadHtmlCache Behavior ::run [ RunTime:0.000533s ]
INFO: [ app_begin ] --END-- [ RunTime:0.000643s ]
NOTIC: 建议使用I方法替代_post

[ 2015-03-21T09:50:49+08:00 ] 0.0.0.0 /thinkphp3.1/index.php?m=Register&a=sendEmail
INFO: [ app_begin ] --START--
INFO: ReadHtmlCache Behavior ::run [ RunTime:0.000454s ]
INFO: [ app_begin ] --END-- [ RunTime:0.000561s ]
NOTIC: 建议使用I方法替代_post

[ 2015-03-21T09:50:49+08:00 ] 0.0.0.0 /thinkphp3.1/index.php?m=Register&a=sendEmail
INFO: [ app_begin ] --START--
INFO: ReadHtmlCache Behavior ::run [ RunTime:0.000700s ]
INFO: [ app_begin ] --END-- [ RunTime:0.000822s ]
NOTIC: 建议使用I方法替代_post

[ 2015-03-21T09:50:49+08:00 ] 0.0.0.0 /thinkphp3.1/index.php?m=Register&a=sendEmail
INFO: [ app_begin ] --START--
INFO: ReadHtmlCache Behavior ::run [ RunTime:0.000469s ]
INFO: [ app_begin ] --END-- [ RunTime:0.000563s ]
NOTIC: 建议使用I方法替代_post

[ 2015-03-21T09:50:49+08:00 ] 0.0.0.0 /thinkphp3.1/index.php?m=Register&a=sendEmail
INFO: [ app_begin ] --START--
INFO: ReadHtmlCache Behavior ::run [ RunTime:0.000433s ]
INFO: [ app_begin ] --END-- [ RunTime:0.000523s ]
NOTIC: 建议使用I方法替代_post

[ 2015-03-21T09:50:50+08:00 ] 0.0.0.0 /thinkphp3.1/index.php?m=Register&a=sendEmail
INFO: [ app_begin ] --START--
INFO: ReadHtmlCache Behavior ::run [ RunTime:0.000440s ]
INFO: [ app_begin ] --END-- [ RunTime:0.000537s ]
NOTIC: 建议使用I方法替代_post

[ 2015-03-21T09:51:47+08:00 ] 0.0.0.0 /thinkphp3.1/index.php?m=Register&a=sendEmail
INFO: [ app_begin ] --START--
INFO: ReadHtmlCache Behavior ::run [ RunTime:0.000904s ]
INFO: [ app_begin ] --END-- [ RunTime:0.001026s ]
NOTIC: 建议使用I方法替代_post

[ 2015-03-21T09:52:15+08:00 ] 0.0.0.0 /thinkphp3.1/index.php?m=Register&a=sendEmail
INFO: [ app_begin ] --START--
INFO: ReadHtmlCache Behavior ::run [ RunTime:0.000465s ]
INFO: [ app_begin ] --END-- [ RunTime:0.000556s ]
NOTIC: 建议使用I方法替代_post

[ 2015-03-21T09:52:47+08:00 ] 0.0.0.0 /thinkphp3.1/index.php?m=Register&a=sendEmail
INFO: [ app_begin ] --START--
INFO: ReadHtmlCache Behavior ::run [ RunTime:0.000650s ]
INFO: [ app_begin ] --END-- [ RunTime:0.000997s ]
NOTIC: 建议使用I方法替代_post

[ 2015-03-21T09:53:44+08:00 ] 0.0.0.0 /thinkphp3.1/index.php?m=Register&a=sendEmail
INFO: [ app_begin ] --START--
INFO: ReadHtmlCache Behavior ::run [ RunTime:0.000484s ]
INFO: [ app_begin ] --END-- [ RunTime:0.000580s ]
NOTIC: 建议使用I方法替代_post

[ 2015-03-21T10:33:09+08:00 ] 0.0.0.0 /thinkphp3.1/index.php?m=Register&a=Register
INFO: [ app_begin ] --START--
INFO: ReadHtmlCache Behavior ::run [ RunTime:0.000700s ]
INFO: [ app_begin ] --END-- [ RunTime:0.000807s ]
ERR: 非法操作:Register

[ 2015-03-21T10:33:12+08:00 ] 0.0.0.0 /thinkphp3.1/index.php?m=Register&a=Register
INFO: [ app_begin ] --START--
INFO: ReadHtmlCache Behavior ::run [ RunTime:0.000438s ]
INFO: [ app_begin ] --END-- [ RunTime:0.000528s ]
ERR: 非法操作:Register

[ 2015-03-21T10:33:18+08:00 ] 0.0.0.0 /thinkphp3.1/index.php?m=Register&a=sendEmail
INFO: [ app_begin ] --START--
INFO: ReadHtmlCache Behavior ::run [ RunTime:0.000650s ]
INFO: [ app_begin ] --END-- [ RunTime:0.000758s ]
NOTIC: 建议使用I方法替代_post

[ 2015-03-21T10:33:51+08:00 ] 0.0.0.0 /thinkphp3.1/index.php?m=Register&a=Register
INFO: [ app_begin ] --START--
INFO: ReadHtmlCache Behavior ::run [ RunTime:0.000800s ]
INFO: [ app_begin ] --END-- [ RunTime:0.000900s ]
ERR: 非法操作:Register

[ 2015-03-21T10:34:37+08:00 ] 0.0.0.0 /thinkphp3.1/index.php?m=Register&a=Register
INFO: [ app_begin ] --START--
INFO: ReadHtmlCache Behavior ::run [ RunTime:0.001117s ]
INFO: [ app_begin ] --END-- [ RunTime:0.001234s ]
ERR: 非法操作:Register

[ 2015-03-21T10:36:26+08:00 ] 0.0.0.0 /thinkphp3.1/index.php?m=Register&a=sendEmail
INFO: [ app_begin ] --START--
INFO: ReadHtmlCache Behavior ::run [ RunTime:0.000660s ]
INFO: [ app_begin ] --END-- [ RunTime:0.000765s ]
NOTIC: 建议使用I方法替代_post

[ 2015-03-21T10:36:43+08:00 ] 0.0.0.0 /thinkphp3.1/index.php?m=Register&a=Register
INFO: [ app_begin ] --START--
INFO: ReadHtmlCache Behavior ::run [ RunTime:0.000459s ]
INFO: [ app_begin ] --END-- [ RunTime:0.000549s ]
ERR: 非法操作:Register

[ 2015-03-21T10:39:03+08:00 ] 0.0.0.0 /thinkphp3.1/index.php?m=Register&a=sendEmail
INFO: [ app_begin ] --START--
INFO: ReadHtmlCache Behavior ::run [ RunTime:0.000864s ]
INFO: [ app_begin ] --END-- [ RunTime:0.001045s ]
NOTIC: 建议使用I方法替代_post

[ 2015-03-21T10:39:12+08:00 ] 0.0.0.0 /thinkphp3.1/index.php?m=Register&a=confirm
INFO: [ app_begin ] --START--
INFO: ReadHtmlCache Behavior ::run [ RunTime:0.000684s ]
INFO: [ app_begin ] --END-- [ RunTime:0.000795s ]
ERR: 非法操作:confirm

[ 2015-03-21T10:40:38+08:00 ] 0.0.0.0 /thinkphp3.1/index.php?m=Register&a=confirm
INFO: [ app_begin ] --START--
INFO: ReadHtmlCache Behavior ::run [ RunTime:0.000483s ]
INFO: [ app_begin ] --END-- [ RunTime:0.000578s ]
NOTIC: 建议使用I方法替代_post

[ 2015-03-21T10:40:42+08:00 ] 0.0.0.0 /thinkphp3.1/index.php?m=Register&a=confirm
INFO: [ app_begin ] --START--
INFO: ReadHtmlCache Behavior ::run [ RunTime:0.000526s ]
INFO: [ app_begin ] --END-- [ RunTime:0.000633s ]
NOTIC: 建议使用I方法替代_post

[ 2015-03-21T10:40:47+08:00 ] 0.0.0.0 /thinkphp3.1/index.php?m=Register&a=confirm
INFO: [ app_begin ] --START--
INFO: ReadHtmlCache Behavior ::run [ RunTime:0.000590s ]
INFO: [ app_begin ] --END-- [ RunTime:0.000704s ]
NOTIC: 建议使用I方法替代_post

[ 2015-03-21T10:40:51+08:00 ] 0.0.0.0 /thinkphp3.1/index.php?m=Register&a=confirm
INFO: [ app_begin ] --START--
INFO: ReadHtmlCache Behavior ::run [ RunTime:0.000569s ]
INFO: [ app_begin ] --END-- [ RunTime:0.000690s ]
NOTIC: 建议使用I方法替代_post

[ 2015-03-21T10:40:53+08:00 ] 0.0.0.0 /thinkphp3.1/index.php?m=Register&a=confirm
INFO: [ app_begin ] --START--
INFO: ReadHtmlCache Behavior ::run [ RunTime:0.000476s ]
INFO: [ app_begin ] --END-- [ RunTime:0.000579s ]
NOTIC: 建议使用I方法替代_post

[ 2015-03-21T10:41:52+08:00 ] 0.0.0.0 /thinkphp3.1/index.php?m=Register&a=confirm
INFO: [ app_begin ] --START--
INFO: ReadHtmlCache Behavior ::run [ RunTime:0.000730s ]
INFO: [ app_begin ] --END-- [ RunTime:0.000843s ]
NOTIC: 建议使用I方法替代_post

[ 2015-03-21T10:41:54+08:00 ] 0.0.0.0 /thinkphp3.1/index.php?m=Register&a=confirm
INFO: [ app_begin ] --START--
INFO: ReadHtmlCache Behavior ::run [ RunTime:0.000489s ]
INFO: [ app_begin ] --END-- [ RunTime:0.000581s ]
NOTIC: 建议使用I方法替代_post

[ 2015-03-21T10:45:29+08:00 ] 0.0.0.0 /thinkphp3.1/index.php?m=Register&a=confirm
INFO: [ app_begin ] --START--
INFO: ReadHtmlCache Behavior ::run [ RunTime:0.001258s ]
INFO: [ app_begin ] --END-- [ RunTime:0.001475s ]
NOTIC: 建议使用I方法替代_post

[ 2015-03-21T10:46:57+08:00 ] 0.0.0.0 /thinkphp3.1/index.php?m=Register&a=confirm
INFO: [ app_begin ] --START--
INFO: ReadHtmlCache Behavior ::run [ RunTime:0.000437s ]
INFO: [ app_begin ] --END-- [ RunTime:0.000529s ]
NOTIC: 建议使用I方法替代_post

[ 2015-03-21T10:47:00+08:00 ] 0.0.0.0 /thinkphp3.1/index.php?m=Register&a=confirm
INFO: [ app_begin ] --START--
INFO: ReadHtmlCache Behavior ::run [ RunTime:0.000524s ]
INFO: [ app_begin ] --END-- [ RunTime:0.000614s ]
NOTIC: 建议使用I方法替代_post

[ 2015-03-21T10:47:03+08:00 ] 0.0.0.0 /thinkphp3.1/index.php?m=Register&a=confirm
INFO: [ app_begin ] --START--
INFO: ReadHtmlCache Behavior ::run [ RunTime:0.000508s ]
INFO: [ app_begin ] --END-- [ RunTime:0.000614s ]
NOTIC: 建议使用I方法替代_post

[ 2015-03-21T10:47:05+08:00 ] 0.0.0.0 /thinkphp3.1/index.php?m=Register&a=confirm
INFO: [ app_begin ] --START--
INFO: ReadHtmlCache Behavior ::run [ RunTime:0.000431s ]
INFO: [ app_begin ] --END-- [ RunTime:0.000522s ]
NOTIC: 建议使用I方法替代_post

[ 2015-03-21T10:47:08+08:00 ] 0.0.0.0 /thinkphp3.1/index.php?m=Register&a=confirm
INFO: [ app_begin ] --START--
INFO: ReadHtmlCache Behavior ::run [ RunTime:0.000504s ]
INFO: [ app_begin ] --END-- [ RunTime:0.000608s ]
NOTIC: 建议使用I方法替代_post

[ 2015-03-21T10:47:09+08:00 ] 0.0.0.0 /thinkphp3.1/index.php?m=Register&a=confirm
INFO: [ app_begin ] --START--
INFO: ReadHtmlCache Behavior ::run [ RunTime:0.000474s ]
INFO: [ app_begin ] --END-- [ RunTime:0.000565s ]
NOTIC: 建议使用I方法替代_post

[ 2015-03-21T10:47:14+08:00 ] 0.0.0.0 /thinkphp3.1/index.php?m=Register&a=confirm
INFO: [ app_begin ] --START--
INFO: ReadHtmlCache Behavior ::run [ RunTime:0.000523s ]
INFO: [ app_begin ] --END-- [ RunTime:0.000635s ]
NOTIC: 建议使用I方法替代_post

[ 2015-03-21T10:47:26+08:00 ] 0.0.0.0 /thinkphp3.1/index.php?m=Register&a=confirm
INFO: [ app_begin ] --START--
INFO: ReadHtmlCache Behavior ::run [ RunTime:0.000515s ]
INFO: [ app_begin ] --END-- [ RunTime:0.000619s ]
NOTIC: 建议使用I方法替代_post

[ 2015-03-21T10:47:30+08:00 ] 0.0.0.0 /thinkphp3.1/index.php?m=Register&a=confirm
INFO: [ app_begin ] --START--
INFO: ReadHtmlCache Behavior ::run [ RunTime:0.000723s ]
INFO: [ app_begin ] --END-- [ RunTime:0.000844s ]
NOTIC: 建议使用I方法替代_post

[ 2015-03-21T10:47:32+08:00 ] 0.0.0.0 /thinkphp3.1/index.php?m=Register&a=confirm
INFO: [ app_begin ] --START--
INFO: ReadHtmlCache Behavior ::run [ RunTime:0.000498s ]
INFO: [ app_begin ] --END-- [ RunTime:0.000603s ]
NOTIC: 建议使用I方法替代_post

