[ 2015-04-12T12:20:41+08:00 ] 0.0.0.0 /thinkphp3.1/index.php?m=OrgAuth&a=auth
INFO: [ app_begin ] --START--
INFO: ReadHtmlCache Behavior ::run [ RunTime:0.000609s ]
INFO: [ app_begin ] --END-- [ RunTime:0.000709s ]
SQL: SHOW COLUMNS FROM `xm_orgsauth` [ RunTime:0.004718s ]
SQL: SELECT `auth_id` FROM `xm_orgsauth` WHERE ( auth_oid=1 ) LIMIT 1   [ RunTime:0.000312s ]
SQL: SHOW COLUMNS FROM `xm_orgs` [ RunTime:0.004669s ]

[ 2015-04-12T12:22:17+08:00 ] 0.0.0.0 /thinkphp3.1/index.php?m=OrgAuth&a=auth
INFO: [ app_begin ] --START--
INFO: ReadHtmlCache Behavior ::run [ RunTime:0.000802s ]
INFO: [ app_begin ] --END-- [ RunTime:0.000972s ]
SQL: SHOW COLUMNS FROM `xm_orgsauth` [ RunTime:0.005987s ]
SQL: SELECT `auth_id` FROM `xm_orgsauth` WHERE ( auth_oid=1 ) LIMIT 1   [ RunTime:0.000333s ]
SQL: SHOW COLUMNS FROM `xm_orgs` [ RunTime:0.005584s ]
SQL: UPDATE `xm_orgs` SET `license_num`='123456789012345',`industry`='1',`nature`='1',`size`='1',`contact`='孙先生',`phone`='13256929238',`fixed_phone`='6449672',`org_address`='芝罘区',`org_intro`='介绍' WHERE ( oid=1 ) [ RunTime:0.117494s ]

[ 2015-04-12T12:22:37+08:00 ] 0.0.0.0 /thinkphp3.1/index.php?m=admin
ERR: 无法加载模块:admin

[ 2015-04-12T12:32:35+08:00 ] 0.0.0.0 /thinkphp3.1/index.php?m=OrgAuth&a=auth
INFO: [ app_begin ] --START--
INFO: ReadHtmlCache Behavior ::run [ RunTime:0.000674s ]
INFO: [ app_begin ] --END-- [ RunTime:0.000779s ]
SQL: SHOW COLUMNS FROM `xm_orgsauth` [ RunTime:0.005088s ]
SQL: SELECT `auth_id` FROM `xm_orgsauth` WHERE ( auth_oid=1 ) LIMIT 1   [ RunTime:0.000263s ]
SQL: SHOW COLUMNS FROM `xm_orgs` [ RunTime:0.007126s ]

[ 2015-04-12T12:33:12+08:00 ] 0.0.0.0 /thinkphp3.1/index.php?m=OrgAuth&a=auth
INFO: [ app_begin ] --START--
INFO: ReadHtmlCache Behavior ::run [ RunTime:0.001201s ]
INFO: [ app_begin ] --END-- [ RunTime:0.001364s ]
SQL: SHOW COLUMNS FROM `xm_orgsauth` [ RunTime:0.005463s ]
SQL: SELECT `auth_id` FROM `xm_orgsauth` WHERE ( auth_oid=1 ) LIMIT 1   [ RunTime:0.000274s ]
SQL: SHOW COLUMNS FROM `xm_orgs` [ RunTime:0.005639s ]
SQL: UPDATE `xm_orgs` SET `license_num`='123456789012345',`industry`='1',`nature`='1',`size`='1',`contact`='孙小蛟',`phone`='13256929238',`fixed_phone`='64449872',`org_address`='芝罘区',`org_intro`='介绍' WHERE ( oid=1 ) [ RunTime:0.129219s ]

[ 2015-04-12T12:35:19+08:00 ] 0.0.0.0 /thinkphp3.1/index.php?m=OrgAuth&a=auth
INFO: [ app_begin ] --START--
INFO: ReadHtmlCache Behavior ::run [ RunTime:0.001021s ]
INFO: [ app_begin ] --END-- [ RunTime:0.001162s ]
SQL: SHOW COLUMNS FROM `xm_orgsauth` [ RunTime:0.004928s ]
SQL: SELECT `auth_id` FROM `xm_orgsauth` WHERE ( auth_oid=1 ) LIMIT 1   [ RunTime:0.000358s ]
SQL: SHOW COLUMNS FROM `xm_orgs` [ RunTime:0.004945s ]
SQL: UPDATE `xm_orgs` SET `license_num`='123456789012345',`industry`='1',`nature`='1',`size`='1',`contact`='孙小蛟',`phone`='13256929238',`fixed_phone`='64449872',`org_address`='芝罘区',`org_intro`='介绍' WHERE ( oid=1 ) [ RunTime:0.134663s ]

[ 2015-04-12T12:36:00+08:00 ] 0.0.0.0 /thinkphp3.1/index.php?m=OrgAuth&a=auth
INFO: [ app_begin ] --START--
INFO: ReadHtmlCache Behavior ::run [ RunTime:0.000694s ]
INFO: [ app_begin ] --END-- [ RunTime:0.000796s ]
SQL: SHOW COLUMNS FROM `xm_orgsauth` [ RunTime:0.004876s ]
SQL: SELECT `auth_id` FROM `xm_orgsauth` WHERE ( auth_oid=1 ) LIMIT 1   [ RunTime:0.000247s ]
SQL: SHOW COLUMNS FROM `xm_orgs` [ RunTime:0.004975s ]
SQL: UPDATE `xm_orgs` SET `license_num`='123456789012345',`industry`='1',`nature`='1',`size`='1',`contact`='孙小蛟',`phone`='13256929238',`fixed_phone`='64449872',`org_address`='芝罘区',`org_intro`='介绍' WHERE ( oid=1 ) [ RunTime:0.131102s ]

[ 2015-04-12T12:36:57+08:00 ] 0.0.0.0 /thinkphp3.1/index.php?m=OrgAuth&a=auth
INFO: [ app_begin ] --START--
INFO: ReadHtmlCache Behavior ::run [ RunTime:0.000662s ]
INFO: [ app_begin ] --END-- [ RunTime:0.000759s ]
SQL: SHOW COLUMNS FROM `xm_orgsauth` [ RunTime:0.004870s ]
SQL: SELECT `auth_id` FROM `xm_orgsauth` WHERE ( auth_oid=1 ) LIMIT 1   [ RunTime:0.000268s ]
SQL: INSERT INTO `xm_orgsauth` (`auth_oid`,`ctime`) VALUES (1,1428813417) [ RunTime:0.122242s ]
SQL: SHOW COLUMNS FROM `xm_orgs` [ RunTime:0.005118s ]
SQL: UPDATE `xm_orgs` SET `license_num`='123456789012345',`industry`='1',`nature`='1',`size`='1',`contact`='孙小蛟',`phone`='13256929238',`fixed_phone`='64449872',`org_address`='芝罘区',`org_intro`='介绍' WHERE ( oid=1 ) [ RunTime:0.092589s ]

[ 2015-04-12T12:41:42+08:00 ] 0.0.0.0 /thinkphp3.1/index.php?m=OrgAuth&a=auth
INFO: [ app_begin ] --START--
INFO: ReadHtmlCache Behavior ::run [ RunTime:0.000880s ]
INFO: [ app_begin ] --END-- [ RunTime:0.001013s ]
SQL: SHOW COLUMNS FROM `xm_orgsauth` [ RunTime:0.005389s ]
SQL: SELECT `auth_id` FROM `xm_orgsauth` WHERE ( auth_oid=1 ) LIMIT 1   [ RunTime:0.000313s ]

[ 2015-04-12T12:48:42+08:00 ] 0.0.0.0 /thinkphp3.1/index.php?m=OrgsInfo&a=index&oid=1
ERR: 无法加载模块:OrgsInfo

[ 2015-04-12T12:49:04+08:00 ] 0.0.0.0 /thinkphp3.1/index.php?m=OrgsInfo&a=index&oid=1
ERR: 无法加载模块:OrgsInfo

[ 2015-04-12T12:52:21+08:00 ] 0.0.0.0 /thinkphp3.1/index.php?m=OrgsInfo&a=index&oid=1
ERR: 无法加载模块:OrgsInfo

[ 2015-04-12T12:52:22+08:00 ] 0.0.0.0 /thinkphp3.1/index.php?m=OrgsInfo&a=index&oid=1
ERR: 无法加载模块:OrgsInfo

[ 2015-04-12T12:52:36+08:00 ] 0.0.0.0 /thinkphp3.1/index.php?m=OrgInfo&a=index&oid=1
NOTIC: 建议使用I方法替代_get

[ 2015-04-12T12:52:53+08:00 ] 0.0.0.0 /thinkphp3.1/index.php?m=OrgInfo&a=index&oid=1
NOTIC: 建议使用I方法替代_get

[ 2015-04-12T12:54:23+08:00 ] 0.0.0.0 /thinkphp3.1/index.php?m=OrgInfo&a=index&oid=1
NOTIC: 建议使用I方法替代_get

