[ 2015-03-24T12:22:02+08:00 ] 0.0.0.0 /thinkphp3.1/index.php?m=PublishJobs&a=insert
INFO: [ app_begin ] --START--
INFO: ReadHtmlCache Behavior ::run [ RunTime:0.000701s ]
INFO: [ app_begin ] --END-- [ RunTime:0.000804s ]
SQL: SHOW COLUMNS FROM `xm_jobs` [ RunTime:0.134443s ]
SQL: INSERT INTO `xm_jobs` (`title`,`leader`,`want_peo`,`address`,`money`,`org`) VALUES ('1·',2,2,'2','2',null) [ RunTime:0.000225s ]
ERR: 1048:Column 'org' cannot be null
 [ SQL语句 ] : INSERT INTO `xm_jobs` (`title`,`leader`,`want_peo`,`address`,`money`,`org`) VALUES ('1·',2,2,'2','2',null)
ERR: 模板不存在[D:/wamp/www/ThinkPHP3.1/Tpl/bootstrap/PublishJobs/insert.html]

[ 2015-03-24T12:22:40+08:00 ] 0.0.0.0 /thinkphp3.1/index.php?m=PublishJobs&a=insert
INFO: [ app_begin ] --START--
INFO: ReadHtmlCache Behavior ::run [ RunTime:0.000669s ]
INFO: [ app_begin ] --END-- [ RunTime:0.000773s ]
SQL: SHOW COLUMNS FROM `xm_jobs` [ RunTime:0.004958s ]
SQL: INSERT INTO `xm_jobs` (`title`,`leader`,`want_peo`,`address`,`money`,`org`) VALUES ('1·',2,2,'2','2',null) [ RunTime:0.000218s ]
ERR: 1048:Column 'org' cannot be null
 [ SQL语句 ] : INSERT INTO `xm_jobs` (`title`,`leader`,`want_peo`,`address`,`money`,`org`) VALUES ('1·',2,2,'2','2',null)

[ 2015-03-24T12:23:15+08:00 ] 0.0.0.0 /thinkphp3.1/index.php?m=PublishJobs&a=insert
INFO: [ app_begin ] --START--
INFO: ReadHtmlCache Behavior ::run [ RunTime:0.000748s ]
INFO: [ app_begin ] --END-- [ RunTime:0.000851s ]
SQL: SHOW COLUMNS FROM `xm_jobs` [ RunTime:0.005510s ]
SQL: INSERT INTO `xm_jobs` (`title`,`leader`,`want_peo`,`address`,`money`,`org`) VALUES ('',0,0,'','',null) [ RunTime:0.000209s ]
ERR: 1048:Column 'org' cannot be null
 [ SQL语句 ] : INSERT INTO `xm_jobs` (`title`,`leader`,`want_peo`,`address`,`money`,`org`) VALUES ('',0,0,'','',null)

[ 2015-03-24T12:27:57+08:00 ] 0.0.0.0 /thinkphp3.1/index.php?m=PublishJobs&a=insert
INFO: [ app_begin ] --START--
INFO: ReadHtmlCache Behavior ::run [ RunTime:0.000660s ]
INFO: [ app_begin ] --END-- [ RunTime:0.000758s ]

[ 2015-03-24T12:30:14+08:00 ] 0.0.0.0 /thinkphp3.1/index.php?m=PublishJobs&a=insert
INFO: [ app_begin ] --START--
INFO: ReadHtmlCache Behavior ::run [ RunTime:0.000688s ]
INFO: [ app_begin ] --END-- [ RunTime:0.000792s ]
SQL: SHOW COLUMNS FROM `xm_jobs` [ RunTime:0.005255s ]
SQL: INSERT INTO `xm_jobs` (`title`,`leader`,`want_peo`,`address`,`money`,`org`) VALUES ('',0,0,'','',null) [ RunTime:0.000221s ]
ERR: 1048:Column 'org' cannot be null
 [ SQL语句 ] : INSERT INTO `xm_jobs` (`title`,`leader`,`want_peo`,`address`,`money`,`org`) VALUES ('',0,0,'','',null)

[ 2015-03-24T12:31:34+08:00 ] 0.0.0.0 /thinkphp3.1/index.php?m=PublishJobs&a=insert
INFO: [ app_begin ] --START--
INFO: ReadHtmlCache Behavior ::run [ RunTime:0.000550s ]
INFO: [ app_begin ] --END-- [ RunTime:0.000645s ]
SQL: SHOW COLUMNS FROM `xm_jobs` [ RunTime:0.005266s ]
SQL: INSERT INTO `xm_jobs` (`title`,`leader`,`want_peo`,`address`,`money`,`org`) VALUES ('',0,0,'','',null) [ RunTime:0.000191s ]
ERR: 1048:Column 'org' cannot be null
 [ SQL语句 ] : INSERT INTO `xm_jobs` (`title`,`leader`,`want_peo`,`address`,`money`,`org`) VALUES ('',0,0,'','',null)

[ 2015-03-24T12:32:13+08:00 ] 0.0.0.0 /thinkphp3.1/index.php?m=PublishJobs&a=insert
INFO: [ app_begin ] --START--
INFO: ReadHtmlCache Behavior ::run [ RunTime:0.000568s ]
INFO: [ app_begin ] --END-- [ RunTime:0.000683s ]
SQL: SHOW COLUMNS FROM `xm_jobs` [ RunTime:0.005774s ]
SQL: INSERT INTO `xm_jobs` (`title`,`leader`,`want_peo`,`address`,`money`,`org`) VALUES ('',0,0,'','',null) [ RunTime:0.000214s ]
ERR: 1048:Column 'org' cannot be null
 [ SQL语句 ] : INSERT INTO `xm_jobs` (`title`,`leader`,`want_peo`,`address`,`money`,`org`) VALUES ('',0,0,'','',null)

[ 2015-03-24T12:32:19+08:00 ] 0.0.0.0 /thinkphp3.1/index.php?m=PublishJobs&a=insert
INFO: [ app_begin ] --START--
INFO: ReadHtmlCache Behavior ::run [ RunTime:0.000730s ]
INFO: [ app_begin ] --END-- [ RunTime:0.000835s ]
SQL: SHOW COLUMNS FROM `xm_jobs` [ RunTime:0.005097s ]
SQL: INSERT INTO `xm_jobs` (`title`,`leader`,`want_peo`,`address`,`money`,`org`) VALUES ('',0,0,'','',null) [ RunTime:0.000211s ]
ERR: 1048:Column 'org' cannot be null
 [ SQL语句 ] : INSERT INTO `xm_jobs` (`title`,`leader`,`want_peo`,`address`,`money`,`org`) VALUES ('',0,0,'','',null)

[ 2015-03-24T12:33:38+08:00 ] 0.0.0.0 /thinkphp3.1/index.php?m=PublishJobs&a=insert
INFO: [ app_begin ] --START--
INFO: ReadHtmlCache Behavior ::run [ RunTime:0.000684s ]
INFO: [ app_begin ] --END-- [ RunTime:0.000788s ]
SQL: SHOW COLUMNS FROM `xm_jobs` [ RunTime:0.005368s ]
SQL: INSERT INTO `xm_jobs` (`title`,`leader`,`want_peo`,`address`,`money`,`detail`,`org`) VALUES ('',0,0,'','','',null) [ RunTime:0.000224s ]
ERR: 1048:Column 'org' cannot be null
 [ SQL语句 ] : INSERT INTO `xm_jobs` (`title`,`leader`,`want_peo`,`address`,`money`,`detail`,`org`) VALUES ('',0,0,'','','',null)

[ 2015-03-24T12:35:09+08:00 ] 0.0.0.0 /thinkphp3.1/index.php?m=PublishJobs&a=insert
INFO: [ app_begin ] --START--
INFO: ReadHtmlCache Behavior ::run [ RunTime:0.000727s ]
INFO: [ app_begin ] --END-- [ RunTime:0.000830s ]
SQL: SHOW COLUMNS FROM `xm_jobs` [ RunTime:0.006044s ]
SQL: INSERT INTO `xm_jobs` (`title`,`leader`,`want_peo`,`address`,`money`,`detail`,`org`) VALUES ('',0,0,'','','',null) [ RunTime:0.000256s ]
ERR: 1048:Column 'org' cannot be null
 [ SQL语句 ] : INSERT INTO `xm_jobs` (`title`,`leader`,`want_peo`,`address`,`money`,`detail`,`org`) VALUES ('',0,0,'','','',null)

[ 2015-03-24T12:35:26+08:00 ] 0.0.0.0 /thinkphp3.1/index.php?m=PublishJobs&a=insert
INFO: [ app_begin ] --START--
INFO: ReadHtmlCache Behavior ::run [ RunTime:0.001152s ]
INFO: [ app_begin ] --END-- [ RunTime:0.001335s ]
SQL: SHOW COLUMNS FROM `xm_jobs` [ RunTime:0.005903s ]
SQL: INSERT INTO `xm_jobs` (`title`,`leader`,`want_peo`,`address`,`money`,`detail`,`org`) VALUES ('',0,0,'','','',null) [ RunTime:0.000234s ]
ERR: 1048:Column 'org' cannot be null
 [ SQL语句 ] : INSERT INTO `xm_jobs` (`title`,`leader`,`want_peo`,`address`,`money`,`detail`,`org`) VALUES ('',0,0,'','','',null)

[ 2015-03-24T12:36:04+08:00 ] 0.0.0.0 /thinkphp3.1/index.php?m=PublishJobs&a=insert
INFO: [ app_begin ] --START--
INFO: ReadHtmlCache Behavior ::run [ RunTime:0.000704s ]
INFO: [ app_begin ] --END-- [ RunTime:0.000806s ]
SQL: SHOW COLUMNS FROM `xm_jobs` [ RunTime:0.004770s ]
SQL: INSERT INTO `xm_jobs` (`title`,`leader`,`want_peo`,`address`,`money`,`detail`,`org`) VALUES ('',0,0,'','','',null) [ RunTime:0.000763s ]
ERR: 1048:Column 'org' cannot be null
 [ SQL语句 ] : INSERT INTO `xm_jobs` (`title`,`leader`,`want_peo`,`address`,`money`,`detail`,`org`) VALUES ('',0,0,'','','',null)

[ 2015-03-24T12:36:09+08:00 ] 0.0.0.0 /thinkphp3.1/index.php?m=PublishJobs&a=insert
INFO: [ app_begin ] --START--
INFO: ReadHtmlCache Behavior ::run [ RunTime:0.000766s ]
INFO: [ app_begin ] --END-- [ RunTime:0.000895s ]
SQL: SHOW COLUMNS FROM `xm_jobs` [ RunTime:0.041492s ]
SQL: INSERT INTO `xm_jobs` (`title`,`leader`,`want_peo`,`address`,`money`,`detail`,`org`) VALUES ('',0,0,'','','',null) [ RunTime:0.000213s ]
ERR: 1048:Column 'org' cannot be null
 [ SQL语句 ] : INSERT INTO `xm_jobs` (`title`,`leader`,`want_peo`,`address`,`money`,`detail`,`org`) VALUES ('',0,0,'','','',null)

[ 2015-03-24T12:37:03+08:00 ] 0.0.0.0 /thinkphp3.1/index.php?m=PublishJobs&a=insert
INFO: [ app_begin ] --START--
INFO: ReadHtmlCache Behavior ::run [ RunTime:0.000765s ]
INFO: [ app_begin ] --END-- [ RunTime:0.000883s ]
SQL: SHOW COLUMNS FROM `xm_jobs` [ RunTime:0.005092s ]
NOTIC: 建议使用I方法替代_post
SQL: INSERT INTO `xm_jobs` (`title`,`leader`,`want_peo`,`address`,`money`,`detail`,`org`) VALUES ('',0,0,'','','',null) [ RunTime:0.000250s ]
ERR: 1048:Column 'org' cannot be null
 [ SQL语句 ] : INSERT INTO `xm_jobs` (`title`,`leader`,`want_peo`,`address`,`money`,`detail`,`org`) VALUES ('',0,0,'','','',null)

[ 2015-03-24T12:39:56+08:00 ] 0.0.0.0 /thinkphp3.1/index.php?m=PublishJobs&a=insert
INFO: [ app_begin ] --START--
INFO: ReadHtmlCache Behavior ::run [ RunTime:0.000795s ]
INFO: [ app_begin ] --END-- [ RunTime:0.000912s ]
SQL: SHOW COLUMNS FROM `xm_jobs` [ RunTime:0.005343s ]
NOTIC: 建议使用I方法替代_post
SQL: INSERT INTO `xm_jobs` (`title`,`leader`,`want_peo`,`address`,`money`,`detail`,`org`) VALUES ('',0,0,'','','',null) [ RunTime:0.000219s ]
ERR: 1048:Column 'org' cannot be null
 [ SQL语句 ] : INSERT INTO `xm_jobs` (`title`,`leader`,`want_peo`,`address`,`money`,`detail`,`org`) VALUES ('',0,0,'','','',null)

[ 2015-03-24T12:40:24+08:00 ] 0.0.0.0 /thinkphp3.1/index.php?m=PublishJobs&a=insert
INFO: [ app_begin ] --START--
INFO: ReadHtmlCache Behavior ::run [ RunTime:0.000901s ]
INFO: [ app_begin ] --END-- [ RunTime:0.001080s ]
SQL: SHOW COLUMNS FROM `xm_jobs` [ RunTime:0.007293s ]
NOTIC: 建议使用I方法替代_post
SQL: INSERT INTO `xm_jobs` (`title`,`leader`,`want_peo`,`address`,`money`,`detail`,`org`) VALUES ('',0,0,'','','',null) [ RunTime:0.000221s ]
ERR: 1048:Column 'org' cannot be null
 [ SQL语句 ] : INSERT INTO `xm_jobs` (`title`,`leader`,`want_peo`,`address`,`money`,`detail`,`org`) VALUES ('',0,0,'','','',null)

[ 2015-03-24T12:41:12+08:00 ] 0.0.0.0 /thinkphp3.1/index.php?m=PublishJobs&a=insert
INFO: [ app_begin ] --START--
INFO: ReadHtmlCache Behavior ::run [ RunTime:0.000819s ]
INFO: [ app_begin ] --END-- [ RunTime:0.001008s ]
SQL: SHOW COLUMNS FROM `xm_jobs` [ RunTime:0.004846s ]
SQL: INSERT INTO `xm_jobs` (`title`,`leader`,`want_peo`,`address`,`money`,`detail`,`org`) VALUES ('',0,0,'','','',null) [ RunTime:0.000252s ]
ERR: 1048:Column 'org' cannot be null
 [ SQL语句 ] : INSERT INTO `xm_jobs` (`title`,`leader`,`want_peo`,`address`,`money`,`detail`,`org`) VALUES ('',0,0,'','','',null)

[ 2015-03-24T12:41:59+08:00 ] 0.0.0.0 /thinkphp3.1/index.php?m=PublishJobs&a=insert
INFO: [ app_begin ] --START--
INFO: ReadHtmlCache Behavior ::run [ RunTime:0.000738s ]
INFO: [ app_begin ] --END-- [ RunTime:0.000843s ]
SQL: SHOW COLUMNS FROM `xm_jobs` [ RunTime:0.005309s ]
SQL: INSERT INTO `xm_jobs` (`title`,`leader`,`want_peo`,`address`,`money`,`detail`,`ctime`,`org`) VALUES ('',0,0,'','','',1427172119,null) [ RunTime:0.000233s ]
ERR: 1048:Column 'org' cannot be null
 [ SQL语句 ] : INSERT INTO `xm_jobs` (`title`,`leader`,`want_peo`,`address`,`money`,`detail`,`ctime`,`org`) VALUES ('',0,0,'','','',1427172119,null)

[ 2015-03-24T12:43:15+08:00 ] 0.0.0.0 /thinkphp3.1/index.php?m=PublishJobs&a=insert
INFO: [ app_begin ] --START--
INFO: ReadHtmlCache Behavior ::run [ RunTime:0.000625s ]
INFO: [ app_begin ] --END-- [ RunTime:0.000730s ]
SQL: SHOW COLUMNS FROM `xm_jobs` [ RunTime:0.005110s ]
SQL: INSERT INTO `xm_jobs` (`title`,`leader`,`want_peo`,`address`,`money`,`detail`,`ctime`,`org`) VALUES ('',0,0,'','','',1427172195,null) [ RunTime:0.000217s ]
ERR: 1048:Column 'org' cannot be null
 [ SQL语句 ] : INSERT INTO `xm_jobs` (`title`,`leader`,`want_peo`,`address`,`money`,`detail`,`ctime`,`org`) VALUES ('',0,0,'','','',1427172195,null)

[ 2015-03-24T12:52:20+08:00 ] 0.0.0.0 /thinkphp3.1/index.php?m=PublishJobs&a=insert
INFO: [ app_begin ] --START--
INFO: ReadHtmlCache Behavior ::run [ RunTime:0.000935s ]
INFO: [ app_begin ] --END-- [ RunTime:0.001144s ]
SQL: SHOW COLUMNS FROM `xm_jobs` [ RunTime:0.005166s ]
SQL: INSERT INTO `xm_jobs` (`ctime`,`org`) VALUES (1427172740,null) [ RunTime:0.000266s ]
ERR: 1048:Column 'org' cannot be null
 [ SQL语句 ] : INSERT INTO `xm_jobs` (`ctime`,`org`) VALUES (1427172740,null)

[ 2015-03-24T12:53:31+08:00 ] 0.0.0.0 /thinkphp3.1/index.php?m=PublishJobs&a=insert
INFO: [ app_begin ] --START--
INFO: ReadHtmlCache Behavior ::run [ RunTime:0.000716s ]
INFO: [ app_begin ] --END-- [ RunTime:0.000817s ]
SQL: SHOW COLUMNS FROM `xm_jobs` [ RunTime:0.005418s ]
SQL: INSERT INTO `xm_jobs` (`ctime`,`org`) VALUES (1427172811,null) [ RunTime:0.000211s ]
ERR: 1048:Column 'org' cannot be null
 [ SQL语句 ] : INSERT INTO `xm_jobs` (`ctime`,`org`) VALUES (1427172811,null)

[ 2015-03-24T12:54:05+08:00 ] 0.0.0.0 /thinkphp3.1/index.php?m=PublishJobs&a=insert
INFO: [ app_begin ] --START--
INFO: ReadHtmlCache Behavior ::run [ RunTime:0.000647s ]
INFO: [ app_begin ] --END-- [ RunTime:0.000763s ]
SQL: SHOW COLUMNS FROM `xm_jobs` [ RunTime:0.005225s ]
NOTIC: 建议使用I方法替代_post
SQL: INSERT INTO `xm_jobs` (`ctime`,`org`) VALUES (1427172845,null) [ RunTime:0.000213s ]
ERR: 1048:Column 'org' cannot be null
 [ SQL语句 ] : INSERT INTO `xm_jobs` (`ctime`,`org`) VALUES (1427172845,null)

[ 2015-03-24T12:54:34+08:00 ] 0.0.0.0 /thinkphp3.1/index.php?m=PublishJobs&a=insert
INFO: [ app_begin ] --START--
INFO: ReadHtmlCache Behavior ::run [ RunTime:0.000705s ]
INFO: [ app_begin ] --END-- [ RunTime:0.000831s ]
SQL: SHOW COLUMNS FROM `xm_jobs` [ RunTime:0.005128s ]
NOTIC: 建议使用I方法替代_post
SQL: INSERT INTO `xm_jobs` (`org`) VALUES (null) [ RunTime:0.000212s ]
ERR: 1048:Column 'org' cannot be null
 [ SQL语句 ] : INSERT INTO `xm_jobs` (`org`) VALUES (null)

[ 2015-03-24T13:10:32+08:00 ] 0.0.0.0 /thinkphp3.1/index.php?m=PublishJobs&a=insert
INFO: [ app_begin ] --START--
INFO: ReadHtmlCache Behavior ::run [ RunTime:0.000740s ]
INFO: [ app_begin ] --END-- [ RunTime:0.000847s ]
SQL: SHOW COLUMNS FROM `xm_jobs` [ RunTime:0.005626s ]
SQL: INSERT INTO `xm_jobs` (`ctime`,`org`) VALUES (1427173832,null) [ RunTime:0.000241s ]
ERR: 1048:Column 'org' cannot be null
 [ SQL语句 ] : INSERT INTO `xm_jobs` (`ctime`,`org`) VALUES (1427173832,null)

[ 2015-03-24T13:10:57+08:00 ] 0.0.0.0 /thinkphp3.1/index.php?m=PublishJobs&a=insert
INFO: [ app_begin ] --START--
INFO: ReadHtmlCache Behavior ::run [ RunTime:0.000727s ]
INFO: [ app_begin ] --END-- [ RunTime:0.000833s ]
SQL: SHOW COLUMNS FROM `xm_jobs` [ RunTime:0.005761s ]
SQL: INSERT INTO `xm_jobs` (`ctime`,`org`) VALUES (1427173857,null) [ RunTime:0.000214s ]
ERR: 1048:Column 'org' cannot be null
 [ SQL语句 ] : INSERT INTO `xm_jobs` (`ctime`,`org`) VALUES (1427173857,null)

[ 2015-03-24T13:11:54+08:00 ] 0.0.0.0 /thinkphp3.1/index.php?m=PublishJobs&a=insert
INFO: [ app_begin ] --START--
INFO: ReadHtmlCache Behavior ::run [ RunTime:0.000690s ]
INFO: [ app_begin ] --END-- [ RunTime:0.000786s ]
SQL: SHOW COLUMNS FROM `xm_jobs` [ RunTime:0.004956s ]
SQL: INSERT INTO `xm_jobs` (`ctime`,`org`) VALUES (1427173914,null) [ RunTime:0.000207s ]
ERR: 1048:Column 'org' cannot be null
 [ SQL语句 ] : INSERT INTO `xm_jobs` (`ctime`,`org`) VALUES (1427173914,null)

[ 2015-03-24T13:12:10+08:00 ] 0.0.0.0 /thinkphp3.1/index.php?m=PublishJobs&a=insert
INFO: [ app_begin ] --START--
INFO: ReadHtmlCache Behavior ::run [ RunTime:0.000683s ]
INFO: [ app_begin ] --END-- [ RunTime:0.000806s ]
SQL: SHOW COLUMNS FROM `xm_jobs` [ RunTime:0.006159s ]
SQL: INSERT INTO `xm_jobs` (`ctime`,`org`) VALUES (1427173930,null) [ RunTime:0.000225s ]
ERR: 1048:Column 'org' cannot be null
 [ SQL语句 ] : INSERT INTO `xm_jobs` (`ctime`,`org`) VALUES (1427173930,null)

[ 2015-03-24T13:14:53+08:00 ] 0.0.0.0 /thinkphp3.1/index.php?m=PublishJobs&a=insert
INFO: [ app_begin ] --START--
INFO: ReadHtmlCache Behavior ::run [ RunTime:0.000694s ]
INFO: [ app_begin ] --END-- [ RunTime:0.000799s ]
SQL: SHOW COLUMNS FROM `xm_jobs` [ RunTime:0.005417s ]
SQL: INSERT INTO `xm_jobs` (`ctime`,`org`) VALUES (1427174093,null) [ RunTime:0.000263s ]
ERR: 1048:Column 'org' cannot be null
 [ SQL语句 ] : INSERT INTO `xm_jobs` (`ctime`,`org`) VALUES (1427174093,null)

[ 2015-03-24T13:15:37+08:00 ] 0.0.0.0 /thinkphp3.1/index.php?m=PublishJobs&a=insert
INFO: [ app_begin ] --START--
INFO: ReadHtmlCache Behavior ::run [ RunTime:0.000644s ]
INFO: [ app_begin ] --END-- [ RunTime:0.000767s ]
SQL: SHOW COLUMNS FROM `xm_jobs` [ RunTime:0.004864s ]
SQL: INSERT INTO `xm_jobs` (`ctime`,`org`) VALUES (1427174137,null) [ RunTime:0.000229s ]
ERR: 1048:Column 'org' cannot be null
 [ SQL语句 ] : INSERT INTO `xm_jobs` (`ctime`,`org`) VALUES (1427174137,null)

[ 2015-03-24T13:19:40+08:00 ] 0.0.0.0 /thinkphp3.1/index.php?m=PublishJobs&a=insert
INFO: [ app_begin ] --START--
INFO: ReadHtmlCache Behavior ::run [ RunTime:0.000817s ]
INFO: [ app_begin ] --END-- [ RunTime:0.000937s ]
SQL: SHOW COLUMNS FROM `xm_jobs` [ RunTime:0.005020s ]
SQL: INSERT INTO `xm_jobs` (`title`,`leader`,`want_peo`,`address`,`money`,`detail`,`ctime`,`org`) VALUES ('拉拉',1,10,'芝罘区','100','你好啊',1427174380,null) [ RunTime:0.000233s ]
ERR: 1048:Column 'org' cannot be null
 [ SQL语句 ] : INSERT INTO `xm_jobs` (`title`,`leader`,`want_peo`,`address`,`money`,`detail`,`ctime`,`org`) VALUES ('拉拉',1,10,'芝罘区','100','你好啊',1427174380,null)

[ 2015-03-24T13:21:21+08:00 ] 0.0.0.0 /thinkphp3.1/index.php?m=PublishJobs&a=insert
INFO: [ app_begin ] --START--
INFO: ReadHtmlCache Behavior ::run [ RunTime:0.000713s ]
INFO: [ app_begin ] --END-- [ RunTime:0.000832s ]
SQL: SHOW COLUMNS FROM `xm_jobs` [ RunTime:0.005297s ]
SQL: INSERT INTO `xm_jobs` (`title`,`leader`,`want_peo`,`address`,`money`,`detail`,`ctime`,`org`) VALUES ('拉拉',1,10,'芝罘区','100','你好啊',1427174481,null) [ RunTime:0.000228s ]
ERR: 1048:Column 'org' cannot be null
 [ SQL语句 ] : INSERT INTO `xm_jobs` (`title`,`leader`,`want_peo`,`address`,`money`,`detail`,`ctime`,`org`) VALUES ('拉拉',1,10,'芝罘区','100','你好啊',1427174481,null)

[ 2015-03-24T13:21:49+08:00 ] 0.0.0.0 /thinkphp3.1/index.php?m=PublishJobs&a=insert
INFO: [ app_begin ] --START--
INFO: ReadHtmlCache Behavior ::run [ RunTime:0.000762s ]
INFO: [ app_begin ] --END-- [ RunTime:0.000864s ]
SQL: SHOW COLUMNS FROM `xm_jobs` [ RunTime:0.005044s ]
SQL: INSERT INTO `xm_jobs` (`title`,`leader`,`want_peo`,`address`,`money`,`detail`,`ctime`,`org`) VALUES ('拉拉',1,10,'芝罘区','100','你好啊',1427174509,1) [ RunTime:0.101524s ]

[ 2015-03-24T13:22:28+08:00 ] 0.0.0.0 /thinkphp3.1/index.php?m=JobsInfo&a=index&jid=12
NOTIC: 建议使用I方法替代_get

[ 2015-03-24T13:28:18+08:00 ] 0.0.0.0 /thinkphp3.1/index.php?m=PublishJobs&a=insert
INFO: [ app_begin ] --START--
INFO: ReadHtmlCache Behavior ::run [ RunTime:0.000741s ]
INFO: [ app_begin ] --END-- [ RunTime:0.000849s ]
SQL: SHOW COLUMNS FROM `xm_jobs` [ RunTime:0.005504s ]
NOTIC: [8] Undefined variable: Job D:\wamp\www\ThinkPHP3.1\Lib\Action\PublishJobsAction.class.php 第 21 行.

[ 2015-03-24T13:29:00+08:00 ] 0.0.0.0 /thinkphp3.1/index.php?m=PublishJobs&a=insert
INFO: [ app_begin ] --START--
INFO: ReadHtmlCache Behavior ::run [ RunTime:0.001108s ]
INFO: [ app_begin ] --END-- [ RunTime:0.001293s ]
SQL: SHOW COLUMNS FROM `xm_jobs` [ RunTime:0.006068s ]
SQL: INSERT INTO `xm_jobs` (`title`,`leader`,`want_peo`,`address`,`money`,`detail`,`ctime`) VALUES ('拉拉',1,10,'芝罘区','100','你好啊',1427174940) [ RunTime:0.214608s ]

[ 2015-03-24T13:30:09+08:00 ] 0.0.0.0 /thinkphp3.1/index.php?m=JobsInfo&a=index&jid=12
NOTIC: 建议使用I方法替代_get

[ 2015-03-24T13:32:17+08:00 ] 0.0.0.0 /thinkphp3.1/index.php?m=PublishJobs&a=insert
INFO: [ app_begin ] --START--
INFO: ReadHtmlCache Behavior ::run [ RunTime:0.000826s ]
INFO: [ app_begin ] --END-- [ RunTime:0.000953s ]
SQL: SHOW COLUMNS FROM `xm_jobs` [ RunTime:0.005076s ]
SQL: INSERT INTO `xm_jobs` () VALUES () [ RunTime:0.133602s ]

[ 2015-03-24T13:41:13+08:00 ] 0.0.0.0 /thinkphp3.1/index.php?m=PublishJobs&a=insert
INFO: [ app_begin ] --START--
INFO: ReadHtmlCache Behavior ::run [ RunTime:0.000735s ]
INFO: [ app_begin ] --END-- [ RunTime:0.000836s ]
SQL: SHOW COLUMNS FROM `xm_jobs` [ RunTime:0.005122s ]
NOTIC: [8] Undefined variable: dump D:\wamp\www\ThinkPHP3.1\Lib\Action\PublishJobsAction.class.php 第 18 行.
SQL: INSERT INTO `xm_jobs` () VALUES () [ RunTime:0.170077s ]

[ 2015-03-24T13:41:24+08:00 ] 0.0.0.0 /thinkphp3.1/index.php?m=PublishJobs&a=insert
INFO: [ app_begin ] --START--
INFO: ReadHtmlCache Behavior ::run [ RunTime:0.000650s ]
INFO: [ app_begin ] --END-- [ RunTime:0.000747s ]
SQL: SHOW COLUMNS FROM `xm_jobs` [ RunTime:0.004883s ]
SQL: INSERT INTO `xm_jobs` () VALUES () [ RunTime:0.107488s ]

[ 2015-03-24T13:43:42+08:00 ] 0.0.0.0 /thinkphp3.1/index.php?m=PublishJobs&a=insert
INFO: [ app_begin ] --START--
INFO: ReadHtmlCache Behavior ::run [ RunTime:0.000774s ]
INFO: [ app_begin ] --END-- [ RunTime:0.000878s ]
SQL: SHOW COLUMNS FROM `xm_jobs` [ RunTime:0.005248s ]

[ 2015-03-24T13:46:12+08:00 ] 0.0.0.0 /thinkphp3.1/index.php?m=PublishJobs&a=insert
INFO: [ app_begin ] --START--
INFO: ReadHtmlCache Behavior ::run [ RunTime:0.001062s ]
INFO: [ app_begin ] --END-- [ RunTime:0.001212s ]
SQL: SHOW COLUMNS FROM `xm_jobs` [ RunTime:0.007348s ]
SQL: INSERT INTO `xm_jobs` (`title`,`leader`,`want_peo`,`address`,`money`,`detail`,`ctime`,`pub_oid`) VALUES ('买水果',1,100,'买水果','100','买水果买水果买水果买水果买水果买水果买水果买水果买水果买水果',1427175972,1) [ RunTime:0.160093s ]

[ 2015-03-24T13:47:06+08:00 ] 0.0.0.0 /thinkphp3.1/index.php?m=PublishJobs&a=insert
INFO: [ app_begin ] --START--
INFO: ReadHtmlCache Behavior ::run [ RunTime:0.000806s ]
INFO: [ app_begin ] --END-- [ RunTime:0.000909s ]
SQL: SHOW COLUMNS FROM `xm_jobs` [ RunTime:0.004858s ]
SQL: INSERT INTO `xm_jobs` (`title`,`leader`,`want_peo`,`address`,`money`,`detail`,`ctime`,`pub_oid`) VALUES ('买水果',1,100,'买水果','100','买水果买水果买水果买水果买水果买水果买水果买水果买水果买水果',1427176026,1) [ RunTime:0.155678s ]

[ 2015-03-24T13:49:04+08:00 ] 0.0.0.0 /thinkphp3.1/index.php?m=PublishJobs&a=insert
INFO: [ app_begin ] --START--
INFO: ReadHtmlCache Behavior ::run [ RunTime:0.000589s ]
INFO: [ app_begin ] --END-- [ RunTime:0.000691s ]
SQL: SHOW COLUMNS FROM `xm_jobs` [ RunTime:0.005495s ]
NOTIC: [8] Undefined offset: 3 D:\wamp\www\ThinkPHP3.1\ThinkPHP\Lib\Core\Model.class.php 第 907 行.
SQL: INSERT INTO `xm_jobs` (`title`,`leader`,`want_peo`,`address`,`money`,`detail`,`ctime`,`pub_oid`) VALUES ('买水果',1,100,'买水果','100','买水果买水果买水果买水果买水果买水果买水果买水果买水果买水果','now()',1) [ RunTime:0.159148s ]

[ 2015-03-24T14:01:08+08:00 ] 0.0.0.0 /thinkphp3.1/index.php?m=PublishJobs&a=insert
INFO: [ app_begin ] --START--
INFO: ReadHtmlCache Behavior ::run [ RunTime:0.000742s ]
INFO: [ app_begin ] --END-- [ RunTime:0.000842s ]
SQL: SHOW COLUMNS FROM `xm_jobs` [ RunTime:0.005588s ]
SQL: INSERT INTO `xm_jobs` (`title`,`leader`,`want_peo`,`address`,`money`,`detail`,`ctime`,`pub_oid`) VALUES ('买水果',1,100,'买水果','100','买水果买水果买水果买水果买水果买水果买水果买水果买水果买水果',1427176868,1) [ RunTime:0.159673s ]

[ 2015-03-24T14:01:42+08:00 ] 0.0.0.0 /thinkphp3.1/index.php?m=JobsInfo&a=index&jid=12
NOTIC: 建议使用I方法替代_get

[ 2015-03-24T14:02:03+08:00 ] 0.0.0.0 /thinkphp3.1/index.php?m=JobsInfo&a=index&jid=20
NOTIC: 建议使用I方法替代_get

[ 2015-03-24T14:05:42+08:00 ] 0.0.0.0 /thinkphp3.1/index.php?m=PublishJobs&a=insert
INFO: [ app_begin ] --START--
INFO: ReadHtmlCache Behavior ::run [ RunTime:0.000716s ]
INFO: [ app_begin ] --END-- [ RunTime:0.000822s ]
SQL: SHOW COLUMNS FROM `xm_jobs` [ RunTime:0.006138s ]

[ 2015-03-24T14:10:42+08:00 ] 0.0.0.0 /thinkphp3.1/index.php?m=PublishJobs&a=insert
INFO: [ app_begin ] --START--
INFO: ReadHtmlCache Behavior ::run [ RunTime:0.000742s ]
INFO: [ app_begin ] --END-- [ RunTime:0.000849s ]
SQL: SHOW COLUMNS FROM `xm_jobs` [ RunTime:0.006754s ]

[ 2015-03-24T14:11:08+08:00 ] 0.0.0.0 /thinkphp3.1/index.php?m=PublishJobs&a=insert
INFO: [ app_begin ] --START--
INFO: ReadHtmlCache Behavior ::run [ RunTime:0.000691s ]
INFO: [ app_begin ] --END-- [ RunTime:0.000793s ]
SQL: SHOW COLUMNS FROM `xm_jobs` [ RunTime:0.005056s ]

[ 2015-03-24T14:11:15+08:00 ] 0.0.0.0 /thinkphp3.1/index.php?m=PublishJobs&a=insert
INFO: [ app_begin ] --START--
INFO: ReadHtmlCache Behavior ::run [ RunTime:0.001006s ]
INFO: [ app_begin ] --END-- [ RunTime:0.001135s ]
SQL: SHOW COLUMNS FROM `xm_jobs` [ RunTime:0.005348s ]

[ 2015-03-24T14:11:21+08:00 ] 0.0.0.0 /thinkphp3.1/index.php?m=PublishJobs&a=insert
INFO: [ app_begin ] --START--
INFO: ReadHtmlCache Behavior ::run [ RunTime:0.000672s ]
INFO: [ app_begin ] --END-- [ RunTime:0.000774s ]
SQL: SHOW COLUMNS FROM `xm_jobs` [ RunTime:0.004835s ]

[ 2015-03-24T14:12:20+08:00 ] 0.0.0.0 /thinkphp3.1/index.php?m=PublishJobs&a=insert
INFO: [ app_begin ] --START--
INFO: ReadHtmlCache Behavior ::run [ RunTime:0.000689s ]
INFO: [ app_begin ] --END-- [ RunTime:0.000798s ]
SQL: SHOW COLUMNS FROM `xm_jobs` [ RunTime:0.005663s ]

[ 2015-03-24T14:12:22+08:00 ] 0.0.0.0 /thinkphp3.1/index.php?m=PublishJobs&a=insert
INFO: [ app_begin ] --START--
INFO: ReadHtmlCache Behavior ::run [ RunTime:0.000658s ]
INFO: [ app_begin ] --END-- [ RunTime:0.000757s ]
SQL: SHOW COLUMNS FROM `xm_jobs` [ RunTime:0.005198s ]

[ 2015-03-24T14:12:35+08:00 ] 0.0.0.0 /thinkphp3.1/index.php?m=PublishJobs&a=insert
INFO: [ app_begin ] --START--
INFO: ReadHtmlCache Behavior ::run [ RunTime:0.000782s ]
INFO: [ app_begin ] --END-- [ RunTime:0.000918s ]
SQL: SHOW COLUMNS FROM `xm_jobs` [ RunTime:0.006459s ]

[ 2015-03-24T14:12:36+08:00 ] 0.0.0.0 /thinkphp3.1/index.php?m=PublishJobs&a=insert
INFO: [ app_begin ] --START--
INFO: ReadHtmlCache Behavior ::run [ RunTime:0.000769s ]
INFO: [ app_begin ] --END-- [ RunTime:0.000881s ]
SQL: SHOW COLUMNS FROM `xm_jobs` [ RunTime:0.004895s ]

[ 2015-03-24T14:12:36+08:00 ] 0.0.0.0 /thinkphp3.1/index.php?m=PublishJobs&a=insert
INFO: [ app_begin ] --START--
INFO: ReadHtmlCache Behavior ::run [ RunTime:0.000657s ]
INFO: [ app_begin ] --END-- [ RunTime:0.000755s ]
SQL: SHOW COLUMNS FROM `xm_jobs` [ RunTime:0.004823s ]

[ 2015-03-24T14:12:44+08:00 ] 0.0.0.0 /thinkphp3.1/index.php?m=PublishJobs&a=insert
INFO: [ app_begin ] --START--
INFO: ReadHtmlCache Behavior ::run [ RunTime:0.000736s ]
INFO: [ app_begin ] --END-- [ RunTime:0.000834s ]
SQL: SHOW COLUMNS FROM `xm_jobs` [ RunTime:0.004850s ]

[ 2015-03-24T14:12:45+08:00 ] 0.0.0.0 /thinkphp3.1/index.php?m=PublishJobs&a=insert
INFO: [ app_begin ] --START--
INFO: ReadHtmlCache Behavior ::run [ RunTime:0.000679s ]
INFO: [ app_begin ] --END-- [ RunTime:0.000794s ]
SQL: SHOW COLUMNS FROM `xm_jobs` [ RunTime:0.004822s ]

[ 2015-03-24T14:20:44+08:00 ] 0.0.0.0 /thinkphp3.1/index.php?m=PublishJobs&a=insert
INFO: [ app_begin ] --START--
INFO: ReadHtmlCache Behavior ::run [ RunTime:0.000749s ]
INFO: [ app_begin ] --END-- [ RunTime:0.000859s ]
SQL: SHOW COLUMNS FROM `xm_jobs` [ RunTime:0.005254s ]
NOTIC: [8] Undefined offset: 1 D:\wamp\www\ThinkPHP3.1\ThinkPHP\Lib\Core\Model.class.php 第 1082 行.

[ 2015-03-24T14:20:58+08:00 ] 0.0.0.0 /thinkphp3.1/index.php?m=PublishJobs&a=insert
INFO: [ app_begin ] --START--
INFO: ReadHtmlCache Behavior ::run [ RunTime:0.000692s ]
INFO: [ app_begin ] --END-- [ RunTime:0.000797s ]
SQL: SHOW COLUMNS FROM `xm_jobs` [ RunTime:0.005616s ]
NOTIC: [8] Undefined offset: 1 D:\wamp\www\ThinkPHP3.1\ThinkPHP\Lib\Core\Model.class.php 第 1082 行.

[ 2015-03-24T14:21:04+08:00 ] 0.0.0.0 /thinkphp3.1/index.php?m=PublishJobs&a=insert
INFO: [ app_begin ] --START--
INFO: ReadHtmlCache Behavior ::run [ RunTime:0.000683s ]
INFO: [ app_begin ] --END-- [ RunTime:0.000784s ]
SQL: SHOW COLUMNS FROM `xm_jobs` [ RunTime:0.005298s ]

[ 2015-03-24T14:21:18+08:00 ] 0.0.0.0 /thinkphp3.1/index.php?m=PublishJobs&a=insert
INFO: [ app_begin ] --START--
INFO: ReadHtmlCache Behavior ::run [ RunTime:0.001013s ]
INFO: [ app_begin ] --END-- [ RunTime:0.001168s ]
SQL: SHOW COLUMNS FROM `xm_jobs` [ RunTime:0.005399s ]
NOTIC: [8] Undefined offset: 1 D:\wamp\www\ThinkPHP3.1\ThinkPHP\Lib\Core\Model.class.php 第 1082 行.

[ 2015-03-24T14:21:24+08:00 ] 0.0.0.0 /thinkphp3.1/index.php?m=PublishJobs&a=insert
INFO: [ app_begin ] --START--
INFO: ReadHtmlCache Behavior ::run [ RunTime:0.000773s ]
INFO: [ app_begin ] --END-- [ RunTime:0.000891s ]
SQL: SHOW COLUMNS FROM `xm_jobs` [ RunTime:0.005694s ]

[ 2015-03-24T14:23:07+08:00 ] 0.0.0.0 /thinkphp3.1/index.php?m=JobsInfo&a=index&jid=20
NOTIC: 建议使用I方法替代_get

[ 2015-03-24T14:23:20+08:00 ] 0.0.0.0 /thinkphp3.1/index.php?m=JobsInfo&a=index&jid=16
NOTIC: 建议使用I方法替代_get

[ 2015-03-24T14:23:29+08:00 ] 0.0.0.0 /thinkphp3.1/index.php?m=JobsInfo&a=index&jid=15
NOTIC: 建议使用I方法替代_get

[ 2015-03-24T15:31:03+08:00 ] 0.0.0.0 /thinkphp3.1/index.php?m=Login&a=login
INFO: [ app_begin ] --START--
INFO: ReadHtmlCache Behavior ::run [ RunTime:0.000738s ]
INFO: [ app_begin ] --END-- [ RunTime:0.000859s ]
NOTIC: 建议使用I方法替代_post
NOTIC: 建议使用I方法替代_post
NOTIC: 建议使用I方法替代_post
SQL: SHOW COLUMNS FROM `xm_users` [ RunTime:0.006807s ]
NOTIC: 建议使用I方法替代_post
NOTIC: [8] Undefined variable: passwd D:\wamp\www\ThinkPHP3.1\Lib\Action\LoginAction.class.php 第 37 行.
SQL: SELECT * FROM `xm_users` WHERE ( email='1451583383@qq.com' ) LIMIT 1   [ RunTime:0.000499s ]
NOTIC: [8] Undefined variable: email D:\wamp\www\ThinkPHP3.1\Lib\Action\LoginAction.class.php 第 41 行.
SQL: SELECT `uid`,`username` FROM `xm_users` WHERE ( email=Arraypasswd='21232f297a57a5a743894a0e4a801fc3' ) LIMIT 1   [ RunTime:0.000198s ]
ERR: 1054:Unknown column 'Arraypasswd' in 'where clause'
 [ SQL语句 ] : SELECT `uid`,`username` FROM `xm_users` WHERE ( email=Arraypasswd='21232f297a57a5a743894a0e4a801fc3' ) LIMIT 1  

[ 2015-03-24T15:32:33+08:00 ] 0.0.0.0 /thinkphp3.1/index.php?m=Login&a=login
INFO: [ app_begin ] --START--
INFO: ReadHtmlCache Behavior ::run [ RunTime:0.000757s ]
INFO: [ app_begin ] --END-- [ RunTime:0.000884s ]
NOTIC: 建议使用I方法替代_post
NOTIC: 建议使用I方法替代_post
NOTIC: 建议使用I方法替代_post
SQL: SHOW COLUMNS FROM `xm_users` [ RunTime:0.005490s ]
NOTIC: 建议使用I方法替代_post
NOTIC: [8] Undefined variable: passwd D:\wamp\www\ThinkPHP3.1\Lib\Action\LoginAction.class.php 第 37 行.
SQL: SELECT * FROM `xm_users` WHERE ( email='1451583383@qq.com' ) LIMIT 1   [ RunTime:0.000368s ]
NOTIC: [8] Undefined variable: email D:\wamp\www\ThinkPHP3.1\Lib\Action\LoginAction.class.php 第 41 行.
SQL: SELECT `uid`,`username` FROM `xm_users` WHERE ( email=Arraypasswd='21232f297a57a5a743894a0e4a801fc3' ) LIMIT 1   [ RunTime:0.000164s ]
ERR: 1054:Unknown column 'Arraypasswd' in 'where clause'
 [ SQL语句 ] : SELECT `uid`,`username` FROM `xm_users` WHERE ( email=Arraypasswd='21232f297a57a5a743894a0e4a801fc3' ) LIMIT 1  

[ 2015-03-24T15:37:43+08:00 ] 0.0.0.0 /thinkphp3.1/index.php?m=Login&a=login
INFO: [ app_begin ] --START--
INFO: ReadHtmlCache Behavior ::run [ RunTime:0.000737s ]
INFO: [ app_begin ] --END-- [ RunTime:0.000845s ]
NOTIC: 建议使用I方法替代_post
NOTIC: 建议使用I方法替代_post
NOTIC: 建议使用I方法替代_post
NOTIC: [8] Undefined variable: passwd D:\wamp\www\ThinkPHP3.1\Lib\Action\LoginAction.class.php 第 35 行.
SQL: SHOW COLUMNS FROM `xm_users` [ RunTime:0.006840s ]
SQL: SELECT * FROM `xm_users` WHERE ( email='1451583383@qq.com' ) LIMIT 1   [ RunTime:0.000507s ]
NOTIC: [8] Undefined variable: email D:\wamp\www\ThinkPHP3.1\Lib\Action\LoginAction.class.php 第 40 行.
SQL: SELECT `uid`,`username` FROM `xm_users` WHERE ( email=Arraypasswd='21232f297a57a5a743894a0e4a801fc3' ) LIMIT 1   [ RunTime:0.000209s ]
ERR: 1054:Unknown column 'Arraypasswd' in 'where clause'
 [ SQL语句 ] : SELECT `uid`,`username` FROM `xm_users` WHERE ( email=Arraypasswd='21232f297a57a5a743894a0e4a801fc3' ) LIMIT 1  

[ 2015-03-24T15:38:31+08:00 ] 0.0.0.0 /thinkphp3.1/index.php?m=Login&a=login
INFO: [ app_begin ] --START--
INFO: ReadHtmlCache Behavior ::run [ RunTime:0.000939s ]
INFO: [ app_begin ] --END-- [ RunTime:0.001054s ]
NOTIC: 建议使用I方法替代_post
NOTIC: 建议使用I方法替代_post
NOTIC: 建议使用I方法替代_post
NOTIC: [8] Undefined variable: passwd D:\wamp\www\ThinkPHP3.1\Lib\Action\LoginAction.class.php 第 35 行.
SQL: SHOW COLUMNS FROM `xm_users` [ RunTime:0.004853s ]
SQL: SELECT * FROM `xm_users` WHERE ( email='1451583383@qq.com' ) LIMIT 1   [ RunTime:0.000416s ]
NOTIC: [8] Undefined variable: email D:\wamp\www\ThinkPHP3.1\Lib\Action\LoginAction.class.php 第 40 行.
SQL: SELECT `uid`,`username` FROM `xm_users` WHERE ( email=Arraypasswd='21232f297a57a5a743894a0e4a801fc3' ) LIMIT 1   [ RunTime:0.000178s ]
ERR: 1054:Unknown column 'Arraypasswd' in 'where clause'
 [ SQL语句 ] : SELECT `uid`,`username` FROM `xm_users` WHERE ( email=Arraypasswd='21232f297a57a5a743894a0e4a801fc3' ) LIMIT 1  

[ 2015-03-24T15:39:08+08:00 ] 0.0.0.0 /thinkphp3.1/index.php?m=Login&a=login
INFO: [ app_begin ] --START--
INFO: ReadHtmlCache Behavior ::run [ RunTime:0.000621s ]
INFO: [ app_begin ] --END-- [ RunTime:0.000720s ]
NOTIC: 建议使用I方法替代_post
NOTIC: 建议使用I方法替代_post
NOTIC: 建议使用I方法替代_post
NOTIC: [8] Undefined variable: passwd D:\wamp\www\ThinkPHP3.1\Lib\Action\LoginAction.class.php 第 35 行.
SQL: SHOW COLUMNS FROM `xm_users` [ RunTime:0.004839s ]
SQL: SELECT * FROM `xm_users` WHERE ( email='1451583383@qq.com' ) LIMIT 1   [ RunTime:0.000338s ]
NOTIC: [8] Undefined variable: email D:\wamp\www\ThinkPHP3.1\Lib\Action\LoginAction.class.php 第 40 行.
SQL: SELECT `uid`,`username` FROM `xm_users` WHERE ( email=Arraypasswd='21232f297a57a5a743894a0e4a801fc3' ) LIMIT 1   [ RunTime:0.000175s ]
ERR: 1054:Unknown column 'Arraypasswd' in 'where clause'
 [ SQL语句 ] : SELECT `uid`,`username` FROM `xm_users` WHERE ( email=Arraypasswd='21232f297a57a5a743894a0e4a801fc3' ) LIMIT 1  

[ 2015-03-24T15:39:31+08:00 ] 0.0.0.0 /thinkphp3.1/index.php?m=Login&a=login
INFO: [ app_begin ] --START--
INFO: ReadHtmlCache Behavior ::run [ RunTime:0.000889s ]
INFO: [ app_begin ] --END-- [ RunTime:0.000995s ]
NOTIC: 建议使用I方法替代_post
NOTIC: 建议使用I方法替代_post
NOTIC: 建议使用I方法替代_post
NOTIC: [8] Undefined variable: passwd D:\wamp\www\ThinkPHP3.1\Lib\Action\LoginAction.class.php 第 35 行.
SQL: SHOW COLUMNS FROM `xm_users` [ RunTime:0.005312s ]
SQL: SELECT * FROM `xm_users` WHERE ( email='1451583383@qq.com' ) LIMIT 1   [ RunTime:0.000351s ]
NOTIC: [8] Undefined variable: email D:\wamp\www\ThinkPHP3.1\Lib\Action\LoginAction.class.php 第 40 行.
SQL: SELECT `uid`,`username` FROM `xm_users` WHERE ( email=Arraypasswd='21232f297a57a5a743894a0e4a801fc3' ) LIMIT 1   [ RunTime:0.000132s ]
ERR: 1054:Unknown column 'Arraypasswd' in 'where clause'
 [ SQL语句 ] : SELECT `uid`,`username` FROM `xm_users` WHERE ( email=Arraypasswd='21232f297a57a5a743894a0e4a801fc3' ) LIMIT 1  

[ 2015-03-24T15:40:24+08:00 ] 0.0.0.0 /thinkphp3.1/index.php?m=Login&a=login
INFO: [ app_begin ] --START--
INFO: ReadHtmlCache Behavior ::run [ RunTime:0.000730s ]
INFO: [ app_begin ] --END-- [ RunTime:0.000833s ]
NOTIC: 建议使用I方法替代_post
NOTIC: 建议使用I方法替代_post
NOTIC: 建议使用I方法替代_post
NOTIC: [8] Undefined variable: passwd D:\wamp\www\ThinkPHP3.1\Lib\Action\LoginAction.class.php 第 35 行.
SQL: SHOW COLUMNS FROM `xm_users` [ RunTime:0.005141s ]
SQL: SELECT * FROM `xm_users` WHERE ( email='1451583383@qq.com' ) LIMIT 1   [ RunTime:0.000346s ]
NOTIC: [8] Undefined variable: email D:\wamp\www\ThinkPHP3.1\Lib\Action\LoginAction.class.php 第 40 行.
SQL: SELECT `uid`,`username` FROM `xm_users` WHERE ( email=Arraypasswd='21232f297a57a5a743894a0e4a801fc3' ) LIMIT 1   [ RunTime:0.000175s ]
ERR: 1054:Unknown column 'Arraypasswd' in 'where clause'
 [ SQL语句 ] : SELECT `uid`,`username` FROM `xm_users` WHERE ( email=Arraypasswd='21232f297a57a5a743894a0e4a801fc3' ) LIMIT 1  

[ 2015-03-24T15:40:55+08:00 ] 0.0.0.0 /thinkphp3.1/index.php?m=Login&a=login
INFO: [ app_begin ] --START--
INFO: ReadHtmlCache Behavior ::run [ RunTime:0.000715s ]
INFO: [ app_begin ] --END-- [ RunTime:0.000832s ]
NOTIC: 建议使用I方法替代_post
NOTIC: 建议使用I方法替代_post
NOTIC: 建议使用I方法替代_post
NOTIC: [8] Undefined variable: passwd D:\wamp\www\ThinkPHP3.1\Lib\Action\LoginAction.class.php 第 35 行.
SQL: SHOW COLUMNS FROM `xm_users` [ RunTime:0.005192s ]
SQL: SELECT * FROM `xm_users` WHERE ( email='1451583383@qq.com' ) LIMIT 1   [ RunTime:0.000339s ]
NOTIC: [8] Undefined variable: email D:\wamp\www\ThinkPHP3.1\Lib\Action\LoginAction.class.php 第 40 行.
SQL: SELECT `uid`,`username` FROM `xm_users` WHERE ( email=Arraypasswd='21232f297a57a5a743894a0e4a801fc3' ) LIMIT 1   [ RunTime:0.000175s ]
ERR: 1054:Unknown column 'Arraypasswd' in 'where clause'
 [ SQL语句 ] : SELECT `uid`,`username` FROM `xm_users` WHERE ( email=Arraypasswd='21232f297a57a5a743894a0e4a801fc3' ) LIMIT 1  

[ 2015-03-24T15:42:24+08:00 ] 0.0.0.0 /thinkphp3.1/index.php?m=Login&a=login
INFO: [ app_begin ] --START--
INFO: ReadHtmlCache Behavior ::run [ RunTime:0.000796s ]
INFO: [ app_begin ] --END-- [ RunTime:0.000939s ]
NOTIC: 建议使用I方法替代_post
NOTIC: 建议使用I方法替代_post
NOTIC: 建议使用I方法替代_post
NOTIC: [8] Undefined variable: passwd D:\wamp\www\ThinkPHP3.1\Lib\Action\LoginAction.class.php 第 35 行.
SQL: SHOW COLUMNS FROM `xm_users` [ RunTime:0.065066s ]
SQL: SELECT * FROM `xm_users` WHERE ( email='1451583383@qq.com' ) LIMIT 1   [ RunTime:0.000351s ]
NOTIC: [8] Undefined variable: email D:\wamp\www\ThinkPHP3.1\Lib\Action\LoginAction.class.php 第 40 行.
SQL: SELECT `uid`,`username` FROM `xm_users` WHERE ( email=Arraypasswd='21232f297a57a5a743894a0e4a801fc3' ) LIMIT 1   [ RunTime:0.000175s ]
ERR: 1054:Unknown column 'Arraypasswd' in 'where clause'
 [ SQL语句 ] : SELECT `uid`,`username` FROM `xm_users` WHERE ( email=Arraypasswd='21232f297a57a5a743894a0e4a801fc3' ) LIMIT 1  

[ 2015-03-24T15:43:04+08:00 ] 0.0.0.0 /thinkphp3.1/index.php?m=Login&a=login
INFO: [ app_begin ] --START--
INFO: ReadHtmlCache Behavior ::run [ RunTime:0.000930s ]
INFO: [ app_begin ] --END-- [ RunTime:0.001033s ]
NOTIC: 建议使用I方法替代_post
NOTIC: 建议使用I方法替代_post
NOTIC: 建议使用I方法替代_post
NOTIC: [8] Undefined variable: passwd D:\wamp\www\ThinkPHP3.1\Lib\Action\LoginAction.class.php 第 35 行.
SQL: SHOW COLUMNS FROM `xm_users` [ RunTime:0.005177s ]
SQL: SELECT * FROM `xm_users` WHERE ( email='1451583383@qq.com' ) LIMIT 1   [ RunTime:0.000344s ]
NOTIC: [8] Undefined variable: email D:\wamp\www\ThinkPHP3.1\Lib\Action\LoginAction.class.php 第 40 行.
SQL: SELECT `uid`,`username` FROM `xm_users` WHERE ( email=Arraypasswd='21232f297a57a5a743894a0e4a801fc3' ) LIMIT 1   [ RunTime:0.000175s ]
ERR: 1054:Unknown column 'Arraypasswd' in 'where clause'
 [ SQL语句 ] : SELECT `uid`,`username` FROM `xm_users` WHERE ( email=Arraypasswd='21232f297a57a5a743894a0e4a801fc3' ) LIMIT 1  

[ 2015-03-24T15:46:01+08:00 ] 0.0.0.0 /thinkphp3.1/index.php?m=Login&a=login
INFO: [ app_begin ] --START--
INFO: ReadHtmlCache Behavior ::run [ RunTime:0.000734s ]
INFO: [ app_begin ] --END-- [ RunTime:0.000841s ]
NOTIC: 建议使用I方法替代_post
NOTIC: 建议使用I方法替代_post
NOTIC: 建议使用I方法替代_post
NOTIC: [8] Undefined variable: passwd D:\wamp\www\ThinkPHP3.1\Lib\Action\LoginAction.class.php 第 35 行.
SQL: SHOW COLUMNS FROM `xm_users` [ RunTime:0.005486s ]
SQL: SELECT * FROM `xm_users` WHERE ( email='1451583383@qq.com' ) LIMIT 1   [ RunTime:0.000368s ]
NOTIC: [8] Undefined variable: email D:\wamp\www\ThinkPHP3.1\Lib\Action\LoginAction.class.php 第 40 行.
SQL: SELECT `uid`,`username` FROM `xm_users` WHERE ( email='Array' AND passwd='21232f297a57a5a743894a0e4a801fc3' ) LIMIT 1   [ RunTime:0.000233s ]

[ 2015-03-24T15:46:16+08:00 ] 0.0.0.0 /thinkphp3.1/index.php?m=Login&a=login
INFO: [ app_begin ] --START--
INFO: ReadHtmlCache Behavior ::run [ RunTime:0.000620s ]
INFO: [ app_begin ] --END-- [ RunTime:0.000725s ]
NOTIC: 建议使用I方法替代_post
NOTIC: 建议使用I方法替代_post
NOTIC: 建议使用I方法替代_post
NOTIC: [8] Undefined variable: passwd D:\wamp\www\ThinkPHP3.1\Lib\Action\LoginAction.class.php 第 35 行.
SQL: SHOW COLUMNS FROM `xm_users` [ RunTime:0.005256s ]
SQL: SELECT * FROM `xm_users` WHERE ( email='1451583383@qq.com' ) LIMIT 1   [ RunTime:0.000339s ]
NOTIC: [8] Undefined variable: email D:\wamp\www\ThinkPHP3.1\Lib\Action\LoginAction.class.php 第 40 行.
SQL: SELECT `uid`,`username` FROM `xm_users` WHERE ( email='Array' AND passwd='21232f297a57a5a743894a0e4a801fc3' ) LIMIT 1   [ RunTime:0.000227s ]

[ 2015-03-24T15:47:19+08:00 ] 0.0.0.0 /thinkphp3.1/index.php?m=Login&a=login
INFO: [ app_begin ] --START--
INFO: ReadHtmlCache Behavior ::run [ RunTime:0.000646s ]
INFO: [ app_begin ] --END-- [ RunTime:0.000747s ]
NOTIC: 建议使用I方法替代_post
NOTIC: 建议使用I方法替代_post
NOTIC: 建议使用I方法替代_post
NOTIC: [8] Undefined variable: passwd D:\wamp\www\ThinkPHP3.1\Lib\Action\LoginAction.class.php 第 35 行.
SQL: SHOW COLUMNS FROM `xm_users` [ RunTime:0.005235s ]
SQL: SELECT * FROM `xm_users` WHERE ( email='1451583383@qq.com' ) LIMIT 1   [ RunTime:0.000349s ]
NOTIC: [8] Undefined variable: email D:\wamp\www\ThinkPHP3.1\Lib\Action\LoginAction.class.php 第 40 行.
SQL: SELECT `uid`,`username` FROM `xm_users` WHERE ( email='Array' AND passwd='21232f297a57a5a743894a0e4a801fc3' ) LIMIT 1   [ RunTime:0.000228s ]

[ 2015-03-24T15:49:49+08:00 ] 0.0.0.0 /thinkphp3.1/index.php?m=Login&a=login
INFO: [ app_begin ] --START--
INFO: ReadHtmlCache Behavior ::run [ RunTime:0.000762s ]
INFO: [ app_begin ] --END-- [ RunTime:0.000869s ]
NOTIC: 建议使用I方法替代_post
NOTIC: 建议使用I方法替代_post
NOTIC: 建议使用I方法替代_post
NOTIC: [8] Undefined variable: passwd D:\wamp\www\ThinkPHP3.1\Lib\Action\LoginAction.class.php 第 35 行.
SQL: SHOW COLUMNS FROM `xm_users` [ RunTime:0.005053s ]
SQL: SELECT * FROM `xm_users` WHERE ( email='1451583383@qq.com' ) LIMIT 1   [ RunTime:0.000371s ]
NOTIC: [8] Undefined variable: email D:\wamp\www\ThinkPHP3.1\Lib\Action\LoginAction.class.php 第 40 行.
SQL: SELECT `uid`,`username` FROM `xm_users` WHERE ( email='Array' AND passwd='21232f297a57a5a743894a0e4a801fc3' ) LIMIT 1   [ RunTime:0.000229s ]

[ 2015-03-24T15:50:31+08:00 ] 0.0.0.0 /thinkphp3.1/index.php?m=Login&a=login
INFO: [ app_begin ] --START--
INFO: ReadHtmlCache Behavior ::run [ RunTime:0.000623s ]
INFO: [ app_begin ] --END-- [ RunTime:0.000722s ]
NOTIC: 建议使用I方法替代_post
NOTIC: 建议使用I方法替代_post
NOTIC: 建议使用I方法替代_post
NOTIC: [8] Undefined variable: passwd D:\wamp\www\ThinkPHP3.1\Lib\Action\LoginAction.class.php 第 35 行.
SQL: SHOW COLUMNS FROM `xm_users` [ RunTime:0.004954s ]
SQL: SELECT * FROM `xm_users` WHERE ( email='1451583383@qq.com' ) LIMIT 1   [ RunTime:0.000334s ]
NOTIC: [8] Undefined variable: email D:\wamp\www\ThinkPHP3.1\Lib\Action\LoginAction.class.php 第 40 行.
SQL: SELECT `uid`,`username` FROM `xm_users` WHERE ( email='Array' AND passwd='21232f297a57a5a743894a0e4a801fc3' ) LIMIT 1   [ RunTime:0.000225s ]

[ 2015-03-24T15:53:23+08:00 ] 0.0.0.0 /thinkphp3.1/index.php?m=Login&a=login
INFO: [ app_begin ] --START--
INFO: ReadHtmlCache Behavior ::run [ RunTime:0.000724s ]
INFO: [ app_begin ] --END-- [ RunTime:0.000828s ]
NOTIC: 建议使用I方法替代_post
NOTIC: 建议使用I方法替代_post
NOTIC: 建议使用I方法替代_post
NOTIC: [8] Undefined variable: passwd D:\wamp\www\ThinkPHP3.1\Lib\Action\LoginAction.class.php 第 35 行.
SQL: SHOW COLUMNS FROM `xm_users` [ RunTime:0.005163s ]
SQL: SELECT * FROM `xm_users` WHERE ( email='1451583383@qq.com' ) LIMIT 1   [ RunTime:0.000401s ]
NOTIC: [8] Undefined variable: email D:\wamp\www\ThinkPHP3.1\Lib\Action\LoginAction.class.php 第 42 行.
SQL: SELECT `uid`,`username` FROM `xm_users` WHERE ( email='Array' AND passwd='21232f297a57a5a743894a0e4a801fc3' ) LIMIT 1   [ RunTime:0.000226s ]

[ 2015-03-24T15:55:33+08:00 ] 0.0.0.0 /thinkphp3.1/index.php?m=Login&a=login
INFO: [ app_begin ] --START--
INFO: ReadHtmlCache Behavior ::run [ RunTime:0.000918s ]
INFO: [ app_begin ] --END-- [ RunTime:0.001060s ]
NOTIC: 建议使用I方法替代_post
NOTIC: 建议使用I方法替代_post
NOTIC: 建议使用I方法替代_post
NOTIC: [8] Undefined variable: passwd D:\wamp\www\ThinkPHP3.1\Lib\Action\LoginAction.class.php 第 35 行.
SQL: SHOW COLUMNS FROM `xm_users` [ RunTime:0.006228s ]
SQL: SELECT * FROM `xm_users` WHERE ( email='1451583383@qq.com' ) LIMIT 1   [ RunTime:0.000378s ]
NOTIC: [8] Undefined variable: email D:\wamp\www\ThinkPHP3.1\Lib\Action\LoginAction.class.php 第 40 行.
SQL: SELECT `uid`,`username` FROM `xm_users` WHERE ( email='Array' AND passwd='21232f297a57a5a743894a0e4a801fc3' ) LIMIT 1   [ RunTime:0.000224s ]

[ 2015-03-24T15:57:47+08:00 ] 0.0.0.0 /thinkphp3.1/index.php?m=Login&a=login
INFO: [ app_begin ] --START--
INFO: ReadHtmlCache Behavior ::run [ RunTime:0.000729s ]
INFO: [ app_begin ] --END-- [ RunTime:0.000836s ]
NOTIC: 建议使用I方法替代_post
NOTIC: 建议使用I方法替代_post
NOTIC: 建议使用I方法替代_post
NOTIC: [8] Undefined variable: passwd D:\wamp\www\ThinkPHP3.1\Lib\Action\LoginAction.class.php 第 35 行.
SQL: SHOW COLUMNS FROM `xm_users` [ RunTime:0.005037s ]
SQL: SELECT * FROM `xm_users` WHERE ( email='1451583383@qq.com' ) LIMIT 1   [ RunTime:0.000366s ]
NOTIC: [8] Undefined variable: email D:\wamp\www\ThinkPHP3.1\Lib\Action\LoginAction.class.php 第 40 行.
SQL: SELECT `uid`,`username` FROM `xm_users` WHERE ( email='Array' AND passwd='21232f297a57a5a743894a0e4a801fc3' ) LIMIT 1   [ RunTime:0.000225s ]

[ 2015-03-24T15:58:53+08:00 ] 0.0.0.0 /thinkphp3.1/index.php?m=Login&a=login
INFO: [ app_begin ] --START--
INFO: ReadHtmlCache Behavior ::run [ RunTime:0.000676s ]
INFO: [ app_begin ] --END-- [ RunTime:0.000781s ]
NOTIC: 建议使用I方法替代_post
NOTIC: 建议使用I方法替代_post
NOTIC: 建议使用I方法替代_post
NOTIC: [8] Undefined variable: passwd D:\wamp\www\ThinkPHP3.1\Lib\Action\LoginAction.class.php 第 35 行.
SQL: SHOW COLUMNS FROM `xm_users` [ RunTime:0.005225s ]
SQL: SELECT `uid` FROM `xm_users` WHERE ( email='1451583383@qq.com' ) LIMIT 1   [ RunTime:0.000292s ]
NOTIC: [8] Undefined variable: email D:\wamp\www\ThinkPHP3.1\Lib\Action\LoginAction.class.php 第 40 行.
SQL: SELECT `uid`,`username` FROM `xm_users` WHERE ( email='Array' AND passwd='21232f297a57a5a743894a0e4a801fc3' ) LIMIT 1   [ RunTime:0.000228s ]

[ 2015-03-24T15:59:02+08:00 ] 0.0.0.0 /thinkphp3.1/index.php?m=Login&a=login
INFO: [ app_begin ] --START--
INFO: ReadHtmlCache Behavior ::run [ RunTime:0.000710s ]
INFO: [ app_begin ] --END-- [ RunTime:0.000843s ]
NOTIC: 建议使用I方法替代_post
NOTIC: 建议使用I方法替代_post
NOTIC: 建议使用I方法替代_post
NOTIC: [8] Undefined variable: passwd D:\wamp\www\ThinkPHP3.1\Lib\Action\LoginAction.class.php 第 35 行.
SQL: SHOW COLUMNS FROM `xm_users` [ RunTime:0.005033s ]
SQL: SELECT `uid` FROM `xm_users` WHERE ( email='1451583383@qq.com' ) LIMIT 1   [ RunTime:0.000294s ]
NOTIC: [8] Undefined variable: email D:\wamp\www\ThinkPHP3.1\Lib\Action\LoginAction.class.php 第 40 行.
SQL: SELECT `uid`,`username` FROM `xm_users` WHERE ( email='Array' AND passwd='21232f297a57a5a743894a0e4a801fc3' ) LIMIT 1   [ RunTime:0.000262s ]

[ 2015-03-24T16:00:28+08:00 ] 0.0.0.0 /thinkphp3.1/index.php?m=Login&a=login
INFO: [ app_begin ] --START--
INFO: ReadHtmlCache Behavior ::run [ RunTime:0.000875s ]
INFO: [ app_begin ] --END-- [ RunTime:0.000987s ]
NOTIC: 建议使用I方法替代_post
NOTIC: 建议使用I方法替代_post
NOTIC: 建议使用I方法替代_post
NOTIC: [8] Undefined variable: passwd D:\wamp\www\ThinkPHP3.1\Lib\Action\LoginAction.class.php 第 35 行.
SQL: SHOW COLUMNS FROM `xm_users` [ RunTime:0.005712s ]
SQL: SELECT `uid` FROM `xm_users` WHERE ( email='1451583383@qq.com' ) LIMIT 1   [ RunTime:0.000298s ]
NOTIC: [8] Undefined variable: email D:\wamp\www\ThinkPHP3.1\Lib\Action\LoginAction.class.php 第 40 行.
SQL: SELECT `uid`,`username` FROM `xm_users` WHERE ( email='Array' AND passwd='21232f297a57a5a743894a0e4a801fc3' ) LIMIT 1   [ RunTime:0.000249s ]

[ 2015-03-24T16:03:36+08:00 ] 0.0.0.0 /thinkphp3.1/index.php?m=Login&a=login
INFO: [ app_begin ] --START--
INFO: ReadHtmlCache Behavior ::run [ RunTime:0.000674s ]
INFO: [ app_begin ] --END-- [ RunTime:0.000778s ]
NOTIC: 建议使用I方法替代_post
NOTIC: 建议使用I方法替代_post
NOTIC: 建议使用I方法替代_post
NOTIC: [8] Undefined variable: passwd D:\wamp\www\ThinkPHP3.1\Lib\Action\LoginAction.class.php 第 35 行.
SQL: SHOW COLUMNS FROM `xm_users` [ RunTime:0.005158s ]
SQL: SELECT `uid` FROM `xm_users` WHERE ( email='1451583383@qq.com' ) LIMIT 1   [ RunTime:0.000315s ]
NOTIC: [8] Undefined variable: email D:\wamp\www\ThinkPHP3.1\Lib\Action\LoginAction.class.php 第 40 行.
SQL: SELECT `uid`,`username` FROM `xm_users` WHERE ( email='Array' AND passwd='21232f297a57a5a743894a0e4a801fc3' ) LIMIT 1   [ RunTime:0.000226s ]

[ 2015-03-24T16:05:20+08:00 ] 0.0.0.0 /thinkphp3.1/index.php?m=Login&a=login
INFO: [ app_begin ] --START--
INFO: ReadHtmlCache Behavior ::run [ RunTime:0.000784s ]
INFO: [ app_begin ] --END-- [ RunTime:0.000908s ]
NOTIC: 建议使用I方法替代_post
NOTIC: 建议使用I方法替代_post
NOTIC: 建议使用I方法替代_post
NOTIC: [8] Undefined variable: passwd D:\wamp\www\ThinkPHP3.1\Lib\Action\LoginAction.class.php 第 35 行.
SQL: SHOW COLUMNS FROM `xm_users` [ RunTime:0.005704s ]
SQL: SELECT `uid` FROM `xm_users` WHERE ( email='1451583383@qq.com' ) LIMIT 1   [ RunTime:0.000314s ]
SQL: SELECT `uid`,`username` FROM `xm_users` WHERE ( uid=1 ) LIMIT 1   [ RunTime:0.000248s ]

[ 2015-03-24T16:08:07+08:00 ] 0.0.0.0 /thinkphp3.1/index.php?m=Login&a=login
INFO: [ app_begin ] --START--
INFO: ReadHtmlCache Behavior ::run [ RunTime:0.001277s ]
INFO: [ app_begin ] --END-- [ RunTime:0.001468s ]
NOTIC: 建议使用I方法替代_post
NOTIC: 建议使用I方法替代_post
NOTIC: 建议使用I方法替代_post
NOTIC: [8] Undefined variable: passwd D:\wamp\www\ThinkPHP3.1\Lib\Action\LoginAction.class.php 第 35 行.
SQL: SHOW COLUMNS FROM `xm_users` [ RunTime:0.005140s ]
SQL: SELECT `uid` FROM `xm_users` WHERE ( email='1451583383@qq.com' ) LIMIT 1   [ RunTime:0.000314s ]
SQL: SELECT `uid`,`username` FROM `xm_users` WHERE ( email=1451583383@qq.com AND passwd='21232f297a57a5a743894a0e4a801fc3' ) LIMIT 1   [ RunTime:0.000169s ]
ERR: 1064:You have an error in your SQL syntax; check the manual that corresponds to your MySQL server version for the right syntax to use near '@qq.com AND passwd='21232f297a57a5a743894a0e4a801fc3' ) LIMIT 1' at line 1
 [ SQL语句 ] : SELECT `uid`,`username` FROM `xm_users` WHERE ( email=1451583383@qq.com AND passwd='21232f297a57a5a743894a0e4a801fc3' ) LIMIT 1  

[ 2015-03-24T16:09:01+08:00 ] 0.0.0.0 /thinkphp3.1/index.php?m=Login&a=login
INFO: [ app_begin ] --START--
INFO: ReadHtmlCache Behavior ::run [ RunTime:0.000656s ]
INFO: [ app_begin ] --END-- [ RunTime:0.000755s ]
NOTIC: 建议使用I方法替代_post
NOTIC: 建议使用I方法替代_post
NOTIC: 建议使用I方法替代_post
NOTIC: [8] Undefined variable: passwd D:\wamp\www\ThinkPHP3.1\Lib\Action\LoginAction.class.php 第 35 行.
SQL: SHOW COLUMNS FROM `xm_users` [ RunTime:0.005094s ]
SQL: SELECT `uid` FROM `xm_users` WHERE ( email='1451583383@qq.com' ) LIMIT 1   [ RunTime:0.000337s ]
SQL: SELECT `uid`,`username` FROM `xm_users` WHERE ( email='1451583383@qq.com' AND passwd='21232f297a57a5a743894a0e4a801fc3' ) LIMIT 1   [ RunTime:0.000228s ]

[ 2015-03-24T16:09:16+08:00 ] 0.0.0.0 /thinkphp3.1/index.php?m=Login&a=login
INFO: [ app_begin ] --START--
INFO: ReadHtmlCache Behavior ::run [ RunTime:0.000714s ]
INFO: [ app_begin ] --END-- [ RunTime:0.000816s ]
NOTIC: 建议使用I方法替代_post
NOTIC: 建议使用I方法替代_post
NOTIC: 建议使用I方法替代_post
NOTIC: [8] Undefined variable: passwd D:\wamp\www\ThinkPHP3.1\Lib\Action\LoginAction.class.php 第 35 行.
SQL: SHOW COLUMNS FROM `xm_users` [ RunTime:0.006121s ]
SQL: SELECT `uid` FROM `xm_users` WHERE ( email='1451583383@qq.com' ) LIMIT 1   [ RunTime:0.000291s ]
SQL: SELECT `uid`,`username` FROM `xm_users` WHERE ( email='1451583383@qq.com' AND passwd='21232f297a57a5a743894a0e4a801fc3' ) LIMIT 1   [ RunTime:0.000248s ]

[ 2015-03-24T16:10:13+08:00 ] 0.0.0.0 /thinkphp3.1/index.php?m=Login&a=login
INFO: [ app_begin ] --START--
INFO: ReadHtmlCache Behavior ::run [ RunTime:0.000787s ]
INFO: [ app_begin ] --END-- [ RunTime:0.000886s ]
NOTIC: 建议使用I方法替代_post
NOTIC: 建议使用I方法替代_post
NOTIC: 建议使用I方法替代_post
NOTIC: [8] Undefined variable: passwd D:\wamp\www\ThinkPHP3.1\Lib\Action\LoginAction.class.php 第 35 行.
SQL: SHOW COLUMNS FROM `xm_users` [ RunTime:0.005683s ]
SQL: SELECT `uid` FROM `xm_users` WHERE ( email='123@qq.com' ) LIMIT 1   [ RunTime:0.000286s ]
SQL: SELECT * FROM `xm_users` WHERE ( email='123@qq.com' ) LIMIT 1   [ RunTime:0.000266s ]
SQL: SHOW COLUMNS FROM `xm_orgs` [ RunTime:0.004671s ]
SQL: SELECT `oid`,`orgname` FROM `xm_orgs` WHERE ( email='123@qq.com'AND passwd='21232f297a57a5a743894a0e4a801fc3' ) LIMIT 1   [ RunTime:0.000277s ]

[ 2015-03-24T16:10:30+08:00 ] 0.0.0.0 /thinkphp3.1/index.php?m=Login&a=login
INFO: [ app_begin ] --START--
INFO: ReadHtmlCache Behavior ::run [ RunTime:0.000738s ]
INFO: [ app_begin ] --END-- [ RunTime:0.000841s ]
NOTIC: 建议使用I方法替代_post
NOTIC: 建议使用I方法替代_post
NOTIC: 建议使用I方法替代_post
NOTIC: [8] Undefined variable: passwd D:\wamp\www\ThinkPHP3.1\Lib\Action\LoginAction.class.php 第 35 行.
SQL: SHOW COLUMNS FROM `xm_users` [ RunTime:0.004930s ]
SQL: SELECT `uid` FROM `xm_users` WHERE ( email='123@qq.com' ) LIMIT 1   [ RunTime:0.000285s ]
SQL: SELECT * FROM `xm_users` WHERE ( email='123@qq.com' ) LIMIT 1   [ RunTime:0.000302s ]
SQL: SHOW COLUMNS FROM `xm_orgs` [ RunTime:0.005149s ]
SQL: SELECT `oid`,`orgname` FROM `xm_orgs` WHERE ( email='123@qq.com'AND passwd='21232f297a57a5a743894a0e4a801fc3' ) LIMIT 1   [ RunTime:0.000309s ]

[ 2015-03-24T16:10:48+08:00 ] 0.0.0.0 /thinkphp3.1/index.php?m=Login&a=login
INFO: [ app_begin ] --START--
INFO: ReadHtmlCache Behavior ::run [ RunTime:0.000747s ]
INFO: [ app_begin ] --END-- [ RunTime:0.000865s ]
NOTIC: 建议使用I方法替代_post
NOTIC: 建议使用I方法替代_post
NOTIC: 建议使用I方法替代_post
NOTIC: [8] Undefined variable: passwd D:\wamp\www\ThinkPHP3.1\Lib\Action\LoginAction.class.php 第 35 行.
SQL: SHOW COLUMNS FROM `xm_users` [ RunTime:0.005172s ]
SQL: SELECT `uid` FROM `xm_users` WHERE ( email='123@qq.com' ) LIMIT 1   [ RunTime:0.000298s ]
SQL: SELECT * FROM `xm_users` WHERE ( email='123@qq.com' ) LIMIT 1   [ RunTime:0.000278s ]
SQL: SHOW COLUMNS FROM `xm_orgs` [ RunTime:0.005573s ]
SQL: SELECT `oid`,`orgname` FROM `xm_orgs` WHERE ( email='123@qq.com'AND passwd='21232f297a57a5a743894a0e4a801fc3' ) LIMIT 1   [ RunTime:0.000293s ]

[ 2015-03-24T16:11:07+08:00 ] 0.0.0.0 /thinkphp3.1/index.php?m=Login&a=login
INFO: [ app_begin ] --START--
INFO: ReadHtmlCache Behavior ::run [ RunTime:0.000727s ]
INFO: [ app_begin ] --END-- [ RunTime:0.000849s ]
NOTIC: 建议使用I方法替代_post
NOTIC: 建议使用I方法替代_post
NOTIC: 建议使用I方法替代_post
NOTIC: [8] Undefined variable: passwd D:\wamp\www\ThinkPHP3.1\Lib\Action\LoginAction.class.php 第 35 行.
SQL: SHOW COLUMNS FROM `xm_users` [ RunTime:0.005078s ]
SQL: SELECT `uid` FROM `xm_users` WHERE ( email='123@qq.com' ) LIMIT 1   [ RunTime:0.000284s ]
SQL: SELECT * FROM `xm_users` WHERE ( email='123@qq.com' ) LIMIT 1   [ RunTime:0.000268s ]
SQL: SHOW COLUMNS FROM `xm_orgs` [ RunTime:0.004599s ]
SQL: SELECT `oid`,`orgname` FROM `xm_orgs` WHERE ( email='123@qq.com'AND passwd='21232f297a57a5a743894a0e4a801fc3' ) LIMIT 1   [ RunTime:0.000270s ]

[ 2015-03-24T21:12:19+08:00 ] 0.0.0.0 /thinkphp3.1/index.php?m=Login&a=login
INFO: [ app_begin ] --START--
INFO: ReadHtmlCache Behavior ::run [ RunTime:0.001451s ]
INFO: [ app_begin ] --END-- [ RunTime:0.012176s ]
NOTIC: 建议使用I方法替代_post

[ 2015-03-24T21:12:30+08:00 ] 0.0.0.0 /thinkphp3.1/index.php?m=Login&a=login
INFO: [ app_begin ] --START--
INFO: ReadHtmlCache Behavior ::run [ RunTime:0.000662s ]
INFO: [ app_begin ] --END-- [ RunTime:0.000766s ]
NOTIC: 建议使用I方法替代_post

[ 2015-03-24T21:12:40+08:00 ] 0.0.0.0 /thinkphp3.1/index.php?m=Login&a=login
INFO: [ app_begin ] --START--
INFO: ReadHtmlCache Behavior ::run [ RunTime:0.000536s ]
INFO: [ app_begin ] --END-- [ RunTime:0.000650s ]
NOTIC: 建议使用I方法替代_post

[ 2015-03-24T21:14:23+08:00 ] 0.0.0.0 /thinkphp3.1/index.php?m=Login&a=login
INFO: [ app_begin ] --START--
INFO: ReadHtmlCache Behavior ::run [ RunTime:0.001086s ]
INFO: [ app_begin ] --END-- [ RunTime:0.001283s ]
NOTIC: 建议使用I方法替代_post

[ 2015-03-24T21:14:33+08:00 ] 0.0.0.0 /thinkphp3.1/index.php?m=Login&a=login
INFO: [ app_begin ] --START--
INFO: ReadHtmlCache Behavior ::run [ RunTime:0.000461s ]
INFO: [ app_begin ] --END-- [ RunTime:0.000555s ]
NOTIC: 建议使用I方法替代_post
NOTIC: 建议使用I方法替代_post
NOTIC: 建议使用I方法替代_post
NOTIC: [8] Undefined variable: passwd D:\wamp\www\ThinkPHP3.1\Lib\Action\LoginAction.class.php 第 35 行.
SQL: SHOW COLUMNS FROM `xm_users` [ RunTime:0.219757s ]
SQL: SELECT `uid` FROM `xm_users` WHERE ( email='sunxiaojiao001@sina.com' ) LIMIT 1   [ RunTime:0.168724s ]
SQL: SELECT * FROM `xm_users` WHERE ( email='sunxiaojiao001@sina.com' ) LIMIT 1   [ RunTime:0.000292s ]
SQL: SHOW COLUMNS FROM `xm_orgs` [ RunTime:0.036156s ]
SQL: SELECT `oid`,`orgname` FROM `xm_orgs` WHERE ( email='sunxiaojiao001@sina.com'AND passwd='202cb962ac59075b964b07152d234b70' ) LIMIT 1   [ RunTime:0.004890s ]

[ 2015-03-24T21:14:44+08:00 ] 0.0.0.0 /thinkphp3.1/index.php?m=Login&a=login
INFO: [ app_begin ] --START--
INFO: ReadHtmlCache Behavior ::run [ RunTime:0.000440s ]
INFO: [ app_begin ] --END-- [ RunTime:0.000533s ]
NOTIC: 建议使用I方法替代_post
NOTIC: 建议使用I方法替代_post
NOTIC: 建议使用I方法替代_post
NOTIC: [8] Undefined variable: passwd D:\wamp\www\ThinkPHP3.1\Lib\Action\LoginAction.class.php 第 35 行.
SQL: SHOW COLUMNS FROM `xm_users` [ RunTime:0.005274s ]
SQL: SELECT `uid` FROM `xm_users` WHERE ( email='sunxiaojiao001@sina.com' ) LIMIT 1   [ RunTime:0.000501s ]
SQL: SELECT * FROM `xm_users` WHERE ( email='sunxiaojiao001@sina.com' ) LIMIT 1   [ RunTime:0.000284s ]
SQL: SHOW COLUMNS FROM `xm_orgs` [ RunTime:0.008585s ]
SQL: SELECT `oid`,`orgname` FROM `xm_orgs` WHERE ( email='sunxiaojiao001@sina.com'AND passwd='202cb962ac59075b964b07152d234b70' ) LIMIT 1   [ RunTime:0.000292s ]

[ 2015-03-24T21:17:14+08:00 ] 0.0.0.0 /thinkphp3.1/index.php?m=Login&a=login
INFO: [ app_begin ] --START--
INFO: ReadHtmlCache Behavior ::run [ RunTime:0.000943s ]
INFO: [ app_begin ] --END-- [ RunTime:0.001109s ]
NOTIC: 建议使用I方法替代_post
NOTIC: 建议使用I方法替代_post
NOTIC: 建议使用I方法替代_post
NOTIC: [8] Undefined variable: passwd D:\wamp\www\ThinkPHP3.1\Lib\Action\LoginAction.class.php 第 35 行.
SQL: SHOW COLUMNS FROM `xm_users` [ RunTime:0.005248s ]
SQL: SELECT `uid` FROM `xm_users` WHERE ( email='sunxiaojiao001@sina.com' ) LIMIT 1   [ RunTime:0.000395s ]
SQL: SELECT * FROM `xm_users` WHERE ( email='sunxiaojiao001@sina.com' ) LIMIT 1   [ RunTime:0.000978s ]
SQL: SHOW COLUMNS FROM `xm_orgs` [ RunTime:0.008968s ]
SQL: SELECT `oid`,`orgname` FROM `xm_orgs` WHERE ( email='sunxiaojiao001@sina.com'AND passwd='202cb962ac59075b964b07152d234b70' ) LIMIT 1   [ RunTime:0.000704s ]

[ 2015-03-24T21:17:39+08:00 ] 0.0.0.0 /thinkphp3.1/index.php?m=Login&a=login
INFO: [ app_begin ] --START--
INFO: ReadHtmlCache Behavior ::run [ RunTime:0.000636s ]
INFO: [ app_begin ] --END-- [ RunTime:0.000782s ]
NOTIC: 建议使用I方法替代_post
NOTIC: 建议使用I方法替代_post
NOTIC: 建议使用I方法替代_post
NOTIC: [8] Undefined variable: passwd D:\wamp\www\ThinkPHP3.1\Lib\Action\LoginAction.class.php 第 35 行.
SQL: SHOW COLUMNS FROM `xm_users` [ RunTime:0.010326s ]
SQL: SELECT `uid` FROM `xm_users` WHERE ( email='11111111111111111' ) LIMIT 1   [ RunTime:0.000307s ]
SQL: SELECT * FROM `xm_users` WHERE ( email='11111111111111111' ) LIMIT 1   [ RunTime:0.000266s ]
SQL: SHOW COLUMNS FROM `xm_orgs` [ RunTime:0.006187s ]
SQL: SELECT `oid`,`orgname` FROM `xm_orgs` WHERE ( email='11111111111111111'AND passwd='202cb962ac59075b964b07152d234b70' ) LIMIT 1   [ RunTime:0.000316s ]

[ 2015-03-24T21:17:44+08:00 ] 0.0.0.0 /thinkphp3.1/index.php?m=Login&a=login
INFO: [ app_begin ] --START--
INFO: ReadHtmlCache Behavior ::run [ RunTime:0.000505s ]
INFO: [ app_begin ] --END-- [ RunTime:0.000609s ]
NOTIC: 建议使用I方法替代_post
NOTIC: 建议使用I方法替代_post
NOTIC: 建议使用I方法替代_post
NOTIC: [8] Undefined variable: passwd D:\wamp\www\ThinkPHP3.1\Lib\Action\LoginAction.class.php 第 35 行.
SQL: SHOW COLUMNS FROM `xm_users` [ RunTime:0.010251s ]
SQL: SELECT `uid` FROM `xm_users` WHERE ( email='11111111111111111' ) LIMIT 1   [ RunTime:0.001095s ]
SQL: SELECT * FROM `xm_users` WHERE ( email='11111111111111111' ) LIMIT 1   [ RunTime:0.000246s ]
SQL: SHOW COLUMNS FROM `xm_orgs` [ RunTime:0.005184s ]
SQL: SELECT `oid`,`orgname` FROM `xm_orgs` WHERE ( email='11111111111111111'AND passwd='202cb962ac59075b964b07152d234b70' ) LIMIT 1   [ RunTime:0.000287s ]

[ 2015-03-24T21:17:50+08:00 ] 0.0.0.0 /thinkphp3.1/index.php?m=Login&a=login
INFO: [ app_begin ] --START--
INFO: ReadHtmlCache Behavior ::run [ RunTime:0.000778s ]
INFO: [ app_begin ] --END-- [ RunTime:0.000886s ]
NOTIC: 建议使用I方法替代_post
NOTIC: 建议使用I方法替代_post
NOTIC: 建议使用I方法替代_post
NOTIC: [8] Undefined variable: passwd D:\wamp\www\ThinkPHP3.1\Lib\Action\LoginAction.class.php 第 35 行.
SQL: SHOW COLUMNS FROM `xm_users` [ RunTime:0.010109s ]
SQL: SELECT `uid` FROM `xm_users` WHERE ( email='1451583383@qq.com' ) LIMIT 1   [ RunTime:0.000281s ]
SQL: SELECT `uid`,`username` FROM `xm_users` WHERE ( email='1451583383@qq.com' AND passwd='202cb962ac59075b964b07152d234b70' ) LIMIT 1   [ RunTime:0.000225s ]

[ 2015-03-24T21:18:02+08:00 ] 0.0.0.0 /thinkphp3.1/index.php?m=Login&a=login
INFO: [ app_begin ] --START--
INFO: ReadHtmlCache Behavior ::run [ RunTime:0.000496s ]
INFO: [ app_begin ] --END-- [ RunTime:0.000587s ]
NOTIC: 建议使用I方法替代_post
NOTIC: 建议使用I方法替代_post
NOTIC: 建议使用I方法替代_post
NOTIC: [8] Undefined variable: passwd D:\wamp\www\ThinkPHP3.1\Lib\Action\LoginAction.class.php 第 35 行.
SQL: SHOW COLUMNS FROM `xm_users` [ RunTime:0.005011s ]
SQL: SELECT `uid` FROM `xm_users` WHERE ( email='1451583383@qq.com' ) LIMIT 1   [ RunTime:0.000279s ]
SQL: SELECT `uid`,`username` FROM `xm_users` WHERE ( email='1451583383@qq.com' AND passwd='202cb962ac59075b964b07152d234b70' ) LIMIT 1   [ RunTime:0.000225s ]

[ 2015-03-24T21:18:15+08:00 ] 0.0.0.0 /thinkphp3.1/index.php?m=Login&a=login
INFO: [ app_begin ] --START--
INFO: ReadHtmlCache Behavior ::run [ RunTime:0.000449s ]
INFO: [ app_begin ] --END-- [ RunTime:0.000540s ]
NOTIC: 建议使用I方法替代_post
NOTIC: 建议使用I方法替代_post
NOTIC: 建议使用I方法替代_post
NOTIC: [8] Undefined variable: passwd D:\wamp\www\ThinkPHP3.1\Lib\Action\LoginAction.class.php 第 35 行.
SQL: SHOW COLUMNS FROM `xm_users` [ RunTime:0.009638s ]
SQL: SELECT `uid` FROM `xm_users` WHERE ( email='1451583383@qq.com' ) LIMIT 1   [ RunTime:0.000315s ]
SQL: SELECT `uid`,`username` FROM `xm_users` WHERE ( email='1451583383@qq.com' AND passwd='202cb962ac59075b964b07152d234b70' ) LIMIT 1   [ RunTime:0.000248s ]

[ 2015-03-24T21:18:31+08:00 ] 0.0.0.0 /thinkphp3.1/index.php?m=Login&a=login
INFO: [ app_begin ] --START--
INFO: ReadHtmlCache Behavior ::run [ RunTime:0.000469s ]
INFO: [ app_begin ] --END-- [ RunTime:0.000575s ]
NOTIC: 建议使用I方法替代_post
NOTIC: 建议使用I方法替代_post
NOTIC: 建议使用I方法替代_post
NOTIC: [8] Undefined variable: passwd D:\wamp\www\ThinkPHP3.1\Lib\Action\LoginAction.class.php 第 35 行.
SQL: SHOW COLUMNS FROM `xm_users` [ RunTime:0.009059s ]
SQL: SELECT `uid` FROM `xm_users` WHERE ( email='1451583383@qq.com' ) LIMIT 1   [ RunTime:0.000333s ]
SQL: SELECT `uid`,`username` FROM `xm_users` WHERE ( email='1451583383@qq.com' AND passwd='b59c67bf196a4758191e42f76670ceba' ) LIMIT 1   [ RunTime:0.000237s ]

[ 2015-03-24T21:18:40+08:00 ] 0.0.0.0 /thinkphp3.1/index.php?m=Login&a=login
INFO: [ app_begin ] --START--
INFO: ReadHtmlCache Behavior ::run [ RunTime:0.000764s ]
INFO: [ app_begin ] --END-- [ RunTime:0.000981s ]
NOTIC: 建议使用I方法替代_post

[ 2015-03-24T22:40:03+08:00 ] 0.0.0.0 /thinkphp3.1/index.php?m=JobsInfo&a=index&jid=8
NOTIC: 建议使用I方法替代_get

[ 2015-03-24T22:42:52+08:00 ] 0.0.0.0 /thinkphp3.1/index.php?m=Login&a=login
INFO: [ app_begin ] --START--
INFO: ReadHtmlCache Behavior ::run [ RunTime:0.000491s ]
INFO: [ app_begin ] --END-- [ RunTime:0.000586s ]
NOTIC: 建议使用I方法替代_post
NOTIC: [2] Missing argument 1 for dump(), called in D:\wamp\www\ThinkPHP3.1\Lib\Action\LoginAction.class.php on line 28 and defined D:\wamp\www\ThinkPHP3.1\ThinkPHP\Common\functions.php 第 78 行.
NOTIC: [8] Undefined variable: var D:\wamp\www\ThinkPHP3.1\ThinkPHP\Common\functions.php 第 89 行.
NOTIC: 建议使用I方法替代_post
NOTIC: 建议使用I方法替代_post
NOTIC: [8] Undefined variable: passwd D:\wamp\www\ThinkPHP3.1\Lib\Action\LoginAction.class.php 第 35 行.
SQL: SHOW COLUMNS FROM `xm_users` [ RunTime:0.005041s ]
SQL: SELECT `uid` FROM `xm_users` WHERE ( email='1451583383@qq.com' ) LIMIT 1   [ RunTime:0.000284s ]
SQL: SELECT `uid`,`username` FROM `xm_users` WHERE ( email='1451583383@qq.com' AND passwd='21232f297a57a5a743894a0e4a801fc3' ) LIMIT 1   [ RunTime:0.000225s ]

[ 2015-03-24T22:45:38+08:00 ] 0.0.0.0 /thinkphp3.1/index.php?m=Login&a=login
INFO: [ app_begin ] --START--
INFO: ReadHtmlCache Behavior ::run [ RunTime:0.000687s ]
INFO: [ app_begin ] --END-- [ RunTime:0.000799s ]
NOTIC: 建议使用I方法替代_post

[ 2015-03-24T22:45:51+08:00 ] 0.0.0.0 /thinkphp3.1/index.php?m=Login&a=login
INFO: [ app_begin ] --START--
INFO: ReadHtmlCache Behavior ::run [ RunTime:0.000540s ]
INFO: [ app_begin ] --END-- [ RunTime:0.000672s ]
NOTIC: 建议使用I方法替代_post

[ 2015-03-24T22:46:04+08:00 ] 0.0.0.0 /thinkphp3.1/index.php?m=Login&a=login
INFO: [ app_begin ] --START--
INFO: ReadHtmlCache Behavior ::run [ RunTime:0.000527s ]
INFO: [ app_begin ] --END-- [ RunTime:0.000635s ]
NOTIC: 建议使用I方法替代_post
NOTIC: [2] Missing argument 1 for dump(), called in D:\wamp\www\ThinkPHP3.1\Lib\Action\LoginAction.class.php on line 28 and defined D:\wamp\www\ThinkPHP3.1\ThinkPHP\Common\functions.php 第 78 行.
NOTIC: [8] Undefined variable: var D:\wamp\www\ThinkPHP3.1\ThinkPHP\Common\functions.php 第 89 行.
NOTIC: 建议使用I方法替代_post
NOTIC: 建议使用I方法替代_post
NOTIC: [8] Undefined variable: passwd D:\wamp\www\ThinkPHP3.1\Lib\Action\LoginAction.class.php 第 35 行.
SQL: SHOW COLUMNS FROM `xm_users` [ RunTime:0.007455s ]
SQL: SELECT `uid` FROM `xm_users` WHERE ( email='1451583383@qq.com' ) LIMIT 1   [ RunTime:0.000288s ]
SQL: SELECT `uid`,`username` FROM `xm_users` WHERE ( email='1451583383@qq.com' AND passwd='21232f297a57a5a743894a0e4a801fc3' ) LIMIT 1   [ RunTime:0.000207s ]

[ 2015-03-24T22:47:42+08:00 ] 0.0.0.0 /thinkphp3.1/index.php?m=Login&a=login
INFO: [ app_begin ] --START--
INFO: ReadHtmlCache Behavior ::run [ RunTime:0.000615s ]
INFO: [ app_begin ] --END-- [ RunTime:0.000711s ]
NOTIC: 建议使用I方法替代_post
NOTIC: [2] Missing argument 1 for dump(), called in D:\wamp\www\ThinkPHP3.1\Lib\Action\LoginAction.class.php on line 28 and defined D:\wamp\www\ThinkPHP3.1\ThinkPHP\Common\functions.php 第 78 行.
NOTIC: [8] Undefined variable: var D:\wamp\www\ThinkPHP3.1\ThinkPHP\Common\functions.php 第 89 行.
NOTIC: 建议使用I方法替代_post
NOTIC: 建议使用I方法替代_post
NOTIC: [8] Undefined variable: passwd D:\wamp\www\ThinkPHP3.1\Lib\Action\LoginAction.class.php 第 35 行.
SQL: SHOW COLUMNS FROM `xm_users` [ RunTime:0.005453s ]
SQL: SELECT `uid` FROM `xm_users` WHERE ( email='1451583383' ) LIMIT 1   [ RunTime:0.000308s ]
SQL: SELECT * FROM `xm_users` WHERE ( email='1451583383' ) LIMIT 1   [ RunTime:0.000264s ]
SQL: SHOW COLUMNS FROM `xm_orgs` [ RunTime:0.004686s ]
SQL: SELECT `oid`,`orgname` FROM `xm_orgs` WHERE ( email='1451583383'AND passwd='21232f297a57a5a743894a0e4a801fc3' ) LIMIT 1   [ RunTime:0.000282s ]

[ 2015-03-24T22:49:06+08:00 ] 0.0.0.0 /thinkphp3.1/index.php?m=Login&a=login
INFO: [ app_begin ] --START--
INFO: ReadHtmlCache Behavior ::run [ RunTime:0.000472s ]
INFO: [ app_begin ] --END-- [ RunTime:0.000568s ]
NOTIC: 建议使用I方法替代_post
NOTIC: 建议使用I方法替代_post
NOTIC: 建议使用I方法替代_post
NOTIC: [8] Undefined variable: passwd D:\wamp\www\ThinkPHP3.1\Lib\Action\LoginAction.class.php 第 35 行.
SQL: SHOW COLUMNS FROM `xm_users` [ RunTime:0.005123s ]
SQL: SELECT `uid` FROM `xm_users` WHERE ( email='1451583383' ) LIMIT 1   [ RunTime:0.000286s ]
SQL: SELECT * FROM `xm_users` WHERE ( email='1451583383' ) LIMIT 1   [ RunTime:0.000513s ]
SQL: SHOW COLUMNS FROM `xm_orgs` [ RunTime:0.004851s ]
SQL: SELECT `oid`,`orgname` FROM `xm_orgs` WHERE ( email='1451583383'AND passwd='21232f297a57a5a743894a0e4a801fc3' ) LIMIT 1   [ RunTime:0.000268s ]

[ 2015-03-24T22:49:27+08:00 ] 0.0.0.0 /thinkphp3.1/index.php?m=Login&a=login
INFO: [ app_begin ] --START--
INFO: ReadHtmlCache Behavior ::run [ RunTime:0.000685s ]
INFO: [ app_begin ] --END-- [ RunTime:0.000849s ]
NOTIC: 建议使用I方法替代_post
NOTIC: 建议使用I方法替代_post
NOTIC: 建议使用I方法替代_post
NOTIC: [8] Undefined variable: passwd D:\wamp\www\ThinkPHP3.1\Lib\Action\LoginAction.class.php 第 36 行.
SQL: SHOW COLUMNS FROM `xm_users` [ RunTime:0.005730s ]
SQL: SELECT `uid` FROM `xm_users` WHERE ( email='1451583383' ) LIMIT 1   [ RunTime:0.000261s ]
SQL: SELECT * FROM `xm_users` WHERE ( email='1451583383' ) LIMIT 1   [ RunTime:0.000244s ]
SQL: SHOW COLUMNS FROM `xm_orgs` [ RunTime:0.004768s ]
SQL: SELECT `oid`,`orgname` FROM `xm_orgs` WHERE ( email='1451583383'AND passwd='21232f297a57a5a743894a0e4a801fc3' ) LIMIT 1   [ RunTime:0.000252s ]

[ 2015-03-24T22:56:12+08:00 ] 0.0.0.0 /thinkphp3.1/index.php?m=Login&a=login
INFO: [ app_begin ] --START--
INFO: ReadHtmlCache Behavior ::run [ RunTime:0.000617s ]
INFO: [ app_begin ] --END-- [ RunTime:0.000731s ]
NOTIC: 建议使用I方法替代_post
NOTIC: 建议使用I方法替代_post

[ 2015-03-24T22:56:30+08:00 ] 0.0.0.0 /thinkphp3.1/index.php?m=Login&a=login
INFO: [ app_begin ] --START--
INFO: ReadHtmlCache Behavior ::run [ RunTime:0.000435s ]
INFO: [ app_begin ] --END-- [ RunTime:0.000529s ]
NOTIC: 建议使用I方法替代_post
NOTIC: 建议使用I方法替代_post
NOTIC: 建议使用I方法替代_post
NOTIC: [8] Undefined variable: passwd D:\wamp\www\ThinkPHP3.1\Lib\Action\LoginAction.class.php 第 35 行.
SQL: SHOW COLUMNS FROM `xm_users` [ RunTime:0.005947s ]
SQL: SELECT `uid` FROM `xm_users` WHERE ( email='1451583383@qq.com' ) LIMIT 1   [ RunTime:0.000309s ]
SQL: SELECT `uid`,`username` FROM `xm_users` WHERE ( email='1451583383@qq.com' AND passwd='21232f297a57a5a743894a0e4a801fc3' ) LIMIT 1   [ RunTime:0.000231s ]

[ 2015-03-24T22:57:15+08:00 ] 0.0.0.0 /thinkphp3.1/index.php?m=Login&a=login
INFO: [ app_begin ] --START--
INFO: ReadHtmlCache Behavior ::run [ RunTime:0.000466s ]
INFO: [ app_begin ] --END-- [ RunTime:0.000586s ]
NOTIC: 建议使用I方法替代_post
NOTIC: 建议使用I方法替代_post
NOTIC: 建议使用I方法替代_post
NOTIC: [8] Undefined variable: passwd D:\wamp\www\ThinkPHP3.1\Lib\Action\LoginAction.class.php 第 35 行.
SQL: SHOW COLUMNS FROM `xm_users` [ RunTime:0.005470s ]
SQL: SELECT `uid` FROM `xm_users` WHERE ( email='1451583383@qq.com' ) LIMIT 1   [ RunTime:0.000299s ]
SQL: SELECT `uid`,`username` FROM `xm_users` WHERE ( email='1451583383@qq.com' AND passwd='21232f297a57a5a743894a0e4a801fc3' ) LIMIT 1   [ RunTime:0.000225s ]

[ 2015-03-24T22:57:43+08:00 ] 0.0.0.0 /thinkphp3.1/index.php?m=Login&a=login
INFO: [ app_begin ] --START--
INFO: ReadHtmlCache Behavior ::run [ RunTime:0.000606s ]
INFO: [ app_begin ] --END-- [ RunTime:0.000744s ]
NOTIC: 建议使用I方法替代_post

[ 2015-03-24T22:57:52+08:00 ] 0.0.0.0 /thinkphp3.1/index.php?m=Login&a=login
INFO: [ app_begin ] --START--
INFO: ReadHtmlCache Behavior ::run [ RunTime:0.000484s ]
INFO: [ app_begin ] --END-- [ RunTime:0.000575s ]
NOTIC: 建议使用I方法替代_post
NOTIC: 建议使用I方法替代_post
NOTIC: 建议使用I方法替代_post
NOTIC: [8] Undefined variable: passwd D:\wamp\www\ThinkPHP3.1\Lib\Action\LoginAction.class.php 第 35 行.
SQL: SHOW COLUMNS FROM `xm_users` [ RunTime:0.005070s ]
SQL: SELECT `uid` FROM `xm_users` WHERE ( email='1451583383@qq.com' ) LIMIT 1   [ RunTime:0.000290s ]
SQL: SELECT `uid`,`username` FROM `xm_users` WHERE ( email='1451583383@qq.com' AND passwd='21232f297a57a5a743894a0e4a801fc3' ) LIMIT 1   [ RunTime:0.000228s ]

[ 2015-03-24T22:57:57+08:00 ] 0.0.0.0 /thinkphp3.1/index.php?m=Login&a=login
INFO: [ app_begin ] --START--
INFO: ReadHtmlCache Behavior ::run [ RunTime:0.000502s ]
INFO: [ app_begin ] --END-- [ RunTime:0.000606s ]
NOTIC: 建议使用I方法替代_post
NOTIC: 建议使用I方法替代_post
NOTIC: 建议使用I方法替代_post
NOTIC: [8] Undefined variable: passwd D:\wamp\www\ThinkPHP3.1\Lib\Action\LoginAction.class.php 第 35 行.
SQL: SHOW COLUMNS FROM `xm_users` [ RunTime:0.005412s ]
SQL: SELECT `uid` FROM `xm_users` WHERE ( email='1451583383@qq.com' ) LIMIT 1   [ RunTime:0.000279s ]
SQL: SELECT `uid`,`username` FROM `xm_users` WHERE ( email='1451583383@qq.com' AND passwd='8e1e02ca3401f4667cd586cdf03758fd' ) LIMIT 1   [ RunTime:0.000207s ]

[ 2015-03-24T22:59:28+08:00 ] 0.0.0.0 /thinkphp3.1/index.php?m=Login&a=login
INFO: [ app_begin ] --START--
INFO: ReadHtmlCache Behavior ::run [ RunTime:0.000436s ]
INFO: [ app_begin ] --END-- [ RunTime:0.000530s ]
NOTIC: 建议使用I方法替代_post
NOTIC: 建议使用I方法替代_post
NOTIC: 建议使用I方法替代_post
NOTIC: [8] Undefined variable: passwd D:\wamp\www\ThinkPHP3.1\Lib\Action\LoginAction.class.php 第 35 行.
SQL: SHOW COLUMNS FROM `xm_users` [ RunTime:0.005037s ]
SQL: SELECT `uid` FROM `xm_users` WHERE ( email='1451583383@qq.com' ) LIMIT 1   [ RunTime:0.000280s ]
SQL: SELECT `uid`,`username` FROM `xm_users` WHERE ( email='1451583383@qq.com' AND passwd='8e1e02ca3401f4667cd586cdf03758fd' ) LIMIT 1   [ RunTime:0.000224s ]

[ 2015-03-24T23:00:04+08:00 ] 0.0.0.0 /thinkphp3.1/index.php?m=Login&a=login
INFO: [ app_begin ] --START--
INFO: ReadHtmlCache Behavior ::run [ RunTime:0.000647s ]
INFO: [ app_begin ] --END-- [ RunTime:0.000744s ]
NOTIC: 建议使用I方法替代_post
NOTIC: 建议使用I方法替代_post
NOTIC: 建议使用I方法替代_post
NOTIC: [8] Undefined variable: passwd D:\wamp\www\ThinkPHP3.1\Lib\Action\LoginAction.class.php 第 35 行.
SQL: SHOW COLUMNS FROM `xm_users` [ RunTime:0.005402s ]
SQL: SELECT `uid` FROM `xm_users` WHERE ( email='1451583383@qq.com' ) LIMIT 1   [ RunTime:0.000265s ]
SQL: SELECT `uid`,`username` FROM `xm_users` WHERE ( email='1451583383@qq.com' AND passwd='92604b3ad1654ba094bbc8c27313920b' ) LIMIT 1   [ RunTime:0.000204s ]

[ 2015-03-24T23:01:15+08:00 ] 0.0.0.0 /thinkphp3.1/index.php?m=Login&a=login
INFO: [ app_begin ] --START--
INFO: ReadHtmlCache Behavior ::run [ RunTime:0.000472s ]
INFO: [ app_begin ] --END-- [ RunTime:0.000569s ]
NOTIC: 建议使用I方法替代_post
NOTIC: 建议使用I方法替代_post
NOTIC: 建议使用I方法替代_post
NOTIC: [8] Undefined variable: passwd D:\wamp\www\ThinkPHP3.1\Lib\Action\LoginAction.class.php 第 35 行.
SQL: SHOW COLUMNS FROM `xm_users` [ RunTime:0.005034s ]
SQL: SELECT `uid` FROM `xm_users` WHERE ( email='1451583383@qq.com' ) LIMIT 1   [ RunTime:0.000294s ]
SQL: SELECT `uid`,`username` FROM `xm_users` WHERE ( email='1451583383@qq.com' AND passwd='50f84daf3a6dfd6a9f20c9f8ef428942' ) LIMIT 1   [ RunTime:0.000225s ]

[ 2015-03-24T23:05:22+08:00 ] 0.0.0.0 /thinkphp3.1/index.php?m=Login&a=login
INFO: [ app_begin ] --START--
INFO: ReadHtmlCache Behavior ::run [ RunTime:0.000669s ]
INFO: [ app_begin ] --END-- [ RunTime:0.000781s ]
NOTIC: 建议使用I方法替代_post

[ 2015-03-24T23:05:31+08:00 ] 0.0.0.0 /thinkphp3.1/index.php?m=Login&a=login
INFO: [ app_begin ] --START--
INFO: ReadHtmlCache Behavior ::run [ RunTime:0.000525s ]
INFO: [ app_begin ] --END-- [ RunTime:0.000633s ]
NOTIC: 建议使用I方法替代_post
NOTIC: 建议使用I方法替代_post

[ 2015-03-24T23:07:45+08:00 ] 0.0.0.0 /thinkphp3.1/index.php?m=Login&a=login
INFO: [ app_begin ] --START--
INFO: ReadHtmlCache Behavior ::run [ RunTime:0.000580s ]
INFO: [ app_begin ] --END-- [ RunTime:0.000678s ]
NOTIC: 建议使用I方法替代_post
NOTIC: 建议使用I方法替代_post
NOTIC: 建议使用I方法替代_post
NOTIC: [8] Undefined variable: passwd D:\wamp\www\ThinkPHP3.1\Lib\Action\LoginAction.class.php 第 35 行.
SQL: SHOW COLUMNS FROM `xm_users` [ RunTime:0.005915s ]
SQL: SELECT `uid` FROM `xm_users` WHERE ( email='33@11.com' ) LIMIT 1   [ RunTime:0.000396s ]
SQL: SELECT * FROM `xm_users` WHERE ( email='33@11.com' ) LIMIT 1   [ RunTime:0.000312s ]
SQL: SHOW COLUMNS FROM `xm_orgs` [ RunTime:0.004778s ]
SQL: SELECT `oid`,`orgname` FROM `xm_orgs` WHERE ( email='33@11.com'AND passwd='550a141f12de6341fba65b0ad0433500' ) LIMIT 1   [ RunTime:0.000277s ]

[ 2015-03-24T23:07:55+08:00 ] 0.0.0.0 /thinkphp3.1/index.php?m=Login&a=login
INFO: [ app_begin ] --START--
INFO: ReadHtmlCache Behavior ::run [ RunTime:0.000451s ]
INFO: [ app_begin ] --END-- [ RunTime:0.000554s ]
NOTIC: 建议使用I方法替代_post
NOTIC: 建议使用I方法替代_post
NOTIC: 建议使用I方法替代_post
NOTIC: [8] Undefined variable: passwd D:\wamp\www\ThinkPHP3.1\Lib\Action\LoginAction.class.php 第 35 行.
SQL: SHOW COLUMNS FROM `xm_users` [ RunTime:0.004881s ]
SQL: SELECT `uid` FROM `xm_users` WHERE ( email='33@11.com' ) LIMIT 1   [ RunTime:0.000268s ]
SQL: SELECT * FROM `xm_users` WHERE ( email='33@11.com' ) LIMIT 1   [ RunTime:0.000262s ]
SQL: SHOW COLUMNS FROM `xm_orgs` [ RunTime:0.004453s ]
SQL: SELECT `oid`,`orgname` FROM `xm_orgs` WHERE ( email='33@11.com'AND passwd='550a141f12de6341fba65b0ad0433500' ) LIMIT 1   [ RunTime:0.000265s ]

[ 2015-03-24T23:08:44+08:00 ] 0.0.0.0 /thinkphp3.1/index.php?m=Login&a=login
INFO: [ app_begin ] --START--
INFO: ReadHtmlCache Behavior ::run [ RunTime:0.000487s ]
INFO: [ app_begin ] --END-- [ RunTime:0.000588s ]
NOTIC: 建议使用I方法替代_post
NOTIC: 建议使用I方法替代_post
NOTIC: 建议使用I方法替代_post
NOTIC: [8] Undefined variable: passwd D:\wamp\www\ThinkPHP3.1\Lib\Action\LoginAction.class.php 第 35 行.
SQL: SHOW COLUMNS FROM `xm_users` [ RunTime:0.006166s ]
SQL: SELECT `uid` FROM `xm_users` WHERE ( email='33@qqq.com' ) LIMIT 1   [ RunTime:0.000280s ]
SQL: SELECT * FROM `xm_users` WHERE ( email='33@qqq.com' ) LIMIT 1   [ RunTime:0.000262s ]
SQL: SHOW COLUMNS FROM `xm_orgs` [ RunTime:0.005100s ]
SQL: SELECT `oid`,`orgname` FROM `xm_orgs` WHERE ( email='33@qqq.com'AND passwd='550a141f12de6341fba65b0ad0433500' ) LIMIT 1   [ RunTime:0.000304s ]

[ 2015-03-24T23:10:01+08:00 ] 0.0.0.0 /thinkphp3.1/index.php?m=Login&a=login
INFO: [ app_begin ] --START--
INFO: ReadHtmlCache Behavior ::run [ RunTime:0.000724s ]
INFO: [ app_begin ] --END-- [ RunTime:0.000847s ]
NOTIC: 建议使用I方法替代_post
NOTIC: 建议使用I方法替代_post
NOTIC: 建议使用I方法替代_post
NOTIC: [8] Undefined variable: passwd D:\wamp\www\ThinkPHP3.1\Lib\Action\LoginAction.class.php 第 35 行.
SQL: SHOW COLUMNS FROM `xm_users` [ RunTime:0.006242s ]
SQL: SELECT `uid` FROM `xm_users` WHERE ( email='33@qqq.com' ) LIMIT 1   [ RunTime:0.000288s ]
SQL: SELECT * FROM `xm_users` WHERE ( email='33@qqq.com' ) LIMIT 1   [ RunTime:0.000263s ]

[ 2015-03-24T23:10:56+08:00 ] 0.0.0.0 /thinkphp3.1/index.php?m=Login&a=login
INFO: [ app_begin ] --START--
INFO: ReadHtmlCache Behavior ::run [ RunTime:0.000475s ]
INFO: [ app_begin ] --END-- [ RunTime:0.000573s ]
NOTIC: 建议使用I方法替代_post

[ 2015-03-24T23:11:06+08:00 ] 0.0.0.0 /thinkphp3.1/index.php?m=Login&a=login
INFO: [ app_begin ] --START--
INFO: ReadHtmlCache Behavior ::run [ RunTime:0.000502s ]
INFO: [ app_begin ] --END-- [ RunTime:0.000607s ]
NOTIC: 建议使用I方法替代_post
NOTIC: 建议使用I方法替代_post
NOTIC: 建议使用I方法替代_post
NOTIC: [8] Undefined variable: passwd D:\wamp\www\ThinkPHP3.1\Lib\Action\LoginAction.class.php 第 35 行.
SQL: SHOW COLUMNS FROM `xm_users` [ RunTime:0.005448s ]
SQL: SELECT `uid` FROM `xm_users` WHERE ( email='33@qqq.com' ) LIMIT 1   [ RunTime:0.000289s ]
SQL: SELECT * FROM `xm_users` WHERE ( email='33@qqq.com' ) LIMIT 1   [ RunTime:0.000264s ]

[ 2015-03-24T23:11:57+08:00 ] 0.0.0.0 /thinkphp3.1/index.php?m=Login&a=login
INFO: [ app_begin ] --START--
INFO: ReadHtmlCache Behavior ::run [ RunTime:0.000696s ]
INFO: [ app_begin ] --END-- [ RunTime:0.000792s ]
NOTIC: 建议使用I方法替代_post
NOTIC: 建议使用I方法替代_post
NOTIC: 建议使用I方法替代_post
NOTIC: [8] Undefined variable: passwd D:\wamp\www\ThinkPHP3.1\Lib\Action\LoginAction.class.php 第 35 行.
SQL: SHOW COLUMNS FROM `xm_users` [ RunTime:0.005226s ]
SQL: SELECT `uid` FROM `xm_users` WHERE ( email='123@qq.com' ) LIMIT 1   [ RunTime:0.000286s ]
SQL: SELECT * FROM `xm_users` WHERE ( email='123@qq.com' ) LIMIT 1   [ RunTime:0.000265s ]

[ 2015-03-24T23:12:03+08:00 ] 0.0.0.0 /thinkphp3.1/index.php?m=Login&a=login
INFO: [ app_begin ] --START--
INFO: ReadHtmlCache Behavior ::run [ RunTime:0.000671s ]
INFO: [ app_begin ] --END-- [ RunTime:0.000768s ]
NOTIC: 建议使用I方法替代_post
NOTIC: 建议使用I方法替代_post
NOTIC: 建议使用I方法替代_post
NOTIC: [8] Undefined variable: passwd D:\wamp\www\ThinkPHP3.1\Lib\Action\LoginAction.class.php 第 35 行.
SQL: SHOW COLUMNS FROM `xm_users` [ RunTime:0.004982s ]
SQL: SELECT `uid` FROM `xm_users` WHERE ( email='123@qq.com' ) LIMIT 1   [ RunTime:0.000269s ]
SQL: SELECT * FROM `xm_users` WHERE ( email='123@qq.com' ) LIMIT 1   [ RunTime:0.000265s ]

[ 2015-03-24T23:12:17+08:00 ] 0.0.0.0 /thinkphp3.1/index.php?m=Login&a=login
INFO: [ app_begin ] --START--
INFO: ReadHtmlCache Behavior ::run [ RunTime:0.000688s ]
INFO: [ app_begin ] --END-- [ RunTime:0.000793s ]
NOTIC: 建议使用I方法替代_post
NOTIC: 建议使用I方法替代_post
NOTIC: 建议使用I方法替代_post
NOTIC: [8] Undefined variable: passwd D:\wamp\www\ThinkPHP3.1\Lib\Action\LoginAction.class.php 第 35 行.
SQL: SHOW COLUMNS FROM `xm_users` [ RunTime:0.005995s ]
SQL: SELECT `uid` FROM `xm_users` WHERE ( email='123@qq.com' ) LIMIT 1   [ RunTime:0.000275s ]
SQL: SELECT * FROM `xm_users` WHERE ( email='123@qq.com' ) LIMIT 1   [ RunTime:0.000265s ]

[ 2015-03-24T23:17:00+08:00 ] 0.0.0.0 /thinkphp3.1/index.php?m=Login&a=login
INFO: [ app_begin ] --START--
INFO: ReadHtmlCache Behavior ::run [ RunTime:0.000735s ]
INFO: [ app_begin ] --END-- [ RunTime:0.000842s ]
NOTIC: 建议使用I方法替代_post
NOTIC: 建议使用I方法替代_post
NOTIC: 建议使用I方法替代_post
NOTIC: [8] Undefined variable: passwd D:\wamp\www\ThinkPHP3.1\Lib\Action\LoginAction.class.php 第 35 行.
SQL: SHOW COLUMNS FROM `xm_users` [ RunTime:0.005492s ]
SQL: SELECT `uid` FROM `xm_users` WHERE ( email='123@qq.com' ) LIMIT 1   [ RunTime:0.000295s ]
SQL: SELECT `oid` FROM `xm_users` WHERE ( email='123@qq.com' ) LIMIT 1   [ RunTime:0.000186s ]
ERR: 1054:Unknown column 'oid' in 'field list'
 [ SQL语句 ] : SELECT `oid` FROM `xm_users` WHERE ( email='123@qq.com' ) LIMIT 1  

[ 2015-03-24T23:17:38+08:00 ] 0.0.0.0 /thinkphp3.1/index.php?m=Login&a=login
INFO: [ app_begin ] --START--
INFO: ReadHtmlCache Behavior ::run [ RunTime:0.000674s ]
INFO: [ app_begin ] --END-- [ RunTime:0.000773s ]
NOTIC: 建议使用I方法替代_post
NOTIC: 建议使用I方法替代_post
NOTIC: 建议使用I方法替代_post
NOTIC: [8] Undefined variable: passwd D:\wamp\www\ThinkPHP3.1\Lib\Action\LoginAction.class.php 第 35 行.
SQL: SHOW COLUMNS FROM `xm_users` [ RunTime:0.005730s ]
SQL: SELECT `uid` FROM `xm_users` WHERE ( email='123@qq.com' ) LIMIT 1   [ RunTime:0.000298s ]
SQL: SELECT `oid` FROM `xm_users` WHERE ( email='123@qq.com' ) LIMIT 1   [ RunTime:0.000176s ]
ERR: 1054:Unknown column 'oid' in 'field list'
 [ SQL语句 ] : SELECT `oid` FROM `xm_users` WHERE ( email='123@qq.com' ) LIMIT 1  

[ 2015-03-24T23:18:07+08:00 ] 0.0.0.0 /thinkphp3.1/index.php?m=Login&a=login
INFO: [ app_begin ] --START--
INFO: ReadHtmlCache Behavior ::run [ RunTime:0.000777s ]
INFO: [ app_begin ] --END-- [ RunTime:0.000885s ]
NOTIC: 建议使用I方法替代_post
NOTIC: 建议使用I方法替代_post
NOTIC: 建议使用I方法替代_post
NOTIC: [8] Undefined variable: passwd D:\wamp\www\ThinkPHP3.1\Lib\Action\LoginAction.class.php 第 35 行.
SQL: SHOW COLUMNS FROM `xm_users` [ RunTime:0.004876s ]
SQL: SELECT `uid` FROM `xm_users` WHERE ( email='123@qq.com' ) LIMIT 1   [ RunTime:0.000287s ]
SQL: SELECT `oid` FROM `xm_users` WHERE ( email='123@qq.com' ) LIMIT 1   [ RunTime:0.000174s ]
ERR: 1054:Unknown column 'oid' in 'field list'
 [ SQL语句 ] : SELECT `oid` FROM `xm_users` WHERE ( email='123@qq.com' ) LIMIT 1  

[ 2015-03-24T23:19:03+08:00 ] 0.0.0.0 /thinkphp3.1/index.php?m=Login&a=login
INFO: [ app_begin ] --START--
INFO: ReadHtmlCache Behavior ::run [ RunTime:0.000877s ]
INFO: [ app_begin ] --END-- [ RunTime:0.000988s ]
NOTIC: 建议使用I方法替代_post
NOTIC: 建议使用I方法替代_post
NOTIC: 建议使用I方法替代_post
NOTIC: [8] Undefined variable: passwd D:\wamp\www\ThinkPHP3.1\Lib\Action\LoginAction.class.php 第 35 行.
SQL: SHOW COLUMNS FROM `xm_users` [ RunTime:0.004903s ]
SQL: SELECT `uid` FROM `xm_users` WHERE ( email='123@qq.com' ) LIMIT 1   [ RunTime:0.000276s ]
SQL: SELECT `oid` FROM `xm_users` WHERE ( email='123@qq.com' ) LIMIT 1   [ RunTime:0.000174s ]
ERR: 1054:Unknown column 'oid' in 'field list'
 [ SQL语句 ] : SELECT `oid` FROM `xm_users` WHERE ( email='123@qq.com' ) LIMIT 1  

[ 2015-03-24T23:20:14+08:00 ] 0.0.0.0 /thinkphp3.1/index.php?m=Login&a=login
INFO: [ app_begin ] --START--
INFO: ReadHtmlCache Behavior ::run [ RunTime:0.000706s ]
INFO: [ app_begin ] --END-- [ RunTime:0.000804s ]
NOTIC: 建议使用I方法替代_post
NOTIC: 建议使用I方法替代_post
NOTIC: 建议使用I方法替代_post
NOTIC: [8] Undefined variable: passwd D:\wamp\www\ThinkPHP3.1\Lib\Action\LoginAction.class.php 第 35 行.
SQL: SHOW COLUMNS FROM `xm_users` [ RunTime:0.005238s ]
SQL: SHOW COLUMNS FROM `xm_orgs` [ RunTime:0.004642s ]
SQL: SELECT `uid` FROM `xm_users` WHERE ( email='123@qq.com' ) LIMIT 1   [ RunTime:0.000308s ]
SQL: SELECT `oid` FROM `xm_orgs` WHERE ( email='123@qq.com' ) LIMIT 1   [ RunTime:0.000212s ]
SQL: SELECT `orgname` FROM `xm_orgs` WHERE ( email='123@qq.com'AND passwd='21232f297a57a5a743894a0e4a801fc3' ) LIMIT 1   [ RunTime:0.000219s ]
NOTIC: [8] Undefined index: oid D:\wamp\www\ThinkPHP3.1\Lib\Action\LoginAction.class.php 第 67 行.
NOTIC: [8] Undefined index: orgname D:\wamp\www\ThinkPHP3.1\Lib\Action\LoginAction.class.php 第 68 行.

[ 2015-03-24T23:31:42+08:00 ] 0.0.0.0 /thinkphp3.1/index.php?m=Login&a=login
INFO: [ app_begin ] --START--
INFO: ReadHtmlCache Behavior ::run [ RunTime:0.000625s ]
INFO: [ app_begin ] --END-- [ RunTime:0.000728s ]
NOTIC: 建议使用I方法替代_post
NOTIC: 建议使用I方法替代_post
NOTIC: 建议使用I方法替代_post
NOTIC: [8] Undefined variable: passwd D:\wamp\www\ThinkPHP3.1\Lib\Action\LoginAction.class.php 第 35 行.
SQL: SHOW COLUMNS FROM `xm_users` [ RunTime:0.005119s ]
SQL: SHOW COLUMNS FROM `xm_orgs` [ RunTime:0.004465s ]
SQL: SELECT `uid` FROM `xm_users` WHERE ( email='1451583383@qq.com' ) LIMIT 1   [ RunTime:0.000299s ]
SQL: SELECT `uid`,`username` FROM `xm_users` WHERE ( email='1451583383@qq.com' AND passwd='21232f297a57a5a743894a0e4a801fc3' ) LIMIT 1   [ RunTime:0.000228s ]

