[ 2015-03-19T09:26:05+08:00 ] 0.0.0.0 /thinkphp3.1/
INFO: [ app_begin ] --START--
INFO: ReadHtmlCache Behavior ::run [ RunTime:0.003156s ]
INFO: [ app_begin ] --END-- [ RunTime:0.003302s ]
SQL: SHOW COLUMNS FROM `xm_jobs` [ RunTime:0.005424s ]
SQL: SELECT * FROM `xm_jobs`  [ RunTime:0.000345s ]
INFO: [ view_parse ] --START--
INFO: ParseTemplate Behavior ::run [ RunTime:0.038366s ]
INFO: [ view_parse ] --END-- [ RunTime:0.038497s ]
INFO: [ view_filter ] --START--
INFO: ContentReplace Behavior ::run [ RunTime:0.007966s ]
INFO: TokenBuild Behavior ::run [ RunTime:0.001263s ]
INFO: WriteHtmlCache Behavior ::run [ RunTime:0.001044s ]
INFO: ShowRuntime Behavior ::run [ RunTime:0.001281s ]
INFO: [ view_filter ] --END-- [ RunTime:0.011858s ]
INFO: [ view_end ] --START--
INFO: ShowPageTrace Behavior ::run [ RunTime:0.007975s ]
INFO: [ view_end ] --END-- [ RunTime:0.008092s ]

[ 2015-03-19T09:26:10+08:00 ] 0.0.0.0 /thinkphp3.1/index.php?m=Register&a=index
INFO: [ app_begin ] --START--
INFO: ReadHtmlCache Behavior ::run [ RunTime:0.001199s ]
INFO: [ app_begin ] --END-- [ RunTime:0.001328s ]
INFO: [ view_parse ] --START--
INFO: ParseTemplate Behavior ::run [ RunTime:0.026394s ]
INFO: [ view_parse ] --END-- [ RunTime:0.026536s ]
INFO: [ view_filter ] --START--
INFO: ContentReplace Behavior ::run [ RunTime:0.001026s ]
INFO: TokenBuild Behavior ::run [ RunTime:0.001026s ]
INFO: WriteHtmlCache Behavior ::run [ RunTime:0.000820s ]
INFO: ShowRuntime Behavior ::run [ RunTime:0.001029s ]
INFO: [ view_filter ] --END-- [ RunTime:0.004163s ]
INFO: [ view_end ] --START--
INFO: ShowPageTrace Behavior ::run [ RunTime:0.001116s ]
INFO: [ view_end ] --END-- [ RunTime:0.001227s ]

[ 2015-03-19T09:35:54+08:00 ] 0.0.0.0 /thinkphp3.1/index.php?m=Register&a=index
INFO: [ app_begin ] --START--
INFO: ReadHtmlCache Behavior ::run [ RunTime:0.000679s ]
INFO: [ app_begin ] --END-- [ RunTime:0.000806s ]
INFO: [ view_parse ] --START--
INFO: ParseTemplate Behavior ::run [ RunTime:0.009301s ]
INFO: [ view_parse ] --END-- [ RunTime:0.009466s ]
INFO: [ view_filter ] --START--
INFO: ContentReplace Behavior ::run [ RunTime:0.000451s ]
INFO: TokenBuild Behavior ::run [ RunTime:0.000448s ]
INFO: WriteHtmlCache Behavior ::run [ RunTime:0.000328s ]
INFO: ShowRuntime Behavior ::run [ RunTime:0.000528s ]
INFO: [ view_filter ] --END-- [ RunTime:0.002042s ]
INFO: [ view_end ] --START--
INFO: ShowPageTrace Behavior ::run [ RunTime:0.000580s ]
INFO: [ view_end ] --END-- [ RunTime:0.000688s ]

[ 2015-03-19T09:36:10+08:00 ] 0.0.0.0 /thinkphp3.1/index.php?m=Register&a=index
INFO: [ app_begin ] --START--
INFO: ReadHtmlCache Behavior ::run [ RunTime:0.001002s ]
INFO: [ app_begin ] --END-- [ RunTime:0.001177s ]
INFO: [ view_parse ] --START--
INFO: ParseTemplate Behavior ::run [ RunTime:0.007146s ]
INFO: [ view_parse ] --END-- [ RunTime:0.007296s ]
INFO: [ view_filter ] --START--
INFO: ContentReplace Behavior ::run [ RunTime:0.000438s ]
INFO: TokenBuild Behavior ::run [ RunTime:0.000440s ]
INFO: WriteHtmlCache Behavior ::run [ RunTime:0.000309s ]
INFO: ShowRuntime Behavior ::run [ RunTime:0.000507s ]
INFO: [ view_filter ] --END-- [ RunTime:0.002016s ]
INFO: [ view_end ] --START--
INFO: ShowPageTrace Behavior ::run [ RunTime:0.000548s ]
INFO: [ view_end ] --END-- [ RunTime:0.000668s ]

[ 2015-03-19T10:00:28+08:00 ] 0.0.0.0 /thinkphp3.1/index.php?m=Register&a=index
INFO: [ app_begin ] --START--
INFO: ReadHtmlCache Behavior ::run [ RunTime:0.012313s ]
INFO: [ app_begin ] --END-- [ RunTime:0.034187s ]
INFO: [ view_parse ] --START--
INFO: ParseTemplate Behavior ::run [ RunTime:0.113102s ]
INFO: [ view_parse ] --END-- [ RunTime:0.113254s ]
INFO: [ view_filter ] --START--
INFO: ContentReplace Behavior ::run [ RunTime:0.000972s ]
INFO: TokenBuild Behavior ::run [ RunTime:0.000783s ]
INFO: WriteHtmlCache Behavior ::run [ RunTime:0.000628s ]
INFO: ShowRuntime Behavior ::run [ RunTime:0.002620s ]
INFO: [ view_filter ] --END-- [ RunTime:0.005489s ]
INFO: [ view_end ] --START--
INFO: ShowPageTrace Behavior ::run [ RunTime:0.005603s ]
INFO: [ view_end ] --END-- [ RunTime:0.005786s ]

[ 2015-03-19T10:01:49+08:00 ] 0.0.0.0 /thinkphp3.1/index.php?m=Register&a=index
INFO: [ app_begin ] --START--
INFO: ReadHtmlCache Behavior ::run [ RunTime:0.000535s ]
INFO: [ app_begin ] --END-- [ RunTime:0.000660s ]
INFO: [ view_parse ] --START--
INFO: ParseTemplate Behavior ::run [ RunTime:0.012186s ]
INFO: [ view_parse ] --END-- [ RunTime:0.012481s ]
INFO: [ view_filter ] --START--
INFO: ContentReplace Behavior ::run [ RunTime:0.000638s ]
INFO: TokenBuild Behavior ::run [ RunTime:0.000579s ]
INFO: WriteHtmlCache Behavior ::run [ RunTime:0.000367s ]
INFO: ShowRuntime Behavior ::run [ RunTime:0.000751s ]
INFO: [ view_filter ] --END-- [ RunTime:0.002768s ]
INFO: [ view_end ] --START--
INFO: ShowPageTrace Behavior ::run [ RunTime:0.000677s ]
INFO: [ view_end ] --END-- [ RunTime:0.000832s ]

[ 2015-03-19T10:02:28+08:00 ] 0.0.0.0 /thinkphp3.1/index.php?m=Register&a=index
INFO: [ app_begin ] --START--
INFO: ReadHtmlCache Behavior ::run [ RunTime:0.000972s ]
INFO: [ app_begin ] --END-- [ RunTime:0.001139s ]
INFO: [ view_parse ] --START--
INFO: ParseTemplate Behavior ::run [ RunTime:0.009906s ]
INFO: [ view_parse ] --END-- [ RunTime:0.010051s ]
INFO: [ view_filter ] --START--
INFO: ContentReplace Behavior ::run [ RunTime:0.000569s ]
INFO: TokenBuild Behavior ::run [ RunTime:0.000582s ]
INFO: WriteHtmlCache Behavior ::run [ RunTime:0.000505s ]
INFO: ShowRuntime Behavior ::run [ RunTime:0.000844s ]
INFO: [ view_filter ] --END-- [ RunTime:0.002827s ]
INFO: [ view_end ] --START--
INFO: ShowPageTrace Behavior ::run [ RunTime:0.000894s ]
INFO: [ view_end ] --END-- [ RunTime:0.001308s ]

[ 2015-03-19T10:02:43+08:00 ] 0.0.0.0 /thinkphp3.1/index.php?m=Register&a=index
INFO: [ app_begin ] --START--
INFO: ReadHtmlCache Behavior ::run [ RunTime:0.001144s ]
INFO: [ app_begin ] --END-- [ RunTime:0.001347s ]
INFO: [ view_parse ] --START--
INFO: ParseTemplate Behavior ::run [ RunTime:0.013475s ]
INFO: [ view_parse ] --END-- [ RunTime:0.013690s ]
INFO: [ view_filter ] --START--
INFO: ContentReplace Behavior ::run [ RunTime:0.000744s ]
INFO: TokenBuild Behavior ::run [ RunTime:0.000488s ]
INFO: WriteHtmlCache Behavior ::run [ RunTime:0.000340s ]
INFO: ShowRuntime Behavior ::run [ RunTime:0.001162s ]
INFO: [ view_filter ] --END-- [ RunTime:0.003114s ]
INFO: [ view_end ] --START--
INFO: ShowPageTrace Behavior ::run [ RunTime:0.001012s ]
INFO: [ view_end ] --END-- [ RunTime:0.001189s ]

[ 2015-03-19T10:04:27+08:00 ] 0.0.0.0 /thinkphp3.1/index.php?m=Register&a=index
INFO: [ app_begin ] --START--
INFO: ReadHtmlCache Behavior ::run [ RunTime:0.001048s ]
INFO: [ app_begin ] --END-- [ RunTime:0.001243s ]
INFO: [ view_parse ] --START--
INFO: ParseTemplate Behavior ::run [ RunTime:0.016412s ]
INFO: [ view_parse ] --END-- [ RunTime:0.016644s ]
INFO: [ view_filter ] --START--
INFO: ContentReplace Behavior ::run [ RunTime:0.000834s ]
INFO: TokenBuild Behavior ::run [ RunTime:0.000814s ]
INFO: WriteHtmlCache Behavior ::run [ RunTime:0.000595s ]
INFO: ShowRuntime Behavior ::run [ RunTime:0.000609s ]
INFO: [ view_filter ] --END-- [ RunTime:0.003259s ]
INFO: [ view_end ] --START--
INFO: ShowPageTrace Behavior ::run [ RunTime:0.001028s ]
INFO: [ view_end ] --END-- [ RunTime:0.001181s ]

[ 2015-03-19T10:04:48+08:00 ] 0.0.0.0 /thinkphp3.1/index.php?m=Register&a=index
INFO: [ app_begin ] --START--
INFO: ReadHtmlCache Behavior ::run [ RunTime:0.001205s ]
INFO: [ app_begin ] --END-- [ RunTime:0.001415s ]
INFO: [ view_parse ] --START--
INFO: ParseTemplate Behavior ::run [ RunTime:0.015458s ]
INFO: [ view_parse ] --END-- [ RunTime:0.015641s ]
INFO: [ view_filter ] --START--
INFO: ContentReplace Behavior ::run [ RunTime:0.001262s ]
INFO: TokenBuild Behavior ::run [ RunTime:0.000848s ]
INFO: WriteHtmlCache Behavior ::run [ RunTime:0.000563s ]
INFO: ShowRuntime Behavior ::run [ RunTime:0.000886s ]
INFO: [ view_filter ] --END-- [ RunTime:0.004124s ]
INFO: [ view_end ] --START--
INFO: ShowPageTrace Behavior ::run [ RunTime:0.000986s ]
INFO: [ view_end ] --END-- [ RunTime:0.001162s ]

[ 2015-03-19T10:07:55+08:00 ] 0.0.0.0 /thinkphp3.1/index.php?m=Register&a=index
INFO: [ app_begin ] --START--
INFO: ReadHtmlCache Behavior ::run [ RunTime:0.001515s ]
INFO: [ app_begin ] --END-- [ RunTime:0.002219s ]
INFO: [ view_parse ] --START--
INFO: ParseTemplate Behavior ::run [ RunTime:0.014965s ]
INFO: [ view_parse ] --END-- [ RunTime:0.015281s ]
INFO: [ view_filter ] --START--
INFO: ContentReplace Behavior ::run [ RunTime:0.000848s ]
INFO: TokenBuild Behavior ::run [ RunTime:0.000803s ]
INFO: WriteHtmlCache Behavior ::run [ RunTime:0.000549s ]
INFO: ShowRuntime Behavior ::run [ RunTime:0.000942s ]
INFO: [ view_filter ] --END-- [ RunTime:0.003623s ]
INFO: [ view_end ] --START--
INFO: ShowPageTrace Behavior ::run [ RunTime:0.000778s ]
INFO: [ view_end ] --END-- [ RunTime:0.000911s ]

[ 2015-03-19T10:12:43+08:00 ] 0.0.0.0 /thinkphp3.1/index.php?m=Register&a=index
INFO: [ app_begin ] --START--
INFO: ReadHtmlCache Behavior ::run [ RunTime:0.001071s ]
INFO: [ app_begin ] --END-- [ RunTime:0.001277s ]
INFO: [ view_parse ] --START--
INFO: ParseTemplate Behavior ::run [ RunTime:0.013328s ]
INFO: [ view_parse ] --END-- [ RunTime:0.013589s ]
INFO: [ view_filter ] --START--
INFO: ContentReplace Behavior ::run [ RunTime:0.000903s ]
INFO: TokenBuild Behavior ::run [ RunTime:0.000769s ]
INFO: WriteHtmlCache Behavior ::run [ RunTime:0.000620s ]
INFO: ShowRuntime Behavior ::run [ RunTime:0.001215s ]
INFO: [ view_filter ] --END-- [ RunTime:0.004036s ]
INFO: [ view_end ] --START--
INFO: ShowPageTrace Behavior ::run [ RunTime:0.001141s ]
INFO: [ view_end ] --END-- [ RunTime:0.001331s ]

[ 2015-03-19T10:13:36+08:00 ] 0.0.0.0 /thinkphp3.1/index.php?m=Register&a=index
INFO: [ app_begin ] --START--
INFO: ReadHtmlCache Behavior ::run [ RunTime:0.000844s ]
INFO: [ app_begin ] --END-- [ RunTime:0.001016s ]
INFO: [ view_parse ] --START--
INFO: ParseTemplate Behavior ::run [ RunTime:0.010021s ]
INFO: [ view_parse ] --END-- [ RunTime:0.010170s ]
INFO: [ view_filter ] --START--
INFO: ContentReplace Behavior ::run [ RunTime:0.000578s ]
INFO: TokenBuild Behavior ::run [ RunTime:0.000542s ]
INFO: WriteHtmlCache Behavior ::run [ RunTime:0.000404s ]
INFO: ShowRuntime Behavior ::run [ RunTime:0.000645s ]
INFO: [ view_filter ] --END-- [ RunTime:0.002469s ]
INFO: [ view_end ] --START--
INFO: ShowPageTrace Behavior ::run [ RunTime:0.000714s ]
INFO: [ view_end ] --END-- [ RunTime:0.000820s ]

[ 2015-03-19T10:14:41+08:00 ] 0.0.0.0 /thinkphp3.1/index.php?m=Register&a=index
INFO: [ app_begin ] --START--
INFO: ReadHtmlCache Behavior ::run [ RunTime:0.000539s ]
INFO: [ app_begin ] --END-- [ RunTime:0.000666s ]
INFO: [ view_parse ] --START--
INFO: ParseTemplate Behavior ::run [ RunTime:0.008914s ]
INFO: [ view_parse ] --END-- [ RunTime:0.009103s ]
INFO: [ view_filter ] --START--
INFO: ContentReplace Behavior ::run [ RunTime:0.000712s ]
INFO: TokenBuild Behavior ::run [ RunTime:0.001679s ]
INFO: WriteHtmlCache Behavior ::run [ RunTime:0.001602s ]
INFO: ShowRuntime Behavior ::run [ RunTime:0.000851s ]
INFO: [ view_filter ] --END-- [ RunTime:0.005509s ]
INFO: [ view_end ] --START--
INFO: ShowPageTrace Behavior ::run [ RunTime:0.000852s ]
INFO: [ view_end ] --END-- [ RunTime:0.001012s ]

[ 2015-03-19T10:14:56+08:00 ] 0.0.0.0 /thinkphp3.1/index.php?m=Register&a=index
INFO: [ app_begin ] --START--
INFO: ReadHtmlCache Behavior ::run [ RunTime:0.001100s ]
INFO: [ app_begin ] --END-- [ RunTime:0.001308s ]
INFO: [ view_parse ] --START--
INFO: ParseTemplate Behavior ::run [ RunTime:0.015206s ]
INFO: [ view_parse ] --END-- [ RunTime:0.015437s ]
INFO: [ view_filter ] --START--
INFO: ContentReplace Behavior ::run [ RunTime:0.000924s ]
INFO: TokenBuild Behavior ::run [ RunTime:0.000895s ]
INFO: WriteHtmlCache Behavior ::run [ RunTime:0.000674s ]
INFO: ShowRuntime Behavior ::run [ RunTime:0.001053s ]
INFO: [ view_filter ] --END-- [ RunTime:0.004053s ]
INFO: [ view_end ] --START--
INFO: ShowPageTrace Behavior ::run [ RunTime:0.001231s ]
INFO: [ view_end ] --END-- [ RunTime:0.001375s ]

[ 2015-03-19T10:15:27+08:00 ] 0.0.0.0 /thinkphp3.1/index.php?m=Register&a=index
INFO: [ app_begin ] --START--
INFO: ReadHtmlCache Behavior ::run [ RunTime:0.060656s ]
INFO: [ app_begin ] --END-- [ RunTime:0.060869s ]
INFO: [ view_parse ] --START--
INFO: ParseTemplate Behavior ::run [ RunTime:0.022486s ]
INFO: [ view_parse ] --END-- [ RunTime:0.022682s ]
INFO: [ view_filter ] --START--
INFO: ContentReplace Behavior ::run [ RunTime:0.000656s ]
INFO: TokenBuild Behavior ::run [ RunTime:0.000564s ]
INFO: WriteHtmlCache Behavior ::run [ RunTime:0.000583s ]
INFO: ShowRuntime Behavior ::run [ RunTime:0.001049s ]
INFO: [ view_filter ] --END-- [ RunTime:0.003231s ]
INFO: [ view_end ] --START--
INFO: ShowPageTrace Behavior ::run [ RunTime:0.001163s ]
INFO: [ view_end ] --END-- [ RunTime:0.001332s ]

[ 2015-03-19T10:16:53+08:00 ] 0.0.0.0 /thinkphp3.1/index.php?m=Register&a=index
INFO: [ app_begin ] --START--
INFO: ReadHtmlCache Behavior ::run [ RunTime:0.000991s ]
INFO: [ app_begin ] --END-- [ RunTime:0.001181s ]
INFO: [ view_parse ] --START--
INFO: ParseTemplate Behavior ::run [ RunTime:0.014271s ]
INFO: [ view_parse ] --END-- [ RunTime:0.014423s ]
INFO: [ view_filter ] --START--
INFO: ContentReplace Behavior ::run [ RunTime:0.000522s ]
INFO: TokenBuild Behavior ::run [ RunTime:0.000535s ]
INFO: WriteHtmlCache Behavior ::run [ RunTime:0.000377s ]
INFO: ShowRuntime Behavior ::run [ RunTime:0.000585s ]
INFO: [ view_filter ] --END-- [ RunTime:0.002308s ]
INFO: [ view_end ] --START--
INFO: ShowPageTrace Behavior ::run [ RunTime:0.000636s ]
INFO: [ view_end ] --END-- [ RunTime:0.000737s ]

[ 2015-03-19T10:27:29+08:00 ] 0.0.0.0 /thinkphp3.1/index.php?m=Register&a=index
INFO: [ app_begin ] --START--
INFO: ReadHtmlCache Behavior ::run [ RunTime:0.000715s ]
INFO: [ app_begin ] --END-- [ RunTime:0.000854s ]
INFO: [ view_parse ] --START--
INFO: ParseTemplate Behavior ::run [ RunTime:0.008846s ]
INFO: [ view_parse ] --END-- [ RunTime:0.009010s ]
INFO: [ view_filter ] --START--
INFO: ContentReplace Behavior ::run [ RunTime:0.000646s ]
INFO: TokenBuild Behavior ::run [ RunTime:0.000583s ]
INFO: WriteHtmlCache Behavior ::run [ RunTime:0.000426s ]
INFO: ShowRuntime Behavior ::run [ RunTime:0.000600s ]
INFO: [ view_filter ] --END-- [ RunTime:0.002610s ]
INFO: [ view_end ] --START--
INFO: ShowPageTrace Behavior ::run [ RunTime:0.000643s ]
INFO: [ view_end ] --END-- [ RunTime:0.000746s ]

[ 2015-03-19T10:27:46+08:00 ] 0.0.0.0 /thinkphp3.1/index.php?m=Register&a=index
INFO: [ app_begin ] --START--
INFO: ReadHtmlCache Behavior ::run [ RunTime:0.000660s ]
INFO: [ app_begin ] --END-- [ RunTime:0.000785s ]
INFO: [ view_parse ] --START--
INFO: ParseTemplate Behavior ::run [ RunTime:0.007946s ]
INFO: [ view_parse ] --END-- [ RunTime:0.008079s ]
INFO: [ view_filter ] --START--
INFO: ContentReplace Behavior ::run [ RunTime:0.000512s ]
INFO: TokenBuild Behavior ::run [ RunTime:0.000513s ]
INFO: WriteHtmlCache Behavior ::run [ RunTime:0.000350s ]
INFO: ShowRuntime Behavior ::run [ RunTime:0.000599s ]
INFO: [ view_filter ] --END-- [ RunTime:0.002315s ]
INFO: [ view_end ] --START--
INFO: ShowPageTrace Behavior ::run [ RunTime:0.000642s ]
INFO: [ view_end ] --END-- [ RunTime:0.000747s ]

[ 2015-03-19T10:30:46+08:00 ] 0.0.0.0 /thinkphp3.1/index.php?m=Register&a=index
INFO: [ app_begin ] --START--
INFO: ReadHtmlCache Behavior ::run [ RunTime:0.001240s ]
INFO: [ app_begin ] --END-- [ RunTime:0.001469s ]
INFO: [ view_parse ] --START--
INFO: ParseTemplate Behavior ::run [ RunTime:0.013594s ]
INFO: [ view_parse ] --END-- [ RunTime:0.013903s ]
INFO: [ view_filter ] --START--
INFO: ContentReplace Behavior ::run [ RunTime:0.001013s ]
INFO: TokenBuild Behavior ::run [ RunTime:0.000722s ]
INFO: WriteHtmlCache Behavior ::run [ RunTime:0.000583s ]
INFO: ShowRuntime Behavior ::run [ RunTime:0.000967s ]
INFO: [ view_filter ] --END-- [ RunTime:0.003766s ]
INFO: [ view_end ] --START--
INFO: ShowPageTrace Behavior ::run [ RunTime:0.001011s ]
INFO: [ view_end ] --END-- [ RunTime:0.001157s ]

[ 2015-03-19T10:31:03+08:00 ] 0.0.0.0 /thinkphp3.1/index.php?m=Register&a=index
INFO: [ app_begin ] --START--
INFO: ReadHtmlCache Behavior ::run [ RunTime:0.001660s ]
INFO: [ app_begin ] --END-- [ RunTime:0.001946s ]
INFO: [ view_parse ] --START--
NOTIC: [8] Use of undefined constant Register - assumed 'Register' D:\wamp\www\ThinkPHP3.1\Runtime\Cache\c275814f81e1dd85216bb393e16ab008.php ç¬¬ 185 è¡Œ.
NOTIC: [8] Use of undefined constant reg - assumed 'reg' D:\wamp\www\ThinkPHP3.1\Runtime\Cache\c275814f81e1dd85216bb393e16ab008.php ç¬¬ 185 è¡Œ.
NOTIC: [2] Division by zero D:\wamp\www\ThinkPHP3.1\Runtime\Cache\c275814f81e1dd85216bb393e16ab008.php ç¬¬ 185 è¡Œ.
INFO: ParseTemplate Behavior ::run [ RunTime:0.047553s ]
INFO: [ view_parse ] --END-- [ RunTime:0.047706s ]
INFO: [ view_filter ] --START--
INFO: ContentReplace Behavior ::run [ RunTime:0.000577s ]
INFO: TokenBuild Behavior ::run [ RunTime:0.000422s ]
INFO: WriteHtmlCache Behavior ::run [ RunTime:0.000305s ]
INFO: ShowRuntime Behavior ::run [ RunTime:0.000540s ]
INFO: [ view_filter ] --END-- [ RunTime:0.002123s ]
INFO: [ view_end ] --START--
INFO: ShowPageTrace Behavior ::run [ RunTime:0.000583s ]
INFO: [ view_end ] --END-- [ RunTime:0.000674s ]

[ 2015-03-19T10:31:05+08:00 ] 0.0.0.0 /thinkphp3.1/index.php?m=Register&a=index
INFO: [ app_begin ] --START--
INFO: ReadHtmlCache Behavior ::run [ RunTime:0.000736s ]
INFO: [ app_begin ] --END-- [ RunTime:0.000861s ]
INFO: [ view_parse ] --START--
NOTIC: [8] Use of undefined constant Register - assumed 'Register' D:\wamp\www\ThinkPHP3.1\Runtime\Cache\c275814f81e1dd85216bb393e16ab008.php ç¬¬ 185 è¡Œ.
NOTIC: [8] Use of undefined constant reg - assumed 'reg' D:\wamp\www\ThinkPHP3.1\Runtime\Cache\c275814f81e1dd85216bb393e16ab008.php ç¬¬ 185 è¡Œ.
NOTIC: [2] Division by zero D:\wamp\www\ThinkPHP3.1\Runtime\Cache\c275814f81e1dd85216bb393e16ab008.php ç¬¬ 185 è¡Œ.
INFO: ParseTemplate Behavior ::run [ RunTime:0.009569s ]
INFO: [ view_parse ] --END-- [ RunTime:0.009704s ]
INFO: [ view_filter ] --START--
INFO: ContentReplace Behavior ::run [ RunTime:0.000782s ]
INFO: TokenBuild Behavior ::run [ RunTime:0.000681s ]
INFO: WriteHtmlCache Behavior ::run [ RunTime:0.000468s ]
INFO: ShowRuntime Behavior ::run [ RunTime:0.000833s ]
INFO: [ view_filter ] --END-- [ RunTime:0.003133s ]
INFO: [ view_end ] --START--
INFO: ShowPageTrace Behavior ::run [ RunTime:0.000826s ]
INFO: [ view_end ] --END-- [ RunTime:0.000954s ]

[ 2015-03-19T10:31:50+08:00 ] 0.0.0.0 /thinkphp3.1/index.php?m=Register&a=index
INFO: [ app_begin ] --START--
INFO: ReadHtmlCache Behavior ::run [ RunTime:0.000579s ]
INFO: [ app_begin ] --END-- [ RunTime:0.000729s ]
INFO: [ view_parse ] --START--
INFO: ParseTemplate Behavior ::run [ RunTime:0.009525s ]
INFO: [ view_parse ] --END-- [ RunTime:0.009679s ]
INFO: [ view_filter ] --START--
INFO: ContentReplace Behavior ::run [ RunTime:0.000435s ]
INFO: TokenBuild Behavior ::run [ RunTime:0.000403s ]
INFO: WriteHtmlCache Behavior ::run [ RunTime:0.000264s ]
INFO: ShowRuntime Behavior ::run [ RunTime:0.000792s ]
INFO: [ view_filter ] --END-- [ RunTime:0.002236s ]
INFO: [ view_end ] --START--
INFO: ShowPageTrace Behavior ::run [ RunTime:0.001495s ]
INFO: [ view_end ] --END-- [ RunTime:0.001678s ]

[ 2015-03-19T10:31:53+08:00 ] 0.0.0.0 /thinkphp3.1/index.php?m=Register&a=reg
INFO: [ app_begin ] --START--
INFO: ReadHtmlCache Behavior ::run [ RunTime:0.000664s ]
INFO: [ app_begin ] --END-- [ RunTime:0.000777s ]
SQL: SHOW COLUMNS FROM `xm_users` [ RunTime:0.633670s ]

[ 2015-03-19T10:34:10+08:00 ] 0.0.0.0 /thinkphp3.1/index.php?m=Register&a=index
INFO: [ app_begin ] --START--
INFO: ReadHtmlCache Behavior ::run [ RunTime:0.001097s ]
INFO: [ app_begin ] --END-- [ RunTime:0.001306s ]
INFO: [ view_parse ] --START--
INFO: ParseTemplate Behavior ::run [ RunTime:0.013616s ]
INFO: [ view_parse ] --END-- [ RunTime:0.013783s ]
INFO: [ view_filter ] --START--
INFO: ContentReplace Behavior ::run [ RunTime:0.000866s ]
INFO: TokenBuild Behavior ::run [ RunTime:0.000768s ]
INFO: WriteHtmlCache Behavior ::run [ RunTime:0.000470s ]
INFO: ShowRuntime Behavior ::run [ RunTime:0.000910s ]
INFO: [ view_filter ] --END-- [ RunTime:0.003480s ]
INFO: [ view_end ] --START--
INFO: ShowPageTrace Behavior ::run [ RunTime:0.001051s ]
INFO: [ view_end ] --END-- [ RunTime:0.001211s ]

[ 2015-03-19T10:34:23+08:00 ] 0.0.0.0 /thinkphp3.1/index.php?m=Register&a=index
INFO: [ app_begin ] --START--
INFO: ReadHtmlCache Behavior ::run [ RunTime:0.002235s ]
INFO: [ app_begin ] --END-- [ RunTime:0.002505s ]
INFO: [ view_parse ] --START--
INFO: ParseTemplate Behavior ::run [ RunTime:0.016578s ]
INFO: [ view_parse ] --END-- [ RunTime:0.016792s ]
INFO: [ view_filter ] --START--
INFO: ContentReplace Behavior ::run [ RunTime:0.000779s ]
INFO: TokenBuild Behavior ::run [ RunTime:0.000716s ]
INFO: WriteHtmlCache Behavior ::run [ RunTime:0.000489s ]
INFO: ShowRuntime Behavior ::run [ RunTime:0.000905s ]
INFO: [ view_filter ] --END-- [ RunTime:0.003362s ]
INFO: [ view_end ] --START--
INFO: ShowPageTrace Behavior ::run [ RunTime:0.000885s ]
INFO: [ view_end ] --END-- [ RunTime:0.001041s ]

[ 2015-03-19T10:34:26+08:00 ] 0.0.0.0 /thinkphp3.1/index.php?m=Register&a=reg
INFO: [ app_begin ] --START--
INFO: ReadHtmlCache Behavior ::run [ RunTime:0.000831s ]
INFO: [ app_begin ] --END-- [ RunTime:0.000997s ]
SQL: SHOW COLUMNS FROM `xm_users` [ RunTime:0.008302s ]

[ 2015-03-19T10:35:06+08:00 ] 0.0.0.0 /thinkphp3.1/index.php?m=Register&a=index
INFO: [ app_begin ] --START--
INFO: ReadHtmlCache Behavior ::run [ RunTime:0.000743s ]
INFO: [ app_begin ] --END-- [ RunTime:0.000894s ]
INFO: [ view_parse ] --START--
INFO: ParseTemplate Behavior ::run [ RunTime:0.010326s ]
INFO: [ view_parse ] --END-- [ RunTime:0.010460s ]
INFO: [ view_filter ] --START--
INFO: ContentReplace Behavior ::run [ RunTime:0.000805s ]
INFO: TokenBuild Behavior ::run [ RunTime:0.001662s ]
INFO: WriteHtmlCache Behavior ::run [ RunTime:0.001006s ]
INFO: ShowRuntime Behavior ::run [ RunTime:0.000649s ]
INFO: [ view_filter ] --END-- [ RunTime:0.004587s ]
INFO: [ view_end ] --START--
INFO: ShowPageTrace Behavior ::run [ RunTime:0.000691s ]
INFO: [ view_end ] --END-- [ RunTime:0.000792s ]

[ 2015-03-19T10:35:09+08:00 ] 0.0.0.0 /thinkphp3.1/index.php?m=Register&a=reg
INFO: [ app_begin ] --START--
INFO: ReadHtmlCache Behavior ::run [ RunTime:0.000530s ]
INFO: [ app_begin ] --END-- [ RunTime:0.000668s ]
SQL: SHOW COLUMNS FROM `xm_users` [ RunTime:0.006989s ]

[ 2015-03-19T10:37:09+08:00 ] 0.0.0.0 /thinkphp3.1/index.php?m=Register&a=index
INFO: [ app_begin ] --START--
INFO: ReadHtmlCache Behavior ::run [ RunTime:0.001221s ]
INFO: [ app_begin ] --END-- [ RunTime:0.001450s ]
INFO: [ view_parse ] --START--
INFO: ParseTemplate Behavior ::run [ RunTime:0.015844s ]
INFO: [ view_parse ] --END-- [ RunTime:0.016062s ]
INFO: [ view_filter ] --START--
INFO: ContentReplace Behavior ::run [ RunTime:0.000781s ]
INFO: TokenBuild Behavior ::run [ RunTime:0.000739s ]
INFO: WriteHtmlCache Behavior ::run [ RunTime:0.000509s ]
INFO: ShowRuntime Behavior ::run [ RunTime:0.000932s ]
INFO: [ view_filter ] --END-- [ RunTime:0.003427s ]
INFO: [ view_end ] --START--
INFO: ShowPageTrace Behavior ::run [ RunTime:0.001044s ]
INFO: [ view_end ] --END-- [ RunTime:0.001272s ]

[ 2015-03-19T10:37:11+08:00 ] 0.0.0.0 /thinkphp3.1/index.php?m=Register&a=reg
INFO: [ app_begin ] --START--
INFO: ReadHtmlCache Behavior ::run [ RunTime:0.001214s ]
INFO: [ app_begin ] --END-- [ RunTime:0.001437s ]
SQL: SHOW COLUMNS FROM `xm_users` [ RunTime:0.005227s ]

[ 2015-03-19T10:37:40+08:00 ] 0.0.0.0 /thinkphp3.1/index.php?m=Register&a=index
INFO: [ app_begin ] --START--
INFO: ReadHtmlCache Behavior ::run [ RunTime:0.000661s ]
INFO: [ app_begin ] --END-- [ RunTime:0.000786s ]
INFO: [ view_parse ] --START--
INFO: ParseTemplate Behavior ::run [ RunTime:0.011924s ]
INFO: [ view_parse ] --END-- [ RunTime:0.012063s ]
INFO: [ view_filter ] --START--
INFO: ContentReplace Behavior ::run [ RunTime:0.000533s ]
INFO: TokenBuild Behavior ::run [ RunTime:0.000487s ]
INFO: WriteHtmlCache Behavior ::run [ RunTime:0.000340s ]
INFO: ShowRuntime Behavior ::run [ RunTime:0.000596s ]
INFO: [ view_filter ] --END-- [ RunTime:0.002260s ]
INFO: [ view_end ] --START--
INFO: ShowPageTrace Behavior ::run [ RunTime:0.000639s ]
INFO: [ view_end ] --END-- [ RunTime:0.000746s ]

[ 2015-03-19T10:37:42+08:00 ] 0.0.0.0 /thinkphp3.1/index.php?m=Register&a=reg
INFO: [ app_begin ] --START--
INFO: ReadHtmlCache Behavior ::run [ RunTime:0.000524s ]
INFO: [ app_begin ] --END-- [ RunTime:0.000639s ]
SQL: SHOW COLUMNS FROM `xm_users` [ RunTime:0.008712s ]

[ 2015-03-19T10:38:33+08:00 ] 0.0.0.0 /thinkphp3.1/index.php?m=Register&a=index
INFO: [ app_begin ] --START--
INFO: ReadHtmlCache Behavior ::run [ RunTime:0.000522s ]
INFO: [ app_begin ] --END-- [ RunTime:0.000654s ]
INFO: [ view_parse ] --START--
INFO: ParseTemplate Behavior ::run [ RunTime:0.014933s ]
INFO: [ view_parse ] --END-- [ RunTime:0.015114s ]
INFO: [ view_filter ] --START--
INFO: ContentReplace Behavior ::run [ RunTime:0.000848s ]
INFO: TokenBuild Behavior ::run [ RunTime:0.000773s ]
INFO: WriteHtmlCache Behavior ::run [ RunTime:0.000553s ]
INFO: ShowRuntime Behavior ::run [ RunTime:0.000943s ]
INFO: [ view_filter ] --END-- [ RunTime:0.003615s ]
INFO: [ view_end ] --START--
INFO: ShowPageTrace Behavior ::run [ RunTime:0.001012s ]
INFO: [ view_end ] --END-- [ RunTime:0.001202s ]

[ 2015-03-19T10:38:34+08:00 ] 0.0.0.0 /thinkphp3.1/index.php?m=Register&a=reg
INFO: [ app_begin ] --START--
INFO: ReadHtmlCache Behavior ::run [ RunTime:0.000756s ]
INFO: [ app_begin ] --END-- [ RunTime:0.000869s ]
SQL: SHOW COLUMNS FROM `xm_users` [ RunTime:0.006495s ]

[ 2015-03-19T10:38:58+08:00 ] 0.0.0.0 /thinkphp3.1/index.php?m=Register&a=index
INFO: [ app_begin ] --START--
INFO: ReadHtmlCache Behavior ::run [ RunTime:0.001005s ]
INFO: [ app_begin ] --END-- [ RunTime:0.001251s ]
INFO: [ view_parse ] --START--
INFO: ParseTemplate Behavior ::run [ RunTime:0.014641s ]
INFO: [ view_parse ] --END-- [ RunTime:0.014851s ]
INFO: [ view_filter ] --START--
INFO: ContentReplace Behavior ::run [ RunTime:0.000648s ]
INFO: TokenBuild Behavior ::run [ RunTime:0.001005s ]
INFO: WriteHtmlCache Behavior ::run [ RunTime:0.000743s ]
INFO: ShowRuntime Behavior ::run [ RunTime:0.000874s ]
INFO: [ view_filter ] --END-- [ RunTime:0.003834s ]
INFO: [ view_end ] --START--
INFO: ShowPageTrace Behavior ::run [ RunTime:0.000974s ]
INFO: [ view_end ] --END-- [ RunTime:0.001153s ]

[ 2015-03-19T10:39:00+08:00 ] 0.0.0.0 /thinkphp3.1/index.php?m=Register&a=reg
INFO: [ app_begin ] --START--
INFO: ReadHtmlCache Behavior ::run [ RunTime:0.000516s ]
INFO: [ app_begin ] --END-- [ RunTime:0.000625s ]
SQL: SHOW COLUMNS FROM `xm_users` [ RunTime:0.009145s ]

[ 2015-03-19T10:39:13+08:00 ] 0.0.0.0 /thinkphp3.1/index.php?m=Register&a=index
INFO: [ app_begin ] --START--
INFO: ReadHtmlCache Behavior ::run [ RunTime:0.000664s ]
INFO: [ app_begin ] --END-- [ RunTime:0.000790s ]
INFO: [ view_parse ] --START--
INFO: ParseTemplate Behavior ::run [ RunTime:0.011341s ]
INFO: [ view_parse ] --END-- [ RunTime:0.011509s ]
INFO: [ view_filter ] --START--
INFO: ContentReplace Behavior ::run [ RunTime:0.000738s ]
INFO: TokenBuild Behavior ::run [ RunTime:0.000544s ]
INFO: WriteHtmlCache Behavior ::run [ RunTime:0.000402s ]
INFO: ShowRuntime Behavior ::run [ RunTime:0.000655s ]
INFO: [ view_filter ] --END-- [ RunTime:0.002685s ]
INFO: [ view_end ] --START--
INFO: ShowPageTrace Behavior ::run [ RunTime:0.000739s ]
INFO: [ view_end ] --END-- [ RunTime:0.000851s ]

[ 2015-03-19T10:39:14+08:00 ] 0.0.0.0 /thinkphp3.1/index.php?m=Register&a=reg
INFO: [ app_begin ] --START--
INFO: ReadHtmlCache Behavior ::run [ RunTime:0.001574s ]
INFO: [ app_begin ] --END-- [ RunTime:0.001775s ]
SQL: SHOW COLUMNS FROM `xm_users` [ RunTime:0.006504s ]

[ 2015-03-19T10:39:35+08:00 ] 0.0.0.0 /thinkphp3.1/index.php?m=Register&a=index
INFO: [ app_begin ] --START--
INFO: ReadHtmlCache Behavior ::run [ RunTime:0.000703s ]
INFO: [ app_begin ] --END-- [ RunTime:0.000832s ]
INFO: [ view_parse ] --START--
INFO: ParseTemplate Behavior ::run [ RunTime:0.014559s ]
INFO: [ view_parse ] --END-- [ RunTime:0.014807s ]
INFO: [ view_filter ] --START--
INFO: ContentReplace Behavior ::run [ RunTime:0.000912s ]
INFO: TokenBuild Behavior ::run [ RunTime:0.001017s ]
INFO: WriteHtmlCache Behavior ::run [ RunTime:0.000444s ]
INFO: ShowRuntime Behavior ::run [ RunTime:0.000626s ]
INFO: [ view_filter ] --END-- [ RunTime:0.003440s ]
INFO: [ view_end ] --START--
INFO: ShowPageTrace Behavior ::run [ RunTime:0.001001s ]
INFO: [ view_end ] --END-- [ RunTime:0.001170s ]

[ 2015-03-19T10:39:36+08:00 ] 0.0.0.0 /thinkphp3.1/index.php?m=Register&a=reg
INFO: [ app_begin ] --START--
INFO: ReadHtmlCache Behavior ::run [ RunTime:0.000656s ]
INFO: [ app_begin ] --END-- [ RunTime:0.000835s ]
SQL: SHOW COLUMNS FROM `xm_users` [ RunTime:0.008714s ]

[ 2015-03-19T10:40:16+08:00 ] 0.0.0.0 /thinkphp3.1/index.php?m=Register&a=index
INFO: [ app_begin ] --START--
INFO: ReadHtmlCache Behavior ::run [ RunTime:0.000667s ]
INFO: [ app_begin ] --END-- [ RunTime:0.000797s ]
INFO: [ view_parse ] --START--
INFO: ParseTemplate Behavior ::run [ RunTime:0.009948s ]
INFO: [ view_parse ] --END-- [ RunTime:0.010084s ]
INFO: [ view_filter ] --START--
INFO: ContentReplace Behavior ::run [ RunTime:0.000588s ]
INFO: TokenBuild Behavior ::run [ RunTime:0.000540s ]
INFO: WriteHtmlCache Behavior ::run [ RunTime:0.000430s ]
INFO: ShowRuntime Behavior ::run [ RunTime:0.000613s ]
INFO: [ view_filter ] --END-- [ RunTime:0.002469s ]
INFO: [ view_end ] --START--
INFO: ShowPageTrace Behavior ::run [ RunTime:0.000718s ]
INFO: [ view_end ] --END-- [ RunTime:0.000828s ]

[ 2015-03-19T10:40:36+08:00 ] 0.0.0.0 /thinkphp3.1/index.php?m=Register&a=index
INFO: [ app_begin ] --START--
INFO: ReadHtmlCache Behavior ::run [ RunTime:0.001235s ]
INFO: [ app_begin ] --END-- [ RunTime:0.001471s ]
INFO: [ view_parse ] --START--
INFO: ParseTemplate Behavior ::run [ RunTime:0.015107s ]
INFO: [ view_parse ] --END-- [ RunTime:0.015323s ]
INFO: [ view_filter ] --START--
INFO: ContentReplace Behavior ::run [ RunTime:0.000870s ]
INFO: TokenBuild Behavior ::run [ RunTime:0.001091s ]
INFO: WriteHtmlCache Behavior ::run [ RunTime:0.001589s ]
INFO: ShowRuntime Behavior ::run [ RunTime:0.002049s ]
INFO: [ view_filter ] --END-- [ RunTime:0.006257s ]
INFO: [ view_end ] --START--
INFO: ShowPageTrace Behavior ::run [ RunTime:0.001117s ]
INFO: [ view_end ] --END-- [ RunTime:0.001293s ]

[ 2015-03-19T10:40:38+08:00 ] 0.0.0.0 /thinkphp3.1/index.php?m=Register&a=reg
INFO: [ app_begin ] --START--
INFO: ReadHtmlCache Behavior ::run [ RunTime:0.001412s ]
INFO: [ app_begin ] --END-- [ RunTime:0.001672s ]
SQL: SHOW COLUMNS FROM `xm_users` [ RunTime:0.007394s ]

[ 2015-03-19T10:41:17+08:00 ] 0.0.0.0 /thinkphp3.1/index.php?m=Register&a=index
INFO: [ app_begin ] --START--
INFO: ReadHtmlCache Behavior ::run [ RunTime:0.000828s ]
INFO: [ app_begin ] --END-- [ RunTime:0.001024s ]
INFO: [ view_parse ] --START--
INFO: ParseTemplate Behavior ::run [ RunTime:0.013480s ]
INFO: [ view_parse ] --END-- [ RunTime:0.013722s ]
INFO: [ view_filter ] --START--
INFO: ContentReplace Behavior ::run [ RunTime:0.000865s ]
INFO: TokenBuild Behavior ::run [ RunTime:0.000613s ]
INFO: WriteHtmlCache Behavior ::run [ RunTime:0.000428s ]
INFO: ShowRuntime Behavior ::run [ RunTime:0.000778s ]
INFO: [ view_filter ] --END-- [ RunTime:0.003177s ]
INFO: [ view_end ] --START--
INFO: ShowPageTrace Behavior ::run [ RunTime:0.001117s ]
INFO: [ view_end ] --END-- [ RunTime:0.001347s ]

[ 2015-03-19T10:41:19+08:00 ] 0.0.0.0 /thinkphp3.1/index.php?m=Register&a=reg
INFO: [ app_begin ] --START--
INFO: ReadHtmlCache Behavior ::run [ RunTime:0.001183s ]
INFO: [ app_begin ] --END-- [ RunTime:0.001399s ]
SQL: SHOW COLUMNS FROM `xm_users` [ RunTime:0.005149s ]

[ 2015-03-19T10:41:48+08:00 ] 0.0.0.0 /thinkphp3.1/index.php?m=Register&a=index
INFO: [ app_begin ] --START--
INFO: ReadHtmlCache Behavior ::run [ RunTime:0.001465s ]
INFO: [ app_begin ] --END-- [ RunTime:0.001757s ]
INFO: [ view_parse ] --START--
INFO: ParseTemplate Behavior ::run [ RunTime:0.014868s ]
INFO: [ view_parse ] --END-- [ RunTime:0.015037s ]
INFO: [ view_filter ] --START--
INFO: ContentReplace Behavior ::run [ RunTime:0.000496s ]
INFO: TokenBuild Behavior ::run [ RunTime:0.000467s ]
INFO: WriteHtmlCache Behavior ::run [ RunTime:0.000370s ]
INFO: ShowRuntime Behavior ::run [ RunTime:0.000544s ]
INFO: [ view_filter ] --END-- [ RunTime:0.002123s ]
INFO: [ view_end ] --START--
INFO: ShowPageTrace Behavior ::run [ RunTime:0.000594s ]
INFO: [ view_end ] --END-- [ RunTime:0.000682s ]

[ 2015-03-19T10:41:50+08:00 ] 0.0.0.0 /thinkphp3.1/index.php?m=Register&a=reg
INFO: [ app_begin ] --START--
INFO: ReadHtmlCache Behavior ::run [ RunTime:0.000568s ]
INFO: [ app_begin ] --END-- [ RunTime:0.000665s ]
SQL: SHOW COLUMNS FROM `xm_users` [ RunTime:0.006192s ]
NOTIC: [2] preg_match() [<a href='function.preg-match'>function.preg-match</a>]: Delimiter must not be alphanumeric or backslash D:\wamp\www\ThinkPHP3.1\ThinkPHP\Lib\Core\Model.class.php ç¬¬ 883 è¡Œ.

[ 2015-03-19T10:42:05+08:00 ] 0.0.0.0 /thinkphp3.1/index.php?m=Register&a=index
INFO: [ app_begin ] --START--
INFO: ReadHtmlCache Behavior ::run [ RunTime:0.001379s ]
INFO: [ app_begin ] --END-- [ RunTime:0.001767s ]
INFO: [ view_parse ] --START--
INFO: ParseTemplate Behavior ::run [ RunTime:0.042225s ]
INFO: [ view_parse ] --END-- [ RunTime:0.042458s ]
INFO: [ view_filter ] --START--
INFO: ContentReplace Behavior ::run [ RunTime:0.000974s ]
INFO: TokenBuild Behavior ::run [ RunTime:0.001101s ]
INFO: WriteHtmlCache Behavior ::run [ RunTime:0.000848s ]
INFO: ShowRuntime Behavior ::run [ RunTime:0.001201s ]
INFO: [ view_filter ] --END-- [ RunTime:0.004837s ]
INFO: [ view_end ] --START--
INFO: ShowPageTrace Behavior ::run [ RunTime:0.001524s ]
INFO: [ view_end ] --END-- [ RunTime:0.001731s ]

[ 2015-03-19T10:42:07+08:00 ] 0.0.0.0 /thinkphp3.1/index.php?m=Register&a=reg
INFO: [ app_begin ] --START--
INFO: ReadHtmlCache Behavior ::run [ RunTime:0.000674s ]
INFO: [ app_begin ] --END-- [ RunTime:0.000783s ]
SQL: SHOW COLUMNS FROM `xm_users` [ RunTime:0.004993s ]
NOTIC: [2] preg_match() [<a href='function.preg-match'>function.preg-match</a>]: Delimiter must not be alphanumeric or backslash D:\wamp\www\ThinkPHP3.1\ThinkPHP\Lib\Core\Model.class.php ç¬¬ 883 è¡Œ.

[ 2015-03-19T12:06:33+08:00 ] 0.0.0.0 /thinkphp3.1/
INFO: [ app_begin ] --START--
INFO: ReadHtmlCache Behavior ::run [ RunTime:0.000595s ]
INFO: [ app_begin ] --END-- [ RunTime:0.000722s ]
SQL: SHOW COLUMNS FROM `xm_jobs` [ RunTime:0.089198s ]
SQL: SELECT * FROM `xm_jobs`  [ RunTime:0.000469s ]
INFO: [ view_parse ] --START--
INFO: ParseTemplate Behavior ::run [ RunTime:0.037869s ]
INFO: [ view_parse ] --END-- [ RunTime:0.037994s ]
INFO: [ view_filter ] --START--
INFO: ContentReplace Behavior ::run [ RunTime:0.000549s ]
INFO: TokenBuild Behavior ::run [ RunTime:0.000449s ]
INFO: WriteHtmlCache Behavior ::run [ RunTime:0.000298s ]
INFO: ShowRuntime Behavior ::run [ RunTime:0.000510s ]
INFO: [ view_filter ] --END-- [ RunTime:0.002071s ]
INFO: [ view_end ] --START--
INFO: ShowPageTrace Behavior ::run [ RunTime:0.000552s ]
INFO: [ view_end ] --END-- [ RunTime:0.000639s ]

[ 2015-03-19T12:06:51+08:00 ] 0.0.0.0 /thinkphp3.1/index.php?m=Register&a=index
INFO: [ app_begin ] --START--
INFO: ReadHtmlCache Behavior ::run [ RunTime:0.000659s ]
INFO: [ app_begin ] --END-- [ RunTime:0.000772s ]
INFO: [ view_parse ] --START--
INFO: ParseTemplate Behavior ::run [ RunTime:0.008011s ]
INFO: [ view_parse ] --END-- [ RunTime:0.008119s ]
INFO: [ view_filter ] --START--
INFO: ContentReplace Behavior ::run [ RunTime:0.000524s ]
INFO: TokenBuild Behavior ::run [ RunTime:0.000411s ]
INFO: WriteHtmlCache Behavior ::run [ RunTime:0.000432s ]
INFO: ShowRuntime Behavior ::run [ RunTime:0.000574s ]
INFO: [ view_filter ] --END-- [ RunTime:0.002228s ]
INFO: [ view_end ] --START--
INFO: ShowPageTrace Behavior ::run [ RunTime:0.000566s ]
INFO: [ view_end ] --END-- [ RunTime:0.000652s ]

[ 2015-03-19T12:18:39+08:00 ] 0.0.0.0 /thinkphp3.1/index.php?m=Register&a=index
INFO: [ app_begin ] --START--
INFO: ReadHtmlCache Behavior ::run [ RunTime:0.000720s ]
INFO: [ app_begin ] --END-- [ RunTime:0.000854s ]
INFO: [ view_parse ] --START--
INFO: ParseTemplate Behavior ::run [ RunTime:0.008316s ]
INFO: [ view_parse ] --END-- [ RunTime:0.008444s ]
INFO: [ view_filter ] --START--
INFO: ContentReplace Behavior ::run [ RunTime:0.000501s ]
INFO: TokenBuild Behavior ::run [ RunTime:0.000470s ]
INFO: WriteHtmlCache Behavior ::run [ RunTime:0.000322s ]
INFO: ShowRuntime Behavior ::run [ RunTime:0.000488s ]
INFO: [ view_filter ] --END-- [ RunTime:0.002067s ]
INFO: [ view_end ] --START--
INFO: ShowPageTrace Behavior ::run [ RunTime:0.000623s ]
INFO: [ view_end ] --END-- [ RunTime:0.000720s ]

[ 2015-03-19T19:45:29+08:00 ] 0.0.0.0 /thinkphp3.1/index.php?m=Register&a=reg
INFO: [ app_begin ] --START--
INFO: ReadHtmlCache Behavior ::run [ RunTime:0.000797s ]
INFO: [ app_begin ] --END-- [ RunTime:0.000910s ]
SQL: SHOW COLUMNS FROM `xm_users` [ RunTime:0.022108s ]

[ 2015-03-19T19:47:10+08:00 ] 0.0.0.0 /thinkphp3.1/index.php?m=Register&a=sendEmail
INFO: [ app_begin ] --START--
INFO: ReadHtmlCache Behavior ::run [ RunTime:0.000675s ]
INFO: [ app_begin ] --END-- [ RunTime:0.000788s ]
NOTIC: å»ºè®®ä½¿ç”¨Iæ–¹æ³•æ›¿ä»£_post

[ 2015-03-19T19:48:50+08:00 ] 0.0.0.0 /thinkphp3.1/index.php?m=Register&a=sendEmail
INFO: [ app_begin ] --START--
INFO: ReadHtmlCache Behavior ::run [ RunTime:0.000509s ]
INFO: [ app_begin ] --END-- [ RunTime:0.000617s ]
NOTIC: å»ºè®®ä½¿ç”¨Iæ–¹æ³•æ›¿ä»£_post

[ 2015-03-19T19:48:57+08:00 ] 0.0.0.0 /thinkphp3.1/index.php?m=Register&a=sendEmail
INFO: [ app_begin ] --START--
INFO: ReadHtmlCache Behavior ::run [ RunTime:0.000461s ]
INFO: [ app_begin ] --END-- [ RunTime:0.000552s ]
NOTIC: å»ºè®®ä½¿ç”¨Iæ–¹æ³•æ›¿ä»£_post

[ 2015-03-19T21:44:17+08:00 ] 0.0.0.0 /ThinkPHP3.1/index.php?m=Register&a=sendEmail
INFO: [ app_begin ] --START--
INFO: ReadHtmlCache Behavior ::run [ RunTime:0.000518s ]
INFO: [ app_begin ] --END-- [ RunTime:0.000624s ]
NOTIC: å»ºè®®ä½¿ç”¨Iæ–¹æ³•æ›¿ä»£_post

[ 2015-03-19T21:44:24+08:00 ] 0.0.0.0 /ThinkPHP3.1/index.php?m=Register&a=sendEmail
INFO: [ app_begin ] --START--
INFO: ReadHtmlCache Behavior ::run [ RunTime:0.000493s ]
INFO: [ app_begin ] --END-- [ RunTime:0.000588s ]
NOTIC: å»ºè®®ä½¿ç”¨Iæ–¹æ³•æ›¿ä»£_post

[ 2015-03-19T21:50:23+08:00 ] 0.0.0.0 /ThinkPHP3.1/index.php?m=Register&a=sendEmail
INFO: [ app_begin ] --START--
INFO: ReadHtmlCache Behavior ::run [ RunTime:0.000645s ]
INFO: [ app_begin ] --END-- [ RunTime:0.000742s ]
NOTIC: å»ºè®®ä½¿ç”¨Iæ–¹æ³•æ›¿ä»£_post

[ 2015-03-19T22:00:35+08:00 ] 0.0.0.0 /ThinkPHP3.1/index.php?m=Register&a=sendEmail
INFO: [ app_begin ] --START--
INFO: ReadHtmlCache Behavior ::run [ RunTime:0.000767s ]
INFO: [ app_begin ] --END-- [ RunTime:0.000885s ]
NOTIC: å»ºè®®ä½¿ç”¨Iæ–¹æ³•æ›¿ä»£_post

[ 2015-03-19T22:02:29+08:00 ] 0.0.0.0 /ThinkPHP3.1/index.php?m=Register&a=sendEmail
INFO: [ app_begin ] --START--
INFO: ReadHtmlCache Behavior ::run [ RunTime:0.000498s ]
INFO: [ app_begin ] --END-- [ RunTime:0.000601s ]
NOTIC: å»ºè®®ä½¿ç”¨Iæ–¹æ³•æ›¿ä»£_post

[ 2015-03-19T22:02:39+08:00 ] 0.0.0.0 /ThinkPHP3.1/index.php?m=Register&a=reg
INFO: [ app_begin ] --START--
INFO: ReadHtmlCache Behavior ::run [ RunTime:0.000586s ]
INFO: [ app_begin ] --END-- [ RunTime:0.000679s ]
SQL: SHOW COLUMNS FROM `xm_orgs` [ RunTime:0.084340s ]

[ 2015-03-19T22:03:09+08:00 ] 0.0.0.0 /ThinkPHP3.1/index.php?m=Register&a=sendEmail
INFO: [ app_begin ] --START--
INFO: ReadHtmlCache Behavior ::run [ RunTime:0.000597s ]
INFO: [ app_begin ] --END-- [ RunTime:0.000691s ]
NOTIC: å»ºè®®ä½¿ç”¨Iæ–¹æ³•æ›¿ä»£_post

[ 2015-03-19T22:05:16+08:00 ] 0.0.0.0 /ThinkPHP3.1/index.php?m=Register&a=sendEmail
INFO: [ app_begin ] --START--
INFO: ReadHtmlCache Behavior ::run [ RunTime:0.000575s ]
INFO: [ app_begin ] --END-- [ RunTime:0.000670s ]
NOTIC: å»ºè®®ä½¿ç”¨Iæ–¹æ³•æ›¿ä»£_post

[ 2015-03-19T22:07:31+08:00 ] 0.0.0.0 /ThinkPHP3.1/index.php?m=Register&a=sendEmail
INFO: [ app_begin ] --START--
INFO: ReadHtmlCache Behavior ::run [ RunTime:0.000598s ]
INFO: [ app_begin ] --END-- [ RunTime:0.000694s ]
NOTIC: å»ºè®®ä½¿ç”¨Iæ–¹æ³•æ›¿ä»£_post

[ 2015-03-19T22:57:27+08:00 ] 0.0.0.0 /ThinkPHP3.1/index.php?m=Register&a=sendEmail
INFO: [ app_begin ] --START--
INFO: ReadHtmlCache Behavior ::run [ RunTime:0.000658s ]
INFO: [ app_begin ] --END-- [ RunTime:0.000765s ]
NOTIC: [8] Undefined variable: chars D:\wamp\www\ThinkPHP3.1\Common\common.php ç¬¬ 44 è¡Œ.
NOTIC: [8] Undefined variable: chars D:\wamp\www\ThinkPHP3.1\Common\common.php ç¬¬ 45 è¡Œ.
NOTIC: [8] Use of undefined constant i - assumed 'i' D:\wamp\www\ThinkPHP3.1\Common\common.php ç¬¬ 49 è¡Œ.
NOTIC: [8] Undefined variable: verify D:\wamp\www\ThinkPHP3.1\Common\common.php ç¬¬ 52 è¡Œ.
NOTIC: å»ºè®®ä½¿ç”¨Iæ–¹æ³•æ›¿ä»£_post

[ 2015-03-19T23:02:21+08:00 ] 0.0.0.0 /ThinkPHP3.1/index.php?m=Register&a=sendEmail
INFO: [ app_begin ] --START--
INFO: ReadHtmlCache Behavior ::run [ RunTime:0.000620s ]
INFO: [ app_begin ] --END-- [ RunTime:0.000716s ]
NOTIC: [8] Undefined variable: chars D:\wamp\www\ThinkPHP3.1\Common\common.php ç¬¬ 44 è¡Œ.
NOTIC: [8] Undefined variable: chars D:\wamp\www\ThinkPHP3.1\Common\common.php ç¬¬ 45 è¡Œ.
NOTIC: [8] Use of undefined constant i - assumed 'i' D:\wamp\www\ThinkPHP3.1\Common\common.php ç¬¬ 49 è¡Œ.
NOTIC: [8] Undefined variable: verify D:\wamp\www\ThinkPHP3.1\Common\common.php ç¬¬ 52 è¡Œ.
NOTIC: å»ºè®®ä½¿ç”¨Iæ–¹æ³•æ›¿ä»£_post

[ 2015-03-19T23:02:32+08:00 ] 0.0.0.0 /ThinkPHP3.1/index.php?m=Register&a=sendEmail
INFO: [ app_begin ] --START--
INFO: ReadHtmlCache Behavior ::run [ RunTime:0.000596s ]
INFO: [ app_begin ] --END-- [ RunTime:0.000685s ]
NOTIC: [8] Undefined variable: chars D:\wamp\www\ThinkPHP3.1\Common\common.php ç¬¬ 44 è¡Œ.
NOTIC: [8] Undefined variable: chars D:\wamp\www\ThinkPHP3.1\Common\common.php ç¬¬ 45 è¡Œ.
NOTIC: [8] Use of undefined constant i - assumed 'i' D:\wamp\www\ThinkPHP3.1\Common\common.php ç¬¬ 49 è¡Œ.
NOTIC: [8] Undefined variable: verify D:\wamp\www\ThinkPHP3.1\Common\common.php ç¬¬ 52 è¡Œ.
NOTIC: å»ºè®®ä½¿ç”¨Iæ–¹æ³•æ›¿ä»£_post

[ 2015-03-19T23:03:19+08:00 ] 0.0.0.0 /ThinkPHP3.1/index.php?m=Register&a=sendEmail
INFO: [ app_begin ] --START--
INFO: ReadHtmlCache Behavior ::run [ RunTime:0.000452s ]
INFO: [ app_begin ] --END-- [ RunTime:0.000545s ]
NOTIC: [8] Undefined variable: chars D:\wamp\www\ThinkPHP3.1\Common\common.php ç¬¬ 44 è¡Œ.
NOTIC: [8] Undefined variable: chars D:\wamp\www\ThinkPHP3.1\Common\common.php ç¬¬ 45 è¡Œ.
NOTIC: [8] Use of undefined constant i - assumed 'i' D:\wamp\www\ThinkPHP3.1\Common\common.php ç¬¬ 49 è¡Œ.
NOTIC: [8] Undefined variable: verify D:\wamp\www\ThinkPHP3.1\Common\common.php ç¬¬ 52 è¡Œ.
NOTIC: å»ºè®®ä½¿ç”¨Iæ–¹æ³•æ›¿ä»£_post

[ 2015-03-19T23:08:55+08:00 ] 0.0.0.0 /ThinkPHP3.1/index.php?m=Register&a=sendEmail
INFO: [ app_begin ] --START--
INFO: ReadHtmlCache Behavior ::run [ RunTime:0.000568s ]
INFO: [ app_begin ] --END-- [ RunTime:0.000662s ]
NOTIC: [8] Undefined variable: chars D:\wamp\www\ThinkPHP3.1\Common\common.php ç¬¬ 44 è¡Œ.
NOTIC: [8] Undefined variable: chars D:\wamp\www\ThinkPHP3.1\Common\common.php ç¬¬ 45 è¡Œ.
NOTIC: [8] Use of undefined constant i - assumed 'i' D:\wamp\www\ThinkPHP3.1\Common\common.php ç¬¬ 49 è¡Œ.
NOTIC: [8] Undefined variable: verify D:\wamp\www\ThinkPHP3.1\Common\common.php ç¬¬ 52 è¡Œ.
NOTIC: å»ºè®®ä½¿ç”¨Iæ–¹æ³•æ›¿ä»£_post

[ 2015-03-19T23:11:21+08:00 ] 0.0.0.0 /ThinkPHP3.1/index.php?m=Register&a=sendEmail
INFO: [ app_begin ] --START--
INFO: ReadHtmlCache Behavior ::run [ RunTime:0.000570s ]
INFO: [ app_begin ] --END-- [ RunTime:0.000664s ]
NOTIC: [8] Undefined variable: chars D:\wamp\www\ThinkPHP3.1\Common\common.php ç¬¬ 44 è¡Œ.
NOTIC: [8] Undefined variable: chars D:\wamp\www\ThinkPHP3.1\Common\common.php ç¬¬ 45 è¡Œ.
NOTIC: [8] Use of undefined constant i - assumed 'i' D:\wamp\www\ThinkPHP3.1\Common\common.php ç¬¬ 49 è¡Œ.
NOTIC: [8] Undefined variable: verify D:\wamp\www\ThinkPHP3.1\Common\common.php ç¬¬ 52 è¡Œ.
NOTIC: å»ºè®®ä½¿ç”¨Iæ–¹æ³•æ›¿ä»£_post

[ 2015-03-19T23:14:25+08:00 ] 0.0.0.0 /ThinkPHP3.1/index.php?m=Register&a=sendEmail
INFO: [ app_begin ] --START--
INFO: ReadHtmlCache Behavior ::run [ RunTime:0.000566s ]
INFO: [ app_begin ] --END-- [ RunTime:0.000661s ]
NOTIC: [8] Undefined variable: chars D:\wamp\www\ThinkPHP3.1\Common\common.php ç¬¬ 44 è¡Œ.
NOTIC: [8] Undefined variable: chars D:\wamp\www\ThinkPHP3.1\Common\common.php ç¬¬ 45 è¡Œ.
NOTIC: [8] Use of undefined constant i - assumed 'i' D:\wamp\www\ThinkPHP3.1\Common\common.php ç¬¬ 49 è¡Œ.
NOTIC: [8] Undefined variable: verify D:\wamp\www\ThinkPHP3.1\Common\common.php ç¬¬ 52 è¡Œ.
NOTIC: å»ºè®®ä½¿ç”¨Iæ–¹æ³•æ›¿ä»£_post

[ 2015-03-19T23:15:31+08:00 ] 0.0.0.0 /ThinkPHP3.1/index.php?m=Register&a=sendEmail
INFO: [ app_begin ] --START--
INFO: ReadHtmlCache Behavior ::run [ RunTime:0.000561s ]
INFO: [ app_begin ] --END-- [ RunTime:0.000677s ]
NOTIC: [8] Undefined variable: chars D:\wamp\www\ThinkPHP3.1\Common\common.php ç¬¬ 44 è¡Œ.
NOTIC: [8] Undefined variable: chars D:\wamp\www\ThinkPHP3.1\Common\common.php ç¬¬ 45 è¡Œ.
NOTIC: [8] Undefined variable: verify D:\wamp\www\ThinkPHP3.1\Common\common.php ç¬¬ 52 è¡Œ.
NOTIC: å»ºè®®ä½¿ç”¨Iæ–¹æ³•æ›¿ä»£_post

[ 2015-03-19T23:15:38+08:00 ] 0.0.0.0 /ThinkPHP3.1/index.php?m=Register&a=sendEmail
INFO: [ app_begin ] --START--
INFO: ReadHtmlCache Behavior ::run [ RunTime:0.000520s ]
INFO: [ app_begin ] --END-- [ RunTime:0.000622s ]
NOTIC: [8] Undefined variable: chars D:\wamp\www\ThinkPHP3.1\Common\common.php ç¬¬ 44 è¡Œ.
NOTIC: [8] Undefined variable: chars D:\wamp\www\ThinkPHP3.1\Common\common.php ç¬¬ 45 è¡Œ.
NOTIC: [8] Undefined variable: verify D:\wamp\www\ThinkPHP3.1\Common\common.php ç¬¬ 52 è¡Œ.
NOTIC: å»ºè®®ä½¿ç”¨Iæ–¹æ³•æ›¿ä»£_post

[ 2015-03-19T23:19:03+08:00 ] 0.0.0.0 /ThinkPHP3.1/index.php?m=Register&a=sendEmail
INFO: [ app_begin ] --START--
INFO: ReadHtmlCache Behavior ::run [ RunTime:0.000569s ]
INFO: [ app_begin ] --END-- [ RunTime:0.000662s ]
NOTIC: [8] Undefined variable: chars D:\wamp\www\ThinkPHP3.1\Common\common.php ç¬¬ 44 è¡Œ.
NOTIC: [8] Undefined variable: chars D:\wamp\www\ThinkPHP3.1\Common\common.php ç¬¬ 45 è¡Œ.
NOTIC: [8] Undefined variable: verify D:\wamp\www\ThinkPHP3.1\Common\common.php ç¬¬ 52 è¡Œ.
NOTIC: å»ºè®®ä½¿ç”¨Iæ–¹æ³•æ›¿ä»£_post
NOTIC: [2] fsockopen() [<a href='function.fsockopen'>function.fsockopen</a>]: php_network_getaddresses: getaddrinfo failed: ²»ÖªµÀÕâÑùµÄÖ÷»ú¡£  D:\wamp\www\ThinkPHP3.1\ThinkPHP\Extend\Library\ORG\Net\class.smtp.php ç¬¬ 132 è¡Œ.
NOTIC: [2] fsockopen() [<a href='function.fsockopen'>function.fsockopen</a>]: unable to connect to smtp.ym.163.com:25 (php_network_getaddresses: getaddrinfo failed: ²»ÖªµÀÕâÑùµÄÖ÷»ú¡£ ) D:\wamp\www\ThinkPHP3.1\ThinkPHP\Extend\Library\ORG\Net\class.smtp.php ç¬¬ 132 è¡Œ.

[ 2015-03-19T23:19:36+08:00 ] 0.0.0.0 /ThinkPHP3.1/index.php?m=Register&a=sendEmail
INFO: [ app_begin ] --START--
INFO: ReadHtmlCache Behavior ::run [ RunTime:0.000611s ]
INFO: [ app_begin ] --END-- [ RunTime:0.000718s ]
NOTIC: [8] Undefined variable: chars D:\wamp\www\ThinkPHP3.1\Common\common.php ç¬¬ 44 è¡Œ.
NOTIC: [8] Undefined variable: chars D:\wamp\www\ThinkPHP3.1\Common\common.php ç¬¬ 45 è¡Œ.
NOTIC: [8] Undefined variable: verify D:\wamp\www\ThinkPHP3.1\Common\common.php ç¬¬ 52 è¡Œ.
NOTIC: å»ºè®®ä½¿ç”¨Iæ–¹æ³•æ›¿ä»£_post
NOTIC: [2] fsockopen() [<a href='function.fsockopen'>function.fsockopen</a>]: php_network_getaddresses: getaddrinfo failed: ²»ÖªµÀÕâÑùµÄÖ÷»ú¡£  D:\wamp\www\ThinkPHP3.1\ThinkPHP\Extend\Library\ORG\Net\class.smtp.php ç¬¬ 132 è¡Œ.
NOTIC: [2] fsockopen() [<a href='function.fsockopen'>function.fsockopen</a>]: unable to connect to smtp.ym.163.com:25 (php_network_getaddresses: getaddrinfo failed: ²»ÖªµÀÕâÑùµÄÖ÷»ú¡£ ) D:\wamp\www\ThinkPHP3.1\ThinkPHP\Extend\Library\ORG\Net\class.smtp.php ç¬¬ 132 è¡Œ.

[ 2015-03-19T23:20:41+08:00 ] 0.0.0.0 /ThinkPHP3.1/index.php?m=Register&a=sendEmail
INFO: [ app_begin ] --START--
INFO: ReadHtmlCache Behavior ::run [ RunTime:0.000535s ]
INFO: [ app_begin ] --END-- [ RunTime:0.000642s ]
NOTIC: [8] Undefined variable: chars D:\wamp\www\ThinkPHP3.1\Common\common.php ç¬¬ 44 è¡Œ.
NOTIC: [8] Undefined variable: chars D:\wamp\www\ThinkPHP3.1\Common\common.php ç¬¬ 45 è¡Œ.
NOTIC: [8] Undefined variable: verify D:\wamp\www\ThinkPHP3.1\Common\common.php ç¬¬ 52 è¡Œ.
NOTIC: å»ºè®®ä½¿ç”¨Iæ–¹æ³•æ›¿ä»£_post

[ 2015-03-19T23:23:44+08:00 ] 0.0.0.0 /ThinkPHP3.1/index.php?m=Register&a=sendEmail
INFO: [ app_begin ] --START--
INFO: ReadHtmlCache Behavior ::run [ RunTime:0.000574s ]
INFO: [ app_begin ] --END-- [ RunTime:0.000669s ]
NOTIC: å»ºè®®ä½¿ç”¨Iæ–¹æ³•æ›¿ä»£_post

[ 2015-03-19T23:24:14+08:00 ] 0.0.0.0 /ThinkPHP3.1/index.php?m=Register&a=sendEmail
INFO: [ app_begin ] --START--
INFO: ReadHtmlCache Behavior ::run [ RunTime:0.000492s ]
INFO: [ app_begin ] --END-- [ RunTime:0.000592s ]
NOTIC: å»ºè®®ä½¿ç”¨Iæ–¹æ³•æ›¿ä»£_post

[ 2015-03-19T23:30:44+08:00 ] 0.0.0.0 /ThinkPHP3.1/index.php?m=Register&a=sendEmail
INFO: [ app_begin ] --START--
INFO: ReadHtmlCache Behavior ::run [ RunTime:0.000590s ]
INFO: [ app_begin ] --END-- [ RunTime:0.000683s ]
NOTIC: å»ºè®®ä½¿ç”¨Iæ–¹æ³•æ›¿ä»£_post
NOTIC: [8] Undefined variable: verify D:\wamp\www\ThinkPHP3.1\Lib\Action\RegisterAction.class.php ç¬¬ 55 è¡Œ.

[ 2015-03-19T23:32:05+08:00 ] 0.0.0.0 /ThinkPHP3.1/index.php?m=Register&a=sendEmail
INFO: [ app_begin ] --START--
INFO: ReadHtmlCache Behavior ::run [ RunTime:0.000495s ]
INFO: [ app_begin ] --END-- [ RunTime:0.000593s ]
NOTIC: å»ºè®®ä½¿ç”¨Iæ–¹æ³•æ›¿ä»£_post

[ 2015-03-19T23:33:21+08:00 ] 0.0.0.0 /ThinkPHP3.1/index.php?m=Register&a=sendEmail
INFO: [ app_begin ] --START--
INFO: ReadHtmlCache Behavior ::run [ RunTime:0.000574s ]
INFO: [ app_begin ] --END-- [ RunTime:0.000669s ]
NOTIC: å»ºè®®ä½¿ç”¨Iæ–¹æ³•æ›¿ä»£_post

