[ 2015-05-27T00:07:57+08:00 ] 127.0.0.1 /
NOTIC: 建议使用I方法替代_get

[ 2015-05-27T00:09:38+08:00 ] 127.0.0.1 /
NOTIC: 建议使用I方法替代_get

[ 2015-05-27T00:09:56+08:00 ] 127.0.0.1 /UserCenter/payInfoHandler.html
NOTIC: [2] stripslashes() expects exactly 1 parameter, 2 given D:\wamp\www\ThinkPHP3.1\ThinkPHP\Lib\Core\App.class.php 第 56 行.
NOTIC: [2] stripslashes() expects exactly 1 parameter, 2 given D:\wamp\www\ThinkPHP3.1\ThinkPHP\Lib\Core\App.class.php 第 56 行.
NOTIC: [2] stripslashes() expects exactly 1 parameter, 2 given D:\wamp\www\ThinkPHP3.1\ThinkPHP\Lib\Core\App.class.php 第 57 行.
NOTIC: [2] stripslashes() expects exactly 1 parameter, 2 given D:\wamp\www\ThinkPHP3.1\ThinkPHP\Lib\Core\App.class.php 第 57 行.
NOTIC: [2] stripslashes() expects exactly 1 parameter, 2 given D:\wamp\www\ThinkPHP3.1\ThinkPHP\Lib\Core\App.class.php 第 57 行.
INFO: [ app_begin ] --START--
INFO: ReadHtmlCache Behavior ::run [ RunTime:0.000000s ]
INFO: [ app_begin ] --END-- [ RunTime:0.000000s ]
SQL: SHOW COLUMNS FROM `xm_users` [ RunTime:0.004000s ]
NOTIC: 建议使用I方法替代_post
NOTIC: 建议使用I方法替代_post

[ 2015-05-27T00:12:42+08:00 ] 127.0.0.1 /
NOTIC: 建议使用I方法替代_get

[ 2015-05-27T00:12:48+08:00 ] 127.0.0.1 /
NOTIC: 建议使用I方法替代_get

[ 2015-05-27T00:12:52+08:00 ] 127.0.0.1 /JobsInfo/index.html?jid=56
NOTIC: 建议使用I方法替代_get
NOTIC: 建议使用I方法替代_get

[ 2015-05-27T00:13:05+08:00 ] 127.0.0.1 /ApplyJob/apply.html
NOTIC: [2] stripslashes() expects exactly 1 parameter, 2 given D:\wamp\www\ThinkPHP3.1\ThinkPHP\Lib\Core\App.class.php 第 57 行.
NOTIC: [2] stripslashes() expects exactly 1 parameter, 2 given D:\wamp\www\ThinkPHP3.1\ThinkPHP\Lib\Core\App.class.php 第 57 行.
NOTIC: [2] stripslashes() expects exactly 1 parameter, 2 given D:\wamp\www\ThinkPHP3.1\ThinkPHP\Lib\Core\App.class.php 第 57 行.
INFO: [ app_begin ] --START--
INFO: ReadHtmlCache Behavior ::run [ RunTime:0.001000s ]
INFO: [ app_begin ] --END-- [ RunTime:0.001000s ]
SQL: SHOW COLUMNS FROM `xm_apply` [ RunTime:0.005000s ]
SQL: SELECT * FROM `xm_apply` WHERE ( app_uid=1 AND app_jid=56 ) LIMIT 1   [ RunTime:0.000000s ]
SQL: SHOW COLUMNS FROM `xm_users` [ RunTime:0.006000s ]
SQL: SHOW COLUMNS FROM `xm_jobs` [ RunTime:0.005000s ]
SQL: SELECT `pay_way` FROM `xm_jobs` WHERE ( jid=56 ) LIMIT 1   [ RunTime:0.000000s ]
SQL: SELECT `pay_aliay_id` FROM `xm_users` WHERE ( uid=1 ) LIMIT 1   [ RunTime:0.000000s ]
ERR: 1054:Unknown column 'pay_aliay_id' in 'field list'
 [ SQL语句 ] : SELECT `pay_aliay_id` FROM `xm_users` WHERE ( uid=1 ) LIMIT 1  

[ 2015-05-27T00:13:08+08:00 ] 127.0.0.1 /ApplyJob/apply.html
NOTIC: [2] stripslashes() expects exactly 1 parameter, 2 given D:\wamp\www\ThinkPHP3.1\ThinkPHP\Lib\Core\App.class.php 第 57 行.
NOTIC: [2] stripslashes() expects exactly 1 parameter, 2 given D:\wamp\www\ThinkPHP3.1\ThinkPHP\Lib\Core\App.class.php 第 57 行.
NOTIC: [2] stripslashes() expects exactly 1 parameter, 2 given D:\wamp\www\ThinkPHP3.1\ThinkPHP\Lib\Core\App.class.php 第 57 行.
INFO: [ app_begin ] --START--
INFO: ReadHtmlCache Behavior ::run [ RunTime:0.001000s ]
INFO: [ app_begin ] --END-- [ RunTime:0.001000s ]
SQL: SHOW COLUMNS FROM `xm_apply` [ RunTime:0.005000s ]
SQL: SELECT * FROM `xm_apply` WHERE ( app_uid=1 AND app_jid=56 ) LIMIT 1   [ RunTime:0.000000s ]
SQL: SHOW COLUMNS FROM `xm_users` [ RunTime:0.005001s ]
SQL: SHOW COLUMNS FROM `xm_jobs` [ RunTime:0.005000s ]
SQL: SELECT `pay_way` FROM `xm_jobs` WHERE ( jid=56 ) LIMIT 1   [ RunTime:0.000000s ]
SQL: SELECT `pay_aliay_id` FROM `xm_users` WHERE ( uid=1 ) LIMIT 1   [ RunTime:0.000000s ]
ERR: 1054:Unknown column 'pay_aliay_id' in 'field list'
 [ SQL语句 ] : SELECT `pay_aliay_id` FROM `xm_users` WHERE ( uid=1 ) LIMIT 1  

[ 2015-05-27T00:13:14+08:00 ] 127.0.0.1 /
NOTIC: 建议使用I方法替代_get

[ 2015-05-27T00:13:16+08:00 ] 127.0.0.1 /JobsInfo/index.html?jid=55
NOTIC: 建议使用I方法替代_get
NOTIC: 建议使用I方法替代_get

[ 2015-05-27T00:13:17+08:00 ] 127.0.0.1 /ApplyJob/apply.html
NOTIC: [2] stripslashes() expects exactly 1 parameter, 2 given D:\wamp\www\ThinkPHP3.1\ThinkPHP\Lib\Core\App.class.php 第 57 行.
NOTIC: [2] stripslashes() expects exactly 1 parameter, 2 given D:\wamp\www\ThinkPHP3.1\ThinkPHP\Lib\Core\App.class.php 第 57 行.
NOTIC: [2] stripslashes() expects exactly 1 parameter, 2 given D:\wamp\www\ThinkPHP3.1\ThinkPHP\Lib\Core\App.class.php 第 57 行.
INFO: [ app_begin ] --START--
INFO: ReadHtmlCache Behavior ::run [ RunTime:0.001000s ]
INFO: [ app_begin ] --END-- [ RunTime:0.001000s ]
SQL: SHOW COLUMNS FROM `xm_apply` [ RunTime:0.004000s ]
SQL: SELECT * FROM `xm_apply` WHERE ( app_uid=1 AND app_jid=55 ) LIMIT 1   [ RunTime:0.000000s ]
SQL: SHOW COLUMNS FROM `xm_users` [ RunTime:0.005000s ]
SQL: SHOW COLUMNS FROM `xm_jobs` [ RunTime:0.006000s ]
SQL: SELECT `pay_way` FROM `xm_jobs` WHERE ( jid=55 ) LIMIT 1   [ RunTime:0.000000s ]
SQL: SELECT `pay_ccard_id` FROM `xm_users` WHERE ( uid=1 ) LIMIT 1   [ RunTime:0.001001s ]

[ 2015-05-27T00:16:15+08:00 ] 127.0.0.1 /Index/index.html
NOTIC: 建议使用I方法替代_get

[ 2015-05-27T00:16:25+08:00 ] 127.0.0.1 /Login/login.html
NOTIC: [2] stripslashes() expects exactly 1 parameter, 2 given D:\wamp\www\ThinkPHP3.1\ThinkPHP\Lib\Core\App.class.php 第 56 行.
NOTIC: [2] stripslashes() expects exactly 1 parameter, 2 given D:\wamp\www\ThinkPHP3.1\ThinkPHP\Lib\Core\App.class.php 第 56 行.
NOTIC: [2] stripslashes() expects exactly 1 parameter, 2 given D:\wamp\www\ThinkPHP3.1\ThinkPHP\Lib\Core\App.class.php 第 56 行.
NOTIC: [2] stripslashes() expects exactly 1 parameter, 2 given D:\wamp\www\ThinkPHP3.1\ThinkPHP\Lib\Core\App.class.php 第 56 行.
NOTIC: [2] stripslashes() expects exactly 1 parameter, 2 given D:\wamp\www\ThinkPHP3.1\ThinkPHP\Lib\Core\App.class.php 第 57 行.
NOTIC: [2] stripslashes() expects exactly 1 parameter, 2 given D:\wamp\www\ThinkPHP3.1\ThinkPHP\Lib\Core\App.class.php 第 57 行.
NOTIC: [2] stripslashes() expects exactly 1 parameter, 2 given D:\wamp\www\ThinkPHP3.1\ThinkPHP\Lib\Core\App.class.php 第 57 行.
INFO: [ app_begin ] --START--
INFO: ReadHtmlCache Behavior ::run [ RunTime:0.001000s ]
INFO: [ app_begin ] --END-- [ RunTime:0.001000s ]
NOTIC: 建议使用I方法替代_post
NOTIC: 建议使用I方法替代_post
NOTIC: 建议使用I方法替代_post
NOTIC: [8] Undefined variable: passwd D:\wamp\www\ThinkPHP3.1\Lib\Action\LoginAction.class.php 第 35 行.
SQL: SHOW COLUMNS FROM `xm_users` [ RunTime:0.004000s ]
SQL: SHOW COLUMNS FROM `xm_orgs` [ RunTime:0.004000s ]
SQL: SELECT `uid` FROM `xm_users` WHERE ( email='123@qq.com' ) LIMIT 1   [ RunTime:0.000000s ]
SQL: SELECT `oid` FROM `xm_orgs` WHERE ( email='123@qq.com' ) LIMIT 1   [ RunTime:0.000000s ]
SQL: SELECT `orgname` FROM `xm_orgs` WHERE ( email='123@qq.com'AND passwd='21232f297a57a5a743894a0e4a801fc3' ) LIMIT 1   [ RunTime:0.001000s ]

[ 2015-05-27T00:16:44+08:00 ] 127.0.0.1 /Login/login.html
NOTIC: [2] stripslashes() expects exactly 1 parameter, 2 given D:\wamp\www\ThinkPHP3.1\ThinkPHP\Lib\Core\App.class.php 第 56 行.
NOTIC: [2] stripslashes() expects exactly 1 parameter, 2 given D:\wamp\www\ThinkPHP3.1\ThinkPHP\Lib\Core\App.class.php 第 56 行.
NOTIC: [2] stripslashes() expects exactly 1 parameter, 2 given D:\wamp\www\ThinkPHP3.1\ThinkPHP\Lib\Core\App.class.php 第 56 行.
NOTIC: [2] stripslashes() expects exactly 1 parameter, 2 given D:\wamp\www\ThinkPHP3.1\ThinkPHP\Lib\Core\App.class.php 第 56 行.
NOTIC: [2] stripslashes() expects exactly 1 parameter, 2 given D:\wamp\www\ThinkPHP3.1\ThinkPHP\Lib\Core\App.class.php 第 57 行.
NOTIC: [2] stripslashes() expects exactly 1 parameter, 2 given D:\wamp\www\ThinkPHP3.1\ThinkPHP\Lib\Core\App.class.php 第 57 行.
NOTIC: [2] stripslashes() expects exactly 1 parameter, 2 given D:\wamp\www\ThinkPHP3.1\ThinkPHP\Lib\Core\App.class.php 第 57 行.
INFO: [ app_begin ] --START--
INFO: ReadHtmlCache Behavior ::run [ RunTime:0.000000s ]
INFO: [ app_begin ] --END-- [ RunTime:0.000000s ]
NOTIC: 建议使用I方法替代_post
NOTIC: 建议使用I方法替代_post
NOTIC: 建议使用I方法替代_post
NOTIC: [8] Undefined variable: passwd D:\wamp\www\ThinkPHP3.1\Lib\Action\LoginAction.class.php 第 35 行.
SQL: SHOW COLUMNS FROM `xm_users` [ RunTime:0.005001s ]
SQL: SHOW COLUMNS FROM `xm_orgs` [ RunTime:0.005000s ]
SQL: SELECT `uid` FROM `xm_users` WHERE ( email='123@qq.com' ) LIMIT 1   [ RunTime:0.000000s ]
SQL: SELECT `oid` FROM `xm_orgs` WHERE ( email='123@qq.com' ) LIMIT 1   [ RunTime:0.001000s ]
SQL: SELECT `orgname` FROM `xm_orgs` WHERE ( email='123@qq.com'AND passwd='21232f297a57a5a743894a0e4a801fc3' ) LIMIT 1   [ RunTime:0.000000s ]

[ 2015-05-27T00:18:26+08:00 ] 127.0.0.1 /
NOTIC: 建议使用I方法替代_get

[ 2015-05-27T00:20:49+08:00 ] 127.0.0.1 /
NOTIC: 建议使用I方法替代_get

[ 2015-05-27T00:21:01+08:00 ] 127.0.0.1 /PublishJobs/publish.html
NOTIC: [2] stripslashes() expects exactly 1 parameter, 2 given D:\wamp\www\ThinkPHP3.1\ThinkPHP\Lib\Core\App.class.php 第 56 行.
NOTIC: [2] stripslashes() expects exactly 1 parameter, 2 given D:\wamp\www\ThinkPHP3.1\ThinkPHP\Lib\Core\App.class.php 第 56 行.
NOTIC: [2] stripslashes() expects exactly 1 parameter, 2 given D:\wamp\www\ThinkPHP3.1\ThinkPHP\Lib\Core\App.class.php 第 56 行.
NOTIC: [2] stripslashes() expects exactly 1 parameter, 2 given D:\wamp\www\ThinkPHP3.1\ThinkPHP\Lib\Core\App.class.php 第 56 行.
NOTIC: [2] stripslashes() expects exactly 1 parameter, 2 given D:\wamp\www\ThinkPHP3.1\ThinkPHP\Lib\Core\App.class.php 第 56 行.
NOTIC: [2] stripslashes() expects exactly 1 parameter, 2 given D:\wamp\www\ThinkPHP3.1\ThinkPHP\Lib\Core\App.class.php 第 56 行.
NOTIC: [2] stripslashes() expects exactly 1 parameter, 2 given D:\wamp\www\ThinkPHP3.1\ThinkPHP\Lib\Core\App.class.php 第 56 行.
NOTIC: [2] stripslashes() expects exactly 1 parameter, 2 given D:\wamp\www\ThinkPHP3.1\ThinkPHP\Lib\Core\App.class.php 第 56 行.
NOTIC: [2] stripslashes() expects exactly 1 parameter, 2 given D:\wamp\www\ThinkPHP3.1\ThinkPHP\Lib\Core\App.class.php 第 56 行.
NOTIC: [2] stripslashes() expects exactly 1 parameter, 2 given D:\wamp\www\ThinkPHP3.1\ThinkPHP\Lib\Core\App.class.php 第 56 行.
NOTIC: [2] stripslashes() expects exactly 1 parameter, 2 given D:\wamp\www\ThinkPHP3.1\ThinkPHP\Lib\Core\App.class.php 第 56 行.
NOTIC: [2] stripslashes() expects exactly 1 parameter, 2 given D:\wamp\www\ThinkPHP3.1\ThinkPHP\Lib\Core\App.class.php 第 56 行.
NOTIC: [2] stripslashes() expects exactly 1 parameter, 2 given D:\wamp\www\ThinkPHP3.1\ThinkPHP\Lib\Core\App.class.php 第 56 行.
NOTIC: [2] stripslashes() expects exactly 1 parameter, 2 given D:\wamp\www\ThinkPHP3.1\ThinkPHP\Lib\Core\App.class.php 第 56 行.
NOTIC: [2] stripslashes() expects exactly 1 parameter, 2 given D:\wamp\www\ThinkPHP3.1\ThinkPHP\Lib\Core\App.class.php 第 56 行.
NOTIC: [2] stripslashes() expects exactly 1 parameter, 2 given D:\wamp\www\ThinkPHP3.1\ThinkPHP\Lib\Core\App.class.php 第 57 行.
NOTIC: [2] stripslashes() expects exactly 1 parameter, 2 given D:\wamp\www\ThinkPHP3.1\ThinkPHP\Lib\Core\App.class.php 第 57 行.
NOTIC: [2] stripslashes() expects exactly 1 parameter, 2 given D:\wamp\www\ThinkPHP3.1\ThinkPHP\Lib\Core\App.class.php 第 57 行.
INFO: [ app_begin ] --START--
INFO: ReadHtmlCache Behavior ::run [ RunTime:0.001000s ]
INFO: [ app_begin ] --END-- [ RunTime:0.001000s ]
SQL: SHOW COLUMNS FROM `xm_jobs` [ RunTime:0.005000s ]

[ 2015-05-27T08:04:39+08:00 ] 127.0.0.1 /
NOTIC: 建议使用I方法替代_get

[ 2015-05-27T08:05:00+08:00 ] 127.0.0.1 /Login/login.html
NOTIC: [2] stripslashes() expects exactly 1 parameter, 2 given D:\wamp\www\ThinkPHP3.1\ThinkPHP\Lib\Core\App.class.php 第 56 行.
NOTIC: [2] stripslashes() expects exactly 1 parameter, 2 given D:\wamp\www\ThinkPHP3.1\ThinkPHP\Lib\Core\App.class.php 第 56 行.
NOTIC: [2] stripslashes() expects exactly 1 parameter, 2 given D:\wamp\www\ThinkPHP3.1\ThinkPHP\Lib\Core\App.class.php 第 56 行.
NOTIC: [2] stripslashes() expects exactly 1 parameter, 2 given D:\wamp\www\ThinkPHP3.1\ThinkPHP\Lib\Core\App.class.php 第 56 行.
NOTIC: [2] stripslashes() expects exactly 1 parameter, 2 given D:\wamp\www\ThinkPHP3.1\ThinkPHP\Lib\Core\App.class.php 第 57 行.
NOTIC: [2] stripslashes() expects exactly 1 parameter, 2 given D:\wamp\www\ThinkPHP3.1\ThinkPHP\Lib\Core\App.class.php 第 57 行.
NOTIC: [2] stripslashes() expects exactly 1 parameter, 2 given D:\wamp\www\ThinkPHP3.1\ThinkPHP\Lib\Core\App.class.php 第 57 行.
INFO: [ app_begin ] --START--
INFO: ReadHtmlCache Behavior ::run [ RunTime:0.001000s ]
INFO: [ app_begin ] --END-- [ RunTime:0.001000s ]
NOTIC: 建议使用I方法替代_post

[ 2015-05-27T08:05:05+08:00 ] 127.0.0.1 /Login/login.html
NOTIC: [2] stripslashes() expects exactly 1 parameter, 2 given D:\wamp\www\ThinkPHP3.1\ThinkPHP\Lib\Core\App.class.php 第 56 行.
NOTIC: [2] stripslashes() expects exactly 1 parameter, 2 given D:\wamp\www\ThinkPHP3.1\ThinkPHP\Lib\Core\App.class.php 第 56 行.
NOTIC: [2] stripslashes() expects exactly 1 parameter, 2 given D:\wamp\www\ThinkPHP3.1\ThinkPHP\Lib\Core\App.class.php 第 56 行.
NOTIC: [2] stripslashes() expects exactly 1 parameter, 2 given D:\wamp\www\ThinkPHP3.1\ThinkPHP\Lib\Core\App.class.php 第 56 行.
NOTIC: [2] stripslashes() expects exactly 1 parameter, 2 given D:\wamp\www\ThinkPHP3.1\ThinkPHP\Lib\Core\App.class.php 第 57 行.
NOTIC: [2] stripslashes() expects exactly 1 parameter, 2 given D:\wamp\www\ThinkPHP3.1\ThinkPHP\Lib\Core\App.class.php 第 57 行.
NOTIC: [2] stripslashes() expects exactly 1 parameter, 2 given D:\wamp\www\ThinkPHP3.1\ThinkPHP\Lib\Core\App.class.php 第 57 行.
INFO: [ app_begin ] --START--
INFO: ReadHtmlCache Behavior ::run [ RunTime:0.001000s ]
INFO: [ app_begin ] --END-- [ RunTime:0.001000s ]
NOTIC: 建议使用I方法替代_post
NOTIC: 建议使用I方法替代_post
NOTIC: 建议使用I方法替代_post
NOTIC: [8] Undefined variable: passwd D:\wamp\www\ThinkPHP3.1\Lib\Action\LoginAction.class.php 第 35 行.
SQL: SHOW COLUMNS FROM `xm_users` [ RunTime:0.219013s ]
SQL: SHOW COLUMNS FROM `xm_orgs` [ RunTime:0.214012s ]
SQL: SELECT `uid` FROM `xm_users` WHERE ( email='123@qq.com' ) LIMIT 1   [ RunTime:0.067004s ]
SQL: SELECT `oid` FROM `xm_orgs` WHERE ( email='123@qq.com' ) LIMIT 1   [ RunTime:0.000000s ]
SQL: SELECT `orgname` FROM `xm_orgs` WHERE ( email='123@qq.com'AND passwd='21232f297a57a5a743894a0e4a801fc3' ) LIMIT 1   [ RunTime:0.000000s ]

[ 2015-05-27T08:17:39+08:00 ] 127.0.0.1 /OrgCenter/showIngJobDetail.html?jid=1
NOTIC: 建议使用I方法替代_get

[ 2015-05-27T08:17:46+08:00 ] 127.0.0.1 /
NOTIC: 建议使用I方法替代_get

[ 2015-05-27T08:28:07+08:00 ] 127.0.0.1 /
NOTIC: 建议使用I方法替代_get

[ 2015-05-27T08:28:14+08:00 ] 127.0.0.1 /JobsInfo/index.html?jid=56
NOTIC: 建议使用I方法替代_get
NOTIC: 建议使用I方法替代_get

[ 2015-05-27T08:28:18+08:00 ] 127.0.0.1 /ApplyJob/apply.html
NOTIC: [2] stripslashes() expects exactly 1 parameter, 2 given D:\wamp\www\ThinkPHP3.1\ThinkPHP\Lib\Core\App.class.php 第 57 行.
NOTIC: [2] stripslashes() expects exactly 1 parameter, 2 given D:\wamp\www\ThinkPHP3.1\ThinkPHP\Lib\Core\App.class.php 第 57 行.
NOTIC: [2] stripslashes() expects exactly 1 parameter, 2 given D:\wamp\www\ThinkPHP3.1\ThinkPHP\Lib\Core\App.class.php 第 57 行.
INFO: [ app_begin ] --START--
INFO: ReadHtmlCache Behavior ::run [ RunTime:0.001000s ]
INFO: [ app_begin ] --END-- [ RunTime:0.001000s ]

[ 2015-05-27T08:30:46+08:00 ] 127.0.0.1 /JobsInfo/index.html?jid=56
NOTIC: 建议使用I方法替代_get
NOTIC: 建议使用I方法替代_get

[ 2015-05-27T08:30:49+08:00 ] 127.0.0.1 /ApplyJob/apply.html
NOTIC: [2] stripslashes() expects exactly 1 parameter, 2 given D:\wamp\www\ThinkPHP3.1\ThinkPHP\Lib\Core\App.class.php 第 57 行.
NOTIC: [2] stripslashes() expects exactly 1 parameter, 2 given D:\wamp\www\ThinkPHP3.1\ThinkPHP\Lib\Core\App.class.php 第 57 行.
NOTIC: [2] stripslashes() expects exactly 1 parameter, 2 given D:\wamp\www\ThinkPHP3.1\ThinkPHP\Lib\Core\App.class.php 第 57 行.
INFO: [ app_begin ] --START--
INFO: ReadHtmlCache Behavior ::run [ RunTime:0.001000s ]
INFO: [ app_begin ] --END-- [ RunTime:0.001000s ]

[ 2015-05-27T08:31:12+08:00 ] 127.0.0.1 /JobsInfo/index.html?jid=56
NOTIC: 建议使用I方法替代_get
NOTIC: 建议使用I方法替代_get

[ 2015-05-27T08:31:14+08:00 ] 127.0.0.1 /ApplyJob/apply.html
NOTIC: [2] stripslashes() expects exactly 1 parameter, 2 given D:\wamp\www\ThinkPHP3.1\ThinkPHP\Lib\Core\App.class.php 第 57 行.
NOTIC: [2] stripslashes() expects exactly 1 parameter, 2 given D:\wamp\www\ThinkPHP3.1\ThinkPHP\Lib\Core\App.class.php 第 57 行.
NOTIC: [2] stripslashes() expects exactly 1 parameter, 2 given D:\wamp\www\ThinkPHP3.1\ThinkPHP\Lib\Core\App.class.php 第 57 行.
INFO: [ app_begin ] --START--
INFO: ReadHtmlCache Behavior ::run [ RunTime:0.001000s ]
INFO: [ app_begin ] --END-- [ RunTime:0.001000s ]

[ 2015-05-27T08:31:33+08:00 ] 127.0.0.1 /JobsInfo/index.html?jid=56
NOTIC: 建议使用I方法替代_get
NOTIC: 建议使用I方法替代_get

[ 2015-05-27T08:31:35+08:00 ] 127.0.0.1 /ApplyJob/apply.html
NOTIC: [2] stripslashes() expects exactly 1 parameter, 2 given D:\wamp\www\ThinkPHP3.1\ThinkPHP\Lib\Core\App.class.php 第 57 行.
NOTIC: [2] stripslashes() expects exactly 1 parameter, 2 given D:\wamp\www\ThinkPHP3.1\ThinkPHP\Lib\Core\App.class.php 第 57 行.
NOTIC: [2] stripslashes() expects exactly 1 parameter, 2 given D:\wamp\www\ThinkPHP3.1\ThinkPHP\Lib\Core\App.class.php 第 57 行.
INFO: [ app_begin ] --START--
INFO: ReadHtmlCache Behavior ::run [ RunTime:0.000000s ]
INFO: [ app_begin ] --END-- [ RunTime:0.000000s ]

[ 2015-05-27T08:33:01+08:00 ] 127.0.0.1 /Index/index.html
NOTIC: 建议使用I方法替代_get

[ 2015-05-27T08:33:19+08:00 ] 127.0.0.1 /Login/login.html
NOTIC: [2] stripslashes() expects exactly 1 parameter, 2 given D:\wamp\www\ThinkPHP3.1\ThinkPHP\Lib\Core\App.class.php 第 56 行.
NOTIC: [2] stripslashes() expects exactly 1 parameter, 2 given D:\wamp\www\ThinkPHP3.1\ThinkPHP\Lib\Core\App.class.php 第 56 行.
NOTIC: [2] stripslashes() expects exactly 1 parameter, 2 given D:\wamp\www\ThinkPHP3.1\ThinkPHP\Lib\Core\App.class.php 第 56 行.
NOTIC: [2] stripslashes() expects exactly 1 parameter, 2 given D:\wamp\www\ThinkPHP3.1\ThinkPHP\Lib\Core\App.class.php 第 56 行.
NOTIC: [2] stripslashes() expects exactly 1 parameter, 2 given D:\wamp\www\ThinkPHP3.1\ThinkPHP\Lib\Core\App.class.php 第 57 行.
NOTIC: [2] stripslashes() expects exactly 1 parameter, 2 given D:\wamp\www\ThinkPHP3.1\ThinkPHP\Lib\Core\App.class.php 第 57 行.
NOTIC: [2] stripslashes() expects exactly 1 parameter, 2 given D:\wamp\www\ThinkPHP3.1\ThinkPHP\Lib\Core\App.class.php 第 57 行.
INFO: [ app_begin ] --START--
INFO: ReadHtmlCache Behavior ::run [ RunTime:0.000000s ]
INFO: [ app_begin ] --END-- [ RunTime:0.000000s ]
NOTIC: 建议使用I方法替代_post
NOTIC: 建议使用I方法替代_post
NOTIC: 建议使用I方法替代_post
NOTIC: [8] Undefined variable: passwd D:\wamp\www\ThinkPHP3.1\Lib\Action\LoginAction.class.php 第 35 行.
SQL: SHOW COLUMNS FROM `xm_users` [ RunTime:0.007001s ]
SQL: SHOW COLUMNS FROM `xm_orgs` [ RunTime:0.007000s ]
SQL: SELECT `uid` FROM `xm_users` WHERE ( email='1451583383@qq.com' ) LIMIT 1   [ RunTime:0.001000s ]
SQL: SELECT `uid`,`username` FROM `xm_users` WHERE ( email='1451583383@qq.com' AND passwd='21232f297a57a5a743894a0e4a801fc3' ) LIMIT 1   [ RunTime:0.000000s ]

[ 2015-05-27T08:33:27+08:00 ] 127.0.0.1 /
NOTIC: 建议使用I方法替代_get

[ 2015-05-27T08:33:31+08:00 ] 127.0.0.1 /JobsInfo/index.html?jid=56
NOTIC: 建议使用I方法替代_get
NOTIC: 建议使用I方法替代_get

[ 2015-05-27T08:33:33+08:00 ] 127.0.0.1 /ApplyJob/apply.html
NOTIC: [2] stripslashes() expects exactly 1 parameter, 2 given D:\wamp\www\ThinkPHP3.1\ThinkPHP\Lib\Core\App.class.php 第 57 行.
NOTIC: [2] stripslashes() expects exactly 1 parameter, 2 given D:\wamp\www\ThinkPHP3.1\ThinkPHP\Lib\Core\App.class.php 第 57 行.
NOTIC: [2] stripslashes() expects exactly 1 parameter, 2 given D:\wamp\www\ThinkPHP3.1\ThinkPHP\Lib\Core\App.class.php 第 57 行.
INFO: [ app_begin ] --START--
INFO: ReadHtmlCache Behavior ::run [ RunTime:0.000000s ]
INFO: [ app_begin ] --END-- [ RunTime:0.000000s ]
SQL: SHOW COLUMNS FROM `xm_apply` [ RunTime:0.007000s ]
SQL: SELECT * FROM `xm_apply` WHERE ( app_uid=1 AND app_jid=56 ) LIMIT 1   [ RunTime:0.000000s ]
SQL: SHOW COLUMNS FROM `xm_users` [ RunTime:0.006000s ]
SQL: SHOW COLUMNS FROM `xm_jobs` [ RunTime:0.007000s ]
SQL: SELECT `pay_way` FROM `xm_jobs` WHERE ( jid=56 ) LIMIT 1   [ RunTime:0.001000s ]
SQL: SELECT `pay_aliay_id` FROM `xm_users` WHERE ( uid=1 ) LIMIT 1   [ RunTime:0.000000s ]
ERR: 1054:Unknown column 'pay_aliay_id' in 'field list'
 [ SQL语句 ] : SELECT `pay_aliay_id` FROM `xm_users` WHERE ( uid=1 ) LIMIT 1  

[ 2015-05-27T08:36:25+08:00 ] 127.0.0.1 /JobsInfo/index.html?jid=56
NOTIC: 建议使用I方法替代_get
NOTIC: 建议使用I方法替代_get

[ 2015-05-27T08:36:27+08:00 ] 127.0.0.1 /ApplyJob/apply.html
NOTIC: [2] stripslashes() expects exactly 1 parameter, 2 given D:\wamp\www\ThinkPHP3.1\ThinkPHP\Lib\Core\App.class.php 第 57 行.
NOTIC: [2] stripslashes() expects exactly 1 parameter, 2 given D:\wamp\www\ThinkPHP3.1\ThinkPHP\Lib\Core\App.class.php 第 57 行.
NOTIC: [2] stripslashes() expects exactly 1 parameter, 2 given D:\wamp\www\ThinkPHP3.1\ThinkPHP\Lib\Core\App.class.php 第 57 行.
INFO: [ app_begin ] --START--
INFO: ReadHtmlCache Behavior ::run [ RunTime:0.002000s ]
INFO: [ app_begin ] --END-- [ RunTime:0.002000s ]
SQL: SHOW COLUMNS FROM `xm_apply` [ RunTime:0.009000s ]
SQL: SELECT * FROM `xm_apply` WHERE ( app_uid=1 AND app_jid=56 ) LIMIT 1   [ RunTime:0.001000s ]
SQL: SHOW COLUMNS FROM `xm_users` [ RunTime:0.008001s ]
SQL: SHOW COLUMNS FROM `xm_jobs` [ RunTime:0.008000s ]
SQL: SELECT `pay_way` FROM `xm_jobs` WHERE ( jid=56 ) LIMIT 1   [ RunTime:0.000000s ]
SQL: SELECT `pay_aliay_id` FROM `xm_users` WHERE ( uid=1 ) LIMIT 1   [ RunTime:0.000000s ]
ERR: 1054:Unknown column 'pay_aliay_id' in 'field list'
 [ SQL语句 ] : SELECT `pay_aliay_id` FROM `xm_users` WHERE ( uid=1 ) LIMIT 1  

[ 2015-05-27T08:38:22+08:00 ] 127.0.0.1 /JobsInfo/index.html?jid=56
NOTIC: 建议使用I方法替代_get
NOTIC: 建议使用I方法替代_get

[ 2015-05-27T08:38:24+08:00 ] 127.0.0.1 /ApplyJob/apply.html
NOTIC: [2] stripslashes() expects exactly 1 parameter, 2 given D:\wamp\www\ThinkPHP3.1\ThinkPHP\Lib\Core\App.class.php 第 57 行.
NOTIC: [2] stripslashes() expects exactly 1 parameter, 2 given D:\wamp\www\ThinkPHP3.1\ThinkPHP\Lib\Core\App.class.php 第 57 行.
NOTIC: [2] stripslashes() expects exactly 1 parameter, 2 given D:\wamp\www\ThinkPHP3.1\ThinkPHP\Lib\Core\App.class.php 第 57 行.
INFO: [ app_begin ] --START--
INFO: ReadHtmlCache Behavior ::run [ RunTime:0.000000s ]
INFO: [ app_begin ] --END-- [ RunTime:0.000000s ]
SQL: SHOW COLUMNS FROM `xm_apply` [ RunTime:0.008000s ]
SQL: SELECT * FROM `xm_apply` WHERE ( app_uid=1 AND app_jid=56 ) LIMIT 1   [ RunTime:0.000000s ]
SQL: SHOW COLUMNS FROM `xm_users` [ RunTime:0.009001s ]
SQL: SHOW COLUMNS FROM `xm_jobs` [ RunTime:0.008000s ]
SQL: SELECT `pay_way` FROM `xm_jobs` WHERE ( jid=56 ) LIMIT 1   [ RunTime:0.000000s ]
SQL: SELECT `pay_aliay_id` FROM `xm_users` WHERE ( uid=1 ) LIMIT 1   [ RunTime:0.000000s ]
ERR: 1054:Unknown column 'pay_aliay_id' in 'field list'
 [ SQL语句 ] : SELECT `pay_aliay_id` FROM `xm_users` WHERE ( uid=1 ) LIMIT 1  

[ 2015-05-27T08:38:37+08:00 ] 127.0.0.1 /JobsInfo/index.html?jid=56
NOTIC: 建议使用I方法替代_get
NOTIC: 建议使用I方法替代_get

[ 2015-05-27T08:38:38+08:00 ] 127.0.0.1 /ApplyJob/apply.html
NOTIC: [2] stripslashes() expects exactly 1 parameter, 2 given D:\wamp\www\ThinkPHP3.1\ThinkPHP\Lib\Core\App.class.php 第 57 行.
NOTIC: [2] stripslashes() expects exactly 1 parameter, 2 given D:\wamp\www\ThinkPHP3.1\ThinkPHP\Lib\Core\App.class.php 第 57 行.
NOTIC: [2] stripslashes() expects exactly 1 parameter, 2 given D:\wamp\www\ThinkPHP3.1\ThinkPHP\Lib\Core\App.class.php 第 57 行.
INFO: [ app_begin ] --START--
INFO: ReadHtmlCache Behavior ::run [ RunTime:0.001000s ]
INFO: [ app_begin ] --END-- [ RunTime:0.001000s ]
SQL: SHOW COLUMNS FROM `xm_apply` [ RunTime:0.008001s ]
SQL: SELECT * FROM `xm_apply` WHERE ( app_uid=1 AND app_jid=56 ) LIMIT 1   [ RunTime:0.001000s ]
SQL: SHOW COLUMNS FROM `xm_users` [ RunTime:0.007000s ]
SQL: SHOW COLUMNS FROM `xm_jobs` [ RunTime:0.008001s ]
SQL: SELECT `pay_way` FROM `xm_jobs` WHERE ( jid=56 ) LIMIT 1   [ RunTime:0.001000s ]
SQL: SELECT `pay_aliay_id` FROM `xm_users` WHERE ( uid=1 ) LIMIT 1   [ RunTime:0.000000s ]
ERR: 1054:Unknown column 'pay_aliay_id' in 'field list'
 [ SQL语句 ] : SELECT `pay_aliay_id` FROM `xm_users` WHERE ( uid=1 ) LIMIT 1  

[ 2015-05-27T08:38:47+08:00 ] 127.0.0.1 /ApplyJob/apply.html
NOTIC: [2] stripslashes() expects exactly 1 parameter, 2 given D:\wamp\www\ThinkPHP3.1\ThinkPHP\Lib\Core\App.class.php 第 57 行.
NOTIC: [2] stripslashes() expects exactly 1 parameter, 2 given D:\wamp\www\ThinkPHP3.1\ThinkPHP\Lib\Core\App.class.php 第 57 行.
NOTIC: [2] stripslashes() expects exactly 1 parameter, 2 given D:\wamp\www\ThinkPHP3.1\ThinkPHP\Lib\Core\App.class.php 第 57 行.
INFO: [ app_begin ] --START--
INFO: ReadHtmlCache Behavior ::run [ RunTime:0.000000s ]
INFO: [ app_begin ] --END-- [ RunTime:0.000000s ]
SQL: SHOW COLUMNS FROM `xm_apply` [ RunTime:0.009001s ]
SQL: SELECT * FROM `xm_apply` WHERE ( app_uid=1 AND app_jid=56 ) LIMIT 1   [ RunTime:0.001000s ]
SQL: SHOW COLUMNS FROM `xm_users` [ RunTime:0.008000s ]
SQL: SHOW COLUMNS FROM `xm_jobs` [ RunTime:0.008001s ]
SQL: SELECT `pay_way` FROM `xm_jobs` WHERE ( jid=56 ) LIMIT 1   [ RunTime:0.000000s ]
SQL: SELECT `pay_aliay_id` FROM `xm_users` WHERE ( uid=1 ) LIMIT 1   [ RunTime:0.001000s ]
ERR: 1054:Unknown column 'pay_aliay_id' in 'field list'
 [ SQL语句 ] : SELECT `pay_aliay_id` FROM `xm_users` WHERE ( uid=1 ) LIMIT 1  

[ 2015-05-27T08:38:55+08:00 ] 127.0.0.1 /UserCenter/payInfoHandler.html
NOTIC: [2] stripslashes() expects exactly 1 parameter, 2 given D:\wamp\www\ThinkPHP3.1\ThinkPHP\Lib\Core\App.class.php 第 56 行.
NOTIC: [2] stripslashes() expects exactly 1 parameter, 2 given D:\wamp\www\ThinkPHP3.1\ThinkPHP\Lib\Core\App.class.php 第 56 行.
NOTIC: [2] stripslashes() expects exactly 1 parameter, 2 given D:\wamp\www\ThinkPHP3.1\ThinkPHP\Lib\Core\App.class.php 第 57 行.
NOTIC: [2] stripslashes() expects exactly 1 parameter, 2 given D:\wamp\www\ThinkPHP3.1\ThinkPHP\Lib\Core\App.class.php 第 57 行.
NOTIC: [2] stripslashes() expects exactly 1 parameter, 2 given D:\wamp\www\ThinkPHP3.1\ThinkPHP\Lib\Core\App.class.php 第 57 行.
INFO: [ app_begin ] --START--
INFO: ReadHtmlCache Behavior ::run [ RunTime:0.000000s ]
INFO: [ app_begin ] --END-- [ RunTime:0.000000s ]
SQL: SHOW COLUMNS FROM `xm_users` [ RunTime:0.010001s ]
NOTIC: 建议使用I方法替代_post
NOTIC: 建议使用I方法替代_post
SQL: UPDATE `xm_users` SET `pay_alipay_id`='11111111' WHERE ( uid=1 ) [ RunTime:0.120007s ]

[ 2015-05-27T08:38:58+08:00 ] 127.0.0.1 /ApplyJob/apply.html
NOTIC: [2] stripslashes() expects exactly 1 parameter, 2 given D:\wamp\www\ThinkPHP3.1\ThinkPHP\Lib\Core\App.class.php 第 57 行.
NOTIC: [2] stripslashes() expects exactly 1 parameter, 2 given D:\wamp\www\ThinkPHP3.1\ThinkPHP\Lib\Core\App.class.php 第 57 行.
NOTIC: [2] stripslashes() expects exactly 1 parameter, 2 given D:\wamp\www\ThinkPHP3.1\ThinkPHP\Lib\Core\App.class.php 第 57 行.
INFO: [ app_begin ] --START--
INFO: ReadHtmlCache Behavior ::run [ RunTime:0.000000s ]
INFO: [ app_begin ] --END-- [ RunTime:0.000000s ]
SQL: SHOW COLUMNS FROM `xm_apply` [ RunTime:0.009001s ]
SQL: SELECT * FROM `xm_apply` WHERE ( app_uid=1 AND app_jid=56 ) LIMIT 1   [ RunTime:0.000000s ]
SQL: SHOW COLUMNS FROM `xm_users` [ RunTime:0.007000s ]
SQL: SHOW COLUMNS FROM `xm_jobs` [ RunTime:0.009001s ]
SQL: SELECT `pay_way` FROM `xm_jobs` WHERE ( jid=56 ) LIMIT 1   [ RunTime:0.000000s ]
SQL: SELECT `pay_aliay_id` FROM `xm_users` WHERE ( uid=1 ) LIMIT 1   [ RunTime:0.000000s ]
ERR: 1054:Unknown column 'pay_aliay_id' in 'field list'
 [ SQL语句 ] : SELECT `pay_aliay_id` FROM `xm_users` WHERE ( uid=1 ) LIMIT 1  

[ 2015-05-27T08:39:13+08:00 ] 127.0.0.1 /UserCenter/payInfoHandler.html
NOTIC: [2] stripslashes() expects exactly 1 parameter, 2 given D:\wamp\www\ThinkPHP3.1\ThinkPHP\Lib\Core\App.class.php 第 56 行.
NOTIC: [2] stripslashes() expects exactly 1 parameter, 2 given D:\wamp\www\ThinkPHP3.1\ThinkPHP\Lib\Core\App.class.php 第 56 行.
NOTIC: [2] stripslashes() expects exactly 1 parameter, 2 given D:\wamp\www\ThinkPHP3.1\ThinkPHP\Lib\Core\App.class.php 第 57 行.
NOTIC: [2] stripslashes() expects exactly 1 parameter, 2 given D:\wamp\www\ThinkPHP3.1\ThinkPHP\Lib\Core\App.class.php 第 57 行.
NOTIC: [2] stripslashes() expects exactly 1 parameter, 2 given D:\wamp\www\ThinkPHP3.1\ThinkPHP\Lib\Core\App.class.php 第 57 行.
INFO: [ app_begin ] --START--
INFO: ReadHtmlCache Behavior ::run [ RunTime:0.001001s ]
INFO: [ app_begin ] --END-- [ RunTime:0.001001s ]
SQL: SHOW COLUMNS FROM `xm_users` [ RunTime:0.008001s ]
NOTIC: 建议使用I方法替代_post
NOTIC: 建议使用I方法替代_post
SQL: UPDATE `xm_users` SET `pay_alipay_id`='111111111111111' WHERE ( uid=1 ) [ RunTime:0.074004s ]

[ 2015-05-27T08:39:36+08:00 ] 127.0.0.1 /ApplyJob/apply.html
NOTIC: [2] stripslashes() expects exactly 1 parameter, 2 given D:\wamp\www\ThinkPHP3.1\ThinkPHP\Lib\Core\App.class.php 第 57 行.
NOTIC: [2] stripslashes() expects exactly 1 parameter, 2 given D:\wamp\www\ThinkPHP3.1\ThinkPHP\Lib\Core\App.class.php 第 57 行.
NOTIC: [2] stripslashes() expects exactly 1 parameter, 2 given D:\wamp\www\ThinkPHP3.1\ThinkPHP\Lib\Core\App.class.php 第 57 行.
INFO: [ app_begin ] --START--
INFO: ReadHtmlCache Behavior ::run [ RunTime:0.000000s ]
INFO: [ app_begin ] --END-- [ RunTime:0.000000s ]
SQL: SHOW COLUMNS FROM `xm_apply` [ RunTime:0.008000s ]
SQL: SELECT * FROM `xm_apply` WHERE ( app_uid=1 AND app_jid=56 ) LIMIT 1   [ RunTime:0.000000s ]
SQL: SHOW COLUMNS FROM `xm_users` [ RunTime:0.008001s ]
SQL: SHOW COLUMNS FROM `xm_jobs` [ RunTime:0.007000s ]
SQL: SELECT `pay_way` FROM `xm_jobs` WHERE ( jid=56 ) LIMIT 1   [ RunTime:0.001000s ]
SQL: SELECT `pay_aliay_id` FROM `xm_users` WHERE ( uid=1 ) LIMIT 1   [ RunTime:0.000000s ]
ERR: 1054:Unknown column 'pay_aliay_id' in 'field list'
 [ SQL语句 ] : SELECT `pay_aliay_id` FROM `xm_users` WHERE ( uid=1 ) LIMIT 1  

[ 2015-05-27T08:43:39+08:00 ] 127.0.0.1 /ApplyJob/apply.html
NOTIC: [2] stripslashes() expects exactly 1 parameter, 2 given D:\wamp\www\ThinkPHP3.1\ThinkPHP\Lib\Core\App.class.php 第 57 行.
NOTIC: [2] stripslashes() expects exactly 1 parameter, 2 given D:\wamp\www\ThinkPHP3.1\ThinkPHP\Lib\Core\App.class.php 第 57 行.
NOTIC: [2] stripslashes() expects exactly 1 parameter, 2 given D:\wamp\www\ThinkPHP3.1\ThinkPHP\Lib\Core\App.class.php 第 57 行.
INFO: [ app_begin ] --START--
INFO: ReadHtmlCache Behavior ::run [ RunTime:0.001000s ]
INFO: [ app_begin ] --END-- [ RunTime:0.001000s ]
SQL: SHOW COLUMNS FROM `xm_apply` [ RunTime:0.008000s ]
SQL: SELECT * FROM `xm_apply` WHERE ( app_uid=1 AND app_jid=56 ) LIMIT 1   [ RunTime:0.000000s ]
SQL: SHOW COLUMNS FROM `xm_users` [ RunTime:0.006001s ]
SQL: SHOW COLUMNS FROM `xm_jobs` [ RunTime:0.008000s ]
SQL: SELECT `pay_way` FROM `xm_jobs` WHERE ( jid=56 ) LIMIT 1   [ RunTime:0.000000s ]
SQL: SELECT `pay_aliay_id` FROM `xm_users` WHERE ( uid=1 ) LIMIT 1   [ RunTime:0.001000s ]
ERR: 1054:Unknown column 'pay_aliay_id' in 'field list'
 [ SQL语句 ] : SELECT `pay_aliay_id` FROM `xm_users` WHERE ( uid=1 ) LIMIT 1  

[ 2015-05-27T08:44:57+08:00 ] 127.0.0.1 /ApplyJob/apply.html
NOTIC: [2] stripslashes() expects exactly 1 parameter, 2 given D:\wamp\www\ThinkPHP3.1\ThinkPHP\Lib\Core\App.class.php 第 57 行.
NOTIC: [2] stripslashes() expects exactly 1 parameter, 2 given D:\wamp\www\ThinkPHP3.1\ThinkPHP\Lib\Core\App.class.php 第 57 行.
NOTIC: [2] stripslashes() expects exactly 1 parameter, 2 given D:\wamp\www\ThinkPHP3.1\ThinkPHP\Lib\Core\App.class.php 第 57 行.
INFO: [ app_begin ] --START--
INFO: ReadHtmlCache Behavior ::run [ RunTime:0.001000s ]
INFO: [ app_begin ] --END-- [ RunTime:0.001000s ]
SQL: SHOW COLUMNS FROM `xm_apply` [ RunTime:0.008001s ]
SQL: SELECT * FROM `xm_apply` WHERE ( app_uid=1 AND app_jid=56 ) LIMIT 1   [ RunTime:0.001000s ]
SQL: SHOW COLUMNS FROM `xm_users` [ RunTime:0.007000s ]
SQL: SHOW COLUMNS FROM `xm_jobs` [ RunTime:0.007000s ]
SQL: SELECT `pay_way` FROM `xm_jobs` WHERE ( jid=56 ) LIMIT 1   [ RunTime:0.001000s ]
SQL: SELECT `pay_alipay_id` FROM `xm_users` WHERE ( uid=1 ) LIMIT 1   [ RunTime:0.000000s ]
SQL: SHOW COLUMNS FROM `xm_jobs` [ RunTime:0.007000s ]
SQL: SELECT `pub_oid` FROM `xm_jobs` WHERE ( jid=56 ) LIMIT 1   [ RunTime:0.000000s ]
SQL: INSERT INTO `xm_apply` (`app_uid`,`app_jid`,`app_oid`,`ctime`) VALUES (1,56,1,1432687497) [ RunTime:0.169010s ]

[ 2015-05-27T08:46:00+08:00 ] 127.0.0.1 /ApplyJob/apply.html
NOTIC: [2] stripslashes() expects exactly 1 parameter, 2 given D:\wamp\www\ThinkPHP3.1\ThinkPHP\Lib\Core\App.class.php 第 57 行.
NOTIC: [2] stripslashes() expects exactly 1 parameter, 2 given D:\wamp\www\ThinkPHP3.1\ThinkPHP\Lib\Core\App.class.php 第 57 行.
NOTIC: [2] stripslashes() expects exactly 1 parameter, 2 given D:\wamp\www\ThinkPHP3.1\ThinkPHP\Lib\Core\App.class.php 第 57 行.
INFO: [ app_begin ] --START--
INFO: ReadHtmlCache Behavior ::run [ RunTime:0.000000s ]
INFO: [ app_begin ] --END-- [ RunTime:0.000000s ]
SQL: SHOW COLUMNS FROM `xm_apply` [ RunTime:0.008001s ]
SQL: SELECT * FROM `xm_apply` WHERE ( app_uid=1 AND app_jid=56 ) LIMIT 1   [ RunTime:0.000000s ]

