[ 2015-05-22T08:29:44+08:00 ] 127.0.0.1 /
NOTIC: 建议使用I方法替代_get

[ 2015-05-22T08:30:49+08:00 ] 127.0.0.1 /Login/login.html
NOTIC: [2] stripslashes() expects exactly 1 parameter, 2 given D:\wamp\www\ThinkPHP3.1\ThinkPHP\Lib\Core\App.class.php 第 56 行.
NOTIC: [2] stripslashes() expects exactly 1 parameter, 2 given D:\wamp\www\ThinkPHP3.1\ThinkPHP\Lib\Core\App.class.php 第 56 行.
NOTIC: [2] stripslashes() expects exactly 1 parameter, 2 given D:\wamp\www\ThinkPHP3.1\ThinkPHP\Lib\Core\App.class.php 第 56 行.
NOTIC: [2] stripslashes() expects exactly 1 parameter, 2 given D:\wamp\www\ThinkPHP3.1\ThinkPHP\Lib\Core\App.class.php 第 56 行.
NOTIC: [2] stripslashes() expects exactly 1 parameter, 2 given D:\wamp\www\ThinkPHP3.1\ThinkPHP\Lib\Core\App.class.php 第 57 行.
NOTIC: [2] stripslashes() expects exactly 1 parameter, 2 given D:\wamp\www\ThinkPHP3.1\ThinkPHP\Lib\Core\App.class.php 第 57 行.
INFO: [ app_begin ] --START--
INFO: ReadHtmlCache Behavior ::run [ RunTime:0.000000s ]
INFO: [ app_begin ] --END-- [ RunTime:0.000000s ]
NOTIC: 建议使用I方法替代_post
NOTIC: 建议使用I方法替代_post
NOTIC: 建议使用I方法替代_post
NOTIC: [8] Undefined variable: passwd D:\wamp\www\ThinkPHP3.1\Lib\Action\LoginAction.class.php 第 35 行.
NOTIC: [8192] mysql_connect(): The mysql extension is deprecated and will be removed in the future: use mysqli or PDO instead D:\wamp\www\ThinkPHP3.1\ThinkPHP\Lib\Driver\Db\DbMysql.class.php 第 55 行.
SQL: SHOW COLUMNS FROM `xm_users` [ RunTime:0.080000s ]
SQL: SHOW COLUMNS FROM `xm_orgs` [ RunTime:0.120000s ]
NOTIC: [8192] preg_replace(): The /e modifier is deprecated, use preg_replace_callback instead D:\wamp\www\ThinkPHP3.1\ThinkPHP\Lib\Core\Db.class.php 第 605 行.
SQL: SELECT `uid` FROM `xm_users` WHERE ( email='123@qq.com' ) LIMIT 1   [ RunTime:0.252001s ]
NOTIC: [8192] preg_replace(): The /e modifier is deprecated, use preg_replace_callback instead D:\wamp\www\ThinkPHP3.1\ThinkPHP\Lib\Core\Db.class.php 第 605 行.
SQL: SELECT `oid` FROM `xm_orgs` WHERE ( email='123@qq.com' ) LIMIT 1   [ RunTime:0.000000s ]
NOTIC: [8192] preg_replace(): The /e modifier is deprecated, use preg_replace_callback instead D:\wamp\www\ThinkPHP3.1\ThinkPHP\Lib\Core\Db.class.php 第 605 行.
SQL: SELECT `orgname` FROM `xm_orgs` WHERE ( email='123@qq.com'AND passwd='21232f297a57a5a743894a0e4a801fc3' ) LIMIT 1   [ RunTime:0.120001s ]

[ 2015-05-22T09:10:17+08:00 ] 127.0.0.1 /Index/index.html
NOTIC: 建议使用I方法替代_get

[ 2015-05-22T09:10:19+08:00 ] 127.0.0.1 /Register/Tpl/bootstrap/css/validationEngine.jquery.css
ERR: 非法操作:Tpl

[ 2015-05-22T09:10:19+08:00 ] 127.0.0.1 /Register/Tpl/bootstrap/js/jquery.validationEngine.js
ERR: 非法操作:Tpl

[ 2015-05-22T09:10:19+08:00 ] 127.0.0.1 /Register/Tpl/bootstrap/js/jquery.validationEngine-zh_CN.js
ERR: 非法操作:Tpl

[ 2015-05-22T09:10:29+08:00 ] 127.0.0.1 /Register/sendEmailHandler.html
NOTIC: [2] stripslashes() expects exactly 1 parameter, 2 given D:\wamp\www\ThinkPHP3.1\ThinkPHP\Lib\Core\App.class.php 第 56 行.
NOTIC: [2] stripslashes() expects exactly 1 parameter, 2 given D:\wamp\www\ThinkPHP3.1\ThinkPHP\Lib\Core\App.class.php 第 57 行.
NOTIC: [2] stripslashes() expects exactly 1 parameter, 2 given D:\wamp\www\ThinkPHP3.1\ThinkPHP\Lib\Core\App.class.php 第 57 行.
INFO: [ app_begin ] --START--
INFO: ReadHtmlCache Behavior ::run [ RunTime:0.000000s ]
INFO: [ app_begin ] --END-- [ RunTime:0.001000s ]
NOTIC: 建议使用I方法替代_post
NOTIC: 建议使用I方法替代_post
NOTIC: [8192] mysql_connect(): The mysql extension is deprecated and will be removed in the future: use mysqli or PDO instead D:\wamp\www\ThinkPHP3.1\ThinkPHP\Lib\Driver\Db\DbMysql.class.php 第 55 行.
SQL: SHOW COLUMNS FROM `xm_users` [ RunTime:0.005000s ]
NOTIC: [8192] preg_replace(): The /e modifier is deprecated, use preg_replace_callback instead D:\wamp\www\ThinkPHP3.1\ThinkPHP\Lib\Core\Db.class.php 第 605 行.
SQL: SELECT `email` FROM `xm_users` WHERE ( email='1451583383@qq.com' ) LIMIT 1   [ RunTime:0.001000s ]
SQL: SHOW COLUMNS FROM `xm_orgs` [ RunTime:0.029002s ]
NOTIC: [8192] preg_replace(): The /e modifier is deprecated, use preg_replace_callback instead D:\wamp\www\ThinkPHP3.1\ThinkPHP\Lib\Core\Db.class.php 第 605 行.
SQL: SELECT `email` FROM `xm_orgs` WHERE ( email='1451583383@qq.com' ) LIMIT 1   [ RunTime:0.000000s ]
SQL: SHOW COLUMNS FROM `xm_mailreg_url` [ RunTime:0.054003s ]
SQL: INSERT INTO `xm_mailreg_url` (`email`,`vld_code_value`,`ctime`) VALUES ('1451583383@qq.com','2v08lgan',1432257028) [ RunTime:0.182010s ]
NOTIC: [8] Undefined variable: verify D:\wamp\www\ThinkPHP3.1\Lib\Action\RegisterAction.class.php 第 110 行.

[ 2015-05-22T09:13:10+08:00 ] 127.0.0.1 /Register/Tpl/bootstrap/css/validationEngine.jquery.css
ERR: 非法操作:Tpl

[ 2015-05-22T09:13:10+08:00 ] 127.0.0.1 /Register/Tpl/bootstrap/js/jquery.validationEngine.js
ERR: 非法操作:Tpl

[ 2015-05-22T09:13:10+08:00 ] 127.0.0.1 /Register/Tpl/bootstrap/js/jquery.validationEngine-zh_CN.js
ERR: 非法操作:Tpl

[ 2015-05-22T09:13:14+08:00 ] 127.0.0.1 /Register/sendEmailHandler.html
NOTIC: [2] stripslashes() expects exactly 1 parameter, 2 given D:\wamp\www\ThinkPHP3.1\ThinkPHP\Lib\Core\App.class.php 第 56 行.
NOTIC: [2] stripslashes() expects exactly 1 parameter, 2 given D:\wamp\www\ThinkPHP3.1\ThinkPHP\Lib\Core\App.class.php 第 57 行.
NOTIC: [2] stripslashes() expects exactly 1 parameter, 2 given D:\wamp\www\ThinkPHP3.1\ThinkPHP\Lib\Core\App.class.php 第 57 行.
INFO: [ app_begin ] --START--
INFO: ReadHtmlCache Behavior ::run [ RunTime:0.001000s ]
INFO: [ app_begin ] --END-- [ RunTime:0.001000s ]
NOTIC: 建议使用I方法替代_post
NOTIC: 建议使用I方法替代_post
NOTIC: [8192] mysql_connect(): The mysql extension is deprecated and will be removed in the future: use mysqli or PDO instead D:\wamp\www\ThinkPHP3.1\ThinkPHP\Lib\Driver\Db\DbMysql.class.php 第 55 行.
SQL: SHOW COLUMNS FROM `xm_users` [ RunTime:0.026002s ]
NOTIC: [8192] preg_replace(): The /e modifier is deprecated, use preg_replace_callback instead D:\wamp\www\ThinkPHP3.1\ThinkPHP\Lib\Core\Db.class.php 第 605 行.
SQL: SELECT `email` FROM `xm_users` WHERE ( email='1451583383@qq.com' ) LIMIT 1   [ RunTime:0.000000s ]
SQL: SHOW COLUMNS FROM `xm_orgs` [ RunTime:0.004000s ]
NOTIC: [8192] preg_replace(): The /e modifier is deprecated, use preg_replace_callback instead D:\wamp\www\ThinkPHP3.1\ThinkPHP\Lib\Core\Db.class.php 第 605 行.
SQL: SELECT `email` FROM `xm_orgs` WHERE ( email='1451583383@qq.com' ) LIMIT 1   [ RunTime:0.000000s ]
SQL: SHOW COLUMNS FROM `xm_mailreg_url` [ RunTime:0.004000s ]
SQL: INSERT INTO `xm_mailreg_url` (`email`,`vld_code_value`,`ctime`) VALUES ('1451583383@qq.com','IsH7KzQo',1432257194) [ RunTime:0.080005s ]

[ 2015-05-22T09:16:30+08:00 ] 127.0.0.1 /Register/sendEmailHandler.html
NOTIC: [2] stripslashes() expects exactly 1 parameter, 2 given D:\wamp\www\ThinkPHP3.1\ThinkPHP\Lib\Core\App.class.php 第 56 行.
NOTIC: [2] stripslashes() expects exactly 1 parameter, 2 given D:\wamp\www\ThinkPHP3.1\ThinkPHP\Lib\Core\App.class.php 第 57 行.
NOTIC: [2] stripslashes() expects exactly 1 parameter, 2 given D:\wamp\www\ThinkPHP3.1\ThinkPHP\Lib\Core\App.class.php 第 57 行.
INFO: [ app_begin ] --START--
INFO: ReadHtmlCache Behavior ::run [ RunTime:0.002000s ]
INFO: [ app_begin ] --END-- [ RunTime:0.002000s ]
NOTIC: 建议使用I方法替代_post
NOTIC: 建议使用I方法替代_post
NOTIC: [8192] mysql_connect(): The mysql extension is deprecated and will be removed in the future: use mysqli or PDO instead D:\wamp\www\ThinkPHP3.1\ThinkPHP\Lib\Driver\Db\DbMysql.class.php 第 55 行.
SQL: SHOW COLUMNS FROM `xm_users` [ RunTime:0.005000s ]
NOTIC: [8192] preg_replace(): The /e modifier is deprecated, use preg_replace_callback instead D:\wamp\www\ThinkPHP3.1\ThinkPHP\Lib\Core\Db.class.php 第 605 行.
SQL: SELECT `email` FROM `xm_users` WHERE ( email='1451583383@qq.com' ) LIMIT 1   [ RunTime:0.000000s ]
SQL: SHOW COLUMNS FROM `xm_orgs` [ RunTime:0.004000s ]
NOTIC: [8192] preg_replace(): The /e modifier is deprecated, use preg_replace_callback instead D:\wamp\www\ThinkPHP3.1\ThinkPHP\Lib\Core\Db.class.php 第 605 行.
SQL: SELECT `email` FROM `xm_orgs` WHERE ( email='1451583383@qq.com' ) LIMIT 1   [ RunTime:0.000000s ]
SQL: SHOW COLUMNS FROM `xm_mailreg_url` [ RunTime:0.004001s ]
SQL: INSERT INTO `xm_mailreg_url` (`email`,`vld_code_value`,`ctime`) VALUES ('1451583383@qq.com','ATUOQ8fO',1432257389) [ RunTime:0.038002s ]
NOTIC: [8] Undefined variable: verify D:\wamp\www\ThinkPHP3.1\Lib\Action\RegisterAction.class.php 第 110 行.

[ 2015-05-22T09:17:01+08:00 ] 127.0.0.1 /?m=Register&a=confirm&email=1451583383@qq.com&code=ATUOQ8fO
NOTIC: 建议使用I方法替代_get
NOTIC: 建议使用I方法替代_get

[ 2015-05-22T09:17:04+08:00 ] 127.0.0.1 /Register/Tpl/bootstrap/css/validationEngine.jquery.css
ERR: 非法操作:Tpl

