[ 2015-04-25T00:08:51+08:00 ] 127.0.0.1 /SortSearch/search.html?q=q&style=10
NOTIC: 建议使用I方法替代_get
NOTIC: 建议使用I方法替代_get

[ 2015-04-25T00:14:13+08:00 ] 127.0.0.1 /SortSearch/search.html?q=q&style=10
NOTIC: 建议使用I方法替代_get
NOTIC: 建议使用I方法替代_get

[ 2015-04-25T00:14:20+08:00 ] 127.0.0.1 /SortSearch/search.html?q=q&style=11
NOTIC: 建议使用I方法替代_get
NOTIC: 建议使用I方法替代_get

[ 2015-04-25T00:16:02+08:00 ] 127.0.0.1 /SortSearch/search.html?q=q&style=11
NOTIC: 建议使用I方法替代_get
NOTIC: 建议使用I方法替代_get

[ 2015-04-25T00:16:19+08:00 ] 127.0.0.1 /SortSearch/search.html?q=q&style=11
NOTIC: 建议使用I方法替代_get
NOTIC: 建议使用I方法替代_get

[ 2015-04-25T00:16:22+08:00 ] 127.0.0.1 /SortSearch/search.html?q=q&style=11
NOTIC: 建议使用I方法替代_get
NOTIC: 建议使用I方法替代_get

[ 2015-04-25T00:17:27+08:00 ] 127.0.0.1 /SortSearch/search.html?q=q&style=11
NOTIC: 建议使用I方法替代_get
NOTIC: 建议使用I方法替代_get

[ 2015-04-25T00:17:29+08:00 ] 127.0.0.1 /SortSearch/search.html?q=q&style=11&wage=50:100
NOTIC: 建议使用I方法替代_get
NOTIC: 建议使用I方法替代_get
NOTIC: 建议使用I方法替代_get

[ 2015-04-25T00:28:11+08:00 ] 127.0.0.1 /SortSearch/search.html?q=q&style=11&wage=50:max
NOTIC: 建议使用I方法替代_get
NOTIC: 建议使用I方法替代_get
NOTIC: 建议使用I方法替代_get

[ 2015-04-25T00:28:28+08:00 ] 127.0.0.1 /SortSearch/search.html?q=q&style=11&wage=min:100
NOTIC: 建议使用I方法替代_get
NOTIC: 建议使用I方法替代_get
NOTIC: 建议使用I方法替代_get

[ 2015-04-25T00:32:10+08:00 ] 127.0.0.1 /SortSearch/search.html?q=q&style=11&wage=min:100
NOTIC: 建议使用I方法替代_get
NOTIC: 建议使用I方法替代_get
NOTIC: 建议使用I方法替代_get

[ 2015-04-25T00:32:16+08:00 ] 127.0.0.1 /SortSearch/search.html?q=q&wage=min:100&style=11
NOTIC: 建议使用I方法替代_get
NOTIC: 建议使用I方法替代_get
NOTIC: 建议使用I方法替代_get

[ 2015-04-25T00:34:50+08:00 ] 127.0.0.1 /SortSearch/search.html?q=q&style=11&wage=50:100
NOTIC: 建议使用I方法替代_get
NOTIC: 建议使用I方法替代_get
NOTIC: 建议使用I方法替代_get

[ 2015-04-25T00:35:07+08:00 ] 127.0.0.1 /SortSearch/search.html?q=q&wage=50:100&style=5
NOTIC: 建议使用I方法替代_get
NOTIC: 建议使用I方法替代_get
NOTIC: 建议使用I方法替代_get

[ 2015-04-25T00:35:18+08:00 ] 127.0.0.1 /SortSearch/search.html?q=q&style=5&wage=200:max
NOTIC: 建议使用I方法替代_get
NOTIC: 建议使用I方法替代_get
NOTIC: 建议使用I方法替代_get

[ 2015-04-25T00:35:24+08:00 ] 127.0.0.1 /SortSearch/search.html?q=q&style=5&wage=200:max&isvld=2
NOTIC: 建议使用I方法替代_get
NOTIC: 建议使用I方法替代_get
NOTIC: 建议使用I方法替代_get
NOTIC: 建议使用I方法替代_get

[ 2015-04-25T00:36:25+08:00 ] 127.0.0.1 /SortSearch/search.html?q=q
NOTIC: 建议使用I方法替代_get

[ 2015-04-25T00:36:27+08:00 ] 127.0.0.1 /SortSearch/search.html?q=q&style=1
NOTIC: 建议使用I方法替代_get
NOTIC: 建议使用I方法替代_get

[ 2015-04-25T00:36:28+08:00 ] 127.0.0.1 /SortSearch/search.html?q=q&style=5
NOTIC: 建议使用I方法替代_get
NOTIC: 建议使用I方法替代_get

[ 2015-04-25T00:36:33+08:00 ] 127.0.0.1 /SortSearch/search.html?q=q&style=5&wage=100:200
NOTIC: 建议使用I方法替代_get
NOTIC: 建议使用I方法替代_get
NOTIC: 建议使用I方法替代_get

[ 2015-04-25T00:36:37+08:00 ] 127.0.0.1 /SortSearch/search.html?q=q&style=5&wage=200:max
NOTIC: 建议使用I方法替代_get
NOTIC: 建议使用I方法替代_get
NOTIC: 建议使用I方法替代_get

[ 2015-04-25T00:37:29+08:00 ] 127.0.0.1 /SortSearch/search.html?q=q&style=5&wage=200:max
NOTIC: 建议使用I方法替代_get
NOTIC: 建议使用I方法替代_get
NOTIC: 建议使用I方法替代_get

[ 2015-04-25T00:37:39+08:00 ] 127.0.0.1 /SortSearch/search.html?q=q&style=5&wage=200:max&peonum=30:max
NOTIC: 建议使用I方法替代_get
NOTIC: 建议使用I方法替代_get
NOTIC: 建议使用I方法替代_get
NOTIC: 建议使用I方法替代_get

[ 2015-04-25T00:37:46+08:00 ] 127.0.0.1 /SortSearch/search.html?q=q&style=5&wage=200:max&peonum=30:max&wt=6:max
NOTIC: 建议使用I方法替代_get
NOTIC: 建议使用I方法替代_get
NOTIC: 建议使用I方法替代_get
NOTIC: 建议使用I方法替代_get
NOTIC: 建议使用I方法替代_get

[ 2015-04-25T00:38:04+08:00 ] 127.0.0.1 /SortSearch/search.html?q=q&style=5&wage=200:max&peonum=30:max&wt=6:max&time=15:18
NOTIC: 建议使用I方法替代_get
NOTIC: 建议使用I方法替代_get
NOTIC: 建议使用I方法替代_get
NOTIC: 建议使用I方法替代_get
NOTIC: 建议使用I方法替代_get
NOTIC: 建议使用I方法替代_get

[ 2015-04-25T00:39:29+08:00 ] 127.0.0.1 /SortSearch/search.html?q=q&style=5&wage=200:max&peonum=30:max&wt=6:max&time=15:18
NOTIC: 建议使用I方法替代_get
NOTIC: 建议使用I方法替代_get
NOTIC: 建议使用I方法替代_get
NOTIC: 建议使用I方法替代_get
NOTIC: 建议使用I方法替代_get
NOTIC: 建议使用I方法替代_get

[ 2015-04-25T00:57:23+08:00 ] 127.0.0.1 /SortSearch/search.html?q=q&style=5&wage=200:max&peonum=30:max&wt=6:max&time=15:18
NOTIC: 建议使用I方法替代_get
NOTIC: 建议使用I方法替代_get
NOTIC: 建议使用I方法替代_get
NOTIC: 建议使用I方法替代_get
NOTIC: 建议使用I方法替代_get
NOTIC: 建议使用I方法替代_get

[ 2015-04-25T00:58:23+08:00 ] 127.0.0.1 /SortSearch/search.html?q=q&style=5&wage=200:max&peonum=30:max&wt=6:max&time=15:18
NOTIC: 建议使用I方法替代_get
NOTIC: 建议使用I方法替代_get
NOTIC: 建议使用I方法替代_get
NOTIC: 建议使用I方法替代_get
NOTIC: 建议使用I方法替代_get
NOTIC: 建议使用I方法替代_get

[ 2015-04-25T00:58:40+08:00 ] 127.0.0.1 /SortSearch/search.html?q=q&style=5&wage=200:max&peonum=30:max&wt=6:max&time=15:18&isvld=1
NOTIC: 建议使用I方法替代_get
NOTIC: 建议使用I方法替代_get
NOTIC: 建议使用I方法替代_get
NOTIC: 建议使用I方法替代_get
NOTIC: 建议使用I方法替代_get
NOTIC: 建议使用I方法替代_get
NOTIC: 建议使用I方法替代_get

[ 2015-04-25T00:59:56+08:00 ] 127.0.0.1 /SortSearch/search.html?q=q&style=5&wage=200:max&peonum=30:max&wt=6:max&time=15:18&isvld=1
NOTIC: 建议使用I方法替代_get
NOTIC: 建议使用I方法替代_get
NOTIC: 建议使用I方法替代_get
NOTIC: 建议使用I方法替代_get
NOTIC: 建议使用I方法替代_get
NOTIC: 建议使用I方法替代_get
NOTIC: 建议使用I方法替代_get

[ 2015-04-25T01:00:08+08:00 ] 127.0.0.1 /SortSearch/search.html?q=q&style=5&wage=200:max&peonum=30:max&wt=6:max&time=15:18&isvld=0
NOTIC: 建议使用I方法替代_get
NOTIC: 建议使用I方法替代_get
NOTIC: 建议使用I方法替代_get
NOTIC: 建议使用I方法替代_get
NOTIC: 建议使用I方法替代_get
NOTIC: 建议使用I方法替代_get
NOTIC: 建议使用I方法替代_get

[ 2015-04-25T01:00:55+08:00 ] 127.0.0.1 /SortSearch/search.html?q=q
NOTIC: 建议使用I方法替代_get

[ 2015-04-25T01:01:03+08:00 ] 127.0.0.1 /SortSearch/search.html?q=q&isvld=1
NOTIC: 建议使用I方法替代_get
NOTIC: 建议使用I方法替代_get

[ 2015-04-25T01:01:07+08:00 ] 127.0.0.1 /SortSearch/search.html?q=q&isvld=1&style=11
NOTIC: 建议使用I方法替代_get
NOTIC: 建议使用I方法替代_get
NOTIC: 建议使用I方法替代_get

[ 2015-04-25T01:01:12+08:00 ] 127.0.0.1 /SortSearch/search.html?q=q&style=11&isvld=0
NOTIC: 建议使用I方法替代_get
NOTIC: 建议使用I方法替代_get
NOTIC: 建议使用I方法替代_get

[ 2015-04-25T01:01:20+08:00 ] 127.0.0.1 /SortSearch/search/q/q/style/11/isvld/0/p/2.html
NOTIC: 建议使用I方法替代_get
NOTIC: 建议使用I方法替代_get
NOTIC: 建议使用I方法替代_get
NOTIC: 建议使用I方法替代_get

[ 2015-04-25T01:01:51+08:00 ] 127.0.0.1 /SortSearch/search/q/q/style/11/isvld/0/p/2.html
NOTIC: 建议使用I方法替代_get
NOTIC: 建议使用I方法替代_get
NOTIC: 建议使用I方法替代_get
NOTIC: 建议使用I方法替代_get

[ 2015-04-25T01:04:58+08:00 ] 127.0.0.1 /SortSearch/search/q/q/style/11/isvld/0/p/2.html
NOTIC: 建议使用I方法替代_get
NOTIC: 建议使用I方法替代_get
NOTIC: 建议使用I方法替代_get
NOTIC: 建议使用I方法替代_get

[ 2015-04-25T01:05:01+08:00 ] 127.0.0.1 /SortSearch/search/q/q/style/11/isvld/0/p/2.html
NOTIC: 建议使用I方法替代_get
NOTIC: 建议使用I方法替代_get
NOTIC: 建议使用I方法替代_get
NOTIC: 建议使用I方法替代_get

[ 2015-04-25T01:05:15+08:00 ] 127.0.0.1 /SortSearch/search.html?q=q&isvld=1&style=11
NOTIC: 建议使用I方法替代_get
NOTIC: 建议使用I方法替代_get
NOTIC: 建议使用I方法替代_get

[ 2015-04-25T01:07:10+08:00 ] 127.0.0.1 /SortSearch/search.html?q=q&isvld=1&style=11
NOTIC: 建议使用I方法替代_get
NOTIC: 建议使用I方法替代_get
NOTIC: 建议使用I方法替代_get

[ 2015-04-25T01:07:22+08:00 ] 127.0.0.1 /SortSearch/search.html?q=q&isvld=1&style=11&peonum=2:5
NOTIC: 建议使用I方法替代_get
NOTIC: 建议使用I方法替代_get
NOTIC: 建议使用I方法替代_get
NOTIC: 建议使用I方法替代_get

[ 2015-04-25T01:07:28+08:00 ] 127.0.0.1 /SortSearch/search.html?q=q&isvld=1&style=11&peonum=5:10
NOTIC: 建议使用I方法替代_get
NOTIC: 建议使用I方法替代_get
NOTIC: 建议使用I方法替代_get
NOTIC: 建议使用I方法替代_get

[ 2015-04-25T13:17:24+08:00 ] 127.0.0.1 /
NOTIC: 建议使用I方法替代_get

[ 2015-04-25T13:17:28+08:00 ] 127.0.0.1 /SortSearch/search.html?q=q
NOTIC: 建议使用I方法替代_get

[ 2015-04-25T13:30:51+08:00 ] 127.0.0.1 /SortSearch/search.html?q=q
NOTIC: 建议使用I方法替代_get

[ 2015-04-25T13:35:25+08:00 ] 127.0.0.1 /SortSearch/search.html?q=q
NOTIC: 建议使用I方法替代_get

[ 2015-04-25T13:38:55+08:00 ] 127.0.0.1 /SortSearch/search.html?q=q
NOTIC: 建议使用I方法替代_get

[ 2015-04-25T13:39:13+08:00 ] 127.0.0.1 /SortSearch/search.html?q=q
NOTIC: 建议使用I方法替代_get

[ 2015-04-25T13:40:10+08:00 ] 127.0.0.1 /SortSearch/search.html?q=q
NOTIC: 建议使用I方法替代_get

[ 2015-04-25T13:41:01+08:00 ] 127.0.0.1 /SortSearch/search.html?q=q
NOTIC: 建议使用I方法替代_get

[ 2015-04-25T13:41:09+08:00 ] 127.0.0.1 /SortSearch/search.html?q=q
NOTIC: 建议使用I方法替代_get

[ 2015-04-25T13:41:19+08:00 ] 127.0.0.1 /SortSearch/search.html?q=q
NOTIC: 建议使用I方法替代_get

[ 2015-04-25T13:41:42+08:00 ] 127.0.0.1 /SortSearch/search.html?q=q
NOTIC: 建议使用I方法替代_get

[ 2015-04-25T13:41:46+08:00 ] 127.0.0.1 /SortSearch/search.html?q=q
NOTIC: 建议使用I方法替代_get

[ 2015-04-25T13:41:51+08:00 ] 127.0.0.1 /SortSearch/search.html?q=q
NOTIC: 建议使用I方法替代_get

[ 2015-04-25T13:42:31+08:00 ] 127.0.0.1 /SortSearch/search.html?q=q
NOTIC: 建议使用I方法替代_get

[ 2015-04-25T13:45:10+08:00 ] 127.0.0.1 /SortSearch/search.html?q=q
NOTIC: 建议使用I方法替代_get

[ 2015-04-25T13:45:51+08:00 ] 127.0.0.1 /SortSearch/search.html?q=q
NOTIC: 建议使用I方法替代_get

[ 2015-04-25T13:46:03+08:00 ] 127.0.0.1 /SortSearch/search.html?q=q
NOTIC: 建议使用I方法替代_get

[ 2015-04-25T13:46:30+08:00 ] 127.0.0.1 /SortSearch/search.html?q=q
NOTIC: 建议使用I方法替代_get

[ 2015-04-25T13:47:14+08:00 ] 127.0.0.1 /SortSearch/search.html?q=q
NOTIC: 建议使用I方法替代_get

[ 2015-04-25T14:20:44+08:00 ] 127.0.0.1 /SortSearch/search.html?q=q
NOTIC: 建议使用I方法替代_get

[ 2015-04-25T14:27:02+08:00 ] 127.0.0.1 /SortSearch/search.html?q=q
NOTIC: 建议使用I方法替代_get

[ 2015-04-25T14:27:54+08:00 ] 127.0.0.1 /SortSearch/search.html?q=q
NOTIC: 建议使用I方法替代_get

[ 2015-04-25T14:28:16+08:00 ] 127.0.0.1 /SortSearch/search.html?q=q
NOTIC: 建议使用I方法替代_get

[ 2015-04-25T14:29:04+08:00 ] 127.0.0.1 /SortSearch/search.html?q=q
NOTIC: 建议使用I方法替代_get

[ 2015-04-25T14:30:00+08:00 ] 127.0.0.1 /SortSearch/search.html?q=q
NOTIC: 建议使用I方法替代_get

[ 2015-04-25T14:30:10+08:00 ] 127.0.0.1 /SortSearch/search.html?q=q
NOTIC: 建议使用I方法替代_get

[ 2015-04-25T14:30:25+08:00 ] 127.0.0.1 /SortSearch/search.html?q=q
NOTIC: 建议使用I方法替代_get

[ 2015-04-25T15:45:00+08:00 ] 127.0.0.1 /
NOTIC: 建议使用I方法替代_get

[ 2015-04-25T15:58:55+08:00 ] 127.0.0.1 /SortSearch/search.html?q=q
NOTIC: 建议使用I方法替代_get

[ 2015-04-25T15:59:09+08:00 ] 127.0.0.1 /SortSearch/search.html?q=q
NOTIC: 建议使用I方法替代_get

[ 2015-04-25T16:00:04+08:00 ] 127.0.0.1 /SortSearch/search.html?q=q&address=5
NOTIC: 建议使用I方法替代_get
NOTIC: 建议使用I方法替代_get

[ 2015-04-25T16:00:07+08:00 ] 127.0.0.1 /SortSearch/search.html?q=q&address=4
NOTIC: 建议使用I方法替代_get
NOTIC: 建议使用I方法替代_get

[ 2015-04-25T17:25:12+08:00 ] 127.0.0.1 /SortSearch/search.html?q=q&address=4
NOTIC: 建议使用I方法替代_get
NOTIC: 建议使用I方法替代_get

[ 2015-04-25T18:17:14+08:00 ] 127.0.0.1 /SortSearch/search.html?q=q&address=4
NOTIC: 建议使用I方法替代_get
NOTIC: 建议使用I方法替代_get

[ 2015-04-25T18:17:46+08:00 ] 127.0.0.1 /SortSearch/search.html?q=q&address=4
NOTIC: 建议使用I方法替代_get
NOTIC: 建议使用I方法替代_get

[ 2015-04-25T20:13:27+08:00 ] 127.0.0.1 /
NOTIC: 建议使用I方法替代_get

[ 2015-04-25T20:13:30+08:00 ] 127.0.0.1 /SortSearch/search.html?q=q
NOTIC: 建议使用I方法替代_get

[ 2015-04-25T20:15:32+08:00 ] 127.0.0.1 /SortSearch/search.html?q=q
NOTIC: 建议使用I方法替代_get

[ 2015-04-25T20:16:04+08:00 ] 127.0.0.1 /SortSearch/search.html?q=q
NOTIC: 建议使用I方法替代_get

[ 2015-04-25T20:17:58+08:00 ] 127.0.0.1 /SortSearch/&wage=100:200
ERR: 非法操作:&wage=100:200

[ 2015-04-25T20:18:11+08:00 ] 127.0.0.1 /SortSearch/search.html?q=q
NOTIC: 建议使用I方法替代_get

[ 2015-04-25T20:24:10+08:00 ] 127.0.0.1 /SortSearch/search.html?q=q
NOTIC: 建议使用I方法替代_get

[ 2015-04-25T20:25:58+08:00 ] 127.0.0.1 /SortSearch/search.html?q=q
NOTIC: 建议使用I方法替代_get

[ 2015-04-25T20:26:25+08:00 ] 127.0.0.1 /SortSearch/search.html?q=q&style=4
NOTIC: 建议使用I方法替代_get
NOTIC: 建议使用I方法替代_get

[ 2015-04-25T20:27:39+08:00 ] 127.0.0.1 /SortSearch/search.html?q=q&style=4
NOTIC: 建议使用I方法替代_get
NOTIC: 建议使用I方法替代_get

[ 2015-04-25T20:28:09+08:00 ] 127.0.0.1 /SortSearch/search.html?q=q&style=4
NOTIC: 建议使用I方法替代_get
NOTIC: 建议使用I方法替代_get

[ 2015-04-25T20:28:19+08:00 ] 127.0.0.1 /SortSearch/search.html?q=q&style=4
NOTIC: 建议使用I方法替代_get
NOTIC: 建议使用I方法替代_get

[ 2015-04-25T20:30:18+08:00 ] 127.0.0.1 /SortSearch/search.html?q=q&style=4
NOTIC: 建议使用I方法替代_get
NOTIC: 建议使用I方法替代_get

[ 2015-04-25T20:31:59+08:00 ] 127.0.0.1 /SortSearch/search.html?q=q&style=4
NOTIC: 建议使用I方法替代_get
NOTIC: 建议使用I方法替代_get

[ 2015-04-25T20:32:52+08:00 ] 127.0.0.1 /SortSearch/search.html?q=q&style=4
NOTIC: 建议使用I方法替代_get
NOTIC: 建议使用I方法替代_get

[ 2015-04-25T20:33:15+08:00 ] 127.0.0.1 /SortSearch/search.html?q=q&style=4
NOTIC: 建议使用I方法替代_get
NOTIC: 建议使用I方法替代_get

[ 2015-04-25T20:33:59+08:00 ] 127.0.0.1 /SortSearch/search.html?q=q&style=4
NOTIC: 建议使用I方法替代_get
NOTIC: 建议使用I方法替代_get

[ 2015-04-25T20:34:09+08:00 ] 127.0.0.1 /SortSearch/search.html?q=q&style=4&address=5
NOTIC: 建议使用I方法替代_get
NOTIC: 建议使用I方法替代_get
NOTIC: 建议使用I方法替代_get

[ 2015-04-25T20:34:13+08:00 ] 127.0.0.1 /SortSearch/search.html?q=q&style=4&address=5&peonum=30:max
NOTIC: 建议使用I方法替代_get
NOTIC: 建议使用I方法替代_get
NOTIC: 建议使用I方法替代_get
NOTIC: 建议使用I方法替代_get

[ 2015-04-25T20:34:15+08:00 ] 127.0.0.1 /SortSearch/search.html?q=q&style=4&address=5&peonum=30:max&time=15:18
NOTIC: 建议使用I方法替代_get
NOTIC: 建议使用I方法替代_get
NOTIC: 建议使用I方法替代_get
NOTIC: 建议使用I方法替代_get
NOTIC: 建议使用I方法替代_get

[ 2015-04-25T20:34:17+08:00 ] 127.0.0.1 /SortSearch/search.html?q=q&style=4&address=5&peonum=30:max&time=22:6
NOTIC: 建议使用I方法替代_get
NOTIC: 建议使用I方法替代_get
NOTIC: 建议使用I方法替代_get
NOTIC: 建议使用I方法替代_get
NOTIC: 建议使用I方法替代_get

[ 2015-04-25T20:34:18+08:00 ] 127.0.0.1 /SortSearch/search.html?q=q&style=4&address=5&peonum=30:max&time=18:22
NOTIC: 建议使用I方法替代_get
NOTIC: 建议使用I方法替代_get
NOTIC: 建议使用I方法替代_get
NOTIC: 建议使用I方法替代_get
NOTIC: 建议使用I方法替代_get

[ 2015-04-25T20:34:20+08:00 ] 127.0.0.1 /SortSearch/search.html?q=q&style=4&address=5&time=18:22&peonum=30:max
NOTIC: 建议使用I方法替代_get
NOTIC: 建议使用I方法替代_get
NOTIC: 建议使用I方法替代_get
NOTIC: 建议使用I方法替代_get
NOTIC: 建议使用I方法替代_get

[ 2015-04-25T20:34:24+08:00 ] 127.0.0.1 /SortSearch/search.html?q=q&style=4&address=5&time=18:22&peonum=1:2
NOTIC: 建议使用I方法替代_get
NOTIC: 建议使用I方法替代_get
NOTIC: 建议使用I方法替代_get
NOTIC: 建议使用I方法替代_get
NOTIC: 建议使用I方法替代_get

[ 2015-04-25T20:34:28+08:00 ] 127.0.0.1 /SortSearch/search.html?q=q&style=4&address=5&peonum=1:2&time=22:6
NOTIC: 建议使用I方法替代_get
NOTIC: 建议使用I方法替代_get
NOTIC: 建议使用I方法替代_get
NOTIC: 建议使用I方法替代_get
NOTIC: 建议使用I方法替代_get

[ 2015-04-25T20:34:30+08:00 ] 127.0.0.1 /SortSearch/search.html?q=q&style=4&address=5&peonum=1:2&time=22:6&wt=6:max
NOTIC: 建议使用I方法替代_get
NOTIC: 建议使用I方法替代_get
NOTIC: 建议使用I方法替代_get
NOTIC: 建议使用I方法替代_get
NOTIC: 建议使用I方法替代_get
NOTIC: 建议使用I方法替代_get

[ 2015-04-25T20:34:32+08:00 ] 127.0.0.1 /SortSearch/search.html?q=q&style=4&address=5&peonum=1:2&time=22:6&wt=min:1
NOTIC: 建议使用I方法替代_get
NOTIC: 建议使用I方法替代_get
NOTIC: 建议使用I方法替代_get
NOTIC: 建议使用I方法替代_get
NOTIC: 建议使用I方法替代_get
NOTIC: 建议使用I方法替代_get

[ 2015-04-25T20:34:36+08:00 ] 127.0.0.1 /SortSearch/search.html?q=q&wt=min:1&style=1
NOTIC: 建议使用I方法替代_get
NOTIC: 建议使用I方法替代_get
NOTIC: 建议使用I方法替代_get

[ 2015-04-25T20:42:56+08:00 ] 127.0.0.1 /SortSearch/search.html?q=q&style=4&address=5&peonum=1:2&time=22:6&wt=min:1
NOTIC: 建议使用I方法替代_get
NOTIC: 建议使用I方法替代_get
NOTIC: 建议使用I方法替代_get
NOTIC: 建议使用I方法替代_get
NOTIC: 建议使用I方法替代_get
NOTIC: 建议使用I方法替代_get

[ 2015-04-25T20:43:59+08:00 ] 127.0.0.1 /SortSearch/search.html?q=q&address=5&peonum=1:2&time=22:6&wt=min:1&style=3
NOTIC: 建议使用I方法替代_get
NOTIC: 建议使用I方法替代_get
NOTIC: 建议使用I方法替代_get
NOTIC: 建议使用I方法替代_get
NOTIC: 建议使用I方法替代_get
NOTIC: 建议使用I方法替代_get

[ 2015-04-25T20:44:10+08:00 ] 127.0.0.1 /SortSearch/search.html?q=q&address=5&peonum=1:2&time=22:6&wt=min:1&style=11
NOTIC: 建议使用I方法替代_get
NOTIC: 建议使用I方法替代_get
NOTIC: 建议使用I方法替代_get
NOTIC: 建议使用I方法替代_get
NOTIC: 建议使用I方法替代_get
NOTIC: 建议使用I方法替代_get

[ 2015-04-25T20:44:25+08:00 ] 127.0.0.1 /SortSearch/search.html?q=q&address=5&peonum=1:2&time=22:6&wt=min:1&style=1
NOTIC: 建议使用I方法替代_get
NOTIC: 建议使用I方法替代_get
NOTIC: 建议使用I方法替代_get
NOTIC: 建议使用I方法替代_get
NOTIC: 建议使用I方法替代_get
NOTIC: 建议使用I方法替代_get

[ 2015-04-25T20:44:27+08:00 ] 127.0.0.1 /SortSearch/search.html?q=q&address=5&peonum=1:2&wt=min:1&style=1&time=15:18
NOTIC: 建议使用I方法替代_get
NOTIC: 建议使用I方法替代_get
NOTIC: 建议使用I方法替代_get
NOTIC: 建议使用I方法替代_get
NOTIC: 建议使用I方法替代_get
NOTIC: 建议使用I方法替代_get

[ 2015-04-25T20:44:30+08:00 ] 127.0.0.1 /SortSearch/search.html?q=q&address=5&peonum=1:2&wt=min:1&style=1&time=18:22
NOTIC: 建议使用I方法替代_get
NOTIC: 建议使用I方法替代_get
NOTIC: 建议使用I方法替代_get
NOTIC: 建议使用I方法替代_get
NOTIC: 建议使用I方法替代_get
NOTIC: 建议使用I方法替代_get

[ 2015-04-25T20:44:32+08:00 ] 127.0.0.1 /SortSearch/search.html?q=q&address=5&peonum=1:2&wt=min:1&style=1&time=22:6
NOTIC: 建议使用I方法替代_get
NOTIC: 建议使用I方法替代_get
NOTIC: 建议使用I方法替代_get
NOTIC: 建议使用I方法替代_get
NOTIC: 建议使用I方法替代_get
NOTIC: 建议使用I方法替代_get

[ 2015-04-25T20:44:34+08:00 ] 127.0.0.1 /SortSearch/search.html?q=q&address=5&peonum=1:2&wt=min:1&style=1&time=22:6
NOTIC: 建议使用I方法替代_get
NOTIC: 建议使用I方法替代_get
NOTIC: 建议使用I方法替代_get
NOTIC: 建议使用I方法替代_get
NOTIC: 建议使用I方法替代_get
NOTIC: 建议使用I方法替代_get

[ 2015-04-25T20:44:35+08:00 ] 127.0.0.1 /SortSearch/search.html?q=q&address=5&peonum=1:2&wt=min:1&style=1&time=18:22
NOTIC: 建议使用I方法替代_get
NOTIC: 建议使用I方法替代_get
NOTIC: 建议使用I方法替代_get
NOTIC: 建议使用I方法替代_get
NOTIC: 建议使用I方法替代_get
NOTIC: 建议使用I方法替代_get

[ 2015-04-25T20:44:36+08:00 ] 127.0.0.1 /SortSearch/search.html?q=q&address=5&peonum=1:2&wt=min:1&style=1&time=15:18
NOTIC: 建议使用I方法替代_get
NOTIC: 建议使用I方法替代_get
NOTIC: 建议使用I方法替代_get
NOTIC: 建议使用I方法替代_get
NOTIC: 建议使用I方法替代_get
NOTIC: 建议使用I方法替代_get

[ 2015-04-25T20:44:38+08:00 ] 127.0.0.1 /SortSearch/search.html?q=q&address=5&peonum=1:2&style=1&time=15:18&wt=min:1
NOTIC: 建议使用I方法替代_get
NOTIC: 建议使用I方法替代_get
NOTIC: 建议使用I方法替代_get
NOTIC: 建议使用I方法替代_get
NOTIC: 建议使用I方法替代_get
NOTIC: 建议使用I方法替代_get

[ 2015-04-25T21:06:29+08:00 ] 127.0.0.1 /SortSearch/search.html?q=q&address=5&peonum=1:2&style=1&time=15:18&wt=min:1
NOTIC: 建议使用I方法替代_get
NOTIC: 建议使用I方法替代_get
NOTIC: 建议使用I方法替代_get
NOTIC: 建议使用I方法替代_get
NOTIC: 建议使用I方法替代_get
NOTIC: 建议使用I方法替代_get

[ 2015-04-25T21:08:09+08:00 ] 127.0.0.1 /SortSearch/search.html?q=q&address=5&peonum=1:2&style=1&time=15:18&wt=min:1
NOTIC: 建议使用I方法替代_get
NOTIC: 建议使用I方法替代_get
NOTIC: 建议使用I方法替代_get
NOTIC: 建议使用I方法替代_get
NOTIC: 建议使用I方法替代_get
NOTIC: 建议使用I方法替代_get

[ 2015-04-25T21:38:49+08:00 ] 127.0.0.1 /SortSearch/search.html?q=q&address=5&peonum=1:2&style=1&time=15:18&wt=min:1
NOTIC: 建议使用I方法替代_get
NOTIC: 建议使用I方法替代_get
NOTIC: 建议使用I方法替代_get
NOTIC: 建议使用I方法替代_get
NOTIC: 建议使用I方法替代_get
NOTIC: 建议使用I方法替代_get

[ 2015-04-25T21:39:28+08:00 ] 127.0.0.1 /SortSearch/search.html?q=q&address=5&peonum=1:2&style=1&time=15:18&wt=min:1
NOTIC: 建议使用I方法替代_get
NOTIC: 建议使用I方法替代_get
NOTIC: 建议使用I方法替代_get
NOTIC: 建议使用I方法替代_get
NOTIC: 建议使用I方法替代_get
NOTIC: 建议使用I方法替代_get

[ 2015-04-25T21:40:40+08:00 ] 127.0.0.1 /SortSearch/search.html?q=q&address=5&peonum=1:2&style=1&time=15:18&wt=min:1
NOTIC: 建议使用I方法替代_get
NOTIC: 建议使用I方法替代_get
NOTIC: 建议使用I方法替代_get
NOTIC: 建议使用I方法替代_get
NOTIC: 建议使用I方法替代_get
NOTIC: 建议使用I方法替代_get

[ 2015-04-25T21:44:00+08:00 ] 127.0.0.1 /SortSearch/search.html?q=q&address=5&peonum=1:2&style=1&time=15:18&wt=min:1
NOTIC: 建议使用I方法替代_get
NOTIC: 建议使用I方法替代_get
NOTIC: 建议使用I方法替代_get
NOTIC: 建议使用I方法替代_get
NOTIC: 建议使用I方法替代_get
NOTIC: 建议使用I方法替代_get

[ 2015-04-25T21:46:38+08:00 ] 127.0.0.1 /SortSearch/search.html?q=q&address=5&peonum=1:2&style=1&time=15:18&wt=min:1
NOTIC: 建议使用I方法替代_get
NOTIC: 建议使用I方法替代_get
NOTIC: 建议使用I方法替代_get
NOTIC: 建议使用I方法替代_get
NOTIC: 建议使用I方法替代_get
NOTIC: 建议使用I方法替代_get

[ 2015-04-25T21:55:45+08:00 ] 127.0.0.1 /SortSearch/search.html?q=q&address=5&peonum=1:2&style=1&time=15:18&wt=min:1
NOTIC: 建议使用I方法替代_get
NOTIC: 建议使用I方法替代_get
NOTIC: 建议使用I方法替代_get
NOTIC: 建议使用I方法替代_get
NOTIC: 建议使用I方法替代_get
NOTIC: 建议使用I方法替代_get

[ 2015-04-25T22:25:09+08:00 ] 127.0.0.1 /SortSearch/search.html?q=q&address=5&peonum=1:2&style=1&time=15:18&wt=6:max
NOTIC: 建议使用I方法替代_get
NOTIC: 建议使用I方法替代_get
NOTIC: 建议使用I方法替代_get
NOTIC: 建议使用I方法替代_get
NOTIC: 建议使用I方法替代_get
NOTIC: 建议使用I方法替代_get

